33.330000
166.638000
199.963000
233.293000
266.617000
299.947000
333.272000
366.601000
399.927000
433.256000
466.581000
499.910000
533.236000
566.565000
599.890000
633.220000
666.545000
699.874000
733.199000
766.529000
799.854000
833.184000
866.509000
899.837000
933.163000
966.492000
999.818000
1033.148000
1066.472000
1099.800000
1133.127000
1166.454000
1199.782000
1233.109000
1266.436000
1299.763000
1333.091000
1366.418000
1399.745000
1433.073000
1466.400000
1499.727000
1533.054000
1566.381000
1599.709000
1633.036000
1666.363000
1699.691000
1733.018000
1766.345000
1799.673000
1833.000000
1866.327000
1899.655000
1932.982000
1966.309000
1999.637000
2032.964000
2066.291000
2099.618000
2132.946000
2166.273000
2199.600000
2232.928000
2266.255000
2299.582000
2332.910000
2366.237000
2399.565000
2432.891000
2466.219000
2499.546000
2532.874000
2566.200000
2599.528000
2632.855000
2666.183000
2699.510000
2732.838000
2766.164000
2799.492000
2832.819000
2866.147000
2899.473000
2932.804000
2966.128000
2999.456000
3032.782000
3066.111000
3099.437000
3132.766000
3166.091000
3199.421000
3232.753000
3266.076000
3299.401000
3332.730000
3366.056000
3399.384000
3432.710000
5432.348000
5532.329000
5565.657000
5598.984000
5632.312000
5665.638000
5698.967000
5732.293000
5765.622000
5798.947000
5832.276000
5865.602000
5898.931000
5932.256000
5965.585000
5998.911000
6032.241000
6065.566000
6098.895000
6132.220000
6165.549000
6198.875000
6232.204000
6265.529000
6298.859000
6332.184000
6365.514000
6398.838000
6432.168000
6465.493000
6498.822000
6532.148000
6565.477000
6598.802000
6632.132000
6665.457000
6698.786000
6732.111000
6765.441000
6798.766000
6832.095000
6865.421000
6898.748000
6932.075000
6965.402000
6998.730000
7032.057000
7065.384000
7098.711000
7132.039000
7165.366000
7198.693000
7232.021000
7265.348000
7298.675000
7332.002000
7365.332000
7398.657000
7431.985000
7465.312000
7498.639000
7531.966000
7565.293000
7598.627000
7631.948000
7665.275000
7698.602000
7731.930000
7765.257000
7798.585000
7831.912000
7865.245000
7898.566000
7931.893000
7965.221000
7998.548000
8031.876000
8065.203000
8098.530000
8131.857000
8165.184000
8198.512000
8231.839000
8265.166000
8298.494000
8331.821000
8365.148000
8398.476000
8431.803000
8465.130000
8498.457000
8531.785000
8565.112000
8598.440000
8631.767000
8665.094000
8698.422000
8731.749000
8765.076000
8798.404000
8831.730000
8898.385000
8931.714000
8965.039000
8998.368000
9031.695000
9065.022000
9098.349000
9131.677000
9165.003000
9198.332000
9231.658000
9264.986000
9298.312000
9331.641000
9364.967000
9398.297000
9431.622000
9464.950000
9498.276000
9531.605000
9564.931000
9598.260000
9631.585000
9664.915000
9698.240000
9731.569000
9764.894000
9798.224000
9831.549000
9864.878000
9898.203000
9931.533000
9964.858000
9998.188000
10031.513000
10064.842000
10098.167000
10131.496000
10164.822000
10198.152000
10231.477000
10264.806000
10298.131000
10331.460000
10364.786000
10398.114000
10431.440000
10464.768000
10498.095000
10531.424000
10564.749000
10598.079000
10631.404000
10664.731000
10698.058000
10731.386000
10764.713000
10798.040000
10831.368000
10864.695000
10898.022000
10931.349000
10964.677000
10998.004000
11031.332000
11064.659000
11097.986000
11131.313000
11164.640000
11197.968000
11231.295000
11264.622000
11297.949000
11331.277000
11364.604000
11397.931000
11431.259000
11464.586000
11497.913000
11531.241000
11564.568000
11597.895000
11631.222000
11664.549000
11697.877000
11731.204000
11764.531000
11797.859000
11831.187000
11864.514000
11897.841000
11931.168000
11964.496000
11997.823000
12031.151000
12064.477000
12097.805000
12131.132000
12164.460000
12197.786000
12264.441000
12297.771000
12331.095000
12364.424000
12397.750000
12431.079000
12464.404000
12497.734000
12531.059000
12564.388000
12597.714000
12631.043000
12664.368000
12697.698000
12731.023000
12764.352000
12797.677000
12831.007000
12864.332000
12897.661000
12930.986000
12964.316000
12997.641000
13030.971000
13064.296000
13097.625000
13130.950000
13164.279000
13197.605000
13230.934000
13264.260000
13297.589000
13330.914000
13364.243000
13397.568000
13430.898000
13464.223000
13497.552000
13530.878000
13564.207000
13597.532000
13630.862000
13664.187000
13697.514000
13730.841000
13764.169000
13797.496000
13830.823000
13864.151000
13897.478000
13930.805000
13964.132000
13997.460000
14030.787000
14064.114000
14097.442000
14130.769000
14164.096000
14197.423000
14230.751000
14264.078000
14297.405000
14330.732000
14364.060000
14397.387000
14430.715000
14464.042000
14497.369000
14530.696000
14564.023000
14597.351000
14630.678000
14664.005000
14697.333000
14730.660000
14763.987000
14797.314000
14830.642000
14863.970000
14897.296000
14930.624000
14963.951000
14997.279000
15030.606000
15063.933000
15097.260000
15130.588000
15163.915000
15197.243000
15230.569000
15263.898000
15297.224000
15330.552000
15363.878000
15397.206000
15430.533000
15463.861000
15497.187000
15530.517000
15563.842000
15630.497000
15663.826000
15697.151000
15730.480000
15763.806000
15797.135000
15830.461000
15863.790000
15897.115000
15930.444000
15963.769000
15997.099000
16030.425000
16063.753000
16097.079000
16130.408000
16163.733000
16197.063000
16230.388000
16263.717000
16297.042000
16330.371000
16363.697000
16397.026000
16430.352000
16463.681000
16497.006000
16530.336000
16563.660000
16596.990000
16630.315000
16663.643000
16696.970000
16730.298000
16763.624000
16796.953000
16830.279000
16863.606000
16896.933000
16930.261000
16963.588000
16996.915000
17030.244000
17063.570000
17096.897000
17130.225000
17163.551000
17196.879000
17230.206000
17263.534000
17296.861000
17330.188000
17363.515000
17396.843000
17430.170000
17463.497000
17496.825000
17530.152000
17563.479000
17596.807000
17630.134000
17663.461000
17696.789000
17730.115000
17763.443000
17796.770000
17830.098000
17863.425000
17896.752000
17930.079000
17963.406000
17996.734000
18030.062000
18063.388000
18096.717000
18130.043000
18163.371000
18196.698000
18230.026000
18263.352000
18296.680000
18330.007000
18363.335000
18396.661000
18429.989000
20996.191000
21029.518000
21062.845000
21096.171000
21129.500000
21162.826000
21196.154000
21229.481000
21262.809000
21296.135000
21329.463000
21362.790000
21396.118000
21429.444000
21462.772000
21529.427000
21562.754000
21596.083000
21629.408000
21662.737000
21696.063000
21729.391000
21762.717000
21796.047000
21829.372000
21862.702000
21896.026000
21929.355000
21962.681000
21996.010000
22029.336000
22062.665000
22095.990000
22129.319000
22162.644000
22195.975000
22229.299000
22262.629000
22295.954000
22329.283000
22362.609000
22395.938000
22429.263000
22462.592000
22495.917000
22529.247000
22562.572000
22595.902000
22629.226000
22662.556000
22695.881000
22729.210000
22762.536000
22795.864000
22829.190000
22862.520000
22895.845000
22929.173000
22962.499000
22995.828000
23029.154000
23062.481000
23095.808000
23129.135000
23162.463000
23195.790000
23229.118000
23262.445000
23295.772000
23329.099000
23362.427000
23395.754000
23429.082000
23462.409000
23495.736000
23529.063000
23562.390000
23595.717000
23629.045000
23662.372000
23695.699000
23729.027000
23762.354000
23795.681000
23829.009000
23862.336000
23895.663000
23928.990000
23962.318000
23995.645000
24028.973000
24062.299000
24095.627000
24128.954000
24162.282000
24195.609000
24228.937000
24262.263000
24295.591000
24328.918000
24362.246000
24395.572000
24428.901000
24462.227000
24495.555000
24528.882000
24562.210000
24595.536000
24628.865000
24662.191000
24695.519000
24728.845000
24762.174000
24795.500000
24828.829000
24895.483000
24928.809000
24962.138000
24995.463000
25028.793000
25062.118000
25095.447000
25128.773000
25162.103000
25195.427000
25228.757000
25262.082000
25295.411000
25328.736000
25362.066000
25395.391000
25428.721000
25462.046000
25495.375000
25528.700000
25562.029000
25595.355000
25628.684000
25662.009000
25695.339000
25728.664000
25761.993000
25795.318000
25828.647000
25861.973000
25895.301000
25928.627000
25961.955000
25995.282000
26028.612000
26061.937000
26095.264000
26128.591000
26161.918000
26195.246000
26228.573000
26261.900000
26295.227000
26328.555000
26361.886000
26395.210000
26428.537000
26461.864000
26495.191000
26528.519000
26561.846000
26595.173000
26628.501000
26661.828000
26695.155000
26728.482000
26761.809000
26795.137000
26828.464000
26861.791000
26895.119000
26928.446000
26961.773000
26995.101000
27028.429000
27061.769000
27095.082000
27128.410000
27161.737000
27195.064000
27228.392000
27261.719000
27295.046000
27328.374000
27361.701000
27395.029000
27428.355000
27461.683000
27495.010000
27528.339000
27561.664000
27594.993000
27628.319000
27661.648000
27694.974000
27728.302000
27761.628000
27794.957000
27828.283000
27861.612000
27894.937000
27928.266000
27961.592000
27994.921000
28028.247000
28061.576000
28094.901000
28128.230000
28161.555000
28194.885000
28261.539000
28294.865000
28328.194000
28361.519000
28394.849000
28428.174000
28561.483000
28594.812000
28628.137000
28661.466000
28694.792000
28728.121000
28761.446000
28794.775000
28828.101000
28861.430000
28894.755000
28928.084000
28961.410000
28994.739000
29028.066000
29061.393000
29094.719000
29128.047000
29161.374000
29194.701000
29228.028000
29261.356000
29294.683000
29328.010000
29361.337000
29394.665000
29427.992000
29461.319000
29494.647000
29527.974000
29561.301000
29594.628000
29627.956000
29661.283000
29694.611000
29727.938000
29761.265000
29794.592000
29827.920000
29861.247000
29894.574000
29927.901000
29961.229000
29994.556000
30027.885000
30061.211000
30094.538000
30127.865000
30161.193000
30194.520000
30227.847000
30261.174000
30294.502000
30327.829000
30361.157000
30394.483000
30427.812000
30461.138000
30494.466000
30527.792000
30561.121000
30594.447000
30627.776000
30661.101000
30694.430000
30727.756000
30761.084000
30794.411000
30827.740000
30861.065000
30894.394000
30927.720000
30961.049000
30994.374000
31027.705000
31061.029000
31094.358000
31127.684000
31161.013000
31194.338000
31227.668000
31260.993000
31294.322000
31327.647000
31360.977000
31394.302000
31427.632000
31460.956000
31494.286000
31527.611000
31560.940000
31594.265000
31627.595000
31660.920000
31727.574000
31760.904000
31794.229000
31827.558000
31860.891000
31894.212000
31927.538000
31960.866000
31994.193000
32027.523000
32060.848000
32094.175000
32127.502000
32160.829000
32194.157000
32227.487000
32260.811000
32294.139000
32327.466000
32360.793000
32394.120000
32427.448000
32460.775000
32494.102000
32527.429000
32560.757000
32594.084000
32627.411000
32660.738000
32694.066000
32727.393000
32760.720000
32794.048000
32827.375000
32860.702000
32894.029000
32927.357000
32960.684000
32994.011000
33027.339000
33060.666000
33093.993000
33127.320000
33160.648000
33193.975000
33227.302000
33260.630000
33293.957000
33327.285000
33360.611000
33393.939000
33427.266000
33460.594000
33493.920000
33527.249000
33560.575000
33593.904000
33627.230000
33660.558000
33693.884000
33727.213000
33760.539000
33793.868000
33827.193000
33860.522000
33893.848000
33927.177000
33960.502000
33993.831000
34027.158000
34060.486000
34093.811000
34127.141000
34160.466000
34193.795000
34227.121000
34260.450000
34293.775000
34327.105000
34360.430000
34393.759000
34427.085000
34460.414000
34493.739000
34527.068000
34560.393000
34593.723000
34627.048000
34660.377000
34693.703000
34727.031000
34760.357000
34793.686000
34827.012000
34860.341000
34893.666000
34926.995000
34960.321000
34993.650000
35026.976000
35126.957000
35160.285000
35193.612000
35226.939000
35260.266000
35293.594000
35326.921000
35360.248000
35393.576000
35426.903000
35460.235000
35493.557000
35526.885000
35560.212000
35593.539000
35626.867000
35660.194000
35693.521000
35726.848000
35760.176000
35793.503000
35826.830000
35860.157000
35893.485000
35926.812000
35960.139000
35993.467000
36026.795000
36060.121000
36093.449000
36126.776000
36160.103000
36193.430000
36226.758000
36260.085000
36293.413000
36326.739000
36360.068000
36393.394000
36426.722000
36460.048000
36493.377000
36526.703000
36560.031000
36593.358000
36626.686000
36660.012000
36693.341000
36726.667000
36759.995000
36793.321000
36826.651000
36859.976000
36893.306000
36926.631000
36959.960000
36993.285000
37026.616000
37059.939000
37093.270000
37126.594000
37159.924000
37193.249000
37226.579000
37259.903000
37293.233000
37326.558000
37359.888000
37393.213000
37426.542000
37459.867000
37493.197000
37526.522000
37559.851000
37593.176000
37626.506000
37659.831000
37693.161000
37726.485000
37759.815000
37793.140000
37826.469000
37859.795000
37893.124000
37926.449000
37959.776000
37993.104000
38026.433000
38059.758000
38093.085000
38126.413000
38159.740000
38193.067000
38226.395000
38259.722000
38293.049000
38326.376000
38359.703000
38393.031000
38426.358000
38526.341000
38559.668000
38592.995000
38626.322000
38659.650000
38692.977000
38726.304000
38759.631000
38792.959000
38826.286000
38859.614000
38892.940000
38926.268000
38959.595000
38992.923000
39026.250000
39059.578000
39092.904000
39126.232000
39159.558000
39192.887000
39226.213000
39259.541000
39292.868000
39326.196000
39359.522000
39392.851000
39426.177000
39459.505000
39492.831000
39526.160000
39559.486000
39592.814000
39626.141000
39659.469000
39692.795000
39726.124000
39759.449000
39792.777000
39826.104000
39859.432000
39892.759000
39926.086000
39959.413000
39992.741000
40026.068000
40059.395000
40092.722000
40126.049000
40159.377000
40192.704000
40226.032000
40259.359000
40292.687000
40326.015000
40359.340000
40392.670000
40425.995000
40459.324000
40492.649000
40525.979000
40559.304000
40592.634000
40625.959000
40659.288000
40692.613000
40725.942000
40759.268000
40792.596000
40825.923000
40859.251000
40892.577000
40925.904000
40959.231000
40992.559000
41025.886000
41059.213000
41092.541000
41125.868000
41159.195000
41192.523000
41225.850000
41259.177000
41292.504000
41325.832000
41359.159000
41392.486000
41425.814000
41459.141000
41492.468000
41525.795000
41559.122000
41592.450000
41625.777000
41659.104000
41692.432000
41725.759000
41759.086000
41792.413000
41825.741000
41892.396000
41925.723000
41959.050000
41992.377000
42025.706000
42059.032000
42092.359000
42125.686000
42159.015000
42192.341000
42225.669000
42258.995000
42292.323000
42325.650000
42358.979000
42392.304000
42425.633000
42458.959000
42492.287000
42525.614000
42558.942000
42592.268000
42625.598000
42658.923000
42692.252000
42725.577000
42758.906000
42792.232000
42825.561000
42858.887000
42892.216000
42925.541000
42958.870000
42992.196000
43025.526000
43058.850000
43092.179000
43125.505000
43158.834000
43192.159000
43225.489000
43258.814000
43292.143000
43325.468000
43358.798000
43392.123000
43425.453000
43458.778000
43492.106000
43525.432000
43558.761000
43592.086000
43625.415000
43658.741000
43692.071000
43725.396000
43758.723000
43792.050000
43825.380000
43858.705000
43892.032000
43925.359000
43958.687000
43992.014000
44025.343000
44058.668000
44091.996000
44125.323000
44158.650000
44191.978000
44225.305000
44258.632000
44291.960000
44325.287000
44358.614000
44391.941000
44425.269000
44458.596000
44491.923000
44525.250000
44558.578000
44591.906000
44625.232000
44658.559000
44691.887000
44725.214000
44758.541000
44791.869000
44825.196000
44858.524000
44891.850000
44925.178000
44958.505000
44991.833000
45025.160000
45058.488000
45091.814000
45125.142000
45158.469000
45191.797000
45258.452000
45291.778000
45325.106000
45358.432000
45391.761000
45425.087000
45458.416000
45491.741000
45525.071000
45558.396000
45591.725000
45625.051000
45658.380000
45691.705000
45725.035000
45758.360000
45791.689000
45825.015000
45858.344000
45891.669000
45924.998000
45958.323000
45991.653000
46024.978000
46058.307000
46091.633000
46124.962000
46158.287000
46191.616000
46224.942000
46258.271000
46291.596000
46324.925000
46358.251000
46391.580000
46424.906000
46458.235000
46491.560000
46524.888000
46558.214000
46591.542000
46624.869000
46658.198000
46691.524000
46724.851000
46758.178000
46791.505000
46824.833000
46858.160000
46891.487000
46924.815000
46958.142000
46991.469000
47024.797000
47058.124000
47091.451000
47124.778000
47158.106000
47191.433000
47224.760000
47258.088000
47291.415000
47324.742000
47358.069000
47391.397000
47424.724000
47458.051000
47491.378000
47524.706000
47558.033000
47591.360000
47624.688000
47658.015000
47691.343000
47724.669000
47757.997000
47791.324000
47824.652000
47857.978000
47891.306000
47924.633000
47957.961000
47991.288000
48024.616000
48057.942000
48091.270000
48124.597000
48157.925000
48191.251000
48224.580000
48257.906000
48291.235000
48324.560000
48357.889000
48391.215000
48424.544000
48457.870000
48491.199000
48524.524000
48557.854000
48657.833000
48691.163000
48724.488000
48757.817000
48791.142000
48824.472000
48857.797000
48891.126000
48924.451000
48957.781000
48991.106000
49024.436000
49057.761000
49091.090000
49124.418000
49157.745000
49191.070000
49224.399000
49257.724000
49291.054000
49324.379000
49357.707000
49391.033000
49424.361000
49457.688000
49491.016000
49524.342000
49557.670000
49590.997000
49624.324000
49657.651000
49690.979000
49724.307000
49757.633000
49790.961000
49824.288000
49857.615000
49890.942000
49924.270000
49957.597000
49990.924000
50024.252000
50057.579000
50090.907000
50124.234000
50157.561000
50190.888000
50224.215000
50257.542000
50290.870000
50324.197000
50357.524000
50390.852000
50424.179000
50457.506000
50490.833000
50524.161000
50557.488000
50590.816000
50624.143000
50657.470000
50690.797000
50724.125000
50757.452000
50790.780000
50824.107000
50857.435000
50890.761000
50924.089000
50957.415000
50990.743000
51024.071000
51057.398000
51090.724000
51124.053000
51157.379000
51190.708000
51224.034000
51257.363000
51290.688000
51324.017000
51357.343000
51390.672000
51423.997000
51457.326000
51490.652000
51523.981000
51557.306000
51590.636000
51623.961000
51657.291000
51690.616000
51723.945000
51757.270000
51790.600000
51823.925000
51857.254000
51890.579000
51923.909000
51957.234000
52023.889000
52057.217000
52090.543000
52123.872000
52157.198000
52190.526000
52223.852000
52257.180000
52290.506000
52323.835000
52357.161000
52390.490000
52423.816000
52457.143000
52490.470000
52523.800000
52557.125000
52590.452000
52623.779000
52657.107000
52690.434000
52723.761000
52757.088000
52790.416000
52823.743000
52857.070000
52890.397000
52923.725000
52957.052000
52990.379000
53023.708000
53057.034000
53090.361000
53123.688000
53157.016000
53190.343000
53223.671000
53256.998000
53290.325000
53323.652000
53356.979000
53390.307000
53423.635000
53456.961000
53490.289000
53523.616000
53556.945000
53590.270000
53623.599000
53656.925000
53690.253000
53723.580000
53756.908000
53790.234000
53823.563000
53856.889000
53890.217000
53923.543000
53956.873000
53990.198000
54023.529000
54056.853000
54090.181000
54123.507000
54156.837000
54190.162000
54223.491000
54256.816000
54290.146000
54323.471000
54356.801000
54390.125000
54423.455000
54456.780000
54490.109000
54523.435000
54556.764000
54590.089000
54623.419000
54656.743000
54690.074000
54723.398000
54756.728000
54790.053000
54823.383000
54856.707000
54890.036000
54923.362000
54956.691000
54990.016000
55023.347000
55056.671000
55089.999000
55123.326000
55156.654000
55189.980000
55223.309000
55256.635000
55289.963000
55323.289000
55423.271000
55456.598000
55489.925000
55523.253000
55556.580000
55589.908000
55623.235000
55656.563000
55689.889000
55723.216000
55756.544000
55789.871000
55823.198000
55856.526000
55889.853000
55923.180000
55956.507000
55989.835000
56023.162000
56056.489000
56089.816000
56123.144000
56156.471000
56189.798000
56223.126000
56256.453000
56289.780000
56323.107000
56356.435000
56389.762000
56423.090000
56456.416000
56489.744000
56523.071000
56556.398000
56589.726000
56623.053000
56656.380000
56689.708000
56723.038000
56756.362000
56789.691000
56823.016000
56856.345000
56889.671000
56922.999000
56956.325000
56989.654000
57022.981000
57056.309000
57089.634000
57122.964000
57156.289000
57189.619000
57222.944000
57256.273000
57289.598000
57322.928000
57356.253000
57389.582000
57422.908000
57456.237000
57489.562000
57522.892000
57556.216000
57589.546000
57622.871000
57656.200000
57689.526000
57722.855000
57756.180000
57789.510000
57822.835000
57856.164000
57889.489000
57922.819000
57956.144000
57989.473000
58022.799000
58056.126000
58089.453000
58122.780000
58156.107000
58189.435000
58222.762000
58256.089000
58289.417000
58322.744000
58356.071000
58389.398000
58422.726000
58456.053000
58489.380000
58522.708000
58556.035000
58589.362000
58622.690000
58656.017000
58689.344000
58722.671000
58822.653000
58855.981000
58889.308000
58922.635000
58955.962000
58989.289000
59022.618000
59055.944000
59089.272000
59122.599000
59155.926000
59189.253000
59222.581000
59255.908000
59289.235000
59322.562000
59355.891000
59389.217000
59422.545000
59455.871000
59489.199000
59522.526000
59555.854000
59589.181000
59622.509000
59655.835000
59689.164000
59722.490000
59755.818000
59789.144000
59822.473000
59855.799000
59889.128000
59922.453000
59955.782000
59989.108000
60022.438000
60055.762000
60089.092000
60122.417000
60155.746000
60189.071000
60222.402000
60255.726000
60289.056000
60322.381000
60355.710000
60389.035000
60422.365000
60455.690000
60489.019000
60522.344000
60555.674000
60588.999000
60622.329000
60655.653000
60688.983000
60722.308000
60755.636000
60788.962000
60822.292000
60855.617000
60888.946000
60922.272000
60955.599000
60988.926000
61022.255000
61055.581000
61088.911000
61122.236000
61155.562000
61188.890000
61222.217000
61255.544000
61288.872000
61322.199000
61355.526000
61388.854000
61422.181000
61455.508000
61488.835000
61522.163000
61555.490000
61588.817000
61622.145000
61655.472000
61688.799000
61722.126000
61755.453000
61788.781000
61822.108000
61855.436000
61888.763000
61922.090000
61955.417000
61988.745000
62022.072000
62055.399000
62088.726000
62122.054000
62188.709000
62222.035000
62255.364000
62288.690000
62322.018000
62355.345000
62388.673000
62421.999000
62455.327000
62488.654000
62521.982000
62555.308000
62588.637000
62621.963000
62655.292000
62688.617000
62721.946000
62755.272000
62788.601000
62821.927000
62855.256000
62888.581000
62921.911000
62955.236000
62988.565000
63021.891000
63055.219000
63088.545000
63121.874000
63155.199000
63188.529000
63221.854000
63255.183000
63288.508000
63321.837000
63355.163000
63388.493000
63421.818000
63455.146000
63488.472000
63521.801000
63555.126000
63588.455000
63621.781000
63655.110000
63688.436000
63721.764000
63755.091000
63788.417000
63821.745000
63855.072000
63888.399000
63921.727000
63955.054000
63988.381000
64021.709000
64055.036000
64088.363000
64121.690000
64155.017000
64188.345000
64221.672000
64255.000000
64288.327000
64321.654000
64354.981000
64388.308000
64421.636000
64454.963000
64488.290000
64521.618000
64554.945000
64588.272000
64621.600000
64654.927000
64688.255000
64721.581000
64754.909000
64788.236000
64821.564000
64854.891000
64888.218000
64921.545000
64954.873000
64988.199000
65021.529000
65054.854000
65088.182000
65121.509000
65154.837000
65188.163000
65221.492000
65254.818000
65288.146000
65321.472000
65354.801000
65388.127000
65421.456000
65454.781000
65488.110000
65588.090000
65621.420000
65654.745000
65688.074000
65721.400000
65754.729000
65788.054000
65821.384000
65854.709000
65888.038000
65921.363000
65954.693000
65988.018000
66021.348000
66054.672000
66088.002000
66121.327000
66154.656000
66187.982000
66221.311000
66254.636000
66287.965000
66321.291000
66354.620000
66387.945000
66421.274000
66454.600000
66487.927000
66521.255000
66554.581000
66587.909000
66621.237000
66654.564000
66687.893000
66721.218000
66754.545000
66787.872000
66821.200000
66854.527000
66887.854000
66921.181000
66954.509000
66987.836000
67021.164000
67054.491000
67087.818000
67121.145000
67154.473000
67187.800000
67221.127000
67254.454000
67287.782000
67321.109000
67354.436000
67387.764000
67421.091000
67454.418000
67487.745000
67521.073000
67554.400000
67587.727000
67621.054000
67654.383000
67687.709000
67721.037000
67754.363000
67787.691000
67821.018000
67854.347000
67887.672000
67921.000000
67954.327000
67987.656000
68020.982000
68054.310000
68087.636000
68120.965000
68154.291000
68187.620000
68220.946000
68254.274000
68287.600000
68320.929000
68354.255000
68387.583000
68420.909000
68454.238000
68487.564000
68520.893000
68554.218000
68587.547000
68620.873000
68654.202000
68687.527000
68720.856000
68754.182000
68787.511000
68820.837000
68854.166000
68887.491000
68987.474000
69020.800000
69054.129000
69087.455000
69120.783000
69154.109000
69187.438000
69220.764000
69254.092000
69287.418000
69320.745000
69354.073000
69387.400000
69420.727000
69454.054000
69487.382000
69520.709000
69554.036000
69587.364000
69620.691000
69654.018000
69687.346000
69720.673000
69754.000000
69787.328000
69820.655000
69853.982000
69887.309000
69920.637000
69953.964000
69987.291000
70020.620000
70053.945000
70087.273000
70120.600000
70153.928000
70187.255000
70220.583000
70253.909000
70287.238000
70320.564000
70353.893000
70387.219000
70420.548000
70453.873000
70487.202000
70520.527000
70553.856000
70587.182000
70620.510000
70653.836000
70687.165000
70720.491000
70753.820000
70787.146000
70820.475000
70853.800000
70887.129000
70920.455000
70953.784000
70987.109000
71020.440000
71053.764000
71087.093000
71120.419000
71153.749000
71187.073000
71220.404000
71253.728000
71287.057000
71320.382000
71353.713000
71387.037000
71420.367000
71453.691000
71487.021000
71520.346000
71553.675000
71587.000000
71620.330000
71653.655000
71686.985000
71720.309000
71753.638000
71786.964000
71820.294000
71853.619000
71886.947000
71920.273000
71953.603000
71986.928000
72020.259000
72053.583000
72086.909000
72120.237000
72153.564000
72186.891000
72220.219000
72253.546000
72286.873000
72353.528000
72386.855000
72420.183000
72453.510000
72486.837000
72520.164000
72553.491000
72586.819000
72620.146000
72653.473000
72686.801000
72720.128000
72753.455000
72786.782000
72820.110000
72853.437000
72886.764000
72920.091000
72953.418000
72986.746000
73020.074000
73053.402000
73086.728000
73120.055000
73153.382000
73186.710000
73220.037000
73253.365000
73286.691000
73320.019000
73353.346000
73386.674000
73420.001000
73453.328000
73486.655000
73653.293000
73686.619000
73719.949000
73753.273000
73786.603000
73819.928000
73853.257000
73886.582000
73919.911000
73953.237000
73986.566000
74019.892000
74053.221000
74086.546000
74119.875000
74153.200000
74186.530000
74219.855000
74253.184000
74286.509000
74319.839000
74353.164000
74386.494000
74419.819000
74453.148000
74486.473000
74519.803000
74553.128000
74586.457000
74619.782000
74653.110000
74686.437000
74719.765000
74753.091000
74786.420000
74819.746000
74853.074000
74886.400000
74919.728000
74953.055000
74986.383000
75019.710000
75053.037000
75086.364000
75119.691000
75153.019000
75186.346000
75219.673000
75253.001000
75286.328000
75319.655000
75352.983000
75386.310000
75419.637000
75452.964000
75486.291000
75519.619000
75552.947000
75586.273000
75619.601000
75652.928000
75686.255000
75719.583000
75752.910000
75786.237000
75852.892000
75886.219000
75919.546000
75952.874000
75986.201000
76019.529000
76052.855000
76086.183000
76119.510000
76152.838000
76186.164000
76219.493000
76252.819000
76286.147000
76319.473000
76352.802000
76386.128000
76419.456000
76452.782000
76486.111000
76519.437000
76552.766000
76586.092000
76619.421000
76652.746000
76686.075000
76719.401000
76752.730000
76786.055000
76819.386000
76852.710000
76886.040000
76919.364000
76952.694000
76986.019000
77019.349000
77052.673000
77086.003000
77119.328000
77152.657000
77185.983000
77219.312000
77252.637000
77285.966000
77319.292000
77352.621000
77385.946000
77419.275000
77452.601000
77485.930000
77519.255000
77552.582000
77585.910000
77619.238000
77652.564000
77685.895000
77719.219000
77752.546000
77785.874000
77819.201000
77852.528000
77885.855000
77919.183000
77952.510000
77985.837000
78019.165000
78052.492000
78085.819000
78119.146000
78152.473000
78185.801000
78219.128000
78252.455000
78285.783000
78319.110000
78352.438000
78385.765000
78419.092000
78452.419000
78485.746000
78519.074000
78552.401000
78585.728000
78619.056000
78652.383000
78685.710000
78719.038000
78752.365000
78785.693000
78819.019000
78852.348000
78885.674000
78919.002000
78952.328000
78985.656000
79018.983000
79052.311000
79085.637000
79118.966000
79152.292000
79218.947000
79252.276000
79285.601000
79318.930000
79352.256000
79385.585000
79418.910000
79452.239000
79485.564000
79518.895000
79552.219000
79585.548000
79618.874000
79652.203000
79685.528000
79718.858000
79752.183000
79785.512000
79818.837000
79852.167000
79885.492000
79918.821000
79952.147000
79985.477000
80018.802000
80052.130000
80085.455000
80118.785000
80152.110000
80185.439000
80218.765000
80252.094000
80285.419000
80318.747000
80352.074000
80385.401000
80418.729000
80452.056000
80485.383000
80518.710000
80552.037000
80585.365000
80618.692000
80652.019000
80685.347000
80718.674000
80752.001000
80785.329000
80818.656000
80851.984000
80885.310000
80918.637000
80951.965000
80985.292000
81018.643000
81051.946000
81085.274000
81118.601000
81151.928000
81185.256000
81218.583000
81251.910000
81285.238000
81318.565000
81351.893000
81385.219000
81418.547000
81451.874000
81485.202000
81518.529000
81551.856000
81585.183000
81618.512000
81651.838000
81685.166000
81718.492000
81751.820000
81785.147000
81818.475000
81851.801000
81885.130000
81918.456000
81951.784000
81985.110000
82018.441000
82051.765000
82085.094000
82118.419000
82151.748000
82185.075000
82218.403000
82251.728000
82285.058000
82318.383000
82351.713000
82385.038000
82418.368000
82451.692000
82485.022000
82518.347000
82585.001000
82618.331000
82651.656000
82684.986000
82718.310000
82751.638000
82784.965000
82818.294000
82851.620000
82884.947000
82918.274000
82951.601000
82984.928000
83018.259000
83051.583000
83084.910000
83118.238000
83151.565000
83184.892000
83218.220000
83251.547000
83284.874000
83318.201000
83351.528000
83384.856000
83418.183000
83451.510000
83484.838000
83518.165000
83618.147000
83651.474000
83684.801000
83718.129000
83751.456000
83784.783000
83818.111000
83851.438000
83884.765000
83918.092000
83951.420000
83984.748000
84018.075000
84051.401000
84084.729000
84118.056000
84151.383000
84184.711000
84218.038000
84251.366000
84284.692000
84318.020000
84351.348000
84384.675000
84418.002000
84451.330000
84484.656000
84517.985000
84551.310000
84584.639000
84617.965000
84651.294000
84684.620000
84717.950000
84751.274000
84784.604000
84817.929000
84851.258000
84884.583000
84917.913000
84951.238000
84984.567000
85017.893000
85051.222000
85084.547000
85117.876000
85151.202000
85184.531000
85217.856000
85251.186000
85284.510000
85317.840000
85351.165000
85384.494000
85417.820000
85451.149000
85484.474000
85517.805000
85551.129000
85584.458000
85617.784000
85651.112000
85684.438000
85717.767000
85751.093000
85784.419000
85817.747000
85851.076000
85884.401000
85917.729000
85951.056000
86017.712000
86051.038000
86084.365000
86117.692000
86151.020000
86184.347000
86217.674000
86251.002000
86284.329000
86317.656000
86350.984000
86384.310000
86417.638000
86450.965000
86484.293000
86517.620000
86550.947000
86584.274000
86617.602000
86650.929000
86684.258000
86717.584000
86750.911000
86784.238000
86817.566000
86850.893000
86884.220000
86917.547000
86950.875000
86984.202000
87017.531000
87050.856000
87084.186000
87117.511000
87150.839000
87184.166000
87217.495000
87250.820000
87284.149000
87317.474000
87350.804000
87384.129000
87417.458000
87450.783000
87484.113000
87517.439000
87550.767000
87584.092000
87617.423000
87650.747000
87684.078000
87717.402000
87750.732000
87784.056000
87817.386000
87850.711000
87884.041000
87917.365000
87950.695000
87984.020000
88017.351000
88050.675000
88084.004000
88117.329000
88150.658000
88183.984000
88217.314000
88250.638000
88283.968000
88317.293000
88350.623000
88383.948000
88417.277000
88450.602000
88483.931000
88683.894000
88717.220000
88783.875000
88817.202000
88850.529000
88883.856000
88917.184000
88950.511000
88983.838000
89017.166000
89050.493000
89083.820000
89117.147000
89150.474000
89183.802000
89217.129000
89250.456000
89283.784000
89317.111000
89350.439000
89383.765000
89417.093000
89450.420000
89483.756000
89517.075000
89617.056000
89650.384000
89683.711000
89717.039000
89750.365000
89783.693000
89817.020000
89850.349000
89883.674000
89917.003000
89950.329000
89983.657000
90016.984000
90050.312000
90083.638000
90116.967000
90150.293000
90183.622000
90216.947000
90250.276000
90283.602000
90316.931000
90350.257000
90383.585000
90416.911000
90450.240000
90483.565000
90516.895000
90550.220000
90583.549000
90616.875000
90650.204000
90683.529000
90716.858000
90750.184000
90783.513000
90816.838000
90850.167000
90883.493000
90916.822000
90950.147000
90983.476000
91016.803000
91050.131000
91083.457000
91116.785000
91150.111000
91183.440000
91216.766000
91250.093000
91283.420000
91316.749000
91350.075000
91750.002000
91783.330000
91816.657000
91849.984000
91883.311000
91916.639000
91949.966000
91983.293000
92016.621000
92049.947000
92083.275000
92116.602000
92149.929000
92183.257000
92216.584000
92249.911000
92283.239000
92316.566000
92349.894000
92383.220000
92416.548000
92449.875000
92483.203000
92516.529000
92549.858000
92583.184000
92616.512000
92649.839000
92683.167000
92716.493000
92749.822000
92783.147000
92816.477000
92849.802000
92883.130000
92916.456000
92949.785000
92983.111000
93016.441000
93049.766000
93083.095000
93116.420000
93149.749000
93183.075000
93216.408000
93249.729000
93283.059000
93416.368000
93449.693000
93483.022000
93516.348000
94916.093000
94949.420000
94982.749000
95016.076000
95049.403000
95082.729000
95116.057000
95149.384000
95182.713000
95216.039000
95249.366000
95282.693000
95316.022000
95349.348000
95382.676000
95416.002000
95449.331000
95482.657000
95515.986000
95549.311000
95582.640000
95615.966000
95649.295000
95682.620000
95715.950000
95749.275000
95782.604000
95815.930000
95849.259000
95882.584000
95915.914000
95949.238000
95982.568000
96015.893000
96049.223000
96082.548000
96115.877000
96149.202000
96182.532000
96215.857000
96249.186000
96282.511000
96315.840000
96349.166000
96382.495000
96415.821000
96449.150000
96482.475000
96515.803000
96549.130000
96582.458000
96615.784000
96649.113000
96682.439000
96715.766000
96749.093000
96782.421000
96815.748000
96849.075000
96882.402000
96915.729000
96949.057000
96982.384000
97015.712000
97049.039000
97082.366000
97115.693000
97149.020000
97182.348000
97215.675000
97249.002000
97282.330000
97315.657000
97348.984000
97382.311000
97415.639000
97448.966000
97482.293000
97515.621000
97548.948000
97582.275000
97615.603000
97648.929000
97682.257000
97715.584000
97748.912000
97782.239000
97815.567000
97848.893000
97882.221000
97915.548000
97948.876000
97982.202000
98015.531000
98048.857000
98082.186000
98215.495000
98248.820000
98282.150000
98315.475000
98348.804000
98382.129000
98415.459000
98448.784000
98482.113000
99381.948000
99415.277000
99448.602000
99481.929000
99515.257000
99548.584000
99581.911000
99615.239000
99648.566000
99681.893000
99715.220000
99748.548000
99781.875000
99815.203000
99848.530000
99881.857000
99915.184000
99948.511000
99981.839000
100015.166000
100048.493000
100081.820000
