24.993000
49.982000
74.973000
99.963000
124.956000
149.944000
174.935000
199.926000
224.919000
249.907000
274.898000
299.890000
324.881000
349.869000
374.861000
399.853000
424.842000
449.833000
474.824000
499.817000
524.805000
549.796000
574.786000
599.779000
624.768000
649.758000
674.752000
699.741000
724.730000
749.721000
774.714000
799.703000
824.694000
849.684000
874.677000
899.665000
924.657000
949.649000
974.639000
999.628000
1024.619000
1049.612000
1074.601000
1099.591000
1124.582000
1149.574000
1174.563000
1199.553000
1224.547000
1249.538000
1274.526000
1299.516000
1324.509000
1349.499000
1374.489000
1399.479000
1424.474000
1449.461000
1474.451000
1499.442000
1524.434000
1549.424000
1574.415000
1599.406000
1624.397000
1649.386000
1674.377000
1699.370000
1724.360000
1749.349000
1774.340000
1799.333000
1824.321000
1849.312000
1874.303000
1899.295000
1924.283000
1949.275000
1974.267000
1999.258000
2024.246000
3998.512000
4023.506000
4098.474000
4123.469000
4198.437000
4223.431000
4273.410000
4298.401000
4373.372000
4398.365000
4448.344000
4473.335000
4548.307000
4573.298000
4623.279000
4648.270000
4723.243000
4748.233000
4798.214000
4823.205000
4873.188000
4898.177000
4973.151000
4998.139000
5048.120000
5073.115000
5148.085000
5173.076000
5223.056000
5248.048000
5323.018000
5348.011000
5397.990000
5422.984000
5497.953000
5522.945000
5572.925000
5597.917000
5672.888000
5697.880000
5747.860000
5772.851000
5847.824000
5872.814000
5922.795000
5947.787000
6022.758000
6047.750000
6097.732000
6122.721000
6172.703000
6197.694000
6272.667000
6297.657000
6347.637000
6372.630000
6447.600000
6472.593000
6522.573000
6547.566000
6622.535000
6647.528000
6697.507000
6722.501000
6797.470000
6822.464000
8346.894000
8371.885000
8446.856000
8471.847000
8546.819000
8571.810000
8621.791000
8646.783000
8721.753000
8746.745000
8796.728000
8821.717000
8896.690000
8921.680000
8971.663000
8996.652000
9071.625000
9096.615000
9171.588000
9196.578000
9271.551000
9296.541000
9346.523000
9371.513000
9446.486000
9471.475000
9546.448000
9571.437000
9621.420000
9646.411000
9721.383000
9746.375000
9821.347000
9846.335000
9896.319000
9921.310000
9996.280000
10021.270000
10096.244000
10121.233000
10196.210000
10221.196000
10271.179000
10296.169000
10371.141000
10396.131000
10471.104000
10496.093000
10546.074000
10571.068000
10646.037000
10671.030000
10746.002000
10770.991000
10820.972000
10845.965000
10920.936000
10945.928000
11020.899000
11045.891000
11095.869000
11120.863000
11195.832000
11220.825000
11295.795000
11320.788000
11370.767000
11395.760000
11470.730000
11495.724000
11570.693000
11595.686000
11645.665000
11670.658000
11745.627000
11770.621000
11820.600000
11845.591000
11920.562000
11945.554000
12020.525000
12045.518000
12095.497000
12120.489000
12195.460000
12220.451000
12270.432000
12295.423000
12370.395000
12395.386000
12445.367000
12470.358000
12545.330000
12570.321000
12620.304000
12645.293000
12720.266000
12745.255000
12795.236000
12820.228000
12895.199000
12920.190000
12970.172000
12995.165000
13070.137000
13095.126000
13145.106000
13170.100000
13245.069000
13270.062000
13320.041000
13345.035000
13395.014000
13420.005000
13494.976000
13519.967000
13569.948000
13594.940000
13669.911000
13694.903000
13744.885000
13769.874000
13844.847000
13869.837000
13919.820000
13944.810000
14019.782000
14044.773000
14094.754000
14119.746000
14194.718000
14219.707000
14269.688000
14294.682000
14344.660000
14369.654000
14444.623000
14469.617000
14519.595000
14544.587000
14619.558000
14644.549000
14694.530000
14719.521000
14794.493000
14819.483000
14869.465000
14894.456000
14944.439000
14969.428000
15044.401000
15069.391000
15119.374000
15144.364000
15219.336000
15244.326000
15294.306000
15319.300000
15394.269000
15419.262000
15469.241000
15494.235000
15569.204000
15594.197000
15644.176000
15669.168000
15719.149000
15744.140000
15819.111000
15844.102000
15894.084000
15919.074000
15994.046000
16019.037000
16069.020000
16094.010000
16168.983000
16193.971000
16243.953000
16268.945000
16343.917000
16368.907000
16418.887000
16443.881000
16493.859000
16518.854000
16593.822000
16618.815000
16668.794000
16693.785000
16768.758000
16793.751000
16843.729000
16868.721000
16943.692000
16968.684000
17043.656000
17068.646000
17118.627000
17143.618000
17218.591000
17243.581000
17293.563000
17318.554000
17368.536000
17393.525000
17468.499000
17493.488000
17543.469000
17568.463000
17643.434000
17668.425000
17718.404000
17743.397000
17818.367000
17843.360000
17893.339000
17918.332000
17968.311000
17993.301000
18068.274000
18093.265000
18143.246000
18168.237000
18243.208000
18268.199000
18318.182000
18343.172000
18418.144000
18443.135000
18493.117000
18518.106000
18568.087000
18593.081000
18668.050000
18693.042000
18768.015000
18793.004000
18867.978000
18892.966000
18942.948000
18967.941000
19042.913000
19067.902000
19117.882000
19142.876000
19217.845000
19242.839000
19292.817000
19317.808000
19392.781000
19417.770000
19492.743000
19517.733000
19567.714000
19592.708000
19667.677000
19692.671000
19742.650000
19767.640000
19842.612000
19867.603000
19942.575000
19967.566000
20042.539000
20067.529000
20117.510000
20142.501000
20217.477000
20242.465000
20292.445000
20317.437000
20392.408000
20417.400000
20467.381000
20492.371000
20567.343000
20592.335000
20642.317000
20667.305000
20742.279000
20767.269000
20817.251000
20842.241000
20917.214000
20942.204000
20992.184000
21017.178000
21092.147000
21117.140000
21192.114000
21217.102000
21267.082000
21292.075000
21367.045000
21392.037000
21442.017000
21467.011000
21541.979000
21566.972000
21616.951000
21641.943000
21716.914000
21741.906000
21791.886000
21816.878000
21891.849000
21916.841000
21991.811000
22016.803000
22091.774000
22116.768000
22191.737000
22216.731000
22291.700000
22316.693000
22366.673000
22391.668000
22466.636000
22491.629000
22566.598000
22591.592000
22641.570000
22666.561000
22741.533000
22766.524000
22841.495000
22866.489000
22941.459000
22966.452000
23016.431000
23041.421000
23116.393000
23141.384000
23216.356000
23241.349000
23316.318000
23341.312000
23391.291000
23416.281000
23491.253000
23516.246000
23591.216000
23616.209000
23691.179000
23716.173000
23766.152000
23791.142000
23866.113000
23891.104000
23966.077000
23991.069000
24066.039000
24091.032000
24141.011000
24166.002000
24240.974000
24265.965000
24340.937000
24365.930000
24440.900000
24465.893000
24540.862000
24565.856000
24640.825000
25140.640000
25165.629000
25190.620000
25215.613000
25240.603000
25265.592000
25290.587000
25315.577000
25340.565000
25365.557000
25390.549000
25415.540000
25440.528000
25465.518000
25490.511000
25515.500000
25540.490000
25565.482000
25590.475000
25615.463000
25640.453000
25665.447000
25690.436000
25715.426000
25740.416000
25765.409000
25790.399000
25865.371000
25890.360000
25940.341000
25965.334000
26040.304000
26065.297000
26140.269000
26165.260000
26215.239000
26240.232000
26290.211000
26315.201000
26390.173000
26415.167000
26465.146000
26490.143000
26565.108000
26590.099000
26640.080000
26665.072000
26740.043000
26765.034000
26815.017000
26840.006000
26914.978000
26939.968000
27014.941000
27039.931000
27089.914000
27114.904000
27189.877000
27214.867000
27264.851000
27289.840000
27364.813000
27389.801000
27439.782000
27464.776000
27539.746000
27564.738000
27614.717000
27639.710000
27714.680000
27739.673000
27789.652000
27814.646000
27889.615000
27914.609000
27964.587000
27989.578000
28064.550000
28089.540000
28139.521000
28164.513000
28239.485000
28264.476000
28314.457000
28339.449000
28414.419000
28439.411000
28489.394000
28514.383000
28589.355000
28614.346000
28664.328000
28689.319000
28764.292000
28789.281000
28839.261000
28864.254000
28939.225000
28964.217000
29039.190000
29064.179000
29114.159000
29139.152000
29214.121000
29239.116000
29289.094000
29314.087000
29389.057000
29414.050000
29464.029000
29489.020000
29563.991000
29588.985000
29638.964000
29663.955000
29738.926000
29763.917000
29838.889000
29863.880000
29913.861000
29938.853000
30013.824000
30038.816000
30088.796000
30113.786000
30188.758000
30213.750000
30263.733000
30288.722000
30363.695000
30388.685000
30463.657000
30488.648000
30538.630000
30563.619000
30638.593000
30663.582000
30713.565000
30738.556000
30813.527000
30838.518000
30888.499000
30913.491000
30988.460000
31013.453000
31088.424000
31113.417000
31163.397000
31188.389000
31263.358000
31288.352000
31338.330000
31363.324000
31438.293000
31463.286000
31513.266000
31538.256000
31613.229000
31638.219000
31713.191000
31738.184000
31788.163000
31813.154000
31888.126000
31913.117000
31988.088000
32013.079000
32063.061000
32088.051000
32163.023000
32188.015000
32237.996000
32262.986000
32337.957000
32362.948000
32412.932000
32437.921000
32512.895000
32537.885000
32612.856000
32637.846000
32687.830000
32712.819000
32787.792000
32812.782000
32887.755000
32912.744000
32962.727000
32987.717000
33062.691000
33087.679000
33137.660000
33162.652000
33237.625000
33262.613000
33312.594000
33337.588000
33412.558000
33437.550000
33487.529000
33512.520000
33587.492000
33612.489000
33662.464000
33687.455000
33762.427000
33787.418000
33837.399000
33862.390000
33937.361000
33962.353000
34037.330000
34062.317000
34112.297000
34137.288000
34212.260000
34237.251000
34287.233000
34312.222000
34387.195000
34412.186000
34462.169000
34487.158000
34562.131000
34587.121000
34637.104000
34662.095000
34737.066000
34762.056000
34837.029000
34862.018000
34936.992000
34961.981000
35036.954000
35061.943000
35136.916000
35161.906000
35236.878000
35261.869000
35311.852000
35336.841000
35411.814000
35436.803000
35511.776000
35536.767000
35611.738000
35636.729000
35711.701000
35736.692000
35811.664000
35836.656000
35911.626000
35936.618000
36011.589000
36036.583000
36111.552000
36136.546000
36211.516000
36236.509000
36286.487000
36311.478000
36386.450000
36411.441000
36486.412000
36511.405000
36586.375000
36611.368000
36686.338000
36711.330000
36786.303000
36811.293000
36886.266000
36911.255000
37011.217000
37036.209000
37111.179000
37136.171000
37211.143000
37236.134000
37286.115000
37311.106000
37386.078000
37411.068000
37461.051000
37486.041000
37561.013000
37586.003000
37635.987000
37660.975000
37735.949000
37760.937000
37810.919000
37835.912000
37910.883000
37935.875000
37985.853000
38010.846000
38085.816000
38110.810000
38160.788000
38185.781000
38260.751000
38285.746000
38335.723000
38360.714000
38435.686000
38460.677000
38510.658000
38535.650000
38610.621000
38635.612000
38710.584000
38735.575000
38785.556000
38810.547000
38885.519000
38910.510000
38960.492000
38985.482000
39060.454000
39085.444000
39135.428000
39160.416000
39235.390000
39260.380000
39335.352000
39360.342000
39410.326000
39435.315000
39510.288000
39535.277000
39585.257000
39610.251000
39685.220000
39710.212000
39760.193000
39785.186000
39860.155000
39885.148000
39935.127000
39960.118000
40035.090000
40060.084000
40110.062000
40135.053000
40210.025000
40235.015000
40284.997000
40309.988000
40384.960000
40409.952000
40484.922000
40509.914000
40559.894000
40584.885000
40659.857000
40684.848000
40734.830000
40759.821000
40834.792000
40859.784000
40909.767000
40934.755000
41009.729000
41034.719000
41084.699000
41109.691000
41184.663000
41209.653000
41284.628000
41309.616000
41359.596000
41384.590000
41459.559000
41484.553000
41534.531000
41559.525000
41634.495000
41659.487000
41709.466000
41734.457000
41809.429000
41834.420000
41884.402000
41909.393000
41984.364000
42009.354000
42084.327000
42109.318000
42184.291000
42209.282000
42259.261000
42284.253000
42359.224000
42384.215000
42434.196000
42459.187000
42534.159000
42559.149000
42609.131000
42634.123000
42709.101000
42734.085000
42809.058000
42834.048000
42884.031000
42909.020000
42983.992000
43008.982000
43058.965000
43083.954000
43158.929000
43183.918000
43258.891000
43283.880000
43333.863000
43358.853000
43433.826000
43458.814000
43508.796000
43533.790000
43608.760000
43633.751000
43683.730000
43708.725000
43783.693000
43808.687000
43858.665000
43883.659000
43958.628000
43983.622000
44033.600000
44058.591000
44133.564000
44158.555000
44233.527000
44258.517000
44308.498000
44333.489000
44408.461000
44433.452000
44483.432000
44508.424000
44583.395000
44608.387000
44683.359000
44708.350000
44758.332000
44783.322000
44858.294000
44883.284000
44933.267000
44958.256000
45033.229000
45058.220000
45108.202000
45133.191000
45208.165000
45233.153000
45308.129000
45333.116000
45383.097000
45408.090000
45483.062000
45508.053000
45558.033000
45583.025000
45657.995000
45682.989000
45732.967000
45757.960000
45832.930000
45857.922000
45907.902000
45932.893000
46007.865000
46032.859000
46082.837000
46107.828000
46182.800000
46207.790000
46257.772000
46282.763000
46357.734000
46382.725000
46432.708000
46457.697000
46532.670000
46557.660000
46607.645000
46632.632000
46707.605000
46732.595000
46782.576000
46807.569000
46882.541000
46907.531000
46982.504000
47007.492000
47082.466000
47107.455000
47157.436000
47182.430000
47257.399000
47282.391000
47332.371000
47357.361000
47432.334000
47457.325000
47532.297000
47557.289000
47632.261000
47657.250000
47707.231000
47732.225000
47807.194000
47832.187000
47907.157000
47932.150000
48007.121000
48032.112000
48107.084000
48132.073000
48207.047000
48232.036000
48282.018000
48307.010000
48381.981000
48406.972000
48481.945000
48506.933000
48581.907000
48606.897000
48681.870000
48706.859000
48781.832000
48806.823000
48856.806000
48881.794000
48956.768000
48981.756000
49056.729000
49081.719000
49131.702000
49156.693000
49231.666000
49256.655000
49331.627000
49356.618000
49406.600000
49431.591000
49506.563000
49531.551000
49606.526000
49631.514000
49681.495000
49706.489000
49781.460000
49806.451000
49881.423000
49906.412000
49981.386000
50006.375000
50056.359000
50081.349000
50156.320000
50181.310000
50256.284000
50281.273000
50331.253000
50356.246000
50406.226000
50431.219000
50506.189000
50531.182000
50581.160000
50606.151000
50681.123000
50706.117000
50756.096000
50781.087000
50856.058000
50881.049000
50931.030000
50956.021000
51030.993000
51055.985000
51105.967000
51130.955000
51205.930000
51230.918000
51280.901000
51305.892000
51355.871000
51380.865000
51455.834000
51480.828000
51530.806000
51555.800000
51630.770000
51655.763000
51705.742000
51730.732000
51805.704000
51830.698000
51905.668000
51930.661000
52005.629000
52030.624000
52080.602000
52105.593000
52180.565000
52205.558000
52255.537000
52280.527000
52355.500000
52380.490000
52430.472000
52455.462000
52530.435000
52555.426000
52605.408000
52630.397000
52705.371000
52730.360000
52780.343000
52805.333000
52855.313000
52880.306000
52955.276000
52980.270000
53030.248000
53055.243000
53130.210000
53155.204000
53205.183000
53230.174000
53305.145000
53330.138000
53380.117000
53405.109000
53480.080000
53505.071000
53555.052000
53580.043000
53655.015000
53680.005000
53729.987000
53754.978000
53829.951000
53854.940000
53904.924000
53929.912000
54004.887000
54029.875000
54079.856000
54104.848000
54179.819000
54204.810000
54254.791000
54279.782000
54354.754000
54379.744000
54429.727000
54454.720000
54529.689000
54554.682000
54604.661000
54629.652000
54679.632000
54704.624000
54779.600000
54804.588000
54854.569000
54879.559000
54954.531000
54979.522000
55029.505000
55054.493000
55129.467000
55154.457000
55204.439000
55229.430000
55304.403000
55329.392000
55379.373000
55404.366000
55479.335000
55504.328000
55554.307000
55579.301000
55654.270000
55679.264000
55729.243000
55754.233000
55829.205000
55854.198000
55904.178000
55929.168000
56004.140000
56029.131000
56079.111000
56104.103000
56179.074000
56204.065000
56254.048000
56279.038000
56354.010000
56379.000000
56428.983000
56453.973000
56503.956000
56528.946000
56603.918000
56628.907000
56703.882000
56728.870000
56778.850000
56803.844000
56853.823000
56878.814000
56953.786000
56978.779000
57553.564000
57578.554000
57653.527000
57678.516000
57728.499000
57753.489000
57828.462000
57853.451000
57928.424000
57953.414000
58003.397000
58028.389000
58103.360000
58128.349000
58178.329000
58203.323000
58278.292000
58303.285000
58378.254000
58403.249000
58478.220000
58503.209000
58553.189000
58578.183000
58653.152000
58678.146000
58728.124000
58753.115000
58828.087000
58853.081000
58903.059000
58928.050000
59028.014000
59053.006000
59102.985000
59127.978000
59202.948000
59227.941000
59277.919000
59302.911000
59377.883000
59402.874000
59477.845000
59502.838000
59552.817000
59577.808000
59652.780000
59677.771000
59752.742000
59777.736000
59852.705000
59877.699000
59952.668000
59977.662000
60027.640000
60052.630000
60127.603000
60152.593000
60227.567000
60252.558000
60327.528000
60352.522000
60427.491000
60452.484000
60502.463000
60527.457000
60602.426000
60627.419000
60702.389000
60727.383000
60802.351000
60827.345000
60902.314000
60927.307000
61002.277000
61027.269000
61077.249000
61102.240000
61177.212000
61202.202000
61277.174000
61302.165000
61377.141000
61402.128000
61477.103000
61502.090000
61577.066000
61602.054000
61652.034000
61677.028000
61752.000000
61776.990000
61851.962000
61876.952000
61951.925000
61976.914000
62076.877000
62101.867000
62151.849000
62176.839000
62251.811000
62276.803000
62351.774000
62376.765000
62451.737000
62476.728000
62551.699000
62576.690000
62651.663000
62676.653000
62751.625000
62776.617000
62851.588000
62876.580000
62951.551000
62976.543000
63026.522000
63051.516000
63126.486000
63151.479000
63226.450000
63251.441000
63301.420000
63326.412000
63401.384000
63426.377000
63476.355000
63501.346000
63576.318000
63601.309000
63676.281000
63701.272000
63751.253000
63776.244000
63851.215000
63876.206000
63951.178000
63976.170000
64051.141000
64076.134000
64126.113000
64151.104000
64226.075000
64251.067000
64326.039000
64351.030000
64401.010000
64426.001000
64500.973000
64525.965000
64575.946000
64600.936000
64675.908000
64700.900000
64775.872000
64800.862000
64850.844000
64875.834000
64950.806000
64975.797000
65025.780000
65050.768000
65125.743000
65150.732000
65225.706000
65250.693000
65300.677000
65325.668000
65400.640000
65425.629000
65500.602000
65525.592000
65575.573000
65600.565000
65675.537000
65700.527000
65750.507000
65775.501000
65850.470000
65875.464000
65925.442000
65950.433000
66025.405000
66050.399000
66125.368000
66150.362000
66200.340000
66225.333000
66300.302000
66325.296000
66375.275000
66400.265000
66475.237000
66500.228000
66550.209000
66575.201000
66650.172000
66675.163000
66725.146000
66750.136000
66825.108000
66850.098000
66900.081000
66925.071000
67000.044000
67025.033000
67100.006000
67124.995000
67174.979000
67199.967000
67274.942000
67299.930000
67349.911000
67374.904000
67449.876000
67474.866000
67524.846000
67549.840000
67624.809000
67649.802000
67699.781000
67724.772000
67799.744000
67824.735000
67874.716000
67899.708000
67974.678000
67999.669000
68049.651000
68074.641000
68149.614000
68174.613000
68224.585000
68249.577000
68324.548000
68349.539000
68399.522000
68424.511000
68499.485000
68524.473000
68574.455000
68599.447000
68674.420000
68699.409000
68749.390000
68774.382000
68849.353000
68874.345000
68924.325000
68949.318000
69024.289000
69049.281000
69099.260000
69124.251000
69174.231000
69199.224000
69274.194000
69299.186000
69349.167000
69374.158000
69449.129000
69474.121000
69549.092000
69574.082000
69624.065000
69649.056000
69699.039000
69724.027000
69799.001000
69823.990000
69873.971000
69898.964000
69973.935000
69998.926000
70048.905000
70073.898000
70148.869000
70173.862000
70223.841000
70248.831000
70323.803000
70348.797000
70398.775000
70423.766000
70498.738000
70523.729000
70573.710000
70598.701000
70673.673000
70698.664000
70773.637000
70798.627000
70848.607000
70873.598000
70948.571000
70973.562000
71023.544000
71048.533000
71098.516000
71123.506000
71198.479000
71223.469000
71273.449000
71298.442000
71373.415000
71398.404000
71448.384000
71473.377000
71548.347000
71573.340000
71623.319000
71648.310000
71723.282000
71748.272000
71798.254000
71823.245000
71898.216000
71923.208000
71973.188000
71998.180000
73447.642000
73472.630000
73572.592000
73597.583000
73647.565000
73672.555000
73747.528000
73772.518000
73847.491000
73872.480000
73922.463000
73947.454000
74022.425000
74047.416000
74122.387000
74147.379000
74222.350000
74247.341000
74297.325000
74322.313000
74397.285000
74422.275000
74497.248000
74522.239000
74597.211000
74622.201000
74672.183000
74697.173000
74772.145000
74797.136000
74872.108000
74897.099000
74947.080000
74972.071000
75047.043000
75072.034000
75147.006000
75171.997000
75246.968000
75271.960000
75321.942000
75346.931000
75421.904000
75446.894000
75521.866000
75546.857000
75621.828000
75646.820000
75696.803000
75721.792000
75796.764000
75821.755000
75896.727000
75921.718000
75971.700000
75996.690000
76071.664000
76096.653000
76146.636000
76171.626000
76246.599000
76271.588000
76321.568000
76346.562000
76421.531000
76446.524000
76496.503000
76521.496000
76596.466000
76621.459000
76671.438000
76696.429000
76771.400000
76796.394000
76846.372000
76871.363000
76946.335000
76971.327000
77046.298000
77071.292000
77146.260000
77171.254000
77221.233000
77246.223000
77321.195000
77346.186000
77396.167000
77421.159000
77496.130000
77521.122000
77571.103000
77596.093000
77671.066000
77696.057000
77771.029000
77796.019000
77846.002000
77870.991000
77945.963000
77970.954000
78020.937000
78045.927000
78120.899000
78145.889000
78195.869000
78220.863000
78295.835000
78320.824000
78370.805000
78395.798000
78470.771000
78495.760000
78545.740000
78570.733000
78645.702000
78670.695000
78720.674000
78745.665000
78795.646000
78820.673000
78895.609000
78920.600000
78995.572000
79020.563000
79070.544000
79095.535000
79170.507000
79195.498000
79245.481000
79270.470000
79320.450000
79345.444000
79420.415000
79445.405000
79495.385000
79520.379000
79595.348000
79620.341000
79670.320000
79695.313000
79770.283000
79795.277000
79845.255000
79870.246000
79945.218000
79970.208000
80020.190000
80045.181000
80120.152000
80145.144000
80195.125000
80220.116000
80295.087000
80320.078000
80370.061000
80395.051000
80470.023000
80495.013000
80544.996000
80569.986000
80644.959000
80669.948000
80719.929000
80744.922000
80819.893000
80844.884000
80894.864000
80919.857000
80994.830000
81019.821000
81069.798000
81094.792000
81169.762000
81194.755000
81244.734000
81269.725000
81344.697000
81369.687000
81419.668000
81444.660000
81519.631000
81544.622000
81594.604000
81619.593000
81669.575000
81694.566000
81769.538000
81794.529000
81844.510000
81869.500000
81944.474000
81969.463000
82044.438000
82069.428000
82119.407000
82144.400000
82219.370000
82244.362000
82294.343000
82319.335000
82394.305000
82419.298000
82469.277000
82494.268000
82569.240000
82594.232000
82644.212000
82669.204000
82744.174000
82769.167000
82844.137000
82869.128000
82944.100000
82969.094000
83044.062000
83069.057000
83119.036000
83144.026000
83218.998000
83243.988000
83293.970000
83318.961000
83393.932000
83418.923000
83493.895000
83518.887000
83568.867000
83593.858000
83668.830000
83693.822000
83768.793000
83793.783000
83843.765000
83868.756000
83943.728000
83968.719000
84018.701000
84043.690000
84118.663000
84143.654000
84218.626000
84243.616000
84293.599000
84318.589000
84393.563000
84418.552000
84468.534000
84493.524000
84568.497000
84593.486000
84668.460000
84693.448000
84743.429000
84768.423000
84843.394000
84868.384000
84943.358000
84968.346000
85018.327000
85043.321000
85118.293000
85143.282000
85193.262000
85218.255000
85293.225000
85318.218000
85393.187000
85418.181000
85468.159000
85493.152000
85568.122000
85593.115000
85668.086000
85693.078000
85743.057000
85768.048000
85843.020000
85868.012000
85942.983000
85967.975000
86042.946000
86067.938000
86142.908000
86167.901000
86242.872000
86267.864000
86342.836000
86367.825000
86417.806000
86442.800000
86542.762000
86567.750000
86617.734000
86642.723000
86717.696000
86742.686000
86817.658000
86842.648000
86917.621000
86942.610000
87017.582000
87042.573000
87117.546000
87142.536000
87217.508000
87242.498000
87317.470000
87342.461000
87417.433000
87442.424000
87517.396000
87542.387000
87617.359000
87642.352000
87692.331000
87717.321000
87792.293000
87817.284000
87892.256000
87917.250000
87992.219000
88017.213000
88067.191000
88092.182000
88167.153000
88192.144000
88267.116000
88292.107000
88367.080000
88392.071000
88467.042000
88492.034000
88542.013000
88567.005000
88641.976000
88666.971000
88716.949000
88741.939000
88816.911000
88841.902000
88916.874000
88941.865000
88991.852000
89016.837000
89091.809000
89116.801000
89191.772000
89216.764000
89266.744000
89291.734000
89366.707000
89391.698000
89441.680000
89466.670000
89541.642000
89566.633000
89641.605000
89666.596000
89716.578000
89741.568000
89816.540000
89841.531000
89891.513000
89916.503000
89991.477000
90016.465000
90091.439000
90116.428000
90166.409000
90191.402000
90266.373000
90291.363000
90341.343000
90366.337000
90441.306000
90466.300000
90541.271000
90566.261000
90616.242000
90641.235000
90691.213000
90716.204000
90791.176000
90816.167000
90866.148000
90891.139000
90966.110000
90991.102000
91041.083000
91066.073000
91141.046000
91166.036000
91216.019000
91241.010000
91315.981000
91340.972000
91390.954000
91415.943000
91490.917000
91515.906000
91565.887000
91590.880000
91665.850000
91690.843000
91740.822000
91765.815000
91840.785000
91865.783000
91915.757000
91940.750000
92015.719000
92040.712000
92090.691000
92115.683000
92190.654000
92215.646000
92290.617000
92315.610000
92365.590000
92390.580000
92465.552000
92490.543000
92540.524000
92565.515000
92640.487000
92665.478000
92715.460000
92740.449000
92815.422000
92840.413000
92890.396000
92915.385000
92990.358000
93015.348000
93065.330000
93090.320000
93165.294000
93190.283000
93240.264000
93265.257000
93340.226000
93365.219000
93415.198000
93440.191000
93515.161000
93540.154000
93590.133000
93615.124000
93690.096000
93715.089000
93765.068000
93790.059000
93865.030000
93890.022000
93940.002000
93964.993000
94014.977000
94039.965000
94114.939000
94139.928000
94214.902000
94239.890000
94289.874000
94314.864000
94364.844000
94389.837000
94464.806000
94489.798000
94539.778000
94564.770000
94639.742000
94664.735000
94714.713000
94739.705000
94814.676000
94839.670000
94889.649000
94914.639000
94989.612000
95014.602000
95064.583000
95089.574000
95164.546000
95189.537000
95239.519000
95264.508000
95339.481000
95364.471000
95414.454000
95439.444000
95514.415000
95539.407000
95589.387000
95614.378000
95689.353000
95714.341000
95764.322000
95789.315000
95864.285000
95889.279000
95939.257000
95964.249000
96039.220000
96064.213000
96114.192000
96139.184000
96214.155000
96239.146000
96289.127000
96314.117000
96389.091000
96414.081000
96464.061000
96489.053000
96564.025000
96589.016000
96638.999000
96663.987000
96713.969000
96738.961000
96813.933000
96838.922000
96888.903000
96913.896000
96988.869000
97013.859000
97063.838000
97088.832000
97163.801000
97188.794000
97263.764000
97288.756000
97338.736000
97363.726000
97438.699000
97463.691000
97513.670000
97538.661000
97613.633000
97638.627000
97688.605000
97713.596000
97788.568000
97813.559000
97863.541000
97888.531000
97963.503000
97988.494000
98038.477000
98063.466000
98138.439000
98163.429000
98213.412000
98238.401000
98313.375000
98338.363000
98388.345000
98413.338000
98488.310000
98513.300000
98563.279000
98588.273000
98663.242000
98688.236000
98763.205000
98788.198000
98863.169000
98888.161000
98963.133000
98988.121000
99038.103000
99063.095000
99138.065000
99163.058000
99238.028000
99263.021000
99313.000000
99337.993000
99412.963000
99437.956000
99512.926000
99537.918000
99612.890000
99637.879000
99712.853000
99737.843000
99812.816000
99837.805000
99912.778000
99937.768000
99987.751000
100012.741000
100087.714000
100112.702000
100187.677000
100212.665000
100287.639000
100312.628000
100387.600000
100412.591000
100487.563000
100512.554000
100587.526000
100612.516000
100662.500000
100687.489000
100762.460000
100787.451000
100862.423000
100887.414000
100937.397000
100962.385000
101037.359000
101062.349000
101137.320000
101162.312000
101237.283000
101262.274000
101312.256000
101337.246000
101412.218000
101437.209000
101512.184000
101537.172000
101587.155000
101612.143000
101687.119000
101712.107000
101762.089000
101787.079000
101862.052000
101887.042000
101937.022000
101962.015000
102036.985000
102061.977000
102111.957000
102136.951000
102211.919000
102236.912000
102311.882000
102336.875000
102411.845000
102436.836000
102486.818000
102511.810000
102586.780000
102611.773000
102661.752000
102686.743000
102761.715000
102786.706000
102836.687000
102861.678000
102936.651000
102961.641000
103011.622000
103036.613000
103111.584000
103136.575000
103186.558000
103211.547000
103286.521000
103311.511000
103361.494000
103386.483000
103436.464000
103461.456000
103536.428000
103561.419000
103636.391000
103661.381000
103711.361000
103736.355000
103811.324000
103836.317000
103886.296000
103911.289000
103986.259000
104011.253000
104061.230000
104086.222000
104161.193000
104186.184000
104236.166000
104261.157000
104336.128000
104361.119000
104411.100000
104436.091000
104511.063000
104536.054000
104586.036000
104611.025000
104685.998000
104710.989000
104785.961000
104810.952000
104860.935000
104885.924000
104960.897000
104985.886000
105035.869000
105060.860000
105135.832000
105160.822000
105210.802000
105235.794000
105310.765000
105335.757000
105385.738000
105410.729000
105485.701000
105510.694000
105585.663000
105610.655000
105660.635000
105685.625000
105760.598000
105785.591000
105835.570000
105860.561000
105935.533000
105960.526000
106010.504000
106035.496000
106110.467000
106135.458000
106185.439000
106210.431000
106285.402000
106310.393000
106360.377000
106385.366000
106435.348000
106460.338000
106535.311000
106560.300000
106610.281000
106635.274000
106710.244000
106735.236000
106785.215000
106810.208000
106885.179000
106910.172000
106960.150000
106985.141000
107060.113000
107085.107000
107135.085000
107160.077000
107360.002000
107384.996000
107459.967000
107484.956000
107534.936000
107559.929000
107634.899000
107659.893000
107709.871000
107734.862000
107809.834000
107834.827000
107884.806000
107909.796000
107959.778000
107984.769000
108059.740000
108084.731000
108134.714000
108159.703000
108234.676000
108259.666000
108309.649000
108334.639000
108409.613000
108434.602000
108484.583000
108509.576000
108584.547000
108609.537000
108659.517000
108684.510000
108759.480000
108784.473000
108834.452000
108859.443000
108934.416000
108959.407000
109009.387000
109034.378000
109109.349000
109134.340000
109209.312000
109234.303000
109284.284000
109309.275000
109384.247000
109409.238000
109484.210000
109509.200000
109559.182000
109584.173000
109659.144000
109684.136000
109759.107000
109784.098000
109834.079000
109859.070000
109934.042000
109959.032000
110034.005000
110058.995000
110108.978000
110133.968000
110208.940000
110233.930000
110283.914000
110308.903000
110383.876000
110408.866000
110483.837000
110508.829000
110558.812000
110583.800000
110658.774000
110683.763000
110733.744000
110758.737000
110833.708000
110858.699000
110908.679000
110933.673000
111008.642000
111033.635000
111083.613000
111108.607000
111183.577000
111208.570000
111258.549000
111283.540000
111358.512000
111383.502000
111458.474000
111483.466000
111558.437000
111583.430000
111658.400000
111683.392000
111758.363000
111783.355000
111858.327000
111883.318000
111958.290000
111983.280000
112058.253000
112083.242000
112158.215000
112183.205000
112258.177000
112283.167000
112358.140000
112383.131000
112458.102000
112483.093000
112558.065000
112583.055000
112633.037000
112658.028000
112732.999000
112757.990000
112832.962000
112857.954000
112932.925000
112957.916000
113032.887000
113057.879000
113132.850000
113157.841000
113207.822000
113232.813000
113307.785000
113332.776000
113407.747000
113432.740000
113507.710000
113532.704000
113607.673000
113632.666000
113682.645000
113707.637000
113782.609000
113807.598000
113882.571000
113907.561000
113982.534000
114007.526000
114057.505000
114082.497000
114157.468000
114182.459000
114257.432000
114282.425000
114332.404000
114357.394000
114432.366000
114457.358000
114532.329000
114557.321000
114607.301000
114632.292000
114707.264000
114732.255000
114782.236000
114807.227000
114882.200000
114907.190000
114957.172000
114982.162000
115032.142000
115057.135000
115132.108000
115157.097000
115232.071000
115257.060000
115307.040000
115332.034000
115407.005000
115431.995000
115481.975000
115506.969000
115556.947000
115581.938000
115656.910000
115681.903000
115756.872000
115781.865000
115831.844000
115856.836000
115931.807000
115956.799000
116006.780000
116031.770000
116106.743000
116131.733000
116181.714000
116206.706000
116281.677000
116306.669000
116356.652000
116381.639000
116456.614000
116481.602000
116531.583000
116556.576000
116631.546000
116656.538000
116706.519000
116731.511000
116806.484000
116831.474000
116881.453000
116906.448000
116981.416000
117006.410000
117056.388000
117081.379000
117156.352000
117181.344000
117256.314000
117281.307000
117356.277000
117381.270000
117431.248000
117456.242000
117506.220000
117531.213000
117606.184000
117631.175000
117681.156000
117706.146000
117781.118000
117806.110000
117856.092000
117881.082000
117956.054000
117981.044000
118031.027000
118056.017000
118130.990000
118155.980000
118205.960000
118230.953000
118280.932000
118305.925000
118380.895000
118405.888000
118480.857000
118505.851000
118555.829000
118580.820000
118630.802000
118655.793000
118730.765000
118755.756000
118805.736000
118830.728000
118905.699000
118930.691000
118980.673000
119005.663000
119080.635000
119105.624000
119155.608000
119180.597000
119255.571000
119280.561000
119330.544000
119355.533000
119430.505000
119455.495000
119505.475000
119530.471000
119605.438000
119630.431000
119680.410000
119705.402000
119780.374000
119805.367000
119855.345000
119880.336000
119955.308000
119980.299000
120030.280000
120055.272000
120130.243000
120155.234000
120205.215000
120230.206000
