33.326000
133.307000
166.633000
199.962000
233.288000
266.617000
333.272000
366.598000
399.927000
433.252000
466.581000
533.237000
566.561000
599.890000
633.216000
666.545000
733.199000
766.525000
799.854000
833.179000
866.508000
933.162000
966.488000
999.817000
1033.143000
1066.472000
1133.126000
1166.452000
1199.781000
1233.107000
1266.434000
1333.088000
1366.416000
1399.743000
1433.070000
1466.397000
1533.055000
1566.379000
1599.706000
1633.034000
1666.361000
1733.015000
1766.343000
1799.670000
1832.998000
1866.325000
1932.979000
1966.307000
1999.634000
2032.963000
2066.288000
2132.943000
2166.270000
2199.598000
2232.925000
2266.252000
2332.906000
2366.235000
2399.561000
2432.889000
2466.216000
2532.871000
2566.199000
2599.525000
2632.853000
2666.179000
2732.834000
2766.163000
2799.489000
2832.817000
2866.143000
2932.798000
2966.126000
2999.452000
3032.782000
3066.107000
3166.091000
3199.416000
3232.746000
3266.071000
3299.400000
3399.380000
3432.709000
3466.034000
3499.364000
3532.689000
3632.673000
3665.998000
3699.328000
3732.652000
3765.982000
3865.962000
3899.290000
3932.616000
3965.945000
3999.271000
4099.255000
4132.580000
4165.908000
4199.235000
4232.563000
4332.543000
4365.872000
4399.198000
4432.525000
4465.853000
4565.835000
4599.162000
4632.489000
4665.816000
4699.144000
4765.798000
4799.125000
4832.453000
4865.780000
4899.107000
4999.089000
5032.417000
5065.744000
5099.071000
5132.398000
5232.380000
5265.707000
5299.035000
5332.362000
5365.689000
5465.672000
5498.999000
5532.326000
5565.653000
5598.981000
5698.962000
5732.290000
5765.616000
5798.945000
5832.271000
5898.926000
5932.254000
5965.580000
5998.909000
6032.235000
6132.219000
6165.544000
6198.873000
6232.200000
6265.528000
6332.182000
6365.508000
6398.837000
6432.162000
6465.491000
6532.146000
6565.471000
6598.801000
6632.126000
6665.454000
6732.110000
6765.435000
6798.764000
6832.090000
6865.419000
6932.073000
6965.398000
6998.727000
7032.055000
7065.380000
7132.035000
7165.362000
7198.689000
7232.017000
7265.344000
7331.999000
7365.326000
7398.653000
7431.981000
7465.308000
7531.963000
7565.291000
7598.617000
7631.944000
7665.271000
7731.926000
7765.253000
7798.580000
7831.908000
7865.235000
7931.889000
7965.217000
7998.544000
8031.872000
8065.198000
8131.853000
8165.181000
8198.508000
8231.836000
8265.162000
8331.817000
8365.146000
8398.471000
8431.800000
8465.126000
8565.110000
8598.435000
8631.764000
8665.090000
8698.419000
8765.073000
8798.399000
8831.728000
8865.053000
8898.382000
8965.037000
8998.362000
9031.693000
9065.017000
9098.346000
9165.001000
9198.327000
9231.656000
9264.981000
9298.310000
9364.965000
9398.289000
9431.619000
9464.944000
9498.273000
9564.928000
9598.253000
9631.582000
9664.908000
9698.238000
9764.891000
9798.217000
9831.546000
9864.872000
9898.199000
9964.853000
9998.180000
10031.511000
10064.835000
10098.162000
10164.817000
10198.145000
10231.472000
10264.799000
10298.126000
10364.781000
10398.108000
10431.435000
10464.762000
10498.090000
10564.744000
10598.072000
10631.399000
10664.726000
10698.053000
10764.708000
10798.035000
10831.363000
10864.690000
10898.017000
10964.671000
10998.001000
11031.327000
11064.654000
11097.981000
11164.635000
11197.966000
11231.290000
11264.619000
11297.944000
11364.599000
11397.928000
11431.254000
11464.583000
11497.908000
11564.563000
11597.893000
11631.217000
11664.547000
11697.872000
11764.526000
11797.856000
11831.181000
11864.511000
11897.835000
11964.490000
11997.820000
12031.145000
12064.474000
12097.799000
12164.453000
12197.784000
12231.108000
12264.437000
12297.763000
12364.417000
12397.748000
12431.072000
12464.401000
12497.726000
12564.381000
12597.708000
12631.035000
12664.363000
12697.691000
12797.672000
12830.999000
12864.327000
12897.654000
12930.981000
12997.635000
13030.963000
13064.290000
13097.618000
13130.944000
13197.599000
13230.927000
13264.254000
13297.581000
13330.908000
13430.890000
13464.217000
13497.545000
13530.872000
13564.199000
13664.181000
13697.509000
13730.835000
13764.164000
13797.490000
13897.472000
13930.799000
13964.126000
13997.454000
14030.781000
14097.435000
14130.763000
14164.090000
14197.417000
14230.745000
14297.399000
14330.726000
14364.065000
14397.381000
14430.709000
14497.365000
14530.690000
14564.019000
14597.344000
14630.674000
14697.329000
14730.653000
14763.983000
14797.308000
14830.637000
14897.292000
14930.617000
14963.947000
14997.272000
15030.602000
15130.581000
15163.908000
15197.235000
15230.564000
15263.890000
15330.544000
15363.872000
15397.199000
15430.526000
15463.853000
15530.508000
15563.835000
15597.163000
15630.490000
15663.817000
15763.800000
15797.126000
15830.454000
15863.781000
15897.108000
15997.090000
16030.418000
16063.745000
16097.072000
16130.399000
16230.381000
16263.708000
16297.035000
16330.363000
16363.690000
16463.673000
16496.999000
16530.328000
16563.653000
16596.982000
16696.963000
16730.292000
16763.617000
16796.946000
16830.272000
16896.926000
16930.255000
16963.581000
16996.910000
17030.236000
17130.219000
17163.545000
17196.874000
17230.199000
17263.529000
17363.509000
17396.838000
17430.163000
17463.492000
17496.817000
17596.801000
17630.126000
17663.455000
17696.781000
17730.108000
17830.090000
17863.417000
17896.744000
17930.071000
17963.399000
18063.381000
18096.708000
18130.035000
18163.362000
18196.690000
18296.672000
18329.999000
18363.326000
18396.653000
18429.981000
18529.964000
18563.290000
18596.617000
18629.945000
18663.271000
18763.254000
18796.581000
18829.908000
18863.235000
18896.563000
18996.544000
19029.873000
19063.199000
19096.527000
19129.853000
19229.837000
19263.163000
19296.492000
19329.817000
19363.146000
19463.127000
19496.455000
19529.781000
19563.110000
19596.435000
19696.420000
19729.744000
19763.074000
19796.399000
19829.728000
19963.037000
19996.362000
20029.693000
20063.017000
20096.346000
20196.326000
20229.655000
20262.981000
20296.308000
20329.635000
20396.290000
20429.619000
20462.944000
20496.271000
20529.599000
20596.253000
20629.583000
20662.908000
20696.235000
20729.562000
20796.217000
20829.545000
20862.872000
20896.199000
20929.526000
20996.180000
21029.509000
21062.835000
21096.162000
21129.489000
21196.144000
21229.472000
21262.799000
21296.126000
21329.453000
21396.108000
21429.435000
21462.763000
21496.089000
21529.418000
21596.072000
21629.399000
21662.727000
21696.053000
21729.381000
21796.036000
21829.363000
21862.691000
21896.017000
21929.345000
21996.000000
22029.326000
22062.655000
22095.980000
22129.310000
22195.965000
22229.290000
22262.619000
22295.944000
22329.273000
22395.928000
22429.253000
22462.583000
22495.908000
22529.237000
22595.892000
22629.217000
22662.546000
22695.871000
22729.201000
22795.855000
22829.182000
22862.510000
22895.835000
22929.164000
22995.819000
23029.145000
23062.471000
23095.798000
23129.126000
23195.781000
23229.108000
23262.435000
23295.762000
23329.089000
23395.744000
23429.072000
23462.399000
23495.726000
23529.053000
23595.708000
23629.035000
23662.362000
23695.689000
23729.017000
23795.671000
23828.999000
23862.326000
23895.653000
23928.980000
23995.635000
24028.964000
24062.289000
24095.617000
24128.944000
24195.599000
24228.927000
24262.253000
24295.581000
24328.908000
24395.562000
24428.891000
24462.217000
24495.545000
24528.871000
24595.525000
24628.855000
24662.180000
24695.510000
24728.834000
24795.489000
24828.821000
24862.144000
24895.473000
24928.798000
25028.783000
25062.107000
25095.437000
25128.762000
25162.091000
25228.745000
25262.071000
25295.400000
25328.725000
25362.054000
25428.709000
25462.035000
25495.364000
25528.689000
25562.017000
25628.671000
25661.998000
25695.325000
25728.653000
25761.980000
25828.635000
25861.963000
25895.289000
25928.616000
25961.944000
26028.598000
26061.926000
26095.253000
26128.580000
26161.907000
26228.562000
26261.889000
26295.216000
26328.544000
26361.871000
26428.525000
26461.853000
26495.180000
26528.508000
26561.834000
26628.489000
26661.819000
26695.144000
26728.471000
26761.798000
26828.453000
26861.782000
26895.107000
26928.435000
26961.762000
27061.745000
27095.071000
27128.400000
27161.725000
27195.055000
27261.709000
27295.035000
27328.364000
27361.689000
27395.018000
27461.673000
27494.998000
27528.327000
27561.652000
27594.983000
27661.637000
27694.962000
27728.291000
27761.616000
27794.946000
27861.600000
27894.926000
27928.254000
27961.580000
27994.909000
28061.561000
28094.889000
28128.216000
28161.543000
28194.871000
28261.525000
28294.853000
28328.180000
28361.507000
28394.834000
28494.816000
28528.144000
28561.471000
28594.798000
28628.126000
28728.107000
28761.434000
28794.762000
28828.089000
28861.416000
28961.398000
28994.725000
29028.054000
29061.380000
29094.708000
29194.689000
29228.018000
29261.343000
29294.673000
29327.998000
29427.982000
29461.307000
29494.636000
29527.962000
29561.291000
29661.315000
29694.601000
29727.925000
29761.255000
29794.579000
29894.563000
29927.889000
29961.218000
29994.543000
30027.873000
30127.852000
30161.182000
30194.507000
30227.836000
30261.161000
30361.143000
30394.470000
30427.798000
30461.125000
30494.452000
30561.106000
30594.434000
30627.761000
30661.088000
30694.416000
30794.397000
30827.725000
30861.055000
30894.379000
30927.706000
31027.689000
31061.015000
31094.343000
31127.670000
31160.997000
31260.979000
31294.307000
31327.634000
31360.961000
31394.288000
31460.943000
31494.270000
31527.598000
31560.925000
31594.252000
31660.907000
31694.234000
31727.562000
31760.888000
31794.216000
31860.871000
31894.198000
31927.526000
31960.852000
31994.181000
32060.835000
32094.161000
32127.490000
32160.815000
32194.145000
32260.799000
32294.125000
32327.454000
32360.779000
32394.108000
32460.763000
32494.088000
32527.417000
32560.743000
32594.072000
32660.727000
32694.052000
32727.380000
32760.706000
32794.036000
32860.690000
32894.016000
32927.344000
32960.670000
32993.999000
33060.652000
33093.980000
33127.306000
33160.634000
33193.961000
33260.615000
33293.943000
33327.270000
33360.597000
33393.924000
33460.579000
33493.907000
33527.234000
33560.561000
33593.888000
33660.542000
33693.871000
33727.197000
33760.524000
33793.851000
33860.506000
33893.833000
33927.160000
33960.488000
33993.815000
34060.470000
34093.798000
34127.124000
34160.452000
34193.779000
34260.433000
34293.761000
34327.088000
34360.416000
34393.742000
34493.725000
34527.051000
34560.380000
34593.706000
34627.035000
34693.690000
34727.015000
34760.345000
34793.670000
34826.999000
34893.653000
34926.978000
34960.308000
34993.633000
35026.963000
35126.942000
35160.271000
35193.597000
35226.926000
35260.251000
35326.905000
35360.235000
35393.560000
35426.888000
35460.215000
35526.870000
35560.197000
35593.524000
35626.851000
35660.178000
35726.833000
35760.160000
35793.488000
35826.815000
35860.142000
35926.796000
35960.124000
35993.451000
36493.360000
36526.688000
36626.669000
36659.997000
36693.324000
36726.652000
36759.978000
36826.633000
36859.962000
36893.288000
36926.616000
36959.942000
37093.251000
37126.580000
37159.905000
37193.235000
37226.560000
37326.544000
37359.869000
37393.199000
37426.524000
37459.853000
37559.832000
37593.161000
37626.487000
37659.816000
37693.142000
37759.796000
37793.125000
37826.451000
37859.779000
37893.105000
37959.759000
37993.087000
38026.415000
38059.742000
38093.069000
38159.723000
38193.051000
38226.378000
38259.705000
38293.032000
38359.687000
38393.014000
38426.342000
38459.669000
38492.996000
38559.650000
38592.978000
38626.305000
38659.632000
38692.960000
38759.614000
38792.941000
38826.269000
38859.596000
38892.924000
38959.578000
38992.905000
39026.234000
39059.559000
39092.887000
39159.542000
39192.869000
39226.197000
39259.523000
39292.851000
39359.507000
39392.832000
39426.161000
39459.487000
39492.816000
39559.470000
39592.797000
39626.126000
39659.450000
39692.780000
39759.434000
39792.759000
39826.089000
39859.414000
39892.743000
39959.397000
47691.321000
48157.903000
48191.231000
48224.558000
48357.867000
48391.194000
48424.522000
48457.848000
48491.176000
48557.830000
48591.158000
48624.485000
48657.812000
48691.140000
48791.121000
48824.449000
48857.776000
48891.104000
48924.430000
49024.415000
49057.739000
49091.068000
49124.394000
49157.722000
49224.378000
49257.703000
49291.032000
49324.357000
49357.687000
49424.342000
49457.666000
49490.996000
49524.321000
49557.650000
49624.305000
49657.631000
49690.959000
49724.284000
49757.614000
49824.269000
49857.594000
49890.924000
49924.248000
49957.578000
50024.233000
50057.557000
50090.886000
50124.212000
50157.541000
50224.196000
50257.521000
50290.848000
50324.176000
50357.503000
50424.158000
50457.484000
50490.812000
50524.139000
50557.466000
50624.121000
50657.448000
50690.775000
50724.103000
50757.430000
50824.085000
50857.412000
50890.739000
50924.066000
50957.394000
51024.049000
51057.376000
51090.703000
51124.030000
51157.357000
51224.012000
51257.340000
51290.667000
51323.994000
51357.321000
51423.976000
51457.303000
51490.630000
51523.958000
51557.284000
51623.939000
51657.268000
51690.593000
51723.922000
51757.248000
51823.903000
51857.233000
51890.557000
51923.886000
51957.211000
52023.867000
52057.196000
52090.521000
52123.850000
52157.175000
52223.830000
52257.159000
52290.484000
52323.813000
52357.139000
52457.122000
52490.448000
52523.777000
52557.102000
52590.431000
52657.084000
52690.412000
52723.739000
52757.066000
52790.393000
52890.375000
52923.702000
52957.029000
52990.357000
53023.685000
53090.339000
53123.666000
53156.993000
53190.321000
53223.648000
53290.302000
53323.629000
53356.957000
53390.284000
53423.612000
53490.266000
53523.594000
53556.920000
53590.248000
53623.576000
53690.235000
53723.556000
53756.884000
53790.211000
53823.539000
53890.194000
53923.520000
53956.848000
53990.175000
54023.504000
54090.158000
54123.484000
54156.813000
54190.138000
54223.468000
54323.447000
54356.777000
54390.102000
54423.432000
54456.756000
54556.741000
54590.065000
54623.395000
54656.720000
54690.049000
54790.029000
54823.359000
54856.684000
54890.012000
54923.338000
55023.324000
55056.647000
55089.975000
55123.302000
55156.629000
55256.611000
55289.938000
55323.265000
55356.593000
55389.920000
55456.574000
55489.902000
55523.229000
55556.556000
55589.883000
55689.865000
55723.193000
55756.520000
55789.847000
55823.175000
55923.156000
55956.483000
55989.811000
56023.138000
56056.466000
56123.120000
56156.447000
56189.775000
56223.102000
56256.429000
56356.411000
56389.739000
56423.065000
56456.393000
56489.719000
56589.703000
56623.030000
56656.358000
56689.683000
56723.012000
56822.992000
56856.322000
56889.647000
56922.976000
56956.301000
57022.957000
57056.285000
57089.610000
57122.940000
57156.265000
57222.920000
57256.248000
57289.574000
57322.903000
57356.229000
57422.883000
57456.212000
57489.537000
57522.867000
57556.192000
57622.847000
57656.174000
57689.501000
57722.828000
57756.157000
57856.138000
57889.465000
57922.792000
57956.119000
57989.447000
58056.101000
58089.428000
58122.755000
58156.083000
58189.410000
58256.065000
58289.392000
58322.719000
58356.046000
58389.374000
58456.028000
58489.356000
58522.683000
58556.011000
58589.337000
58655.992000
58689.320000
58722.646000
58755.974000
58789.301000
58855.955000
58889.284000
58922.610000
58955.939000
58989.265000
59055.919000
59089.248000
59122.573000
59155.903000
59189.228000
59255.883000
59289.212000
59322.537000
59355.866000
59389.192000
59455.846000
59489.176000
59522.501000
59555.830000
59589.155000
59655.810000
59689.139000
59722.464000
59755.794000
59789.119000
59855.774000
59889.102000
59922.428000
59955.757000
59989.083000
60089.064000
60122.391000
60155.719000
60189.046000
60222.373000
60289.028000
60322.355000
60355.682000
60389.009000
60422.337000
60488.991000
60522.319000
60555.646000
60588.974000
60622.300000
60688.955000
60722.283000
60755.610000
60788.937000
60822.264000
60888.918000
60922.250000
60955.573000
60988.901000
61022.228000
61155.537000
61188.866000
61222.191000
61255.520000
61288.846000
61355.501000
61388.830000
61422.155000
61455.484000
61488.809000
61555.464000
61588.793000
61622.118000
61655.448000
61688.773000
61755.427000
61788.757000
61822.082000
61855.412000
61888.737000
61955.391000
61988.720000
62022.046000
62055.374000
62088.700000
62155.354000
62188.684000
62222.009000
62255.338000
62288.664000
62355.318000
62388.647000
62421.973000
62455.300000
62488.627000
62555.282000
62588.670000
62621.937000
62655.263000
62688.591000
62788.573000
62821.900000
62855.227000
62888.554000
62921.882000
62988.536000
63021.864000
63055.191000
63088.518000
63121.845000
63188.500000
63221.828000
63255.154000
63288.481000
63321.809000
63388.463000
63421.791000
63455.118000
63488.445000
63521.773000
63588.427000
63621.764000
63655.082000
63688.409000
63721.736000
63788.390000
63821.722000
63855.045000
63888.375000
63921.699000
63988.354000
64021.684000
64055.009000
64088.338000
64121.665000
64188.318000
64221.648000
64254.972000
64288.302000
64321.627000
64388.281000
64421.612000
64454.936000
64488.265000
64521.590000
64588.245000
64621.575000
64654.899000
64688.228000
64721.554000
64788.208000
64821.539000
64854.863000
64888.190000
64921.517000
64988.172000
65021.502000
65054.826000
65088.154000
65121.481000
65188.135000
65221.463000
65254.790000
65288.117000
65321.444000
65421.427000
65454.754000
65488.081000
65521.408000
65554.735000
65654.718000
65688.044000
65721.372000
65754.699000
65788.027000
65854.682000
65888.008000
65921.336000
65954.662000
65987.991000
66054.645000
66087.971000
66121.300000
66154.626000
66187.955000
66254.610000
66287.935000
66321.264000
66354.590000
66387.919000
66454.573000
66487.899000
66521.228000
66554.553000
66587.882000
66654.537000
66687.863000
66721.191000
66754.517000
66787.845000
66854.501000
66887.826000
66921.155000
66954.480000
66987.809000
67087.789000
67121.117000
67154.444000
67187.771000
67221.098000
67321.080000
67354.407000
67387.735000
67421.062000
67454.389000
67521.044000
67554.371000
67587.710000
67621.026000
67654.353000
67754.335000
67787.662000
67820.989000
67854.316000
67887.644000
67987.625000
68020.954000
68054.280000
68087.608000
68120.934000
68187.589000
68220.917000
68254.244000
68287.572000
68320.898000
68420.884000
68454.207000
68487.536000
68520.862000
68554.191000
68654.170000
68687.500000
68720.825000
68754.154000
68787.480000
68887.464000
68920.789000
68954.118000
68987.443000
69020.774000
69120.752000
69154.082000
69187.407000
69220.737000
69254.061000
69354.045000
69387.370000
69420.700000
69454.025000
69487.352000
69587.334000
69620.661000
69653.989000
69687.316000
69720.643000
69787.297000
69820.625000
69853.952000
69887.279000
69920.606000
69987.261000
70020.589000
70053.916000
70087.243000
70120.570000
70187.225000
70220.552000
70253.880000
70287.206000
70320.534000
70387.189000
70420.516000
70453.844000
70487.170000
70520.499000
70587.153000
70620.479000
70653.808000
70687.134000
70720.462000
70787.117000
70820.443000
70853.772000
70887.097000
70920.426000
70987.081000
71020.407000
71053.736000
71087.061000
71120.390000
71187.045000
71220.370000
71253.699000
71287.024000
71320.354000
71420.333000
71453.663000
71486.988000
71520.317000
71553.642000
71620.297000
71653.625000
71686.951000
71720.279000
71753.606000
71820.261000
71853.590000
71886.915000
71920.242000
71953.569000
72020.224000
72053.551000
72086.879000
72120.206000
72153.533000
72220.188000
72253.515000
72286.842000
72320.169000
72353.497000
72420.151000
72453.478000
72486.806000
72520.133000
72553.460000
72620.115000
72653.442000
72686.770000
72720.096000
72753.424000
72853.406000
72886.734000
72920.060000
72953.388000
72986.715000
73053.369000
73086.698000
73120.024000
73153.352000
73186.678000
73253.332000
73286.662000
73319.987000
73353.317000
73386.642000
73453.296000
73486.626000
73519.951000
73553.280000
73586.605000
73653.260000
73686.589000
73719.914000
73753.243000
73786.569000
73853.223000
73886.553000
73919.878000
73953.206000
73986.533000
74053.187000
74086.514000
74119.841000
74153.168000
74186.496000
74253.150000
74286.478000
74319.805000
74353.132000
74386.459000
74453.114000
74486.441000
74519.769000
74553.096000
74586.423000
74653.077000
74686.405000
74719.732000
74753.059000
74786.386000
74853.041000
74886.369000
74919.696000
74953.023000
74986.350000
75053.005000
75086.332000
75119.660000
75152.986000
75186.315000
75286.295000
75319.624000
75352.950000
75386.279000
75419.605000
75519.589000
75552.914000
75586.243000
75619.568000
75652.897000
75752.877000
75786.207000
75819.532000
75852.861000
75886.186000
75986.170000
76019.496000
76052.825000
76086.150000
76119.479000
76219.459000
76252.788000
76286.113000
76319.442000
76352.768000
76452.749000
76486.077000
76519.404000
76552.731000
76586.058000
76652.713000
76686.041000
76719.368000
76752.695000
76786.022000
76852.677000
76886.004000
76919.331000
76952.659000
76985.986000
77085.968000
77119.295000
77152.622000
77185.950000
77219.278000
77285.932000
77319.258000
77352.587000
77385.913000
77419.242000
77485.896000
77519.222000
77552.551000
77585.877000
77619.206000
77685.860000
77719.185000
77752.516000
77785.840000
77819.169000
83018.222000
83051.547000
83084.877000
83118.202000
83151.530000
83251.511000
83284.840000
83318.165000
83351.494000
83384.820000
83451.474000
83484.801000
83518.129000
83551.456000
83584.783000
83651.438000
83684.765000
83718.092000
83751.419000
83784.747000
83851.402000
83884.729000
83918.056000
83951.383000
83984.710000
84051.365000
84084.692000
84118.019000
84151.347000
84184.674000
84251.329000
84284.656000
84317.984000
84351.310000
84384.638000
84451.293000
84484.620000
84517.947000
84551.274000
84584.602000
84684.583000
84717.911000
84751.238000
84784.566000
84817.892000
84884.546000
84917.876000
84951.201000
84984.530000
85017.856000
85117.840000
85151.164000
85184.494000
85217.819000
85251.149000
85384.458000
85417.783000
85451.112000
85484.437000
85517.766000
85617.746000
85651.075000
85684.401000
85717.728000
85751.055000
85817.710000
85851.040000
85884.364000
85917.691000
85951.019000
86017.675000
86051.001000
86084.328000
86117.655000
86150.983000
86217.637000
86250.964000
86284.291000
86317.619000
86350.946000
86417.601000
86450.928000
86484.255000
86517.583000
86550.910000
86617.565000
86650.892000
86684.219000
86717.546000
86750.874000
86817.529000
86850.855000
86884.183000
86917.509000
86950.838000
87017.494000
87050.819000
87084.147000
87117.473000
87150.802000
87217.457000
87250.782000
87284.111000
87317.436000
87350.766000
87450.745000
87484.076000
87517.400000
87550.730000
87584.055000
87650.709000
87684.039000
87717.364000
87750.693000
87784.018000
87850.674000
87884.002000
87917.327000
87950.655000
87983.982000
88050.636000
88083.964000
88117.291000
88150.618000
88183.945000
88250.600000
88283.927000
88317.254000
88350.582000
88383.909000
88450.563000
88483.891000
88517.218000
88550.545000
88583.873000
88650.527000
88683.855000
88717.209000
88750.509000
88783.836000
88850.491000
88883.818000
88917.146000
88950.472000
88983.800000
89050.455000
89083.782000
89117.109000
89150.436000
89183.764000
89283.745000
89317.074000
89350.399000
89383.729000
89417.054000
89483.709000
89517.038000
89550.363000
89583.692000
89617.018000
89683.673000
89717.001000
89750.327000
89783.657000
89816.981000
89883.636000
89916.965000
89950.290000
89983.620000
90016.945000
90083.599000
90116.928000
90150.254000
90183.583000
90216.908000
90283.563000
90316.890000
90350.218000
90383.544000
90416.872000
90483.527000
90516.854000
90550.181000
90583.508000
90616.836000
90683.490000
90716.817000
90750.144000
90783.472000
90816.799000
90883.453000
90916.781000
90950.108000
90983.435000
91016.763000
91116.744000
91150.072000
91183.399000
91216.727000
91250.053000
91316.708000
91350.036000
91383.362000
91416.691000
91450.017000
91516.672000
91550.000000
91583.326000
91616.655000
91649.980000
91716.635000
91749.964000
91783.289000
91816.619000
91849.944000
91916.598000
91949.928000
91983.253000
92016.584000
92049.907000
92116.562000
92149.891000
92183.217000
92216.546000
92249.871000
92316.525000
92349.855000
92383.180000
92416.510000
92449.835000
92516.489000
92549.818000
92583.144000
92616.473000
92649.798000
92749.780000
92783.107000
92816.435000
92849.762000
92883.089000
92983.071000
93016.399000
93049.725000
93083.053000
93116.380000
93216.362000
93249.689000
93283.016000
93316.344000
93349.671000
93449.653000
93482.980000
93516.308000
93549.634000
93582.963000
93682.943000
93716.272000
93749.598000
93782.927000
93816.253000
93882.907000
93916.236000
93949.562000
93982.890000
94016.216000
94116.200000
94149.525000
94182.855000
94216.180000
94249.509000
94349.489000
94382.819000
94416.143000
94449.473000
94482.797000
94549.452000
94582.781000
94616.107000
94649.436000
94682.761000
94782.744000
94816.071000
94849.400000
94882.725000
94916.053000
95016.034000
95049.361000
95082.689000
95116.015000
95149.343000
95249.324000
95282.652000
95315.979000
95349.307000
95382.634000
95482.617000
95515.943000
95549.270000
95582.597000
95615.925000
95715.906000
95749.234000
95782.561000
95815.888000
95849.215000
95915.869000
95949.198000
95982.525000
96015.852000
96049.179000
96115.833000
96149.160000
96182.488000
96215.816000
96249.142000
96315.797000
96349.125000
96382.451000
96415.779000
96449.115000
96549.090000
96582.415000
96615.744000
96649.069000
96682.399000
96782.378000
96815.708000
96849.033000
96882.362000
96915.687000
97015.672000
97048.996000
97082.325000
97115.651000
97148.978000
97248.960000
97282.289000
97315.614000
97348.942000
97382.269000
97482.251000
97515.578000
97548.905000
97582.233000
97615.560000
97682.215000
97715.541000
97748.869000
97782.196000
97815.524000
97882.178000
97915.505000
97948.832000
97982.160000
98015.487000
98115.469000
98148.796000
98182.124000
98215.451000
98248.779000
98315.433000
98348.760000
98382.088000
98415.414000
98448.742000
98515.398000
98548.723000
98582.052000
98615.378000
98648.707000
98715.361000
98748.687000
98782.016000
98815.342000
98848.671000
98915.325000
98948.650000
98981.981000
99015.306000
99048.634000
99115.288000
99148.614000
99181.942000
99215.268000
99248.598000
99315.251000
99348.578000
99381.907000
99415.232000
99448.560000
99515.216000
99548.541000
99581.868000
99615.196000
99648.523000
99715.177000
99748.504000
99781.832000
99815.159000
99848.487000
99915.141000
99948.468000
99981.795000
100015.123000
100048.450000
100115.104000
100148.431000
100181.759000
100215.087000
100248.413000
100315.067000
100348.396000
100381.723000
100415.050000
100448.377000
100515.031000
100548.359000
100581.686000
100615.014000
100648.340000
100714.995000
100748.325000
100781.650000
100814.978000
100848.304000
100914.958000
100948.288000
100981.613000
101014.944000
101048.267000
101114.922000
101148.251000
101181.576000
101214.906000
101248.231000
101314.885000
101348.215000
101381.540000
101414.869000
101448.195000
101514.849000
101548.178000
101581.504000
101614.833000
101648.158000
101748.140000
101781.467000
101814.795000
101848.122000
101881.449000
101981.431000
102014.759000
102048.085000
102081.413000
102114.740000
102181.395000
102214.722000
102248.049000
102281.376000
102314.703000
102381.358000
102414.685000
102448.013000
102481.340000
102514.667000
102581.322000
102614.649000
102647.977000
102681.303000
102714.631000
102781.286000
102814.613000
102847.941000
102881.267000
102914.595000
102981.249000
103014.576000
103047.904000
103081.230000
103114.559000
103181.214000
103214.540000
103247.869000
103281.194000
103314.523000
103381.178000
103414.503000
103447.832000
103481.157000
103514.487000
103581.142000
103614.467000
103647.796000
103681.121000
103714.450000
103781.105000
103814.431000
103847.758000
103881.085000
103914.413000
103981.066000
104014.395000
104047.721000
104081.048000
104114.375000
104214.357000
104247.684000
104281.011000
104314.339000
104347.666000
104414.321000
104447.648000
104480.975000
104514.302000
104547.630000
104614.285000
104647.612000
104680.939000
104714.266000
104747.593000
104814.248000
104847.575000
104880.902000
104914.230000
104947.557000
105014.213000
105047.540000
105080.867000
105114.193000
105147.521000
105247.502000
105280.831000
105314.157000
105347.485000
105380.811000
105447.465000
105480.795000
105514.120000
105547.450000
105580.775000
105680.759000
105714.083000
105747.413000
105780.738000
105814.068000
105914.047000
105947.377000
105980.702000
106014.031000
106047.356000
106147.339000
106180.665000
106213.995000
106247.320000
106280.648000
106347.304000
106380.629000
106413.956000
106447.283000
106480.610000
106580.593000
106613.920000
106647.247000
106680.574000
106713.901000
106813.884000
106847.211000
106880.538000
106913.865000
106947.192000
107047.174000
107080.501000
107113.829000
107147.156000
107180.484000
107280.465000
107313.793000
107347.119000
107380.447000
107413.774000
107513.757000
107547.083000
107580.411000
107613.737000
107647.066000
107747.047000
107780.376000
107813.701000
107847.030000
107880.355000
107980.340000
108013.665000
108046.994000
108080.319000
108113.648000
108180.303000
108213.629000
108246.958000
108280.283000
108313.611000
108380.265000
108413.592000
108446.920000
108480.246000
108513.575000
108580.228000
108613.555000
108646.882000
108680.209000
108713.537000
108780.191000
108813.519000
108846.846000
108880.173000
108913.500000
108980.155000
109013.483000
109046.809000
109080.137000
109113.464000
109180.119000
109213.446000
109246.773000
109280.100000
109313.427000
109380.082000
109413.411000
109446.736000
109480.065000
109513.391000
109580.046000
109613.374000
109646.700000
109680.029000
109713.354000
109780.009000
109813.339000
109846.664000
109879.993000
109913.318000
109979.973000
110013.303000
110046.627000
110079.957000
110113.282000
110179.936000
110213.266000
110246.591000
110279.921000
110313.245000
110379.900000
110413.229000
110446.554000
110479.884000
110513.209000
110579.863000
110613.193000
110646.518000
110679.847000
110713.172000
110779.827000
110813.154000
110846.482000
110879.809000
110913.136000
110979.790000
111013.119000
111046.445000
111079.772000
111113.100000
111179.754000
111213.081000
111246.409000
111279.736000
111313.063000
111379.718000
111413.114000
111446.372000
111479.699000
111513.027000
111579.682000
111613.008000
111646.337000
111679.663000
111712.991000
111779.646000
111812.972000
111846.301000
111879.626000
111912.955000
111979.610000
112012.936000
112046.264000
112079.590000
112112.919000
112179.574000
112212.899000
112246.228000
112279.553000
112312.883000
112379.537000
112412.862000
112446.190000
112479.517000
112512.844000
112579.499000
112612.826000
112646.153000
112679.481000
112712.808000
112779.462000
112812.790000
112846.117000
112879.444000
112912.771000
112979.427000
113012.753000
113046.080000
113079.408000
113112.735000
113179.389000
113212.717000
113246.044000
113279.371000
113312.698000
113379.353000
113412.680000
113446.007000
113479.335000
113545.989000
113679.299000
113712.625000
113745.953000
113779.280000
113812.611000
113879.263000
113912.589000
113945.917000
113979.243000
114012.573000
114079.226000
114112.552000
114145.882000
114179.207000
114212.536000
114279.191000
114312.516000
114345.845000
114379.170000
114412.500000
114479.154000
114512.479000
114545.809000
114579.134000
114612.463000
114679.118000
114712.444000
114745.772000
114779.097000
114812.428000
114879.082000
114912.406000
114945.735000
114979.061000
115012.392000
115079.045000
115112.370000
115145.699000
115179.025000
115212.353000
115279.007000
115312.333000
115345.661000
115378.988000
115412.316000
115478.970000
115512.297000
115545.624000
115578.952000
115612.279000
115678.934000
115712.261000
115745.588000
115778.915000
115812.243000
115878.897000
115912.226000
115945.552000
115978.879000
116012.207000
116078.860000
116112.188000
116145.515000
116178.843000
116212.170000
116278.824000
116312.153000
116345.479000
116378.807000
116412.133000
116478.788000
116512.117000
116545.442000
116578.771000
116612.097000
116678.751000
116712.080000
116745.406000
116778.735000
116812.060000
116878.715000
116912.044000
116945.369000
116978.699000
117012.025000
117078.678000
117112.008000
117145.333000
117178.662000
117211.987000
117345.296000
117378.626000
117411.951000
117445.280000
117478.605000
117578.587000
117611.915000
117645.242000
117678.569000
117711.896000
117778.551000
117811.879000
117845.205000
117878.532000
117911.860000
117978.514000
118011.842000
118045.169000
118078.496000
118111.823000
118211.805000
118245.132000
118278.460000
118311.787000
118345.115000
118411.770000
118445.096000
118478.424000
118511.751000
118545.078000
118645.059000
118678.388000
118711.714000
118745.043000
118778.368000
118878.352000
118911.677000
118945.007000
118978.332000
119011.663000
119111.641000
119144.970000
119178.296000
119211.625000
119244.950000
119344.935000
119378.259000
119411.589000
119444.913000
119478.241000
119578.223000
119611.552000
119644.877000
119678.207000
119711.531000
119811.514000
119844.841000
119878.168000
119911.495000
119944.823000
120044.804000
120078.131000
120111.458000
120144.786000
120178.113000
120278.095000
120311.422000
120344.749000
120378.077000
120411.404000
120478.058000
120511.386000
120544.713000
120578.041000
120611.368000
120711.350000
120744.677000
120778.005000
120811.331000
120844.660000
120944.640000
120977.969000
121011.295000
121044.624000
121077.949000
121177.933000
121211.258000
121244.587000
121277.913000
121311.242000
121411.222000
121444.551000
121477.876000
121511.206000
121544.531000
121644.515000
121677.840000
121711.168000
121744.494000
121777.822000
121877.803000
121911.130000
121944.458000
121977.787000
122011.113000
122111.094000
122144.421000
122177.749000
122211.076000
122244.403000
122344.386000
122377.712000
122411.040000
122444.367000
122477.694000
124277.366000
124310.693000
124344.020000
124377.347000
124410.675000
124510.657000
124543.984000
124577.311000
124610.638000
124643.965000
124743.947000
124777.274000
124810.602000
124843.930000
124877.256000
124977.239000
125010.566000
125043.893000
125077.220000
125110.548000
125210.529000
125243.857000
125277.183000
125310.512000
125343.838000
125443.822000
125477.147000
125510.476000
125543.801000
125577.130000
125677.110000
125710.440000
125743.765000
125777.094000
125810.420000
125910.403000
125943.728000
125977.058000
126010.384000
126043.711000
126143.693000
126177.020000
126210.347000
126243.674000
126277.001000
126376.983000
126410.310000
126443.637000
126476.965000
126510.292000
126610.274000
126643.601000
126676.929000
126710.255000
126743.583000
126843.566000
126876.892000
126910.219000
126943.546000
126976.873000
127076.856000
127110.182000
127143.510000
127176.837000
127210.165000
127310.146000
127343.476000
127376.800000
127410.130000
127443.455000
127543.439000
127576.765000
127610.093000
127643.418000
127676.748000
127776.728000
127810.057000
127843.382000
127876.712000
127910.037000
128010.023000
128043.346000
128076.675000
128110.000000
128143.330000
128209.985000
128243.309000
128276.639000
128309.964000
128343.293000
128409.947000
128443.273000
128476.602000
128509.927000
128543.256000
128609.909000
128643.236000
128676.563000
128709.891000
128743.218000
128809.873000
128843.200000
128876.527000
128909.854000
128943.181000
129009.836000
129043.164000
129076.491000
129109.818000
129143.145000
129209.800000
129243.127000
129276.461000
129309.781000
129343.109000
129409.763000
129443.091000
129476.418000
129509.745000
129543.072000
129609.727000
129643.055000
129676.381000
129709.709000
129743.035000
129809.690000
129843.019000
129876.345000
129909.673000
129942.999000
130042.983000
130076.308000
130109.637000
130142.963000
130176.292000
130242.946000
130276.272000
130309.601000
130342.926000
130376.256000
130442.908000
130476.235000
130509.565000
130542.890000
130576.218000
130642.873000
130676.199000
130709.526000
130742.853000
130776.182000
130876.162000
130909.490000
130942.817000
130976.144000
131009.472000
131109.515000
131142.780000
131176.108000
131209.435000
131242.762000
131342.744000
131376.071000
131409.399000
131442.726000
131476.053000
131576.034000
131609.362000
131642.689000
131676.017000
131709.344000
131809.328000
131842.653000
131875.981000
131909.307000
131942.636000
132042.616000
132075.945000
132109.271000
132142.600000
132175.925000
132275.909000
132309.234000
132342.564000
132375.889000
132409.219000
132509.199000
132542.527000
132575.852000
132609.182000
132642.507000
132742.491000
132775.816000
132809.146000
132842.471000
132875.799000
132942.452000
132975.779000
133009.109000
133042.434000
133075.761000
133175.743000
133209.070000
133242.397000
133275.725000
133309.052000
133375.706000
133409.034000
133442.361000
133475.688000
133509.016000
133608.997000
133642.324000
133675.652000
133708.979000
133742.306000
133842.289000
133875.615000
133908.943000
133942.270000
133975.598000
134042.252000
134075.579000
134108.907000
134142.233000
134175.562000
134242.216000
134275.542000
134308.871000
134342.197000
134375.526000
134442.181000
134475.506000
134508.835000
134542.161000
134575.490000
134642.144000
134675.470000
134708.799000
134742.124000
134775.453000
134875.433000
134908.762000
134942.087000
134975.416000
135008.743000
135108.723000
135142.051000
135175.381000
135208.706000
135242.033000
135342.015000
135375.342000
135408.669000
135441.996000
135475.324000
135575.305000
135608.633000
135641.960000
135675.287000
135708.614000
135775.269000
135808.596000
135841.924000
135875.251000
135908.578000
135975.233000
136008.561000
136041.887000
136075.215000
136108.541000
136175.196000
136208.524000
136241.851000
136275.179000
136308.505000
136375.159000
136408.489000
136441.814000
136475.143000
136508.468000
136575.123000
136608.452000
136641.777000
136675.107000
136708.432000
136775.086000
136808.416000
136841.741000
136875.071000
136908.395000
136975.050000
137008.380000
137041.704000
137075.034000
137108.359000
137175.014000
137208.343000
137241.668000
137274.997000
137308.323000
137374.977000
137408.306000
137441.632000
137474.959000
137508.286000
137608.268000
137641.595000
137674.923000
137708.249000
137741.577000
137808.231000
137841.559000
137874.886000
137908.214000
137941.540000
138008.196000
138041.522000
138074.850000
138108.177000
138141.504000
138208.159000
138241.486000
138274.813000
138308.141000
138341.467000
138408.122000
138441.450000
138474.777000
138508.105000
138541.431000
138608.086000
138641.414000
138674.740000
138708.069000
138741.394000
138808.049000
138841.378000
138874.704000
138908.033000
138941.358000
139008.013000
139041.342000
139074.667000
139107.997000
139141.322000
139207.976000
139241.305000
139274.631000
139307.959000
139341.285000
139407.940000
139441.269000
139474.594000
139507.922000
139541.249000
139607.903000
139641.230000
139674.558000
139707.885000
139741.212000
139807.867000
139841.195000
139874.521000
139907.848000
139941.176000
140007.831000
140041.157000
140074.485000
140107.812000
140141.139000
140207.794000
140241.121000
140274.448000
140307.776000
140341.103000
140441.085000
140474.412000
140507.739000
140541.067000
140574.394000
140641.048000
140674.376000
140707.703000
140741.032000
140774.357000
140841.012000
140874.341000
140907.666000
140940.995000
140974.320000
141040.975000
141074.305000
141107.630000
141140.959000
141174.284000
141240.939000
141274.268000
141307.593000
141340.923000
141374.248000
141440.902000
141474.231000
141507.557000
141540.886000
141574.211000
141640.866000
141674.195000
141707.520000
141740.847000
141774.175000
141840.829000
141874.156000
141907.484000
141940.811000
141974.138000
142040.793000
142074.120000
142107.448000
142140.775000
142174.102000
142274.084000
142307.411000
142340.738000
142374.065000
142407.393000
142474.047000
142507.376000
142540.702000
142574.030000
142607.356000
142674.011000
142707.339000
142740.665000
142773.994000
142807.320000
142873.974000
142907.303000
142940.629000
142973.957000
143007.284000
143073.938000
143107.268000
143140.592000
143173.922000
143207.247000
143273.901000
143307.231000
143340.556000
143373.886000
143407.211000
143473.865000
143507.194000
143540.519000
143573.849000
143607.174000
143673.829000
143707.158000
143740.483000
143773.811000
143807.137000
143907.120000
143940.447000
143973.774000
144007.102000
144040.428000
144107.082000
144140.410000
144173.737000
144207.065000
144240.392000
144340.374000
144373.701000
144407.028000
144440.355000
144473.683000
144573.664000
144606.993000
144640.319000
144673.647000
144706.973000
144773.628000
144806.956000
144840.282000
144873.610000
144906.937000
145006.920000
145040.246000
145073.574000
145106.900000
145140.229000
145206.884000
145240.210000
145273.537000
145306.864000
145340.191000
145406.846000
145440.173000
145473.500000
145506.827000
145540.155000
145640.137000
145673.464000
145706.791000
145740.118000
145773.446000
145873.429000
145906.754000
145940.083000
145973.409000
146006.738000
146106.717000
146140.048000
146173.372000
146206.700000
146240.027000
146340.009000
146373.336000
146406.663000
146439.990000
146473.318000
146573.300000
146606.627000
146639.954000
146673.281000
146706.608000
146806.591000
146839.918000
146873.245000
146906.572000
146939.899000
147006.554000
147039.882000
147073.208000
149272.808000
149306.134000
149439.443000
149472.772000
149506.098000
149539.426000
149572.752000
149639.407000
149672.737000
149706.061000
149739.390000
149772.716000
149839.371000
149872.700000
149906.025000
149939.354000
149972.679000
150039.334000
150072.664000
150105.988000
150139.318000
150172.643000
150239.297000
150272.626000
150305.952000
150339.280000
150372.606000
150472.588000
150505.916000
150539.243000
150572.570000
150605.897000
150672.553000
150705.879000
150739.206000
150772.534000
150805.861000
150872.515000
150905.842000
150939.170000
150972.497000
151005.825000
151105.806000
151139.133000
151172.461000
151205.788000
151239.115000
151305.770000
151339.097000
151372.424000
151405.752000
151439.079000
151505.735000
151539.061000
151572.389000
151605.715000
151639.044000
151705.698000
151739.024000
151772.353000
151805.679000
151839.008000
151905.662000
151938.987000
151972.317000
152005.642000
152038.971000
152105.626000
152138.951000
152172.280000
152205.606000
152238.935000
152305.589000
152338.915000
152372.244000
152405.569000
152438.898000
152505.553000
152538.879000
152572.207000
152605.533000
152638.861000
152738.842000
152772.169000
152805.496000
152838.824000
152872.150000
152972.132000
153005.460000
153038.787000
153072.114000
153105.441000
153205.423000
153238.750000
153272.078000
153305.405000
153338.733000
153438.714000
153472.041000
153538.696000
159604.256000
159637.584000
159770.894000
159804.224000
159837.547000
159870.874000
159904.202000
159970.856000
160004.184000
160037.511000
160070.838000
160104.166000
160204.147000
160237.475000
160270.801000
160304.130000
160337.456000
160437.441000
160470.765000
160504.096000
160537.419000
160570.748000
160670.728000
160704.058000
160737.383000
160770.713000
160804.038000
160870.692000
160904.021000
160937.347000
160970.676000
161004.002000
161103.985000
161137.310000
161170.640000
161203.965000
161237.294000
161303.948000
161337.274000
161370.603000
161403.929000
161437.257000
161503.912000
161537.237000
161570.567000
161603.892000
161637.219000
161703.873000
161737.201000
161770.528000
161803.855000
161837.183000
161903.837000
161937.164000
161970.492000
162003.819000
162037.146000
162103.807000
162137.128000
162170.456000
162203.782000
162237.109000
162303.764000
162337.092000
162370.419000
162403.746000
162437.073000
162503.728000
162537.056000
162570.382000
162603.710000
162637.037000
162703.691000
162737.020000
162770.346000
162803.674000
162837.000000
162936.984000
162970.309000
163003.640000
163036.964000
163070.293000
163136.947000
163170.274000
163203.602000
163236.927000
163270.257000
163336.912000
163370.236000
163403.566000
163436.891000
163470.220000
163536.874000
163570.200000
163603.529000
163636.854000
163670.184000
163736.836000
163770.163000
163803.493000
163836.818000
163870.145000
163936.799000
163970.128000
164003.455000
164036.781000
164070.109000
164136.763000
164170.091000
164203.418000
164236.745000
164270.072000
164336.727000
164370.054000
164403.382000
164436.708000
164470.036000
164536.690000
164570.019000
164603.345000
164636.673000
164669.999000
164736.653000
164769.982000
164803.309000
164836.637000
164869.963000
164936.618000
164969.946000
165003.272000
165036.600000
165069.926000
165136.581000
165169.911000
165203.235000
165236.565000
165269.890000
165369.874000
165403.199000
165436.528000
165469.853000
165503.183000
165569.838000
165603.163000
165636.492000
165669.817000
165703.146000
165769.800000
165803.126000
165836.455000
165869.780000
165903.108000
165969.764000
166003.091000
166036.417000
166069.744000
166103.071000
166169.726000
166203.054000
166236.380000
166269.708000
166303.035000
166369.689000
166403.017000
166436.344000
166469.671000
166502.999000
166569.653000
166602.981000
166636.307000
166669.635000
166702.962000
166769.617000
166802.944000
166836.271000
166869.598000
166902.925000
166969.580000
167002.910000
167036.235000
167069.563000
167102.889000
167169.544000
167202.872000
167236.198000
167269.527000
167302.852000
167369.507000
167402.837000
167436.162000
167469.491000
167502.817000
167569.470000
167602.800000
167636.125000
167669.455000
167702.779000
167769.434000
167802.764000
167836.089000
167869.418000
167902.743000
167969.397000
168002.728000
168036.052000
168069.380000
168102.707000
168169.361000
168202.691000
168236.016000
168269.343000
168302.670000
168369.325000
168402.652000
168435.979000
168469.306000
168502.634000
168602.616000
168635.943000
168669.270000
168702.597000
168735.925000
168835.907000
168869.234000
168902.561000
168935.888000
168969.216000
169069.197000
169102.525000
169135.852000
169169.180000
169202.506000
169302.488000
169335.815000
169369.143000
169402.470000
169435.798000
169502.453000
169535.778000
169569.108000
169602.433000
169635.762000
169702.417000
169735.742000
169769.072000
169802.397000
169835.726000
169935.706000
169969.035000
170002.362000
170035.690000
170069.015000
170168.998000
170202.324000
170235.652000
170268.979000
170302.306000
170368.960000
170402.287000
170435.616000
170468.942000
170502.271000
170602.251000
170635.578000
170668.905000
170702.233000
170735.560000
170835.542000
170868.869000
170902.196000
170935.524000
170968.851000
171035.505000
171068.832000
171102.160000
171135.487000
171168.814000
171268.797000
171302.123000
171335.451000
171368.778000
171402.106000
171468.760000
171502.087000
171535.416000
171568.741000
171602.070000
171668.724000
171702.050000
171735.379000
171768.705000
171802.034000
171902.014000
171935.343000
171968.668000
172001.998000
172035.323000
172135.307000
172168.632000
172201.961000
172235.286000
172268.616000
172368.596000
172401.925000
172435.250000
172468.578000
172501.905000
172601.889000
172635.213000
172668.541000
172701.868000
172735.195000
172835.177000
172868.504000
172901.832000
172935.159000
172968.486000
173068.468000
173101.795000
173135.122000
173168.450000
173201.777000
173301.758000
173335.086000
173368.413000
173401.741000
173435.068000
173535.049000
173568.377000
173601.704000
173635.032000
173668.358000
173768.341000
173801.667000
173834.997000
173868.322000
173901.650000
174001.632000
174034.961000
174068.285000
174101.615000
174134.940000
174234.924000
174268.249000
174301.579000
174334.903000
174368.233000
174468.212000
174501.542000
174534.867000
174568.196000
174601.522000
174701.505000
174734.831000
174768.158000
174801.485000
174834.813000
174934.794000
174968.121000
175001.449000
175034.776000
175068.103000
175168.085000
175201.412000
175234.739000
175268.066000
175301.394000
175401.376000
175434.703000
175468.030000
175501.358000
175534.685000
175601.340000
175634.666000
175667.995000
175701.321000
175734.649000
175801.304000
175834.630000
175867.958000
175901.285000
175934.613000
176001.269000
176034.594000
176067.922000
176101.248000
176134.577000
176234.557000
176267.887000
176301.212000
176334.542000
176367.866000
176467.850000
176501.175000
176534.505000
176567.830000
176601.159000
176701.139000
176734.468000
176767.793000
176801.123000
176834.448000
176934.431000
176967.757000
177001.086000
177034.411000
177067.738000
177134.393000
177167.721000
177201.047000
177234.375000
177267.702000
177334.357000
177367.684000
177401.011000
177434.339000
177467.665000
177534.320000
177567.648000
177600.974000
177634.302000
177667.629000
177734.283000
177767.611000
177800.938000
177834.266000
177867.592000
177934.247000
177967.641000
178000.902000
178034.229000
178067.556000
178167.538000
178200.865000
178234.192000
178267.519000
178300.847000
178367.501000
178400.829000
178434.156000
178467.483000
178500.811000
178567.465000
178600.792000
178634.121000
178667.446000
178700.776000
178767.430000
178800.755000
178834.085000
178867.410000
178900.739000
178967.394000
179000.719000
179034.047000
179067.373000
179100.702000
179167.358000
179200.683000
179234.010000
179267.337000
179300.664000
179367.319000
179400.647000
179433.974000
179467.301000
179500.628000
179567.282000
179600.610000
179633.937000
179667.264000
179700.591000
179933.882000
180000.538000
180033.864000
180067.192000
180100.518000
180200.502000
180233.827000
