22.159000
155.126000
177.287000
199.451000
221.610000
243.771000
265.933000
288.094000
310.256000
332.416000
354.578000
443.223000
465.385000
487.546000
509.709000
531.868000
554.030000
576.191000
598.353000
620.515000
642.675000
731.320000
753.481000
775.642000
797.804000
819.967000
842.126000
864.288000
886.449000
908.612000
930.774000
1019.419000
1041.578000
1063.739000
1085.901000
1108.062000
1130.226000
1152.384000
1174.546000
1196.708000
1218.870000
1307.514000
1329.677000
1351.836000
1373.998000
1396.159000
1418.321000
1440.484000
1462.643000
1484.804000
1506.966000
1573.449000
1595.611000
1617.773000
1639.936000
1662.095000
1684.256000
1706.417000
1728.579000
1750.743000
1772.901000
1861.550000
1883.708000
1905.869000
1928.030000
1950.194000
1972.353000
1994.514000
2016.676000
2038.838000
2061.000000
2149.645000
2171.805000
2193.966000
2216.127000
2238.289000
2260.452000
2282.611000
2304.773000
2326.934000
2349.096000
2437.740000
2459.904000
2482.063000
2504.224000
2526.386000
2548.547000
2570.711000
2592.870000
2615.031000
2637.192000
2725.838000
2747.999000
2770.162000
2792.321000
2814.483000
2836.644000
2858.806000
2880.969000
2903.128000
2925.289000
3013.934000
3036.096000
3058.257000
3080.420000
3102.580000
3124.742000
3146.902000
3169.064000
3191.227000
3213.386000
3302.033000
3324.193000
3346.354000
3368.516000
3390.679000
3412.838000
3434.999000
3457.161000
3479.323000
3501.485000
3612.291000
3634.451000
3656.612000
3678.774000
3700.937000
3723.096000
3745.258000
3767.419000
3789.581000
3811.743000
3900.388000
3922.548000
3944.710000
3966.871000
3989.032000
4011.195000
4033.354000
4055.516000
4077.677000
4099.839000
4188.484000
4210.648000
4232.807000
4254.968000
4277.129000
4299.290000
4321.454000
4343.613000
4365.774000
4387.935000
4476.580000
4498.743000
4520.906000
4543.065000
4565.226000
4587.388000
4609.549000
4631.712000
4653.871000
4676.032000
4764.677000
4786.839000
4809.000000
4831.163000
4853.323000
4875.484000
4897.645000
4919.808000
4941.970000
4986.291000
5097.098000
5119.259000
5141.422000
5163.581000
5185.742000
5207.904000
5230.065000
5252.228000
5274.388000
5296.549000
5385.195000
5407.355000
5429.517000
5451.680000
5473.839000
5496.000000
5518.162000
5540.324000
5562.486000
5584.646000
5673.292000
5695.452000
5717.614000
5739.775000
5761.938000
5784.098000
5806.259000
5828.420000
5850.582000
5872.745000
5961.390000
5983.549000
6005.711000
6027.872000
6050.034000
6072.197000
6094.356000
6116.517000
6138.678000
6160.841000
6227.324000
6249.485000
6271.649000
6293.808000
6315.970000
6338.132000
6360.293000
6382.456000
6404.614000
6426.776000
6515.421000
6537.582000
6559.743000
6581.906000
6604.066000
6626.227000
6648.388000
6670.550000
6692.713000
6714.873000
6803.517000
6825.679000
6847.840000
6870.002000
6892.166000
6914.324000
6936.485000
6958.647000
6980.809000
7002.971000
7091.616000
7113.778000
7135.937000
7158.099000
7180.260000
7202.423000
7224.583000
7246.744000
7268.905000
7291.067000
7357.550000
7379.712000
7401.875000
7424.034000
7446.195000
7468.357000
7490.519000
7512.682000
7534.841000
7557.003000
7645.647000
7667.809000
7689.970000
7712.133000
7734.292000
7756.454000
7778.615000
7800.777000
7822.941000
7845.099000
7933.745000
7955.906000
7978.067000
8000.228000
8022.392000
8044.551000
8066.712000
8088.873000
8111.035000
8133.198000
8221.841000
8244.004000
8266.164000
8288.325000
8310.486000
8332.650000
8354.809000
8376.970000
8399.132000
8421.293000
8509.938000
8532.102000
8554.261000
8576.422000
8598.583000
8620.744000
8642.908000
8665.067000
8687.228000
8709.390000
8798.035000
8820.196000
8842.360000
8864.519000
8886.680000
8908.841000
8931.003000
8953.166000
8975.326000
8997.487000
9086.132000
9108.293000
9130.455000
9152.617000
9174.777000
9196.938000
9219.100000
9241.262000
9263.425000
9285.584000
9352.069000
9374.231000
9396.390000
9418.551000
9440.714000
9462.876000
9485.035000
9507.198000
9529.358000
9551.520000
9640.165000
9662.328000
9684.489000
9706.649000
9728.810000
9750.971000
9773.133000
9795.294000
9817.455000
9839.617000
9906.100000
9928.261000
10814.716000
10836.875000
10881.198000
10903.361000
10925.520000
10947.681000
10969.843000
10992.005000
11102.812000
11124.974000
11147.133000
11169.294000
11191.456000
11213.619000
11235.778000
11257.940000
11280.101000
11302.263000
11390.908000
11413.070000
11435.232000
11457.391000
11479.553000
11501.715000
11523.877000
11546.037000
11568.198000
11590.359000
11656.843000
11679.004000
11701.166000
11723.328000
11745.488000
11767.651000
11789.811000
11811.973000
11834.136000
11856.295000
11944.942000
11967.101000
11989.263000
12011.424000
12033.587000
12055.747000
12077.908000
12100.069000
12122.231000
12144.394000
12210.876000
12233.038000
12255.199000
12277.360000
12299.521000
12321.683000
12343.846000
12366.005000
12388.166000
12410.328000
12498.973000
12521.134000
12543.298000
12565.458000
12587.618000
12609.779000
12631.941000
12654.104000
12676.263000
12698.425000
12787.070000
12809.231000
12831.392000
12853.555000
12875.715000
12897.876000
12920.037000
12942.199000
12964.362000
12986.522000
13075.169000
13097.328000
13119.489000
13141.650000
13163.813000
13185.973000
13208.134000
13230.296000
13252.457000
13274.620000
13363.264000
13385.427000
13407.586000
13429.747000
13451.909000
13474.072000
13496.231000
13518.393000
13540.554000
13562.715000
13673.523000
13695.685000
13717.845000
13740.006000
13762.168000
13784.330000
13806.490000
13828.651000
13850.812000
13872.974000
13961.619000
14005.943000
14028.103000
14050.264000
14072.425000
14094.590000
14116.748000
14138.909000
14161.071000
14183.232000
14271.877000
14294.041000
14316.202000
14338.361000
14360.522000
14382.684000
14404.846000
14427.006000
14449.167000
14471.329000
14537.813000
14582.135000
14604.298000
14626.458000
14648.619000
14670.780000
14692.942000
14715.105000
14737.264000
14759.426000
14848.071000
14892.393000
14914.557000
14936.716000
14958.877000
15025.364000
15047.522000
15069.684000
15091.845000
15114.007000
15224.815000
15246.974000
15269.136000
15291.297000
15313.459000
15335.622000
15357.781000
15379.942000
15402.103000
15424.266000
15512.910000
15535.073000
15557.233000
15579.394000
15601.555000
15623.717000
15645.880000
15668.039000
15690.200000
15712.362000
15801.007000
15823.168000
15845.331000
15867.491000
15889.652000
15911.813000
15933.976000
15956.137000
15978.297000
16000.459000
16089.104000
16111.265000
16133.426000
16155.590000
16177.749000
16199.911000
16222.072000
16244.234000
16266.396000
16288.555000
16377.201000
16399.362000
16421.524000
16443.685000
16465.848000
16488.007000
16510.168000
16532.330000
16554.492000
16576.654000
16665.300000
16687.459000
16709.620000
16731.782000
16753.943000
16776.106000
16798.266000
16820.427000
16842.588000
16864.751000
16953.394000
16975.558000
16997.717000
17019.879000
17042.040000
17064.202000
17086.364000
17108.523000
17130.685000
17152.846000
17263.653000
17285.816000
17307.975000
17330.137000
17352.298000
17374.460000
17396.623000
17418.782000
17440.943000
17463.105000
17551.750000
17573.911000
17596.072000
17618.234000
17640.395000
17662.556000
17684.718000
17706.881000
17729.040000
17751.202000
17839.847000
17862.008000
17884.170000
17906.333000
17928.492000
17950.653000
17972.814000
17994.977000
18017.139000
18039.298000
18150.105000
18172.267000
18194.496000
18216.591000
18238.750000
18260.911000
18283.073000
18305.235000
18327.395000
18349.557000
18438.202000
18460.363000
18482.525000
18504.686000
18549.008000
18571.170000
18593.331000
18615.494000
18637.653000
18659.815000
18748.460000
18770.622000
18792.783000
18814.946000
18837.108000
18859.266000
18881.428000
18903.589000
18925.752000
18947.912000
19036.559000
19058.719000
19080.881000
19103.041000
19125.203000
19147.363000
19169.525000
19191.686000
19213.847000
19236.011000
19324.654000
19346.818000
19368.977000
19391.138000
19413.299000
19435.462000
19457.623000
19479.783000
19501.945000
19524.106000
19612.751000
19634.913000
19657.075000
19679.235000
19701.396000
19723.557000
19767.880000
19790.041000
19812.203000
19834.364000
19923.009000
19945.173000
19989.493000
20011.655000
20033.816000
20055.979000
20078.138000
20100.300000
20122.460000
20144.622000
20233.267000
20255.429000
20277.593000
20299.751000
20321.913000
20344.074000
20366.237000
20388.396000
20410.558000
20432.719000
20521.365000
20543.525000
20565.688000
20587.850000
20610.009000
20632.171000
20654.332000
20676.495000
20698.655000
20720.816000
20831.622000
20853.785000
20875.947000
20898.106000
20920.267000
20942.429000
20964.590000
20986.753000
21008.913000
21031.074000
21119.719000
21141.881000
21164.042000
21186.205000
21208.365000
21230.526000
21252.687000
21274.849000
21297.012000
21319.171000
21407.818000
21429.978000
21452.139000
21474.300000
21496.463000
21518.625000
21540.784000
21562.945000
21585.107000
21607.270000
21695.914000
21718.076000
21740.236000
21762.397000
21784.559000
21806.721000
21828.881000
21851.042000
21873.204000
21895.365000
22006.173000
22028.335000
22050.494000
22072.655000
22094.817000
22116.980000
22139.139000
22161.300000
22183.462000
22205.624000
22294.269000
22316.431000
22338.591000
22360.752000
22382.913000
22427.238000
22449.397000
22471.558000
22493.720000
22515.882000
22604.526000
22626.689000
22648.849000
22671.010000
22693.171000
22715.333000
22737.497000
22759.655000
22781.817000
22803.978000
22914.785000
22936.950000
22959.107000
22981.269000
23003.430000
23025.592000
23047.754000
23069.914000
23092.075000
23114.236000
23225.043000
23247.206000
23269.365000
23291.527000
23313.688000
23335.850000
23358.013000
23380.172000
23402.333000
23424.494000
23535.301000
23557.464000
23579.624000
23601.785000
23623.946000
23646.108000
23668.270000
23690.430000
23712.591000
23734.753000
23845.559000
23867.723000
23889.882000
23912.043000
23934.204000
23956.366000
23978.528000
24000.688000
24022.850000
24045.011000
24133.656000
24155.818000
24177.981000
24200.140000
24222.302000
24244.462000
24266.625000
24288.787000
24310.946000
24333.108000
24443.914000
24466.076000
24488.239000
24510.398000
24532.560000
24554.721000
24576.883000
24599.043000
24621.205000
24643.366000
24754.188000
24776.335000
24798.497000
24820.657000
24842.818000
24864.979000
24887.142000
24909.301000
24931.463000
24953.625000
25064.431000
25086.593000
25108.755000
25130.914000
25153.076000
25175.237000
25197.400000
25219.560000
25241.721000
25263.882000
25352.528000
25374.689000
25396.851000
25419.013000
25441.174000
25463.334000
25485.495000
25507.659000
25529.818000
25551.979000
25640.625000
25662.786000
25684.947000
25707.110000
25729.271000
25751.431000
25773.592000
25795.754000
25817.917000
25840.076000
25928.723000
25950.883000
25973.044000
25995.205000
26017.368000
26039.528000
26061.689000
26083.850000
26106.012000
26128.175000
26216.820000
26238.982000
26261.141000
26283.302000
26305.464000
26327.627000
26349.786000
26371.947000
26394.109000
26416.270000
26504.916000
26527.078000
26549.238000
26571.399000
26593.560000
26615.722000
26637.886000
26660.044000
26682.206000
26704.367000
26770.851000
26793.012000
26815.174000
26837.335000
26859.498000
26881.657000
26903.819000
26925.980000
26948.143000
26970.302000
27058.950000
27081.109000
27103.271000
27125.432000
27147.594000
27169.754000
27191.916000
27214.077000
27236.238000
27258.401000
27324.883000
27347.045000
27369.208000
27391.367000
27413.528000
27435.690000
27457.853000
27480.012000
27502.174000
27524.335000
27612.980000
27635.142000
27657.305000
27679.465000
27701.625000
27745.948000
27768.111000
27790.271000
27812.432000
27834.593000
27923.239000
27945.400000
27967.562000
27989.724000
28011.883000
28034.045000
28056.207000
28078.370000
28100.529000
28122.690000
28211.335000
28233.497000
28255.658000
28277.821000
28299.981000
28322.142000
28344.303000
28366.464000
28388.626000
28410.787000
28499.435000
28521.594000
28543.755000
28565.916000
28588.079000
28610.239000
28632.400000
28654.561000
28676.723000
28698.886000
28787.530000
28809.691000
28831.852000
28854.013000
28876.174000
28898.337000
28920.497000
28942.658000
28964.819000
28986.981000
29075.626000
29097.788000
29119.950000
29142.110000
29164.271000
29186.433000
29208.596000
29230.755000
29252.917000
29275.078000
29363.723000
29385.884000
29408.047000
29430.208000
29452.368000
29474.530000
29496.691000
29518.854000
29541.013000
29563.174000
29673.981000
29696.142000
29718.306000
29740.465000
29762.626000
29784.787000
29806.949000
29829.113000
29851.272000
29873.433000
29962.078000
29984.240000
30006.401000
32421.982000
32444.144000
32488.467000
32510.629000
32532.789000
32554.950000
32577.112000
32687.918000
32710.082000
32732.240000
32754.402000
32776.564000
32798.726000
32820.887000
32843.047000
32865.208000
32887.369000
32976.015000
32998.177000
33020.339000
33064.660000
33086.821000
33108.983000
33131.144000
33153.305000
33175.466000
33197.628000
33286.273000
33308.435000
33330.599000
33352.757000
33374.918000
33397.080000
33419.242000
33441.402000
33463.563000
33485.725000
33574.370000
33596.531000
33618.693000
33640.854000
33663.015000
33685.176000
33707.338000
33729.501000
33751.660000
33773.822000
33862.467000
33884.628000
33906.790000
33928.952000
33951.114000
33973.273000
33995.434000
34017.596000
34039.759000
34061.918000
34150.566000
34172.725000
34194.886000
34217.047000
34239.210000
34261.370000
34283.531000
34305.693000
34327.855000
34350.017000
34416.500000
34438.661000
34460.824000
34482.983000
34505.145000
34527.306000
34549.469000
34571.628000
34593.790000
34615.951000
34704.596000
34726.757000
34748.920000
34771.081000
34793.241000
34815.403000
34837.564000
34859.727000
34881.886000
34904.048000
34992.693000
36676.952000
36699.114000
36743.437000
36765.597000
36787.758000
36809.921000
36832.081000
36854.242000
36876.404000
36965.049000
36987.210000
37009.373000
37031.535000
37053.694000
37075.855000
37098.017000
37120.180000
37142.339000
37164.501000
37253.145000
37275.307000
37297.468000
37319.631000
37341.793000
37363.952000
37386.113000
37408.275000
37430.439000
37452.597000
37541.245000
37563.404000
37585.565000
37607.726000
37629.889000
37652.049000
37674.210000
37696.372000
37718.533000
37740.696000
37829.341000
37851.593000
37873.662000
37895.823000
37917.984000
37940.147000
37962.307000
37984.468000
38006.630000
38028.791000
38117.436000
38139.599000
38161.760000
38183.920000
38206.081000
38228.243000
38250.407000
38272.565000
38294.727000
38316.888000
38427.695000
38449.909000
38472.019000
38494.178000
38516.340000
38538.501000
38560.664000
38582.824000
38604.985000
38627.146000
38715.791000
38737.953000
38760.115000
38782.275000
38804.437000
38826.598000
38848.759000
38870.922000
38893.082000
38937.404000
39026.050000
39048.212000
39070.375000
39092.535000
39114.695000
39136.856000
39159.018000
39181.181000
39203.340000
39225.501000
39314.146000
39336.308000
39358.469000
39380.632000
39402.792000
39424.953000
39447.114000
39469.276000
39491.439000
39513.598000
39580.083000
39602.245000
39624.405000
39646.566000
39668.727000
39690.891000
39713.050000
39735.211000
39757.372000
39779.534000
39890.342000
39912.502000
39934.663000
39956.824000
39978.985000
40001.150000
40244.921000
40267.082000
40289.244000
40311.407000
40400.051000
40422.212000
40444.373000
40466.534000
40488.695000
40510.859000
40533.018000
40555.179000
40577.340000
40599.503000
40688.147000
40710.309000
40732.471000
40754.631000
40776.792000
40798.954000
40821.117000
40843.276000
40865.437000
40887.599000
40976.244000
40998.405000
41020.568000
41042.728000
41064.889000
41087.050000
41109.212000
41131.375000
41153.534000
41175.695000
41264.341000
41286.502000
41308.663000
41330.826000
41352.987000
41375.147000
41397.309000
41419.470000
41441.634000
41463.792000
41552.440000
41574.599000
41596.760000
41618.922000
41641.085000
41663.244000
41685.406000
41707.567000
41729.729000
41751.892000
41840.536000
41862.697000
41884.857000
41907.019000
41929.180000
41951.344000
41973.502000
41995.663000
42017.826000
42039.987000
42128.632000
42150.795000
42172.956000
42195.115000
42217.277000
42239.439000
42261.602000
42283.761000
42305.922000
42328.083000
42416.730000
42438.890000
42461.053000
42483.212000
42505.373000
42527.535000
42549.696000
42571.860000
42594.019000
42616.180000
42726.987000
42749.148000
42771.311000
42793.470000
42815.632000
42837.793000
42859.955000
42882.118000
42904.277000
42926.438000
43015.084000
43037.245000
43059.406000
43081.570000
43103.729000
43125.890000
43148.051000
43170.214000
43192.376000
43214.535000
43347.503000
43369.664000
43391.828000
43413.987000
43436.148000
43458.309000
43480.472000
43502.634000
43524.793000
43546.955000
43657.761000
43679.923000
43702.086000
43724.245000
43746.406000
43768.567000
43790.730000
43812.891000
43835.052000
43857.213000
43945.858000
43968.019000
43990.181000
44012.344000
44034.503000
44056.664000
44078.826000
44100.988000
44123.150000
44145.310000
44256.116000
44278.278000
44300.440000
44322.602000
44344.761000
44366.922000
44389.084000
44411.246000
44433.406000
44455.568000
44566.374000
44588.536000
44610.698000
44632.860000
44655.019000
44677.181000
44699.342000
44721.505000
44743.665000
44765.826000
44854.471000
44876.632000
44898.794000
44920.957000
44943.118000
44965.278000
44987.439000
45031.763000
45408.504000
45430.666000
45541.473000
45563.633000
45585.794000
45607.955000
45630.117000
45652.280000
45674.439000
45696.600000
45718.762000
45740.924000
45829.568000
45851.731000
45873.891000
45896.052000
45918.213000
45940.375000
45962.538000
45984.697000
46006.858000
46029.020000
46117.665000
46139.826000
46161.990000
46184.149000
46206.310000
46228.472000
46250.634000
46272.796000
46294.955000
46317.117000
46383.601000
46405.762000
46427.923000
46450.085000
46472.248000
46494.407000
46516.568000
46538.730000
46560.892000
46583.054000
46693.859000
46716.020000
46738.182000
46760.343000
46782.506000
46804.665000
46826.827000
46848.988000
46871.150000
46893.312000
46981.958000
47004.117000
47026.278000
47048.440000
47070.603000
47092.765000
47114.924000
47137.085000
47159.246000
47181.409000
47270.053000
47292.216000
47314.375000
47336.537000
47358.698000
47380.860000
47403.023000
47425.182000
47447.343000
47469.504000
47558.150000
47580.311000
47602.474000
47624.634000
47646.795000
47668.956000
47691.118000
47713.280000
47735.440000
47757.601000
47868.408000
47890.571000
47912.733000
47934.892000
47957.053000
47979.214000
48001.376000
48023.539000
48045.698000
48067.860000
48156.505000
48178.666000
48200.828000
48222.991000
48245.150000
48267.311000
48289.472000
48311.635000
48333.797000
48355.956000
48444.601000
48466.763000
48488.924000
48511.086000
48533.249000
48555.408000
48577.569000
48599.731000
48621.895000
48644.053000
48710.537000
48732.700000
48754.860000
48777.022000
48799.182000
48821.344000
48843.507000
48865.666000
48887.827000
48909.989000
48998.635000
49020.795000
49042.959000
49065.118000
49087.279000
49109.441000
49131.603000
49153.764000
49175.924000
49198.086000
49286.731000
49308.892000
49331.054000
49353.216000
49375.377000
49397.538000
49419.699000
49441.861000
49464.023000
49486.182000
49574.828000
49596.990000
49619.150000
49641.313000
49663.475000
49685.634000
49707.795000
49729.957000
49752.119000
49774.280000
49862.927000
49885.086000
49907.247000
49929.408000
49951.570000
49973.733000
49995.892000
50461.280000
50483.443000
50505.602000
50860.183000
50882.346000
50904.506000
50926.667000
50970.990000
50993.153000
51015.312000
51037.473000
51059.635000
51081.797000
51170.441000
51192.604000
51214.764000
51236.925000
51259.087000
51281.248000
51303.411000
51325.570000
51347.731000
51369.893000
51458.539000
51480.699000
51502.862000
51525.022000
51547.183000
51569.344000
51591.506000
51613.669000
51635.828000
51657.990000
51746.635000
51768.796000
51790.957000
51813.121000
51835.280000
51857.441000
51879.603000
51901.765000
51923.927000
51946.086000
52034.732000
52056.893000
52079.055000
52101.216000
52123.379000
52145.538000
52167.700000
52189.861000
52212.023000
52234.185000
52322.831000
52344.990000
52367.151000
52389.313000
52411.475000
52433.637000
52455.796000
52477.957000
52500.119000
52522.281000
52610.926000
52633.090000
52655.248000
52677.409000
52699.570000
52721.732000
52743.895000
52766.054000
52788.216000
52810.377000
52899.022000
52921.184000
52943.348000
52965.506000
52987.668000
53009.829000
53031.991000
53054.153000
53076.313000
53098.474000
53187.119000
53209.281000
53231.442000
53253.605000
53275.772000
53297.925000
53320.087000
53342.249000
53364.412000
53386.571000
53475.216000
53497.377000
53519.540000
53541.701000
53563.864000
53586.022000
53608.184000
53630.345000
53652.508000
53674.668000
53763.316000
53785.474000
53807.635000
53829.797000
53851.959000
53874.121000
53896.281000
53918.442000
53940.603000
53962.767000
54051.410000
54073.573000
54095.733000
54117.893000
54140.055000
54162.217000
54184.380000
54206.539000
54228.700000
54250.861000
54339.507000
54361.669000
54383.832000
54405.991000
54428.152000
54450.313000
54472.475000
54494.638000
54516.797000
54538.958000
54649.765000
54671.927000
54694.090000
54716.249000
54738.410000
54782.734000
54804.894000
54827.062000
54849.217000
54871.378000
54960.023000
55004.347000
55048.668000
55070.829000
55092.993000
55115.152000
55137.313000
55159.475000
55181.636000
55203.800000
55292.443000
55314.606000
55336.765000
55358.926000
55381.087000
55403.251000
55425.410000
55447.571000
55469.733000
55491.894000
55602.702000
55624.862000
55669.184000
55691.346000
55713.510000
55735.668000
55757.830000
55779.991000
55802.153000
55824.316000
55912.960000
55935.122000
55957.281000
55979.443000
56001.604000
56023.767000
56045.926000
56068.088000
56090.249000
56112.412000
56201.056000
56223.219000
56245.378000
56267.540000
56289.701000
56311.862000
56334.025000
56356.185000
56378.355000
56400.507000
56489.152000
56511.314000
56533.477000
56555.636000
56577.798000
56599.959000
56622.121000
56644.283000
56666.443000
56688.604000
56777.249000
56799.411000
56821.572000
56843.735000
56865.895000
56888.056000
56910.217000
56932.379000
56954.542000
56976.701000
57065.346000
57087.508000
57109.669000
57131.830000
57153.993000
57176.153000
57198.314000
57220.475000
57242.638000
57264.800000
57331.282000
57353.445000
57375.604000
57397.766000
57419.927000
57442.088000
57464.252000
57486.411000
57508.572000
57530.734000
57619.379000
57663.704000
57685.863000
57708.024000
57730.185000
57752.347000
57774.510000
57796.669000
57818.830000
57840.991000
57907.476000
57929.644000
57951.798000
57973.962000
57996.121000
58018.282000
58040.443000
58062.605000
58084.768000
58106.927000
58217.733000
58239.895000
58262.056000
58284.220000
58306.379000
58328.540000
58350.701000
58372.863000
58395.024000
58417.185000
58505.831000
58527.992000
58550.153000
58572.315000
58594.478000
58616.637000
58638.798000
58660.960000
58683.123000
58705.283000
58793.929000
58816.089000
58838.250000
58860.411000
58882.574000
58904.735000
58926.895000
58949.056000
58971.218000
58993.381000
59082.025000
59104.188000
59126.347000
59148.508000
59170.669000
59192.832000
59214.994000
59237.153000
59259.314000
59281.476000
59370.121000
59392.283000
59414.445000
59436.605000
59458.768000
59480.934000
59503.090000
59525.252000
59547.411000
59569.573000
59658.218000
59680.379000
59702.541000
59724.704000
59746.863000
59769.024000
59791.185000
59813.349000
59835.508000
59857.670000
59946.315000
59968.476000
59990.637000
60012.800000
60057.121000
60079.282000
60101.444000
60123.607000
60145.766000
60167.928000
60256.573000
60278.734000
60300.896000
60323.057000
60345.219000
60367.379000
60389.541000
60411.702000
60433.865000
60456.024000
60544.672000
60566.831000
60588.992000
60611.153000
60633.317000
60655.478000
60677.638000
60699.799000
60721.960000
60744.124000
60832.767000
60854.930000
60877.089000
60899.251000
60921.412000
60943.574000
60965.735000
60987.896000
61010.057000
61032.229000
61098.703000
61120.863000
61143.025000
61165.188000
61187.347000
61209.508000
61231.670000
61253.833000
61275.992000
61298.154000
61386.799000
61408.960000
61431.122000
61453.284000
61475.446000
61497.606000
61541.928000
61564.091000
61586.251000
61608.412000
61697.057000
61719.218000
61741.380000
61763.543000
61785.704000
61807.864000
61830.025000
61852.187000
61874.349000
61896.509000
61985.155000
62007.315000
62029.476000
62051.638000
62073.801000
62095.960000
62118.122000
62140.283000
62162.444000
62184.608000
62273.252000
62295.415000
62317.573000
62339.735000
62361.896000
62384.059000
62406.219000
62428.380000
62450.541000
62472.703000
62561.347000
62583.516000
62605.672000
62627.832000
62649.993000
62672.154000
62694.318000
62716.477000
62738.638000
62760.799000
62849.445000
62871.606000
62893.768000
62915.928000
62938.090000
62960.251000
62982.412000
63004.576000
63026.735000
63048.896000
63137.541000
63159.703000
63181.864000
63204.027000
63226.187000
63248.348000
63270.509000
63292.671000
63314.834000
63336.993000
63425.640000
63447.799000
63469.961000
63492.122000
63514.285000
63536.445000
63558.606000
63580.767000
63602.930000
63625.093000
63713.736000
63735.898000
63758.058000
63780.219000
63802.381000
63824.544000
63846.703000
63868.864000
63891.025000
63913.187000
64001.832000
64023.995000
64046.154000
64068.316000
64090.477000
64112.639000
64134.805000
64156.961000
64179.122000
64201.283000
64289.929000
64312.090000
64334.253000
64356.412000
64378.574000
64400.735000
64422.897000
64445.060000
64467.219000
64489.380000
64578.026000
64600.187000
64622.348000
64644.511000
64666.671000
64688.832000
64710.993000
64733.156000
64755.317000
64777.477000
64866.122000
64888.284000
64910.445000
64932.606000
64954.770000
64976.929000
64999.090000
65021.251000
65043.414000
65065.576000
65176.380000
65198.542000
65220.703000
65242.865000
65265.028000
65287.187000
65309.348000
65331.510000
65353.672000
65375.834000
65464.479000
65486.639000
65508.800000
65530.961000
65553.123000
65575.286000
65597.445000
65619.607000
65641.768000
65663.931000
65752.574000
65774.737000
65796.897000
65819.058000
65841.220000
65863.381000
65885.544000
65907.703000
65929.864000
65952.026000
66040.671000
66062.832000
66084.996000
66107.155000
66129.316000
66151.478000
66173.640000
66195.801000
66217.961000
66240.123000
66328.768000
66350.929000
66373.092000
66395.254000
66417.413000
66439.574000
66461.736000
66483.898000
66506.060000
66528.220000
66616.865000
66639.026000
66661.187000
66683.349000
66705.511000
66727.671000
66749.832000
66771.994000
66794.157000
66816.316000
66904.964000
66927.123000
66949.285000
66971.446000
66993.608000
67015.770000
67037.929000
67060.091000
67082.252000
67104.413000
67193.059000
67215.222000
67237.381000
67259.543000
67281.704000
67303.866000
67326.028000
67348.188000
67370.349000
67392.511000
67481.155000
67503.317000
67525.480000
67547.639000
67569.800000
67591.962000
67614.125000
67636.284000
67658.446000
67680.607000
67769.253000
67791.414000
67813.575000
67835.738000
67857.897000
67880.059000
67902.220000
67924.383000
67946.543000
67968.704000
68057.349000
68079.510000
68101.672000
68123.834000
68145.996000
68190.317000
68212.478000
68234.641000
68256.801000
68278.962000
68367.607000
68389.769000
68411.930000
68434.092000
68456.254000
68478.414000
68522.736000
68544.900000
68567.059000
68589.220000
68677.865000
68700.027000
68722.188000
68744.351000
68766.510000
68788.672000
68810.834000
68832.994000
68855.158000
68877.317000
68965.963000
68988.123000
69010.285000
69032.446000
69054.609000
69076.769000
69098.930000
69121.091000
69143.253000
69165.416000
69276.223000
69298.382000
69320.543000
69342.704000
69364.868000
69387.027000
69409.188000
69431.349000
69453.511000
69475.674000
69564.318000
69586.478000
69608.640000
69630.802000
69652.968000
69675.126000
69697.285000
69719.446000
69741.607000
69763.770000
69852.414000
69874.577000
69896.737000
69918.898000
69941.059000
69963.220000
69985.384000
70029.704000
70051.866000
70074.028000
70162.672000
70184.835000
70206.995000
70229.156000
70251.317000
70295.642000
70317.801000
70339.962000
70362.124000
70384.286000
70472.930000
70495.094000
70517.253000
70539.414000
70561.575000
70583.737000
70605.900000
70628.059000
70650.221000
70672.382000
70783.188000
70805.353000
70827.511000
70849.672000
70871.833000
70893.995000
70916.157000
70938.318000
70960.479000
70982.640000
71071.285000
71093.449000
71115.610000
71137.769000
71159.931000
71182.092000
71204.254000
71226.416000
71248.575000
71270.737000
71359.382000
71381.543000
71403.705000
71425.868000
71448.027000
71470.188000
71492.350000
71514.512000
71536.672000
71558.834000
71669.640000
71691.802000
71713.964000
71736.125000
71758.285000
71780.447000
71802.608000
71824.769000
71846.930000
71869.092000
71957.737000
71979.898000
72002.059000
72024.222000
72046.384000
72068.543000
72090.705000
72112.866000
72135.030000
72157.188000
72267.996000
72290.157000
72312.318000
72334.480000
72356.640000
72378.802000
72400.963000
72423.124000
72445.287000
72467.447000
72556.094000
72578.254000
72600.415000
72622.576000
72644.739000
72666.898000
72689.060000
72711.222000
72733.382000
72755.546000
72844.190000
72866.352000
72888.511000
72910.673000
72954.997000
72977.156000
72999.318000
73021.479000
73043.641000
73065.804000
73176.610000
73198.770000
73220.931000
73243.092000
73265.255000
73287.415000
73309.576000
73331.737000
73353.899000
73376.060000
73486.866000
73509.027000
73531.189000
73553.350000
73575.514000
73597.673000
73619.834000
73641.995000
73664.157000
73686.318000
73774.965000
73797.124000
73819.287000
73841.447000
73863.611000
73885.772000
73907.931000
73930.093000
73952.253000
73974.416000
74063.060000
74085.223000
74107.382000
74129.544000
74151.705000
74173.867000
74196.029000
74218.189000
74240.350000
74284.674000
74373.318000
74395.482000
74417.641000
74439.802000
74461.964000
74484.125000
74506.286000
74528.447000
74550.608000
74572.770000
74705.740000
74727.899000
74750.060000
74772.221000
74794.384000
74816.545000
74838.705000
74860.867000
74883.028000
74905.191000
74993.834000
75060.318000
75082.480000
75104.642000
75126.804000
75148.964000
75171.125000
75193.286000
75215.449000
75237.608000
75326.256000
75348.415000
75370.658000
75392.738000
75414.901000
75437.060000
75459.222000
75481.383000
75503.544000
75525.708000
75614.351000
75636.513000
75658.673000
75680.834000
75702.996000
75725.159000
75747.319000
75769.480000
75791.641000
75835.966000
75924.610000
75946.772000
75968.931000
75991.093000
76013.254000
76035.418000
76057.576000
76079.738000
76101.899000
76124.062000
76234.869000
76279.190000
76301.351000
76323.512000
76345.676000
76367.835000
76389.996000
76412.157000
76434.320000
76456.481000
76545.125000
76567.286000
76589.447000
76611.609000
76633.770000
76655.933000
76678.093000
76700.254000
76722.415000
76744.579000
76855.385000
76877.544000
76899.707000
76921.868000
76944.029000
76966.192000
76988.351000
77010.512000
77032.673000
77054.836000
77143.480000
77165.643000
77187.803000
77209.964000
77232.125000
77254.287000
77276.448000
77298.609000
77320.770000
77342.932000
77431.577000
77453.739000
77475.901000
77498.061000
77520.222000
77542.383000
77564.546000
77586.709000
77608.867000
77631.028000
77719.674000
77741.835000
77763.998000
77786.159000
77808.319000
77830.480000
77852.641000
77874.804000
77896.964000
77919.126000
78007.770000
78029.932000
78052.093000
78074.255000
78096.416000
78118.577000
78140.738000
78162.899000
78185.063000
78207.222000
78295.869000
78318.029000
78340.190000
78362.351000
78384.514000
78406.675000
78428.835000
78450.996000
78473.157000
78495.321000
78583.965000
78606.127000
78628.287000
78650.448000
78672.609000
78694.772000
78716.932000
78739.093000
78761.254000
78783.416000
78872.061000
78894.223000
78916.386000
78938.545000
78960.706000
78982.868000
79005.030000
79027.190000
79049.351000
79071.512000
79160.158000
79182.320000
79204.481000
79226.642000
79248.803000
79270.964000
79293.125000
79315.289000
79337.448000
79359.609000
79448.255000
79470.416000
79492.577000
79514.739000
79536.900000
79559.061000
79581.223000
79603.383000
79625.547000
79647.706000
79714.191000
79736.353000
79758.513000
79780.674000
79824.998000
79847.158000
79869.319000
79891.480000
79913.642000
79935.805000
80955.225000
80999.545000
81021.707000
81066.030000
81088.190000
81110.352000
81132.513000
81154.675000
81176.836000
81198.997000
81287.642000
81309.803000
81331.964000
81354.127000
81376.289000
81398.448000
81420.610000
81442.771000
81464.934000
81487.093000
81575.741000
81597.900000
81620.061000
81642.223000
81664.385000
81686.547000
81708.707000
81730.868000
81753.029000
81775.192000
81885.999000
81908.158000
81930.319000
81952.481000
81974.643000
81996.804000
82018.965000
82041.126000
82063.287000
82085.451000
82196.257000
82240.578000
82262.739000
82284.902000
82307.061000
82329.223000
82351.385000
82373.546000
82395.709000
82417.868000
82506.515000
82528.674000
82550.836000
82572.997000
82595.160000
82617.320000
82639.481000
82661.642000
82683.804000
82705.967000
82794.611000
82816.772000
82838.933000
82861.094000
82883.255000
82905.419000
82927.578000
82949.740000
82971.900000
82994.062000
83082.707000
83104.871000
83127.029000
83149.191000
83171.352000
83193.513000
83215.677000
83237.836000
83259.997000
83282.159000
83370.804000
83392.966000
83415.128000
83437.288000
83459.449000
83481.610000
83503.772000
83525.935000
83548.094000
83570.255000
83658.900000
83681.062000
83703.224000
83725.386000
83747.546000
83769.707000
83791.868000
83814.030000
83836.193000
83858.352000
83924.837000
83946.999000
83969.158000
83991.320000
84013.482000
84035.679000
84057.804000
84079.965000
84102.126000
84124.288000
84212.933000
84235.094000
84257.255000
84279.417000
84301.578000
84323.739000
84345.903000
84368.062000
84390.223000
84412.384000
84478.868000
84501.030000
84523.191000
84545.354000
84567.515000
84589.675000
84611.836000
84633.998000
84656.161000
84678.320000
84766.966000
84789.127000
84811.288000
84833.449000
84855.612000
84877.772000
84899.933000
84922.094000
84944.256000
84966.419000
85586.935000
85609.095000
85631.256000
85653.417000
85675.580000
85697.740000
85719.901000
85742.062000
85764.224000
85786.385000
85875.031000
85897.191000
85919.352000
85941.514000
85963.675000
85985.838000
86007.998000
86030.159000
86052.320000
86074.482000
86163.127000
86185.290000
86207.449000
86229.611000
86251.772000
86273.933000
86296.096000
86318.256000
86340.417000
86362.578000
86429.062000
86473.385000
86495.548000
86517.707000
86539.869000
86562.030000
86584.192000
86606.354000
86628.514000
86650.675000
86717.160000
86739.320000
86761.482000
86783.643000
86805.806000
86827.965000
86850.127000
86872.289000
86894.451000
86916.612000
87005.258000
87027.417000
87049.578000
87071.740000
87093.901000
87116.065000
87138.224000
87160.385000
87182.546000
87204.708000
87271.191000
87293.353000
87315.516000
87337.676000
87359.837000
87381.998000
87404.159000
87426.324000
87448.482000
87470.643000
87559.288000
87581.450000
87603.611000
87625.774000
87647.933000
87670.095000
87692.256000
87714.418000
87736.581000
87758.740000
87825.225000
87847.385000
87869.546000
87891.708000
87913.869000
87936.032000
87958.192000
87980.353000
88002.514000
88024.676000
88113.321000
88135.484000
88157.643000
88179.804000
88201.970000
88224.128000
88246.291000
88268.449000
88290.611000
88312.772000
88379.256000
88401.417000
88423.579000
88445.742000
88467.901000
88490.063000
88512.224000
88534.386000
88556.549000
88578.708000
88689.514000
88711.676000
88733.837000
88756.000000
88778.159000
88800.321000
88822.482000
88844.644000
88866.806000
88888.966000
88977.611000
88999.773000
89021.934000
89044.096000
89066.258000
89088.417000
89110.579000
89132.740000
89154.903000
89177.065000
89265.710000
89287.869000
89310.030000
89332.192000
89354.354000
89376.516000
89398.675000
89420.837000
89442.998000
89465.161000
89553.805000
89575.968000
89598.127000
89620.289000
89642.450000
89664.612000
89686.775000
89708.934000
89731.095000
89753.256000
89841.902000
89864.063000
89886.227000
89908.385000
89930.547000
89952.708000
89974.870000
89997.032000
90019.192000
90063.514000
90152.160000
90174.323000
90196.484000
90218.644000
90240.805000
90262.966000
90285.129000
90307.290000
90329.450000
90351.611000
90440.257000
90462.418000
90484.580000
90506.740000
90528.901000
90551.063000
90573.224000
90595.387000
90617.547000
90639.708000
90728.353000
90750.515000
90772.677000
90794.838000
90816.999000
90839.160000
90861.321000
90883.483000
90905.645000
90927.805000
90994.290000
91016.452000
91038.611000
91060.773000
91082.934000
91105.096000
91127.258000
91149.418000
91171.580000
91193.741000
91282.386000
91304.548000
91326.712000
91348.870000
91371.031000
91393.193000
91415.355000
91437.515000
91459.676000
91481.837000
91548.322000
91592.644000
91614.806000
91636.967000
91659.128000
91681.289000
91703.450000
91725.614000
91747.773000
91769.934000
91858.579000
91880.741000
91902.902000
91925.063000
91947.226000
91969.386000
91991.548000
92013.708000
92035.871000
92058.031000
92124.515000
92146.678000
92168.837000
92191.001000
92213.161000
92235.323000
92257.482000
92279.644000
92301.805000
92323.966000
92412.611000
92434.774000
92456.935000
92479.096000
92501.257000
92523.418000
92545.581000
92567.741000
92589.902000
92612.063000
92700.709000
92722.870000
92745.032000
92767.192000
92789.354000
92811.515000
92833.676000
92855.840000
92877.999000
92900.160000
92988.806000
93010.967000
93033.128000
93055.290000
93077.450000
93099.612000
93121.773000
93143.935000
93166.098000
93188.257000
93276.905000
93299.063000
93321.225000
93343.386000
93365.549000
93387.708000
93409.870000
93432.031000
93454.193000
93476.354000
93587.161000
93609.322000
93631.483000
93653.644000
93675.807000
93697.967000
93720.128000
93742.293000
93764.451000
93786.614000
93875.258000
93897.420000
93919.579000
93941.741000
93963.902000
93986.065000
94008.225000
94030.386000
94052.547000
94074.709000
94185.517000
94229.838000
94251.999000
94274.160000
94296.324000
94318.483000
94340.644000
94362.806000
94384.968000
94407.130000
94495.776000
94517.934000
94540.096000
94562.257000
94584.419000
94606.582000
94628.741000
94650.902000
94673.063000
94695.227000
94806.033000
94828.193000
94850.354000
94872.516000
94894.677000
94916.839000
94938.999000
94961.161000
94983.322000
95005.485000
95116.291000
95138.451000
95160.612000
95182.773000
95204.935000
95227.096000
95249.257000
95271.419000
95293.585000
95315.743000
95448.709000
95470.870000
95493.031000
95515.194000
95537.355000
95559.515000
95581.676000
95603.838000
95626.001000
95648.160000
95758.967000
95781.128000
95803.290000
95825.452000
95847.612000
95869.773000
95891.935000
95914.097000
95936.260000
95958.418000
96047.065000
96069.225000
96091.386000
96113.548000
96135.711000
96157.870000
96180.032000
96202.193000
96224.355000
96246.518000
96335.162000
96357.323000
96379.483000
96401.644000
96423.806000
96445.969000
96468.128000
96490.290000
96512.451000
96534.614000
96623.258000
96645.419000
96667.580000
96689.741000
96711.903000
96734.064000
96756.227000
96778.386000
96800.548000
96822.709000
96911.354000
96933.516000
96955.678000
96977.838000
96999.999000
97022.161000
97044.323000
97066.486000
97088.644000
97110.806000
97199.451000
97221.612000
97243.773000
97265.937000
97288.096000
97310.258000
97332.419000
97354.581000
97376.743000
97398.902000
97487.548000
97509.709000
97531.871000
97554.032000
97576.195000
97598.354000
97620.516000
97642.677000
97664.840000
97687.002000
98019.419000
98041.580000
98063.742000
98085.905000
98108.064000
98130.225000
98152.386000
98174.549000
98196.709000
98218.870000
98307.516000
98329.677000
98351.838000
98373.999000
98396.163000
98418.322000
98440.483000
98462.645000
98484.807000
98506.969000
98617.774000
98639.935000
98662.096000
98684.258000
98706.421000
98728.580000
98750.741000
98772.903000
98795.065000
98817.227000
98883.709000
98905.873000
98928.032000
98950.193000
98972.355000
98994.516000
99016.679000
99038.838000
99061.000000
99083.161000
99171.806000
99193.968000
99216.131000
99238.290000
99260.451000
99282.613000
99304.775000
99326.937000
99349.096000
99371.258000
99437.742000
99459.903000
99482.064000
99504.227000
99526.390000
99548.548000
99570.709000
99592.870000
99615.033000
99637.195000
99725.840000
99748.000000
99770.161000
99792.322000
99814.484000
99836.647000
99858.806000
99880.967000
99903.129000
99925.291000
100013.935000
100036.098000
100058.258000
100080.419000
100346.357000
100368.517000
100390.677000
100412.838000
100435.001000
100457.162000
100545.808000
100567.968000
100590.129000
100612.290000
100634.453000
100656.615000
100678.774000
100700.935000
100723.097000
100745.259000
100833.903000
100856.067000
100878.226000
100900.387000
100922.548000
100944.710000
100966.873000
100989.032000
101011.194000
101033.355000
101099.839000
101122.000000
101144.161000
101166.325000
101188.484000
101210.645000
101232.806000
101254.970000
101277.180000
101299.290000
101387.935000
101410.097000
101432.258000
101454.420000
101476.583000
101498.742000
101520.903000
101543.064000
101565.227000
101587.387000
101653.871000
101676.034000
101698.193000
101720.355000
101742.516000
101764.679000
101786.840000
101809.000000
101831.161000
101853.323000
101941.968000
101964.129000
101986.292000
102008.452000
102030.613000
102052.774000
102074.937000
102097.097000
102119.258000
102141.419000
102207.903000
102230.065000
102252.226000
102274.388000
102296.552000
102318.710000
102340.871000
102363.032000
102385.196000
102407.355000
102496.002000
102518.162000
102540.323000
102562.484000
102584.647000
102606.808000
102628.968000
102651.129000
102673.290000
102695.453000
102761.935000
102784.097000
102806.260000
102828.420000
102850.581000
102872.742000
102894.905000
102917.065000
102939.226000
102961.387000
103050.033000
103072.194000
103094.355000
103116.519000
103138.677000
103160.839000
103183.000000
103205.163000
103227.323000
103249.484000
103338.129000
103360.290000
103382.452000
103404.614000
103426.776000
103448.936000
103471.097000
103493.258000
103515.422000
103537.581000
103626.228000
103648.387000
103670.549000
103692.710000
103714.872000
103737.033000
103759.194000
103781.355000
103803.517000
103825.679000
103914.323000
103936.487000
103958.646000
103980.807000
104002.968000
104025.130000
104047.291000
104069.452000
104091.613000
104113.775000
104202.420000
104224.582000
104246.744000
104268.903000
104291.065000
104313.226000
104335.387000
104357.549000
104379.710000
104401.871000
104490.516000
104512.678000
104534.840000
104557.002000
104579.162000
104601.323000
104623.484000
104645.648000
104667.807000
104689.968000
104756.454000
104778.613000
104800.775000
104822.936000
104845.099000
104867.260000
104889.420000
104911.581000
104933.742000
104955.906000
105044.549000
105066.712000
105088.871000
105111.033000
105133.194000
105155.357000
105177.517000
105199.678000
105221.839000
105244.000000
105376.969000
105399.129000
105421.291000
105443.452000
105465.615000
105487.775000
105509.936000
105532.097000
105554.260000
105576.422000
105665.066000
105687.228000
105709.388000
105731.549000
105753.710000
105775.873000
105798.033000
105820.194000
105842.355000
105864.517000
105953.163000
105975.324000
105997.484000
106041.807000
106063.968000
106086.132000
106108.291000
106130.452000
106152.613000
106174.776000
106285.583000
106307.743000
106329.904000
106352.065000
106374.226000
106396.390000
106418.549000
106440.710000
106462.871000
106485.034000
106573.678000
106595.841000
106618.000000
106640.162000
106662.323000
106684.485000
106706.648000
106728.807000
106750.969000
106773.130000
106861.775000
106883.936000
106906.100000
106928.259000
106950.420000
106972.581000
106994.743000
107016.906000
107039.065000
107061.227000
107194.194000
107216.358000
107238.517000
107260.678000
107282.839000
107305.002000
107327.163000
107349.324000
107371.485000
107393.646000
107504.453000
107526.616000
107548.775000
107570.936000
107593.097000
107615.260000
107637.420000
107659.581000
107681.742000
107703.904000
107792.549000
107814.712000
107836.875000
107859.033000
107881.194000
107903.356000
107925.519000
107947.678000
107969.840000
107992.001000
108080.646000
108102.807000
108124.970000
108147.132000
108169.291000
108191.452000
108213.613000
108235.777000
108257.936000
108280.097000
108368.742000
108390.905000
108413.065000
108435.228000
108457.388000
108479.549000
108501.710000
108523.873000
108546.035000
108568.194000
108656.841000
108679.001000
108701.162000
108723.324000
108745.486000
108767.646000
108789.807000
108811.968000
108834.130000
108856.293000
108967.100000
108989.259000
109011.420000
109033.581000
109055.743000
109077.904000
109100.065000
109122.227000
109144.389000
109166.551000
109255.196000
109277.356000
109299.517000
109343.840000
109366.003000
109410.324000
109432.485000
109454.647000
109476.809000
109498.969000
109587.614000
109609.775000
109631.936000
109654.098000
109676.261000
109698.421000
109720.582000
109742.743000
109764.906000
109787.066000
109875.713000
109897.872000
109920.033000
109942.195000
109964.356000
109986.519000
110008.678000
110030.840000
110053.002000
110075.164000
110185.970000
110208.130000
110230.291000
110252.452000
110274.615000
110296.777000
110318.936000
110341.098000
110363.259000
110385.422000
110474.066000
110496.229000
110518.388000
110540.549000
110562.711000
110584.873000
110607.033000
110629.194000
110651.356000
110673.517000
110762.163000
110784.324000
110806.487000
110828.646000
110850.807000
110872.969000
110895.132000
110917.292000
110939.452000
110961.614000
111050.259000
111072.420000
111094.583000
111116.745000
111138.904000
111161.066000
111183.227000
111205.390000
111493.486000
111515.648000
111648.614000
111670.775000
111692.937000
111715.099000
111737.259000
111759.420000
111781.582000
111803.743000
111825.907000
111848.066000
111936.712000
111958.872000
111981.033000
112003.195000
112025.358000
112047.520000
112069.678000
112091.840000
112114.001000
112136.164000
112224.808000
112246.971000
112269.130000
112291.291000
112313.453000
112335.616000
112357.775000
112379.937000
112402.098000
112424.260000
112512.904000
112535.067000
112557.228000
112579.388000
112601.550000
112623.711000
112645.874000
112668.033000
112690.195000
112712.356000
112801.001000
112823.163000
112845.325000
112867.485000
112889.647000
112911.808000
112933.969000
112956.133000
112978.292000
113000.453000
113089.098000
113111.259000
113133.420000
113155.584000
113177.743000
113199.904000
113222.066000
113244.228000
113266.390000
113288.550000
113355.035000
113399.356000
113421.517000
113443.679000
113465.842000
113488.002000
113510.163000
113532.324000
113554.486000
113576.649000
113643.130000
113665.293000
113687.453000
113709.614000
113731.775000
113753.937000
113776.098000
113798.259000
113820.421000
113842.582000
113931.228000
113953.388000
113975.551000
113997.711000
114019.872000
114042.034000
114064.195000
114086.358000
114108.517000
114130.679000
114219.324000
114241.486000
114263.647000
114285.810000
114307.969000
114330.130000
114352.291000
114374.454000
114396.616000
114418.776000
114507.420000
114529.582000
114551.743000
114573.905000
114596.069000
114618.227000
114640.388000
114662.550000
114684.712000
114706.874000
114795.520000
114817.679000
114839.840000
114862.001000
114884.163000
114906.326000
114928.485000
114950.646000
114972.808000
114994.971000
115083.614000
115105.778000
115127.937000
115150.099000
115172.259000
115194.421000
115216.584000
115238.743000
115260.905000
115283.066000
115349.550000
115371.711000
115393.872000
115416.036000
115438.195000
115460.356000
115482.518000
115504.680000
115526.842000
115549.001000
115637.646000
115659.808000
115681.969000
115704.131000
115726.294000
115748.453000
115770.614000
115792.776000
115814.938000
115837.100000
115903.582000
115947.905000
115970.066000
115992.227000
116014.390000
116036.551000
116058.711000
116080.872000
116103.033000
116125.197000
116213.841000
116236.004000
116258.163000
116280.324000
116302.485000
116324.647000
116346.810000
116368.969000
116391.130000
116413.293000
116501.937000
116524.099000
116546.262000
116568.421000
116590.582000
116612.743000
116634.906000
116657.066000
116679.227000
116701.388000
116790.034000
116812.196000
116834.357000
116856.520000
116878.679000
116900.840000
116923.001000
116945.165000
116967.324000
116989.485000
117078.130000
117100.292000
117122.453000
117144.615000
117166.777000
117188.937000
117211.098000
117233.259000
117255.423000
117277.582000
117366.230000
117388.388000
117410.550000
117432.711000
117454.874000
117477.035000
117499.195000
117521.356000
117543.518000
117565.681000
117654.325000
117676.488000
117698.647000
117720.808000
117742.969000
117765.133000
117787.292000
117809.453000
117831.614000
117853.776000
117920.260000
117942.421000
117964.585000
117986.744000
118008.906000
118031.066000
118053.227000
118075.390000
118097.550000
118119.711000
118186.197000
118208.356000
118230.518000
118252.679000
118274.842000
118297.002000
118319.163000
118341.324000
118363.486000
118385.649000
118474.294000
118496.455000
118518.614000
118540.776000
118562.937000
118585.101000
118607.260000
118629.421000
118651.582000
118673.744000
118762.389000
118784.551000
118806.714000
118828.873000
118851.034000
118873.195000
118895.358000
118917.518000
118939.679000
118961.840000
119050.485000
119072.648000
119094.809000
119116.971000
119139.131000
119161.292000
119183.453000
119205.617000
119227.776000
119249.937000
119338.582000
119360.744000
119382.905000
119405.068000
119427.230000
119449.389000
119471.550000
119493.711000
119515.875000
119538.034000
119626.680000
119648.841000
119671.003000
119693.163000
119715.326000
119737.486000
119759.647000
119781.808000
119803.970000
119826.133000
119914.776000
119936.939000
119959.098000
119981.260000
120003.421000
120025.585000
120047.744000
120069.905000
120092.066000
120114.228000
121687.679000
121709.847000
121732.002000
121754.164000
121776.364000
121798.486000
121820.647000
121842.808000
121864.971000
121887.131000
121997.937000
122020.099000
122042.260000
122064.422000
122086.584000
122108.744000
122130.906000
122153.067000
122175.230000
122197.389000
122308.195000
122330.357000
122352.519000
122374.681000
122396.841000
122419.002000
122441.163000
122463.324000
122485.489000
122507.647000
122596.294000
122618.454000
122640.615000
122662.776000
122684.939000
122707.099000
122729.260000
122751.422000
122773.583000
122795.747000
122884.390000
122906.552000
122928.712000
122950.873000
122973.034000
122995.198000
123017.357000
123039.518000
123061.679000
123083.841000
123172.486000
123194.650000
123216.808000
123238.970000
123261.131000
123283.292000
123305.455000
123327.615000
123349.776000
123371.938000
123460.583000
123482.744000
123504.907000
123527.066000
123549.228000
123571.389000
123593.551000
123615.714000
123637.873000
123660.034000
123748.679000
123770.841000
123793.002000
123815.165000
123837.324000
123859.486000
123881.647000
123903.810000
123925.972000
123948.131000
124036.779000
124058.938000
124081.099000
124103.260000
124125.424000
124147.583000
124169.744000
124191.905000
124214.067000
124236.230000
124302.712000
124324.875000
124369.196000
124391.357000
124413.518000
124435.682000
124457.841000
124480.002000
124502.163000
124524.326000
124612.970000
124635.131000
124657.292000
124679.454000
124701.615000
124723.777000
124745.940000
124768.099000
124790.260000
124812.421000
124878.905000
124901.067000
124923.228000
124945.391000
124967.550000
124989.712000
125011.874000
125034.035000
125056.198000
125078.357000
125167.002000
125189.163000
125211.325000
125255.649000
125277.808000
125299.970000
125322.131000
125344.294000
125366.455000
125388.615000
125455.102000
125477.260000
125499.421000
125521.583000
125543.745000
125565.907000
125588.067000
125610.228000
125632.389000
125654.552000
125765.359000
125787.519000
125809.680000
125831.841000
125854.003000
125876.165000
125898.325000
125920.486000
125942.647000
125964.810000
126031.292000
126053.454000
126075.618000
126097.776000
126142.099000
126164.261000
126186.422000
126208.583000
126230.744000
126252.905000
126341.551000
126363.713000
126385.875000
126408.034000
126430.196000
126452.357000
126474.519000
126496.680000
126518.841000
126541.002000
126607.486000
126629.647000
126651.809000
126673.971000
126696.133000
126718.292000
126740.454000
126762.615000
126784.778000
126806.938000
126895.586000
126917.745000
126939.906000
126962.067000
126984.230000
127006.392000
127028.551000
127050.712000
127072.873000
127095.036000
127183.680000
127205.843000
127228.002000
127250.163000
127272.325000
127294.487000
127316.649000
127338.809000
127360.970000
127383.131000
127471.776000
127493.938000
127516.101000
127538.260000
127560.421000
127582.583000
127604.744000
127626.905000
127649.067000
127671.228000
127759.873000
127782.034000
127804.197000
127826.358000
127848.518000
127870.680000
127892.841000
127915.004000
127937.163000
127959.325000
128047.970000
128070.131000
128092.293000
128114.456000
128136.615000
128158.777000
128180.938000
128203.099000
128225.263000
128247.422000
128336.068000
128358.228000
128380.390000
128402.551000
128424.714000
128446.873000
128469.035000
128491.196000
128513.357000
128535.521000
128624.165000
128646.326000
128668.486000
128690.648000
128712.809000
128734.972000
128757.131000
128779.293000
128801.454000
128823.616000
128890.099000
128912.261000
128934.424000
128956.585000
128978.744000
129000.906000
129023.068000
129045.230000
129067.389000
129089.551000
129178.196000
129200.357000
129222.519000
129244.681000
129266.841000
129289.003000
129311.164000
129333.325000
129355.489000
129377.647000
129444.133000
129466.294000
129488.454000
129510.615000
129532.777000
129554.940000
129577.099000
129599.260000
129621.422000
129643.583000
129710.067000
129732.228000
129754.391000
129776.553000
129798.712000
129820.874000
129843.035000
129865.198000
129887.357000
129909.519000
129998.164000
130020.325000
130042.487000
130064.649000
130086.809000
130108.971000
130131.131000
130153.293000
130175.457000
130219.777000
130308.422000
130330.583000
130352.744000
130374.908000
130397.067000
130419.228000
130441.390000
130463.551000
130485.714000
130507.874000
130574.358000
130596.520000
130618.680000
130640.841000
130663.003000
130685.166000
130707.325000
130729.486000
130751.648000
130773.809000
130862.454000
130884.617000
130906.777000
130928.938000
130951.099000
130973.261000
130995.424000
131017.583000
131039.745000
131061.906000
131150.551000
131172.712000
131194.875000
131217.035000
131239.196000
131261.357000
131283.519000
131305.682000
131327.841000
131350.003000
131438.649000
131460.809000
131482.970000
131505.134000
131527.293000
131549.454000
131571.615000
131593.778000
131615.940000
131638.099000
131726.745000
131748.906000
131771.067000
131793.229000
131815.392000
131837.551000
131859.712000
131881.874000
131904.036000
131926.198000
132014.843000
132037.002000
132059.164000
132081.325000
132103.487000
132125.650000
132147.809000
132169.970000
132192.132000
132214.294000
132302.938000
132325.100000
132347.261000
132369.422000
132391.584000
132413.745000
132435.908000
132458.067000
132480.228000
132502.390000
132591.035000
132613.196000
132635.360000
132657.519000
132679.680000
132701.841000
132724.003000
132746.165000
132768.326000
132790.486000
132901.293000
132923.455000
132945.618000
132967.777000
132989.938000
133012.099000
133034.262000
133056.422000
133078.583000
133100.744000
133211.551000
133233.713000
133255.876000
133278.035000
133300.196000
133322.358000
133344.521000
133366.680000
133388.841000
133411.003000
133521.809000
133543.972000
133566.134000
133588.293000
133610.454000
133632.615000
133654.779000
133676.938000
133699.100000
133721.261000
133832.067000
133854.230000
133876.390000
133898.551000
133920.712000
133942.875000
133965.037000
133987.196000
134009.357000
134031.519000
134120.164000
134142.325000
134164.488000
134186.648000
134208.809000
134230.971000
134253.132000
134275.295000
134297.454000
134319.615000
134408.261000
134430.422000
134452.583000
134474.747000
134496.906000
134519.067000
134541.229000
134563.390000
134585.553000
134607.712000
134696.359000
134718.519000
134740.680000
134762.842000
134785.005000
134807.164000
134829.325000
134851.487000
134873.649000
134895.811000
134962.293000
135006.616000
135028.777000
135050.938000
135073.100000
135095.263000
135117.422000
135139.583000
135161.745000
135183.907000
135294.714000
135316.874000
135339.035000
135361.196000
135383.358000
135405.521000
135427.680000
135449.841000
135472.003000
135494.167000
135582.810000
135604.973000
135627.132000
135649.293000
135671.454000
135693.616000
135715.779000
135737.938000
135760.100000
135782.261000
135870.906000
135893.068000
135915.231000
135937.390000
135959.551000
135981.713000
136003.875000
136026.036000
136048.197000
136070.357000
136159.002000
136181.165000
136203.327000
136225.489000
136247.648000
136269.809000
136291.970000
136314.134000
136336.293000
136358.454000
136447.100000
136469.261000
136491.423000
136513.585000
136535.746000
136557.906000
136580.067000
136602.229000
136624.392000
136646.551000
136735.199000
136757.361000
136779.519000
136801.680000
136823.842000
136846.004000
136868.164000
136890.326000
136912.487000
136934.650000
137023.295000
137045.455000
137067.615000
137089.777000
137111.938000
137134.102000
137156.261000
137178.422000
137200.583000
137222.745000
137311.390000
137333.552000
137355.715000
137377.874000
137400.035000
137422.197000
137444.359000
137466.519000
137488.680000
137510.842000
137599.487000
137621.648000
137643.810000
137665.972000
137688.132000
137710.293000
137732.455000
137754.618000
137776.777000
137798.938000
137887.583000
137909.745000
137931.906000
137954.069000
137976.229000
137998.390000
138020.551000
138042.713000
138064.876000
138087.035000
138175.682000
138197.841000
138220.003000
138242.164000
138264.328000
138286.487000
138308.648000
138330.809000
138352.971000
138375.134000
138485.940000
138508.099000
138530.261000
138552.422000
138574.585000
138596.745000
138618.906000
138641.068000
138663.230000
138685.392000
138751.874000
138774.036000
138796.196000
138818.358000
138840.519000
138862.680000
138884.844000
138907.003000
138929.164000
138951.325000
139039.971000
139062.132000
139084.295000
139106.454000
139128.616000
139150.777000
139172.939000
139195.102000
139217.261000
139239.422000
139328.067000
139350.229000
139372.390000
139394.553000
139416.713000
139438.874000
139461.035000
139483.198000
139505.360000
139527.519000
139616.164000
139638.326000
139660.487000
139682.649000
139704.811000
139726.971000
139749.132000
139771.293000
139793.455000
139815.618000
139904.263000
139926.422000
139948.584000
139970.745000
139992.906000
140015.068000
140037.229000
140059.390000
140081.552000
140103.714000
140170.196000
140214.521000
140236.680000
140281.003000
140303.165000
140325.327000
140347.487000
140369.648000
140391.809000
140413.972000
140502.616000
140524.780000
140546.938000
140569.100000
140591.261000
140613.424000
140635.586000
140657.745000
140679.906000
140702.067000
140790.713000
140812.874000
140835.038000
140857.196000
140879.358000
140901.519000
140923.681000
140945.843000
140968.003000
140990.164000
141078.809000
141100.971000
141123.133000
141145.295000
141167.455000
141189.616000
141211.777000
141233.940000
141256.100000
141278.261000
141366.906000
141389.067000
141411.229000
141433.391000
141455.552000
141477.713000
141499.874000
141522.035000
141544.199000
141566.358000
141655.005000
141677.164000
141699.328000
141721.487000
141743.649000
141765.809000
141787.971000
141810.132000
141832.294000
141854.457000
141943.101000
141965.263000
141987.422000
142009.584000
142031.745000
142053.908000
142076.069000
142098.229000
142120.390000
142142.551000
142231.196000
142253.358000
142275.520000
142297.681000
142319.842000
142342.003000
142364.166000
142386.326000
142408.487000
142430.648000
142519.294000
142541.455000
142563.617000
142585.779000
142607.939000
142630.100000
142652.261000
142674.424000
142696.584000
142718.745000
142807.390000
142829.551000
142851.713000
142873.876000
142896.035000
142918.196000
142940.358000
142962.520000
142984.683000
143006.842000
143095.488000
143117.648000
143139.810000
143161.971000
143184.132000
143206.293000
143228.455000
143250.620000
143272.778000
143294.940000
143383.585000
143405.746000
143427.906000
143450.067000
143472.229000
143494.392000
143516.551000
143538.713000
143560.874000
143583.036000
143671.681000
143693.843000
143716.003000
143738.164000
143760.325000
143782.487000
143804.650000
143826.809000
143848.971000
143871.132000
143959.777000
143981.939000
144004.102000
144026.262000
144048.422000
144070.584000
144092.745000
144114.908000
144137.068000
144159.229000
144247.874000
144270.036000
144292.197000
144314.360000
144336.519000
144358.680000
144380.842000
144403.005000
144425.167000
144447.326000
144535.971000
144558.132000
144580.293000
144602.455000
144624.619000
144646.777000
144668.939000
144691.100000
144713.262000
144735.423000
144846.229000
144868.390000
144890.551000
144912.713000
144934.876000
144957.035000
144979.196000
145001.358000
145023.520000
145045.680000
145134.328000
145156.487000
145178.648000
145200.810000
145222.972000
145289.454000
145311.616000
145333.779000
145355.939000
145378.100000
145466.745000
145488.906000
145511.068000
145533.230000
145555.392000
145577.551000
145599.713000
145621.875000
145644.038000
145666.197000
145754.844000
145777.003000
145799.164000
145821.326000
145843.488000
145865.648000
145887.809000
145909.971000
145932.133000
145954.297000
146065.103000
146087.261000
146109.422000
146131.584000
146153.747000
146175.909000
146198.068000
146220.229000
146242.390000
146264.554000
146353.198000
146375.360000
146397.519000
146419.681000
146441.842000
146464.005000
146486.164000
146508.326000
146530.487000
146552.649000
146641.294000
146663.457000
146685.616000
146707.778000
146729.939000
146752.100000
146774.263000
146796.423000
146818.584000
146840.745000
147217.487000
147239.648000
147261.810000
147283.973000
147306.132000
147328.293000
147350.455000
147372.617000
147394.780000
147416.939000
147505.586000
147527.746000
147549.906000
147572.068000
147594.231000
147616.390000
147638.552000
147660.713000
147682.875000
147705.037000
147793.683000
147815.842000
147838.003000
147860.165000
147882.326000
147904.489000
147926.648000
147948.810000
147970.971000
147993.133000
148081.778000
148103.941000
148126.100000
148148.261000
148170.423000
148192.585000
148214.746000
148236.907000
148259.068000
148281.229000
148369.874000
148392.036000
148414.199000
148436.358000
148458.519000
148480.681000
148502.843000
148525.006000
148547.164000
148569.327000
148680.132000
148702.294000
148724.458000
148746.616000
148768.777000
148790.939000
148813.101000
148835.263000
148857.423000
148879.584000
148968.229000
148990.392000
149012.553000
149034.715000
149056.874000
149079.035000
149101.197000
149123.360000
149145.519000
149167.681000
149256.326000
149278.487000
149300.648000
149322.809000
149344.972000
149367.132000
149389.294000
149411.455000
149433.618000
149455.777000
149522.262000
149544.424000
149566.584000
149588.746000
149610.906000
149633.069000
149655.230000
149677.390000
149699.551000
149721.713000
149810.358000
149832.520000
149854.681000
149876.842000
149899.003000
149921.165000
149943.327000
149965.487000
149987.648000
150009.810000
150098.455000
150120.616000
150142.779000
150164.941000
150187.100000
150209.261000
150231.423000
150275.745000
150297.906000
150320.068000
150408.713000
150430.874000
150453.037000
150475.197000
150497.358000
150519.519000
150541.681000
150563.844000
150586.003000
150608.165000
150696.810000
150718.971000
150741.132000
150763.295000
150785.455000
150807.616000
150829.777000
150851.939000
150874.100000
150896.261000
150984.907000
151007.068000
151029.229000
151051.390000
151073.554000
151095.713000
151117.874000
151140.036000
151162.198000
151184.360000
151273.005000
151295.164000
151317.326000
151339.487000
151361.648000
151383.812000
151405.971000
151428.132000
151450.293000
151472.456000
151561.100000
151583.263000
151605.423000
151627.584000
151649.745000
151671.907000
151694.070000
151716.229000
151738.390000
151760.552000
151849.197000
151871.358000
151893.522000
151915.681000
151937.842000
151960.003000
151982.165000
152004.328000
152026.487000
152048.649000
152137.294000
152159.455000
152181.616000
152203.779000
152225.939000
152248.100000
152270.261000
152292.424000
152314.586000
152336.745000
152425.391000
152447.552000
152469.713000
152491.874000
152514.038000
152536.197000
152558.358000
152580.519000
152602.682000
152624.844000
152713.489000
152735.648000
152757.810000
152779.971000
152802.133000
152824.296000
152846.455000
152868.616000
152890.777000
152912.940000
152979.422000
153001.584000
153023.747000
153045.906000
153068.068000
153090.229000
153112.392000
153134.554000
153156.713000
153178.874000
153267.519000
153289.681000
153311.843000
153334.005000
153356.164000
153378.326000
153400.487000
153422.649000
153444.811000
153466.971000
153555.616000
153577.777000
153599.939000
153622.101000
153644.264000
153666.423000
153688.584000
153710.746000
153732.908000
153755.068000
153843.715000
153865.874000
153888.036000
153910.197000
153932.359000
153954.521000
153976.681000
153998.842000
154021.003000
154043.165000
154131.810000
154153.974000
154176.132000
154198.294000
154220.455000
154242.617000
154264.780000
154286.939000
154309.100000
154331.261000
154419.907000
154442.069000
154464.231000
154486.390000
154508.552000
154530.713000
154552.876000
154575.036000
154597.197000
154619.358000
154708.003000
154730.165000
154752.327000
154774.489000
154796.649000
154818.810000
154840.971000
154863.135000
154885.293000
154907.455000
154996.100000
155018.261000
155040.423000
155062.585000
155084.747000
155106.907000
155129.068000
155151.229000
155173.392000
155195.552000
155395.003000
155439.326000
155461.487000
155483.651000
155505.810000
155527.971000
155550.132000
155572.294000
155594.455000
155616.616000
155705.261000
155727.423000
155749.584000
155771.746000
155793.909000
155816.068000
155838.229000
155860.390000
155882.553000
155904.715000
155993.360000
156015.519000
156037.681000
156059.842000
156082.004000
156104.166000
156126.326000
156148.487000
156170.649000
156192.811000
156259.294000
156281.456000
156303.619000
156325.777000
156347.939000
156370.100000
156392.262000
156414.423000
156436.584000
156458.745000
156547.390000
156569.552000
156591.713000
156613.877000
156636.035000
156658.197000
156680.358000
156702.521000
156724.681000
156746.843000
156835.487000
156857.649000
156879.810000
156901.972000
156924.134000
156946.294000
156968.455000
156990.616000
157012.779000
157034.939000
157123.586000
157145.746000
157167.906000
157190.068000
157212.230000
157234.392000
157256.552000
157278.713000
157300.874000
157323.037000
157433.844000
157456.003000
157478.165000
157500.326000
157522.488000
157544.648000
157566.810000
157588.971000
157611.132000
157633.296000
157721.939000
157744.102000
157766.261000
157788.423000
157810.584000
157832.747000
157854.906000
157877.069000
157899.230000
157921.392000
158010.036000
158032.199000
158054.360000
158076.519000
158098.681000
158120.842000
158143.006000
158165.165000
158187.326000
158209.487000
158298.133000
158320.294000
158342.457000
158364.618000
158386.778000
158408.939000
158431.101000
158453.263000
158475.423000
158497.584000
158608.390000
158630.552000
158652.716000
158674.874000
158697.036000
158719.197000
158741.358000
158763.522000
158785.681000
158807.842000
158918.648000
158940.810000
158962.973000
158985.133000
159007.294000
159029.455000
159051.617000
159073.780000
159095.939000
159118.100000
159206.745000
159228.907000
159251.068000
159273.231000
159295.390000
159317.552000
159339.713000
159361.876000
159384.038000
159406.197000
159517.004000
159539.165000
159561.326000
159583.489000
159605.648000
159627.810000
159649.971000
159672.134000
159694.295000
159716.455000
159827.262000
159849.423000
159871.585000
159893.747000
159915.907000
159938.068000
159960.229000
159982.392000
160004.552000
160026.713000
160115.358000
160137.520000
160159.681000
160181.842000
160204.004000
160226.166000
161710.972000
161755.294000
162464.455000
162508.778000
162663.909000
162686.068000
162708.229000
162730.390000
162752.554000
162774.713000
162796.874000
162819.036000
162841.197000
162863.360000
162929.842000
162952.005000
162974.165000
162996.326000
163018.488000
163040.649000
163062.812000
163084.972000
163107.133000
163129.294000
163217.939000
163240.100000
163262.263000
163284.423000
163306.584000
163328.745000
163350.907000
163373.070000
163395.229000
163417.391000
163506.036000
163528.197000
163550.358000
163572.522000
163594.681000
163616.842000
163639.003000
163661.165000
163683.328000
163705.487000
163794.134000
163816.294000
163838.455000
163860.616000
163882.780000
163904.939000
163927.100000
163949.261000
163971.423000
163993.586000
164082.231000
164104.390000
164126.552000
164148.713000
164170.875000
164193.038000
164215.197000
164237.358000
164259.519000
164281.682000
164370.327000
164392.489000
164414.649000
164436.810000
164458.971000
164481.133000
164503.296000
164525.455000
164547.616000
164569.778000
164658.423000
164680.585000
164702.747000
164724.906000
164747.068000
164769.229000
164791.392000
164813.554000
164835.713000
164857.874000
164946.520000
164968.681000
164990.843000
165013.006000
165035.165000
165057.326000
165079.487000
165101.650000
165123.812000
165145.971000
165212.457000
165278.939000
165301.101000
165323.264000
165345.423000
165367.584000
165389.745000
165411.908000
165434.068000
165456.229000
165544.874000
165567.036000
165589.197000
165611.360000
165633.521000
165655.681000
165677.842000
165700.003000
165722.167000
165744.326000
165810.810000
165832.974000
165855.132000
165877.294000
165899.455000
165921.618000
165943.779000
165965.939000
165988.100000
166010.262000
166098.906000
166121.070000
166143.231000
166165.390000
166187.552000
166209.713000
166231.876000
166254.036000
166276.197000
166298.358000
166387.003000
166409.165000
166431.327000
166453.488000
166475.648000
166497.810000
166519.971000
166542.134000
166564.294000
166586.455000
166652.941000
166697.261000
166719.423000
166741.585000
166763.747000
166785.907000
166808.068000
166830.229000
166852.392000
166874.552000
166941.036000
166963.198000
166985.358000
167007.520000
167029.681000
167051.844000
167074.004000
167096.164000
167118.326000
167140.488000
167229.132000
167251.294000
167273.457000
167295.616000
167317.778000
167339.939000
167362.102000
167384.261000
167406.423000
167428.584000
167495.068000
167517.229000
167539.391000
167561.555000
167583.715000
167605.875000
167628.036000
167650.197000
167672.362000
167694.520000
167783.167000
167805.326000
167827.487000
167849.649000
167871.812000
167893.971000
167916.132000
167938.294000
167960.455000
167982.619000
168071.262000
168093.424000
168115.584000
168137.745000
168159.907000
168182.070000
168204.229000
168226.391000
168248.552000
168270.714000
168359.358000
168381.521000
168403.681000
168425.842000
168448.004000
168470.165000
168492.328000
168514.487000
168536.649000
168558.810000
168647.455000
168669.617000
168691.780000
168713.939000
168736.100000
168758.262000
168780.423000
168802.586000
168824.746000
168846.907000
168935.552000
168957.713000
168979.875000
169002.038000
169024.197000
169046.358000
169068.520000
169090.682000
169112.845000
169135.004000
169223.652000
169245.810000
169267.971000
169290.133000
169312.296000
169334.455000
169356.616000
169378.778000
169400.940000
169423.103000
169489.584000
169511.747000
169533.907000
169556.068000
169578.229000
169600.391000
169644.713000
169666.875000
169689.035000
169711.199000
169799.842000
169822.005000
169844.165000
169866.326000
169888.488000
169910.649000
169932.812000
169954.971000
169977.133000
169999.294000
170110.100000
170132.264000
170154.423000
170176.584000
170198.745000
170220.908000
170243.070000
170287.391000
170309.552000
170331.715000
170420.359000
170442.522000
170464.681000
170486.842000
170509.004000
170531.166000
170553.328000
170575.488000
170597.649000
170619.810000
170708.455000
170730.617000
170752.780000
170774.939000
170797.100000
170819.261000
170841.425000
170863.584000
170885.745000
170907.907000
170996.554000
171018.714000
171040.875000
171063.038000
171085.197000
171107.359000
171129.520000
171151.683000
171173.842000
171196.004000
171306.810000
171328.972000
171351.134000
171373.296000
171395.455000
171417.616000
171439.778000
171461.941000
171484.100000
171506.261000
171594.907000
171617.068000
171639.229000
171661.392000
171683.552000
171705.713000
171727.874000
171750.036000
171772.199000
171794.358000
171883.006000
171905.165000
171927.326000
171949.487000
171971.651000
171993.810000
172015.971000
172038.132000
172060.295000
172082.457000
172171.103000
172193.264000
172215.423000
172237.584000
172259.746000
172281.909000
172304.068000
172326.229000
172348.390000
172370.553000
172459.197000
172481.361000
172503.520000
172525.682000
172570.004000
172592.165000
172636.487000
172658.649000
172680.811000
172702.974000
172791.618000
172813.778000
172835.939000
172858.100000
172880.262000
172902.425000
172924.584000
172946.745000
172968.907000
172991.070000
173101.876000
173124.036000
173146.197000
173168.358000
173190.520000
173212.683000
173234.842000
173257.003000
173279.165000
173301.328000
173456.455000
173478.617000
173500.779000
173522.940000
173545.101000
173567.261000
173589.423000
173611.587000
173633.746000
173655.907000
173744.552000
173766.713000
173788.874000
173811.037000
173833.199000
173855.358000
173877.519000
173899.681000
173921.844000
173944.004000
174032.650000
174054.810000
174076.971000
174099.133000
174121.296000
174143.455000
174165.617000
174187.778000
174209.940000
174254.262000
174342.910000
174365.068000
174387.229000
174409.390000
174431.554000
174453.713000
174475.874000
174498.036000
174520.197000
174542.360000
174631.005000
174653.166000
174675.326000
174697.488000
174719.649000
174741.812000
174763.971000
174786.133000
174808.294000
174830.456000
174896.939000
174919.100000
174941.263000
174963.423000
174985.585000
175007.745000
175029.907000
175052.070000
175074.229000
175096.391000
175185.036000
175207.197000
175229.359000
175251.522000
175295.842000
175318.004000
175340.165000
175362.328000
175384.487000
175406.648000
175495.294000
175517.455000
175539.617000
175561.780000
175583.939000
175606.100000
175628.262000
175650.423000
175672.586000
175694.746000
175783.390000
175805.552000
175827.713000
175849.875000
175872.038000
175894.197000
175916.358000
175938.519000
175960.682000
175982.844000
176071.489000
176093.649000
176115.810000
176137.971000
176160.133000
176182.295000
176204.455000
176226.616000
176248.778000
176270.941000
176337.423000
176359.584000
176381.747000
176403.907000
176426.068000
176448.229000
176470.391000
176492.553000
176514.713000
176536.874000
176625.520000
176647.682000
176669.843000
176692.006000
176714.165000
176736.326000
176758.487000
176780.650000
176802.811000
176824.971000
176913.616000
176935.778000
176957.939000
176980.102000
177002.264000
177024.423000
177046.584000
177068.745000
177090.909000
177113.069000
177201.716000
177223.874000
177246.036000
177268.197000
177290.359000
177312.520000
177334.681000
177356.842000
177379.003000
177401.167000
177489.810000
177511.973000
177534.132000
177556.294000
177578.455000
177600.618000
177622.778000
177644.939000
177667.100000
177689.262000
177777.907000
177800.069000
177822.231000
177844.391000
177866.552000
177888.713000
177910.876000
177933.036000
177955.197000
177977.359000
178066.003000
178088.166000
178110.328000
178132.489000
178154.648000
178176.810000
178198.972000
178221.134000
178243.294000
178265.455000
178331.941000
178354.100000
178376.262000
178398.423000
178420.585000
178442.745000
178464.907000
178487.069000
178509.229000
178531.394000
178620.036000
178642.199000
178664.358000
178686.520000
178708.681000
178730.844000
178753.004000
178775.165000
178797.326000
178819.487000
178885.971000
178908.132000
178930.295000
178952.456000
178974.616000
178996.778000
179018.939000
179041.102000
179063.262000
179085.423000
179174.068000
179196.229000
179218.390000
179240.553000
179262.715000
179284.874000
179307.036000
179329.197000
179351.361000
179373.519000
179440.004000
179462.166000
179484.326000
179506.487000
179528.649000
179550.812000
179572.971000
179595.133000
179617.294000
179639.455000
179728.100000
179750.264000
179772.424000
179794.584000
179816.745000
179838.907000
179861.070000
179883.229000
179905.391000
179927.552000
179994.036000
180016.197000
180038.358000
180060.521000
180082.682000
180104.843000
180127.003000
180149.165000
180171.328000
180193.487000
183185.262000
183207.423000
183229.585000
183251.747000
183273.907000
183296.068000
183318.229000
183340.392000
183362.552000
183384.713000
183473.358000
183495.519000
183517.681000
183539.843000
183562.004000
183584.165000
183606.326000
183628.487000
183650.651000
183672.810000
183761.457000
183783.616000
183805.778000
183827.939000
183850.102000
183872.261000
183894.423000
183916.584000
183938.745000
183960.909000
184049.552000
184071.715000
184093.874000
184116.036000
184138.197000
184160.360000
184182.520000
184204.681000
184226.842000
184249.003000
184337.649000
184359.811000
184381.973000
184404.132000
184426.294000
184448.455000
184470.619000
184492.777000
184514.939000
184537.100000
184625.746000
184647.906000
184670.070000
184692.229000
184714.390000
184736.552000
184758.714000
184780.876000
184803.036000
184825.197000
184913.842000
184936.004000
184958.165000
184980.328000
185002.487000
185024.649000
185046.810000
185068.972000
185091.135000
185113.294000
185201.941000
185224.100000
185246.261000
185268.423000
185290.586000
185312.745000
185334.907000
185357.068000
185379.230000
185401.393000
185490.037000
185512.197000
185534.358000
185556.520000
185578.681000
185600.844000
185623.004000
185645.165000
185667.326000
185689.489000
185778.132000
185800.296000
185822.455000
185844.616000
185866.778000
185888.940000
185911.102000
185933.262000
185955.423000
185977.584000
186066.229000
186088.391000
186110.554000
186132.713000
186154.874000
186177.036000
186199.198000
186221.361000
186243.519000
186265.681000
186354.326000
186376.487000
186398.649000
186420.812000
186442.971000
186465.132000
186487.294000
186509.456000
186531.617000
186553.778000
186642.423000
186664.584000
186686.745000
186708.907000
186731.070000
186753.229000
186775.390000
186797.552000
186819.714000
186841.877000
186930.522000
186952.681000
190875.231000
190897.391000
190941.713000
190963.875000
190986.036000
191008.197000
191030.361000
191052.520000
191163.327000
191185.487000
191207.649000
191229.812000
191251.971000
191274.133000
191296.294000
191318.456000
191340.619000
191362.778000
191451.425000
191473.584000
191495.745000
191517.907000
191540.070000
191562.229000
191584.391000
191606.552000
191628.714000
191650.876000
191739.521000
191761.683000
191783.842000
191806.004000
191828.165000
191850.328000
191872.487000
191894.649000
191916.810000
191938.973000
192027.617000
192049.780000
192071.939000
192094.100000
192116.261000
192138.423000
192160.587000
192182.746000
192204.907000
192227.069000
192315.713000
192337.874000
192360.038000
192382.197000
192404.358000
192426.520000
192448.682000
192470.844000
192493.004000
192515.165000
192603.810000
192625.971000
192648.132000
192670.296000
192692.455000
192714.616000
192736.778000
192758.939000
192781.102000
192803.261000
192891.907000
192914.068000
192936.229000
192958.391000
192980.555000
193002.713000
193024.875000
193047.036000
193069.198000
193091.358000
193180.006000
193202.165000
193224.326000
193246.487000
193268.650000
193290.811000
193312.971000
193335.133000
193357.294000
193379.457000
193468.100000
193490.264000
193512.423000
193534.585000
193556.745000
193578.909000
193601.070000
193623.229000
193645.391000
193667.552000
193756.197000
193778.359000
193800.522000
193822.681000
193844.842000
193867.003000
193889.167000
193911.328000
193933.488000
193955.649000
194044.294000
194066.455000
194088.617000
194110.780000
194132.939000
194155.100000
194177.262000
194199.425000
194221.584000
194243.746000
194332.391000
194354.552000
194376.713000
194398.875000
194421.036000
194443.197000
194465.359000
194487.520000
194509.683000
194531.842000
194598.327000
194620.489000
194642.649000
194664.810000
194686.971000
194731.296000
194753.455000
194775.616000
194797.778000
194819.941000
194908.585000
194930.748000
194952.907000
194975.068000
194997.229000
195019.392000
195041.552000
195063.713000
195085.875000
195108.036000
195196.681000
195218.843000
195241.005000
195263.165000
195285.326000
195307.487000
195329.651000
195351.810000
195373.971000
195396.133000
195484.778000
195506.939000
195529.103000
195551.261000
195573.423000
195595.585000
195617.745000
196393.390000
196437.713000
196459.877000
196570.682000
196592.843000
196615.004000
196637.165000
196659.328000
196681.490000
196703.649000
196725.810000
196747.972000
196770.135000
196858.779000
196880.942000
196903.100000
196925.262000
196947.423000
196969.586000
196991.746000
197013.907000
197036.068000
197058.230000
197169.037000
197191.197000
197213.359000
197235.520000
197257.682000
197279.845000
197302.004000
197324.165000
197346.326000
197368.489000
197479.294000
197501.455000
197523.616000
197545.778000
197567.939000
197590.102000
197612.262000
197634.423000
197656.584000
197678.746000
197767.392000
197789.554000
197811.713000
197833.875000
197856.036000
197878.198000
197900.360000
197922.520000
197944.681000
197966.842000
198055.488000
198077.649000
198099.812000
198121.971000
198144.133000
198166.294000
198188.457000
198210.617000
198232.778000
198254.939000
198343.584000
198365.747000
198387.907000
198410.070000
198432.229000
198454.391000
198476.552000
198498.716000
198520.876000
198543.036000
198631.682000
198653.843000
198676.004000
198698.166000
198720.328000
198742.487000
198764.649000
198786.810000
198808.973000
198831.133000
198897.617000
198919.780000
198941.939000
198964.101000
198986.262000
199008.424000
199030.584000
199052.745000
199074.907000
199097.068000
199185.713000
199207.875000
199230.038000
199252.197000
199274.358000
199296.520000
199318.682000
199340.842000
199363.004000
199385.165000
199473.810000
199495.971000
199518.133000
199540.295000
199562.455000
199584.616000
199606.778000
199628.941000
199651.100000
199673.262000
199761.907000
199784.068000
199806.230000
199828.391000
199850.553000
199872.713000
199894.875000
199917.037000
199939.199000
199961.358000
200050.006000
200072.165000
200094.326000
200116.488000
200138.650000
200160.810000
200182.971000
200205.133000
200227.294000
200249.458000
200360.264000
200382.423000
200404.584000
200426.745000
200448.908000
200471.068000
200493.229000
200515.391000
200537.552000
200559.715000
200670.521000
200692.682000
200714.843000
200737.004000
200759.167000
200781.326000
200803.488000
200825.649000
200847.811000
200869.974000
200958.618000
200980.779000
201002.939000
201025.100000
201047.262000
201069.425000
201091.584000
201113.746000
201135.907000
201158.069000
201246.713000
201268.876000
201291.036000
201313.197000
201335.359000
201357.520000
201379.683000
201401.842000
201424.003000
201446.165000
201534.810000
201556.971000
201579.135000
201601.294000
201623.455000
201645.617000
201667.779000
201689.941000
201712.100000
201734.262000
201822.907000
201845.068000
201867.230000
201889.393000
201911.552000
201933.713000
201955.875000
201978.037000
202000.199000
202022.359000
202111.004000
202133.165000
202155.326000
202177.488000
202199.651000
202221.810000
202243.971000
202266.133000
202288.295000
202310.456000
202399.103000
202421.262000
202443.423000
202465.584000
202487.746000
202509.909000
202532.068000
202554.229000
202576.391000
202598.553000
202687.198000
202709.361000
202731.520000
202753.681000
202775.842000
202798.004000
202820.167000
202842.326000
202864.488000
202886.649000
202975.294000
202997.455000
203019.618000
203041.778000
203063.939000
203086.101000
203108.263000
203130.425000
203152.584000
203174.746000
203263.391000
203285.552000
203307.714000
203329.877000
203352.036000
203374.198000
203396.358000
203418.522000
203440.681000
203462.843000
203551.488000
203573.649000
203595.810000
203617.971000
203640.135000
203662.294000
203684.455000
203706.617000
203728.782000
203750.939000
203839.586000
203861.745000
203883.907000
203906.068000
203928.230000
203950.391000
203972.552000
203994.713000
204016.875000
204039.038000
204127.682000
204149.844000
204172.004000
204194.165000
204216.326000
204238.489000
204260.649000
204282.810000
204304.971000
204327.133000
204415.778000
204437.940000
204460.102000
204482.262000
204504.423000
204526.584000
204548.747000
204570.907000
204593.068000
204615.229000
204703.875000
204726.036000
204748.198000
204770.358000
204792.520000
204814.681000
204836.843000
204859.005000
204881.165000
204903.327000
204991.971000
205014.133000
205036.294000
205058.457000
205080.616000
205102.778000
205124.939000
205147.100000
205169.262000
205191.423000
205280.069000
205302.229000
205324.391000
205346.552000
205368.715000
205390.874000
205413.036000
205435.197000
205457.359000
205479.522000
205568.166000
205590.328000
205612.487000
205656.810000
205678.973000
205701.133000
205723.294000
205745.455000
205767.618000
205789.780000
205878.425000
205900.584000
205922.745000
205944.907000
205967.068000
205989.232000
206011.391000
206033.552000
206055.714000
206077.875000
206166.520000
206188.684000
206210.842000
206233.003000
206255.165000
206277.327000
206299.490000
206321.649000
206343.810000
206365.972000
206454.617000
206476.778000
206498.941000
206521.100000
206543.261000
206565.423000
206587.585000
206609.748000
206631.907000
206654.068000
206742.713000
206764.875000
206787.036000
206809.199000
206831.359000
206853.520000
206875.681000
206897.843000
206920.005000
206942.165000
207030.810000
207052.971000
207075.133000
207097.295000
207119.457000
207141.617000
207163.778000
207185.939000
207208.102000
207230.263000
207318.909000
207341.068000
207363.229000
207385.391000
207407.553000
207429.715000
207451.875000
207474.036000
207496.197000
207518.360000
207607.005000
207629.167000
207651.326000
207673.488000
207695.649000
207717.811000
207739.973000
207762.133000
207784.294000
207806.456000
207895.100000
207917.262000
207939.425000
207961.584000
207983.745000
208005.907000
208028.070000
208050.229000
208072.391000
208094.552000
208183.197000
208205.358000
208227.520000
208249.682000
208271.842000
208294.004000
208316.165000
208338.326000
208360.487000
208382.649000
208471.294000
208493.455000
208515.616000
208537.779000
208559.941000
208582.100000
208604.261000
208626.423000
208648.586000
208670.746000
208759.392000
208781.552000
208803.713000
208825.875000
208848.037000
208870.197000
208892.359000
208914.520000
208936.681000
208958.845000
209047.488000
209069.651000
209091.810000
209113.971000
209136.133000
209158.297000
209180.455000
209202.616000
209224.778000
209246.939000
209335.584000
209357.747000
209379.907000
209402.068000
209424.229000
209446.391000
209468.554000
209490.713000
209512.874000
209535.036000
209623.681000
209645.842000
209668.005000
209690.165000
209712.326000
209734.487000
209756.649000
209778.812000
209800.971000
209823.133000
209911.778000
209933.939000
209956.100000
209978.264000
210000.423000
210022.584000
210044.746000
210066.907000
210089.070000
210111.229000
210222.036000
210244.197000
210266.358000
210288.522000
210310.681000
210332.842000
210355.004000
210377.166000
210399.328000
210421.487000
210532.294000
210554.455000
210576.617000
210598.780000
210620.939000
210665.262000
210687.424000
210709.586000
210731.745000
210753.907000
210842.552000
210864.713000
210886.876000
210909.038000
210931.197000
210953.358000
210975.520000
210997.683000
211019.842000
211042.004000
211130.649000
211152.810000
211374.423000
211396.585000
211418.748000
211440.907000
211463.068000
211485.230000
211507.392000
211529.553000
211640.359000
211662.520000
211684.681000
211706.843000
211729.005000
211751.165000
211773.328000
211795.487000
211817.650000
211839.810000
211950.616000
211972.778000
211994.940000
212017.102000
212039.263000
212061.423000
212083.584000
212105.746000
212127.909000
212150.068000
212260.875000
212283.036000
212305.197000
212327.360000
212349.519000
212371.681000
212393.842000
212416.004000
212438.167000
212460.326000
212548.974000
212571.133000
212593.294000
212615.455000
212637.618000
212659.781000
212681.939000
212704.100000
212726.262000
212748.425000
212837.069000
212859.231000
212881.393000
212903.552000
212925.713000
212947.876000
212970.036000
212992.197000
213014.359000
213036.520000
213125.165000
213147.329000
213169.490000
213191.649000
213213.810000
213235.971000
213258.134000
213280.294000
213302.455000
213324.616000
213413.261000
213435.423000
213457.588000
213479.746000
213501.908000
213524.068000
213546.230000
213568.393000
213590.552000
213612.713000
213701.358000
213723.519000
213745.682000
213767.844000
213790.003000
213812.165000
213834.326000
213856.488000
213900.810000
213922.971000
214011.616000
214033.778000
214055.939000
214078.103000
214100.261000
214122.423000
214144.584000
214166.746000
214188.909000
214211.069000
214299.713000
214321.874000
214344.036000
214366.197000
214388.360000
214410.520000
214432.681000
214454.842000
214477.003000
214499.166000
214587.812000
214609.972000
214632.161000
214654.294000
214676.456000
214698.618000
214720.778000
214742.939000
214765.100000
214787.263000
214853.745000
214875.907000
214898.070000
214920.229000
214942.391000
214964.552000
214986.715000
215008.876000
215031.036000
215053.197000
215141.842000
215164.003000
215186.165000
215208.329000
215230.487000
215252.649000
215274.810000
215296.973000
215319.134000
215341.294000
215429.939000
215452.100000
215474.262000
215496.424000
215518.585000
215540.745000
215562.907000
215585.068000
215607.231000
215629.391000
215718.038000
215740.197000
215762.358000
215784.520000
215806.682000
215828.844000
215851.003000
215873.165000
215895.326000
215917.489000
215983.972000
216006.133000
216028.294000
216050.455000
216072.616000
216094.778000
216116.941000
216139.100000
216161.261000
216183.423000
216272.068000
216294.229000
216316.391000
216338.553000
216360.713000
216382.874000
216405.036000
216427.199000
216449.358000
216471.519000
216560.164000
216582.326000
216604.487000
216626.649000
216648.812000
216670.971000
216693.132000
216715.294000
216737.457000
216759.616000
216848.264000
216870.423000
216892.584000
216914.746000
216936.908000
216959.068000
216981.229000
217003.390000
217025.552000
217047.715000
217136.359000
217158.522000
217180.681000
217202.842000
217225.003000
217247.167000
217269.326000
217291.487000
217313.649000
217335.810000
217402.293000
217446.617000
217468.779000
217490.939000
217513.100000
217535.262000
217557.425000
217579.584000
217601.745000
217623.906000
217712.552000
217734.713000
217756.876000
217779.036000
217801.197000
217823.358000
217845.520000
217867.683000
217889.842000
217912.003000
218000.648000
218022.810000
218044.971000
218067.134000
220105.972000
220128.135000
220172.484000
220194.616000
220549.197000
222986.942000
223142.068000
223164.229000
223186.394000
223208.552000
223230.713000
223252.875000
223275.036000
223297.199000
223319.358000
223341.519000
223430.165000
223452.326000
223474.487000
223496.651000
223518.810000
223540.971000
223563.132000
223585.295000
223607.457000
223629.616000
223718.263000
223740.422000
223762.584000
223784.745000
223806.909000
223829.068000
223851.229000
223873.390000
223895.552000
223917.715000
224006.360000
224028.519000
224050.681000
224072.842000
224095.003000
224117.167000
224139.326000
224161.487000
224183.648000
224205.810000
224294.455000
224316.618000
224338.778000
224360.939000
224383.100000
224405.262000
224427.425000
224449.584000
224471.745000
224493.906000
224560.390000
224582.552000
224604.713000
224626.876000
224649.036000
224671.197000
224693.358000
224715.520000
224737.683000
224759.842000
226865.166000
226909.488000
226931.648000
226953.810000
226975.972000
226998.132000
227020.294000
227042.455000
227064.616000
227086.780000
227153.261000
227197.586000
227219.745000
227241.907000
227264.068000
227286.231000
227308.390000
227330.552000
227352.713000
227374.874000
227463.519000
227485.682000
227507.844000
227530.003000
227552.164000
227574.326000
227596.489000
227618.649000
227640.810000
227662.971000
227751.616000
227773.778000
227795.940000
227818.101000
227840.262000
227862.423000
227884.584000
227906.748000
227928.906000
227973.229000
228061.874000
228084.035000
228106.199000
228128.358000
228150.519000
228172.681000
228194.842000
228217.006000
228239.165000
228261.326000
228349.971000
228372.133000
228394.294000
228416.457000
228438.616000
228460.777000
228482.939000
228505.100000
228527.263000
228549.422000
228615.908000
228638.068000
228660.229000
228682.390000
228704.553000
228726.715000
228748.874000
228771.036000
228793.197000
228815.359000
228881.842000
228904.003000
228926.166000
228948.326000
228970.487000
228992.649000
229014.810000
229036.973000
229059.132000
229081.294000
229169.939000
229192.100000
229214.261000
229236.426000
229258.584000
229280.745000
229302.907000
229325.069000
229347.231000
229369.390000
229435.877000
229458.035000
229480.197000
229502.359000
229524.520000
229546.683000
229568.842000
229591.003000
229613.165000
229635.327000
229723.972000
229746.135000
229768.294000
229790.455000
229812.616000
229834.779000
229856.941000
229879.100000
229901.261000
229923.423000
230012.068000
230034.229000
230056.391000
230078.552000
230100.713000
230122.874000
230145.036000
230167.199000
230189.358000
230211.520000
230300.164000
230322.326000
230344.487000
230366.651000
230388.810000
230410.971000
230433.133000
230455.294000
230477.457000
230499.616000
230588.261000
230610.423000
230632.584000
230654.746000
230676.909000
230699.068000
230721.229000
230743.391000
230765.553000
230787.713000
230876.361000
230898.519000
230920.681000
230942.843000
230965.004000
230987.166000
231009.326000
231031.487000
231053.648000
231075.812000
231164.455000
231186.618000
231208.778000
231230.939000
231253.100000
231275.264000
231297.425000
231319.584000
231341.745000
231363.906000
231452.552000
231474.714000
231496.876000
231519.035000
231541.197000
231563.358000
231585.521000
231607.681000
231629.842000
231652.003000
231740.649000
231762.810000
231784.972000
231807.135000
231829.294000
231851.455000
231873.616000
231895.779000
231917.939000
231940.100000
232028.745000
232050.907000
232073.069000
232095.230000
232117.392000
232139.552000
232161.713000
232183.874000
232206.038000
232228.197000
232316.844000
232339.003000
232361.165000
232383.326000
232405.489000
232427.649000
232449.810000
232471.971000
232494.133000
232516.296000
232604.940000
232627.102000
232649.261000
232671.423000
232693.584000
232715.747000
232737.907000
232760.068000
232782.229000
232804.391000
232870.874000
232893.036000
232915.198000
232981.681000
233003.842000
233026.006000
233048.165000
233070.326000
233092.487000
233114.649000
233181.132000
233203.294000
233225.456000
233247.619000
233269.779000
233291.939000
233314.100000
233336.264000
233358.423000
233380.584000
233469.229000
233491.390000
233513.552000
233535.715000
233557.874000
233580.036000
233602.197000
233624.358000
233646.522000
233668.681000
233757.328000
233779.487000
233801.648000
233823.810000
233845.973000
233868.132000
233890.294000
233912.455000
233934.617000
233956.780000
234045.425000
234067.584000
234089.745000
234111.907000
234134.068000
234156.231000
234178.390000
234200.552000
234222.713000
234244.876000
234333.520000
234355.683000
234377.842000
234400.003000
234422.165000
234444.327000
234466.489000
234488.649000
234510.810000
234532.971000
234621.617000
234643.778000
234665.941000
234688.100000
234710.262000
234732.423000
234754.585000
234776.747000
234798.907000
234821.068000
234909.713000
234931.875000
234954.036000
234976.199000
234998.358000
235020.520000
235042.681000
235064.843000
235087.005000
235109.165000
235197.810000
235219.971000
235242.132000
235264.294000
235286.457000
235308.616000
235330.778000
235352.939000
235375.102000
235397.263000
235485.909000
235508.068000
235530.229000
235552.390000
235574.552000
235596.715000
235618.874000
235641.036000
235663.197000
235685.360000
235774.003000
235796.167000
235818.326000
235840.487000
235862.649000
235884.811000
235906.973000
235929.133000
235951.294000
235973.455000
236062.100000
236084.262000
236106.425000
236128.584000
236150.745000
236172.907000
236195.068000
236217.229000
236239.391000
236261.552000
236394.520000
236416.683000
236438.842000
236461.003000
236483.165000
236505.328000
236527.487000
236549.648000
236571.810000
236593.971000
236704.778000
236726.940000
236749.100000
236771.261000
236793.423000
236815.586000
236837.745000
236859.907000
236882.068000
236904.229000
236992.874000
237015.037000
237037.199000
237059.358000
237081.520000
237103.681000
237125.844000
237148.004000
237170.164000
237192.326000
237280.971000
237303.132000
237325.295000
237347.455000
237369.616000
237391.777000
237413.940000
237436.102000
237458.261000
237480.423000
237569.068000
237613.390000
237635.554000
237657.713000
237679.874000
237702.036000
237724.197000
237746.358000
237768.519000
237790.681000
237901.487000
237923.648000
237945.812000
237967.971000
237990.132000
238012.293000
238034.456000
238056.617000
238078.778000
238100.939000
238211.745000
238233.908000
238256.070000
238278.229000
238300.390000
238322.551000
238344.714000
238366.877000
238389.035000
238411.197000
238522.003000
238544.165000
238566.328000
238588.487000
238610.648000
238632.810000
238654.972000
238677.132000
238699.293000
238721.455000
238832.262000
238854.423000
238876.586000
238898.745000
238920.907000
238943.068000
238965.231000
238987.390000
239009.552000
239031.713000
239142.519000
239164.682000
239186.842000
239209.003000
239231.165000
239253.326000
239275.489000
239297.649000
239319.810000
239341.971000
239452.777000
239474.940000
239497.100000
239519.261000
239541.423000
239563.584000
239585.747000
239607.906000
239630.068000
239652.229000
239740.874000
239763.035000
239785.199000
239807.358000
239829.519000
239851.681000
239873.842000
239896.005000
239918.165000
239962.487000
240051.132000
240073.293000
240095.457000
240117.616000
240139.777000
240161.939000
240184.101000
240206.263000
