49.980000
99.963000
149.943000
199.925000
249.907000
299.889000
349.873000
399.853000
449.836000
499.816000
549.798000
599.780000
649.762000
699.745000
749.725000
799.711000
849.689000
899.672000
949.653000
999.635000
1049.619000
1099.598000
1149.582000
1199.563000
1249.544000
1299.526000
1349.508000
1399.491000
1449.472000
1499.455000
1549.435000
1599.417000
1649.399000
1699.381000
1749.363000
1799.344000
1849.329000
1899.308000
1949.290000
1999.272000
2049.254000
2099.238000
2149.217000
2199.202000
2249.181000
2299.164000
2349.145000
2399.127000
2449.108000
2499.090000
2549.075000
2599.054000
2649.037000
2699.018000
2748.999000
2798.981000
2848.963000
2898.947000
2948.927000
2998.910000
3048.891000
3098.873000
3148.854000
3198.836000
3248.821000
3298.800000
3348.783000
3398.763000
3448.746000
3498.727000
3548.710000
3598.693000
3648.672000
3698.656000
3748.636000
3798.619000
3848.600000
3898.582000
3948.566000
3998.546000
4048.529000
4098.509000
4148.491000
4198.473000
4248.455000
4298.439000
4348.418000
4398.402000
4448.382000
4498.364000
4548.346000
4598.327000
4648.311000
4698.291000
4748.275000
4798.255000
4848.237000
4898.219000
4948.201000
4998.182000
5048.164000
5098.146000
5148.128000
5198.110000
5248.092000
5298.073000
5348.056000
5398.037000
5448.021000
5498.001000
5547.983000
5597.964000
5647.946000
5697.928000
5747.910000
5797.894000
5847.873000
5897.856000
5947.837000
5997.819000
6047.801000
6097.783000
6147.767000
6197.746000
6247.729000
6297.710000
6347.692000
6397.674000
6447.655000
6497.640000
6547.619000
6597.602000
6697.565000
6797.529000
6847.513000
6947.476000
7047.438000
7147.402000
7197.385000
7297.349000
7397.310000
7497.274000
7597.238000
7697.201000
7747.183000
7847.147000
7947.111000
8047.074000
8147.038000
8247.002000
8296.983000
8396.947000
8496.911000
8546.893000
8646.856000
8746.820000
8846.783000
8946.747000
8996.729000
9096.692000
9196.656000
9296.620000
9396.586000
9446.565000
9546.530000
9646.493000
9746.458000
9796.438000
9946.384000
9996.365000
10096.331000
10196.295000
10296.257000
10346.238000
10446.202000
10546.168000
10646.131000
10696.111000
10796.075000
10896.041000
10996.004000
11045.984000
11145.950000
11245.913000
11345.876000
11395.856000
11495.820000
11595.785000
11695.749000
11795.712000
11895.675000
11995.638000
12095.602000
12195.566000
12295.529000
12345.511000
12445.475000
12545.439000
12645.402000
12745.368000
12845.330000
12945.293000
13045.257000
13145.220000
13245.184000
13345.147000
13395.129000
13495.093000
13595.056000
13695.020000
13794.986000
13894.949000
13994.912000
14094.875000
14144.856000
14544.712000
14744.638000
15294.441000
15444.384000
15494.366000
15594.329000
15694.293000
15794.256000
15844.239000
15944.202000
16044.166000
16144.129000
16194.112000
16294.075000
16394.038000
16494.002000
16543.985000
16643.950000
16743.911000
16843.874000
16893.858000
16993.821000
17093.784000
17193.747000
17243.731000
17343.694000
17443.656000
17493.638000
17593.604000
17693.566000
17793.530000
17893.493000
17943.477000
18043.441000
18143.402000
18243.365000
18293.348000
18393.312000
18493.274000
18593.238000
18693.202000
18793.165000
18843.147000
18943.110000
19043.074000
19143.038000
19193.019000
19292.983000
19442.931000
19642.856000
19792.804000
19942.747000
20142.676000
20292.619000
20492.546000
20642.492000
20792.437000
20992.364000
21142.311000
21342.237000
21492.183000
21692.110000
21842.056000
22041.983000
22191.929000
22391.855000
22991.637000
23091.601000
23141.584000
23291.528000
24990.909000
25340.781000
25440.747000
25540.710000
25690.654000
25790.620000
25890.584000
26090.509000
26290.436000
26440.381000
26640.309000
26840.236000
27040.166000
27190.109000
27390.038000
27539.981000
27739.911000
27889.854000
28039.799000
28239.726000
28389.672000
28589.599000
28739.545000
28939.472000
29089.417000
29189.381000
29289.345000
29389.308000
29489.271000
29539.253000
29639.217000
29739.180000
29839.144000
29889.126000
30039.074000
30189.017000
30388.946000
30538.890000
30738.820000
30888.762000
31088.692000
31238.635000
31388.580000
31588.507000
31738.453000
31888.401000
32088.326000
32238.274000
32438.198000
32588.147000
32738.089000
32938.016000
33087.962000
33237.907000
33337.871000
33487.816000
33687.743000
33837.689000
33987.634000
34187.563000
34337.506000
34537.436000
34687.379000
34887.309000
35037.252000
35237.182000
35437.106000
35587.054000
35786.979000
35936.926000
36136.852000
36336.779000
36486.726000
36636.672000
36786.615000
36886.579000
36936.561000
37036.524000
37136.488000
37236.451000
37336.415000
37436.380000
37536.344000
37636.306000
37736.270000
37836.233000
37886.217000
38036.160000
38086.142000
38186.105000
38286.069000
38386.033000
38485.997000
38535.979000
38635.942000
38735.905000
38835.869000
38935.835000
39035.798000
39085.778000
39185.742000
39285.707000
39385.671000
39485.633000
39585.596000
39635.578000
39735.543000
39835.506000
39935.469000
40035.432000
40085.415000
40185.379000
40285.341000
40335.323000
40435.288000
40535.252000
40635.215000
40685.195000
40785.160000
40885.125000
40935.105000
41035.069000
41135.032000
41185.013000
41284.977000
41384.941000
41434.923000
41834.777000
42034.706000
42184.650000
42334.595000
42484.542000
42684.467000
42834.415000
43034.340000
43184.288000
43334.231000
43534.161000
43684.103000
43834.049000
44033.976000
44183.921000
44383.848000
44533.795000
44683.742000
44883.667000
44983.630000
45083.594000
45183.557000
45233.539000
45333.503000
45483.450000
45683.376000
45833.323000
46033.248000
46183.196000
46333.138000
46533.068000
46683.011000
46832.957000
47032.884000
47182.829000
47332.777000
47532.702000
47682.649000
47882.574000
48032.522000
48232.447000
48382.395000
48532.338000
48682.283000
48782.246000
48882.210000
48932.193000
49032.156000
49132.119000
49182.103000
49332.046000
49481.991000
49631.939000
49781.882000
49981.812000
50181.737000
50331.685000
50531.610000
50731.537000
50931.464000
51131.393000
51281.336000
51481.264000
51681.191000
51881.118000
52081.045000
52230.990000
52430.917000
52630.846000
52680.826000
52880.754000
53030.699000
53180.645000
53380.571000
53530.519000
53730.444000
53880.392000
54030.335000
54230.264000
54380.207000
54580.137000
54730.080000
54930.010000
55079.952000
55279.882000
55429.825000
55629.754000
55779.698000
55929.642000
56079.590000
56179.553000
56229.533000
56329.497000
56429.462000
56529.426000
56579.406000
56679.370000
56779.335000
56829.315000
57029.242000
57179.188000
57329.135000
57529.060000
57728.987000
57878.932000
58078.860000
58228.805000
58378.754000
58578.678000
58728.625000
58878.568000
59078.498000
59228.441000
59428.368000
59578.314000
59728.259000
59928.186000
60078.132000
60228.079000
60328.042000
60378.022000
60477.986000
60627.931000
60827.858000
60977.804000
61127.751000
61327.676000
61477.624000
61627.567000
61827.496000
61977.440000
62177.369000
62327.312000
62477.257000
62677.185000
62877.112000
63077.040000
63226.984000
63426.913000
63626.839000
63776.786000
63876.748000
63976.711000
64026.695000
64126.658000
64226.621000
64376.565000
64576.495000
64726.438000
64926.367000
65126.293000
65326.219000
65526.146000
65676.092000
65876.019000
66025.965000
66225.892000
66375.837000
66525.783000
66725.709000
66875.657000
67025.600000
67225.529000
67375.473000
67525.418000
67575.401000
67675.364000
67775.327000
67925.276000
68075.217000
68275.147000
68425.091000
68575.035000
68774.963000
68924.908000
69124.835000
69274.781000
69474.708000
69624.654000
69774.600000
69974.526000
70124.471000
70324.399000
70474.344000
70624.289000
70824.216000
70974.161000
71074.125000
71224.071000
71374.018000
71573.943000
72873.471000
73023.415000
73223.344000
73373.288000
73523.233000
73723.160000
73873.106000
74023.052000
74222.979000
74322.941000
74422.905000
74472.887000
74572.850000
74672.814000
74772.777000
74872.741000
74922.724000
75072.668000
75272.598000
75422.541000
75572.486000
75772.413000
75972.343000
76122.285000
76322.214000
76472.158000
76672.086000
76872.013000
77021.958000
77221.886000
77421.812000
77571.760000
77721.703000
77921.632000
78121.557000
78271.505000
78371.467000
78471.429000
78571.393000
78621.376000
78721.340000
78821.303000
78971.248000
79171.175000
79321.124000
79471.065000
79670.992000
79820.938000
80020.865000
80170.810000
80320.756000
80520.683000
80670.630000
80870.555000
81020.503000
81170.446000
81370.375000
81520.319000
81670.264000
81870.191000
82020.136000
82120.100000
82220.065000
82320.027000
82370.009000
82469.972000
82669.899000
82819.845000
82969.792000
83169.718000
83319.665000
83519.590000
83669.538000
83819.480000
84019.410000
84169.353000
84369.282000
84519.226000
84669.171000
84869.098000
85019.043000
85218.970000
85368.916000
85518.863000
85718.789000
85818.752000
85918.715000
86118.642000
86268.588000
86468.515000
86618.461000
86768.409000
86918.351000
87118.281000
87268.224000
87468.151000
87618.096000
87818.024000
87967.969000
88117.914000
88317.841000
88467.786000
88667.713000
88867.641000
89017.586000
89217.513000
89317.477000
89417.442000
89517.406000
89617.367000
89717.331000
89817.294000
89867.278000
90017.222000
90167.167000
90367.094000
90567.023000
90766.949000
90916.895000
91116.822000
91316.748000
91466.695000
91616.638000
91816.568000
91966.511000
92116.457000
92316.384000
92466.329000
92666.256000
92816.202000
92966.149000
93166.074000
93316.021000
93415.983000
93465.964000
93565.928000
93665.894000
93715.873000
93815.838000
93915.800000
93965.782000
94065.746000
94165.709000
94215.692000
94315.655000
94415.618000
94515.582000
94565.564000
94715.509000
94865.455000
95065.381000
95215.327000
95365.273000
95565.199000
95715.146000
95915.072000
96065.019000
96264.944000
96414.892000
96564.835000
96764.765000
96914.707000
97064.653000
97264.580000
97414.525000
97564.473000
97764.398000
97914.345000
98014.308000
98114.270000
98164.252000
98264.218000
98364.181000
98464.143000
98514.124000
98664.069000
98814.016000
99013.942000
99163.889000
99313.833000
99513.762000
99663.705000
99813.650000
99963.598000
100163.523000
100313.471000
100463.414000
100663.343000
100813.286000
100963.231000
101163.158000
101313.104000
101513.031000
101712.958000
101862.903000
102012.848000
102062.830000
102162.795000
102262.759000
102362.721000
102512.666000
102662.612000
102862.539000
103062.467000
103212.411000
103412.341000
103612.265000
103762.213000
103962.139000
104112.086000
104312.011000
104511.937000
104661.884000
104811.828000
105011.757000
105161.702000
105311.646000
105511.573000
105661.518000
105761.482000
105811.464000
105911.427000
106011.390000
106061.374000
106161.337000
106261.300000
106311.281000
106411.245000
106511.211000
106611.173000
106661.154000
106761.117000
106911.062000
107110.990000
107260.936000
107410.881000
107610.807000
107760.754000
107910.698000
108060.643000
108310.552000
108460.499000
108610.443000
108810.372000
108960.315000
109160.244000
109360.170000
109560.097000
109710.044000
109909.969000
110059.917000
110159.878000
110309.825000
110509.751000
110709.677000
110859.625000
111009.568000
111209.497000
111359.441000
111509.386000
111709.313000
111859.258000
112009.205000
112209.131000
112409.058000
112559.003000
112708.951000
112908.876000
113058.823000
113258.748000
113408.695000
113558.638000
113658.602000
113758.565000
113808.547000
113958.494000
114108.438000
114308.368000
114508.292000
114658.240000
114858.165000
115058.091000
115208.038000
115407.964000
115607.891000
115757.837000
115957.764000
116107.709000
116307.636000
116507.563000
116707.491000
116857.435000
117057.364000
117207.309000
117307.271000
117357.253000
117457.216000
117607.162000
117757.110000
117957.034000
118106.982000
118256.925000
118456.852000
118606.797000
118806.725000
118956.670000
119106.615000
119306.542000
119456.489000
119606.433000
119806.361000
119956.305000
120106.250000
120306.178000
120456.123000
120656.050000
120805.995000
120905.959000
121055.905000
121255.831000
121405.778000
121555.722000
121755.651000
121905.594000
122055.540000
122205.486000
122405.412000
122555.359000
122705.303000
122905.232000
123055.175000
123205.120000
123405.047000
123554.993000
123704.939000
123904.865000
124054.813000
124204.756000
124354.702000
124404.685000
124504.648000
124604.610000
124704.573000
124754.558000
124904.501000
125054.446000
125254.373000
125404.318000
125604.245000
125754.191000
125954.118000
126104.064000
126254.009000
126453.937000
126603.881000
126803.810000
126953.753000
127153.684000
127353.607000
127503.556000
127703.480000
127853.426000
128053.354000
128203.297000
128303.264000
128503.189000
128653.136000
128853.061000
129052.988000
129252.915000
129402.860000
129602.787000
129752.733000
129902.680000
130102.605000
130252.551000
130402.495000
130702.388000
130852.331000
131002.277000
131202.204000
131352.149000
131502.096000
131652.040000
131702.022000
131801.985000
131901.948000
132001.912000
132101.876000
132151.857000
132251.822000
132351.785000
132451.748000
132501.730000
132601.693000
132801.620000
132951.566000
133151.493000
133301.438000
133501.365000
133651.311000
133801.259000
134001.183000
134151.130000
134301.074000
134501.002000
134650.946000
134800.891000
135000.818000
135150.764000
135300.711000
135500.636000
135650.584000
135800.526000
135950.472000
136050.435000
136100.420000
136200.382000
136300.344000
136400.308000
136450.290000
136550.255000
136750.180000
136900.128000
137050.071000
137250.000000
137399.943000
137549.888000
137749.816000
137899.761000
138049.708000
138249.634000
138399.578000
138599.506000
138749.451000
138899.396000
139049.341000
139249.269000
139399.215000
139549.159000
139749.088000
139899.031000
139998.998000
140098.960000
140148.940000
140248.904000
140348.867000
140448.833000
140548.797000
140648.758000
140748.721000
140798.705000
140948.648000
141098.594000
141298.521000
141498.448000
141648.393000
141848.320000
142048.250000
142198.193000
142398.123000
142548.065000
142698.011000
142897.937000
143047.883000
143247.810000
143397.756000
143547.700000
143747.628000
143897.573000
144047.518000
144247.445000
144297.427000
144397.390000
144497.354000
144547.335000
144697.283000
144847.227000
144997.171000
145197.099000
145347.044000
145546.971000
145696.919000
145896.843000
146046.790000
146196.734000
146396.663000
146546.607000
146696.551000
146896.479000
147046.424000
147246.351000
147396.296000
147546.243000
147746.170000
147896.116000
148046.059000
148096.041000
148245.989000
148395.932000
148545.877000
148745.804000
148895.750000
149045.696000
149245.622000
149395.567000
149595.495000
149745.439000
149895.384000
150095.311000
150245.257000
150395.203000
150595.129000
150745.076000
150945.001000
151094.949000
151244.892000
151444.822000
151544.784000
151644.747000
151744.710000
151794.694000
151894.657000
151994.619000
152094.582000
152144.566000
152244.530000
152444.455000
152594.402000
152794.327000
152994.254000
153144.200000
153344.126000
153544.053000
153694.000000
153893.926000
154043.871000
154243.800000
154443.725000
154593.670000
154793.597000
154943.542000
155143.470000
155343.399000
155493.342000
155593.305000
155693.269000
155793.235000
155893.197000
155993.160000
156043.142000
156193.087000
156393.014000
156542.959000
156692.906000
156892.832000
157042.781000
157192.722000
157392.652000
157542.594000
157742.524000
157892.467000
158042.412000
158242.339000
158392.285000
158592.211000
158742.157000
158942.084000
159092.029000
159241.977000
159441.902000
159491.883000
159691.813000
159841.755000
160041.684000
160191.628000
160341.573000
160541.500000
160691.446000
160891.373000
161041.320000
161241.245000
161391.192000
161541.135000
161741.065000
161891.008000
162040.953000
162240.880000
162390.826000
162540.772000
162740.698000
162890.645000
162940.625000
163040.589000
163190.534000
163390.460000
163540.406000
163690.353000
163890.278000
164040.225000
164190.169000
164390.097000
164540.041000
164689.987000
164889.913000
165039.859000
165239.786000
165389.732000
165589.658000
165739.605000
165939.530000
166139.458000
166289.403000
166389.366000
166489.330000
166589.293000
166639.275000
166739.239000
166889.186000
167039.129000
167239.059000
167438.983000
167588.931000
167788.856000
167938.802000
168138.730000
168288.674000
168488.602000
168638.546000
168788.491000
168988.418000
169138.363000
169288.310000
169488.236000
169638.184000
169788.126000
169988.056000
170137.999000
170237.963000
170287.944000
170437.892000
170587.834000
170787.765000
170937.707000
171087.652000
171287.579000
171437.525000
171587.472000
171787.397000
171937.342000
172137.270000
172287.215000
172437.159000
172637.089000
172787.032000
172936.977000
173136.904000
173286.851000
173436.797000
173636.723000
173736.686000
173836.649000
173886.632000
173986.596000
174086.558000
174136.539000
174286.485000
174486.412000
174636.357000
174786.304000
174986.230000
175136.177000
175286.120000
175486.050000
175635.993000
175785.938000
175985.865000
176135.810000
176285.758000
176485.683000
176635.630000
176835.555000
176985.502000
177135.445000
177285.391000
177485.318000
177585.281000
177685.245000
177735.227000
177835.191000
177985.136000
178185.063000
178335.009000
178534.935000
178734.862000
178884.807000
179084.734000
179234.680000
179434.606000
179634.534000
179784.479000
179984.406000
180184.335000
180334.278000
180534.209000
180734.133000
180884.077000
181084.006000
181133.986000
181233.950000
181383.895000
181533.841000
181733.767000
181883.715000
182033.658000
182233.588000
182383.530000
182533.476000
182733.403000
182883.348000
183033.296000
183233.220000
183383.168000
183583.093000
183733.041000
183882.983000
184082.910000
184232.856000
184382.801000
184582.728000
184682.691000
184782.655000
184832.636000
184932.600000
185032.564000
185082.546000
185182.509000
185282.472000
185382.436000
185532.381000
185732.308000
187281.743000
187481.671000
187631.615000
187781.561000
187981.488000
188131.433000
188281.379000
188431.323000
188531.289000
188581.268000
188681.232000
188881.161000
189031.107000
189181.050000
189380.977000
189530.922000
189730.849000
189880.795000
190030.740000
190230.667000
190380.612000
190530.557000
190730.484000
190880.429000
191080.357000
191280.286000
191430.229000
191630.158000
191830.084000
191980.028000
192079.994000
192279.919000
192429.866000
192629.792000
192829.718000
193029.645000
193179.591000
193379.518000
193579.446000
193729.390000
193879.335000
194079.263000
194229.208000
194429.135000
194579.081000
194779.007000
194928.954000
195078.897000
195278.827000
195428.770000
195528.733000
195628.699000
195678.678000
195778.642000
195978.571000
196178.497000
196328.445000
196478.387000
196678.314000
196828.259000
196978.205000
197178.131000
197328.081000
197478.022000
197677.951000
197827.894000
198027.824000
198177.767000
198327.712000
198527.639000
198677.584000
198827.532000
199027.457000
199127.420000
199277.367000
199427.311000
199577.256000
199777.183000
199927.128000
200077.082000
200277.000000
200426.948000
200626.873000
200776.822000
200926.763000
201126.693000
201276.636000
201476.563000
201626.508000
201826.435000
201976.381000
202126.326000
202326.253000
202476.199000
202576.161000
202726.109000
202876.052000
203025.997000
203225.925000
203375.870000
203525.817000
203725.742000
203925.669000
204125.596000
204325.525000
204475.468000
204675.398000
204875.323000
205025.268000
205225.197000
205425.122000
205575.069000
205774.995000
205974.921000
206074.885000
206174.848000
206324.794000
206474.740000
206674.666000
206824.612000
207024.538000
207174.485000
207374.410000
207524.358000
207674.301000
207874.231000
208024.173000
208224.101000
208374.046000
208523.991000
208723.918000
208873.863000
209073.790000
209223.738000
209423.663000
209523.626000
209623.590000
209723.554000
209823.519000
209873.499000
210023.445000
210173.390000
210373.317000
210523.262000
210673.207000
210873.134000
211023.079000
211223.006000
211372.952000
211572.878000
211722.825000
211922.751000
212072.696000
212222.644000
212422.570000
212572.514000
212772.442000
212922.386000
213122.316000
213272.258000
213372.223000
213422.203000
213572.150000
213772.076000
213922.021000
214121.948000
214321.875000
214471.821000
214621.768000
214821.693000
214971.641000
215171.565000
215321.511000
215471.456000
215671.383000
215821.328000
216021.255000
216171.201000
216321.146000
216521.074000
216721.000000
216870.945000
216970.909000
217170.836000
217370.765000
217520.708000
217720.638000
217870.580000
218070.507000
218270.436000
218470.362000
218620.309000
218820.234000
219020.161000
219170.106000
219370.033000
219519.979000
219719.906000
219869.852000
220069.778000
220219.725000
220319.687000
220419.650000
220519.614000
220569.597000
220669.560000
220869.486000
221069.413000
221219.359000
221369.306000
221569.231000
221719.178000
221919.103000
222069.050000
222268.976000
222418.923000
222618.849000
222768.796000
222918.739000
223118.665000
223268.611000
223468.538000
223618.483000
223768.430000
223968.355000
224118.303000
224268.246000
224468.176000
224618.118000
224768.063000
224868.027000
224967.991000
225117.936000
225267.884000
225467.809000
225617.757000
225767.699000
225967.628000
226117.571000
226317.499000
226467.444000
226667.371000
226817.317000
226967.263000
227167.189000
227317.135000
227517.061000
227667.006000
227866.933000
228016.881000
228166.824000
228366.753000
228416.732000
228516.696000
228666.641000
228866.569000
229016.514000
229216.441000
229366.386000
229566.314000
229766.241000
229966.170000
230166.094000
230366.021000
230515.967000
230715.894000
230915.821000
231115.751000
231315.675000
231515.602000
231715.529000
231815.492000
231965.438000
232115.383000
232315.311000
232465.257000
232665.183000
232815.129000
233015.055000
233165.002000
233364.927000
233514.875000
233714.800000
233864.747000
234014.690000
234214.620000
234414.546000
234564.490000
234714.435000
234914.363000
235064.308000
235214.254000
235314.216000
235414.180000
235564.127000
235714.071000
235914.000000
236113.925000
236263.872000
236463.797000
236663.724000
236813.670000
236963.615000
237163.543000
237313.487000
237513.416000
237663.359000
237863.289000
238013.232000
238163.177000
238363.104000
238513.049000
238662.997000
238762.959000
238862.922000
238912.903000
239012.869000
239162.812000
239312.757000
239512.685000
239662.630000
239862.557000
240012.503000
240212.429000
240362.375000
240562.302000
240712.249000
240862.193000
241062.121000
241212.065000
241411.994000
241561.937000
241761.864000
241911.809000
242111.739000
242261.682000
242361.646000
242561.575000
242761.500000
242911.447000
243111.372000
243311.299000
243511.226000
243711.156000
243861.098000
244061.028000
244260.953000
244410.898000
244610.826000
244760.770000
244960.700000
245160.624000
245310.572000
245460.515000
245660.445000
245810.387000
245860.369000
245960.334000
246160.260000
246310.205000
246510.132000
246660.077000
246860.005000
247009.951000
247159.897000
247359.823000
247509.768000
247659.713000
247859.640000
248009.585000
248209.512000
248359.458000
248509.404000
248709.330000
248859.279000
249059.203000
249209.150000
249309.112000
249459.057000
249609.002000
249808.929000
249958.874000
250158.801000
250308.746000
250508.674000
250658.619000
250808.566000
251008.492000
251158.439000
251358.364000
251508.311000
251708.236000
251858.183000
252008.127000
252208.057000
252407.982000
252557.927000
252657.892000
252807.835000
253007.762000
253157.708000
253307.653000
253507.581000
253657.526000
253857.452000
254007.399000
254207.325000
254357.272000
254557.198000
254707.145000
254857.088000
255057.017000
255256.942000
255456.869000
255606.814000
255806.744000
256006.668000
256106.632000
256206.597000
256306.561000
256506.488000
256706.413000
256856.358000
257056.286000
257256.213000
257456.142000
257606.085000
257806.014000
257955.957000
258105.902000
258305.830000
258455.775000
258605.723000
258805.648000
258955.595000
259105.538000
259305.467000
259455.412000
259605.356000
259705.319000
259805.283000
259955.228000
260105.175000
260255.119000
260455.048000
260604.991000
260804.918000
260954.864000
261104.809000
261254.756000
261454.682000
261604.627000
261754.572000
261954.499000
262104.445000
262254.390000
262454.317000
262604.263000
262804.189000
262954.136000
263104.079000
263204.044000
263254.025000
263353.989000
263453.952000
263503.933000
263603.897000
263703.861000
263753.843000
263853.806000
264003.753000
264153.697000
264353.624000
264503.569000
264653.514000
264853.442000
265003.387000
265153.333000
265353.260000
265503.204000
265703.133000
265853.077000
266003.022000
266202.950000
266352.895000
266502.841000
266652.785000
266852.714000
267002.659000
267152.603000
267202.587000
267302.550000
267402.512000
267502.475000
267552.460000
267652.423000
267852.349000
268002.296000
268202.221000
268402.147000
268552.093000
268752.020000
268901.966000
269101.892000
269251.837000
269451.765000
269651.691000
269801.637000
270001.564000
270151.509000
270351.436000
270501.381000
270701.309000
270851.255000
271001.199000
271051.181000
271151.145000
271301.090000
271501.017000
271650.962000
271850.889000
272000.835000
272150.780000
272300.725000
272500.652000
272650.599000
272850.525000
273000.470000
273150.416000
273350.343000
273500.290000
273650.233000
273850.163000
274000.106000
274150.051000
274349.978000
274449.942000
274549.907000
274599.887000
274699.851000
274799.814000
274849.795000
274949.759000
275049.722000
275099.705000
275199.668000
275299.632000
275399.595000
275499.558000
275649.504000
275849.431000
275999.377000
276149.324000
276349.249000
276499.197000
276649.139000
276849.068000
276999.011000
277198.939000
277348.884000
277498.830000
277698.757000
277848.703000
278048.629000
278198.576000
278398.501000
278548.449000
278698.392000
278798.355000
278848.337000
278948.301000
279098.246000
279248.194000
279448.119000
279598.066000
279748.009000
279947.936000
280097.881000
280247.827000
280447.754000
280597.700000
280797.627000
280947.573000
281147.499000
281297.446000
281497.371000
281697.298000
281847.244000
282047.171000
282247.098000
282347.062000
282397.043000
282497.007000
282696.934000
282896.863000
283096.788000
283246.733000
283446.660000
283646.587000
283796.532000
283996.460000
284146.405000
284296.351000
284446.296000
284646.223000
284796.169000
284946.113000
285146.040000
285295.986000
285445.931000
285645.860000
285795.803000
285845.785000
285945.749000
286145.676000
286295.621000
286445.568000
286645.494000
286795.440000
286995.366000
287145.313000
287295.256000
287495.186000
287645.129000
287845.059000
287995.001000
288144.947000
288344.874000
288494.819000
288694.746000
288844.692000
288994.637000
289194.565000
289344.509000
289394.491000
289494.455000
289644.400000
289844.327000
289994.273000
290144.217000
290344.146000
290494.090000
290644.035000
290843.962000
290993.907000
291193.835000
291343.780000
291493.726000
291643.670000
291843.600000
291993.544000
292143.488000
292343.415000
292493.361000
292643.308000
292843.233000
292893.216000
292993.181000
293093.143000
293143.124000
293243.087000
293443.016000
293592.959000
293792.890000
293992.814000
294142.761000
294342.686000
294492.634000
294692.559000
294842.506000
295042.433000
295242.358000
295392.305000
295592.231000
295742.178000
295942.104000
296142.030000
296291.977000
296491.902000
296591.866000
296691.830000
296841.775000
297041.702000
297191.648000
297341.592000
297541.519000
297691.470000
297841.410000
298041.340000
298191.283000
298341.228000
298541.155000
298691.101000
298841.048000
299040.973000
299190.921000
299340.863000
299540.792000
299690.736000
