33.328000
166.636000
266.618000
399.927000
499.909000
599.890000
699.874000
799.854000
866.508000
966.490000
1066.471000
1166.453000
1266.435000
1366.417000
1466.398000
1566.380000
1666.363000
1766.344000
1866.327000
1966.307000
2032.961000
2132.945000
2199.600000
2299.579000
2399.562000
2499.543000
2566.197000
2666.181000
2732.834000
2832.815000
2932.797000
2999.451000
3099.433000
3166.087000
3266.069000
3366.051000
3432.706000
3532.687000
3632.669000
3699.326000
3799.305000
3865.960000
3965.943000
4065.922000
4132.577000
4232.561000
4332.540000
4399.195000
4499.179000
4565.832000
4665.813000
4765.794000
4832.449000
4932.431000
5032.413000
5132.394000
5232.376000
5299.031000
5399.013000
5465.667000
5565.648000
5665.632000
5732.286000
5832.266000
5898.921000
5998.904000
6098.884000
6198.867000
6265.522000
6365.502000
6465.484000
6532.138000
6632.119000
6732.101000
6798.755000
6898.737000
6998.719000
7065.373000
7165.356000
7265.337000
7331.991000
7431.975000
7531.955000
7598.609000
7698.595000
7798.572000
7865.227000
7965.211000
8031.865000
8131.845000
8231.827000
8298.482000
8398.463000
8498.445000
8565.099000
8665.081000
8765.062000
8865.045000
8931.699000
9031.680000
9131.663000
9198.318000
9298.298000
9398.282000
9464.936000
9564.916000
9631.570000
9731.554000
9831.534000
9898.188000
9998.170000
10831.352000
10997.987000
11097.971000
11164.625000
11264.604000
11364.588000
11431.242000
11531.223000
11631.204000
11697.861000
11797.840000
11897.823000
11997.803000
12064.458000
12164.440000
12264.422000
12364.404000
12431.057000
12531.041000
12631.021000
12731.004000
12830.984000
12930.968000
13030.948000
13130.931000
13230.911000
13330.892000
13430.874000
13530.856000
13630.838000
13730.819000
13797.474000
13897.457000
13997.437000
14097.420000
14197.401000
14297.386000
14397.364000
14464.018000
14564.003000
14663.982000
14763.966000
14830.619000
14930.599000
15063.909000
15130.563000
15230.544000
15330.527000
15397.181000
15497.162000
15597.144000
15663.799000
15763.780000
15863.764000
15930.417000
16796.924000
16963.560000
17030.214000
17130.196000
17230.178000
17296.832000
17396.815000
17496.797000
17563.451000
17663.432000
17763.415000
17830.070000
17930.049000
18030.034000
18096.689000
18196.668000
18296.652000
18363.305000
18463.285000
18563.267000
18663.249000
18763.230000
18829.885000
18929.866000
19029.848000
19096.503000
19196.485000
19296.466000
19363.121000
19463.103000
19563.084000
19663.067000
19763.047000
19863.031000
19963.010000
20229.628000
20329.610000
20429.591000
20496.246000
20596.227000
20696.209000
20762.864000
20862.846000
20962.828000
21029.483000
21129.463000
21229.447000
21296.102000
21396.081000
21496.065000
21562.719000
21662.699000
21762.682000
21829.335000
21929.316000
22029.298000
22129.280000
22195.935000
22295.917000
22395.898000
22462.552000
22562.534000
22662.517000
22729.171000
22829.151000
22929.135000
22995.789000
23095.770000
23162.424000
23262.407000
23362.387000
23462.372000
23529.026000
23629.005000
23728.986000
23828.968000
23895.623000
23995.604000
24095.587000
24162.241000
24262.222000
24362.205000
24462.185000
24528.840000
24628.824000
24695.479000
24795.457000
24895.442000
24995.421000
25095.405000
25228.712000
25328.693000
25428.675000
25528.657000
25628.638000
25695.293000
25795.274000
25895.256000
25995.239000
26095.219000
26195.203000
26295.183000
26395.167000
26461.821000
26561.800000
26661.783000
26761.764000
26861.746000
26961.727000
27061.709000
27161.690000
27261.672000
27361.655000
27428.308000
27528.290000
27628.272000
27728.253000
27794.907000
27894.891000
27994.871000
28061.525000
28161.509000
28261.489000
28328.143000
28428.124000
28528.106000
28594.761000
28694.743000
28794.724000
28861.379000
28961.360000
29061.342000
29127.997000
29227.978000
29327.961000
29427.941000
29494.596000
29594.579000
29694.560000
29761.213000
29861.197000
29961.177000
30027.831000
30194.468000
30294.449000
30361.104000
30461.085000
30561.067000
30661.048000
30727.703000
30827.685000
30927.666000
31027.650000
31127.630000
31194.285000
31294.269000
31360.923000
31460.902000
31560.885000
31627.538000
31727.519000
31827.501000
31894.156000
31994.137000
32094.119000
32160.773000
32260.756000
32360.738000
32427.391000
32527.374000
32627.354000
32694.009000
32793.990000
32893.972000
32960.626000
33060.608000
33160.590000
33227.244000
33327.226000
33427.207000
33493.862000
33593.843000
33693.825000
33760.480000
33860.462000
33960.443000
34060.425000
34127.079000
34227.062000
34293.718000
34393.697000
34493.681000
34593.660000
34660.314000
34760.299000
34826.952000
34926.932000
35026.914000
35126.896000
35226.877000
35326.859000
35393.513000
35493.496000
35593.477000
35660.132000
35760.113000
36626.620000
36726.602000
36859.911000
36959.892000
37026.548000
37126.528000
37226.513000
37326.492000
37393.146000
37493.131000
37559.785000
37659.764000
37759.748000
37859.728000
37959.710000
38059.691000
38159.672000
38259.654000
38359.636000
38459.617000
38559.599000
38659.581000
38726.235000
38826.216000
38926.199000
39059.509000
39126.163000
39226.143000
39326.127000
39426.106000
39526.090000
39626.070000
39726.051000
39826.033000
39926.016000
40025.996000
40192.633000
40292.615000
40359.270000
40459.250000
40559.235000
40659.214000
40725.868000
40825.852000
40925.832000
40992.486000
41092.470000
41159.124000
41259.103000
41359.085000
41459.067000
41525.721000
41625.703000
41725.685000
41792.339000
41892.321000
41992.303000
42058.957000
42158.938000
42258.923000
42325.576000
42425.556000
42525.540000
42592.194000
42692.175000
42792.158000
42858.812000
42958.791000
43058.773000
43158.755000
43225.409000
43325.391000
43425.373000
43525.354000
43592.009000
43691.992000
43791.972000
43858.627000
43958.610000
44058.590000
44125.244000
44225.227000
44325.207000
44391.862000
44491.844000
44591.825000
44658.479000
44758.461000
44858.443000
44925.097000
45025.079000
45158.388000
45225.042000
45325.025000
45425.005000
45491.660000
45591.643000
45691.624000
45758.277000
45858.261000
45958.241000
46024.895000
46124.877000
46224.858000
46291.513000
46391.495000
46491.477000
46558.131000
46658.112000
46758.095000
46824.749000
46924.730000
47024.714000
47091.369000
47191.349000
47291.332000
47357.986000
47457.966000
47557.949000
47624.601000
47724.583000
47824.565000
47891.219000
47991.202000
48057.855000
48157.837000
48257.821000
48324.474000
48424.455000
48524.440000
48591.093000
48691.073000
48791.057000
48857.711000
48957.690000
49057.674000
49157.654000
49224.308000
49324.289000
49424.271000
49490.926000
49590.908000
49690.890000
49757.544000
49857.525000
49957.508000
50024.162000
50190.798000
50290.781000
50357.436000
50457.415000
50557.398000
50657.378000
50757.360000
50824.014000
50923.996000
51023.978000
51123.959000
51223.941000
51323.923000
51423.904000
51523.888000
51623.868000
51723.851000
51823.830000
51923.815000
51990.469000
52090.449000
52190.432000
52290.412000
52390.393000
52490.375000
52590.356000
52690.339000
52790.319000
52890.302000
52990.283000
53090.266000
53156.920000
53256.901000
53356.885000
53423.539000
53523.519000
53623.502000
53723.482000
53790.136000
53890.120000
53990.100000
54056.754000
54156.735000
54256.718000
54323.371000
54423.353000
54523.336000
54589.990000
54689.971000
54789.954000
54856.609000
54956.589000
55056.574000
55189.881000
55289.861000
55389.843000
55456.497000
55556.478000
55656.461000
55756.442000
55823.096000
55923.078000
55989.732000
56089.715000
56189.695000
56289.679000
56356.334000
56456.313000
56556.297000
56622.951000
56722.931000
56822.915000
56889.569000
56989.548000
57089.530000
57156.184000
57256.166000
57356.148000
57456.129000
57522.784000
57622.765000
57722.748000
57789.403000
57889.383000
57989.367000
58056.021000
58156.001000
58255.985000
58322.639000
58422.620000
58522.603000
58589.255000
58689.237000
58789.218000
58855.873000
58955.854000
59055.836000
59122.490000
59222.472000
59322.453000
59389.108000
59489.091000
59589.071000
59655.725000
59755.709000
59855.689000
59922.343000
60022.326000
60122.306000
60222.288000
60322.270000
60388.924000
60488.906000
60588.889000
60688.869000
60755.523000
60855.506000
60955.487000
61022.142000
61122.125000
61222.104000
61288.759000
61388.742000
61488.722000
61555.376000
61655.358000
61755.340000
61821.994000
61921.976000
62021.957000
62088.612000
62188.594000
62288.576000
62355.231000
62455.211000
62555.195000
62621.849000
62721.829000
62821.813000
62888.467000
62988.447000
63088.430000
63155.083000
63255.065000
63355.046000
63455.028000
63521.683000
63621.664000
63721.646000
63821.627000
63921.610000
64021.590000
64121.574000
64221.553000
64321.537000
64421.517000
64488.171000
64588.155000
64688.135000
64788.116000
64888.098000
64988.079000
65088.062000
65188.043000
65354.680000
65454.660000
65554.643000
65654.624000
65754.606000
65854.587000
65954.570000
66054.550000
66121.205000
66221.187000
66287.840000
66387.822000
66487.804000
66587.785000
66654.440000
66754.421000
66854.404000
66954.385000
67054.368000
67121.022000
67221.002000
67287.657000
67387.640000
67487.620000
67554.274000
67654.258000
67754.238000
67820.892000
67920.874000
68020.855000
68087.510000
68187.492000
68287.474000
68354.129000
68454.109000
68554.092000
68620.746000
68720.727000
68787.381000
68887.365000
68987.345000
69053.999000
69153.982000
69253.962000
69320.617000
69420.600000
69487.253000
69587.234000
69687.216000
69753.870000
69853.853000
69953.834000
70020.488000
70120.471000
70187.126000
70320.435000
70420.414000
70487.070000
70587.053000
70653.707000
70753.687000
70853.671000
70920.323000
71020.305000
71120.287000
71186.941000
71286.922000
71386.904000
71453.558000
71553.541000
71620.195000
71720.176000
71820.159000
71886.814000
71986.793000
72053.448000
72153.432000
72253.411000
72320.066000
72420.047000
72520.029000
72620.010000
72686.666000
73953.099000
74053.080000
74153.062000
74253.044000
74353.026000
74453.007000
74519.662000
74619.644000
74719.625000
74786.279000
74886.263000
74986.242000
75052.897000
75152.880000
75252.860000
75652.787000
75719.441000
75819.422000
75919.405000
75986.059000
76086.040000
76186.024000
76286.004000
76385.987000
76485.967000
76552.621000
76652.605000
76752.585000
76852.568000
76952.548000
77019.202000
77119.184000
77219.165000
77319.147000
77419.129000
77519.110000
77619.093000
77685.748000
77785.728000
77885.712000
77985.691000
78085.676000
78185.655000
78285.638000
78352.293000
78452.272000
78552.254000
78652.235000
78752.217000
78852.199000
78952.180000
79052.163000
79118.817000
79218.798000
79318.783000
79385.436000
79485.416000
79585.400000
79685.379000
79785.362000
79885.343000
79985.324000
80051.978000
80151.960000
80251.942000
80385.250000
80485.233000
80585.214000
80685.198000
80751.851000
80851.832000
80951.815000
81018.471000
81118.449000
81218.433000
81285.088000
81385.067000
81485.051000
81551.703000
81651.685000
81751.666000
81818.321000
81918.303000
81984.957000
82084.938000
82184.920000
82284.902000
82351.556000
82451.538000
82518.193000
82618.173000
82718.158000
82784.811000
82884.791000
82984.775000
83084.755000
83151.409000
83251.391000
83318.045000
83418.027000
83518.008000
83584.663000
83684.646000
83784.626000
83851.281000
83951.264000
84051.244000
84117.898000
84217.882000
84317.861000
84384.515000
84484.501000
84584.479000
84651.133000
84751.115000
84851.096000
84917.751000
85017.733000
85117.715000
85184.370000
85284.351000
85484.314000
85584.297000
85684.277000
85750.931000
85850.915000
85950.894000
86017.550000
86117.530000
86217.512000
86284.167000
86384.148000
86484.130000
86550.784000
86650.766000
86750.748000
86817.403000
86917.384000
86984.038000
87084.022000
87184.002000
87250.656000
87350.640000
87450.619000
87517.274000
87617.255000
87717.236000
87783.891000
87883.873000
87983.854000
88083.836000
88150.490000
88250.473000
88350.454000
88417.108000
88517.092000
88617.072000
89150.306000
89250.288000
89316.943000
89416.924000
89516.906000
89616.888000
89683.543000
89783.524000
89883.507000
89983.487000
90083.471000
90183.450000
90250.105000
90350.089000
90450.068000
90550.051000
90650.031000
90750.013000
90849.994000
90949.977000
91049.957000
91116.612000
91216.593000
91316.576000
91416.557000
91483.212000
91583.195000
91683.176000
91783.158000
91849.813000
91949.792000
92049.774000
92116.428000
92216.410000
92316.391000
92383.046000
92483.028000
92583.009000
92649.664000
92749.646000
92849.627000
92916.281000
93016.264000
93116.244000
93182.899000
93282.883000
93382.862000
93449.517000
93549.500000
93649.480000
93716.134000
93816.116000
93916.098000
93982.752000
94082.734000
94182.716000
94249.370000
94349.351000
94449.334000
94515.989000
94615.969000
94715.953000
94782.607000
94882.587000
94982.570000
95049.224000
95149.204000
95249.186000
95315.840000
95482.476000
95582.458000
95682.441000
95749.095000
95849.076000
95949.059000
96015.714000
96115.694000
96215.678000
96282.332000
96382.311000
96482.294000
96548.950000
96648.929000
96748.910000
96815.565000
96915.547000
96982.201000
97082.183000
97182.164000
97248.819000
97348.801000
97448.785000
97515.439000
97615.418000
97715.402000
97782.056000
97882.036000
97982.019000
98048.674000
98148.653000
98248.635000
98315.289000
98415.271000
98481.925000
98581.907000
98681.889000
98781.870000
98848.525000
98948.507000
99048.488000
99115.142000
99215.126000
99315.106000
99381.760000
99481.744000
99581.723000
99648.378000
99748.359000
99848.341000
99914.995000
100014.977000
100114.959000
100181.613000
100281.595000
100381.577000
100481.558000
100581.540000
100681.522000
100748.175000
100848.160000
100948.139000
101014.794000
101114.776000
101214.756000
101281.411000
101381.392000
101481.374000
101548.029000
101648.010000
101747.993000
101847.973000
101914.628000
102014.611000
102114.591000
102214.574000
102314.554000
102414.539000
102514.518000
102614.501000
102681.157000
102781.135000
102881.117000
102981.098000
103047.753000
103147.734000
103247.716000
103347.699000
103447.680000
103514.335000
103614.315000
103714.299000
103814.279000
103914.262000
104014.242000
104114.225000
104214.205000
104314.187000
104380.841000
104480.824000
104580.804000
104647.459000
104747.440000
104847.423000
104914.077000
105014.060000
105114.040000
105180.695000
105280.678000
105380.657000
105480.642000
105580.620000
105680.606000
105747.257000
105847.239000
105947.220000
106013.875000
106113.857000
106180.511000
106280.492000
106380.475000
106447.129000
106547.110000
106647.093000
106713.747000
106813.727000
106913.711000
106980.365000
107080.345000
107180.329000
107246.983000
107346.964000
107446.944000
107513.600000
107613.581000
107680.236000
107780.216000
107880.199000
107946.853000
108046.835000
108113.488000
108213.472000
108313.452000
108380.106000
108480.090000
108580.069000
108646.724000
109713.196000
109813.176000
109913.160000
109979.814000
110079.794000
110179.778000
110246.431000
110346.412000
110446.393000
110546.375000
110646.357000
110713.011000
110812.992000
110912.974000
110979.629000
111079.612000
111146.266000
111246.246000
111346.230000
111412.884000
111512.864000
111612.847000
111679.503000
111779.482000
111846.136000
111946.118000
112046.100000
112112.754000
112212.736000
112279.390000
112379.372000
112479.353000
112546.007000
112645.991000
112712.645000
112812.625000
112912.609000
112979.264000
113079.243000
113179.227000
113245.880000
113345.861000
113412.515000
113512.497000
113612.478000
113679.133000
113779.114000
113879.097000
113945.751000
114045.732000
114145.715000
114212.370000
114312.349000
114412.334000
114478.988000
114578.967000
114678.951000
114778.931000
114878.912000
114978.894000
115045.548000
115145.530000
115245.511000
115345.493000
115545.456000
115645.439000
115745.420000
115812.074000
115912.058000
116012.038000
116112.021000
116212.001000
116311.984000
116378.636000
116478.618000
116578.599000
116678.582000
116745.236000
116845.218000
116945.199000
117045.181000
117145.165000
117245.144000
117311.798000
117411.784000
117478.437000
117578.416000
117678.401000
117778.379000
117845.034000
117945.015000
118011.670000
118111.651000
118211.633000
118278.288000
118378.269000
118478.251000
118544.905000
118644.887000
118744.868000
118811.523000
118911.506000
119011.487000
119078.141000
119178.125000
119278.104000
119344.758000
119444.740000
119544.721000
119611.376000
119711.357000
119811.339000
119877.994000
119977.975000
120077.958000
120144.612000
120244.593000
120344.576000
120411.231000
120544.540000
120644.519000
120711.174000
120811.156000
120911.137000
120977.791000
121077.773000
121177.755000
121244.409000
121344.391000
121444.372000
121511.028000
121611.008000
121710.991000
121777.645000
121877.626000
121977.610000
122044.264000
122144.243000
122244.227000
122310.881000
122410.861000
122477.516000
122577.497000
122677.480000
122744.133000
122844.116000
122944.097000
123010.752000
123110.733000
123210.715000
123277.370000
123377.350000
123477.334000
123543.988000
123643.968000
123710.623000
123810.606000
123910.586000
123977.240000
124077.222000
124177.203000
124243.858000
124343.840000
124443.821000
124510.476000
124610.457000
124710.439000
124777.094000
124877.076000
124943.729000
125043.713000
125143.692000
125210.347000
125310.330000
125376.985000
125476.965000
125643.601000
125743.582000
125810.236000
125910.218000
126010.201000
126076.855000
126176.836000
126276.819000
126343.474000
126443.454000
126510.108000
126610.092000
126710.071000
126776.726000
126876.709000
126976.691000
127043.343000
127143.325000
127243.307000
127309.961000
127409.943000
127509.925000
127609.906000
127709.888000
127809.869000
127909.852000
128009.832000
128076.487000
128176.471000
128276.450000
128376.433000
128476.414000
128543.068000
128643.049000
128743.031000
128843.013000
128942.995000
129042.976000
129142.959000
129242.939000
129309.594000
129409.577000
129509.557000
129609.541000
129709.520000
129809.504000
129909.484000
129976.138000
130076.121000
130176.101000
130242.756000
130342.738000
130409.391000
130509.374000
130676.010000
130775.993000
130842.647000
130942.627000
131042.611000
131109.265000
131209.244000
131275.899000
131375.880000
131475.862000
131542.517000
131642.498000
131742.480000
131809.134000
131909.116000
132009.098000
132075.752000
132175.734000
132275.717000
132342.371000
132442.351000
132542.335000
132608.989000
132708.969000
132808.953000
132875.607000
132975.586000
133075.571000
133175.550000
133242.204000
133342.186000
133442.167000
133508.822000
133608.803000
133708.786000
133808.767000
133875.422000
133975.406000
134042.059000
134142.039000
134242.023000
134342.003000
134408.657000
134508.641000
134608.620000
134675.275000
134775.255000
134875.238000
134941.892000
135041.873000
135141.856000
135241.837000
135308.491000
135408.474000
135508.455000
135641.763000
135708.418000
135808.401000
135908.381000
135975.035000
136075.020000
136141.672000
136241.653000
136341.635000
136441.616000
136508.271000
136608.252000
136708.235000
136774.889000
136874.871000
136974.853000
137074.834000
137141.488000
137241.471000
137341.451000
137441.435000
137508.089000
137608.069000
137674.723000
137774.705000
137874.686000
137974.668000
138041.322000
138141.304000
138241.286000
138307.940000
138407.923000
138507.904000
138574.558000
138674.543000
138774.521000
138841.176000
138941.159000
139041.139000
139107.793000
139207.775000
139307.756000
139407.738000
139474.393000
139574.374000
139674.357000
139807.664000
139907.647000
140007.628000
140074.283000
140174.266000
140274.246000
140374.229000
140474.209000
140574.190000
140707.499000
140807.481000
140874.135000
141007.444000
141107.426000
141174.080000
141274.062000
141374.043000
141474.027000
141574.007000
141640.661000
141740.645000
141840.625000
141940.608000
142040.588000
142140.569000
142240.551000
142340.533000
142407.187000
142507.169000
142607.150000
142707.133000
142773.786000
142873.768000
142973.752000
143040.405000
143140.385000
143240.370000
143307.024000
143407.003000
143506.987000
143573.641000
143673.621000
143740.275000
143840.257000
143940.238000
144006.893000
144106.874000
144206.856000
144273.511000
144773.418000
144906.728000
144973.382000
145073.365000
145173.346000
145240.000000
145339.982000
145439.964000
145506.618000
145639.927000
145739.908000
145806.562000
145906.545000
146006.526000
146073.180000
146173.164000
146273.143000
146339.798000
146439.782000
146539.761000
146606.415000
146706.397000
146806.379000
146873.033000
146973.014000
147072.996000
147139.650000
147239.632000
147339.615000
147406.269000
147506.250000
147606.231000
147672.886000
147772.868000
147872.849000
147939.504000
148039.486000
148139.468000
148206.121000
148306.103000
148406.084000
148472.739000
148572.720000
148672.703000
148739.357000
148839.339000
148939.320000
149005.975000
149105.957000
149205.938000
149272.592000
149372.576000
149472.555000
149539.210000
149639.193000
149739.173000
149805.828000
149939.136000
150005.791000
150105.772000
150205.754000
150305.735000
150372.390000
150472.373000
150572.353000
150705.662000
150805.646000
150872.300000
150972.280000
151072.264000
151138.918000
151238.897000
151338.880000
151438.861000
151505.515000
151605.497000
151705.478000
151772.132000
151872.114000
151972.096000
152072.078000
152138.732000
152238.716000
152338.695000
152405.350000
152505.334000
152605.313000
152671.969000
152771.949000
152871.931000
152971.912000
153038.567000
153138.548000
153238.530000
153371.839000
153438.493000
153538.476000
153638.457000
153738.440000
153838.420000
153938.403000
154038.383000
154138.367000
154205.021000
154305.001000
154404.982000
154504.964000
154604.945000
154704.927000
154804.910000
154904.891000
154971.545000
155071.527000
155171.510000
155271.490000
155371.473000
155471.453000
155571.436000
155704.745000
155804.725000
155904.707000
156004.689000
156104.671000
156171.324000
156271.306000
156371.288000
156437.942000
156537.925000
156637.905000
156704.560000
156804.544000
156904.523000
156971.177000
157071.162000
157171.141000
157237.795000
157337.779000
157437.758000
157504.413000
157604.394000
157704.376000
157771.030000
157871.012000
157970.994000
158037.649000
158137.630000
158237.613000
158304.267000
158404.247000
158504.232000
158604.211000
158670.866000
158770.849000
158870.828000
158937.483000
159037.464000
159137.446000
159204.100000
159304.082000
159404.064000
159470.719000
159570.700000
159670.683000
159737.338000
159837.318000
159937.302000
160003.956000
160103.935000
160203.919000
160270.574000
160370.553000
160470.535000
160537.189000
160637.171000
160803.807000
160903.788000
161003.770000
161070.425000
161170.407000
161270.388000
161337.042000
161437.026000
161537.005000
161603.660000
161703.644000
161803.623000
161870.278000
161970.259000
162070.241000
162136.895000
162236.877000
162336.859000
162403.513000
162503.495000
162603.477000
162670.132000
162770.112000
162870.096000
162936.751000
163036.730000
163136.715000
163203.368000
163303.347000
163403.332000
163469.985000
163569.965000
163669.947000
163769.929000
163836.583000
163936.564000
164036.546000
164103.201000
164203.182000
164303.164000
164369.818000
164469.800000
164569.784000
164669.763000
164736.418000
164836.401000
164936.382000
165003.036000
165103.017000
165202.999000
165302.980000
165369.634000
165469.616000
165569.598000
165669.581000
165802.889000
165902.870000
166002.854000
166102.833000
166202.818000
166302.797000
166402.780000
166469.435000
166569.414000
166669.396000
166769.377000
166902.686000
167002.668000
167102.650000
167169.305000
167302.614000
167369.268000
167469.249000
167569.232000
167669.213000
167769.196000
167869.176000
167969.160000
168069.139000
168169.120000
168269.102000
168335.757000
168435.738000
168535.721000
168602.374000
168702.356000
168802.338000
168902.319000
168968.973000
169068.957000
169168.937000
169235.591000
169335.575000
169435.555000
169502.209000
169602.192000
169702.172000
169768.826000
169868.808000
169968.789000
170068.772000
170135.426000
170235.408000
170335.389000
170435.372000
170502.027000
170602.006000
170701.991000
170835.300000
170935.280000
171001.934000
171101.916000
171201.897000
171268.551000
171368.532000
171468.515000
171535.169000
171635.150000
171735.132000
171801.787000
171901.769000
171968.422000
172068.406000
172168.386000
172268.369000
172335.024000
172435.003000
172534.987000
172601.640000
172701.621000
172801.603000
172868.257000
172968.239000
173068.221000
173168.202000
173234.856000
173334.839000
173434.821000
173501.475000
173601.456000
173701.439000
173768.094000
173868.074000
173968.057000
174034.711000
174134.691000
174201.345000
174301.327000
174401.309000
174501.290000
174601.272000
174667.927000
174767.908000
174834.563000
174934.545000
175034.526000
175134.509000
175201.163000
175301.144000
175401.128000
175501.107000
175567.761000
175667.745000
175767.725000
175867.706000
175967.688000
176067.670000
176134.324000
176234.305000
176334.287000
176434.269000
176500.924000
176600.905000
176700.888000
176767.542000
176867.523000
176967.506000
177034.161000
177134.140000
177234.123000
177300.778000
177400.758000
177500.740000
177567.394000
177667.376000
177767.358000
177867.340000
177933.994000
178033.975000
178133.959000
178200.612000
178300.592000
178400.577000
178500.556000
178600.540000
178667.195000
178767.174000
178867.157000
178967.137000
179067.119000
179167.101000
179267.082000
179367.064000
179467.045000
179567.029000
179667.009000
179766.994000
179866.972000
180733.479000
180900.115000
181000.097000
181100.078000
181200.061000
181300.042000
181366.696000
181466.681000
181566.659000
181666.645000
181733.298000
181833.277000
181933.261000
181999.915000
182099.895000
182199.876000
182299.858000
182366.512000
182466.494000
182566.476000
182633.131000
182733.112000
182833.095000
182899.749000
182999.730000
183099.713000
183166.368000
183266.347000
183366.330000
183466.311000
183532.965000
183632.947000
183732.928000
183799.583000
183899.564000
183999.547000
184066.201000
184166.182000
184266.165000
184366.145000
184432.800000
184532.783000
184632.763000
184699.417000
184799.401000
184899.381000
184999.364000
185066.019000
185165.998000
185265.980000
185365.962000
185432.616000
185532.598000
185632.580000
185732.561000
185832.544000
186032.507000
186132.488000
186199.142000
186299.126000
186399.106000
186465.760000
186565.741000
186665.723000
186732.377000
186832.360000
186932.340000
187032.322000
187132.304000
187198.958000
187298.940000
187398.923000
187465.578000
187565.557000
187665.542000
187732.196000
187832.175000
187932.159000
188032.139000
188098.793000
188198.775000
188298.756000
188398.738000
188465.393000
188565.374000
188665.357000
188732.010000
188831.992000
188931.973000
188998.628000
189098.611000
189198.591000
189265.246000
189365.229000
189465.209000
189565.192000
189631.847000
189731.827000
189831.808000
189898.462000
189998.445000
190098.426000
190165.080000
190265.062000
190365.043000
190465.026000
190531.680000
190631.661000
190731.645000
190831.625000
191064.918000
191164.898000
191231.551000
191331.534000
191431.514000
191531.496000
191631.478000
191731.459000
191831.441000
191898.096000
191998.077000
192098.060000
192198.040000
192298.024000
192398.004000
192497.988000
192597.967000
192697.951000
192797.930000
192864.585000
192997.894000
193064.548000
193197.857000
193264.511000
193364.493000
193464.475000
193564.456000
193664.439000
193764.419000
193864.403000
193964.383000
194031.037000
194131.021000
194231.000000
194297.655000
194397.636000
194497.618000
194564.273000
194664.254000
194764.237000
194864.218000
194930.872000
195030.855000
195130.835000
195197.490000
195297.473000
195397.453000
195464.107000
195564.091000
195664.071000
195764.054000
195864.034000
195997.343000
196097.324000
196163.979000
196263.961000
196363.942000
196430.596000
196530.578000
196630.562000
196697.214000
196797.196000
196897.178000
196997.159000
197063.814000
197163.795000
197263.777000
197330.433000
197430.413000
197497.067000
197597.049000
197697.030000
197797.012000
197863.667000
197963.648000
198063.630000
198163.612000
198230.267000
198330.248000
198430.231000
198496.886000
198596.865000
198696.849000
198763.503000
198863.483000
198963.466000
199030.121000
199130.100000
199230.082000
199296.736000
199396.718000
199496.701000
199563.354000
199696.663000
199796.646000
199896.626000
199996.610000
200063.265000
200163.245000
200263.228000
200363.207000
200429.862000
200529.847000
200629.825000
200696.480000
200796.461000
200896.443000
201029.752000
201096.406000
201196.388000
201296.370000
201363.024000
201463.006000
201562.989000
201629.643000
201729.623000
201829.608000
201929.586000
201996.242000
202096.225000
202196.204000
202262.859000
202362.841000
202462.822000
202529.476000
202629.459000
202696.112000
202796.094000
202896.076000
202962.730000
203062.714000
203162.694000
203229.348000
203329.332000
203429.311000
203529.295000
203595.949000
203695.929000
203795.913000
203862.567000
203962.546000
204062.528000
204162.510000
204262.492000
204362.473000
204462.455000
204562.439000
204662.419000
204729.072000
204862.381000
204929.036000
205029.020000
205129.000000
205228.982000
205295.635000
205395.617000
205495.599000
205595.580000
205695.561000
205795.543000
205895.525000
206828.687000
206895.341000
206995.323000
207095.304000
207195.286000
207261.941000
207361.922000
207461.904000
207528.558000
207628.541000
207728.523000
207795.176000
207895.160000
207995.140000
208061.794000
208161.778000
208261.757000
208328.412000
208428.395000
208528.375000
208595.029000
208695.011000
208794.992000
208894.974000
208961.629000
209061.611000
209161.592000
209228.246000
209328.229000
209428.210000
209494.864000
209594.848000
209694.828000
209761.482000
209861.466000
209961.445000
210061.428000
210128.081000
210228.063000
210328.045000
210428.027000
210494.681000
210594.662000
210694.645000
210794.625000
210861.280000
210961.263000
211061.243000
211127.898000
211227.882000
211327.862000
211394.515000
211494.500000
211594.479000
211694.460000
211761.114000
211861.097000
211961.078000
212027.732000
212127.714000
212227.696000
212294.350000
212394.333000
212494.314000
212560.968000
212660.952000
212760.931000
212827.586000
212927.569000
213027.549000
213094.203000
213194.185000
213294.167000
213360.821000
213460.803000
213560.785000
213660.767000
213727.420000
213827.403000
213927.384000
214027.366000
214094.021000
214194.001000
214293.985000
214360.639000
214460.620000
214560.603000
214627.257000
214727.237000
214827.218000
214893.873000
214993.855000
215093.836000
215193.818000
215260.473000
215360.454000
215793.709000
215893.689000
216393.597000
216526.906000
216593.560000
216693.543000
216793.524000
216893.506000
216993.488000
217093.470000
217193.451000
217260.105000
217360.088000
217460.069000
217560.052000
217660.032000
217760.015000
217859.995000
217959.976000
218059.959000
218159.940000
218259.922000
218359.903000
218459.885000
218526.540000
218659.850000
218726.503000
218826.484000
218926.468000
219026.448000
219126.431000
219226.411000
219326.395000
219426.374000
219526.356000
219626.337000
219692.992000
219792.973000
219892.955000
219959.609000
220059.591000
220159.573000
220226.228000
220326.209000
220426.192000
220526.172000
220626.156000
220692.810000
220792.790000
220892.773000
221192.716000
221292.698000
221392.680000
221459.335000
221559.316000
221659.299000
221725.952000
221825.934000
221925.918000
221992.571000
222092.551000
222192.536000
222292.514000
222359.169000
222459.153000
222559.132000
222625.787000
222725.768000
222792.423000
222892.404000
222992.387000
223092.368000
223159.023000
223259.004000
223325.658000
223425.641000
223525.623000
223592.276000
223692.259000
223792.239000
223858.894000
223958.878000
224058.857000
224125.511000
224225.495000
224325.475000
224392.129000
224492.111000
224592.092000
224658.747000
224758.728000
224858.711000
224925.365000
225025.346000
225125.330000
225225.309000
225291.964000
225391.948000
225491.927000
225558.581000
225658.567000
225758.545000
225858.527000
225925.181000
226058.490000
226158.471000
226225.126000
226325.108000
226425.090000
226525.071000
226591.725000
226691.708000
226791.689000
226858.343000
226958.327000
227058.306000
227124.961000
227224.944000
227291.599000
227391.579000
227491.560000
227591.542000
227658.197000
227758.177000
227858.160000
227924.814000
228024.795000
228124.779000
228191.433000
228291.413000
228391.398000
228458.052000
228558.031000
228658.016000
228757.994000
228824.649000
228924.632000
229024.612000
229091.266000
229191.248000
229291.230000
229357.884000
229457.866000
229557.847000
229624.502000
229724.483000
229824.466000
229924.447000
229991.101000
230091.085000
230191.064000
230291.047000
230391.028000
230491.012000
230590.991000
230690.973000
230790.954000
230857.609000
230957.590000
231924.081000
231990.736000
232157.370000
232224.025000
232357.333000
232457.315000
232557.297000
232623.952000
232723.933000
232790.587000
232890.569000
232990.551000
233090.534000
233157.189000
233257.169000
233323.823000
233423.806000
233523.786000
233623.769000
233690.422000
233790.403000
233890.385000
233957.039000
234057.022000
234157.003000
234223.657000
234323.640000
234423.621000
234490.275000
234590.258000
234690.238000
234756.893000
234856.877000
234956.856000
235023.511000
235123.495000
235223.474000
235290.128000
235390.110000
235490.093000
235556.746000
235656.729000
235756.709000
235856.691000
235923.346000
236023.328000
236389.926000
236489.911000
236589.890000
236656.546000
236756.528000
236856.508000
236923.162000
237023.144000
237123.125000
237223.107000
237289.761000
237389.743000
237489.726000
237556.379000
237656.363000
237756.342000
237856.326000
237922.980000
238022.960000
238122.945000
238189.598000
238289.578000
238389.562000
238456.216000
238556.195000
238656.181000
238756.159000
238822.814000
238922.795000
238989.450000
239089.431000
239189.412000
239289.395000
239356.050000
239456.030000
239556.014000
239622.668000
239722.649000
239822.632000
239889.285000
239989.266000
240089.248000
240155.902000
240255.884000
240355.866000
240422.519000
240522.501000
240622.483000
240689.137000
240789.120000
240889.101000
240955.755000
241055.739000
241355.681000
241455.665000
241555.645000
241622.299000
241722.281000
241822.263000
241922.244000
241988.899000
242088.880000
242188.862000
242255.517000
242355.499000
242422.153000
242522.134000
242622.118000
242722.097000
242822.082000
242922.061000
243022.045000
243088.698000
243188.678000
243288.660000
243388.642000
243488.624000
243588.606000
243688.587000
243788.569000
243888.550000
243955.204000
244088.513000
244155.168000
244255.152000
244355.131000
244455.115000
244555.095000
244655.079000
244755.058000
244855.040000
244955.022000
245055.003000
245154.985000
245221.639000
245321.621000
245421.603000
245488.257000
245588.238000
245688.221000
245754.876000
245854.856000
245954.838000
246021.492000
246121.474000
246621.382000
247987.802000
248087.779000
248187.761000
248287.742000
248387.724000
248454.379000
248554.361000
248621.015000
248720.996000
248820.979000
248887.634000
248987.614000
249087.598000
249154.253000
249254.233000
249354.216000
249420.870000
249520.849000
249620.831000
249720.813000
249787.467000
249887.449000
249954.103000
250054.085000
250154.067000
250220.721000
250320.704000
250420.684000
250487.340000
250587.323000
250687.302000
250753.956000
250853.941000
250953.920000
251020.574000
251120.558000
251220.538000
251353.846000
251453.828000
251553.810000
251653.792000
251720.446000
251820.428000
251920.410000
251987.064000
252087.046000
252187.027000
252253.682000
252353.665000
252453.645000
252520.299000
252620.282000
252720.262000
252786.917000
252886.898000
252986.880000
253053.535000
253153.516000
253253.498000
253320.153000
253420.134000
253520.116000
253586.771000
253686.752000
253753.406000
253853.390000
253953.369000
254020.024000
254153.333000
254219.987000
254319.970000
254419.951000
254486.605000
254586.587000
254653.241000
254753.222000
254853.205000
254953.186000
255019.841000
255119.822000
255186.476000
255286.459000
255386.440000
255486.424000
255586.403000
255686.388000
255786.366000
255853.021000
255953.002000
256052.984000
256152.966000
256252.948000
256386.256000
256486.239000
256586.220000
256652.875000
256752.856000
256852.839000
256952.819000
257052.803000
257152.782000
257252.766000
257352.746000
257419.400000
257519.383000
257619.363000
257719.345000
257819.327000
257919.308000
258019.290000
258119.271000
258185.926000
258285.908000
258385.890000
258452.544000
258552.527000
258652.507000
258752.491000
258819.145000
258919.124000
259019.108000
259085.761000
259185.742000
259285.724000
259352.378000
259452.360000
259519.014000
259618.996000
259718.979000
259818.960000
259952.269000
260052.252000
260118.906000
260218.886000
260318.870000
260385.524000
260485.504000
260585.488000
260652.142000
260752.122000
260852.103000
260918.758000
261018.739000
261118.721000
261185.375000
261285.358000
261451.993000
261518.648000
261618.631000
261718.611000
261785.265000
261885.249000
261985.229000
262085.212000
262151.867000
262251.846000
262351.828000
262418.482000
262518.464000
262618.446000
262685.100000
262785.082000
262885.064000
262951.718000
263051.701000
263151.681000
263218.335000
263318.319000
263418.299000
263484.954000
263584.937000
263684.917000
263751.571000
263851.555000
263951.535000
264018.189000
264118.171000
264184.825000
264284.806000
264384.788000
264484.770000
264551.424000
264651.407000
264751.389000
264818.043000
264918.024000
265018.007000
265084.662000
265184.642000
265284.625000
265351.279000
265451.259000
265551.241000
265617.895000
265717.878000
265784.531000
265884.513000
265984.495000
266084.476000
266151.131000
266251.114000
266351.094000
266484.404000
266584.387000
266651.042000
266751.021000
266851.005000
266917.659000
267017.639000
267117.622000
267184.277000
267284.256000
267384.238000
267450.892000
267550.874000
267650.856000
267717.510000
267817.493000
267917.473000
267984.128000
268084.111000
268184.091000
268284.075000
268384.054000
268484.038000
268584.018000
268684.001000
268783.981000
268883.963000
268983.944000
269050.599000
269150.581000
269250.562000
269350.544000
269450.527000
269550.507000
269650.491000
269750.470000
269850.455000
269983.763000
270050.418000
270183.726000
270250.381000
270350.360000
270483.669000
270550.323000
270650.306000
270750.287000
270850.269000
270950.250000
271050.232000
271116.886000
271216.869000
271316.849000
271383.504000
271483.488000
271583.467000
271683.451000
271750.105000
271850.085000
273116.521000
273216.501000
273283.155000
273383.138000
273483.119000
273583.100000
273649.757000
273749.736000
273849.718000
273916.373000
274016.354000
274116.336000
274216.318000
274282.972000
274382.953000
274482.936000
274582.917000
274649.572000
274749.555000
274849.535000
274949.519000
275016.172000
275116.152000
275216.134000
275316.116000
275382.770000
275482.752000
275582.734000
275649.388000
275749.370000
275849.352000
275949.333000
276015.987000
276115.971000
276215.951000
276282.605000
276382.589000
276515.898000
276615.878000
276715.859000
276782.513000
276882.495000
276982.477000
277082.458000
277149.114000
277249.095000
277349.076000
277449.058000
277582.367000
277682.350000
277782.330000
277882.314000
277948.968000
278048.948000
278148.932000
278215.586000
278315.566000
278415.549000
278482.202000
278582.183000
278682.165000
278748.819000
278848.801000
278948.783000
279015.437000
279115.419000
279215.400000
279282.055000
279382.038000
279482.018000
279548.672000
279648.656000
279748.636000
279815.290000
279915.274000
280015.253000
280081.908000
280181.889000
280281.871000
280348.525000
280448.508000
280548.489000
280615.144000
280715.125000
280815.108000
280915.088000
280981.743000
281081.726000
281181.706000
281281.691000
281381.670000
281481.653000
281581.633000
281681.614000
281781.596000
281848.251000
282081.542000
282181.523000
282248.177000
282348.159000
282448.142000
282548.122000
282648.106000
282748.085000
282848.070000
282948.048000
283048.033000
283148.012000
283247.996000
283347.975000
283447.957000
283547.939000
283647.921000
283747.902000
283814.557000
283914.538000
284014.522000
284081.175000
284181.156000
284281.139000
284381.119000
284447.774000
284547.758000
284647.738000
284714.391000
284814.375000
284914.355000
284981.009000
285080.991000
285180.972000
285280.954000
285347.608000
285447.591000
285547.573000
285614.226000
285714.209000
285814.190000
285914.173000
285980.828000
286080.807000
286180.791000
286280.771000
286347.425000
286447.409000
286580.716000
286680.697000
286780.679000
286847.334000
286947.315000
287047.297000
287113.951000
287213.933000
287313.915000
287413.897000
287480.553000
287580.532000
287680.517000
287747.170000
287847.150000
287947.133000
288047.114000
288113.768000
288213.749000
288313.731000
288413.713000
288480.368000
288580.348000
288680.331000
288746.985000
288846.967000
288946.948000
289046.931000
289113.586000
289213.566000
289313.551000
289380.204000
289480.184000
289580.167000
289680.147000
289746.801000
289846.785000
289946.765000
290013.420000
290113.401000
290213.383000
290280.037000
290380.018000
290480.001000
290546.656000
290646.638000
290746.620000
290846.600000
290913.254000
291013.238000
291113.218000
291179.872000
291279.855000
291379.841000
291446.490000
291579.798000
291679.780000
291779.762000
291846.417000
291946.398000
292046.380000
292113.035000
292213.016000
292312.999000
292412.979000
292479.634000
292579.618000
292679.597000
292746.251000
292846.236000
292946.215000
293046.199000
293112.851000
293212.832000
293312.814000
293379.468000
293479.450000
293579.432000
293679.414000
293746.069000
293846.050000
293946.033000
294046.013000
294145.997000
294245.976000
294345.961000
294445.940000
294545.924000
294645.903000
294712.557000
294812.539000
294945.848000
295012.502000
295112.484000
295212.466000
295312.447000
295412.429000
295512.411000
295612.392000
295712.376000
295812.355000
295879.010000
296012.319000
296112.303000
296178.957000
296278.936000
296378.918000
296478.900000
296712.191000
296812.172000
296878.827000
296978.809000
297078.792000
297145.446000
297245.427000
297345.409000
297445.390000
297545.374000
297612.028000
297712.007000
297811.991000
297911.970000
297978.625000
298078.606000
298178.588000
298245.243000
298345.224000
298445.206000
298511.860000
298611.842000
298711.825000
298811.806000
298878.460000
298978.444000
299078.423000
299178.407000
299278.386000
299378.370000
299478.350000
299578.331000
299678.314000
299778.295000
299878.276000
299944.930000
300044.913000
