99.983000
199.964000
299.945000
399.927000
499.909000
599.891000
699.873000
799.854000
899.837000
999.817000
1099.802000
1199.781000
1299.765000
1399.744000
1499.729000
1599.708000
1699.690000
1799.671000
1899.653000
1999.635000
2099.617000
2199.598000
2299.580000
2399.562000
2499.544000
2599.526000
2699.507000
2799.490000
2899.470000
2999.454000
3099.434000
3199.419000
3299.397000
3399.382000
3499.361000
3599.345000
3699.324000
3799.306000
3899.288000
3999.269000
4099.252000
4199.233000
4299.215000
4399.197000
4499.179000
4599.160000
4699.143000
4799.123000
4899.107000
4999.087000
5099.071000
5199.050000
5299.034000
5399.014000
5498.997000
5598.977000
5698.960000
5798.940000
5898.923000
5998.904000
6098.886000
6198.870000
6298.850000
6398.831000
6498.813000
6598.795000
6698.776000
6798.759000
6898.740000
6998.723000
7098.703000
7198.687000
7298.667000
7398.650000
7498.630000
7598.614000
7698.593000
7798.575000
7898.557000
7998.539000
8098.520000
8198.502000
8298.484000
8398.465000
8498.448000
8598.429000
8698.412000
8798.392000
8898.376000
8998.356000
9098.340000
9198.319000
9298.303000
9398.282000
9498.265000
9598.246000
9698.228000
9798.209000
9898.191000
9998.173000
10098.155000
10198.136000
10298.118000
10398.100000
10498.082000
10598.064000
10698.045000
10798.029000
10898.009000
10997.992000
11097.972000
11197.956000
11297.935000
11397.919000
11497.899000
11597.881000
11697.862000
11797.844000
11897.826000
11997.807000
12097.789000
12197.771000
12297.753000
12397.734000
12497.717000
12597.698000
12697.681000
12797.661000
12897.645000
12997.624000
13097.608000
13197.588000
13297.571000
13397.551000
13497.533000
13597.515000
13697.496000
13797.478000
13897.460000
13997.442000
14097.423000
14197.405000
14297.386000
14397.370000
14497.350000
14597.334000
14697.314000
14797.297000
14897.277000
14997.261000
15097.241000
15197.224000
15297.204000
15397.186000
15497.167000
15597.149000
15697.131000
15797.112000
15897.095000
15997.076000
16097.058000
16197.039000
16297.022000
16397.003000
16496.987000
16596.966000
16696.950000
16796.929000
16896.912000
16996.893000
17096.875000
17196.856000
17296.838000
17396.819000
17496.801000
17596.783000
17696.764000
17796.747000
17896.728000
17996.711000
18096.692000
18196.675000
18296.655000
18396.638000
18496.618000
18596.602000
18696.582000
18796.566000
18896.545000
18996.527000
19096.508000
19196.490000
19296.472000
19396.454000
19496.436000
19596.417000
19696.400000
19796.380000
19896.364000
19996.344000
20096.328000
20196.307000
20296.292000
20396.270000
20496.254000
20596.234000
20696.215000
20796.197000
20896.179000
20996.161000
21096.142000
21196.124000
21296.106000
21396.089000
21496.070000
21596.052000
21696.033000
21796.016000
21895.996000
21995.980000
22095.959000
22195.941000
22295.923000
22395.905000
22495.886000
22595.868000
22695.850000
22795.831000
22895.813000
22995.795000
23095.776000
23195.758000
23295.740000
23395.722000
23495.705000
23595.685000
23695.669000
23795.648000
23895.632000
23995.612000
24095.596000
24195.575000
24295.557000
24395.538000
24495.520000
24595.502000
24695.484000
24795.465000
24895.447000
24995.429000
25095.410000
25195.393000
25295.374000
25395.357000
25495.337000
25595.321000
25695.300000
25795.285000
25895.264000
25995.248000
26095.227000
26195.209000
26295.191000
26395.172000
26495.154000
26595.136000
26695.118000
26795.099000
26895.082000
26995.062000
27095.046000
27195.026000
27295.010000
27394.989000
27494.973000
27594.953000
27694.936000
27794.916000
27894.898000
27994.879000
28094.861000
28194.843000
28294.824000
28394.806000
28494.788000
28594.770000
28694.751000
28794.734000
28894.715000
28994.698000
29094.678000
29194.662000
29294.642000
29394.625000
29494.605000
29594.588000
29694.568000
29794.550000
29894.532000
29994.513000
30094.495000
30194.477000
30294.459000
30394.440000
30494.423000
30594.404000
30694.387000
30794.367000
30894.351000
30994.331000
31094.314000
31194.294000
31294.277000
31394.257000
31494.239000
31594.220000
31694.202000
31794.184000
31894.165000
31994.147000
32094.129000
32194.111000
32294.092000
32394.075000
32494.055000
32594.039000
32694.019000
32794.003000
32893.982000
32993.966000
33093.946000
33193.927000
33293.909000
33393.890000
33493.872000
33593.854000
33693.836000
33793.817000
33893.800000
33993.781000
34093.764000
34193.744000
34293.728000
34393.708000
34493.691000
34593.671000
34693.655000
34793.634000
34893.616000
34993.598000
35093.579000
35193.561000
35293.543000
35393.524000
35493.506000
35593.488000
35693.469000
35793.452000
35893.433000
35993.418000
36093.396000
36193.380000
36293.360000
36393.343000
36493.323000
36593.304000
36693.287000
36793.268000
36893.250000
36993.231000
37093.213000
37193.195000
37293.177000
37393.158000
37493.141000
37593.121000
37693.105000
37793.085000
37893.069000
37993.048000
38093.032000
38193.011000
38292.994000
38392.975000
38492.956000
38592.938000
38692.920000
38792.902000
38892.883000
38992.865000
39092.847000
39192.829000
39292.810000
39392.793000
39492.773000
39592.758000
39692.737000
39792.721000
39892.700000
39992.683000
40092.663000
40192.645000
40292.627000
40392.608000
40492.590000
40592.572000
40692.554000
40792.535000
40892.518000
40992.499000
41092.482000
41192.462000
41292.446000
41392.425000
41492.409000
41592.389000
41692.371000
41792.352000
41892.334000
41992.315000
42092.297000
42192.279000
42292.260000
42392.242000
42492.224000
42592.206000
42692.187000
42792.170000
42892.150000
42992.134000
43092.114000
43192.097000
43292.077000
43392.061000
43492.040000
43592.022000
43692.004000
43791.985000
43891.968000
43991.949000
44091.931000
44191.912000
44291.895000
44391.875000
44991.766000
45091.749000
45191.729000
45291.711000
45391.692000
45491.674000
45591.656000
45691.637000
45791.620000
45891.601000
45991.583000
46091.564000
46191.547000
46291.528000
46391.512000
46491.491000
46591.475000
46691.454000
46791.437000
46891.418000
46991.399000
47091.381000
47191.362000
47291.344000
47391.326000
47491.308000
47591.289000
47691.272000
47791.253000
47891.236000
47991.216000
48091.200000
48191.179000
48291.163000
48391.143000
48491.124000
48591.106000
48691.088000
48791.069000
48891.051000
48991.033000
49091.014000
49190.997000
49290.978000
49390.961000
49490.941000
49590.925000
49690.904000
49790.888000
49890.868000
49990.852000
50090.831000
50190.814000
50290.794000
50390.776000
50490.758000
50590.739000
50690.721000
50790.703000
50890.685000
50990.666000
51090.649000
51190.629000
51290.613000
51390.593000
51490.577000
51590.556000
51690.540000
51790.520000
51890.504000
51990.483000
52090.465000
52190.446000
52290.428000
52390.410000
52490.392000
52590.374000
52690.355000
52790.338000
52890.318000
52990.301000
53090.282000
53190.265000
53290.245000
53390.228000
53490.208000
53590.191000
53690.172000
53790.153000
53890.135000
53990.116000
54090.098000
54190.080000
54290.062000
54390.043000
54490.026000
54590.006000
54689.990000
54789.970000
54889.953000
54989.933000
55089.915000
55189.896000
55289.878000
55389.860000
55489.841000
55589.823000
55689.805000
55789.786000
55889.768000
55989.750000
56089.732000
56189.714000
56289.695000
56389.678000
56489.658000
56589.642000
56689.621000
56789.605000
56889.585000
56989.566000
57089.548000
57189.530000
57289.511000
57389.493000
57489.475000
57589.457000
57689.439000
57789.420000
57889.402000
57989.383000
58089.367000
58189.346000
58289.330000
58389.310000
58489.294000
58589.273000
58689.256000
58789.237000
58889.218000
58989.200000
59089.182000
59189.163000
59289.145000
59389.127000
59489.108000
59589.091000
59689.071000
59789.055000
59889.035000
59989.019000
60088.999000
60188.981000
60288.962000
60388.943000
60488.925000
60588.906000
60688.888000
60788.870000
60888.852000
60988.833000
61088.816000
61188.797000
61288.780000
61388.760000
61488.744000
61588.723000
61688.707000
61788.686000
61888.670000
61988.650000
62088.632000
62188.613000
62288.595000
62388.577000
62488.558000
62588.540000
62688.522000
62788.504000
62888.485000
62988.468000
63088.448000
63188.432000
63288.412000
63388.395000
63488.375000
63588.358000
63688.338000
63788.320000
63888.301000
63988.283000
64088.265000
64188.247000
64288.229000
64388.210000
64488.192000
64588.173000
64688.156000
64788.137000
64888.120000
64988.100000
65088.084000
65188.063000
65288.047000
65388.026000
65488.008000
65587.990000
65687.972000
65787.953000
65887.935000
65987.917000
66087.898000
66187.881000
66287.862000
66387.845000
66487.825000
66587.809000
66687.788000
66787.772000
66887.752000
66987.735000
67087.715000
67187.697000
67287.678000
67387.660000
67487.642000
67587.623000
67687.605000
67787.586000
67887.569000
67987.550000
68087.533000
68187.513000
68287.497000
68387.476000
68487.460000
68587.440000
68687.421000
68787.403000
68887.385000
68987.367000
69087.348000
69187.330000
69287.311000
69387.294000
69487.275000
70287.128000
70387.110000
70487.091000
70587.073000
70687.055000
70787.037000
70887.018000
70987.000000
71086.983000
71186.963000
71286.946000
71386.926000
71486.908000
71586.890000
71686.871000
71786.853000
71886.835000
71986.816000
72086.798000
72186.780000
72286.761000
72386.743000
72486.726000
72586.709000
72686.688000
72786.671000
72886.651000
72986.635000
73086.615000
73186.599000
73286.578000
73386.562000
73486.542000
73586.524000
73686.505000
73786.486000
73886.468000
73986.450000
74086.431000
74186.413000
74286.395000
74386.376000
74486.359000
74586.340000
74686.324000
74786.303000
74886.287000
74986.266000
75086.250000
75186.229000
75286.211000
75386.193000
75486.175000
75586.156000
75686.138000
75786.120000
75886.101000
75986.084000
76086.065000
76186.048000
76286.028000
76386.012000
76485.991000
76585.975000
76685.955000
76785.937000
76885.918000
76985.902000
77085.881000
77185.863000
77285.844000
77385.826000
77485.808000
77585.790000
77685.772000
77785.753000
77885.736000
77985.716000
78085.700000
78185.679000
78285.663000
78385.643000
78485.626000
78585.606000
78685.588000
78785.569000
78885.551000
78985.532000
79085.515000
79185.496000
79285.478000
79385.461000
79485.441000
79585.425000
79685.404000
79785.388000
79885.368000
79985.351000
80085.331000
80185.313000
80285.294000
80385.277000
80485.258000
80585.239000
80685.221000
80785.203000
80885.185000
80985.166000
81085.150000
81185.129000
81285.113000
81385.092000
81485.076000
81585.056000
81685.039000
81785.019000
81885.001000
81984.982000
82084.964000
82184.946000
82284.927000
82384.909000
82484.891000
82584.873000
82684.854000
82784.837000
82884.818000
82984.801000
83084.781000
83184.764000
83284.744000
83384.727000
83484.708000
83584.689000
83684.671000
83784.652000
83884.634000
83984.616000
84084.598000
84184.579000
84284.562000
84384.542000
84484.526000
84584.506000
84684.490000
84784.469000
84884.452000
84984.432000
85084.414000
85184.396000
85284.377000
85384.359000
85484.340000
85584.323000
85684.304000
85784.287000
85884.267000
85984.250000
86084.231000
86184.214000
86284.194000
86384.178000
86484.157000
86584.141000
86684.123000
86784.102000
86884.084000
86984.066000
87084.048000
87184.029000
87284.011000
87383.992000
87483.974000
87583.956000
87683.939000
87783.919000
87883.900000
87983.882000
88083.864000
88183.845000
88283.827000
88383.809000
88483.790000
88583.772000
88683.753000
88783.735000
88883.717000
88983.699000
89083.680000
89183.663000
89283.644000
89383.627000
89483.607000
89583.591000
89683.570000
89783.553000
89883.533000
89983.515000
90083.497000
90183.478000
90283.460000
90383.442000
90483.424000
90583.406000
90683.388000
90783.368000
90883.352000
90983.332000
91083.316000
91183.295000
91283.279000
91383.258000
91483.241000
91583.222000
91683.203000
91783.185000
91883.166000
91983.148000
92083.130000
92183.112000
92283.093000
92383.076000
92483.057000
92583.040000
92683.020000
92783.004000
92882.983000
92982.967000
93082.947000
93182.928000
93282.910000
93382.891000
93482.873000
93582.855000
93682.837000
93782.818000
93882.800000
93982.781000
94082.764000
94182.745000
94282.729000
94382.708000
94482.692000
94582.671000
94682.654000
94782.635000
94882.616000
94982.598000
95082.580000
95182.561000
95282.543000
95382.525000
95482.506000
95582.489000
95682.470000
95782.453000
95882.433000
95982.416000
96082.397000
96182.380000
96282.359000
96382.343000
96482.323000
96582.305000
96682.286000
96782.268000
96882.250000
96982.231000
97082.213000
97182.195000
97282.178000
97382.158000
97482.141000
97582.121000
97682.105000
97782.084000
97882.068000
97982.048000
98082.029000
98182.011000
98281.992000
98381.975000
98481.956000
98581.937000
98681.919000
98781.901000
98881.883000
98981.866000
99081.846000
99181.830000
99281.809000
99381.793000
99481.772000
99581.756000
99681.736000
99781.717000
99881.699000
99981.680000
100081.662000
100181.644000
100281.626000
100381.607000
100481.590000
100581.571000
100681.554000
100781.534000
100881.518000
100981.497000
101081.481000
101181.461000
101281.442000
101381.424000
101481.406000
101581.388000
101681.369000
101781.351000
101881.332000
101981.316000
102081.296000
102181.280000
102281.259000
102381.243000
102481.222000
102581.206000
102681.185000
102781.169000
102881.149000
102981.130000
103081.112000
103181.094000
103281.076000
103381.057000
103481.039000
103581.021000
103681.003000
103780.984000
103880.968000
103980.947000
104080.931000
104180.911000
104280.892000
104380.873000
104480.856000
104580.837000
104680.819000
104780.800000
104880.782000
104980.763000
105080.745000
105180.727000
105280.709000
105380.691000
105480.672000
105580.655000
105680.636000
105780.619000
105880.598000
105980.582000
106080.562000
106180.543000
106280.525000
106380.507000
106480.488000
106580.470000
106680.452000
106780.433000
106880.416000
106980.397000
107080.380000
107180.360000
107280.344000
107380.323000
107480.307000
107580.287000
107680.270000
107780.250000
107880.232000
107980.214000
108080.195000
108180.176000
108280.158000
108380.140000
108480.121000
108580.104000
108680.085000
108780.068000
108880.048000
108980.032000
109080.011000
109179.995000
109279.975000
109379.956000
109479.938000
109579.920000
109679.901000
109779.883000
109879.865000
109979.846000
110079.828000
110179.809000
110279.792000
110379.773000
110479.757000
110579.736000
110679.721000
110779.700000
110879.683000
110979.663000
111079.645000
111179.626000
111279.608000
111379.589000
111479.571000
111579.553000
111679.534000
111779.517000
111879.498000
111979.481000
112079.461000
112179.445000
112279.424000
112379.407000
112479.388000
112579.369000
112679.351000
112779.333000
112879.314000
112979.296000
113079.278000
113179.259000
113279.242000
113379.223000
113479.205000
113579.186000
113679.169000
113779.149000
113879.133000
113979.113000
114079.097000
114179.076000
114279.059000
114379.039000
114479.021000
114579.003000
114678.984000
114778.966000
114878.947000
114978.929000
115078.911000
115178.894000
115278.874000
115378.858000
115478.837000
115578.821000
115678.801000
115778.782000
115878.764000
115978.745000
116078.727000
116178.709000
116278.690000
116378.672000
116478.654000
116578.635000
116678.618000
116778.598000
116878.582000
116978.562000
117078.546000
117178.526000
117278.508000
117378.488000
117478.470000
117578.452000
117678.433000
117778.415000
117878.397000
117978.379000
118078.360000
118178.344000
118278.323000
118378.307000
118478.287000
118578.271000
118678.250000
118778.234000
118878.214000
118978.196000
119078.177000
119178.158000
119278.140000
119378.122000
119478.103000
119578.085000
119678.068000
119778.048000
119878.032000
119978.012000
120077.995000
120177.975000
120277.959000
120377.938000
120477.921000
120577.901000
120677.883000
120777.865000
120877.847000
120977.828000
121077.810000
121177.791000
121277.773000
121377.755000
121477.736000
121577.720000
121677.699000
121777.683000
121877.663000
121977.647000
122077.627000
122177.608000
122277.590000
122377.571000
122477.553000
122577.534000
122677.516000
122777.498000
122877.480000
122977.461000
123077.444000
123177.424000
123277.408000
123377.387000
123477.372000
123577.351000
123677.334000
123777.314000
123877.296000
123977.277000
124077.259000
124177.241000
124277.223000
124377.204000
124477.186000
124577.168000
124677.149000
124777.132000
124877.112000
124977.096000
125077.076000
125177.059000
125277.039000
125377.023000
125477.002000
125576.984000
125676.966000
125776.947000
125876.929000
125976.911000
126076.893000
126176.874000
126276.857000
126376.837000
126476.821000
126576.801000
126676.785000
126776.764000
126876.748000
126976.727000
127076.709000
127176.690000
127276.672000
127376.654000
127476.635000
127576.617000
127676.599000
127776.582000
127876.562000
127976.545000
128076.525000
128176.509000
128276.489000
128376.472000
128476.452000
128576.435000
128676.415000
128776.397000
128876.379000
128976.361000
129076.343000
129176.324000
129276.306000
129376.287000
129476.269000
129576.250000
130676.048000
130776.030000
130876.012000
130975.994000
131075.975000
131175.958000
131275.939000
131375.922000
131475.902000
131575.885000
131675.865000
131775.848000
131875.828000
131975.810000
132075.791000
132175.773000
132275.755000
132375.736000
132475.719000
132575.700000
132675.683000
132775.663000
132875.646000
132975.626000
133075.610000
133175.590000
133275.573000
133375.553000
133475.535000
133575.516000
133675.498000
133775.480000
133875.461000
133975.443000
134075.424000
134175.407000
134275.388000
134375.371000
134475.351000
134575.335000
134675.315000
134775.298000
134875.278000
134975.261000
135075.241000
135175.223000
135275.205000
135375.187000
135475.168000
135575.149000
135675.132000
135775.112000
135875.096000
135975.076000
136075.060000
136175.039000
136275.023000
136375.003000
136474.986000
136574.966000
136674.947000
136774.929000
136874.911000
136974.892000
137074.874000
137174.855000
137274.837000
137374.819000
137474.800000
137574.784000
137674.764000
137774.748000
137874.728000
137974.711000
138074.691000
138174.674000
138274.654000
138374.635000
138474.617000
138574.599000
138674.581000
138774.562000
138874.544000
138974.525000
139074.508000
139174.489000
139274.472000
139374.452000
139474.436000
139574.416000
139674.399000
139774.378000
139874.360000
139974.342000
140074.324000
140174.305000
140274.287000
140374.268000
140474.250000
140574.232000
140674.213000
140774.197000
140874.177000
140974.161000
141074.140000
141174.124000
141274.103000
141374.087000
141474.066000
141574.048000
141674.030000
141774.011000
141873.993000
141973.975000
142073.957000
142173.938000
142273.921000
142373.901000
142473.885000
142573.865000
142673.849000
142773.828000
142873.811000
142973.791000
143073.775000
143173.755000
143273.737000
143373.719000
143473.700000
143573.682000
143673.663000
143773.645000
143873.626000
143973.609000
144073.590000
144173.574000
144273.553000
144373.582000
144473.516000
144573.499000
144673.479000
144773.461000
144873.443000
144973.424000
145073.406000
145173.388000
145273.370000
145373.351000
145473.335000
145573.314000
145673.298000
145773.277000
145873.262000
145973.241000
146073.225000
146173.204000
146273.186000
146373.168000
146473.149000
146573.131000
146673.113000
146773.094000
146873.076000
146973.058000
147073.039000
147173.022000
147273.002000
147372.986000
147472.965000
147572.949000
147672.929000
147772.912000
147872.892000
147972.874000
148072.855000
148172.837000
148272.819000
148372.800000
148472.783000
148572.764000
148672.746000
148772.727000
148872.711000
148972.690000
149072.674000
149172.653000
149272.637000
149372.617000
149472.598000
149572.580000
149672.562000
150172.471000
150272.452000
150372.435000
150472.415000
150572.398000
150672.379000
150772.362000
150872.342000
150972.324000
151072.305000
151172.286000
151272.269000
151372.250000
151472.232000
151572.213000
151672.196000
151772.176000
151872.160000
151972.140000
152072.124000
152172.103000
152272.087000
152372.067000
152472.051000
152572.030000
152672.011000
152771.993000
152871.975000
152971.956000
153071.938000
153171.920000
153271.901000
153371.883000
153471.865000
153571.846000
153671.828000
153771.809000
153871.791000
153971.775000
154071.754000
154171.737000
154271.718000
154371.699000
154471.681000
154571.663000
154671.644000
154771.626000
154871.609000
154971.589000
155071.572000
155171.552000
155271.536000
155371.516000
155471.500000
155571.479000
155671.462000
155771.442000
155871.424000
155971.406000
156071.387000
156171.369000
156271.351000
156371.332000
156471.314000
156571.297000
156671.277000
156771.261000
156871.240000
156971.224000
157071.204000
157171.188000
157271.167000
157371.151000
157471.130000
157571.112000
157671.094000
157771.075000
157871.057000
157971.039000
158071.021000
158171.002000
158270.985000
158370.965000
158470.949000
158570.929000
158670.913000
158770.892000
158870.874000
158970.856000
159070.837000
159170.818000
159270.800000
159370.782000
159470.763000
159570.745000
159670.727000
159770.709000
159870.690000
159970.673000
160070.654000
160170.637000
160270.617000
160370.601000
160470.580000
160570.564000
160670.543000
160770.525000
160870.507000
160970.488000
161070.470000
161170.451000
161270.434000
161370.415000
161470.398000
161570.378000
161670.362000
161770.341000
161870.326000
161970.305000
162070.288000
162170.268000
162270.250000
162370.231000
162470.213000
162570.195000
162670.176000
162770.159000
162870.140000
162970.122000
163070.103000
163170.086000
163270.066000
163370.050000
163470.030000
163570.013000
163669.993000
163769.974000
163869.956000
163969.938000
164069.919000
164169.901000
164269.882000
164369.864000
164469.847000
164569.827000
164669.811000
164769.791000
164869.775000
164969.754000
165069.738000
165169.717000
165269.700000
165369.680000
165469.662000
165569.644000
165669.626000
165769.607000
165869.589000
165969.571000
166069.552000
166169.535000
166269.516000
166369.499000
166469.479000
166569.463000
166669.442000
166769.426000
166869.405000
166969.388000
167069.369000
167169.350000
167269.333000
167369.314000
167469.296000
167569.277000
167669.260000
167769.240000
167869.224000
167969.203000
168069.188000
168169.167000
168269.151000
168369.130000
168469.112000
168569.093000
168669.076000
168769.057000
168869.039000
168969.021000
169069.002000
169168.984000
169268.965000
169368.948000
169468.928000
169568.912000
169668.891000
169768.873000
169868.855000
169968.836000
170068.818000
170168.800000
170268.781000
170368.763000
170468.745000
170568.726000
170668.708000
170768.690000
170868.673000
170968.653000
171068.636000
171168.616000
171268.600000
171368.580000
171468.564000
171568.543000
171668.526000
171768.507000
171868.488000
171968.469000
172068.451000
172168.433000
172268.415000
172368.397000
172468.378000
172568.361000
172668.342000
172768.325000
172868.304000
172968.288000
173068.268000
173168.250000
173268.231000
173368.213000
173468.194000
173568.176000
173668.157000
173768.139000
173868.121000
173968.103000
174068.085000
174168.066000
174268.049000
174368.029000
174468.013000
174567.992000
174667.976000
174767.956000
174867.937000
174967.919000
175067.901000
175167.882000
175267.864000
175367.846000
175467.827000
175567.809000
175667.790000
175767.773000
175867.754000
175967.737000
176067.717000
176167.700000
176267.680000
176367.662000
176467.644000
176567.627000
176667.607000
176767.588000
176867.570000
176967.552000
177067.534000
177167.515000
177267.498000
177367.478000
177467.462000
177567.442000
177667.426000
177767.405000
177867.389000
177967.368000
178067.350000
178167.332000
178267.313000
178367.295000
178467.277000
178567.258000
178667.240000
178767.222000
178867.204000
178967.186000
179067.167000
179167.150000
179267.130000
179367.113000
179467.093000
179567.077000
179667.057000
179767.038000
179867.020000
179967.001000
180066.983000
180166.965000
180266.947000
180366.928000
180466.910000
180566.891000
180666.875000
180766.854000
180866.839000
180966.818000
181066.802000
181166.781000
181266.763000
181366.744000
181466.726000
181566.708000
181666.689000
181766.671000
181866.652000
181966.635000
182066.616000
182166.599000
182266.579000
182366.563000
182466.542000
182566.526000
182666.506000
182766.487000
182866.469000
182966.451000
183066.432000
183166.414000
183266.395000
183366.377000
183466.360000
183566.341000
183666.324000
183766.304000
183866.288000
183966.267000
184066.251000
184166.231000
184266.214000
184366.194000
184466.175000
184566.157000
184666.139000
184766.120000
184866.102000
184966.084000
185066.066000
185166.048000
185266.028000
185366.012000
185465.992000
185565.976000
185665.955000
185765.938000
185865.918000
185965.900000
186065.882000
186165.864000
186265.845000
186365.827000
186465.808000
186565.790000
186665.771000
186765.753000
186865.741000
186965.716000
187065.700000
187165.680000
187265.664000
187365.643000
187465.626000
187565.607000
187665.588000
187765.570000
187865.552000
187965.533000
188065.515000
188165.497000
188265.478000
188365.461000
188465.441000
188565.425000
188665.404000
188765.388000
188865.368000
188965.351000
189065.331000
189165.313000
189265.294000
189365.276000
189465.258000
189565.240000
189665.221000
189765.203000
189865.185000
189965.166000
190065.149000
190165.129000
190265.114000
190365.092000
190465.076000
190565.056000
190665.040000
190765.019000
190865.001000
190964.983000
191064.964000
191164.946000
191264.927000
191364.909000
191464.891000
191564.873000
191664.854000
191764.837000
191864.817000
191964.801000
192064.781000
192164.764000
192264.744000
192364.725000
192464.707000
192564.689000
192664.670000
192764.652000
192864.634000
192964.615000
193064.598000
193164.579000
193264.563000
193364.542000
193464.526000
193564.505000
193664.489000
193764.468000
193864.451000
193964.432000
194064.414000
194164.395000
194264.377000
194364.359000
194464.340000
194564.322000
194664.303000
194764.286000
194864.267000
194964.250000
195064.230000
195164.214000
195264.193000
195364.177000
195464.157000
195564.138000
195664.120000
195764.101000
195864.083000
195964.065000
196064.047000
196164.028000
196264.010000
196363.991000
196463.975000
196563.955000
196663.939000
196763.918000
196863.902000
196963.881000
197063.863000
197163.844000
197263.826000
197363.808000
197463.790000
197563.771000
197663.753000
197763.735000
197863.716000
197963.699000
198063.679000
198163.663000
198263.643000
198363.626000
198463.606000
198563.589000
198663.569000
198763.551000
198863.533000
198963.514000
199063.496000
199163.478000
199263.459000
199463.424000
199563.404000
199663.388000
199763.367000
199863.352000
199963.331000
200063.314000
200163.294000
200263.277000
200363.257000
200463.239000
200563.221000
200663.202000
200763.184000
200863.166000
200963.148000
201063.129000
201163.112000
201263.092000
201363.076000
201463.056000
201563.039000
201663.019000
201763.002000
201862.982000
201962.963000
202062.945000
202162.927000
202262.908000
202362.890000
202462.872000
202562.854000
202662.835000
202762.817000
202862.799000
202962.780000
203062.762000
203162.743000
203262.727000
203362.707000
203462.688000
203562.670000
203662.652000
203762.633000
203862.615000
203962.597000
204062.579000
204162.561000
204262.541000
204362.525000
204462.505000
204562.488000
204662.468000
204762.452000
204862.431000
204962.413000
205062.395000
205162.376000
205262.358000
205362.340000
205462.321000
205562.303000
205662.285000
205762.266000
205862.250000
205962.229000
206062.214000
206162.193000
206262.177000
206362.156000
206462.140000
206562.120000
206662.101000
206762.083000
206862.065000
206962.046000
207062.028000
207162.009000
207261.991000
207361.974000
207461.954000
207561.938000
207661.917000
207761.901000
207861.881000
207961.865000
208061.844000
208161.827000
208261.807000
208361.789000
208461.771000
208561.752000
208661.734000
208761.716000
208861.698000
208961.679000
209061.662000
209161.642000
209261.626000
209361.606000
209461.589000
209561.569000
209661.552000
209761.532000
209861.514000
209961.496000
210061.477000
210161.459000
210261.440000
210361.422000
210461.404000
210561.387000
210661.367000
210761.350000
210861.331000
210961.314000
211061.293000
211161.277000
211261.257000
211361.238000
211461.220000
211561.202000
211661.183000
211761.165000
211861.147000
211961.129000
212061.111000
212161.092000
212261.075000
212361.055000
212461.039000
212561.018000
212661.002000
212760.981000
212860.964000
212960.945000
213060.927000
213160.908000
213260.890000
213360.871000
213460.853000
213560.836000
213660.817000
213760.799000
213860.780000
213960.763000
214060.743000
214160.727000
214260.706000
214360.690000
214460.669000
214560.651000
214660.633000
214760.615000
214860.596000
214960.578000
215060.560000
215160.541000
215260.524000
215360.504000
215460.488000
215560.468000
215660.451000
215760.431000
215860.415000
215960.394000
216060.378000
216160.358000
216260.340000
216360.321000
216460.302000
216560.285000
216660.266000
216760.248000
216860.229000
216960.212000
217060.192000
217160.176000
217260.156000
217360.140000
217460.119000
217560.102000
217660.082000
217760.064000
217860.046000
217960.027000
218060.009000
218159.990000
218259.973000
218359.954000
218459.937000
218559.917000
218659.901000
218759.880000
218859.864000
218959.844000
219059.825000
219159.807000
219259.788000
219359.770000
219459.753000
219559.733000
219659.715000
219759.697000
219859.678000
219959.660000
220059.642000
220159.624000
220259.605000
220359.589000
220459.568000
220559.553000
220659.532000
220759.514000
220859.495000
220959.476000
221059.458000
221159.440000
221259.421000
221359.403000
221459.385000
221559.366000
221659.349000
221759.330000
221859.313000
221959.293000
222059.277000
222159.256000
222259.239000
222359.219000
222459.201000
222559.183000
222659.165000
222759.146000
222859.128000
222959.109000
223059.092000
223159.074000
223259.055000
223359.038000
223459.018000
223559.001000
223658.981000
223758.965000
223858.944000
223958.928000
224058.908000
224158.889000
224258.871000
224358.853000
224458.834000
224558.816000
224658.798000
224758.779000
224858.762000
224958.743000
225058.726000
225158.706000
225258.690000
225358.669000
225458.653000
225558.632000
225658.614000
225758.596000
225858.577000
225958.559000
226058.541000
226158.522000
226258.504000
226358.486000
226458.467000
226558.450000
226658.430000
226758.415000
226858.394000
226958.378000
227058.357000
227158.340000
227258.320000
227358.302000
227458.284000
227558.265000
227658.247000
227758.229000
227858.211000
227958.192000
228058.175000
228158.155000
228258.139000
228358.119000
228458.102000
228558.082000
228658.066000
228758.046000
228858.027000
228958.008000
229057.990000
229157.972000
229257.953000
229357.935000
229457.916000
229557.899000
229657.880000
229757.863000
229857.843000
229957.827000
230057.806000
230157.790000
230257.770000
230357.753000
230457.733000
230557.715000
230657.696000
230757.678000
230857.660000
230957.641000
231057.624000
231157.605000
231257.588000
231357.568000
231457.552000
231557.531000
231657.515000
231757.494000
231857.478000
231957.458000
232057.441000
232157.421000
232257.403000
232357.384000
232457.366000
232557.348000
232657.329000
232757.312000
232857.293000
232957.276000
233057.256000
233157.240000
233257.219000
233357.203000
233457.183000
233557.164000
233657.146000
233757.127000
233857.110000
233957.091000
234057.073000
234157.054000
234257.037000
234357.017000
234457.001000
234556.981000
234656.965000
234756.944000
234856.928000
234956.907000
235956.725000
236056.706000
236156.689000
236256.668000
236356.653000
236456.632000
236556.616000
236656.595000
236756.577000
236856.558000
236956.540000
237056.522000
237156.503000
237256.486000
237356.466000
237456.449000
237556.430000
237656.413000
237756.393000
237856.377000
237956.356000
238056.340000
238156.320000
238256.303000
238356.283000
238456.265000
238556.247000
238656.228000
238756.210000
238856.191000
238956.173000
239056.155000
239156.137000
239256.118000
239356.102000
239456.081000
239556.065000
239656.045000
239756.028000
239856.008000
239955.989000
240255.934000
240355.916000
240455.898000
240555.879000
240655.862000
240755.843000
240855.826000
240955.806000
241055.790000
241155.769000
241255.753000
241355.733000
241455.715000
241555.696000
241655.678000
241755.659000
241855.641000
241955.622000
242055.604000
242155.586000
242255.567000
242355.550000
242455.531000
242555.515000
242655.494000
242755.478000
242855.457000
242955.440000
243055.421000
243155.402000
243255.384000
243355.365000
243455.347000
243555.329000
243655.311000
243755.292000
243855.275000
243955.255000
244055.239000
244155.219000
244255.203000
244355.182000
244455.165000
244555.146000
244655.129000
244755.108000
244855.090000
244955.072000
245055.054000
245155.035000
245255.017000
245354.999000
245454.980000
245554.963000
245654.944000
245754.927000
245854.907000
245954.890000
246054.870000
246154.854000
246254.833000
246354.815000
246454.796000
246554.779000
246654.760000
246754.742000
246854.724000
246954.705000
247054.688000
247154.668000
247254.652000
247354.631000
247454.615000
247554.595000
247654.578000
247754.558000
247854.540000
247954.521000
248054.503000
248154.484000
248254.466000
248354.448000
248454.430000
248554.412000
248654.393000
248754.376000
248854.356000
248954.341000
249054.320000
249154.303000
249254.283000
249354.265000
249454.246000
249554.228000
249654.209000
249754.191000
249854.173000
249954.154000
250054.137000
250154.117000
250254.101000
250354.081000
250454.065000
250554.044000
250654.028000
250754.008000
250853.991000
250953.971000
251053.952000
251153.934000
251253.916000
251353.897000
251453.879000
251553.861000
251653.842000
251753.824000
251853.805000
251953.787000
252053.769000
252153.755000
252253.734000
252353.716000
252453.695000
252553.679000
252653.659000
252753.640000
252853.622000
252953.604000
253053.586000
253153.567000
253253.549000
253353.530000
253453.513000
253553.494000
253653.477000
253753.457000
253853.441000
253953.420000
254053.403000
254153.383000
254253.365000
254353.347000
254453.328000
254553.310000
254653.292000
254753.273000
254853.255000
254953.238000
255053.218000
255153.201000
255253.181000
255353.166000
255453.145000
255553.129000
255653.108000
255753.090000
255853.071000
255953.053000
256053.035000
256153.016000
256252.998000
256352.980000
256452.962000
256552.943000
256652.927000
256752.907000
256852.890000
256952.869000
257152.833000
257252.815000
257352.797000
257452.778000
257552.759000
257652.741000
257752.722000
257852.704000
257952.686000
258052.668000
258152.650000
258252.631000
258352.614000
258452.594000
258552.578000
258652.558000
258752.541000
258852.521000
258952.502000
259052.484000
259152.466000
259252.447000
259352.429000
259452.411000
259552.392000
259652.375000
259752.356000
259852.339000
259952.319000
260052.303000
260152.282000
260252.266000
260352.245000
260452.229000
260552.209000
260652.190000
260752.172000
260852.154000
260952.135000
261052.117000
261152.099000
261252.080000
261352.063000
261452.044000
261552.027000
261652.007000
261751.991000
261851.971000
261951.954000
262051.934000
262151.915000
262251.897000
262351.879000
262451.860000
262551.842000
262651.824000
262751.805000
262851.787000
262951.768000
263051.752000
263151.732000
263251.716000
263351.695000
263451.679000
263551.658000
263651.642000
263751.621000
263851.603000
263951.585000
264051.567000
264151.548000
264251.530000
264351.512000
264451.493000
264551.476000
264651.456000
264751.440000
264851.420000
264951.403000
265051.383000
265151.367000
265251.346000
265351.328000
265451.310000
265551.291000
265651.273000
265751.254000
265851.237000
265951.218000
266051.201000
266151.181000
266251.165000
266351.144000
266451.128000
266551.108000
266651.091000
266751.071000
266851.053000
266951.034000
267051.016000
267150.998000
267250.979000
267350.961000
267450.943000
267550.926000
267650.906000
267750.890000
267850.869000
267950.853000
268050.832000
268150.814000
268250.796000
268350.778000
268450.759000
268550.748000
268650.726000
268750.704000
268850.685000
268950.667000
269050.649000
269150.631000
269250.613000
269350.594000
269450.577000
269550.557000
269650.541000
269750.520000
269850.504000
269950.484000
270050.466000
270150.447000
270250.429000
270350.410000
270450.392000
270550.374000
270650.355000
270750.338000
270850.318000
270950.301000
271050.282000
271150.266000
271250.245000
271350.229000
271450.208000
271550.192000
271650.172000
271750.153000
271850.135000
271950.117000
272050.098000
272150.080000
272250.062000
272350.043000
272450.026000
272550.007000
272649.990000
272749.970000
272849.954000
272949.933000
273049.917000
273149.896000
273249.878000
273349.860000
273449.841000
273549.823000
273649.805000
273749.786000
273849.768000
273949.751000
274049.731000
274149.714000
274249.695000
274349.678000
274449.658000
274549.642000
274649.621000
274749.605000
274849.585000
274949.566000
275049.548000
275149.529000
275249.511000
275349.493000
275449.475000
275549.456000
275649.439000
275749.419000
275849.403000
275949.382000
276049.367000
276149.346000
276249.330000
276349.309000
276449.291000
276549.273000
276649.254000
276749.236000
276849.217000
276949.199000
277049.181000
277149.163000
277249.144000
277349.127000
277449.107000
277549.091000
277649.071000
277749.054000
277849.034000
277949.018000
278048.998000
278148.979000
278248.961000
278348.942000
278448.924000
278548.905000
278648.888000
278748.869000
278848.851000
278948.832000
279048.816000
279148.795000
279248.779000
279348.758000
279448.743000
279548.722000
279648.704000
279748.685000
279848.667000
279948.648000
280048.630000
280148.612000
280248.594000
280348.576000
280448.557000
280548.540000
280648.520000
280748.504000
280848.483000
280948.467000
281048.447000
281148.428000
281248.410000
281348.392000
281448.374000
281548.355000
281648.336000
281748.318000
281848.301000
281948.282000
282048.265000
282148.245000
282248.230000
282348.208000
282448.193000
282548.172000
282648.154000
282748.135000
282848.116000
282948.098000
283048.079000
283148.062000
283248.043000
283348.026000
283448.006000
283547.989000
283647.969000
283747.954000
283847.933000
283947.917000
284047.896000
284147.880000
284247.859000
284347.841000
284447.823000
284547.804000
284647.787000
284747.767000
284847.749000
284947.739000
285047.713000
285147.694000
285247.677000
285347.657000
285447.642000
285547.621000
285647.605000
285747.584000
285847.567000
285947.547000
286047.529000
286147.511000
286247.492000
286347.474000
286447.456000
286547.438000
286647.419000
286747.401000
286847.382000
286947.366000
287047.346000
287147.329000
287247.309000
287347.292000
287447.272000
287547.254000
287647.236000
287747.217000
287847.199000
287947.180000
288047.162000
288147.144000
288247.126000
288347.107000
288447.090000
288547.070000
288647.054000
288747.034000
288847.017000
288946.997000
289046.980000
289146.960000
289246.942000
289346.923000
289446.905000
289546.887000
289646.868000
289746.850000
289846.832000
289946.814000
290046.795000
290146.778000
290246.758000
290346.742000
290446.722000
290546.705000
290646.685000
290746.666000
290846.648000
290946.630000
291046.612000
291146.593000
291246.575000
291346.556000
291446.539000
291546.520000
291646.503000
291746.483000
291846.467000
291946.446000
292046.430000
292146.409000
292246.392000
292346.373000
292446.355000
292546.336000
292646.318000
292746.299000
292846.281000
292946.263000
293046.244000
293146.227000
293246.208000
293346.191000
293446.171000
293546.155000
293646.134000
293746.118000
293846.097000
293946.079000
294046.061000
294146.042000
294246.024000
294346.006000
294445.988000
294545.969000
294645.952000
294745.932000
294845.916000
294945.896000
295045.879000
295145.859000
295245.844000
295345.822000
295445.805000
295545.786000
295645.767000
295745.749000
295845.731000
295945.712000
296045.694000
296145.676000
296245.657000
296345.640000
296445.621000
296545.604000
296645.584000
296745.567000
296845.547000
296945.530000
297045.510000
297145.492000
297245.474000
297345.455000
297445.437000
297545.419000
297645.400000
297745.382000
297845.364000
297945.345000
298045.329000
298145.308000
298245.292000
298345.272000
298445.256000
298545.235000
298645.217000
298845.180000
298945.162000
299045.143000
299145.125000
299245.106000
299345.089000
299445.070000
299545.054000
