49.982000
99.963000
149.944000
199.926000
249.908000
299.890000
349.871000
399.854000
449.833000
499.816000
549.796000
599.779000
649.759000
699.740000
749.722000
799.703000
849.684000
899.666000
949.649000
999.628000
1049.612000
1099.592000
1149.575000
1199.555000
1249.537000
1299.518000
1349.499000
1399.480000
1449.462000
1499.443000
1549.425000
1599.407000
1649.387000
1699.371000
1749.350000
1799.333000
1849.313000
1899.295000
1949.276000
1999.258000
2049.239000
2099.220000
2149.201000
2199.183000
2249.166000
2299.146000
2349.129000
2399.109000
2449.092000
2499.071000
2549.054000
2599.034000
2649.016000
2698.997000
2748.978000
2798.960000
2848.941000
2898.923000
2948.904000
2998.888000
3048.867000
3098.850000
3148.830000
3198.812000
3248.793000
3298.775000
3348.756000
3398.737000
3448.718000
3498.700000
3548.682000
3598.663000
3648.646000
3698.626000
3748.609000
3798.588000
3848.571000
3898.551000
3948.533000
3998.514000
4048.496000
4098.477000
4148.459000
4198.440000
4248.421000
4298.405000
4348.384000
4398.368000
4448.347000
4498.330000
4548.310000
4598.291000
4648.273000
4698.254000
4748.235000
4798.217000
4848.198000
4898.180000
4948.163000
4998.142000
5048.126000
5098.105000
5148.088000
5198.068000
5248.050000
5298.031000
5348.012000
5397.994000
5447.976000
5497.957000
5547.938000
5597.922000
5647.901000
5697.885000
5747.864000
5797.847000
5847.827000
5897.809000
5947.789000
5997.771000
6047.752000
6097.734000
6147.715000
6197.697000
6247.680000
6297.659000
6347.644000
6397.622000
6447.605000
6497.585000
6547.568000
6597.548000
6647.530000
6697.511000
6747.493000
6797.473000
6847.455000
6897.438000
6947.418000
6997.402000
7047.381000
7097.364000
7147.343000
7197.326000
7247.306000
7297.288000
7347.269000
7397.251000
7447.232000
7497.214000
7547.198000
7597.177000
7647.160000
7697.139000
7797.102000
7897.065000
7997.028000
8047.010000
8146.972000
8246.934000
8296.916000
8396.879000
8496.842000
8596.804000
8696.772000
8746.749000
8846.713000
8946.677000
9046.639000
9096.619000
9196.581000
9296.545000
9396.507000
9446.488000
9546.452000
9646.415000
9746.377000
9846.340000
9896.321000
9996.284000
10096.247000
10196.210000
10296.173000
10396.135000
10496.098000
10596.061000
10696.024000
10746.005000
10845.968000
10945.931000
11045.894000
11145.857000
11245.819000
11345.782000
11395.763000
11495.726000
11595.689000
11695.653000
11795.615000
11895.578000
11945.559000
12045.522000
12145.485000
12245.447000
12345.411000
12445.373000
12545.336000
12595.317000
12695.280000
12795.243000
12895.206000
12945.189000
13045.152000
13145.114000
13245.076000
13295.057000
13395.020000
13494.983000
13544.964000
13644.927000
13744.890000
13794.873000
13894.835000
13994.797000
14044.778000
14144.741000
14244.706000
14344.669000
14394.648000
14494.612000
14594.573000
14644.555000
14744.518000
14844.481000
14944.444000
15044.406000
15094.390000
15194.352000
15294.314000
15344.295000
15444.258000
15544.221000
15594.202000
15694.165000
15794.127000
15844.110000
15944.072000
16044.034000
16094.016000
16193.978000
16293.943000
16393.906000
16443.885000
16543.849000
16643.811000
16693.793000
16793.756000
16893.718000
16943.701000
17043.665000
17143.627000
17193.607000
17293.570000
17393.532000
17443.514000
17543.477000
17643.439000
17693.423000
17793.386000
17893.347000
17993.309000
18043.291000
18143.253000
18243.216000
18293.198000
18393.160000
18493.123000
18543.106000
18643.068000
18743.030000
18793.012000
18892.975000
18992.939000
19042.919000
19142.881000
19242.844000
19292.827000
19392.788000
19492.751000
19592.714000
19642.697000
19742.661000
19842.623000
19892.603000
19992.565000
20092.528000
20192.491000
20242.473000
20342.436000
20442.398000
20492.382000
20592.345000
20692.306000
20742.286000
20842.250000
20942.212000
20992.193000
21092.156000
21192.119000
21242.102000
21342.064000
21442.026000
21492.007000
21591.970000
21691.934000
21791.898000
21841.877000
21941.840000
22041.803000
22091.784000
22191.747000
22291.710000
22341.691000
22441.659000
22541.619000
22591.598000
22691.561000
22791.524000
22891.487000
22991.449000
23091.415000
23141.394000
23241.356000
23341.320000
23441.282000
23541.245000
23591.226000
23691.189000
23791.152000
23891.114000
23991.077000
24041.061000
24141.022000
24240.984000
24340.947000
24440.910000
24540.873000
24590.856000
24690.818000
24790.782000
24890.742000
24990.705000
26640.094000
26790.036000
26889.999000
26989.961000
27039.943000
27139.906000
27239.868000
27289.852000
27389.814000
27489.776000
27539.757000
27639.719000
27739.682000
27839.647000
27889.626000
27989.589000
28089.552000
28139.534000
28239.497000
28339.459000
28389.441000
28489.403000
28589.370000
28689.331000
28789.293000
28839.273000
28939.236000
29039.199000
29089.180000
29189.143000
29289.106000
29389.068000
29439.052000
29539.014000
29638.975000
29738.939000
29788.920000
29888.883000
29988.847000
30038.827000
30138.789000
30238.752000
30338.715000
30388.696000
30488.659000
30588.622000
30688.585000
30738.568000
30838.530000
30938.493000
30988.473000
31088.436000
31188.399000
31288.363000
31338.343000
31438.306000
31538.269000
31638.231000
31688.213000
31788.176000
31888.139000
31988.101000
32038.085000
32138.047000
32238.009000
32337.971000
32387.952000
32487.915000
32587.880000
32687.843000
32737.822000
32837.785000
32937.748000
33037.711000
33087.692000
33187.655000
33287.618000
33387.581000
33437.564000
33537.528000
33637.489000
33737.451000
33787.432000
33887.398000
33987.359000
34087.322000
34137.301000
34237.264000
34337.227000
34387.209000
34487.171000
34587.135000
34687.097000
34737.080000
34837.044000
34937.006000
34986.985000
35086.948000
35186.911000
35286.874000
35386.838000
35436.818000
35536.781000
35636.743000
35736.706000
35786.688000
35886.650000
35986.613000
36086.576000
36186.539000
36236.520000
36336.483000
36436.446000
36536.409000
36636.371000
36736.334000
36836.297000
36886.280000
36986.243000
37086.206000
37186.167000
37286.130000
37386.092000
37436.073000
37536.038000
37636.002000
37735.963000
37835.925000
37935.887000
37985.869000
38085.833000
38185.797000
38285.759000
38335.739000
38435.701000
38535.664000
38585.646000
38685.608000
38785.571000
38885.534000
38935.517000
39035.481000
39135.442000
39185.422000
39285.386000
39385.348000
39435.329000
39535.292000
39635.255000
39685.238000
39785.200000
39885.162000
39985.125000
40035.106000
40135.069000
40235.033000
40285.014000
40384.976000
40484.939000
40584.901000
40634.883000
40734.846000
40834.809000
40934.771000
40984.754000
41084.717000
41184.679000
41284.641000
41334.622000
41434.586000
41534.548000
41584.529000
41684.493000
41784.455000
41884.418000
41934.400000
42034.362000
42134.325000
42184.306000
42284.272000
42384.234000
42484.197000
42534.176000
42634.138000
42734.101000
42784.083000
42884.046000
42984.008000
43033.992000
43133.955000
43233.917000
43333.879000
43383.860000
43483.822000
43583.785000
43633.766000
43733.730000
43833.692000
43883.675000
43983.638000
44083.599000
44183.562000
44233.543000
44333.508000
44433.471000
44483.450000
44583.413000
44683.376000
44733.358000
44833.320000
44933.283000
45033.245000
45133.208000
45183.191000
45283.155000
45383.116000
45433.096000
45533.060000
45633.022000
45732.986000
45782.967000
45882.929000
45982.892000
46032.875000
46132.837000
46232.799000
46332.762000
46382.743000
46482.708000
46582.671000
46632.650000
46732.613000
46832.576000
46882.557000
46982.520000
47082.483000
47182.445000
47232.429000
47332.392000
47432.354000
47482.334000
47582.298000
47682.259000
47732.241000
47832.204000
47932.166000
48032.129000
48082.113000
48182.075000
48282.037000
48381.999000
48431.980000
48531.944000
48631.908000
48731.872000
48831.833000
48881.813000
48981.776000
49081.738000
49181.701000
49281.666000
49381.629000
49481.591000
49531.571000
49631.534000
49731.496000
49831.459000
49931.422000
50031.385000
50081.366000
50181.329000
50331.273000
50381.254000
50481.224000
50581.180000
50681.144000
50781.108000
50831.087000
50931.050000
51031.013000
51130.975000
51180.957000
51280.920000
51380.882000
51430.866000
51530.829000
51630.790000
51730.752000
51780.734000
51880.696000
51980.659000
52030.641000
52130.603000
52230.566000
52330.529000
52380.511000
52480.473000
52580.436000
52630.417000
52730.381000
52830.345000
52930.307000
52980.287000
53080.250000
53180.212000
53230.194000
53330.156000
53430.119000
53480.102000
53580.065000
53680.028000
53779.990000
53829.971000
53929.933000
54029.896000
54079.878000
54179.840000
54279.803000
54329.786000
54429.748000
54529.710000
54629.673000
54679.654000
54779.618000
54879.582000
54929.561000
55029.524000
55129.487000
55229.449000
55279.431000
55379.393000
55479.356000
55579.319000
55629.303000
55729.266000
55829.227000
55879.207000
55979.171000
56079.133000
56129.114000
56229.077000
56329.040000
56429.003000
56478.986000
56578.947000
56678.909000
56728.891000
56828.854000
56928.818000
57028.782000
57078.761000
57178.724000
57278.686000
57328.668000
57428.631000
57528.593000
57578.574000
57678.539000
57778.502000
57878.464000
57928.444000
58028.407000
58128.370000
58178.351000
58278.314000
58378.277000
58428.260000
58528.223000
58628.184000
58728.147000
58778.128000
58878.091000
58978.053000
59028.035000
59127.997000
59227.960000
59277.943000
59377.905000
59477.868000
59577.830000
59627.811000
59727.777000
59827.739000
59877.718000
59977.681000
60077.644000
60177.607000
60227.588000
60327.551000
60427.514000
60527.477000
60577.460000
60677.422000
60777.384000
60827.365000
60927.328000
61027.290000
61527.105000
61577.086000
61627.067000
61677.049000
61727.030000
61777.011000
61826.993000
61876.975000
61926.955000
61976.939000
62026.919000
62126.881000
62226.844000
62326.806000
62376.788000
62526.733000
62576.713000
62676.676000
62776.639000
62876.601000
62976.565000
63076.528000
63176.490000
63226.471000
63326.434000
63426.397000
63526.360000
63626.322000
63726.285000
63776.267000
63876.229000
63976.192000
64076.155000
64126.138000
64226.100000
64326.062000
64376.043000
64476.006000
64575.969000
64625.950000
64725.913000
64825.876000
64875.859000
64975.821000
65075.783000
65175.745000
65225.727000
65325.691000
65425.655000
65525.618000
65625.579000
65675.559000
65775.522000
65875.485000
65925.466000
66025.430000
66125.392000
66175.375000
66275.338000
66375.299000
66475.262000
66525.243000
66625.206000
66725.170000
66775.150000
66875.113000
66975.075000
67025.058000
67125.020000
67224.982000
67274.964000
67374.928000
67474.890000
67524.871000
67624.834000
67724.796000
67774.779000
67874.740000
67974.703000
68074.666000
68124.647000
68224.612000
68324.575000
68374.554000
68474.517000
68574.480000
68624.461000
68724.424000
68824.386000
68874.369000
68974.333000
69074.295000
69174.257000
69224.237000
69324.200000
69424.163000
69474.144000
69574.107000
69674.070000
69724.054000
69824.015000
69923.978000
70023.940000
70073.921000
70173.884000
70273.848000
70323.828000
70423.791000
70523.754000
70573.736000
70673.700000
70773.661000
70823.642000
70923.604000
71023.570000
71123.532000
71173.511000
71273.475000
71373.437000
71423.418000
71523.414000
71623.344000
71673.326000
71773.291000
71873.253000
71923.232000
72023.195000
72123.158000
72223.121000
72273.102000
72373.065000
72473.027000
72523.011000
72622.974000
72722.935000
72772.916000
72872.927000
72972.842000
73022.823000
73122.787000
73222.748000
73272.732000
73372.695000
73472.656000
73522.637000
73622.599000
73722.562000
73772.544000
73872.506000
73972.469000
74072.432000
74172.395000
74222.376000
74322.339000
74422.301000
74522.264000
74622.227000
74722.190000
74772.173000
74872.135000
74972.097000
75072.060000
75172.022000
75222.005000
75321.968000
75421.932000
75521.894000
75621.856000
75721.818000
75821.781000
75871.762000
75971.726000
76071.690000
76171.652000
76221.631000
76321.594000
76421.557000
76521.520000
76621.482000
76671.464000
76771.427000
76871.389000
76921.372000
77021.336000
77121.296000
77171.277000
77271.241000
77371.203000
77471.166000
77521.148000
77621.110000
77721.073000
77771.054000
77871.017000
77970.979000
78120.926000
78170.905000
78270.868000
78370.831000
78470.793000
78520.775000
78620.739000
78720.701000
78770.683000
78870.647000
78970.609000
79070.571000
79120.551000
79220.514000
79320.477000
79370.458000
79470.422000
79570.384000
79670.347000
79720.330000
79820.292000
79920.254000
79970.235000
80070.198000
80170.160000
80270.125000
80320.104000
80420.067000
80520.030000
80570.012000
80669.975000
80769.937000
80819.918000
80919.884000
81019.846000
81069.825000
81169.788000
81269.752000
81369.714000
81419.695000
81519.658000
81619.621000
81719.583000
81769.567000
81869.530000
81969.491000
82019.472000
82119.434000
82219.397000
82269.379000
82369.341000
82469.304000
82569.267000
82619.249000
82719.212000
82819.174000
82869.155000
82969.118000
83069.082000
83119.062000
83219.025000
83318.987000
83368.970000
83468.932000
83568.894000
83668.857000
83718.838000
83818.803000
83918.766000
83968.745000
84068.708000
84168.671000
84218.652000
84318.615000
84418.578000
84468.561000
84568.525000
84668.487000
84718.466000
84818.429000
84918.392000
85018.354000
85068.336000
85168.298000
85268.261000
85318.245000
85418.207000
85518.169000
85568.150000
85668.112000
85768.075000
85868.039000
85918.019000
86017.982000
86117.945000
86167.928000
86267.890000
86367.852000
86417.833000
86517.796000
86617.760000
86667.740000
86767.703000
86867.665000
86967.628000
87067.591000
87117.572000
87217.535000
87317.498000
87417.461000
87517.423000
87567.406000
87667.368000
87767.330000
87867.293000
87967.256000
88067.219000
88117.202000
88217.165000
88317.127000
88417.090000
88467.069000
88567.032000
88666.995000
88766.960000
88866.923000
88966.886000
89016.865000
89116.828000
89216.790000
89316.753000
89366.735000
89466.697000
89566.660000
89616.643000
89716.607000
89816.569000
89866.548000
89966.511000
90066.474000
90116.456000
90216.418000
90316.381000
90416.344000
90466.326000
90566.289000
90666.251000
90716.231000
90816.194000
90916.159000
90966.138000
91066.101000
91166.064000
91216.045000
91316.008000
91415.971000
91515.934000
91565.915000
91665.879000
91765.843000
91815.822000
91915.785000
92015.748000
92065.729000
92165.692000
92265.654000
92315.636000
92415.601000
92515.564000
92615.525000
92665.505000
92765.548000
92865.431000
92915.412000
93015.376000
93115.338000
93165.321000
93265.284000
93365.246000
93415.226000
93515.189000
93615.152000
93715.114000
93765.096000
93865.058000
93965.021000
94015.004000
94114.966000
94214.928000
94264.909000
94364.872000
94464.837000
94514.817000
94614.779000
94714.742000
94764.725000
94864.686000
94964.649000
95064.612000
95114.593000
95214.557000
95314.521000
95364.500000
95464.462000
95564.425000
95614.407000
95714.369000
95814.333000
95914.295000
95964.278000
96064.241000
96164.203000
96214.183000
96314.146000
96414.109000
96464.090000
96564.053000
96664.016000
96713.999000
96813.963000
96913.924000
96963.904000
97063.867000
97163.829000
97263.792000
97313.773000
97413.736000
97513.699000
97563.682000
97663.645000
97763.606000
97813.587000
97913.550000
98013.515000
98063.494000
98163.457000
98263.420000
98313.403000
98413.364000
98513.327000
98563.308000
98663.271000
98763.235000
98863.198000
98963.161000
99013.141000
99113.103000
99213.066000
99263.047000
99363.010000
99462.973000
99562.936000
99612.919000
99712.882000
99812.843000
99912.805000
100012.768000
100062.749000
100162.712000
100262.677000
100362.640000
100462.602000
100562.564000
100612.544000
100712.507000
100812.470000
100912.434000
101012.398000
101112.360000
101162.340000
101262.304000
101362.265000
101462.228000
101562.190000
101612.172000
101712.135000
101812.097000
101912.060000
102012.023000
102062.004000
102161.967000
102211.948000
102311.911000
102411.876000
102511.839000
102561.818000
102661.781000
102761.743000
102811.725000
102911.688000
103011.651000
103061.632000
103161.597000
103261.560000
103311.539000
103411.501000
103511.465000
103561.446000
103661.408000
103761.372000
103811.354000
103911.317000
104011.281000
104061.259000
104161.222000
104261.185000
104361.147000
104411.129000
104511.092000
104611.055000
104661.038000
104761.003000
104860.962000
104910.943000
105010.906000
105110.868000
105210.831000
105260.813000
105360.775000
105460.738000
105560.701000
105610.683000
105710.645000
105810.607000
105860.589000
105960.552000
106060.516000
106110.496000
106210.459000
106310.421000
106360.403000
106460.365000
106560.328000
106660.291000
106710.273000
106810.238000
106910.199000
106960.179000
107060.142000
107160.104000
107260.067000
107310.048000
107410.011000
107509.974000
107559.958000
107659.920000
107759.882000
107809.862000
107909.825000
108009.788000
108109.751000
108159.732000
108259.695000
108359.657000
108409.640000
108509.602000
108609.564000
108709.527000
108759.509000
108859.472000
108959.436000
109059.399000
109109.378000
109209.341000
109309.304000
109359.285000
109459.248000
109559.211000
109609.194000
109709.157000
109809.119000
109859.099000
109959.061000
110059.024000
110109.006000
110208.968000
110308.931000
110408.894000
110508.857000
110558.839000
110658.802000
110758.764000
110808.745000
110908.708000
111008.672000
111058.652000
111158.615000
111258.577000
111308.560000
111408.522000
111508.484000
111608.447000
111658.428000
111758.394000
111858.356000
111908.335000
112008.299000
112108.261000
112158.242000
112258.205000
112358.167000
112458.130000
112508.114000
112608.077000
112708.039000
112808.001000
112907.963000
113007.925000
113057.907000
113157.871000
113257.835000
113357.797000
113457.759000
113507.740000
113607.702000
113707.665000
113807.628000
113907.592000
113957.571000
114057.534000
114157.497000
114257.460000
114357.422000
114407.404000
114507.368000
114607.329000
114707.292000
114807.255000
114857.238000
114957.201000
115057.162000
115107.143000
115207.106000
115307.071000
115407.033000
115457.013000
115556.975000
115656.938000
115706.920000
115806.882000
115906.845000
116006.808000
116056.789000
116156.754000
116206.733000
116306.696000
116406.659000
116506.622000
116606.584000
116656.566000
116756.529000
116856.491000
116906.475000
117006.441000
117106.400000
117156.379000
117256.342000
117356.305000
117456.268000
117506.250000
117606.212000
117706.174000
117806.137000
117856.119000
117956.082000
118056.045000
118106.025000
118205.988000
118305.953000
118405.916000
118455.895000
118555.858000
118655.821000
118755.783000
118805.765000
118905.728000
119005.690000
119055.671000
119155.634000
119255.597000
119305.579000
119405.541000
119505.504000
119555.485000
119655.449000
119755.411000
119855.373000
119905.357000
120005.319000
120105.281000
120155.262000
120255.310000
120355.187000
120405.168000
120505.132000
120605.094000
120655.077000
120755.040000
120855.001000
120904.982000
121004.945000
121104.908000
121204.872000
121254.852000
121354.815000
121454.777000
121554.740000
121604.721000
121704.684000
121804.647000
121854.631000
121954.593000
122054.556000
122104.535000
122204.498000
122304.461000
122404.424000
122454.405000
122554.368000
122654.331000
122704.314000
122804.277000
122904.238000
122954.219000
123054.181000
123154.144000
123204.125000
123304.089000
123404.051000
123454.034000
123553.997000
123653.959000
123753.921000
123803.902000
123903.865000
124003.829000
124053.809000
124153.772000
124253.735000
124303.718000
124403.680000
124503.641000
124553.622000
124653.585000
124753.550000
124803.529000
124903.492000
125003.455000
125103.418000
125153.399000
125253.362000
125353.325000
125453.287000
125553.250000
125603.233000
125703.196000
125803.158000
125903.120000
126003.082000
126053.064000
126153.027000
126252.992000
126352.954000
126452.917000
126502.896000
126602.859000
126702.822000
126802.784000
126902.747000
127002.712000
127052.691000
127152.654000
127252.618000
127352.579000
127452.542000
127502.524000
127602.486000
127702.449000
127802.412000
127852.395000
127952.357000
128052.319000
128102.300000
128202.262000
128302.225000
128402.189000
128452.169000
128552.132000
128652.095000
128702.077000
128802.040000
128902.002000
128951.983000
129051.949000
129151.910000
129201.890000
129301.853000
129401.816000
129451.798000
129551.760000
129651.722000
129701.704000
129801.666000
129901.632000
130001.594000
130051.573000
130151.536000
130251.499000
130301.480000
130401.444000
130501.406000
130551.389000
130651.353000
130751.316000
130801.294000
130901.256000
131001.220000
131101.182000
131151.164000
131251.127000
131351.089000
131401.072000
131501.036000
131600.997000
131650.977000
131750.940000
131850.903000
131950.865000
132000.847000
132100.810000
132200.772000
132250.757000
132350.717000
132450.679000
132550.642000
132600.623000
132700.586000
132800.549000
132850.530000
132950.493000
133050.463000
133100.437000
133200.400000
133300.363000
133400.325000
133450.306000
133550.272000
133650.234000
133700.213000
133800.177000
133900.139000
133950.120000
134050.083000
134150.046000
134250.008000
134299.992000
134399.955000
134499.916000
134549.897000
134649.861000
134749.823000
134799.803000
134899.766000
134999.729000
135099.692000
135149.675000
135249.638000
135349.599000
135449.561000
135499.543000
135599.505000
135699.471000
135799.433000
135849.413000
135949.375000
136049.338000
136099.320000
136199.282000
136299.245000
136399.207000
136449.190000
136549.154000
136649.116000
136699.096000
136799.058000
136899.021000
136998.984000
137048.965000
137148.928000
137248.891000
137298.874000
137398.836000
137498.798000
137548.779000
137648.742000
137748.705000
137848.668000
137948.632000
137998.611000
138098.574000
138198.537000
138298.499000
138398.462000
138448.443000
138548.406000
138648.369000
138748.332000
138848.295000
138948.257000
138998.239000
139098.201000
139198.164000
139298.127000
139398.090000
139498.052000
139548.035000
139647.998000
139747.959000
139847.922000
139947.885000
140047.848000
140097.830000
140197.794000
140297.756000
140397.718000
140497.680000
140597.643000
140697.605000
140747.587000
140847.552000
140947.514000
140997.494000
141097.456000
141197.419000
141247.400000
141347.363000
141447.326000
141547.288000
141597.272000
141697.235000
141797.196000
141847.177000
141947.140000
142047.102000
142097.083000
142197.046000
142297.009000
142396.972000
142496.935000
142596.897000
142646.879000
142746.842000
142846.804000
142946.767000
142996.750000
143096.714000
143196.675000
143246.655000
143346.618000
143446.581000
143496.562000
143596.525000
143696.488000
143746.471000
143846.433000
143946.397000
144046.358000
144096.338000
144196.301000
144296.264000
144346.246000
144446.208000
144546.171000
144646.133000
144696.116000
144796.079000
144896.040000
144946.022000
145045.984000
145145.948000
145195.928000
145295.891000
145395.854000
145495.817000
145545.799000
145645.761000
145745.724000
145795.705000
145895.670000
145995.633000
146045.612000
146145.575000
146245.537000
146295.519000
146395.482000
146495.444000
146545.425000
146645.388000
146745.351000
146845.314000
146895.295000
146995.258000
147095.220000
147145.202000
147245.165000
147345.127000
147395.110000
147495.075000
147595.036000
147645.015000
147744.978000
147844.941000
147944.904000
147994.885000
148094.848000
148194.810000
148244.795000
148344.756000
148444.718000
148494.699000
148594.661000
148694.624000
148744.606000
148844.568000
148944.531000
148994.515000
149094.476000
149194.439000
149294.401000
149344.382000
149444.345000
149544.309000
149594.289000
149694.252000
149794.214000
149844.197000
149944.160000
150044.121000
150094.102000
150194.069000
150294.030000
150344.009000
150443.972000
150543.935000
150643.898000
150743.861000
150793.842000
150893.804000
150993.767000
151093.730000
151193.693000
151243.676000
151343.637000
151443.599000
151543.562000
151643.525000
151743.488000
151793.471000
151893.434000
151993.398000
152093.358000
152193.320000
152243.302000
152343.264000
152443.228000
152543.192000
152643.154000
152743.117000
152843.078000
152893.059000
152993.022000
153092.985000
153192.948000
153292.913000
153342.892000
153442.854000
153542.817000
153592.798000
153692.761000
153792.724000
153892.687000
153942.670000
154042.633000
154142.595000
154192.575000
154292.538000
154392.500000
154442.481000
154542.444000
154642.407000
154742.370000
154792.353000
154892.316000
154992.278000
155042.258000
155142.221000
155242.184000
155292.165000
155392.128000
156191.832000
156291.795000
156441.736000
156491.718000
156591.681000
156691.643000
156741.625000
156841.589000
156941.552000
157041.515000
157091.494000
157191.457000
157291.420000
157341.401000
157441.364000
157541.326000
157591.310000
157691.273000
157791.235000
157841.215000
157941.177000
158041.140000
158091.122000
158191.084000
158291.047000
158341.030000
158440.993000
158540.956000
158640.918000
158690.898000
158790.861000
158890.824000
158940.805000
159040.768000
159140.730000
159190.714000
159290.678000
159390.638000
159440.618000
159540.581000
159640.544000
159690.525000
159790.488000
159890.451000
159940.434000
160040.396000
160140.358000
160240.320000
160290.301000
160390.264000
160490.227000
160540.208000
160640.172000
160740.134000
160790.117000
160890.079000
160990.041000
161040.022000
161139.985000
161239.950000
161339.913000
161389.892000
161489.855000
161589.817000
161639.799000
161739.761000
161839.724000
161939.687000
161989.670000
162089.633000
162189.595000
162239.575000
162339.538000
162439.501000
162489.482000
162589.445000
162689.407000
162739.391000
162839.353000
162939.316000
162989.296000
163089.258000
163189.221000
163289.184000
163339.165000
163439.129000
163539.091000
163639.053000
163739.016000
163788.998000
163888.960000
163988.924000
164088.886000
164188.848000
164288.811000
164338.795000
164438.758000
164538.719000
164638.681000
164738.644000
164788.625000
164888.589000
164988.553000
165088.515000
165138.494000
165288.439000
165338.420000
165438.382000
165538.345000
165638.311000
165738.273000
165838.235000
165888.215000
165988.178000
166088.140000
166188.103000
166238.085000
166338.047000
166438.010000
166537.973000
166587.956000
166687.918000
166787.880000
166837.861000
166937.823000
167037.786000
167087.767000
167187.730000
167287.693000
167387.656000
167437.638000
167537.600000
167637.563000
167687.544000
167787.509000
167887.472000
167937.451000
168037.415000
168137.376000
168187.358000
168287.320000
168387.283000
168487.246000
168537.229000
168637.192000
168737.155000
168787.134000
168887.097000
168987.060000
169037.041000
169137.004000
169236.966000
169336.929000
169386.913000
169486.876000
169586.837000
169636.817000
169736.780000
169836.743000
169886.724000
169986.687000
170086.650000
170136.633000
170236.596000
170336.558000
170436.519000
170486.501000
170586.463000
170686.428000
170786.391000
170836.370000
170936.333000
171036.296000
171086.278000
171186.240000
171286.202000
171386.165000
171436.147000
171536.112000
171636.074000
171686.053000
171786.017000
171885.979000
171935.960000
172035.923000
172135.886000
172235.849000
172285.832000
172385.795000
172485.757000
172535.737000
172635.699000
172735.662000
172835.625000
172885.606000
172985.569000
173085.532000
173135.516000
173235.478000
173335.440000
173385.420000
173485.383000
173585.346000
173635.327000
173735.290000
173835.252000
173935.215000
173985.198000
174085.159000
174185.122000
174285.085000
174335.066000
174435.029000
174534.991000
174584.973000
174684.935000
174784.898000
174884.861000
174934.842000
175034.805000
175134.768000
175184.751000
175284.714000
175384.676000
175434.656000
175534.619000
175634.581000
175734.544000
175834.507000
175884.488000
175984.451000
176084.414000
176184.377000
176234.359000
176334.322000
176434.283000
176534.246000
176584.227000
176684.192000
176784.155000
176884.117000
176984.079000
177084.041000
177134.022000
177233.985000
177333.950000
177433.913000
177533.876000
177583.855000
177683.817000
177783.780000
177883.743000
177983.706000
178033.687000
178133.650000
178233.613000
178333.575000
178383.558000
178483.520000
178583.482000
178683.445000
178783.407000
178883.370000
178933.353000
179033.316000
179133.278000
179233.240000
179283.221000
179383.184000
179483.149000
179533.128000
179633.185000
179733.054000
179783.037000
179882.998000
179982.961000
180032.942000
180132.904000
180232.868000
180332.831000
180382.811000
180482.774000
180582.737000
180632.719000
180732.681000
180832.643000
180932.606000
180982.591000
181082.553000
181182.515000
181232.495000
181332.457000
181432.420000
181532.383000
181582.364000
181682.327000
181782.289000
181832.273000
181932.241000
182032.198000
182082.178000
182182.141000
182282.103000
182332.084000
182432.047000
182532.010000
182581.993000
182681.956000
182781.918000
182881.880000
182931.861000
183031.824000
183131.786000
183181.768000
183281.731000
183381.693000
183431.676000
183531.639000
183631.600000
183681.582000
183781.544000
183881.507000
183981.472000
184031.451000
184131.414000
184231.377000
184281.359000
184381.321000
184481.283000
184581.246000
184631.227000
184731.193000
184831.155000
184881.134000
184981.097000
185081.060000
185181.023000
185231.004000
185330.967000
185430.929000
185480.912000
185580.875000
185680.839000
185780.800000
185830.780000
185930.744000
186030.706000
186080.687000
186180.650000
186280.613000
186380.575000
186430.558000
186530.520000
186630.483000
186730.445000
186780.426000
186880.392000
186980.354000
187030.333000
187130.295000
187230.258000
187330.221000
187380.203000
187480.167000
187580.128000
187630.111000
187730.074000
187830.037000
187929.999000
187979.979000
188079.942000
188179.905000
188229.886000
188329.848000
188429.811000
188529.774000
188579.757000
188679.719000
188779.681000
188829.662000
188929.625000
189029.589000
189129.552000
189179.532000
189279.494000
189379.457000
189479.420000
189579.383000
189629.364000
189729.327000
189829.290000
189929.253000
190029.215000
190079.198000
190179.160000
190279.122000
190379.084000
190479.047000
190529.028000
190628.993000
190728.956000
190828.918000
190928.881000
191028.842000
191128.805000
191228.768000
191278.750000
191378.714000
191478.677000
191578.639000
191678.601000
191728.582000
191828.544000
191928.507000
192028.472000
192078.451000
192178.414000
192278.376000
192328.359000
192428.321000
192528.283000
192628.246000
192678.227000
192778.191000
192878.155000
192928.134000
193028.097000
193128.060000
193228.022000
193278.004000
193377.966000
193477.929000
193527.911000
193627.875000
193727.838000
193827.800000
193877.780000
193977.743000
194077.705000
194127.687000
194227.650000
194327.612000
194427.575000
194477.558000
194577.520000
194677.482000
194727.464000
194827.426000
194927.389000
194977.370000
195077.333000
195177.296000
195277.258000
195327.240000
195427.202000
195527.165000
195627.128000
195677.109000
195777.074000
195877.037000
195976.999000
196026.979000
196126.942000
196226.904000
196276.885000
196376.848000
196476.811000
196526.795000
196626.758000
196726.719000
196776.699000
196876.662000
196976.626000
197076.587000
197126.569000
197226.532000
197326.494000
197376.478000
197476.440000
197576.402000
197626.383000
197726.345000
197826.308000
197926.272000
197976.253000
198076.215000
198176.177000
198226.161000
198326.123000
198426.084000
198526.047000
198576.028000
198675.992000
198775.956000
198825.935000
198925.898000
199025.861000
199075.842000
199175.805000
199275.768000
199375.730000
199425.713000
199525.677000
199625.639000
199675.618000
199775.581000
199875.544000
199975.507000
200025.488000
200125.451000
200225.414000
200275.397000
200375.360000
200475.322000
200575.284000
200625.264000
200725.227000
200825.190000
200925.154000
200975.134000
201075.097000
201175.059000
201225.042000
201325.004000
201424.966000
201524.929000
201574.911000
201674.876000
201774.836000
201874.798000
201974.762000
202024.742000
202124.705000
202224.669000
202324.633000
202424.595000
202474.575000
202574.538000
202674.501000
202774.463000
202874.426000
202974.389000
203024.370000
203124.333000
203224.296000
203324.258000
203374.241000
203474.203000
203574.165000
203674.127000
203774.090000
203874.053000
203974.016000
204073.979000
204123.961000
204223.923000
204323.886000
204423.848000
204523.811000
204573.794000
204673.757000
204773.719000
204823.699000
204923.662000
205023.625000
205123.587000
205173.568000
205273.531000
205373.494000
205423.477000
205523.440000
205623.402000
205723.364000
205823.326000
205873.308000
205973.273000
206073.235000
206173.198000
206223.177000
206323.140000
206423.103000
206473.085000
206573.047000
206673.009000
206722.993000
206822.956000
206922.919000
207022.880000
207072.861000
207172.853000
207272.786000
207322.767000
207422.730000
207522.693000
207572.676000
207672.639000
207772.601000
207872.563000
207922.543000
208022.506000
208122.469000
208172.450000
208272.413000
208372.376000
208472.339000
208522.321000
208622.284000
208722.246000
208772.227000
208872.193000
208972.153000
209022.133000
209122.096000
209222.059000
209272.041000
209372.003000
209471.966000
209521.947000
209621.910000
209721.875000
209821.838000
209871.817000
209971.780000
210071.742000
210121.724000
210221.687000
210321.649000
210371.631000
210471.596000
210571.558000
210671.521000
210721.501000
210821.465000
210921.426000
210971.407000
211071.369000
211171.333000
211271.295000
211321.279000
211421.241000
211521.203000
211571.183000
211671.146000
211771.109000
211871.071000
211921.053000
212021.016000
212120.978000
212170.961000
212270.923000
212370.885000
212420.866000
212520.829000
212620.794000
212670.773000
212770.736000
212870.699000
212970.662000
213020.644000
213120.606000
213220.568000
213270.550000
213370.515000
213470.479000
213520.456000
213620.420000
213720.382000
213770.364000
213870.327000
213970.289000
214020.270000
214120.233000
214220.198000
214320.161000
214370.140000
214470.103000
214570.065000
214620.047000
214769.991000
214819.972000
214919.935000
215019.897000
215119.860000
215219.823000
215319.786000
215419.748000
215469.730000
215569.692000
215669.655000
215769.618000
215869.581000
215969.544000
216069.506000
216169.469000
216219.450000
216319.413000
216419.376000
216519.338000
216619.301000
216669.283000
216769.245000
216869.208000
216969.171000
217069.134000
217169.096000
217219.080000
217319.042000
217419.004000
217518.966000
217568.947000
217668.913000
217768.874000
217818.854000
217918.817000
218018.779000
218118.742000
218168.724000
218268.686000
218368.649000
218468.612000
218518.595000
218618.558000
218718.521000
218768.500000
218868.463000
218968.425000
219068.388000
219118.369000
219218.332000
219318.295000
219368.278000
219468.241000
219568.204000
219668.165000
219718.146000
219818.110000
219918.071000
219968.053000
220068.015000
220167.978000
220267.941000
220317.923000
220417.885000
220517.848000
220567.829000
220667.792000
220767.756000
220867.719000
220917.698000
221017.661000
221117.624000
221167.605000
221267.568000
221367.531000
221417.512000
221517.476000
221617.440000
221717.402000
221767.382000
221867.345000
221967.307000
222017.288000
222117.251000
222217.215000
222317.177000
222367.160000
222467.123000
222567.085000
222617.065000
222717.028000
222816.990000
222916.953000
222966.935000
223066.897000
223166.860000
223216.843000
223316.805000
223416.767000
223516.730000
223566.711000
223666.673000
223766.639000
223866.602000
223916.580000
224016.543000
224116.506000
224216.469000
224266.450000
224366.413000
224466.376000
224516.359000
224616.321000
224716.284000
224816.246000
224866.226000
224966.189000
225066.152000
225116.133000
225216.096000
225316.059000
225416.021000
225466.004000
225565.966000
225665.928000
225765.891000
225815.872000
225915.837000
226015.800000
226115.762000
226165.742000
226265.705000
226365.667000
226415.648000
226515.612000
226615.574000
226715.537000
226765.520000
226865.483000
226965.445000
227015.425000
227115.388000
227215.350000
227315.313000
227365.294000
227465.258000
227565.220000
227665.183000
227765.145000
227815.128000
227915.090000
228015.053000
228115.015000
228214.978000
228314.940000
228364.924000
228464.887000
228564.848000
228664.812000
228764.773000
228864.736000
228914.718000
229014.682000
229114.644000
229214.606000
229314.568000
229414.530000
229464.512000
229564.475000
229664.437000
229764.400000
229864.363000
229964.326000
230064.288000
230114.270000
230214.233000
230314.197000
230414.160000
230464.140000
230564.102000
230664.066000
230714.047000
230814.009000
230913.972000
231013.934000
231063.917000
231163.881000
231263.843000
231363.805000
231463.767000
231513.748000
231613.744000
231713.674000
231763.654000
231863.617000
231963.580000
232013.563000
232113.525000
232213.487000
232313.450000
232363.431000
232463.396000
232563.358000
232613.338000
232713.301000
232813.263000
232913.226000
232963.208000
233063.170000
233163.133000
233213.114000
233313.079000
233413.042000
233513.004000
233562.984000
233662.946000
233762.909000
233862.872000
233912.853000
234012.816000
234112.779000
234212.741000
234262.725000
234362.687000
234462.648000
234512.630000
234612.593000
234712.557000
234762.537000
234862.499000
234962.462000
235062.425000
235112.407000
235212.369000
235312.332000
235362.313000
235462.277000
235562.240000
235662.203000
235712.183000
235812.145000
235912.108000
236012.071000
236062.052000
236162.015000
236261.977000
236311.961000
236411.924000
236511.885000
236561.866000
236661.829000
236761.791000
236811.772000
236911.735000
237011.698000
237061.681000
237161.644000
237261.606000
237361.568000
237411.549000
237511.511000
237611.474000
237711.439000
237761.419000
237861.381000
237961.344000
238011.326000
238111.288000
238211.251000
238311.213000
238361.195000
238461.160000
238561.123000
238661.085000
238711.065000
238811.027000
238910.990000
238960.972000
239060.934000
239160.898000
239260.859000
239360.822000
239410.805000
239510.767000
239610.729000
239710.692000
239760.673000
239860.637000
239960.600000
240060.563000
240110.542000
240210.505000
240310.468000
240410.431000
240510.394000
240560.375000
240660.337000
240760.300000
240860.263000
240960.226000
241060.188000
241160.151000
241210.133000
241310.095000
241410.058000
241510.021000
241609.983000
241709.946000
241809.909000
241909.872000
241959.853000
242059.816000
242159.778000
242259.741000
242359.704000
242459.667000
242559.629000
242609.611000
242709.574000
242809.537000
242909.499000
242959.482000
243059.445000
243159.407000
243259.368000
243309.350000
243409.312000
243509.275000
243609.238000
243659.219000
243759.182000
243859.145000
243909.127000
244009.089000
244109.052000
244209.014000
244258.996000
244358.961000
244458.924000
244508.903000
244608.865000
244708.828000
244758.809000
244858.772000
244958.735000
245058.697000
245108.681000
245208.644000
245308.606000
245358.586000
245458.549000
245558.511000
245608.492000
245708.455000
245808.418000
245908.381000
246008.343000
246058.326000
246158.290000
246258.250000
246358.213000
246408.194000
246508.161000
246608.122000
246658.101000
246758.064000
246858.027000
246957.990000
247007.971000
247107.933000
247207.896000
247307.859000
247357.842000
247457.806000
247557.767000
247607.747000
247707.710000
247807.673000
247907.635000
247957.617000
248057.580000
248157.542000
248207.526000
248307.489000
248407.450000
248457.431000
248557.393000
248657.356000
248757.319000
248807.300000
248907.263000
249007.225000
249057.208000
249157.170000
249257.132000
249357.095000
249407.076000
249507.040000
249607.004000
249656.983000
249756.945000
249856.908000
249956.871000
250006.853000
250106.816000
250206.778000
250256.761000
250356.724000
250456.688000
250556.649000
250606.629000
250706.592000
250856.536000
250956.499000
251056.461000
251106.445000
251206.407000
251306.369000
251356.349000
251456.313000
251556.275000
251656.239000
251756.202000
251856.165000
251906.144000
252006.108000
252106.070000
252206.033000
252256.014000
252355.978000
252455.940000
252505.923000
252605.886000
252705.848000
252805.810000
252855.790000
252955.753000
253055.716000
253155.678000
253255.643000
253305.622000
253405.585000
253505.549000
253605.511000
253705.474000
253755.455000
253855.418000
253955.381000
254055.343000
254155.306000
254255.269000
254305.250000
254405.213000
254505.176000
254605.138000
254705.101000
254805.064000
254855.047000
254955.012000
255054.972000
255154.933000
255254.896000
255304.877000
255404.840000
255504.805000
255604.768000
255704.729000
255804.691000
255904.655000
256004.617000
256054.598000
256154.562000
256254.526000
256354.488000
256404.467000
256504.430000
256604.393000
256704.356000
256754.337000
256854.300000
256954.262000
257054.225000
257104.206000
257204.169000
257304.132000
257404.095000
257454.076000
257554.043000
257654.003000
257753.967000
257803.945000
257903.909000
258003.871000
258103.834000
258153.815000
258253.778000
258353.740000
258453.703000
258503.686000
258603.649000
258703.611000
258753.591000
258853.554000
258953.517000
259053.481000
259103.461000
259203.424000
259303.386000
259353.369000
259453.331000
259553.293000
259653.256000
259703.237000
259803.202000
259903.165000
259953.144000
260053.107000
260153.070000
260203.051000
260303.014000
260402.976000
260502.939000
260552.922000
260652.885000
260752.848000
260852.810000
260902.790000
261002.754000
261102.715000
261152.697000
261252.659000
261352.622000
261452.585000
261502.569000
261602.530000
261702.493000
261802.455000
261852.436000
261952.399000
262052.363000
262102.343000
262202.306000
262302.268000
262402.231000
262452.213000
262552.175000
262652.138000
262702.119000
262802.083000
262902.047000
263002.009000
263051.989000
263151.952000
263251.914000
263301.895000
263401.858000
263501.821000
263551.804000
263651.767000
263751.730000
263801.709000
263901.672000
264001.635000
264101.597000
264151.579000
264251.541000
264351.504000
264401.487000
264501.451000
264601.412000
264651.392000
264751.355000
264851.318000
264901.299000
265001.262000
265101.225000
265151.208000
265251.171000
265351.132000
265451.095000
265501.076000
265601.039000
265701.003000
265750.982000
265850.945000
265950.908000
266050.871000
266100.853000
266200.815000
266300.778000
266400.741000
266500.703000
266600.666000
266700.629000
266750.611000
266900.554000
266950.536000
267050.498000
267150.461000
267250.423000
267350.386000
267450.349000
267550.312000
267650.274000
267750.237000
267850.200000
267900.181000
268000.144000
268100.107000
268200.072000
268300.032000
268399.995000
268499.958000
268549.939000
268649.902000
268749.865000
268849.827000
268949.790000
268999.773000
269099.735000
269199.697000
269249.678000
269349.641000
269449.607000
269549.569000
269599.548000
269699.510000
269799.473000
269899.436000
269949.417000
270049.380000
270149.343000
270249.306000
270299.289000
270399.252000
270499.213000
270599.175000
270649.156000
270749.119000
270849.084000
270949.045000
270999.026000
271098.989000
271198.951000
271248.932000
271348.900000
271448.859000
271548.821000
271598.804000
271698.767000
271798.730000
271848.709000
271948.672000
272048.634000
272148.597000
272198.579000
272298.541000
272398.504000
272448.488000
272548.450000
272648.412000
272748.374000
272798.355000
272898.318000
272998.280000
273048.262000
273148.226000
273248.187000
273348.150000
273398.132000
273498.094000
273598.057000
273648.038000
273748.003000
273847.965000
273897.945000
273997.907000
274097.870000
274197.833000
274247.814000
274347.777000
274447.740000
274497.723000
274597.685000
274697.650000
274747.628000
274847.591000
274947.554000
275047.516000
275097.498000
275197.461000
275297.423000
275347.407000
275447.369000
275547.331000
275597.311000
275697.275000
275797.237000
275897.200000
275947.181000
276047.145000
276147.106000
276197.090000
276297.052000
276397.014000
276446.995000
276546.957000
276646.920000
276746.884000
276796.864000
276896.828000
276996.790000
277046.772000
277146.735000
277246.696000
277346.659000
277396.640000
277496.605000
277596.568000
277646.547000
277746.511000
277846.473000
277896.454000
277996.417000
278096.380000
278196.342000
278246.325000
278346.289000
278446.251000
278496.230000
278596.193000
278696.156000
278796.119000
278896.081000
278946.063000
279046.026000
279145.988000
279245.951000
279345.914000
279395.895000
279495.858000
279595.821000
279695.784000
279795.746000
279845.729000
279945.692000
280045.654000
280145.616000
280245.579000
280345.541000
280395.522000
280495.487000
280595.450000
280695.412000
280795.374000
280995.299000
281045.280000
281145.245000
281245.208000
281345.171000
281445.133000
281495.112000
281595.076000
281695.038000
281745.019000
281844.982000
281944.945000
281994.928000
282094.891000
282194.853000
282294.815000
282344.796000
282444.759000
282544.721000
282594.702000
282694.665000
282794.628000
282894.591000
282944.574000
283044.537000
283144.498000
283194.479000
283294.444000
283394.407000
283444.386000
283544.348000
283644.311000
283744.274000
283794.256000
283894.219000
283994.181000
284044.162000
284144.126000
284244.090000
284344.052000
284394.032000
284493.995000
284593.957000
284643.938000
284743.901000
284843.864000
284943.827000
284993.808000
285093.782000
285193.734000
285243.715000
285343.677000
285443.641000
285543.603000
285643.568000
285743.532000
285793.510000
285893.473000
285993.435000
286093.398000
286193.361000
286293.325000
286393.288000
286443.268000
286543.231000
286643.193000
286693.175000
286793.137000
286893.100000
286993.063000
287043.046000
287143.009000
287242.972000
287342.933000
287442.896000
287492.876000
287592.839000
287692.802000
287792.765000
287842.746000
287942.709000
288042.671000
288142.634000
288192.616000
288292.578000
288392.541000
288492.504000
288542.487000
288642.449000
288742.413000
288842.375000
288892.355000
288992.317000
289092.280000
289192.243000
289292.207000
289342.187000
289442.150000
289542.112000
289642.075000
289692.057000
289792.019000
289891.982000
289991.944000
290041.927000
290141.891000
290241.853000
290291.833000
290391.795000
290491.758000
290591.721000
290641.702000
290741.665000
290841.628000
290941.591000
290991.573000
291091.535000
291191.497000
291241.479000
291341.441000
291441.406000
291541.369000
291591.348000
291691.311000
291791.274000
291841.256000
291941.218000
292041.181000
292091.162000
292191.127000
292291.089000
292391.053000
292491.014000
292590.976000
292640.957000
292740.920000
292840.883000
292940.846000
293040.810000
293140.773000
293190.752000
293290.715000
293390.677000
293490.641000
293590.603000
293690.569000
293790.531000
293840.510000
293940.473000
294040.436000
294140.398000
294240.361000
294290.342000
294390.305000
294490.268000
294590.231000
294690.193000
294740.175000
294840.137000
294940.100000
295040.062000
295090.044000
295190.009000
295289.971000
295339.951000
295439.914000
295539.876000
295589.858000
295689.821000
295789.783000
295839.764000
295989.708000
296039.692000
296139.654000
296239.617000
296339.578000
296389.560000
296489.602000
296589.487000
296639.466000
296739.429000
296839.392000
296889.375000
296989.337000
297089.299000
297139.280000
297239.243000
297339.209000
297439.170000
297539.134000
297589.112000
297689.075000
297789.038000
297839.020000
297938.983000
298038.945000
298088.927000
298188.891000
298288.853000
298388.815000
298438.796000
298538.759000
298638.721000
298688.703000
298788.665000
298888.628000
298938.609000
299038.573000
299138.536000
299238.497000
299288.478000
299388.441000
299488.404000
299538.385000
299638.364000
299738.311000
299788.294000
299888.256000
299988.218000
300088.181000
