43.457000
86.917000
130.378000
173.836000
217.296000
260.757000
304.215000
347.674000
391.137000
434.594000
478.053000
521.513000
564.972000
608.432000
651.893000
695.351000
738.811000
782.271000
825.730000
869.190000
912.651000
956.109000
999.569000
1043.029000
1086.488000
1129.947000
1173.408000
1216.866000
1260.326000
1303.786000
1347.247000
1390.705000
1434.165000
1477.625000
1521.084000
1564.544000
1608.005000
1651.463000
1694.923000
1738.384000
1781.841000
1825.301000
1868.763000
1912.220000
1955.680000
1999.142000
2042.599000
2086.059000
2129.521000
2172.978000
2216.438000
2259.899000
2303.357000
2346.817000
2390.276000
2433.736000
2477.196000
2520.656000
2564.115000
2607.575000
2651.035000
2694.493000
2737.953000
2781.415000
2824.873000
2868.332000
2911.792000
2955.251000
2998.711000
3042.171000
3085.633000
3129.090000
3172.549000
3216.010000
3259.468000
3302.928000
3346.390000
3389.847000
3433.307000
3476.769000
3520.226000
3563.686000
3607.147000
3650.605000
3694.065000
3737.526000
3780.984000
3824.443000
3867.905000
3911.363000
3954.823000
3998.284000
4041.742000
4085.201000
4128.663000
4172.120000
4215.580000
4259.041000
4302.499000
4345.959000
4389.420000
4432.878000
4476.338000
4519.798000
4563.257000
4606.716000
4650.177000
4693.636000
4737.095000
4780.555000
4824.015000
4867.474000
4910.935000
4954.395000
4997.853000
5041.312000
5084.774000
5128.232000
5171.691000
5215.153000
5258.611000
5302.070000
5345.532000
5388.989000
5432.449000
5475.909000
5519.369000
5562.828000
5606.290000
5649.747000
5693.207000
5736.668000
5780.126000
5867.047000
5953.964000
6040.884000
6127.805000
6214.722000
6301.641000
6388.562000
6475.480000
6562.399000
6605.859000
6692.778000
6779.699000
6866.616000
6953.536000
7040.455000
7127.374000
7214.295000
7301.212000
7388.131000
7475.053000
7561.970000
7605.431000
7692.349000
7779.268000
7866.189000
7953.107000
8040.025000
8126.946000
8213.864000
8300.783000
8387.703000
8474.622000
8561.541000
8648.460000
8735.379000
8822.299000
8909.218000
8996.137000
9083.059000
9169.976000
9256.895000
9343.816000
9430.733000
9517.652000
9604.574000
9734.952000
9821.870000
9908.789000
10039.168000
10126.088000
10213.006000
10299.925000
10386.845000
10473.764000
10604.142000
10691.066000
10777.981000
10864.900000
10951.821000
11038.738000
11125.658000
11212.579000
11299.496000
11386.415000
11473.337000
11560.254000
11647.173000
11734.095000
11821.011000
11907.930000
11994.851000
12081.769000
12168.688000
12255.608000
12342.527000
12429.448000
12516.367000
12603.284000
12690.206000
12777.123000
12864.043000
12950.963000
13037.880000
13124.800000
13211.721000
13298.638000
13385.557000
13472.478000
13559.396000
13646.315000
13733.236000
13776.694000
13863.614000
13950.532000
14037.451000
14124.371000
14211.289000
14298.209000
14385.129000
14472.047000
14558.966000
14645.886000
14732.806000
14819.727000
14906.643000
14993.562000
15080.484000
15167.401000
15254.321000
15341.242000
15428.160000
15515.079000
15601.999000
15688.917000
15775.836000
15862.756000
15949.674000
16036.593000
16123.513000
16210.431000
16297.351000
16384.270000
16471.189000
16558.109000
16601.568000
16688.489000
16775.406000
16862.325000
16949.247000
17036.164000
17123.083000
17210.005000
17296.921000
17383.841000
17470.762000
17557.679000
17644.599000
17731.519000
17818.437000
17905.356000
17992.276000
18079.195000
18166.113000
18253.034000
18339.953000
18426.871000
18513.791000
18600.710000
18687.631000
18774.548000
18861.467000
18948.389000
18991.846000
19078.768000
19165.685000
19252.604000
19339.525000
19426.442000
19513.361000
19600.282000
19687.200000
19774.119000
20904.069000
20990.988000
21077.909000
21164.826000
21251.745000
21338.667000
21425.584000
21512.503000
21599.424000
21686.341000
21773.261000
21903.640000
21990.560000
22077.478000
22164.397000
22251.317000
22338.235000
22425.155000
22512.074000
22598.994000
22685.914000
22772.831000
22859.751000
22946.672000
23033.589000
23120.508000
23207.428000
23294.347000
23381.266000
23468.187000
23555.104000
23642.023000
23772.403000
23859.323000
23946.241000
24033.160000
24120.080000
24206.998000
24293.918000
24380.837000
24467.756000
24511.216000
24598.135000
24685.056000
24771.973000
24858.892000
24945.814000
25032.731000
25119.650000
25206.571000
25293.488000
25380.407000
25467.329000
25554.246000
25641.165000
25728.086000
25815.004000
25901.923000
25988.843000
26075.761000
26162.681000
26249.600000
26336.519000
26423.438000
26510.357000
26597.277000
26684.198000
26771.115000
26814.576000
26901.494000
26988.413000
27075.334000
27162.251000
27249.171000
27336.092000
27423.009000
27509.928000
27596.849000
27683.766000
27770.686000
27857.607000
27944.524000
28031.443000
28118.363000
28205.282000
28292.201000
28379.121000
28466.039000
28509.499000
28596.418000
28683.339000
28770.256000
28857.176000
28944.097000
29031.014000
29117.933000
29204.855000
29291.772000
29378.691000
29465.613000
29552.530000
29639.449000
29726.369000
29813.287000
29900.206000
29987.126000
30074.045000
30160.964000
30247.884000
30291.342000
30378.262000
30465.181000
30552.100000
30639.019000
30725.938000
30812.860000
30899.779000
30986.697000
31073.618000
31160.535000
31247.454000
31334.375000
31421.292000
31508.211000
31551.671000
31638.590000
31725.511000
31812.429000
31899.348000
31986.268000
32073.186000
32160.106000
32247.027000
32333.944000
32420.863000
32507.783000
32594.701000
32681.621000
32768.540000
32812.001000
32898.919000
32985.838000
33072.760000
33159.676000
33246.595000
33333.517000
33420.434000
33507.353000
33594.274000
33681.192000
33768.111000
33855.032000
33941.949000
34028.868000
34115.788000
34202.707000
34289.626000
34333.096000
34420.004000
34506.924000
34593.844000
34680.762000
34767.681000
34898.060000
34984.979000
35071.901000
35158.818000
35245.737000
35332.658000
35419.575000
35506.494000
35593.416000
35680.333000
35767.252000
35854.173000
35941.090000
36071.470000
36158.389000
36245.309000
36332.228000
36419.146000
36506.066000
36592.984000
36679.904000
36766.823000
36853.742000
36940.663000
37027.580000
37157.959000
37244.879000
37331.800000
37418.717000
37505.636000
37592.557000
37679.474000
37766.394000
37853.315000
37940.232000
38027.152000
38114.072000
38200.990000
38287.909000
38374.829000
38461.747000
38548.666000
38635.586000
38722.505000
38809.426000
38896.343000
38983.262000
39070.184000
39113.641000
39200.562000
39287.480000
39374.399000
39461.320000
39548.237000
39635.156000
39722.078000
39808.995000
39895.914000
39982.835000
40069.752000
40156.672000
40243.592000
40330.510000
40417.429000
40504.349000
40591.268000
40678.189000
40765.106000
40852.025000
40938.945000
41025.863000
41112.783000
41199.704000
41286.621000
41373.541000
41460.462000
41547.379000
41634.298000
41721.219000
41808.136000
41895.055000
41981.977000
42068.894000
42155.813000
42242.734000
42329.651000
42373.118000
42460.030000
42546.949000
42633.869000
42720.788000
42807.707000
42894.627000
42981.545000
43068.466000
43155.384000
43242.303000
43329.224000
43416.141000
43503.062000
43589.982000
43676.899000
43763.818000
43850.739000
43937.656000
44024.576000
44111.497000
44198.414000
44285.334000
44328.793000
44415.712000
44502.632000
44589.551000
44676.470000
44763.390000
44850.308000
44937.227000
45024.147000
45111.066000
45197.986000
45284.904000
45371.823000
45458.745000
45545.662000
45632.581000
45719.502000
45806.420000
45893.339000
45980.261000
46067.177000
46154.096000
46241.017000
46327.935000
46414.854000
46501.774000
46588.692000
46632.152000
46719.071000
46805.990000
46892.910000
46979.829000
47066.747000
47153.667000
47240.586000
47327.505000
47414.425000
47501.344000
47588.266000
47675.182000
47762.101000
47849.023000
47979.402000
48066.319000
48153.238000
48240.159000
48327.076000
48413.995000
48500.916000
48587.833000
48674.753000
48761.674000
48848.591000
48935.512000
49022.430000
49109.349000
49196.268000
49283.187000
49370.106000
49457.027000
49587.406000
49674.323000
49761.243000
49848.165000
49978.543000
50065.460000
50152.379000
50239.300000
50326.217000
50413.137000
50500.058000
50586.975000
50673.894000
50760.814000
50847.733000
50934.652000
51021.572000
51108.490000
51195.409000
51282.330000
51325.788000
51412.707000
51499.627000
51586.547000
51673.465000
51760.384000
51847.305000
51934.223000
52021.142000
52108.063000
52194.981000
52281.900000
52368.821000
52455.738000
52542.657000
52629.578000
52716.496000
52803.414000
52846.874000
52933.793000
53020.713000
53107.631000
53194.551000
53281.471000
53368.389000
53455.308000
53542.227000
53629.147000
53716.066000
53802.985000
53889.905000
53976.826000
54063.743000
54150.662000
54237.584000
54324.500000
54367.963000
54454.879000
54541.798000
54628.719000
54715.637000
54802.556000
54889.476000
54976.394000
55063.313000
55150.234000
55237.152000
55324.071000
55410.991000
55497.910000
55584.830000
55671.748000
55758.667000
55845.587000
55932.505000
56019.425000
56106.346000
56149.803000
56236.724000
56323.642000
56410.561000
56497.482000
56584.399000
56671.318000
56758.241000
56845.157000
56932.076000
57018.995000
57105.915000
57192.834000
57279.754000
57366.672000
57453.591000
57540.511000
57627.430000
57670.890000
57757.808000
57844.729000
57931.647000
58018.566000
58105.487000
58192.404000
58279.324000
58366.245000
58453.162000
58540.081000
58627.002000
58713.920000
58800.839000
58887.760000
58931.218000
59018.138000
59105.056000
59191.975000
59278.895000
59365.814000
59452.732000
59539.653000
59626.571000
59713.490000
59800.410000
59887.329000
59974.250000
60061.167000
60148.086000
60235.009000
60321.925000
60408.844000
60495.765000
60582.682000
60669.602000
60756.523000
60843.440000
60930.359000
61017.280000
61147.659000
61234.576000
61321.496000
61408.416000
61495.334000
61582.253000
61669.173000
61756.091000
61843.013000
61929.930000
62016.849000
62103.771000
62190.688000
62277.606000
62364.527000
62451.445000
62538.364000
62625.286000
62712.202000
62842.582000
62929.500000
63016.422000
63103.339000
63146.800000
63233.717000
63320.637000
63407.556000
63494.475000
63581.394000
63668.314000
63755.235000
63842.152000
63929.072000
64015.990000
64102.910000
64189.829000
64276.748000
64363.669000
64407.127000
64494.047000
64580.965000
64667.884000
64754.805000
64841.722000
64928.643000
65015.564000
65102.480000
65189.399000
65276.321000
65363.238000
65450.157000
65537.078000
65623.995000
65710.915000
65797.835000
65841.293000
65928.214000
66015.132000
66102.051000
66188.971000
66275.889000
66362.809000
66449.727000
66536.648000
66623.568000
66710.485000
66797.405000
66884.326000
66971.243000
67058.162000
67145.084000
67232.001000
67318.920000
67405.841000
67449.298000
67536.219000
67623.137000
67710.056000
67796.977000
67883.894000
67970.813000
68057.735000
68144.652000
68231.571000
68318.491000
68405.409000
68492.331000
68579.248000
68666.167000
68753.087000
68840.006000
68883.467000
68970.384000
69057.303000
69144.225000
69231.142000
69318.061000
69404.982000
69491.899000
69578.819000
69665.740000
69752.657000
69839.576000
69926.497000
70013.414000
70100.334000
70187.254000
70274.172000
70361.091000
70448.012000
70534.930000
70621.849000
70708.768000
70795.687000
70839.147000
70926.066000
71012.987000
71099.905000
71186.823000
71273.745000
71360.664000
71447.581000
71534.503000
71621.420000
71708.339000
71795.260000
71882.177000
71925.638000
72012.556000
72099.475000
72186.396000
72273.313000
72360.233000
72447.153000
72534.071000
72620.990000
72707.910000
72794.829000
72881.749000
72968.667000
73055.587000
73099.046000
73185.965000
73272.887000
73359.803000
73446.722000
73533.643000
73620.561000
73707.480000
73794.402000
73924.780000
74011.697000
74098.616000
74185.538000
74272.455000
74359.374000
74446.294000
74533.212000
74620.132000
74707.052000
74793.970000
74880.891000
74967.808000
75054.728000
75141.648000
75272.027000
75358.945000
75445.864000
75532.785000
75619.702000
75706.621000
75793.543000
75880.460000
75967.379000
76054.301000
76141.217000
76228.136000
76315.057000
76401.975000
76488.894000
76575.815000
76662.733000
76749.652000
76836.572000
76923.490000
77010.409000
77097.329000
77140.788000
77227.707000
77314.626000
77401.547000
77488.465000
77575.384000
77662.305000
77749.223000
77836.142000
77923.063000
78009.980000
78096.899000
78183.820000
78270.738000
78314.199000
78401.116000
78488.036000
78574.956000
78661.874000
78748.793000
78835.714000
78922.632000
79009.551000
79096.470000
79183.389000
79226.849000
79313.768000
79400.687000
79487.606000
79574.526000
79661.446000
79748.364000
79835.283000
79922.206000
80009.122000
80096.041000
80182.962000
80269.879000
80356.893000
80443.719000
80530.637000
80617.556000
80704.476000
80791.394000
80834.855000
80921.773000
81008.692000
81095.612000
81182.530000
81269.450000
81356.369000
81443.288000
81530.209000
81617.127000
81704.046000
81790.966000
81877.884000
81964.803000
82051.725000
82138.642000
82182.104000
82269.020000
82355.939000
82442.862000
82529.778000
82616.698000
82703.618000
82790.535000
82877.455000
82964.376000
83051.293000
83138.213000
83225.133000
83312.051000
83355.511000
83485.889000
83572.808000
83616.268000
83703.187000
83790.107000
83877.026000
83963.944000
84050.865000
84137.783000
84224.702000
84311.624000
84398.541000
84485.460000
84572.381000
84659.298000
84746.217000
84789.677000
84876.596000
84963.517000
85050.434000
85180.813000
85224.274000
85311.192000
85398.111000
85485.031000
85571.949000
85658.869000
85745.789000
85832.707000
85919.627000
86006.545000
86093.465000
86180.385000
86267.303000
86354.223000
86441.143000
86528.061000
86614.980000
86701.901000
86788.818000
86875.738000
86962.660000
87049.576000
87136.495000
87223.415000
87310.333000
87397.253000
87484.173000
87571.091000
87658.010000
87744.929000
87875.308000
87962.227000
88049.150000
88136.066000
88222.985000
88309.906000
88396.823000
88483.743000
88570.664000
88657.581000
88744.500000
88831.422000
88918.339000
89005.258000
89092.179000
89179.096000
89266.015000
89352.936000
89396.394000
89483.315000
89570.232000
89657.151000
89744.071000
89830.990000
89917.909000
90004.829000
90091.748000
90178.666000
90265.586000
90352.505000
90439.427000
90526.344000
90613.262000
90700.184000
90787.101000
90874.020000
90917.480000
91004.399000
91091.321000
91178.237000
91265.156000
91352.077000
91438.996000
91525.919000
91612.834000
91699.753000
91786.672000
91873.591000
91917.050000
92003.970000
92090.889000
92177.808000
92264.727000
92351.646000
92438.568000
92525.485000
92612.404000
92699.325000
92786.242000
92873.162000
92916.621000
93003.540000
93090.462000
93177.378000
93264.298000
93351.219000
93438.136000
93525.056000
93611.976000
93698.894000
93785.813000
93872.733000
93959.651000
94046.570000
94090.030000
94176.949000
94263.870000
94350.788000
94437.707000
94524.626000
94611.545000
94698.468000
94785.384000
94872.303000
94959.224000
95046.141000
95133.060000
95219.983000
95306.899000
95393.818000
95480.739000
95567.656000
95611.118000
95698.035000
95784.954000
95871.875000
95958.792000
96045.712000
96132.632000
96219.550000
96306.470000
96393.389000
96480.308000
96567.227000
96654.147000
96697.606000
96784.525000
96871.444000
96958.366000
97045.283000
97132.202000
97219.121000
97306.041000
97392.959000
97479.881000
97566.798000
97653.717000
97697.176000
97784.095000
97871.017000
97957.934000
98044.853000
98131.774000
98218.692000
98305.611000
98392.531000
98479.449000
98566.368000
98653.288000
98696.747000
98783.666000
98870.585000
98957.506000
99087.885000
99174.803000
99261.722000
99348.643000
99435.560000
99522.479000
99609.401000
99696.318000
99783.237000
99870.158000
99957.076000
100043.994000
100174.373000
100261.294000
100348.212000
100478.591000
100565.510000
100652.430000
100782.808000
100869.727000
100956.648000
101043.565000
101130.484000
101217.405000
101347.784000
101434.701000
101521.621000
101608.543000
101695.459000
101782.378000
101869.300000
101956.217000
102043.136000
102130.057000
102173.515000
102260.436000
102347.353000
102434.272000
102521.193000
102608.111000
102695.030000
102781.950000
102868.868000
102955.788000
103042.708000
103129.626000
103216.547000
103303.464000
103390.383000
103477.304000
103520.762000
103607.681000
103694.601000
103781.520000
103868.441000
103955.358000
104042.277000
104129.199000
104216.116000
104303.035000
104389.956000
104476.873000
104563.792000
104650.713000
104737.631000
104781.091000
104868.009000
104954.929000
105041.848000
105128.767000
105215.686000
105302.606000
105389.524000
105476.444000
105563.363000
105650.282000
105737.203000
105824.121000
105911.115000
105997.961000
106084.878000
106171.797000
106258.719000
106345.636000
106432.555000
106519.476000
106562.934000
106649.854000
106736.772000
106823.691000
106910.610000
106997.529000
107084.449000
107171.371000
107258.288000
107345.206000
107432.126000
107519.045000
107605.966000
107692.883000
107736.344000
107823.262000
107910.181000
107997.103000
108084.019000
108170.939000
108257.861000
108344.777000
108431.696000
108518.618000
108605.535000
108692.455000
108779.375000
108866.292000
108953.211000
109040.132000
109127.050000
109213.969000
109257.428000
109344.348000
109431.268000
109518.186000
109605.105000
109692.024000
109778.944000
109865.865000
109952.782000
110039.701000
110126.623000
110213.540000
110300.459000
110387.380000
110474.297000
110561.216000
110648.139000
110735.055000
110821.974000
110908.895000
110995.813000
111082.732000
111169.652000
111256.570000
111343.489000
111430.409000
111473.868000
111560.788000
111691.166000
111778.085000
111865.007000
111951.924000
112038.842000
112125.763000
112212.681000
112343.060000
112429.979000
112516.901000
112603.818000
112690.736000
112777.658000
112864.575000
112951.494000
113038.415000
113168.794000
113255.711000
113342.630000
113429.551000
113516.469000
113603.388000
113690.310000
113777.226000
113864.145000
113951.066000
114037.984000
114168.363000
114255.285000
114342.201000
114429.120000
114516.041000
114602.959000
114689.878000
114776.800000
114863.716000
114950.635000
114994.095000
115081.014000
115167.935000
115254.853000
115385.232000
115472.150000
115515.610000
115602.529000
115689.450000
115776.368000
115863.287000
115950.207000
116037.125000
116124.044000
116210.964000
116297.883000
116384.802000
116428.261000
116515.182000
116602.100000
116689.019000
116775.941000
116862.858000
116949.777000
117036.699000
117123.615000
117210.535000
117297.456000
117340.913000
117427.834000
117514.752000
117601.671000
117688.592000
117775.510000
117862.428000
117949.348000
118036.267000
118123.186000
118166.645000
118253.565000
118340.484000
118427.403000
118514.322000
118601.241000
118688.161000
118775.081000
118861.999000
118948.918000
119035.839000
119079.297000
119166.218000
119253.135000
119340.055000
119426.975000
119513.894000
119600.812000
119687.731000
119774.651000
119861.570000
119948.490000
119991.949000
120078.868000
120165.786000
120252.706000
120383.085000
120470.004000
120513.466000
120600.383000
120687.302000
120774.223000
120861.140000
120948.059000
121034.982000
121121.898000
121208.817000
121295.739000
121382.655000
121469.574000
121513.034000
121643.413000
121730.332000
121773.792000
121860.711000
121947.632000
122034.549000
122121.468000
122208.389000
122295.307000
122382.226000
122469.146000
122556.064000
122642.984000
122729.903000
122816.822000
122903.742000
122990.660000
123034.123000
123121.039000
123207.958000
123294.879000
123381.796000
123468.716000
123555.637000
123642.554000
123729.510000
123816.395000
123903.312000
123990.231000
124077.152000
124164.069000
124207.530000
124294.448000
124381.367000
124468.287000
124598.666000
124685.585000
124772.504000
124859.424000
124946.342000
125033.261000
125120.180000
125207.100000
125294.021000
125424.400000
125511.317000
125598.236000
125728.615000
125815.536000
125902.453000
125989.372000
126119.751000
126206.672000
126293.590000
126380.509000
126467.429000
126554.347000
126641.266000
126728.187000
126815.105000
126902.024000
126988.943000
127075.862000
127162.784000
127249.701000
127336.620000
127423.540000
127510.458000
127597.377000
127640.837000
127727.756000
127814.677000
127901.594000
127988.513000
128075.435000
128162.353000
128249.272000
128336.192000
128423.110000
128510.029000
128553.488000
128640.407000
128727.328000
128814.246000
128901.165000
128988.085000
129075.003000
129161.926000
129248.843000
129335.761000
129422.682000
129509.599000
129596.519000
129639.978000
129726.897000
129813.818000
129900.736000
129987.656000
130074.576000
130161.493000
130248.413000
130335.334000
130465.713000
130552.630000
130639.549000
130683.009000
130769.927000
130856.848000
130943.766000
131030.685000
131117.605000
131204.523000
131291.443000
131378.382000
131465.282000
131552.200000
131639.120000
131726.039000
131812.959000
131856.417000
131943.338000
132030.256000
132117.175000
132204.096000
132291.013000
132377.933000
132464.852000
132551.771000
132638.690000
132725.611000
132769.069000
132855.990000
132942.907000
133029.827000
133116.747000
133203.666000
133290.584000
133377.504000
133464.422000
133551.342000
133638.261000
133681.720000
133768.640000
133855.559000
133942.479000
134029.397000
134116.317000
134203.239000
134290.155000
134377.074000
134463.995000
134550.913000
134594.374000
134681.291000
134768.211000
134855.131000
134942.049000
135028.968000
135115.889000
135202.807000
135289.726000
135376.646000
135463.564000
135550.483000
135637.403000
135724.321000
135811.241000
135898.160000
135985.079000
136072.000000
136158.917000
136202.379000
136289.297000
136376.215000
136463.137000
136550.054000
136636.973000
136723.895000
136810.812000
136897.731000
136984.652000
137071.569000
137115.030000
137245.409000
137332.327000
137419.246000
137506.166000
137593.084000
137680.003000
137766.923000
137853.842000
137940.761000
138027.680000
138114.599000
138201.518000
138288.439000
138375.357000
138462.278000
138549.195000
138636.114000
138723.036000
138809.953000
138896.872000
138983.793000
139070.710000
139157.629000
139244.551000
139331.468000
139461.847000
139548.766000
139635.686000
139722.604000
139809.523000
139896.443000
139983.362000
140026.822000
140113.740000
140200.660000
140287.579000
140374.498000
140504.877000
140591.798000
140678.715000
140765.634000
140852.556000
140896.013000
140982.934000
141069.852000
141156.771000
141243.692000
141330.609000
141417.528000
141504.450000
141591.367000
141678.286000
141765.206000
141808.665000
141895.585000
141982.503000
142069.422000
142156.342000
142243.260000
142330.180000
142417.100000
142504.018000
142590.940000
142677.857000
142721.318000
142808.236000
142895.155000
142982.075000
143068.993000
143155.912000
143242.834000
143329.751000
143416.670000
143503.591000
143590.508000
143633.970000
143720.887000
143807.806000
143894.726000
143981.644000
144068.564000
144155.484000
144242.402000
144329.321000
144416.241000
144459.700000
144546.619000
144633.538000
144894.296000
144981.217000
145068.134000
145155.053000
145241.975000
145285.432000
145372.354000
145502.732000
145589.649000
145676.568000
145763.490000
145850.407000
145937.328000
146024.247000
146111.165000
146198.084000
146285.004000
146371.922000
146458.841000
146502.301000
146589.220000
146676.139000
146763.058000
146849.980000
146936.965000
147023.817000
147110.735000
147197.654000
147284.574000
147328.033000
147414.952000
147501.874000
147588.791000
147675.710000
147762.632000
147849.548000
147936.468000
148023.389000
148066.846000
148153.767000
148240.685000
148327.604000
148414.525000
148501.442000
148588.361000
148675.282000
148762.200000
148849.119000
148936.039000
149022.957000
149109.877000
149153.336000
149240.256000
149327.175000
149414.094000
149501.014000
149587.932000
149674.851000
149761.773000
149848.690000
149935.609000
149979.069000
150109.447000
150196.367000
150283.288000
150370.205000
150457.124000
151456.695000
151543.614000
151630.534000
151760.914000
151847.831000
151934.750000
152021.672000
152108.589000
152195.508000
152282.429000
152369.346000
152456.265000
152543.186000
152630.104000
152717.023000
152803.944000
152890.861000
152977.781000
153064.700000
153151.619000
153238.538000
153325.457000
153412.377000
153455.836000
153542.755000
153629.676000
153716.593000
153803.513000
153890.434000
153977.351000
154064.270000
154151.192000
154238.109000
154281.570000
154368.488000
154455.407000
154542.328000
154629.245000
154716.222000
154803.086000
154890.003000
154976.922000
155063.842000
155107.301000
155194.221000
155281.139000
155368.058000
155454.978000
159235.962000
159366.341000
159453.261000
159540.180000
159583.640000
159670.558000
159757.479000
159844.397000
159931.316000
160018.237000
160105.154000
160192.073000
160278.995000
160365.912000
160452.831000
160496.290000
160583.210000
160670.131000
160757.048000
160843.967000
160930.889000
161017.806000
161104.725000
161191.646000
161278.563000
161365.486000
161452.403000
161539.321000
161626.240000
161713.160000
161756.619000
161843.538000
161930.457000
162017.376000
162104.295000
162191.216000
162278.136000
162365.053000
162451.972000
162538.894000
162582.351000
162669.272000
162756.189000
162843.109000
162930.030000
163016.947000
163103.866000
163190.785000
163277.705000
163364.624000
163451.544000
163538.462000
163625.381000
163712.302000
163799.220000
163886.139000
163973.059000
164059.977000
164146.896000
164233.816000
164320.735000
164407.656000
164494.573000
164624.959000
164668.413000
164755.331000
164842.250000
164929.171000
165016.088000
165103.007000
165189.929000
165276.846000
165407.225000
165494.144000
165581.065000
165667.982000
165754.901000
165841.821000
165928.742000
166015.659000
166102.579000
166189.497000
166276.417000
166319.876000
166406.797000
166493.715000
166580.634000
166667.556000
166754.472000
166841.391000
166928.313000
167015.230000
167102.149000
167189.070000
167232.528000
167319.449000
167406.366000
167493.285000
167580.209000
167667.124000
167754.043000
167840.963000
167927.881000
168014.801000
168058.260000
168145.179000
168232.099000
168319.017000
168405.937000
168492.856000
168579.775000
168666.696000
168753.613000
168797.075000
168883.992000
168970.911000
169057.833000
169144.750000
169231.669000
169318.591000
169405.508000
169492.427000
169579.346000
169666.265000
169709.726000
169796.644000
169883.563000
169970.484000
170057.401000
170144.320000
170231.315000
170318.159000
170405.078000
170491.998000
170578.916000
170665.836000
170752.755000
170839.674000
170926.594000
171013.519000
171100.432000
171187.353000
171274.270000
171361.189000
171404.649000
171491.568000
171578.489000
171665.407000
171752.325000
171839.274000
171926.164000
172013.084000
172100.004000
172186.921000
172230.382000
172317.300000
172404.219000
172491.139000
172578.058000
172664.977000
172751.896000
172838.815000
172925.736000
173012.654000
173056.115000
173143.032000
173229.952000
173316.872000
173403.790000
173490.709000
173577.631000
173664.548000
173751.467000
173838.388000
173881.846000
173968.767000
174055.684000
174142.603000
174229.524000
174316.442000
174403.361000
174490.281000
174577.199000
174664.118000
174707.578000
174794.497000
174881.417000
174968.336000
175055.257000
175142.174000
175229.093000
175316.014000
175402.932000
175489.850000
175576.772000
175663.689000
175750.608000
175880.987000
175967.906000
176054.825000
176141.744000
176228.665000
176315.583000
176445.961000
176532.881000
176619.801000
176706.719000
176793.639000
176880.558000
176967.477000
177054.396000
177141.315000
177228.234000
177315.153000
177402.073000
177488.992000
177575.913000
177706.292000
177793.209000
177880.128000
177967.049000
178053.967000
178140.887000
178227.808000
178314.725000
178401.643000
178488.565000
178575.482000
178662.401000
178749.321000
178792.780000
178879.700000
178966.618000
179053.537000
179140.457000
179227.376000
179314.299000
179401.215000
179488.133000
179575.053000
179661.972000
179705.433000
179792.350000
179879.269000
179966.191000
180053.108000
180313.865000
180357.327000
180444.245000
180531.163000
183703.714000
183834.095000
183921.012000
184007.931000
184094.853000
184181.769000
184225.231000
184312.148000
184399.067000
184485.988000
184572.906000
184659.826000
184746.747000
184833.663000
184920.583000
185007.503000
185050.961000
185137.882000
185224.800000
185311.719000
185398.640000
185485.558000
185702.856000
185789.775000
185876.694000
185963.615000
186050.532000
186093.993000
186180.911000
186267.830000
186354.751000
186441.669000
186528.588000
186615.509000
186702.426000
186789.345000
186876.267000
186919.724000
187006.645000
187093.562000
187180.482000
187267.403000
187354.320000
187441.239000
187528.159000
187615.078000
187658.538000
187745.456000
187832.375000
187919.295000
188006.215000
188093.135000
188180.053000
188266.971000
188353.893000
188440.810000
188527.729000
188614.651000
188745.027000
188831.946000
188918.865000
189005.787000
189092.705000
189179.624000
189266.544000
189353.461000
189440.381000
189527.301000
189614.219000
189701.138000
189788.060000
189874.976000
189961.896000
190092.275000
190179.194000
190266.113000
190353.033000
190439.951000
190526.870000
190657.249000
190744.170000
190874.549000
190961.466000
191048.385000
191135.307000
191222.224000
191309.143000
191396.064000
191439.522000
191526.443000
191613.360000
191700.280000
191787.200000
191874.119000
191961.037000
192047.956000
192134.876000
192178.336000
192265.254000
192352.173000
192439.093000
192526.012000
192612.933000
192699.851000
192786.769000
192873.691000
192960.608000
193004.070000
193090.986000
193177.906000
193264.827000
193351.744000
193438.664000
193525.585000
193612.502000
193699.421000
193786.342000
193873.259000
193916.720000
194003.638000
194090.558000
194177.477000
194264.396000
194351.315000
194438.235000
194525.153000
194612.074000
194655.532000
194742.452000
194829.370000
194916.289000
195003.211000
195090.128000
195177.047000
195263.968000
195350.886000
195437.805000
195481.264000
195568.183000
195742.022000
195872.401000
195959.320000
196046.240000
196089.698000
196176.618000
196263.537000
196350.456000
196437.377000
196524.295000
196611.214000
196698.133000
196785.052000
196828.512000
196915.431000
197002.350000
197089.269000
197176.188000
197263.110000
197350.027000
197436.946000
197523.867000
197610.784000
197654.246000
197741.163000
197828.082000
197915.003000
198001.921000
198088.840000
198175.761000
198262.678000
198349.598000
198436.517000
198479.976000
198566.896000
198653.815000
198740.734000
198827.654000
198914.572000
199001.493000
199088.411000
199175.330000
199218.789000
199305.709000
199392.629000
199479.547000
199566.466000
199653.388000
199740.305000
199827.224000
199914.145000
199957.603000
200044.523000
200131.441000
200218.360000
200305.280000
200392.199000
200479.118000
200566.038000
200652.956000
203782.049000
203868.966000
203955.885000
204042.807000
204129.724000
204216.643000
204303.564000
204347.021000
204433.942000
204520.860000
204607.779000
204694.700000
204781.618000
204868.537000
204955.457000
205042.375000
205129.294000
205172.754000
205259.673000
205346.592000
205433.511000
205520.435000
205607.351000
205694.269000
205911.569000
205998.486000
206085.406000
206172.327000
206259.244000
206346.163000
206389.623000
206476.542000
206563.463000
206650.380000
206737.300000
206824.220000
206911.138000
206998.057000
207084.977000
207128.436000
207215.356000
207302.274000
207389.193000
207476.113000
207563.032000
207649.953000
207736.870000
207823.789000
207867.249000
207954.168000
208041.089000
208128.006000
208214.926000
208301.847000
208388.765000
208475.683000
208562.605000
208649.522000
208736.441000
208779.900000
208866.820000
208953.740000
209040.658000
209127.577000
209214.556000
209301.416000
209388.335000
209475.254000
209518.714000
209605.633000
209692.552000
209779.471000
209866.390000
209953.310000
210040.230000
210127.148000
210214.067000
210300.988000
210344.446000
210431.368000
210518.284000
210605.204000
210692.125000
210996.340000
211083.261000
211170.178000
211257.098000
211344.018000
211430.936000
211517.855000
211604.775000
211691.693000
211778.614000
211865.532000
211908.993000
211995.910000
212082.830000
212169.751000
212256.668000
212343.587000
212430.509000
212517.426000
212604.345000
212691.266000
212778.183000
212821.645000
212908.562000
212995.481000
213082.400000
213169.319000
213256.239000
213343.159000
213430.077000
213516.996000
213603.916000
213647.375000
213734.295000
213821.213000
213908.132000
213995.052000
214081.971000
214168.892000
214255.809000
214342.728000
214429.649000
214560.029000
214646.946000
214733.865000
214820.786000
214907.704000
214994.622000
215081.543000
215168.462000
215255.380000
215342.301000
215472.679000
215689.976000
216298.410000
216385.329000
216472.249000
216602.627000
216733.006000
216819.928000
216906.845000
216993.764000
217037.223000
217124.143000
217211.064000
217297.981000
217384.900000
217471.821000
217558.739000
217645.658000
217732.578000
217819.496000
217906.415000
217993.335000
218036.794000
218123.714000
218210.633000
218297.552000
218384.471000
218471.390000
218558.312000
218645.229000
218732.148000
218819.069000
218862.526000
218949.448000
219036.365000
219123.284000
219210.205000
219297.199000
219384.042000
219470.961000
219557.880000
219601.341000
219688.259000
219775.178000
219862.098000
219949.016000
220035.939000
220122.856000
220209.774000
220296.693000
220383.613000
220427.072000
220513.991000
220600.910000
220687.830000
221991.621000
222121.997000
222165.455000
222252.375000
222339.294000
222426.213000
222513.133000
222600.052000
222686.972000
222773.890000
222860.809000
222904.269000
222991.188000
223078.109000
223165.026000
223251.947000
223338.867000
223425.784000
223512.703000
223599.625000
223686.541000
223730.003000
223816.920000
223903.839000
223990.760000
224077.678000
224164.597000
224251.517000
224338.435000
224381.896000
224468.814000
224555.733000
224642.653000
224729.572000
224816.494000
224903.410000
224990.330000
225077.251000
225164.168000
225207.629000
225294.547000
225381.466000
225468.387000
225555.304000
225642.224000
225729.146000
226120.280000
226207.198000
226294.117000
226381.038000
226467.956000
226554.875000
226641.795000
226728.713000
226772.173000
226859.092000
226946.014000
227032.930000
227119.850000
227250.228000
227337.149000
227424.067000
227467.528000
227554.446000
227641.365000
227728.286000
227815.203000
227945.582000
228032.501000
228119.422000
228162.880000
228249.800000
228380.181000
228467.097000
228554.016000
228640.936000
228727.855000
228814.774000
228901.694000
228988.612000
229075.534000
229162.451000
229249.370000
229336.291000
229423.208000
229510.195000
229597.049000
229683.966000
229770.885000
229857.806000
229901.264000
229988.185000
230075.102000
230162.021000
230248.943000
230335.860000
230422.779000
230509.699000
230596.618000
230683.537000
230770.457000
231205.053000
231291.971000
231422.350000
231509.269000
231596.190000
231683.107000
231726.568000
231813.486000
231900.406000
231987.326000
232074.243000
232161.163000
232248.082000
232335.001000
232421.921000
232508.841000
232595.759000
232682.678000
232726.137000
232813.057000
232899.977000
232986.895000
233073.814000
233160.735000
233247.653000
233334.572000
233421.491000
233508.410000
233551.870000
233638.789000
233725.710000
233812.627000
233899.546000
233986.469000
234073.386000
234160.304000
234247.226000
234334.142000
234421.062000
234507.983000
234594.900000
234638.361000
234725.279000
234812.198000
234899.118000
234986.037000
235072.956000
235159.876000
235246.794000
235333.713000
235420.633000
235507.552000
235594.471000
235637.930000
235724.852000
235942.147000
235985.608000
236072.526000
236159.445000
236246.367000
236333.284000
236420.203000
236507.125000
236594.042000
236680.961000
236767.882000
236854.799000
236941.718000
237028.639000
237115.556000
237159.017000
237245.935000
237332.854000
237419.774000
237506.693000
237593.612000
237680.531000
237767.451000
237854.371000
237941.289000
238028.208000
238071.668000
238158.587000
238245.508000
238332.425000
238419.345000
238506.266000
238593.183000
238680.102000
238767.023000
238853.940000
238940.860000
238984.319000
239071.239000
239158.159000
239245.077000
239331.996000
239418.916000
239505.834000
239592.754000
239679.673000
239810.052000
239896.971000
239983.891000
240070.810000
240157.729000
240244.649000
240331.567000
240418.486000
240505.407000
240592.324000
240722.703000
241244.219000
241331.137000
241418.058000
241504.976000
241591.895000
241678.817000
241765.734000
241852.655000
241939.571000
242026.491000
242113.411000
242200.329000
242287.249000
242374.169000
242461.087000
242548.006000
242634.927000
242678.385000
242765.306000
242852.223000
242939.142000
243026.064000
243112.982000
243199.900000
243286.821000
243373.738000
243460.657000
243504.117000
243591.036000
243677.956000
243764.874000
243851.794000
243938.713000
244025.632000
244112.551000
244199.471000
244242.930000
244329.849000
244416.768000
244503.690000
244590.607000
244677.526000
244764.448000
244851.365000
244938.284000
245025.203000
245112.122000
245155.584000
245242.501000
245329.420000
245416.341000
245503.259000
245590.178000
245677.098000
245764.016000
246198.613000
246328.992000
246415.910000
246502.830000
246589.748000
246633.210000
246763.589000
246807.046000
246893.968000
246980.885000
247067.804000
247154.726000
247241.643000
247328.562000
247415.483000
247502.400000
247589.319000
247632.779000
247719.698000
247806.619000
247893.536000
247980.456000
248067.376000
248154.294000
248241.213000
248328.132000
248415.051000
248458.511000
248545.430000
248632.351000
248719.268000
248806.188000
248893.109000
248980.027000
249066.945000
249153.867000
249197.324000
249284.245000
249371.162000
249458.082000
249545.003000
249631.921000
249718.839000
249805.760000
249892.678000
249979.597000
250023.056000
250109.976000
250196.896000
250283.814000
250370.733000
250457.654000
250544.572000
250631.493000
250718.410000
250805.329000
254890.533000
255020.912000
255107.830000
255194.748000
255281.670000
255368.587000
255412.049000
255498.965000
255585.885000
255672.806000
255759.723000
255846.643000
255933.564000
256020.481000
256107.400000
256194.321000
256281.238000
256368.158000
256411.617000
256498.536000
256585.456000
256672.375000
256759.294000
256846.214000
256933.133000
257020.052000
257106.971000
257193.890000
257280.811000
257324.269000
257411.190000
257498.107000
257585.026000
257671.948000
257758.865000
257845.784000
257932.705000
258019.622000
258106.542000
258193.463000
258280.380000
258323.841000
258410.759000
258497.678000
258584.598000
258671.516000
258758.436000
258845.355000
258932.274000
259019.195000
259106.113000
259149.574000
259236.491000
259323.410000
259410.331000
259497.249000
259584.168000
259671.087000
259758.006000
259844.925000
259931.847000
259975.304000
260062.226000
260149.143000
260236.062000
260322.983000
260409.900000
260496.819000
260583.739000
260670.658000
260757.577000
260801.037000
260887.956000
260974.876000
261061.794000
261148.713000
261235.634000
261322.552000
261409.472000
261496.390000
261583.310000
261670.231000
261713.688000
261800.609000
261887.527000
261974.446000
262061.367000
262148.284000
262235.203000
262322.124000
262409.042000
262495.961000
262539.420000
262626.339000
262713.260000
262800.178000
262887.097000
262974.017000
263060.935000
263147.855000
263234.774000
263321.693000
263365.153000
263452.072000
263538.992000
263625.911000
263712.829000
263799.750000
263886.668000
263973.587000
264060.509000
264147.425000
264234.344000
264321.266000
264408.183000
264495.102000
264538.562000
264625.481000
264712.402000
264799.319000
264886.238000
264973.159000
265060.077000
265146.996000
265233.916000
265320.834000
265407.754000
265494.673000
265625.051000
265711.971000
265798.892000
265885.809000
265972.729000
266059.647000
266190.029000
266276.945000
266581.165000
266668.082000
266755.001000
266841.922000
266928.840000
267015.759000
267102.679000
267189.597000
267276.516000
267363.436000
267450.354000
267537.274000
267624.193000
267711.112000
267798.034000
267884.950000
267971.870000
268058.790000
268145.709000
268232.628000
268319.549000
268406.466000
268493.385000
268536.845000
268667.223000
268754.142000
268797.602000
268884.521000
268971.442000
269058.360000
269145.279000
269232.199000
269319.117000
269406.037000
269492.957000
269579.875000
269666.794000
269710.254000
269797.173000
269884.092000
269971.011000
270057.931000
270144.850000
270231.769000
270318.690000
270405.607000
270492.526000
270579.448000
270666.365000
270709.826000
270796.744000
270883.662000
270970.584000
271057.501000
271144.421000
271231.343000
271318.259000
271448.638000
271492.098000
271579.016000
271665.936000
271752.855000
271839.774000
271926.694000
272013.612000
272100.532000
272187.452000
272230.910000
272317.832000
272404.748000
272491.668000
272578.589000
272665.506000
272752.425000
272839.346000
272926.264000
273013.183000
273100.104000
273143.562000
273230.482000
273317.400000
273404.319000
273491.239000
273578.158000
273665.077000
273751.997000
273838.915000
273925.834000
273969.294000
274056.213000
274143.132000
274230.051000
274316.972000
274403.890000
274490.809000
274577.731000
274664.648000
274751.567000
274838.488000
274881.945000
274968.867000
275055.784000
275142.704000
275229.624000
275316.541000
275403.461000
275490.382000
275577.299000
275664.218000
275751.137000
275794.597000
275881.517000
275968.435000
276055.355000
276142.274000
276229.193000
276316.112000
278489.092000
278576.012000
278662.930000
278749.850000
278836.774000
278923.688000
279010.607000
279097.528000
279184.445000
279314.824000
279401.743000
279488.665000
279575.582000
279662.501000
279749.422000
279836.340000
279923.259000
280010.179000
280097.097000
280184.016000
280270.936000
280357.855000
280444.774000
280531.693000
280618.612000
280705.532000
280792.452000
280879.370000
280966.291000
281053.208000
281096.670000
281183.587000
281270.506000
281357.428000
281487.807000
281574.724000
281661.643000
281748.563000
281792.022000
281878.942000
281965.860000
282052.779000
282139.698000
282226.617000
282313.537000
282400.456000
282487.375000
282530.835000
282617.754000
282704.675000
282791.593000
282878.511000
282965.437000
283052.350000
283139.269000
283226.191000
283313.107000
283400.027000
283486.948000
283530.405000
283617.327000
283704.244000
283791.163000
283878.084000
283965.001000
284051.921000
284138.841000
284225.759000
284269.219000
284356.137000
284443.057000
284529.976000
284616.895000
284703.817000
284790.734000
284877.653000
284964.573000
285051.491000
285138.410000
285181.870000
285268.789000
285355.710000
285442.627000
285529.547000
285616.469000
285703.386000
285790.304000
285877.226000
285920.683000
286007.604000
286094.522000
286181.441000
286268.361000
286355.280000
286485.658000
286529.119000
286616.037000
286702.956000
286789.875000
286876.804000
286963.715000
287050.633000
287137.552000
287224.473000
287311.390000
287354.851000
287441.769000
287528.688000
287615.609000
287702.526000
287789.447000
287876.367000
287963.284000
288050.203000
288137.124000
288180.582000
288267.503000
288354.420000
288441.340000
288528.259000
288615.179000
288702.097000
288789.017000
288875.935000
288962.855000
289049.774000
289093.233000
289180.153000
289267.072000
289353.993000
289440.910000
289527.830000
289614.751000
289701.668000
289788.587000
289832.047000
289918.966000
290005.887000
290092.804000
290701.239000
290831.618000
290918.537000
291005.456000
291092.375000
291179.294000
291266.213000
291353.134000
291483.514000
291570.431000
291657.350000
291744.271000
291831.188000
291918.107000
292005.028000
292091.946000
292178.865000
292265.786000
292352.703000
292439.622000
292526.543000
292613.461000
292700.380000
292787.300000
292874.218000
292961.138000
293048.057000
293134.976000
293221.895000
293352.276000
293439.193000
293526.112000
293569.572000
293656.491000
293743.413000
293830.330000
293917.249000
294004.171000
294091.087000
294178.006000
294264.928000
294351.845000
294395.306000
294482.224000
294569.143000
294656.063000
294742.982000
294829.900000
294916.829000
295003.739000
295090.658000
295177.578000
295221.037000
295307.956000
295394.875000
295481.796000
295568.714000
295655.634000
295742.555000
295829.472000
295916.390000
296003.312000
296090.229000
296177.148000
296220.608000
296307.527000
296394.448000
296524.826000
296611.744000
296698.663000
296785.584000
296872.501000
296959.420000
297046.341000
297133.259000
297176.719000
297263.638000
297350.557000
297437.476000
297524.395000
297611.316000
297698.234000
297785.153000
297872.074000
297958.991000
298045.910000
298089.370000
298176.289000
298263.211000
298350.127000
298437.047000
298523.969000
298610.885000
298697.804000
298784.725000
298871.643000
298915.104000
299002.021000
299088.941000
299175.861000
299262.781000
299349.698000
299436.618000
299523.537000
299610.456000
299697.375000
299740.835000
299827.754000
299914.673000
