199.983000
399.965000
599.947000
799.929000
999.911000
1199.895000
1399.876000
1599.858000
1799.842000
1999.823000
2199.805000
2399.790000
2599.770000
2799.752000
2999.737000
3199.717000
3399.699000
3599.683000
3799.664000
3999.646000
4199.630000
4399.611000
4599.593000
4799.576000
4999.558000
5199.540000
5399.524000
5599.504000
5799.487000
5999.470000
6199.451000
6399.436000
6599.416000
6799.398000
6999.381000
7199.364000
7399.345000
7599.329000
7799.310000
7999.292000
8199.275000
8399.257000
8599.239000
8799.224000
8999.204000
9199.186000
9399.170000
9599.151000
9799.133000
9999.117000
10199.098000
10399.080000
10599.063000
10799.044000
10999.027000
11199.010000
11398.992000
11598.974000
11798.957000
11998.938000
12198.921000
12398.903000
12598.885000
12798.870000
12998.850000
13198.832000
13398.817000
13598.797000
13798.779000
13998.764000
14198.744000
14398.726000
14598.711000
14798.690000
14998.673000
15198.658000
15398.638000
15598.620000
15798.604000
15998.584000
16198.567000
16398.550000
16598.531000
16798.513000
16998.497000
17198.478000
17398.460000
17598.443000
17798.425000
17998.407000
18198.390000
18398.372000
18598.354000
18798.336000
18998.319000
19198.302000
19398.283000
19598.265000
19798.249000
19998.230000
20198.212000
20398.196000
20598.177000
20798.159000
20998.143000
21198.124000
21398.106000
21598.090000
21798.071000
21998.053000
22198.038000
22398.017000
22598.000000
22797.984000
22997.965000
23197.947000
23397.931000
23597.911000
23797.893000
23997.877000
24197.858000
24397.840000
24597.823000
24797.805000
24997.787000
25197.771000
25397.752000
25597.734000
25797.716000
25997.698000
26197.681000
26397.663000
26597.645000
26797.629000
26997.610000
27197.592000
27397.576000
27597.556000
28397.486000
28597.470000
28797.450000
28997.432000
29197.417000
29397.397000
29597.379000
29797.364000
29997.344000
30197.326000
30397.310000
30597.291000
30797.273000
30997.257000
31197.238000
31397.220000
31597.203000
31797.184000
31997.167000
32197.150000
32397.131000
32597.114000
32797.096000
32997.078000
33197.060000
33397.043000
33597.025000
33797.009000
33996.989000
34196.972000
34396.955000
34596.936000
34796.918000
34996.903000
35196.883000
35396.865000
35596.849000
35796.830000
35996.812000
36196.797000
36396.777000
36596.759000
36796.743000
36996.723000
37196.706000
37396.690000
37596.670000
37796.652000
37996.636000
38196.617000
38396.599000
38596.583000
38796.564000
38996.546000
39196.529000
39396.510000
39596.493000
39796.476000
39996.457000
40196.440000
40396.423000
40596.404000
40796.386000
40996.369000
41196.351000
41396.333000
41596.316000
41796.298000
41996.280000
42196.263000
42396.244000
42596.227000
42796.209000
42996.191000
43196.176000
43396.156000
43596.138000
43796.122000
43996.102000
44196.085000
44396.067000
44596.049000
44796.031000
44996.016000
45195.996000
45395.978000
45595.963000
45795.943000
45995.925000
46195.909000
46395.889000
46595.872000
46795.856000
46995.836000
47195.819000
47395.802000
47595.783000
47795.765000
47995.749000
48195.730000
48395.712000
48595.695000
48795.676000
48995.659000
49195.642000
49395.623000
49595.606000
49795.588000
49995.570000
50195.552000
50395.535000
50595.517000
50795.499000
50995.481000
51195.464000
51395.447000
51595.428000
51795.410000
51995.395000
52195.375000
52395.357000
52595.342000
52795.322000
52995.304000
53195.288000
53395.268000
53595.251000
53795.235000
53995.215000
54195.198000
54395.182000
54595.162000
54795.144000
54995.129000
55195.109000
55395.091000
55595.075000
55795.055000
55995.037000
56195.022000
56395.002000
56594.984000
56794.968000
56994.949000
57194.931000
57394.915000
57594.896000
57794.878000
57994.861000
58194.842000
58394.824000
58594.807000
58794.789000
58994.771000
59194.755000
59394.736000
59594.718000
59794.701000
59994.683000
60194.665000
60394.647000
60594.629000
60794.612000
60994.595000
61194.576000
61394.561000
61594.541000
61794.523000
61994.507000
62194.488000
62394.470000
62594.452000
62794.434000
62994.416000
63194.401000
63394.381000
63594.363000
63794.347000
63994.327000
64194.310000
64394.294000
64594.274000
64794.256000
64994.241000
65194.221000
65394.203000
65594.187000
65794.168000
65994.150000
66194.134000
66394.114000
66594.097000
66794.080000
66994.061000
67194.043000
67394.027000
67594.008000
67793.990000
67993.973000
68193.955000
68393.937000
68593.920000
68793.902000
68993.884000
69193.866000
69393.848000
69593.830000
69793.813000
69993.795000
70193.779000
70393.759000
70593.741000
70793.726000
70993.706000
71193.688000
71393.672000
71593.653000
71793.635000
71993.619000
72193.600000
72393.582000
72593.565000
72793.546000
72993.528000
73193.513000
73393.493000
73593.475000
73793.460000
73993.439000
74193.422000
74393.406000
74593.386000
74793.368000
74993.353000
75193.333000
75393.315000
75593.300000
75793.280000
75993.262000
76193.246000
76393.226000
76593.209000
76793.192000
76993.173000
77193.155000
77393.140000
77593.120000
77793.102000
77993.086000
78193.067000
78393.049000
78593.032000
78793.013000
78992.995000
79192.979000
79392.960000
79592.942000
79792.925000
79992.906000
80192.889000
80392.871000
80592.853000
80792.836000
80992.818000
81192.800000
81392.782000
81592.764000
81792.747000
81992.731000
82192.711000
82392.693000
82592.677000
82792.658000
82992.640000
83192.625000
83392.605000
83592.587000
83792.572000
83992.551000
84192.534000
84392.518000
84592.498000
84792.480000
84992.465000
85192.445000
85392.427000
85592.412000
85792.391000
85992.373000
86192.358000
86392.338000
86592.320000
86792.305000
86992.285000
87192.267000
87392.251000
87592.231000
87792.214000
87992.197000
88192.178000
88392.160000
88592.144000
88792.125000
88992.107000
89192.090000
89392.071000
89592.053000
89792.037000
89992.018000
90192.000000
90391.984000
90591.965000
90791.947000
90991.930000
91191.912000
91391.894000
91591.877000
91791.858000
91991.840000
92191.824000
92391.805000
92591.787000
92791.769000
92991.752000
93191.734000
93391.716000
93591.698000
93791.682000
93991.663000
94191.645000
94391.628000
94591.609000
94791.592000
94991.576000
95191.556000
95391.538000
95591.522000
95791.504000
95991.485000
96191.470000
96391.450000
96591.432000
96791.416000
96991.396000
97191.379000
97391.363000
97591.343000
97791.325000
97991.309000
98191.290000
98391.272000
98591.254000
98791.236000
98991.218000
99191.203000
99391.183000
99591.165000
99791.149000
99991.129000
100191.112000
100391.095000
100591.076000
100791.058000
100991.042000
101191.023000
101391.005000
101590.988000
101790.969000
101990.952000
102190.935000
102390.916000
102590.899000
102790.881000
102990.863000
103190.845000
103390.828000
103590.810000
103790.792000
103990.774000
104190.756000
104390.738000
104590.721000
104790.703000
104990.685000
105190.668000
105390.650000
105590.632000
105790.614000
105990.596000
106190.578000
106390.560000
106590.543000
106790.527000
106990.507000
107190.490000
107390.473000
107590.454000
107790.436000
107990.420000
108190.401000
108390.383000
108590.367000
108790.347000
108990.330000
109190.314000
109390.294000
109590.276000
109790.260000
109990.240000
110190.223000
110390.207000
110590.187000
110790.169000
110990.154000
111190.134000
111390.116000
111590.100000
111790.081000
111990.063000
112190.047000
112390.027000
112590.009000
112789.994000
112989.974000
113189.956000
113389.940000
113589.920000
113789.903000
113989.887000
114189.867000
114389.849000
114589.834000
114789.814000
114989.796000
115189.780000
115389.761000
115589.743000
115789.726000
115989.707000
116189.689000
116389.671000
116589.654000
116789.636000
116989.619000
117189.601000
117389.583000
117589.565000
117789.547000
117989.529000
118189.512000
118389.494000
118589.476000
118789.459000
118989.440000
119189.423000
119389.405000
119589.387000
119789.369000
119989.352000
120189.334000
120389.316000
120589.298000
120789.280000
120989.264000
121189.245000
121389.227000
121589.211000
121789.191000
121989.173000
122189.158000
122389.138000
122589.120000
122789.105000
123189.067000
123389.050000
123589.031000
123789.013000
123988.998000
124188.978000
124388.960000
124588.945000
124788.924000
124988.907000
125188.892000
125388.872000
125588.853000
125788.838000
125988.818000
126188.800000
126388.784000
126588.765000
126788.747000
126988.731000
127188.711000
127388.693000
127588.678000
127788.658000
127988.640000
128188.624000
128388.604000
128588.587000
128788.570000
128988.551000
129188.533000
129388.517000
129588.498000
129788.480000
129988.463000
130188.445000
130388.426000
130588.410000
130788.391000
130988.373000
131188.357000
131388.338000
131588.320000
131788.303000
131988.284000
132188.266000
132388.250000
132588.231000
132788.213000
132988.196000
133188.178000
133388.160000
133588.143000
133788.124000
133988.106000
134188.089000
134388.071000
134588.053000
134788.035000
134988.017000
135188.000000
135387.982000
135587.964000
135787.946000
135987.928000
136187.911000
136387.894000
136587.875000
136787.857000
136987.840000
137187.822000
137387.804000
137587.787000
137787.768000
137987.750000
138187.735000
138387.715000
138587.697000
138787.681000
138987.662000
139187.644000
139387.628000
139587.608000
139787.591000
139987.574000
140187.555000
140387.537000
140587.522000
140787.502000
140987.484000
141187.468000
141387.448000
141587.430000
141787.415000
141987.395000
142187.377000
142387.361000
142587.341000
142787.323000
142987.308000
143187.288000
143387.270000
143587.254000
143787.235000
143987.217000
144187.201000
144387.181000
144587.163000
144787.147000
144987.128000
145187.110000
145387.094000
145587.074000
145787.057000
145987.040000
146187.021000
146387.003000
146586.987000
146786.968000
146986.950000
147186.933000
147386.914000
147586.896000
147786.880000
147986.861000
148186.843000
148386.826000
148586.807000
148786.790000
148986.773000
149186.754000
149386.736000
149586.720000
149786.701000
149986.683000
150186.667000
150386.647000
150586.630000
150786.613000
150986.594000
151186.576000
151386.559000
151586.541000
151786.523000
151986.505000
152186.487000
152386.470000
152586.452000
152786.434000
152986.416000
153186.398000
153386.380000
153586.363000
153786.345000
153986.327000
154186.311000
154386.291000
154586.274000
154786.256000
154986.238000
155186.220000
155386.205000
155586.185000
155786.167000
155986.151000
156186.131000
156386.113000
156586.098000
156786.078000
156986.060000
157186.045000
157386.025000
157586.007000
157785.991000
157985.971000
158185.954000
158385.938000
158585.918000
158785.900000
158985.885000
159185.865000
159385.846000
159585.831000
159785.811000
159985.793000
160185.778000
160385.758000
160585.740000
160785.724000
160985.704000
161185.687000
161385.671000
161585.651000
161785.633000
161985.617000
162185.597000
162385.580000
162585.564000
162785.544000
162985.526000
163185.510000
163385.490000
163585.473000
163785.456000
163985.437000
164185.419000
164385.403000
164585.384000
164785.366000
164985.350000
165185.330000
165385.312000
165585.296000
165785.277000
165985.259000
166185.243000
166385.224000
166585.206000
166785.189000
166985.170000
167185.152000
167385.135000
167585.117000
167785.099000
167985.082000
168385.045000
168585.029000
168785.010000
168984.992000
169184.975000
169384.957000
169584.939000
169784.922000
169984.904000
170184.885000
170384.868000
170584.850000
170784.832000
170984.814000
171184.797000
171384.778000
171584.761000
171784.743000
171984.725000
172184.708000
172384.689000
172584.672000
172784.654000
172984.636000
173184.620000
173384.601000
173584.583000
173784.566000
173984.547000
174184.529000
174384.512000
174584.494000
174784.476000
174984.460000
175184.440000
175384.422000
175584.406000
175784.387000
175984.369000
176184.353000
176384.333000
176584.316000
176784.299000
176984.280000
177184.262000
177384.247000
177584.227000
177784.209000
177984.193000
178184.173000
178384.155000
178584.140000
178784.120000
178984.102000
179184.087000
179384.066000
179584.048000
179784.033000
179984.013000
180183.995000
180383.980000
180583.960000
180783.942000
180983.926000
181183.906000
181383.888000
181583.873000
181783.853000
181983.835000
182183.819000
182383.799000
182583.781000
182783.766000
182983.746000
183183.728000
183383.712000
183583.693000
183783.675000
183983.659000
184183.639000
184383.621000
184583.605000
184783.586000
184983.568000
185183.552000
185383.532000
185583.514000
185783.498000
185983.479000
186183.461000
186383.445000
186583.426000
186783.407000
186983.391000
187183.373000
187383.354000
187583.338000
187783.319000
187983.301000
188183.284000
188383.265000
188583.247000
188783.229000
188983.212000
189183.194000
189383.177000
189583.158000
189783.140000
189983.123000
190183.105000
190383.087000
190583.070000
190783.051000
190983.034000
191183.017000
191382.998000
191582.980000
191782.963000
191982.945000
192182.927000
192382.910000
192582.891000
192782.873000
192982.856000
193182.838000
193382.820000
193582.803000
193782.784000
193982.766000
194182.749000
194382.731000
194582.713000
194782.696000
194982.678000
195182.662000
195382.642000
195582.624000
195782.608000
195982.589000
196182.571000
196382.555000
196582.535000
196782.517000
196982.501000
197182.482000
197382.464000
197582.448000
197782.428000
197982.410000
198182.394000
198382.375000
198582.357000
198782.341000
198982.321000
199182.304000
199382.288000
199582.268000
199782.250000
199982.235000
200182.215000
200382.197000
200582.181000
200782.161000
200982.143000
201182.128000
201382.108000
201582.090000
201782.075000
201982.054000
202182.037000
202382.021000
202582.001000
202781.983000
202981.968000
203181.948000
203381.930000
203581.914000
203781.894000
203981.876000
204181.861000
204381.841000
204581.823000
204781.807000
204981.787000
205181.769000
205381.754000
205581.734000
205781.716000
205981.700000
206181.681000
206381.662000
206581.647000
206781.627000
206981.609000
207181.591000
207381.573000
207581.556000
207781.540000
207981.520000
208181.502000
208381.486000
208581.467000
208781.449000
208981.432000
209181.413000
209381.395000
209581.379000
209781.360000
209981.342000
210181.325000
210381.306000
210581.288000
210781.272000
210981.253000
211181.235000
211381.218000
211581.200000
211781.182000
211981.165000
212181.146000
212381.128000
212581.111000
212781.093000
212981.075000
213181.058000
213381.039000
213581.021000
213781.004000
213980.986000
214180.968000
214380.951000
214580.932000
214780.915000
214980.898000
215180.879000
215380.861000
215580.844000
215780.826000
215980.807000
216180.791000
216380.772000
216580.754000
216780.737000
216980.718000
217180.701000
217380.683000
217580.665000
217780.647000
217980.630000
218180.612000
218380.594000
218580.576000
218780.558000
218980.540000
219180.523000
219380.505000
219580.489000
219780.469000
219980.451000
220180.435000
220380.416000
220580.398000
220780.382000
220980.362000
221180.345000
221380.327000
221580.309000
221780.291000
221980.274000
222180.256000
222380.238000
222580.222000
222780.202000
222980.184000
223180.169000
223380.149000
223580.131000
223780.115000
223980.095000
224180.078000
224380.061000
224580.042000
224780.024000
224980.006000
225179.988000
225379.970000
225579.955000
225779.935000
225979.917000
226179.901000
226379.881000
226579.864000
226779.848000
226979.828000
227179.810000
227379.795000
227579.774000
227779.757000
227979.741000
228179.721000
228379.703000
228579.688000
228779.668000
228979.650000
229179.634000
229379.614000
229579.596000
229779.581000
229979.561000
230179.543000
230379.527000
230579.507000
230779.489000
230979.474000
231179.454000
231379.436000
231579.420000
231779.400000
231979.383000
232179.367000
232379.347000
232579.329000
232779.313000
232979.294000
233179.276000
233379.260000
233579.240000
233779.222000
233979.206000
234179.187000
234379.169000
234579.153000
234779.133000
234979.115000
235179.099000
235379.080000
235579.062000
235779.046000
235979.026000
236179.009000
236378.993000
236578.973000
236778.955000
236978.940000
237178.920000
237378.902000
237578.885000
237778.866000
237978.848000
238178.832000
238378.812000
238578.795000
238778.778000
238978.759000
239178.742000
239378.725000
239578.706000
239778.688000
239978.671000
240178.652000
240378.634000
240578.618000
240778.599000
240978.581000
241178.564000
241378.546000
241578.528000
241778.511000
241978.492000
242178.474000
242378.457000
242578.439000
242778.421000
242978.403000
243178.385000
243378.376000
243578.350000
243778.332000
243978.314000
244178.297000
244378.278000
244578.260000
244778.243000
244978.225000
245178.208000
245378.189000
245578.171000
245778.153000
245978.136000
246178.118000
246378.100000
246578.082000
246778.064000
246978.048000
247178.029000
247378.011000
247577.993000
247777.975000
247977.957000
248177.942000
248377.922000
248577.904000
248777.887000
248977.868000
249177.851000
249377.833000
249577.815000
249777.797000
249977.780000
250177.761000
250377.743000
250577.727000
250777.708000
250977.690000
251177.674000
251377.654000
251577.637000
251777.621000
251977.601000
252177.583000
252377.567000
252577.548000
252777.530000
252977.514000
253177.494000
253377.477000
253577.461000
253777.441000
253977.423000
254177.407000
254377.387000
254577.370000
254777.354000
254977.334000
255177.316000
255377.300000
255577.280000
255777.263000
255977.247000
256177.227000
256377.209000
256577.194000
256777.173000
256977.156000
257177.140000
257377.120000
257577.102000
257777.087000
257977.067000
258177.049000
258377.033000
258577.014000
258776.995000
258976.980000
259176.960000
259376.942000
259576.927000
259776.906000
259976.888000
260176.873000
260376.853000
260576.835000
260776.819000
260976.799000
261176.781000
261376.764000
261576.746000
261776.728000
261976.712000
262176.692000
262376.674000
262576.659000
262776.639000
262976.621000
263176.605000
263376.586000
263576.567000
263776.552000
263976.532000
264176.514000
264376.498000
264576.479000
264776.461000
264976.445000
265176.425000
265376.408000
265576.391000
265776.372000
265976.354000
266176.338000
266376.318000
266576.300000
266776.284000
266976.265000
267176.247000
267376.231000
267576.211000
267776.194000
267976.177000
268176.158000
268576.124000
268776.104000
268976.087000
269176.070000
269376.051000
269576.033000
269776.017000
269975.997000
270175.980000
270375.963000
270575.944000
270775.926000
270975.909000
271175.891000
271375.873000
271575.856000
271775.837000
271975.819000
272175.803000
272375.784000
272575.766000
272775.749000
272975.730000
273175.712000
273375.695000
273575.677000
273775.659000
273975.642000
274175.623000
274375.605000
274575.588000
274775.570000
274975.552000
275175.535000
275375.516000
275575.498000
275775.481000
275975.463000
276175.446000
276375.429000
276575.409000
276775.391000
276975.375000
277175.356000
277375.338000
277575.321000
277775.302000
277975.285000
278175.268000
278375.249000
278575.231000
278775.214000
278975.196000
279175.178000
279375.160000
279575.142000
279775.126000
279975.106000
280175.089000
280375.071000
280575.053000
280775.035000
280975.017000
281174.999000
281374.982000
281574.966000
281774.946000
281974.928000
282174.912000
282374.893000
282574.875000
282774.857000
282974.839000
283174.821000
283374.804000
283574.786000
283774.768000
283974.751000
284174.732000
284374.714000
284574.697000
284774.679000
284974.661000
285174.644000
285374.625000
285574.607000
285774.591000
285974.572000
286174.554000
286374.538000
286574.519000
286774.500000
286974.484000
287174.465000
287374.447000
287574.431000
287774.411000
287974.394000
288174.378000
288374.358000
288574.340000
288774.324000
288974.304000
289174.287000
289374.271000
289574.251000
289774.233000
289974.217000
290174.198000
290374.180000
290574.164000
290774.144000
290974.126000
291174.111000
291374.091000
291574.073000
291774.057000
291974.037000
292174.019000
292374.004000
292573.984000
292773.966000
292973.950000
293173.930000
293373.912000
293573.897000
293773.877000
293973.859000
294173.844000
294373.823000
294573.805000
294773.790000
294973.770000
295173.752000
295373.736000
295573.717000
295773.698000
295973.684000
296173.663000
296373.645000
296573.630000
296773.609000
296973.592000
297173.574000
297373.556000
297573.538000
297773.522000
297973.502000
298173.485000
298373.469000
298573.449000
298773.431000
298973.416000
