499.983000
999.968000
1499.952000
1999.936000
2499.920000
2999.904000
3499.888000
3999.872000
4499.857000
4999.841000
5499.825000
5999.809000
6499.793000
6999.777000
7499.762000
7999.746000
8499.730000
8999.715000
9499.700000
9999.684000
10499.669000
10999.653000
11499.637000
11999.619000
12499.603000
12999.588000
13499.571000
13999.555000
14499.539000
14999.524000
15499.508000
15999.492000
16499.476000
16999.460000
17499.444000
17999.429000
18499.413000
18999.397000
19499.381000
19999.365000
20499.349000
20999.333000
21499.317000
21999.302000
22499.286000
22999.271000
23499.256000
23999.240000
24499.224000
24999.208000
25499.192000
25999.174000
26499.158000
26999.142000
27499.127000
27999.111000
28499.095000
28999.079000
29499.063000
29999.047000
30499.031000
30999.015000
31498.999000
31998.983000
32498.968000
32998.952000
33498.936000
33998.920000
34498.905000
34998.889000
35498.874000
35998.858000
36498.843000
36998.827000
37498.811000
37998.793000
38498.777000
38998.761000
39498.745000
39998.729000
40498.713000
40998.697000
41498.682000
41998.665000
42498.650000
42998.634000
43498.618000
43998.602000
44498.586000
44998.570000
45498.554000
45998.538000
46498.523000
46998.507000
47498.492000
47998.476000
48498.462000
48998.445000
49498.429000
49998.411000
50498.395000
50998.379000
51498.363000
51998.347000
52498.331000
52998.316000
53498.300000
53998.284000
54498.268000
54998.252000
55498.236000
55998.220000
56498.204000
56998.188000
57498.172000
57998.156000
58498.141000
58998.125000
59498.110000
59998.094000
60498.079000
60998.063000
61498.047000
61998.029000
62498.013000
62997.997000
63497.981000
63997.965000
64497.949000
64997.933000
65497.918000
65997.901000
66497.886000
66997.870000
67497.854000
67997.838000
68497.822000
68997.806000
69497.790000
69997.775000
70497.759000
70997.743000
71497.728000
71997.712000
72497.697000
72997.681000
73497.665000
73997.647000
74497.631000
74997.615000
75497.599000
75997.583000
76497.567000
76997.551000
77497.535000
77997.519000
78497.504000
78997.487000
79497.472000
79997.455000
80497.440000
80997.424000
81497.408000
81997.392000
82497.377000
82997.361000
83497.346000
83997.330000
84497.315000
84997.299000
85497.282000
85997.264000
86497.249000
86997.233000
87497.217000
87997.201000
88497.185000
88997.169000
89497.161000
89997.137000
90497.121000
90997.105000
91497.089000
91997.073000
92497.058000
92997.041000
93497.026000
93997.010000
94496.995000
94996.980000
95496.964000
95996.948000
96496.932000
96996.914000
97496.898000
97996.882000
98496.866000
98996.850000
99496.835000
99996.818000
100496.802000
100996.786000
101496.771000
101996.755000
102496.739000
102996.723000
103496.707000
103996.691000
104496.675000
104996.659000
105496.645000
105996.628000
106496.613000
106996.598000
107496.583000
107996.566000
108496.548000
108996.531000
109496.516000
109996.499000
110496.484000
110996.468000
111496.452000
111996.436000
112496.420000
112996.404000
113496.388000
113996.372000
114496.356000
114996.340000
115496.325000
115996.308000
116496.293000
116996.277000
117496.262000
117996.246000
118496.231000
118996.215000
119496.199000
119996.181000
120496.166000
120996.149000
121496.133000
121996.117000
122496.101000
122996.085000
123496.069000
123996.053000
124496.038000
124996.021000
125496.006000
125995.990000
126495.974000
126995.958000
127495.942000
127995.926000
128495.911000
128995.895000
129495.880000
129995.864000
130495.849000
130995.832000
131495.815000
131995.799000
132495.782000
132995.766000
133495.750000
133995.734000
134495.719000
134995.702000
135495.687000
135995.671000
136495.655000
136995.639000
137495.623000
137995.607000
138495.591000
138995.575000
139495.560000
139995.544000
140495.529000
140995.513000
141495.498000
141995.481000
142495.465000
142995.447000
143495.432000
143995.415000
144495.400000
144995.383000
145495.368000
145995.351000
146495.336000
146995.320000
147495.304000
147995.288000
148495.272000
148995.256000
149495.240000
149995.224000
150495.208000
150995.193000
151495.177000
151995.162000
152495.147000
152995.131000
153495.115000
153995.098000
154495.081000
154995.064000
155495.049000
155995.033000
156495.017000
156995.001000
157494.985000
157994.969000
158494.953000
158994.937000
159494.921000
159994.905000
160494.889000
160994.873000
161494.857000
161994.842000
162494.826000
162994.811000
163494.796000
163994.780000
164494.764000
164994.746000
165494.729000
165994.713000
166494.698000
166994.681000
167494.666000
167994.653000
168494.634000
168994.618000
169494.602000
169994.586000
170494.570000
170994.554000
171494.538000
171994.522000
172494.506000
172994.490000
173494.475000
173994.459000
174494.444000
174994.428000
175494.413000
175994.396000
176494.381000
176994.362000
177494.347000
177994.331000
178494.315000
178994.298000
179494.283000
179994.267000
180494.251000
180994.235000
181494.219000
181994.203000
182494.187000
182994.171000
183494.155000
183994.140000
184494.125000
184994.108000
185494.091000
185994.077000
186494.062000
186994.045000
187494.028000
187994.012000
188493.995000
188993.979000
189493.963000
189993.947000
190493.932000
190993.915000
191493.900000
191993.884000
192493.868000
192993.852000
193493.836000
193993.820000
194493.804000
194993.788000
195493.773000
195993.757000
196493.742000
196993.726000
197493.711000
197993.694000
198493.677000
198993.660000
199493.644000
199993.628000
200493.612000
200993.596000
201493.580000
201993.564000
202493.548000
202993.533000
203493.517000
203993.501000
204493.485000
204993.469000
205493.453000
205993.436000
206493.422000
206993.406000
207493.391000
207993.375000
208493.359000
208993.342000
209493.326000
209993.309000
210493.293000
210993.277000
211493.261000
211993.245000
212493.229000
212993.214000
213493.197000
213993.181000
214493.166000
214993.149000
215493.133000
215993.117000
216493.102000
216993.085000
217493.070000
217993.055000
218493.040000
218993.024000
219493.008000
219992.991000
220492.976000
220992.958000
221492.942000
221992.926000
222492.910000
222992.894000
223492.878000
223992.862000
224492.847000
224992.830000
225492.814000
225992.798000
226492.782000
226992.766000
227492.750000
227992.735000
228492.719000
228992.703000
229492.688000
229992.672000
230492.657000
230992.640000
231492.623000
231992.606000
232492.591000
232992.575000
233492.559000
233992.543000
234492.527000
234992.511000
235492.495000
235992.479000
236492.463000
236992.447000
237492.431000
237992.415000
238492.399000
238992.383000
239492.368000
239992.352000
240492.337000
240992.322000
241492.306000
241992.289000
242492.272000
242992.255000
243492.240000
243992.223000
244492.208000
244992.191000
245492.176000
245992.159000
246492.144000
246992.127000
247492.112000
247992.096000
248492.080000
248992.064000
249492.048000
249992.032000
250492.017000
250992.001000
251491.986000
251991.970000
252491.954000
252991.938000
253491.921000
253991.904000
254491.888000
254991.872000
255491.856000
255991.840000
256491.824000
256991.808000
257491.792000
257991.776000
258491.760000
258991.745000
259491.729000
259991.713000
260491.697000
260991.681000
261491.666000
261991.649000
262491.633000
262991.617000
263491.603000
263991.586000
264491.569000
264991.553000
265491.537000
265991.520000
266491.505000
266991.489000
267491.473000
267991.457000
268491.441000
268991.425000
269491.409000
269991.393000
270491.377000
270991.361000
271491.345000
271991.329000
272491.314000
272991.299000
273491.284000
273991.267000
274491.252000
274991.234000
275491.217000
275991.201000
276491.186000
276991.169000
277491.154000
277991.137000
278491.121000
278991.105000
279491.090000
279991.073000
280491.058000
280991.042000
281491.026000
281991.010000
282490.994000
282990.978000
283490.963000
283990.947000
284490.932000
284990.916000
285490.900000
285990.882000
286490.866000
286990.850000
287490.834000
287990.818000
288490.802000
288990.786000
289490.770000
289990.754000
290490.738000
290990.722000
291490.706000
291990.690000
292490.674000
292990.658000
293490.643000
293990.627000
294490.612000
294990.596000
295490.581000
295990.565000
296490.549000
296990.532000
