66.654000
133.309000
199.963000
266.617000
333.272000
399.927000
466.581000
533.235000
599.890000
666.544000
733.199000
799.853000
866.508000
933.162000
999.817000
1066.471000
1133.125000
1199.780000
1266.434000
1333.089000
1399.743000
1466.397000
1599.707000
1666.362000
1733.017000
1866.325000
1932.980000
1999.635000
2066.290000
2199.599000
2266.254000
2332.909000
2466.216000
2532.870000
2599.526000
2666.179000
2799.486000
2866.141000
2932.795000
3066.104000
3132.759000
3199.413000
3266.067000
3399.377000
3466.031000
3532.685000
3599.340000
3732.649000
3799.303000
3865.957000
3999.266000
4065.921000
4132.575000
4199.230000
4332.539000
4399.193000
4465.848000
4532.502000
4665.811000
4732.465000
4799.120000
4865.774000
4999.083000
5065.738000
5132.393000
5265.703000
5332.357000
5399.012000
5532.320000
5598.975000
5665.630000
5732.285000
5865.591000
5932.247000
5998.900000
6065.554000
6198.863000
6265.517000
6332.173000
6398.827000
6532.135000
6598.790000
6665.444000
6798.753000
6865.407000
6932.062000
7065.371000
7132.025000
7198.679000
7331.988000
7398.643000
7465.297000
7598.606000
7665.261000
7731.915000
7865.224000
7931.879000
7998.532000
8131.842000
8198.497000
8265.151000
8398.461000
8465.115000
8531.769000
8665.079000
8731.735000
8865.043000
8931.697000
8998.351000
9131.660000
9198.312000
9264.967000
9398.276000
9464.930000
9531.584000
9664.894000
9731.548000
9798.203000
9864.857000
9998.166000
10064.820000
10131.475000
10198.129000
10331.438000
10398.092000
10464.747000
10531.401000
10664.710000
10731.364000
10798.019000
10931.328000
10997.982000
11064.637000
11131.291000
11264.600000
11331.254000
11397.909000
11464.564000
11597.873000
11664.528000
11731.184000
11797.837000
11931.146000
11997.801000
12064.455000
12131.109000
12264.418000
12331.073000
12397.727000
12464.379000
12597.689000
12664.343000
12730.998000
12864.306000
12930.960000
12997.616000
13064.270000
13197.578000
13264.233000
13330.887000
13397.542000
13530.850000
13597.505000
13664.160000
13730.814000
13864.122000
13930.777000
13997.432000
14064.086000
14197.395000
14264.049000
14330.703000
14397.358000
14530.667000
14597.322000
14663.976000
14730.631000
14863.941000
14930.595000
14997.250000
15130.559000
15197.213000
15263.868000
15397.177000
15463.831000
15530.483000
15597.137000
15730.447000
15797.101000
15863.755000
15997.064000
16063.719000
16130.374000
16197.027000
16330.336000
16396.991000
16463.645000
16530.299000
16663.609000
16730.263000
16796.917000
16930.226000
16996.881000
17063.535000
17130.189000
17263.498000
17330.153000
17396.807000
17463.461000
17596.770000
17663.425000
17730.081000
17796.734000
17930.044000
17996.699000
18063.354000
18130.007000
18263.317000
18329.971000
18396.626000
18529.934000
18596.587000
18663.241000
18729.896000
18863.204000
18929.859000
18996.513000
19063.168000
19196.476000
19263.131000
19329.785000
19396.440000
19529.748000
19596.403000
19663.058000
19796.366000
19863.021000
19929.675000
20062.984000
20129.639000
20196.293000
20329.601000
20396.256000
20529.565000
20596.219000
20662.874000
20796.182000
20862.837000
20996.146000
21062.800000
21129.455000
21262.766000
21329.420000
21396.075000
21529.383000
21596.037000
21662.690000
21795.999000
21862.653000
21995.962000
22062.617000
22129.271000
22262.580000
22329.234000
22395.889000
22462.543000
22595.852000
22662.506000
22729.162000
22795.815000
22929.124000
22995.778000
23062.433000
23195.742000
23262.396000
23329.051000
23395.705000
23529.014000
23595.668000
23662.323000
23728.978000
23862.287000
23928.941000
23995.596000
24062.252000
24195.560000
24262.215000
24328.869000
24395.523000
24528.832000
24595.486000
24662.139000
24795.448000
24862.102000
24928.757000
24995.411000
25128.720000
25195.374000
25262.030000
25395.338000
25461.992000
25528.646000
25595.300000
25728.610000
25795.264000
25861.918000
25928.573000
26061.882000
26128.536000
26195.191000
26261.845000
26395.154000
26461.808000
26528.462000
26661.771000
26728.426000
26795.081000
26861.736000
26995.045000
27061.699000
27128.354000
27195.009000
27328.318000
27394.972000
27461.644000
27528.280000
27661.588000
27728.245000
27794.899000
27861.551000
27994.860000
28061.514000
28128.169000
28194.823000
28328.132000
28394.786000
28461.440000
28594.749000
28661.404000
28728.059000
28794.712000
28928.021000
28994.676000
29061.331000
29194.639000
29261.294000
29327.948000
29394.603000
29527.911000
29594.566000
29661.220000
29794.529000
29861.184000
29927.839000
29994.493000
30127.803000
30194.458000
30261.112000
30394.421000
30461.076000
30527.729000
30661.038000
30727.691000
30794.345000
30927.654000
30994.308000
31060.963000
31194.272000
31260.926000
31327.581000
31394.235000
31527.544000
31594.198000
31660.852000
31794.161000
31860.816000
31927.470000
31994.124000
32127.433000
32194.088000
32260.742000
32394.051000
32460.706000
32527.360000
32660.669000
32727.323000
32793.978000
32927.287000
32993.942000
33127.251000
33193.906000
33260.560000
33393.870000
33460.523000
33593.832000
33660.487000
33727.140000
33860.448000
33927.103000
33993.757000
34127.066000
34193.720000
34327.029000
34393.684000
34460.339000
34593.647000
34660.301000
34726.956000
34860.264000
34926.919000
35060.228000
35126.882000
35193.536000
35326.845000
35393.500000
35460.154000
35593.463000
35660.118000
35726.774000
35793.427000
35926.737000
35993.391000
36060.046000
36193.356000
36260.009000
36326.664000
36393.319000
36526.626000
36593.280000
36659.933000
36793.242000
36859.897000
36926.551000
36993.205000
37126.515000
37193.169000
37259.823000
37326.478000
37459.787000
37526.441000
37593.096000
37726.404000
37793.059000
37859.713000
37926.367000
38059.676000
38126.330000
38192.985000
38326.294000
38392.948000
38459.602000
38526.257000
38659.566000
38726.221000
38792.876000
38859.530000
38992.839000
39059.494000
39126.149000
39192.803000
39326.112000
39392.767000
39459.421000
39592.728000
39659.382000
39726.037000
39792.691000
39926.000000
39992.654000
40059.309000
40192.617000
40259.272000
40325.926000
40459.235000
40525.889000
40592.544000
40659.198000
40792.507000
40859.161000
40925.816000
40992.470000
41125.779000
41192.433000
41259.088000
41325.742000
41459.051000
41525.705000
41592.360000
41725.670000
41792.324000
41858.979000
41925.633000
42058.943000
42125.597000
42192.252000
42325.560000
42392.215000
42458.869000
42592.176000
42658.831000
42725.485000
42792.139000
42925.448000
42992.102000
43058.758000
43125.411000
43258.720000
43325.375000
43392.029000
43525.338000
43591.992000
43658.646000
43791.955000
43858.610000
43925.264000
43991.919000
44125.227000
44191.882000
44258.537000
44325.191000
44458.499000
44525.154000
44591.809000
44658.463000
44791.773000
44858.427000
44925.082000
45058.392000
45125.046000
45191.700000
45258.354000
45791.588000
45924.896000
45991.551000
46124.860000
46191.514000
46324.823000
46391.478000
46524.786000
46591.441000
46658.095000
46791.404000
46858.058000
46924.713000
47058.021000
47124.676000
47191.330000
47324.639000
47391.294000
47524.603000
47591.257000
47657.912000
47791.221000
47857.876000
47924.531000
47991.185000
48124.494000
48191.148000
48257.802000
48391.112000
48457.764000
48524.419000
48591.073000
48724.382000
48791.036000
48857.691000
48924.345000
49057.654000
49124.308000
49190.962000
49324.271000
49390.926000
49457.581000
49524.234000
49657.543000
49724.198000
49790.852000
49857.506000
49990.815000
50057.470000
50124.124000
50257.433000
50324.087000
50390.742000
50457.396000
50590.706000
50657.360000
50724.018000
51257.251000
51323.905000
51457.213000
51523.867000
51590.521000
51657.176000
51790.484000
51857.139000
51923.793000
52057.102000
52123.757000
52190.411000
52257.065000
52390.374000
52457.029000
52523.683000
52656.992000
52723.646000
52790.380000
52856.955000
52990.264000
53056.918000
53123.572000
53256.881000
53323.536000
53390.191000
53456.844000
53590.153000
53656.808000
53723.463000
53790.116000
53923.426000
53990.082000
54056.736000
54190.044000
54256.697000
54323.352000
54390.006000
54523.315000
54589.969000
54656.624000
54723.279000
54856.587000
54923.242000
54989.896000
55123.205000
55189.859000
55256.514000
55323.168000
55456.477000
55523.131000
55589.786000
55723.095000
55789.749000
55856.403000
55923.058000
56056.366000
56123.021000
56189.675000
56322.985000
56389.639000
56456.295000
56522.948000
56656.258000
56722.913000
56789.567000
56856.221000
56989.530000
57056.185000
57122.837000
57256.146000
57322.800000
57389.455000
57456.109000
57589.418000
57656.072000
57722.727000
57789.381000
57922.690000
57989.344000
58055.999000
58189.307000
58255.962000
58389.271000
58455.925000
58522.579000
58655.888000
58722.543000
58855.851000
58922.506000
59055.815000
59122.469000
59189.124000
59322.433000
59389.088000
59522.397000
59589.052000
59655.707000
59789.016000
59855.670000
59922.323000
60055.633000
60122.287000
60255.594000
60322.249000
60455.557000
60522.212000
60588.866000
60722.175000
60788.829000
60922.138000
60988.792000
61055.447000
61188.756000
61255.410000
61322.065000
61388.719000
61522.028000
61588.682000
61655.337000
61788.645000
61855.300000
61921.954000
62055.263000
62121.918000
62188.572000
62321.881000
62388.536000
62455.192000
62521.846000
62655.155000
62721.809000
62788.463000
62921.771000
62988.425000
63055.081000
63188.388000
63255.043000
63321.697000
63388.351000
63521.660000
63588.314000
63654.969000
63788.277000
63854.932000
63921.587000
63988.241000
64121.549000
64188.204000
64254.858000
64388.167000
64454.822000
64521.476000
64588.130000
64721.440000
64788.094000
64854.750000
64921.402000
65054.712000
65121.366000
65188.021000
65321.331000
65387.985000
65454.640000
65587.949000
65654.603000
65721.260000
65787.911000
65921.218000
65987.873000
66121.182000
66187.836000
66254.490000
66321.145000
66454.454000
66521.108000
66587.762000
66654.417000
66787.726000
66854.380000
66921.034000
67054.344000
67120.998000
67187.652000
67320.961000
67387.616000
67454.270000
67520.925000
67654.233000
67720.888000
67787.542000
67854.197000
67987.506000
68054.161000
68120.815000
68254.125000
68320.780000
68387.435000
68454.089000
68587.397000
68654.051000
68720.705000
68854.012000
68920.667000
68987.321000
69053.976000
69187.284000
69253.939000
69320.593000
69387.248000
69520.556000
69587.211000
69653.865000
69720.520000
69853.828000
69920.483000
69987.137000
70120.446000
70187.101000
70253.755000
70320.409000
70453.718000
70520.373000
70587.027000
70653.681000
70786.990000
70853.645000
70986.954000
71053.610000
71186.918000
71253.573000
71386.883000
71453.537000
71520.191000
71653.499000
71720.154000
71853.461000
71920.115000
71986.769000
72120.078000
72186.733000
72253.387000
72386.696000
72453.350000
72586.659000
72653.313000
72719.968000
72853.277000
72919.931000
72986.585000
73119.894000
73186.549000
73253.203000
73386.512000
73453.167000
73519.821000
73653.130000
73719.784000
73786.439000
73919.748000
73986.403000
74053.058000
74119.712000
74253.021000
74319.676000
74386.330000
74452.984000
74586.291000
74652.945000
74719.603000
74786.254000
74919.563000
74986.218000
75052.872000
75186.181000
75252.835000
75319.490000
75386.144000
75519.453000
75586.107000
75652.762000
75719.416000
75852.725000
75919.379000
75986.033000
76119.342000
76185.997000
76252.652000
76319.305000
76452.614000
76519.269000
76585.923000
76652.578000
76785.888000
76852.542000
76919.197000
76985.851000
77119.161000
77185.815000
77252.469000
77385.777000
77452.431000
77585.739000
77652.394000
77719.048000
77852.357000
77919.011000
77985.666000
78052.320000
78185.629000
78252.283000
78318.938000
78452.247000
78518.901000
78585.555000
78718.864000
78785.518000
78852.173000
78918.827000
79052.136000
79118.790000
79185.445000
79318.754000
79385.408000
79452.063000
79585.372000
79652.027000
79718.682000
79785.336000
79918.645000
79985.300000
80051.955000
80185.262000
80251.918000
80318.572000
80385.226000
80518.533000
80585.187000
80651.842000
80785.151000
80851.805000
80918.459000
80985.114000
81118.423000
81185.077000
81251.731000
81318.386000
81451.695000
81518.349000
81585.003000
81718.312000
81784.967000
81851.621000
81918.275000
82051.585000
82118.239000
82184.893000
82318.202000
82384.857000
82451.512000
82518.166000
82651.475000
82718.130000
82784.786000
82851.439000
82984.748000
83051.403000
83118.056000
83251.363000
83318.018000
83384.672000
83451.326000
83584.635000
83651.290000
83717.944000
83851.253000
83917.907000
83984.562000
84117.871000
84184.525000
84251.179000
84384.489000
84451.144000
84517.797000
84651.106000
84717.760000
84784.415000
84917.724000
84984.378000
85117.687000
85184.342000
85250.996000
85384.306000
85450.960000
85517.615000
85650.924000
85717.580000
85850.887000
85917.542000
86050.850000
86117.503000
86184.157000
86317.466000
86384.120000
86450.775000
86584.084000
86650.738000
86717.393000
86784.047000
86917.356000
86984.010000
87050.665000
87183.973000
87250.628000
87317.283000
87383.937000
87517.245000
87583.899000
87650.554000
87717.209000
87850.517000
87917.172000
87983.826000
88117.135000
88183.790000
88250.445000
88317.099000
88450.408000
88517.063000
88583.718000
88650.372000
88783.681000
88850.335000
88916.988000
89050.297000
89116.951000
89183.605000
89250.260000
89383.569000
89450.223000
89516.877000
89583.532000
89716.840000
89783.495000
89850.151000
89916.803000
90050.113000
90116.767000
90183.421000
90316.730000
90383.385000
90450.039000
90516.693000
90650.002000
90716.657000
90783.312000
90849.965000
90983.274000
91049.930000
91116.583000
91249.893000
91316.548000
91383.203000
91516.511000
91583.166000
91649.820000
91716.474000
91849.781000
91916.436000
91983.090000
92049.745000
92183.053000
92249.708000
92316.362000
92449.671000
92516.325000
92582.980000
92649.634000
92782.943000
92849.597000
92916.252000
92982.906000
93116.215000
93182.870000
93249.524000
93316.178000
93449.487000
93516.141000
93582.796000
93716.105000
93782.759000
93849.414000
93916.068000
94049.382000
94116.032000
94182.687000
94249.342000
94382.651000
94449.306000
94515.959000
94649.268000
94715.923000
94782.575000
94915.884000
94982.538000
95049.193000
95115.847000
95249.156000
95315.810000
95382.465000
95449.119000
95582.428000
95649.082000
95715.737000
95782.391000
95915.700000
95982.354000
96049.009000
96182.317000
96248.972000
96315.626000
96382.281000
96515.589000
96582.244000
96648.898000
96782.208000
96848.862000
96982.171000
97048.826000
97115.481000
97248.790000
97315.444000
97448.754000
97515.406000
97582.061000
97715.369000
97782.023000
97848.677000
97981.986000
98048.641000
98115.295000
98248.604000
98315.258000
98448.567000
98515.222000
98581.876000
98715.185000
98781.839000
98848.493000
98981.802000
99048.457000
99181.766000
99248.420000
99315.074000
99448.383000
99515.038000
99581.693000
99648.347000
99781.656000
99848.312000
99981.621000
100048.275000
100114.931000
100248.238000
100314.893000
100381.548000
100448.200000
100581.508000
100648.162000
100714.817000
100848.126000
100914.780000
101048.089000
101114.743000
101181.398000
101314.706000
101381.361000
101448.015000
101581.324000
101647.979000
101781.287000
101847.942000
101914.596000
102047.905000
102114.560000
102181.213000
102314.522000
102381.177000
102447.831000
102581.141000
102647.794000
102714.449000
102847.758000
102914.412000
102981.066000
103114.375000
103181.031000
103247.686000
103380.995000
103447.647000
103514.302000
103647.610000
103714.265000
103780.919000
103914.228000
103980.882000
104047.537000
104180.846000
104247.500000
104314.155000
104447.463000
104514.118000
104580.772000
104714.081000
104780.735000
104914.044000
104980.698000
105047.353000
105180.662000
105247.317000
105313.970000
105447.280000
105513.934000
105580.589000
105713.899000
105780.553000
105847.208000
105980.517000
106047.171000
106113.825000
106247.134000
106313.786000
106380.441000
106513.750000
106580.404000
106647.058000
106780.367000
106847.022000
106913.676000
107046.985000
107113.639000
107180.293000
107313.602000
107380.257000
107446.911000
107580.220000
107646.874000
107713.529000
107846.838000
107913.492000
107980.146000
108113.455000
108180.110000
108246.764000
108380.074000
108446.729000
108513.383000
108646.693000
108713.347000
108780.001000
108913.311000
108979.965000
109046.619000
109179.926000
109246.580000
109313.235000
109446.543000
109513.198000
109646.507000
109713.161000
109846.470000
109913.124000
110046.433000
110113.087000
110179.742000
110313.051000
110379.705000
110513.014000
110579.668000
110712.977000
110779.631000
110912.940000
110979.595000
111046.249000
111179.559000
111312.868000
111379.523000
111512.832000
111579.486000
111646.141000
111779.450000
111846.104000
111979.411000
112046.065000
112112.719000
112246.029000
112312.683000
112379.337000
112512.646000
112579.300000
112645.955000
112779.263000
112845.918000
112912.572000
113045.881000
113112.536000
113179.190000
113312.499000
113379.153000
113445.808000
113579.116000
113645.771000
113712.426000
113845.734000
113912.389000
113979.043000
114112.352000
114179.008000
114245.662000
114378.971000
114445.626000
114512.280000
114645.589000
114712.244000
114778.896000
114912.205000
114978.859000
115112.167000
115178.822000
115245.476000
115378.785000
115445.440000
115512.094000
115645.403000
115712.057000
115778.711000
115912.021000
115978.675000
116045.329000
116178.638000
116245.292000
116311.947000
116445.256000
116511.911000
116578.564000
116711.874000
116778.529000
116845.183000
116978.492000
117045.147000
117111.801000
117245.111000
117311.766000
117378.420000
117511.728000
117578.383000
117645.036000
117778.344000
117844.998000
117911.652000
118044.961000
118111.616000
118178.270000
118311.579000
118378.233000
118444.888000
118578.197000
118644.851000
118711.506000
118844.814000
118911.468000
118978.123000
119111.432000
119178.086000
119244.741000
119378.049000
119444.711000
119511.358000
119644.667000
119711.322000
119777.976000
119911.285000
119977.941000
120044.595000
120177.904000
120244.559000
120311.213000
120444.522000
120511.176000
120577.828000
120711.137000
120777.792000
120844.446000
120977.755000
121044.409000
121111.064000
121244.373000
121311.027000
121444.336000
121510.990000
121577.644000
121710.953000
121777.608000
121844.262000
121977.571000
122044.226000
122110.880000
122244.189000
122310.843000
122444.152000
122510.806000
122577.461000
122710.770000
122777.425000
122910.734000
122977.389000
123110.698000
123177.353000
123310.661000
123377.316000
123510.622000
123577.277000
123643.931000
123777.240000
123843.894000
123977.203000
124043.858000
124177.166000
124243.821000
124377.130000
124443.784000
124577.093000
124643.747000
124710.402000
124843.710000
124910.365000
124977.019000
125110.328000
125176.983000
125243.637000
125376.946000
125443.601000
125510.255000
125643.564000
125710.219000
125776.874000
125910.183000
125976.838000
126043.492000
126176.801000
126243.454000
126376.762000
126443.416000
126510.070000
126643.379000
126710.034000
126776.688000
126909.997000
126976.651000
127043.306000
127176.614000
127243.269000
127309.923000
127443.232000
127509.887000
127576.541000
127709.850000
127776.504000
127843.158000
127976.467000
128043.122000
128109.776000
128243.085000
128309.740000
128376.394000
128509.704000
128576.358000
128643.012000
128776.322000
128842.977000
128909.631000
129042.940000
129109.594000
129176.247000
129309.556000
129376.210000
129442.864000
129576.173000
129642.827000
129709.482000
129842.791000
129909.445000
129976.099000
130109.408000
130176.063000
130242.717000
130376.026000
130442.680000
130509.334000
130642.643000
130709.298000
130775.952000
130909.261000
130975.915000
131042.570000
131175.879000
131242.533000
131309.188000
131442.497000
131509.152000
131575.806000
131709.116000
131775.770000
131842.425000
131975.734000
132042.388000
132109.041000
132242.349000
132309.003000
132375.658000
132508.967000
132575.621000
132642.276000
132775.584000
132842.239000
132908.893000
133042.202000
133108.856000
133175.511000
133308.820000
133375.474000
133442.128000
133575.437000
133642.092000
133708.746000
133842.055000
133908.709000
133975.364000
134108.673000
134175.328000
134241.982000
134375.292000
134441.946000
134508.601000
134641.910000
134708.565000
134775.218000
134908.527000
134975.182000
135108.488000
135175.143000
135241.797000
135375.106000
135441.760000
135575.069000
135641.724000
135775.033000
135841.687000
135908.341000
136041.650000
136108.305000
136241.613000
136308.268000
136441.577000
136508.231000
136641.540000
136708.194000
136841.503000
136908.158000
137041.467000
137108.121000
137174.776000
137308.085000
137374.740000
137508.049000
137574.704000
137641.358000
137774.666000
137841.343000
137907.973000
138041.282000
138107.937000
138241.245000
138307.900000
138374.555000
138507.863000
138574.517000
138641.172000
138707.826000
138841.136000
138907.790000
139041.098000
139107.753000
139174.407000
139241.061000
139374.370000
139441.025000
139507.679000
139640.988000
139707.643000
139840.951000
139907.606000
139974.260000
140107.570000
140174.224000
140240.879000
140374.189000
140440.843000
140507.497000
140640.806000
140707.460000
140774.114000
140907.422000
140974.076000
141040.731000
141174.039000
141240.694000
141374.003000
141440.657000
141507.311000
141640.620000
141707.274000
141773.929000
141907.238000
141973.892000
142040.547000
142173.855000
142240.510000
142307.164000
142440.473000
142507.127000
142573.782000
142707.091000
142773.746000
142840.400000
142973.709000
143040.364000
143107.019000
143240.328000
143306.982000
143373.637000
143506.945000
143573.600000
143640.253000
143773.561000
143840.215000
143906.870000
144040.179000
144106.833000
144173.487000
144306.797000
144373.451000
144440.106000
144573.414000
144640.069000
144706.723000
144840.032000
144906.686000
144973.340000
145106.649000
145173.304000
145306.612000
145373.267000
145439.921000
145573.230000
145639.885000
145706.541000
145839.848000
145906.503000
145973.158000
146106.467000
146173.122000
146239.776000
146373.085000
146439.740000
146506.393000
146639.700000
146706.355000
146773.009000
146906.318000
146972.972000
147039.628000
147172.936000
147239.590000
147306.245000
147439.553000
147506.208000
147572.862000
147706.171000
147772.825000
147839.480000
147972.788000
148106.097000
148172.752000
148239.406000
148372.715000
148439.369000
148572.678000
148639.333000
148772.643000
148839.298000
148972.606000
149039.261000
149105.916000
149239.225000
149305.879000
149439.186000
149505.841000
149572.494000
149705.803000
149772.457000
149905.766000
149972.421000
150105.729000
150172.384000
150239.038000
150372.347000
150439.003000
150505.656000
150638.965000
150705.619000
150772.274000
150905.582000
150972.238000
151038.892000
151172.200000
151238.855000
151305.509000
151438.818000
151505.473000
151572.127000
151705.436000
151772.090000
151838.744000
151972.053000
152038.708000
152105.361000
152238.670000
152305.325000
152371.982000
152505.288000
152571.943000
152638.597000
152771.906000
152838.560000
152905.214000
153038.524000
153105.178000
153171.832000
153305.141000
153371.796000
153438.450000
153571.759000
153638.413000
153705.068000
153838.376000
153905.031000
153971.685000
154104.994000
154171.648000
154238.303000
154371.612000
154438.266000
154504.921000
154638.230000
154704.885000
154771.539000
154904.849000
154971.503000
155038.158000
155171.466000
155238.122000
155304.773000
155438.082000
155504.737000
155571.391000
155704.700000
155771.354000
155838.008000
155971.317000
156037.972000
156104.626000
156237.935000
156304.589000
156437.898000
156504.552000
156571.208000
156704.516000
156771.170000
156837.824000
156971.133000
157037.788000
157104.442000
157237.751000
157304.405000
157371.061000
157504.369000
157571.024000
157637.679000
157770.988000
157837.643000
157904.297000
158037.606000
158104.260000
158170.914000
158304.221000
158370.876000
158437.530000
158570.839000
158637.494000
158704.148000
158837.457000
158904.111000
158970.765000
159104.075000
159170.729000
159237.383000
159370.692000
159437.346000
159504.001000
159637.309000
159703.964000
159770.618000
159903.927000
159970.582000
160037.236000
160170.545000
160237.199000
160303.854000
160437.163000
160503.818000
160570.472000
160703.782000
160770.437000
160903.746000
160970.400000
161037.054000
161170.361000
161237.015000
161370.324000
161436.979000
161570.287000
161636.942000
161703.596000
161836.905000
161903.559000
162036.868000
162103.523000
162236.831000
162303.486000
162370.140000
162503.449000
162570.103000
162703.412000
162770.067000
162836.721000
162970.030000
163036.685000
163169.993000
163236.648000
163303.303000
163436.612000
163503.267000
163569.921000
163703.230000
163769.885000
163836.539000
163969.848000
164036.503000
164103.155000
164236.463000
164303.118000
164369.773000
164503.081000
164569.736000
164636.390000
164769.699000
164836.354000
164969.662000
165036.317000
165102.971000
165236.280000
165302.934000
165369.590000
165436.243000
165569.552000
165636.206000
165769.515000
165836.170000
165902.824000
165969.478000
166102.788000
166169.443000
166302.752000
166369.406000
166502.716000
166569.371000
166636.024000
166769.334000
166835.987000
166969.296000
167035.950000
167102.603000
167235.912000
167302.566000
167369.221000
167502.530000
167569.184000
167635.838000
167769.147000
167835.802000
167902.456000
168035.765000
168102.419000
168169.073000
168302.383000
168369.037000
168435.691000
168569.000000
168635.655000
168702.313000
168835.618000
168902.272000
168968.926000
169102.236000
169168.890000
169235.546000
169368.855000
169435.510000
169502.164000
169635.473000
169702.127000
169768.781000
169902.090000
169968.744000
170035.397000
170168.706000
170235.360000
170302.015000
170435.323000
170501.978000
170568.633000
170701.941000
170768.595000
170835.250000
170968.559000
171035.213000
171101.867000
171235.176000
171301.831000
171435.140000
171501.794000
171568.449000
171635.103000
171768.412000
171835.066000
171968.375000
172035.030000
172101.685000
172168.339000
172301.649000
172368.304000
172434.958000
172568.267000
172634.921000
172701.576000
172834.884000
172901.536000
173034.845000
173101.500000
173168.154000
173301.463000
173368.117000
173434.772000
173568.081000
173634.735000
173768.044000
173834.698000
173968.007000
174034.661000
174101.316000
174234.625000
174301.279000
174434.588000
174501.242000
174634.551000
174701.206000
174767.860000
174901.169000
174967.824000
175101.133000
175167.788000
175301.097000
175367.752000
175434.406000
175567.715000
175634.369000
175767.678000
175834.331000
175967.639000
176034.294000
176100.948000
176234.257000
176300.912000
176367.566000
176500.875000
176567.529000
176634.183000
176767.492000
176834.147000
176900.801000
177034.110000
177100.764000
177167.418000
177300.727000
177367.383000
177500.691000
177567.345000
177634.000000
177767.308000
177833.963000
177900.618000
178033.928000
178100.582000
178167.236000
178300.546000
178367.200000
178433.855000
178567.163000
178633.817000
178700.472000
178833.779000
178900.433000
178967.087000
179100.396000
179167.051000
179233.705000
179367.014000
179433.669000
179500.323000
179633.632000
179700.286000
179766.940000
179900.249000
179966.904000
180033.558000
180166.867000
180233.521000
180300.176000
180433.485000
180500.139000
180566.793000
180700.103000
180766.757000
180833.412000
180966.721000
181033.377000
181100.030000
181233.340000
181299.994000
181433.303000
181499.957000
181566.612000
181699.920000
181766.573000
181833.227000
181966.536000
182033.190000
182099.845000
182233.154000
182299.808000
182366.463000
182499.771000
182566.426000
182633.080000
182766.389000
182833.043000
182899.698000
183033.007000
183099.661000
183166.315000
183299.624000
183366.279000
183432.933000
183566.242000
183632.897000
183699.554000
183832.861000
183899.516000
183966.170000
184099.479000
184166.134000
184232.788000
184366.097000
184432.751000
184499.405000
184632.712000
184699.367000
184766.021000
184899.330000
184965.984000
185032.639000
185165.948000
185232.602000
185299.256000
185432.565000
185499.220000
185565.874000
185699.183000
185765.837000
185832.492000
185965.801000
186032.455000
186099.109000
186232.418000
186299.072000
186432.381000
186499.036000
186632.345000
186699.000000
186832.309000
186898.965000
187032.273000
187098.928000
187165.582000
187298.892000
187365.546000
187498.854000
187565.510000
187698.815000
187765.470000
187832.124000
187965.433000
188032.087000
188165.396000
188232.050000
188365.359000
188432.013000
188565.322000
188631.977000
188765.286000
188831.940000
188898.594000
189031.903000
189098.558000
189165.212000
189298.521000
189365.176000
189431.830000
189565.140000
189631.794000
189698.448000
189831.758000
189898.412000
189965.068000
190031.722000
190165.031000
190231.685000
190298.338000
190431.648000
190498.303000
190564.955000
190698.264000
190764.919000
190831.572000
190964.881000
191031.537000
191098.190000
191231.499000
191431.462000
191498.117000
191631.425000
191698.080000
191764.734000
191898.043000
191964.698000
192098.006000
192164.661000
192231.315000
192364.624000
192431.278000
192497.933000
192631.242000
192697.897000
192764.552000
192897.861000
192964.516000
193031.171000
193164.479000
193231.134000
193297.787000
193431.094000
193497.749000
193564.403000
193697.712000
193764.367000
193831.021000
193964.330000
194030.984000
194097.639000
194230.947000
194297.602000
194430.911000
194497.565000
194564.219000
194697.528000
194764.182000
194830.837000
194964.146000
195030.800000
195097.455000
195230.764000
195297.418000
195430.727000
195497.382000
195564.036000
195697.345000
195764.000000
195830.655000
195963.964000
196030.619000
196097.273000
196230.582000
196297.236000
196430.543000
196497.197000
196563.852000
196697.161000
196763.815000
196897.124000
196963.778000
197030.433000
197163.742000
197230.396000
197297.050000
197430.359000
197497.014000
197563.668000
197696.977000
197763.632000
197830.285000
197963.594000
198030.249000
198096.903000
198230.212000
198296.867000
198430.176000
198496.831000
198563.486000
198696.795000
198763.450000
198830.105000
198963.413000
199030.067000
199163.375000
199296.683000
199363.337000
199429.991000
199563.300000
199629.955000
199763.264000
199829.918000
199963.227000
200029.881000
200163.190000
200229.844000
200363.153000
200429.808000
200563.116000
200629.771000
200763.079000
200829.734000
200963.043000
201029.698000
201163.006000
201229.661000
201362.969000
201429.624000
201562.933000
201629.589000
201762.898000
201829.552000
201896.206000
202029.516000
202096.169000
202162.823000
202296.131000
202362.786000
202429.440000
202562.749000
202629.403000
202696.058000
202829.366000
202896.021000
202962.675000
203095.984000
203162.638000
203229.293000
203362.602000
203429.256000
203495.910000
203629.219000
203695.874000
203762.528000
203895.837000
203962.491000
204029.146000
204162.454000
204229.109000
204295.763000
204429.073000
204495.727000
204562.382000
204695.692000
204762.346000
204829.001000
204962.309000
205028.964000
205095.618000
205228.925000
205295.580000
205362.234000
205495.543000
205562.197000
205628.852000
205762.160000
205828.815000
205895.469000
206028.778000
206095.432000
206162.087000
206295.395000
206362.050000
206428.704000
206562.013000
206628.668000
206695.322000
206828.631000
206895.285000
206961.940000
207095.249000
207161.903000
207228.558000
207361.867000
207428.521000
207495.176000
207628.486000
207695.141000
207761.794000
207895.104000
207961.758000
208028.413000
208161.721000
208228.374000
208295.028000
208428.337000
208494.991000
208561.645000
208694.955000
208761.609000
208828.263000
208961.572000
209028.227000
209094.881000
209228.190000
209294.844000
209361.499000
209494.807000
209561.462000
209628.116000
209761.425000
209828.080000
209894.734000
210028.043000
210094.697000
210161.351000
210294.661000
210361.316000
210494.625000
210561.279000
210627.934000
210761.243000
210827.898000
210894.552000
211027.861000
211094.515000
211161.167000
211294.476000
211361.131000
211494.440000
211561.094000
211627.748000
211761.057000
211827.712000
211961.020000
212027.675000
212094.329000
212227.638000
212294.293000
212427.602000
212494.257000
212627.565000
212694.219000
212760.874000
212894.182000
212960.837000
213094.146000
213160.800000
213294.110000
213360.765000
213494.074000
213560.729000
213627.383000
213760.692000
213827.347000
213960.655000
214027.309000
214160.616000
214227.271000
214293.925000
214427.234000
214493.888000
214560.542000
214693.852000
214760.506000
214827.160000
214960.469000
215027.123000
215160.432000
215227.087000
215293.742000
215360.396000
215493.704000
215560.359000
215693.668000
215760.322000
215826.977000
215960.285000
216026.940000
216093.595000
216160.249000
216293.559000
216360.214000
216493.522000
216560.178000
216626.832000
216760.141000
216826.795000
216893.449000
217026.757000
217093.410000
217160.064000
217293.373000
217360.028000
217426.682000
217559.991000
217626.646000
217693.300000
217826.609000
217893.263000
217959.917000
218093.227000
218159.881000
218226.535000
218359.844000
218426.498000
218493.153000
218626.462000
218693.116000
218759.770000
218893.079000
218959.734000
219026.388000
219159.697000
219226.352000
219293.007000
219426.316000
219492.971000
219559.625000
219692.935000
219759.589000
219826.243000
219959.551000
220026.206000
220092.859000
220226.168000
220292.822000
220359.477000
220492.785000
220559.440000
220626.094000
220759.403000
220826.057000
220892.711000
221026.021000
221092.675000
221159.329000
221292.638000
221359.293000
221425.947000
221559.256000
221625.911000
221759.219000
221825.873000
221892.528000
222025.837000
222092.492000
222159.146000
222292.455000
222359.110000
222492.420000
222559.074000
222625.728000
222759.037000
222825.692000
222892.346000
223025.655000
223092.310000
223158.962000
223292.270000
223358.925000
223492.234000
223558.888000
223625.543000
223758.851000
223825.506000
223892.160000
224025.469000
224092.124000
224158.778000
224292.087000
224358.741000
224425.396000
224558.704000
224625.359000
224692.014000
224825.322000
224891.976000
224958.631000
225091.940000
225158.595000
225291.904000
225358.559000
225425.213000
225558.523000
225625.177000
225758.486000
225825.140000
225891.794000
226025.102000
226091.756000
226225.065000
226291.719000
226425.028000
226491.682000
226624.991000
226691.646000
226824.954000
226891.609000
226958.263000
227091.572000
227158.226000
227291.535000
227358.190000
227424.844000
227558.153000
227624.807000
227758.116000
227824.770000
227958.079000
228024.734000
228091.389000
228224.698000
228291.353000
228358.008000
228491.317000
228557.972000
228624.626000
228757.934000
228824.589000
228891.242000
229024.550000
229091.207000
229157.859000
229291.168000
229357.826000
229424.476000
229557.785000
229624.440000
229691.095000
229824.403000
229891.058000
229957.712000
230091.021000
230157.675000
230290.984000
230357.639000
230424.293000
230557.601000
230624.256000
230690.911000
230824.219000
230890.874000
230957.528000
231090.838000
231157.493000
231224.147000
231357.456000
231424.111000
231490.766000
231624.075000
231690.729000
231757.382000
231890.691000
231957.347000
232023.999000
232157.307000
232223.962000
232290.616000
232423.925000
232490.579000
232623.889000
232690.543000
232757.197000
232890.506000
232957.160000
233023.815000
233157.124000
233223.778000
233290.432000
233423.741000
233490.396000
233557.050000
233690.359000
233757.014000
233823.668000
233956.977000
234023.631000
234090.285000
234223.594000
234290.250000
234356.906000
234490.214000
234556.868000
234623.523000
234756.832000
234823.486000
234890.140000
235023.448000
235090.102000
235156.756000
235290.065000
235356.720000
235423.373000
235556.683000
235623.337000
235756.646000
235823.300000
235889.955000
236023.264000
236089.918000
236156.572000
236289.881000
236356.536000
236423.190000
236556.499000
236623.154000
236689.808000
236823.116000
236889.771000
236956.425000
237089.735000
237156.390000
237223.044000
237356.354000
237423.009000
237556.318000
237622.972000
237689.627000
237822.933000
237889.589000
237956.241000
238089.550000
238222.859000
238289.514000
238356.168000
238489.477000
238556.131000
238689.440000
238756.094000
238889.403000
238956.057000
239089.367000
239156.021000
239289.330000
239355.984000
239422.638000
239555.948000
239622.602000
239755.911000
239822.565000
239955.874000
240022.530000
240155.838000
240222.494000
240355.802000
240422.457000
240555.766000
240622.421000
240689.075000
240822.382000
240889.036000
241022.345000
241088.999000
241155.653000
241288.962000
241355.617000
241488.925000
241555.580000
241622.234000
241755.543000
241822.198000
241888.852000
242022.161000
242088.816000
242155.469000
242288.778000
242355.433000
242422.087000
242555.396000
242622.051000
242688.705000
242822.014000
242888.668000
242955.323000
243088.632000
243155.287000
243288.596000
243355.251000
243421.905000
243555.215000
243621.869000
243688.524000
243821.830000
243888.486000
243955.139000
244088.448000
244155.102000
244221.757000
244355.065000
244421.720000
244488.374000
244621.683000
244688.339000
244754.992000
244888.301000
244954.955000
245021.610000
245154.918000
245221.573000
245354.882000
245421.536000
245488.190000
245621.499000
245688.154000
245754.808000
245888.117000
245954.771000
246021.426000
246154.736000
246221.391000
246288.045000
246421.354000
246488.009000
246621.318000
246687.972000
246754.626000
246887.935000
246954.587000
247021.245000
247154.551000
247221.206000
247287.859000
247421.168000
247487.823000
247554.477000
247687.786000
247754.441000
247821.095000
247954.404000
248021.058000
248087.712000
248221.022000
248287.677000
248354.331000
248487.639000
248554.294000
248620.948000
248754.257000
248820.912000
248954.221000
249020.876000
249087.530000
249220.839000
249287.494000
249354.149000
249487.458000
249554.112000
249620.766000
249754.075000
249820.729000
249887.382000
250020.691000
250087.348000
250153.999000
250287.308000
250353.963000
250487.272000
250553.933000
250620.580000
250753.889000
250820.543000
250953.852000
251020.507000
251087.161000
251220.470000
251287.125000
251420.434000
251553.742000
251620.396000
251753.705000
251820.360000
251887.014000
252020.323000
252086.978000
252220.287000
252286.942000
252420.252000
252486.906000
252620.215000
252686.870000
252820.177000
252886.832000
253020.139000
253086.794000
253220.103000
253286.757000
253420.066000
253486.720000
253620.029000
253686.685000
253819.992000
253886.647000
253953.301000
254086.610000
254153.264000
254219.919000
254353.228000
254419.882000
254486.536000
254619.845000
254686.500000
254819.809000
254886.463000
254953.117000
255086.427000
255153.081000
255219.736000
255353.046000
255419.700000
255486.355000
255619.664000
255686.318000
255819.626000
255886.281000
255952.934000
256086.243000
256152.897000
256286.206000
256352.860000
256419.515000
256552.823000
256619.479000
256752.786000
256819.441000
256886.095000
257019.405000
257086.058000
257152.713000
257286.022000
257352.676000
257419.331000
257552.640000
257619.295000
257752.603000
257819.257000
257885.912000
258019.221000
258085.876000
258152.530000
258285.840000
258352.497000
258419.149000
258552.458000
258619.112000
258752.421000
258819.075000
258885.730000
259019.037000
259085.691000
259219.000000
259285.654000
259352.309000
259485.618000
259552.272000
259618.926000
259752.235000
259818.890000
259952.199000
260018.853000
260085.507000
260218.816000
260285.471000
260352.125000
260485.434000
260552.088000
260685.397000
260752.052000
260818.706000
260952.015000
261018.671000
261085.324000
261218.633000
261285.288000
261418.598000
261485.252000
261618.561000
261685.216000
261751.869000
261885.178000
261951.832000
262018.486000
262151.794000
262218.449000
262285.103000
262418.412000
262485.066000
262618.375000
262685.030000
262751.684000
262884.993000
262951.648000
263018.302000
263151.611000
263218.265000
263351.574000
263418.228000
263484.883000
263618.192000
263684.846000
263818.155000
263884.810000
264018.119000
264084.773000
264218.083000
264284.738000
264418.047000
264484.702000
264618.010000
264684.665000
264817.973000
264884.627000
264951.281000
265084.589000
265151.243000
265284.552000
265351.206000
265484.515000
265551.169000
265684.479000
265751.133000
265884.441000
265951.096000
266084.405000
266151.059000
266284.368000
266351.023000
266484.331000
266550.986000
266684.295000
266750.950000
266817.603000
266950.918000
267017.567000
267084.221000
267217.531000
267284.185000
267417.495000
267484.150000
267550.804000
267684.113000
267750.767000
267884.075000
267950.731000
268017.384000
268150.692000
268217.346000
268284.001000
268417.309000
268483.965000
268550.618000
268683.927000
268750.581000
268883.890000
268950.546000
269083.854000
269150.508000
269217.162000
269350.471000
269417.126000
269483.780000
269617.089000
269683.744000
269817.052000
269883.707000
269950.361000
270083.670000
270150.325000
270216.979000
270350.289000
270416.944000
270483.598000
270616.907000
270683.562000
270750.216000
270883.524000
270950.180000
271083.486000
271150.141000
271216.795000
271350.104000
271416.758000
271550.067000
271616.722000
271750.030000
271816.685000
271883.339000
272016.648000
272083.303000
272216.611000
272283.266000
272349.920000
272483.229000
272549.883000
272616.538000
272749.847000
272816.502000
272949.810000
273016.464000
273083.119000
273216.428000
273283.083000
273349.738000
273483.047000
273549.703000
273683.011000
273749.665000
273816.319000
273949.628000
274016.282000
274082.935000
274216.244000
274282.898000
274349.553000
274482.861000
274549.516000
274682.825000
274749.479000
274816.133000
274949.443000
275016.097000
275082.751000
275216.060000
275282.715000
275416.023000
275482.678000
275549.332000
275682.641000
275749.295000
275882.604000
275949.259000
276015.913000
276149.222000
276215.877000
276282.532000
276415.841000
276482.496000
276615.805000
276749.114000
276815.768000
276949.077000
277015.733000
277149.038000
277215.693000
277349.002000
277415.656000
277548.965000
277615.619000
277748.928000
277815.583000
277882.237000
278015.546000
278082.200000
278215.509000
278282.163000
278415.472000
278482.127000
278615.436000
278748.744000
278815.399000
278948.707000
279015.364000
279148.671000
279215.326000
279281.980000
279415.290000
279481.944000
279615.254000
279681.908000
279748.563000
279881.872000
279948.527000
280081.833000
280148.488000
280215.141000
280348.450000
280415.105000
280481.759000
280615.068000
280681.723000
280815.031000
280881.686000
280948.340000
281081.649000
281148.303000
281281.612000
281348.267000
281414.921000
281548.230000
281614.884000
281748.193000
281814.847000
281948.157000
282014.811000
282081.466000
282214.775000
282281.430000
282348.084000
282481.393000
282548.048000
282681.357000
282748.011000
282814.666000
282947.973000
283014.628000
283147.936000
283214.590000
283281.245000
283414.554000
283481.208000
283547.862000
283681.171000
283747.826000
283881.134000
283947.789000
284014.444000
284147.752000
284214.406000
284347.716000
284414.370000
284481.024000
284614.333000
284680.988000
284814.296000
284880.951000
284947.605000
285080.914000
285147.569000
285280.878000
285347.532000
285414.187000
285547.496000
285614.151000
285680.807000
285814.115000
285880.769000
286014.078000
286080.732000
286147.387000
286280.694000
286347.348000
286414.002000
286547.311000
286613.965000
286747.274000
286813.929000
286880.583000
287013.892000
287080.546000
287213.855000
287280.510000
287347.165000
287480.473000
287547.127000
287613.782000
287747.091000
287813.745000
287947.054000
288013.709000
288147.017000
288213.672000
288280.326000
288413.636000
288480.291000
288546.945000
288680.255000
288746.909000
288880.218000
288946.872000
289013.527000
289146.834000
289213.490000
289346.797000
289413.452000
289546.760000
289613.414000
289746.723000
289813.378000
289946.686000
290013.341000
290146.650000
290213.305000
290346.614000
290413.268000
290546.576000
290613.231000
290679.886000
290813.194000
290879.850000
291013.157000
291079.812000
291213.121000
291279.775000
291346.430000
291479.739000
291546.394000
291679.703000
291746.358000
291879.667000
291946.321000
292079.630000
292146.284000
292279.591000
292346.246000
292479.555000
292546.209000
292612.863000
292746.172000
292812.827000
292879.481000
293012.790000
293079.444000
293146.099000
293279.408000
293346.062000
293479.371000
293546.025000
293612.680000
293745.989000
293812.643000
293879.297000
294012.606000
294079.261000
294145.915000
294279.224000
294345.879000
294412.533000
294545.842000
294612.497000
294679.152000
294812.462000
294879.116000
294945.770000
295079.079000
295145.733000
295279.042000
295345.695000
295412.349000
295545.658000
295612.312000
295678.967000
295812.276000
295878.930000
295945.584000
296078.893000
296145.548000
296212.202000
296345.511000
296412.165000
296478.820000
296612.129000
296678.783000
296745.438000
296878.747000
296945.401000
297078.710000
297145.364000
297212.019000
297345.328000
297411.984000
297545.292000
297611.946000
297678.603000
297811.910000
297878.565000
297945.219000
298078.528000
298145.183000
298211.836000
298345.145000
298411.798000
298545.107000
298611.761000
298678.416000
298811.725000
298878.379000
298945.033000
299078.342000
299144.997000
299278.305000
299344.960000
299411.614000
299544.923000
299611.578000
299678.232000
299811.541000
299878.195000
