999.969000
1999.937000
2999.905000
3999.873000
4999.842000
5999.811000
6999.778000
7999.745000
8999.713000
9999.681000
10999.649000
11999.616000
12999.584000
13999.553000
14999.522000
15999.491000
16999.459000
17999.425000
18999.392000
19999.360000
20999.329000
21999.296000
22999.264000
23999.232000
24999.202000
25999.170000
26999.139000
27999.104000
28999.072000
29999.040000
30999.009000
31998.976000
32998.944000
33998.912000
34998.881000
35998.850000
36998.819000
37998.784000
38998.752000
39998.720000
40998.688000
41998.656000
42998.624000
43998.592000
44998.560000
45998.530000
46998.498000
47998.465000
48998.432000
49998.400000
50998.368000
51998.336000
52998.304000
53998.272000
54998.241000
55998.209000
56998.178000
57998.146000
58998.112000
59998.080000
60998.048000
61998.016000
62997.984000
63997.952000
64997.920000
65997.888000
66997.858000
67997.826000
68997.792000
69997.760000
70997.728000
71997.696000
72997.663000
73997.632000
74997.600000
75997.568000
76997.537000
77997.506000
78997.473000
79997.439000
80997.408000
81997.376000
82997.344000
83997.312000
84997.279000
85997.248000
86997.217000
87997.186000
88997.154000
89997.119000
90997.088000
91997.055000
92997.023000
93996.992000
94996.959000
95996.927000
96996.896000
97996.867000
98996.834000
99996.799000
100996.768000
101996.735000
102996.703000
103996.672000
104996.640000
105996.608000
106996.576000
107996.545000
108996.514000
109996.481000
110996.448000
111996.416000
112996.384000
113996.352000
114996.320000
115996.287000
116996.256000
117996.225000
118996.194000
119996.160000
120996.128000
121996.096000
122996.064000
123996.032000
124996.000000
125995.968000
126995.936000
127995.904000
128995.874000
129995.842000
130995.809000
131995.776000
132995.744000
133995.712000
134995.680000
135995.648000
136995.616000
137995.585000
138995.553000
139995.522000
140995.490000
141995.456000
142995.424000
143995.392000
144995.360000
145995.328000
146995.296000
147995.264000
148995.233000
149995.202000
150995.171000
151995.137000
152995.104000
153995.072000
154995.040000
155995.008000
156994.976000
157994.944000
158994.912000
159994.881000
160994.851000
161994.819000
162994.784000
163994.752000
164994.720000
165994.688000
166994.657000
167994.624000
168994.593000
169994.561000
170994.530000
171994.499000
172994.465000
173994.433000
174994.401000
175994.369000
176994.337000
177994.305000
178994.273000
179994.241000
180994.210000
181994.179000
182994.147000
183994.113000
184994.081000
185994.049000
186994.017000
187993.985000
188993.953000
189993.921000
190993.890000
191993.858000
192993.828000
193993.796000
194993.761000
195993.730000
196993.697000
197993.665000
198993.633000
199993.601000
200993.570000
201993.538000
202993.507000
203993.476000
204993.444000
205993.410000
206993.378000
207993.346000
208993.314000
209993.282000
210993.250000
211993.218000
212993.187000
213993.157000
214993.125000
215993.092000
216993.058000
217993.026000
218992.994000
219992.962000
220992.931000
221992.899000
222992.867000
223992.835000
224992.805000
225992.774000
226992.739000
227992.707000
228992.675000
229992.643000
230992.611000
231992.579000
232992.547000
233992.516000
234992.484000
235992.451000
236992.422000
237992.388000
238992.356000
239992.324000
240992.292000
241992.260000
242992.228000
243992.196000
244992.164000
245992.133000
246992.102000
247992.071000
248992.036000
249992.004000
250991.973000
251991.940000
252991.908000
253991.877000
254991.844000
255991.813000
256991.782000
257991.751000
258991.719000
259991.685000
260991.653000
261991.621000
262991.589000
263991.557000
264991.525000
265991.493000
266991.462000
267991.431000
268991.400000
269991.367000
270991.335000
271991.302000
272991.270000
273991.238000
274991.206000
275991.174000
276991.142000
277991.111000
278991.079000
279991.049000
280991.017000
281990.982000
282990.950000
283990.919000
284990.887000
285990.855000
286990.823000
287990.791000
288990.759000
289990.728000
290990.698000
291990.665000
292990.631000
293990.599000
