333.307000
666.617000
999.929000
1333.238000
1666.548000
1999.858000
2333.170000
2666.478000
2999.789000
3333.100000
3666.409000
3999.719000
4333.029000
4666.341000
4999.650000
5332.960000
5666.272000
5999.580000
6332.891000
6666.201000
6999.513000
7332.821000
7666.131000
7999.443000
8332.752000
8666.063000
8999.373000
9332.682000
9665.993000
9999.303000
10332.615000
10665.923000
10999.233000
11332.544000
11665.854000
11999.164000
12332.474000
12665.787000
12999.095000
13332.405000
13665.716000
13999.025000
14332.335000
14665.645000
14998.958000
15332.266000
15665.576000
15998.887000
16332.196000
16665.506000
16998.817000
17332.128000
17665.437000
17998.747000
18332.059000
18665.368000
18998.678000
19331.988000
19665.298000
19998.608000
20331.918000
20665.231000
20998.539000
21331.849000
21665.160000
21998.469000
22331.779000
22665.090000
22998.402000
23331.710000
23665.020000
23998.331000
24331.640000
24664.950000
24998.261000
25331.573000
25664.881000
25998.191000
26331.503000
26664.812000
26998.122000
27331.432000
27664.744000
27998.052000
28331.362000
28664.675000
28997.982000
29331.292000
29664.604000
29997.913000
30331.223000
30664.533000
30997.846000
31331.153000
31664.464000
31997.775000
32331.084000
32664.394000
32997.704000
33331.016000
33664.325000
33997.635000
34330.947000
34664.255000
34997.565000
35330.877000
35664.187000
35997.496000
36330.806000
36664.119000
36997.426000
37330.736000
37664.047000
37997.356000
38330.667000
38663.977000
38997.289000
39330.597000
39663.907000
39997.219000
40330.527000
40663.838000
40997.148000
41330.459000
41663.768000
41997.078000
42330.390000
42663.698000
42997.009000
43330.319000
43663.629000
43996.939000
44330.249000
44663.562000
44996.869000
45330.179000
45663.491000
45996.800000
46330.110000
46663.420000
46996.732000
47330.040000
47663.350000
47996.662000
48329.971000
48663.281000
48996.591000
49329.901000
49663.211000
49996.521000
50329.834000
50663.142000
50996.452000
51329.763000
51663.072000
51996.382000
52329.692000
52663.005000
52996.313000
53329.622000
53662.935000
53996.243000
54329.553000
54662.865000
54996.175000
55329.483000
55662.794000
55996.106000
56329.414000
56662.724000
56996.034000
57329.344000
57662.654000
57995.964000
58329.277000
58662.585000
58995.895000
59329.206000
59662.515000
59995.825000
60329.136000
60662.445000
60995.755000
61329.065000
61662.378000
61995.686000
62328.996000
62662.307000
62995.616000
63328.926000
63662.236000
63995.548000
64328.857000
64662.167000
64995.479000
65328.787000
65662.097000
65995.408000
66328.717000
66662.027000
66995.338000
67328.650000
67661.958000
67995.268000
68328.579000
68661.888000
68995.198000
69328.508000
69661.820000
69995.129000
70328.438000
70661.751000
70995.059000
71328.369000
71661.680000
71994.989000
72328.299000
72661.610000
72994.922000
73328.229000
73661.540000
73994.852000
74328.160000
74661.470000
74994.780000
75328.090000
75661.400000
75994.710000
76328.023000
76661.331000
76994.641000
77327.951000
77661.261000
77994.571000
78327.881000
78661.194000
78994.501000
79327.811000
79661.123000
79994.432000
80327.742000
80661.052000
80994.362000
81327.672000
81660.982000
81994.295000
82327.602000
82660.912000
82994.224000
83327.532000
83660.843000
83994.153000
84327.465000
84660.773000
84994.083000
85327.395000
85660.703000
85994.013000
86327.324000
86660.634000
86993.944000
87327.253000
87660.566000
87993.874000
88327.184000
88660.496000
88993.805000
89327.114000
89660.425000
89993.735000
90327.045000
90660.355000
90993.667000
91326.975000
91660.285000
91993.597000
92326.905000
92660.215000
92993.525000
93326.837000
93660.146000
93993.455000
94326.768000
94660.076000
94993.386000
95326.697000
95660.006000
95993.316000
96326.626000
96659.939000
96993.247000
97326.556000
97659.869000
97993.177000
98326.487000
98659.798000
98993.108000
99326.417000
99659.727000
99993.039000
100326.348000
100659.657000
100992.969000
101326.277000
101659.588000
101992.898000
102326.209000
102659.518000
102992.828000
103326.140000
103659.448000
103992.758000
104326.069000
104659.378000
104992.689000
105325.999000
105659.311000
105992.619000
106325.929000
106659.241000
106992.549000
107325.859000
107659.170000
107992.479000
108325.789000
108659.100000
108992.412000
109325.719000
109659.030000
109992.341000
110325.650000
110658.960000
110992.271000
111325.580000
111658.890000
111992.201000
112325.515000
112658.820000
112992.131000
113325.441000
113658.751000
113992.061000
114325.371000
114658.683000
114991.991000
115325.301000
115658.614000
115991.921000
116325.231000
116658.542000
116991.851000
117325.161000
117658.472000
117991.784000
118325.092000
118658.402000
118991.714000
119325.022000
119658.333000
119991.643000
120324.952000
120658.262000
120991.572000
121324.885000
121658.192000
121991.503000
122324.814000
122658.123000
122991.433000
123324.743000
123658.055000
123991.363000
124324.673000
124657.985000
124991.294000
125324.603000
125657.915000
125991.223000
126324.533000
126657.844000
126991.156000
127324.464000
127657.774000
127991.087000
128324.394000
128657.704000
128991.016000
129324.324000
129657.634000
129990.944000
130324.254000
130657.564000
130990.874000
131324.187000
131657.495000
131990.805000
132324.116000
132657.425000
132990.735000
133324.045000
133657.358000
133990.665000
134323.975000
134657.287000
134990.595000
135323.905000
135657.216000
135990.526000
136323.836000
136657.146000
136990.459000
137323.766000
137657.076000
137990.387000
138323.696000
138657.006000
138990.317000
139323.626000
139656.936000
139990.246000
140323.559000
140656.867000
140990.177000
141323.488000
141656.797000
141990.107000
142323.417000
142656.729000
142990.037000
143323.347000
143656.661000
143989.967000
144323.277000
144656.589000
144989.897000
145323.208000
145656.518000
145989.829000
146323.138000
146656.448000
146989.760000
147323.068000
147656.378000
147989.689000
148322.998000
148656.308000
148989.618000
149322.928000
149656.238000
149989.548000
150322.861000
150656.169000
150989.479000
151322.789000
151656.099000
151989.409000
152322.719000
152656.032000
152989.339000
153322.649000
153655.962000
153989.269000
154322.579000
154655.890000
154989.199000
155322.509000
155655.819000
155989.132000
156322.440000
156655.750000
156989.062000
157322.370000
157655.680000
157988.991000
158322.300000
158655.610000
158988.920000
159322.232000
159655.540000
159988.850000
160322.162000
160655.471000
160988.780000
161322.091000
161655.402000
161988.711000
162322.021000
162655.333000
162988.641000
163321.951000
163655.263000
163988.571000
164321.881000
164655.192000
164988.503000
165321.811000
165655.122000
165988.434000
166321.741000
166655.051000
166988.363000
167321.671000
167654.982000
167988.292000
168321.602000
168654.912000
168988.222000
169321.534000
169654.842000
169988.152000
170321.463000
170654.772000
170988.082000
171321.392000
171654.703000
171988.013000
172321.322000
172654.635000
172987.942000
173321.252000
173654.564000
173987.872000
174321.183000
174654.493000
174987.804000
175321.113000
175654.423000
175987.735000
176321.043000
176654.353000
176987.665000
177320.973000
177654.283000
177987.593000
178320.906000
178654.213000
178987.523000
179320.836000
179654.144000
179987.454000
180320.765000
180654.074000
180987.384000
181320.694000
181654.006000
181987.314000
182320.624000
182653.936000
182987.244000
183320.555000
183653.865000
183987.174000
184320.484000
184653.795000
184987.107000
185320.415000
185653.725000
185987.035000
186320.345000
186653.655000
186986.966000
187320.275000
187653.585000
187986.895000
188320.207000
188653.515000
188986.825000
189320.137000
189653.445000
189986.755000
190320.066000
190653.375000
190986.685000
191319.995000
191653.307000
191986.615000
192319.925000
192653.237000
192986.546000
193319.856000
193653.167000
193986.476000
194319.786000
194653.096000
194986.408000
195319.716000
195653.026000
195986.338000
196319.646000
196652.956000
196986.267000
197319.576000
197652.886000
197986.197000
198319.509000
198652.817000
198986.126000
199319.438000
199652.746000
199986.057000
200319.367000
200652.677000
200985.987000
201319.297000
201652.609000
201985.917000
202319.227000
202652.540000
202985.847000
203319.157000
203652.468000
203985.777000
204319.087000
204652.397000
204985.709000
205319.017000
205652.328000
205985.639000
206318.948000
206652.257000
206985.568000
207318.878000
207652.188000
207985.498000
208318.810000
208652.118000
208985.428000
209318.740000
209652.048000
209985.358000
210318.669000
210651.978000
210985.288000
211318.598000
211651.911000
211985.218000
212318.528000
212651.841000
212985.148000
213318.459000
213651.769000
213985.079000
214318.389000
214651.699000
214985.011000
215318.319000
215651.629000
215984.941000
216318.249000
216651.559000
216984.870000
217318.179000
217651.489000
217984.799000
218318.112000
218651.419000
218984.729000
219318.041000
219651.349000
219984.659000
220317.971000
220651.279000
220984.589000
221317.900000
221651.212000
221984.520000
222317.829000
222651.140000
222984.449000
223317.760000
223651.070000
223984.380000
224317.690000
224651.000000
224984.312000
225317.620000
225650.930000
225984.242000
226317.550000
226650.860000
226984.171000
227317.480000
227650.790000
227984.100000
228317.413000
228650.720000
228984.030000
229317.343000
229650.650000
229983.961000
230317.272000
230650.580000
230983.890000
231317.201000
231650.512000
231983.821000
232317.131000
232650.443000
232983.751000
233317.061000
233650.372000
233983.681000
234316.991000
234650.301000
234983.612000
235316.921000
235650.231000
235983.543000
236316.852000
236650.161000
236983.472000
237316.781000
237650.091000
237983.402000
238316.714000
238650.021000
238983.332000
239316.645000
239649.952000
239983.262000
240316.573000
240649.882000
240983.192000
241316.502000
241649.812000
241983.122000
242316.432000
242649.744000
242983.052000
243316.362000
243649.673000
243982.982000
244316.292000
244649.602000
244982.914000
245316.222000
245649.532000
245982.845000
246316.152000
246649.462000
246982.774000
247316.083000
247649.393000
247982.703000
248316.015000
248649.323000
248982.633000
249315.945000
249649.253000
249982.563000
250315.874000
250649.183000
250982.493000
251315.803000
251649.115000
251982.423000
252315.733000
252649.045000
252982.353000
253315.663000
253648.974000
253982.283000
254315.593000
254648.903000
254982.215000
255315.524000
255982.146000
256315.454000
256648.764000
256982.076000
257315.384000
257648.694000
257982.005000
258315.314000
258648.624000
258981.934000
259315.246000
259648.554000
259981.864000
260315.175000
260648.484000
260981.794000
261315.104000
261648.415000
261981.724000
262315.034000
262648.347000
262981.654000
263314.964000
263648.276000
263981.584000
264314.894000
264648.205000
264981.515000
265314.825000
265648.134000
265981.447000
266314.755000
266648.064000
266981.377000
267314.685000
267647.995000
267981.305000
268314.615000
268647.925000
268981.235000
269314.547000
269647.855000
269981.165000
270314.477000
270647.785000
270981.095000
271314.405000
271647.716000
271981.025000
272314.335000
272647.647000
272980.955000
273314.265000
273647.577000
273980.885000
274314.195000
274647.506000
274980.815000
275314.126000
275647.436000
275980.748000
276314.055000
276647.366000
276980.678000
277313.985000
277647.295000
277980.606000
278313.916000
278647.226000
278980.536000
279313.848000
279647.156000
279980.466000
280313.778000
280647.086000
280980.396000
281313.707000
281647.016000
281980.326000
282313.636000
282646.947000
282980.256000
283313.566000
283646.878000
283980.186000
284313.496000
284646.807000
284980.116000
285313.426000
285646.736000
285980.048000
286313.356000
286646.666000
286979.979000
287313.286000
287646.596000
287979.907000
288313.216000
288646.527000
288979.836000
289313.148000
289646.457000
289979.767000
290313.079000
290646.387000
290979.697000
291313.008000
291646.317000
291979.627000
292312.937000
292646.248000
292979.557000
293312.867000
293646.180000
293979.487000
294312.797000
294646.109000
294979.417000
295312.727000
295646.038000
295979.348000
296312.657000
296645.967000
296979.277000
297312.587000
297645.897000
297979.208000
298312.517000
