66.654000
133.309000
199.963000
266.618000
333.273000
399.928000
466.582000
533.237000
599.891000
666.546000
733.201000
799.855000
866.510000
933.164000
999.819000
1066.473000
1133.128000
1199.783000
1266.437000
1333.091000
1399.746000
1466.401000
1533.056000
1599.710000
1666.365000
1733.019000
1799.674000
1866.328000
1932.983000
1999.637000
2066.292000
2132.947000
2199.601000
2266.256000
2332.910000
2399.566000
2466.220000
2532.874000
2599.529000
2666.183000
2732.838000
2799.493000
2866.147000
2932.802000
2999.456000
3066.111000
3132.766000
3199.420000
3266.075000
3332.730000
3399.384000
3466.038000
3532.693000
3599.348000
3666.002000
3732.657000
3799.311000
3865.966000
3932.621000
3999.275000
4065.930000
4132.585000
4199.240000
4265.894000
4332.548000
4399.203000
4465.858000
4532.512000
4599.168000
4665.822000
4732.477000
4799.131000
4865.785000
4932.440000
4999.095000
5065.749000
5132.405000
5199.059000
5265.712000
5332.367000
5399.022000
5465.676000
5532.330000
5598.985000
5665.640000
5732.294000
5798.951000
5865.605000
5932.260000
5998.915000
6065.570000
6132.224000
6198.878000
6265.533000
6332.188000
6398.842000
6465.498000
6532.150000
6598.805000
6665.461000
6732.113000
6798.767000
6865.422000
6932.076000
6998.731000
7065.386000
7132.040000
7198.695000
7265.349000
7332.004000
7398.659000
7465.313000
7531.968000
7598.622000
7665.277000
7731.932000
7798.586000
7865.241000
7931.895000
7998.550000
8065.204000
8131.859000
8198.513000
8265.168000
8331.822000
8398.477000
8465.132000
8531.786000
8598.441000
8665.095000
8731.750000
8798.404000
8865.059000
8931.714000
8998.368000
9065.023000
9131.678000
9198.332000
9264.987000
9331.641000
9398.296000
9464.950000
9531.605000
9598.259000
9664.914000
9731.568000
9798.223000
9864.877000
9931.532000
9998.186000
10064.842000
10131.496000
10198.150000
10264.805000
10331.459000
10398.114000
10464.769000
10531.423000
10598.078000
10664.732000
10731.387000
10798.042000
10864.696000
10931.351000
10998.006000
11064.660000
11131.315000
11197.969000
11264.624000
11331.279000
11397.935000
11464.588000
11531.243000
11597.898000
11664.553000
11731.207000
11797.862000
11864.516000
11931.171000
11997.825000
12064.480000
12131.135000
12197.788000
12264.443000
12331.098000
12397.753000
12464.407000
12531.062000
12597.714000
12664.369000
12731.025000
12797.678000
12864.333000
12930.987000
12997.642000
13064.297000
13130.951000
13197.605000
13264.260000
13330.915000
13397.569000
13464.224000
13530.878000
13597.533000
13664.187000
13730.842000
13797.496000
13864.151000
13930.806000
13997.460000
14064.114000
14130.769000
14197.424000
14264.078000
14330.733000
14397.387000
14464.042000
14530.696000
14597.351000
14664.006000
14730.660000
14797.315000
14863.970000
14930.624000
14997.279000
15063.933000
15130.587000
15197.242000
15263.896000
15330.551000
15397.206000
15463.860000
15530.515000
15597.169000
15663.824000
15730.478000
15797.133000
15863.787000
15930.442000
15997.096000
16063.751000
16130.405000
16197.060000
16330.369000
16397.025000
16463.679000
16596.988000
16663.643000
16796.952000
16863.607000
16930.262000
17063.571000
17130.226000
17263.535000
17330.190000
17463.499000
17530.153000
17596.808000
17730.117000
17796.770000
17863.424000
17996.733000
18063.387000
18130.042000
18263.351000
18330.006000
18396.660000
18463.315000
18596.624000
18663.278000
18729.933000
18796.587000
18863.242000
18996.551000
19063.205000
19129.860000
19263.169000
19329.824000
19396.479000
19463.132000
19596.442000
19663.096000
19729.751000
19796.406000
19863.060000
19996.369000
20063.024000
20129.678000
20262.987000
20329.642000
20396.297000
20462.951000
20529.605000
20662.914000
20729.569000
20796.224000
20929.533000
20996.187000
21062.842000
21129.496000
21262.805000
21329.460000
21396.115000
21462.769000
21596.078000
21662.732000
21729.387000
21796.041000
21929.351000
22729.207000
23462.405000
23595.714000
23729.023000
23795.677000
23995.641000
24062.295000
24395.568000
24862.149000
24928.804000
24995.459000
25128.768000
25195.422000
25328.731000
25395.386000
25462.040000
25528.695000
25662.004000
25728.659000
25795.313000
25861.967000
25995.277000
26061.931000
26128.585000
26195.240000
26328.550000
26395.205000
26461.859000
26595.168000
26661.823000
26728.478000
26795.133000
27261.715000
27395.023000
27728.294000
27861.603000
28928.076000
29061.385000
29461.312000
29527.966000
29594.621000
30261.166000
30394.476000
30661.093000
30794.403000
31527.604000
32127.493000
32260.804000
32327.457000
32727.384000
33260.620000
33327.274000
33527.238000
33727.202000
33860.510000
33927.165000
33993.820000
34127.129000
34193.783000
34260.438000
34393.747000
34460.401000
34527.056000
34660.365000
34727.020000
34860.328000
34926.983000
34993.637000
35060.292000
35193.601000
35260.255000
35326.910000
35393.565000
35526.874000
35593.529000
35660.184000
35726.838000
35860.148000
35926.802000
35993.456000
36126.766000
36193.421000
36393.385000
36460.040000
36526.694000
36660.004000
36726.658000
36793.312000
36859.966000
36993.274000
37059.929000
37126.585000
37193.236000
37326.546000
37393.200000
37459.855000
37526.509000
37659.818000
37726.473000
37793.128000
37859.782000
37926.436000
38059.746000
38126.400000
38193.054000
38259.709000
38393.018000
38459.673000
38526.337000
38592.981000
38726.291000
38792.945000
38859.600000
38926.254000
38992.909000
39126.218000
39192.872000
39259.527000
39326.181000
39459.490000
39526.145000
39592.799000
39659.454000
39792.763000
39859.418000
39926.072000
40059.381000
40126.035000
40192.690000
40325.999000
40392.654000
40459.310000
40525.964000
40659.273000
40725.928000
40859.237000
40925.892000
40992.547000
41059.201000
41192.510000
41259.164000
41392.474000
41459.127000
41525.782000
41592.436000
41725.746000
41792.399000
41859.053000
41992.362000
42059.016000
42192.326000
42258.980000
42325.634000
42458.943000
42525.598000
42658.907000
42725.562000
42792.216000
42925.525000
42992.179000
43125.489000
43192.143000
43325.452000
43392.107000
43458.761000
43592.070000
43658.724000
43725.379000
43858.688000
43925.343000
43991.997000
44125.306000
44191.961000
44258.615000
44325.269000
44458.579000
44525.233000
44591.888000
44658.542000
44725.197000
44858.506000
44925.161000
44991.816000
45125.125000
45191.782000
45325.089000
45391.744000
45458.398000
45525.053000
45591.707000
45725.017000
45791.670000
45858.325000
45991.632000
46058.287000
46124.941000
46191.596000
46324.905000
46391.559000
46458.214000
46524.868000
46658.177000
46724.832000
46791.486000
46858.141000
46991.450000
47058.104000
47124.759000
47191.413000
47324.722000
47391.377000
47458.031000
47524.686000
47591.340000
47724.649000
47791.304000
47857.958000
47924.613000
48057.922000
48124.576000
48191.231000
48257.885000
48391.194000
48457.849000
48524.503000
48591.158000
48657.812000
48791.121000
48857.776000
48924.431000
48991.085000
49124.394000
49191.050000
49257.704000
49324.359000
49391.013000
49524.323000
49590.977000
49657.632000
49724.287000
49857.595000
49924.250000
49990.903000
50124.211000
50190.868000
50257.520000
50324.174000
50457.483000
50524.138000
50590.792000
50657.448000
50724.102000
50857.410000
50924.065000
50990.720000
51057.375000
51190.683000
51257.338000
51323.992000
51457.301000
51523.955000
51590.610000
51657.264000
51723.919000
51857.228000
51923.883000
51990.537000
52057.192000
52190.501000
52257.155000
52323.810000
52390.464000
52457.119000
52590.428000
52657.082000
52723.737000
52790.391000
52923.701000
52990.355000
53057.010000
53123.665000
53256.974000
53323.629000
53390.284000
53456.938000
53590.247000
53656.902000
53723.557000
53790.210000
53923.519000
53990.173000
54056.828000
54123.480000
54190.135000
54323.444000
54390.099000
54456.753000
54590.062000
54656.717000
54723.371000
54856.680000
54923.334000
54989.989000
55123.298000
55189.952000
55323.261000
55389.916000
55456.571000
55523.225000
55656.534000
55723.188000
55856.497000
55923.152000
55989.806000
56123.115000
56189.770000
56256.424000
56323.079000
56456.388000
56523.042000
56589.696000
56723.006000
56789.661000
56856.315000
56989.624000
57056.279000
57122.934000
57189.588000
57256.243000
57389.553000
57456.207000
57522.861000
57656.170000
57722.825000
57789.480000
57856.134000
57989.443000
58056.097000
58122.750000
58189.404000
58256.059000
58389.368000
58456.022000
58522.677000
58589.331000
58722.640000
58789.295000
58855.949000
58922.604000
58989.258000
59122.567000
59189.221000
59255.876000
59322.531000
59389.185000
59522.494000
59589.148000
59655.803000
59722.458000
59789.112000
59922.421000
59989.075000
60055.730000
60122.384000
60189.038000
60322.348000
60389.002000
60455.657000
60522.311000
60655.620000
60722.275000
60788.929000
60855.584000
60922.239000
61055.548000
61122.203000
61188.857000
61255.513000
61322.167000
61455.476000
61522.130000
61588.786000
61655.439000
61788.747000
61855.402000
61922.057000
61988.710000
62122.018000
62188.673000
62255.328000
62321.982000
62455.291000
62521.945000
62588.600000
62655.254000
62788.563000
62855.218000
62921.872000
62988.527000
63121.836000
63188.490000
63255.145000
63321.799000
63388.454000
63521.763000
63588.417000
63655.072000
63721.726000
63855.035000
63921.689000
63988.344000
64054.998000
64188.307000
64254.962000
64321.617000
64388.271000
64521.580000
64588.235000
64654.890000
64721.544000
64854.853000
64921.508000
64988.163000
65121.472000
65188.126000
65254.781000
65321.435000
65454.744000
65521.398000
65588.053000
65654.706000
65788.015000
65854.669000
65921.324000
65987.978000
66121.287000
66187.942000
66254.596000
66321.250000
66454.559000
66521.214000
66587.870000
66654.523000
66787.832000
66854.486000
66921.141000
67054.450000
67121.104000
67187.758000
67321.068000
67387.722000
67454.376000
67587.685000
67654.340000
67720.995000
67854.303000
67920.958000
67987.612000
68120.921000
68187.576000
68254.231000
68387.541000
68454.195000
68520.849000
68654.159000
68720.814000
68787.468000
68920.777000
68987.431000
69120.740000
69187.395000
69254.048000
69387.356000
69454.011000
69520.665000
69653.974000
69720.629000
69787.283000
69853.937000
69987.246000
70053.901000
70120.555000
70187.209000
70320.519000
70387.173000
70453.828000
70520.482000
70653.791000
70720.446000
70787.100000
70853.754000
70987.064000
71053.718000
71120.372000
71187.027000
71320.336000
71386.990000
71453.645000
71520.299000
71653.608000
71720.262000
71786.917000
71853.572000
71920.226000
72053.536000
72120.190000
72186.845000
72253.500000
72386.809000
72453.464000
72520.118000
72586.773000
72720.082000
72786.736000
72853.390000
72920.044000
73053.352000
73120.006000
73186.662000
73253.315000
73386.624000
73453.279000
73519.933000
73586.588000
73719.897000
73786.551000
73853.205000
73919.860000
74053.169000
74119.823000
74186.478000
74253.132000
74386.441000
74453.096000
74519.750000
74653.059000
74719.713000
74786.369000
74853.022000
74986.331000
75052.986000
75119.640000
75186.294000
75319.604000
75386.258000
75452.914000
75519.568000
75652.877000
75719.532000
75786.186000
75852.841000
75986.150000
76052.805000
76119.459000
76186.113000
76319.422000
76386.077000
76452.730000
76519.385000
76586.038000
76719.347000
76786.002000
76852.656000
76919.311000
77052.620000
77119.274000
77185.928000
77252.583000
77385.892000
77452.546000
77519.200000
77585.855000
77719.164000
77785.818000
77852.473000
77919.127000
78052.437000
78119.091000
78185.745000
78252.400000
78319.054000
78452.363000
78519.018000
78585.672000
78652.327000
78785.635000
78852.290000
78918.945000
78985.599000
79118.908000
79185.563000
79252.218000
79318.872000
79385.527000
79518.836000
79585.491000
79652.146000
79718.800000
79852.109000
79918.763000
79985.418000
80052.072000
80185.379000
80252.034000
80318.688000
80451.997000
80518.652000
80585.306000
80718.615000
80785.269000
80851.924000
80985.233000
81051.887000
81118.541000
81251.851000
81318.505000
81385.160000
81518.468000
81585.123000
81651.777000
81785.086000
81851.740000
81918.395000
82051.704000
82118.358000
82185.013000
82318.322000
82384.976000
82451.631000
82584.940000
82651.595000
82718.249000
82851.559000
82918.214000
82984.869000
83051.523000
83184.832000
83251.486000
83318.140000
83451.449000
83518.104000
83584.759000
83651.411000
83784.720000
83851.374000
83918.029000
83984.683000
84117.992000
84184.646000
84251.301000
84384.610000
84451.264000
84517.919000
84584.573000
84717.882000
84784.537000
84851.191000
84984.500000
85051.155000
85117.809000
85251.118000
85317.773000
85384.427000
85517.736000
85584.390000
85651.045000
85717.699000
85851.008000
85917.663000
85984.318000
86117.627000
86184.281000
86250.936000
86317.591000
86450.900000
86517.555000
86584.210000
86717.518000
86784.172000
86850.826000
86917.481000
87050.788000
87117.442000
87184.097000
87317.406000
87384.060000
87450.715000
87517.369000
87650.678000
87717.332000
87783.987000
87917.296000
87983.950000
88050.606000
88117.259000
88250.568000
88317.222000
88383.877000
88517.186000
88583.840000
88650.495000
88783.804000
88850.458000
88917.113000
88983.767000
89117.076000
89183.731000
89250.385000
89383.694000
89450.349000
89517.004000
89583.658000
89716.968000
89783.622000
89850.277000
89983.586000
90050.241000
90116.895000
90183.549000
90316.857000
90383.512000
90450.165000
90583.474000
90650.128000
90716.783000
90783.437000
90916.746000
90983.400000
91050.055000
91183.364000
91250.018000
91316.673000
91383.327000
91516.636000
91583.291000
91649.945000
91783.254000
91849.908000
91916.563000
92049.872000
92116.526000
92183.185000
92249.835000
92383.144000
92449.798000
92516.453000
92649.762000
92716.417000
92783.071000
92916.381000
92983.036000
93116.345000
93182.999000
93249.654000
93382.963000
93449.618000
93582.926000
93649.580000
93716.234000
93849.542000
93916.196000
93982.850000
94116.160000
94182.814000
94249.468000
94382.778000
94449.432000
94516.086000
94649.395000
94716.050000
94849.358000
94916.013000
94982.667000
95115.976000
95182.630000
95315.939000
95382.594000
95515.903000
95582.557000
95649.212000
95782.521000
95849.175000
95915.829000
95982.484000
96115.794000
96182.448000
96249.103000
96382.412000
96449.067000
96515.721000
96582.376000
96715.685000
96782.340000
96848.994000
96982.302000
97048.956000
97115.612000
97182.264000
97315.573000
97382.227000
97448.882000
97582.191000
97648.845000
97715.500000
97782.154000
97915.463000
97982.117000
98048.772000
98182.080000
98248.735000
98315.389000
98382.044000
98515.353000
98582.008000
98648.662000
98781.970000
98848.625000
98915.280000
98981.934000
99115.243000
99181.897000
99248.552000
99381.861000
99448.516000
99515.170000
99581.825000
99715.135000
99781.789000
99848.444000
99981.753000
100048.407000
100115.061000
100248.369000
100315.024000
100381.680000
100448.332000
100581.640000
100648.295000
100714.949000
100848.258000
100914.913000
100981.568000
101048.222000
101181.531000
101248.261000
101314.840000
101448.148000
101514.803000
101581.457000
101714.766000
101781.421000
101848.075000
101914.729000
102048.039000
102114.693000
102181.348000
102314.656000
102381.311000
102447.967000
102514.620000
102647.929000
102714.584000
102781.239000
102914.548000
102981.202000
103047.857000
103114.512000
103247.821000
103314.475000
103381.129000
103514.436000
103581.093000
103647.745000
103714.399000
103847.708000
103914.362000
103981.017000
104114.326000
104180.980000
104247.635000
104314.289000
104447.598000
104514.252000
104580.907000
104714.216000
104780.870000
104847.525000
104914.179000
105047.488000
105114.143000
105180.797000
105314.106000
105380.760000
105447.414000
105580.723000
105647.378000
105714.032000
105847.342000
105913.996000
105980.651000
106113.960000
106180.615000
106313.924000
106380.579000
106447.233000
106580.542000
106647.196000
106780.504000
106847.158000
106980.467000
107047.121000
107113.775000
107247.084000
107313.740000
107380.393000
107513.702000
107580.356000
107647.011000
107780.320000
107846.976000
107913.629000
108046.938000
108113.593000
108180.246000
108313.555000
108380.210000
108446.864000
108580.173000
108646.828000
108713.482000
108846.791000
108913.445000
108980.100000
109046.755000
109180.064000
109246.718000
109313.374000
109446.682000
109513.337000
109579.992000
109646.647000
109779.955000
109846.609000
109913.263000
110046.572000
110113.225000
110179.879000
110313.188000
110379.844000
110446.497000
110579.806000
110646.461000
110713.115000
110846.424000
110913.078000
110979.733000
111046.387000
111179.696000
111246.351000
111313.005000
111446.314000
111512.968000
111579.623000
111712.932000
111779.586000
111846.241000
111912.895000
112046.204000
112112.858000
112179.512000
112312.822000
112379.477000
112446.131000
112579.440000
112646.095000
112712.750000
112779.404000
112912.714000
112979.368000
113046.022000
113179.330000
113245.985000
113979.182000
114045.837000
114112.491000
114179.146000
114245.800000
114312.455000
114379.109000
114445.763000
114512.418000
114579.072000
114645.727000
114712.381000
114779.036000
114845.690000
114912.344000
114978.999000
115045.653000
115112.308000
115178.962000
115245.617000
115312.271000
115378.925000
115445.580000
115512.235000
115578.889000
115645.544000
115712.198000
115778.853000
115845.508000
115912.163000
115978.817000
116045.472000
116112.126000
116178.781000
116245.435000
116312.090000
116378.744000
116512.051000
116578.705000
116645.359000
116778.668000
116845.323000
116911.977000
116978.631000
117111.941000
117178.595000
117245.249000
117378.559000
117445.213000
117511.867000
117645.176000
117711.831000
117778.485000
117845.139000
117978.448000
118045.103000
118111.757000
118245.066000
118311.721000
118378.375000
118511.684000
118578.339000
118711.648000
118778.321000
118911.612000
118978.266000
119044.922000
119178.230000
119244.885000
119311.539000
119444.848000
119511.503000
119644.809000
119711.464000
119844.772000
119911.427000
119978.081000
120111.390000
120178.044000
120244.699000
120378.008000
120444.662000
120577.971000
120644.625000
120711.280000
120844.589000
120911.243000
120977.898000
121111.206000
121177.861000
121244.515000
121377.824000
121444.478000
121511.133000
121577.787000
121711.096000
121777.751000
121844.406000
121977.715000
122044.369000
122111.025000
122177.679000
122310.988000
122377.643000
122444.297000
122577.606000
122644.260000
122710.915000
122777.567000
122910.876000
122977.531000
123044.185000
123177.494000
123244.148000
123310.802000
123377.457000
123510.766000
123577.421000
123644.075000
123777.384000
123844.038000
123910.692000
124044.001000
124110.656000
124177.310000
124310.619000
124377.274000
124443.928000
124577.237000
124643.891000
124710.546000
124777.200000
124910.509000
124977.164000
125043.818000
125177.127000
125243.782000
125310.438000
125377.092000
125510.401000
125577.055000
125643.710000
125777.018000
125843.672000
125910.325000
125976.979000
126110.288000
126176.943000
126243.598000
126310.251000
126443.560000
126510.215000
126576.869000
126643.524000
126776.833000
126843.487000
126910.141000
127043.450000
127110.105000
127176.784000
127243.414000
127376.723000
127443.377000
127510.031000
127643.340000
127709.995000
127776.649000
127843.304000
127976.613000
128043.267000
128109.922000
128176.576000
128309.886000
128376.541000
128443.195000
128576.505000
128643.159000
128709.814000
128776.467000
128909.775000
128976.429000
129043.085000
129176.392000
129243.047000
129309.703000
129376.355000
129509.664000
129576.318000
129642.973000
129776.282000
129842.936000
129909.591000
129976.245000
130109.554000
130176.208000
130242.863000
130376.172000
130442.826000
130509.480000
130576.135000
130709.444000
130776.098000
130842.753000
130909.407000
131042.716000
131109.371000
131242.680000
131309.335000
131375.990000
131509.298000
131575.954000
131709.262000
131775.917000
131842.571000
131975.880000
132042.534000
132175.841000
132242.496000
132309.150000
132442.459000
132509.113000
132642.422000
132709.077000
132775.731000
132909.040000
132975.694000
133109.003000
133175.657000
133308.966000
133375.621000
133442.275000
133575.584000
133642.238000
133708.893000
133842.202000
133908.857000
133975.511000
134042.166000
134175.474000
134242.129000
134308.784000
134442.093000
134508.748000
134575.404000
134642.058000
134775.366000
134842.021000
134908.675000
135041.984000
135108.637000
135175.292000
135241.947000
135375.253000
135441.908000
135508.562000
135641.871000
135708.525000
135775.180000
135908.489000
135975.143000
136041.799000
136108.452000
136241.761000
136308.415000
136375.070000
136508.379000
136575.033000
136641.687000
136708.342000
136841.651000
136908.305000
136974.959000
137108.268000
137174.923000
137241.577000
137308.232000
137441.541000
137508.196000
137574.850000
137641.505000
137774.815000
137841.469000
137908.124000
138041.432000
138108.087000
138174.742000
138241.393000
138374.702000
138441.358000
138508.011000
138641.320000
138707.974000
138774.629000
138907.938000
138974.592000
139041.247000
139107.901000
139241.210000
139307.864000
139374.520000
139441.173000
139574.482000
139641.136000
139707.791000
139841.100000
139907.754000
139974.409000
140041.063000
140174.372000
140241.026000
140307.681000
140374.335000
140507.645000
140574.300000
140640.954000
140774.263000
140840.918000
140907.573000
140974.227000
141107.535000
141174.190000
141240.843000
141374.151000
141440.806000
141507.460000
141640.769000
141707.424000
141774.078000
141840.732000
141974.041000
142040.696000
142107.350000
142240.659000
142307.313000
142373.968000
142440.622000
142573.931000
142640.585000
142707.240000
142773.894000
142907.203000
142973.857000
143040.512000
143107.166000
143240.475000
143307.130000
143373.784000
143507.093000
143573.748000
143640.404000
143707.058000
143840.367000
143907.021000
143973.676000
144106.985000
144173.639000
144306.947000
144373.603000
144506.909000
144573.564000
144706.873000
144773.527000
144840.181000
144973.490000
145040.145000
145173.453000
145240.108000
145373.416000
145440.071000
145573.379000
145640.034000
145773.343000
145839.998000
145973.306000
146039.961000
146106.615000
146239.924000
146306.578000
146439.887000
146506.542000
146639.851000
146706.506000
146773.161000
146839.816000
146973.125000
147039.780000
147106.434000
147239.742000
147306.396000
147373.051000
147506.358000
147573.012000
147639.667000
147772.976000
147839.630000
147906.284000
148039.593000
148106.247000
148172.902000
148239.556000
148372.865000
148439.519000
148506.174000
148572.828000
148706.137000
148772.792000
148839.446000
148972.755000
149039.409000
149106.064000
149172.718000
149306.027000
149372.681000
149439.337000
149505.991000
149639.300000
149705.955000
149772.609000
149905.919000
149972.573000
150039.228000
150105.882000
150239.191000
150305.844000
150372.500000
150439.152000
150572.461000
150639.115000
150705.770000
150839.079000
150905.733000
150972.387000
151039.042000
151172.351000
151239.005000
151305.659000
151438.968000
151505.623000
151572.277000
151638.932000
151772.241000
151838.895000
151905.550000
151972.204000
152105.513000
152172.167000
152238.822000
152372.131000
152438.785000
152505.439000
152638.749000
152705.403000
152772.058000
152838.713000
152972.020000
153038.674000
153105.329000
153238.638000
153305.292000
153371.947000
153505.255000
153571.909000
153638.564000
153705.219000
153838.527000
153905.182000
153971.836000
154105.145000
154171.799000
154238.454000
154371.763000
154438.417000
154505.072000
154571.726000
154705.035000
154771.689000
154838.344000
154971.652000
155038.307000
155104.961000
155171.615000
155304.925000
155371.579000
155504.888000
155571.543000
155638.198000
155704.852000
155838.161000
155904.816000
155971.470000
156038.125000
156171.434000
156238.088000
156304.742000
156438.049000
156504.704000
156571.358000
156638.012000
156771.322000
156837.976000
156971.285000
157037.939000
157104.594000
157237.902000
157304.557000
157371.211000
157504.520000
157571.175000
157704.483000
157771.138000
157837.792000
157971.101000
158037.756000
158104.410000
158237.719000
158304.373000
158371.027000
158504.337000
158570.992000
158704.301000
158770.955000
158837.610000
158970.919000
159037.576000
159104.228000
159237.537000
159304.191000
159437.498000
159504.153000
159570.807000
159637.461000
159770.770000
159837.425000
159904.079000
160037.388000
160104.042000
160170.697000
160237.351000
160370.660000
160437.314000
160503.969000
160637.278000
160703.932000
160770.586000
160837.241000
160970.549000
161037.204000
161103.859000
161170.513000
161303.822000
161370.476000
161437.131000
161503.785000
161637.095000
161703.749000
161770.404000
161903.713000
161970.368000
162037.023000
162103.677000
162236.985000
162303.640000
162370.292000
162436.947000
162570.256000
162636.910000
162703.565000
162836.873000
162903.527000
162970.182000
163036.836000
163170.145000
163236.800000
163303.454000
163370.109000
163503.417000
163570.072000
163636.726000
163770.035000
163836.689000
163903.344000
164036.653000
164103.307000
164169.961000
164303.270000
164369.925000
164436.579000
164503.234000
164636.543000
164703.199000
164769.852000
164836.507000
164969.817000
165036.471000
165103.125000
165236.433000
165303.088000
165369.742000
165436.395000
165569.704000
165636.358000
165703.017000
165769.667000
165902.976000
165969.631000
166036.285000
166102.939000
166236.248000
166302.902000
166369.557000
166502.866000
166569.520000
166636.175000
166702.829000
166836.138000
166902.793000
166969.448000
167036.102000
167169.410000
167236.065000
167302.719000
167369.374000
167502.683000
167569.338000
167702.647000
167769.302000
167835.957000
167902.611000
168035.919000
168102.574000
168169.231000
168235.882000
168369.189000
168435.844000
168502.498000
168635.807000
168702.461000
168769.116000
168835.770000
168969.079000
169035.733000
169102.388000
169169.042000
169302.351000
169369.006000
169435.660000
169568.969000
169635.623000
169702.278000
169835.586000
169902.241000
169968.895000
170102.204000
170168.859000
170302.167000
170368.822000
170435.477000
170568.787000
170635.441000
170702.096000
170835.404000
170902.060000
171035.368000
171102.022000
171168.675000
171301.983000
171368.638000
171501.947000
171568.601000
171635.255000
171768.564000
171835.218000
171901.873000
172035.188000
172101.837000
172235.145000
172301.800000
172368.454000
172435.108000
172568.417000
172635.072000
172701.726000
172835.035000
172901.689000
172968.343000
173034.998000
173168.307000
173234.961000
173301.616000
173368.271000
173501.580000
173568.234000
173634.889000
173768.198000
173834.853000
173901.507000
174034.816000
174101.469000
174168.125000
174234.777000
174368.086000
174434.741000
174501.395000
174634.704000
174701.358000
174768.013000
174901.322000
174967.976000
175034.631000
175101.284000
175234.593000
175301.248000
175367.903000
175434.557000
175567.866000
175634.520000
175767.829000
175834.484000
175901.138000
175967.792000
176101.101000
176167.755000
176234.410000
176367.719000
176434.374000
176501.029000
176567.684000
176700.992000
176767.647000
176834.302000
176900.955000
177034.264000
177100.919000
177167.571000
177300.880000
177367.535000
177434.189000
177500.844000
177634.152000
177700.807000
177767.461000
177900.770000
177967.424000
178034.079000
178100.733000
178234.042000
178300.696000
178367.351000
178500.660000
178567.314000
178633.968000
178700.623000
178833.931000
178900.586000
178967.241000
179033.895000
179167.204000
179233.859000
179300.514000
179433.823000
179500.477000
179567.132000
179633.786000
179767.095000
179833.750000
179900.404000
179967.057000
180100.365000
180167.020000
180233.674000
180366.983000
180433.637000
180500.292000
180633.601000
180700.255000
180766.910000
180833.564000
180966.872000
181033.527000
181100.181000
181233.490000
181300.145000
181366.799000
181433.453000
181566.762000
181633.417000
181700.071000
181833.380000
181900.034000
181966.689000
182033.344000
182166.653000
182233.307000
182299.963000
182433.271000
182499.926000
182566.580000
182699.891000
182766.544000
182899.851000
182966.505000
183099.814000
183166.468000
183299.777000
183366.431000
183433.085000
183566.394000
183633.049000
183766.358000
183833.012000
183966.321000
184032.975000
184166.284000
184232.939000
184299.593000
184432.902000
184499.556000
184632.865000
184699.520000
184766.174000
184899.483000
184966.137000
185099.447000
185166.101000
185232.756000
185366.065000
185432.720000
185499.374000
185632.683000
185699.336000
185765.990000
185899.299000
185965.953000
186032.607000
186165.917000
186232.571000
186299.225000
186365.879000
186499.188000
186565.843000
186632.497000
186699.152000
186832.460000
186899.115000
186965.769000
187099.078000
187165.732000
187232.387000
187299.041000
187432.350000
187499.004000
187565.659000
187698.968000
187765.622000
187832.276000
187965.586000
188032.240000
188098.896000
188165.549000
188298.860000
188365.514000
188432.168000
188565.477000
188632.131000
188698.786000
188765.438000
188898.747000
188965.401000
189032.056000
189165.364000
189232.019000
189298.673000
189431.982000
189498.637000
189565.291000
189631.946000
189765.254000
189831.909000
189898.563000
190031.872000
190098.526000
190165.180000
190298.489000
190365.144000
190431.798000
190498.453000
190631.761000
190698.416000
190765.070000
190898.380000
190965.034000
191031.691000
191098.344000
191231.653000
191298.308000
191364.962000
191498.271000
191564.925000
191631.581000
191698.234000
191831.541000
191898.195000
191964.850000
192098.158000
192164.813000
192231.467000
192298.121000
192431.430000
192498.085000
192564.739000
192698.048000
192764.702000
192831.357000
192898.011000
193031.320000
193097.974000
193164.629000
193297.938000
193364.592000
193431.247000
193497.901000
193631.210000
193697.865000
193764.519000
193897.828000
193964.483000
194031.138000
194097.792000
194231.101000
194297.756000
194364.411000
194497.719000
194564.374000
194631.026000
194764.335000
194830.989000
194897.643000
195030.952000
195097.608000
195164.261000
195297.570000
195364.224000
195430.879000
195564.188000
196097.423000
196230.732000
196364.041000
196430.695000
196564.004000
196630.658000
196697.313000
196830.622000
196897.277000
196963.931000
197097.241000
197163.895000
197297.205000
197363.858000
197430.513000
197563.820000
197630.474000
197763.783000
197830.437000
197897.092000
197963.746000
198097.055000
198163.710000
198230.364000
198297.018000
198430.327000
198496.981000
198563.636000
198696.945000
198763.599000
198830.255000
198896.908000
199030.217000
199096.871000
199163.525000
199296.834000
199363.489000
199430.144000
199496.798000
199630.108000
199696.762000
199763.417000
199896.726000
199963.381000
200030.036000
200096.689000
200229.998000
200296.652000
200363.306000
200496.613000
200563.268000
200629.934000
200696.577000
200829.886000
200896.540000
200963.194000
201096.503000
201163.157000
201229.812000
201296.467000
201429.775000
201496.430000
201563.084000
201696.393000
201763.047000
201829.702000
201896.356000
202029.665000
202096.319000
202162.974000
202229.628000
202362.939000
202429.591000
202496.251000
202629.555000
202696.210000
202762.865000
202829.520000
202962.829000
203029.483000
203096.137000
203229.445000
203296.100000
203362.753000
203429.407000
203562.716000
203629.370000
203696.027000
203762.679000
203895.988000
203962.643000
204029.297000
204162.606000
204229.260000
204295.915000
204362.569000
204495.878000
204562.532000
204629.187000
204762.495000
204829.150000
204895.805000
204962.458000
205095.767000
205162.422000
205229.076000
205362.386000
205429.040000
205495.695000
205562.349000
205695.659000
205762.314000
205828.968000
205962.277000
206028.931000
206095.586000
206162.239000
206295.547000
206362.201000
206428.855000
206495.510000
206628.819000
206695.473000
206762.127000
206895.436000
206962.091000
207028.746000
207095.399000
207228.709000
207295.363000
207362.017000
207495.326000
207561.981000
207628.635000
207695.289000
207828.598000
207895.252000
207961.907000
208095.215000
208161.871000
208228.525000
208361.834000
208428.489000
208561.798000
208628.453000
208695.108000
208828.416000
208895.071000
209028.378000
209095.032000
209161.686000
209294.995000
209361.649000
209428.304000
209561.612000
209628.267000
209761.576000
209828.230000
209894.885000
210028.193000
210094.848000
210161.502000
210294.811000
210361.466000
210494.774000
210561.429000
210628.083000
210761.392000
210828.047000
210894.701000
211028.009000
211094.664000
211161.319000
211227.973000
211361.283000
211427.937000
211494.592000
211627.901000
211694.556000
211761.209000
211894.518000
211961.172000
212027.826000
212094.480000
212227.789000
212294.443000
212361.098000
212494.406000
212561.061000
212627.715000
212694.370000
212827.678000
212894.333000
212960.987000
213094.296000
213160.950000
213227.605000
213294.259000
213427.568000
213494.222000
213560.877000
213694.185000
213760.840000
213827.494000
213960.803000
214027.458000
214094.113000
214160.767000
214294.077000
214360.731000
214427.386000
214560.695000
214627.349000
214694.005000
214760.658000
214893.965000
214960.619000
215027.274000
215093.928000
215227.237000
215293.891000
215360.546000
215493.854000
215560.509000
215627.163000
215760.472000
215827.127000
215893.781000
216027.090000
216093.744000
216160.398000
216227.053000
216360.362000
216427.016000
216493.671000
216626.979000
216693.634000
216760.288000
216826.943000
216960.252000
217026.908000
217093.561000
217226.871000
217293.525000
217360.180000
217426.835000
217560.143000
217626.798000
217693.451000
217826.758000
217893.413000
217960.067000
218093.376000
218160.031000
218226.685000
218293.339000
218426.648000
218493.302000
218559.957000
218693.266000
218759.920000
218826.575000
218893.229000
219026.538000
219093.192000
219159.846000
219293.156000
219359.810000
219426.464000
219493.118000
219626.427000
219693.082000
219759.736000
219893.046000
219959.701000
220026.356000
220093.010000
220226.319000
220292.974000
220359.628000
220492.937000
220559.590000
220626.243000
220759.552000
220826.206000
220892.861000
221026.170000
221092.825000
221159.478000
221292.788000
221359.443000
221492.750000
221559.405000
221626.059000
221759.368000
221826.023000
221959.331000
222025.986000
222092.640000
222225.949000
222292.604000
222359.258000
222492.567000
222559.221000
222692.531000
222759.185000
222825.839000
222959.149000
223025.804000
223092.458000
223225.767000
223292.422000
223359.077000
223492.383000
223559.037000
223625.692000
223759.000000
223825.655000
223892.309000
223958.964000
224092.272000
224158.927000
224225.581000
224358.890000
224425.544000
224492.199000
224558.853000
224692.162000
224758.816000
224825.471000
224892.125000
225025.434000
225092.088000
225158.743000
225292.052000
225358.706000
225425.362000
225558.670000
225625.324000
225691.979000
225758.633000
225891.943000
225958.598000
226025.252000
226158.561000
226225.215000
226291.870000
226358.524000
226491.831000
226558.485000
226625.139000
226758.448000
226825.103000
226891.757000
226958.411000
227091.720000
227158.375000
227225.029000
227358.338000
227424.992000
227491.647000
227558.301000
227691.610000
227758.264000
227824.919000
227891.573000
228024.882000
228091.536000
228158.191000
228291.499000
228358.154000
228424.809000
228491.463000
228624.773000
228691.428000
228758.082000
228891.391000
228958.046000
229024.701000
229091.355000
229224.663000
229291.317000
229357.970000
229491.279000
229557.933000
229624.588000
229691.242000
229824.551000
229891.205000
229957.860000
230024.515000
230157.823000
230224.477000
230291.132000
230424.440000
232757.345000
232890.653000
232957.308000
233090.617000
233157.272000
233223.925000
233357.234000
233423.889000
233490.544000
233623.852000
233690.506000
233757.161000
233890.470000
233957.125000
234090.433000
234157.088000
234223.743000
234357.052000
234423.706000
234490.361000
234623.670000
234690.325000
234756.978000
234890.285000
234956.940000
235090.249000
235156.903000
235223.558000
235356.867000
235423.521000
235490.175000
235623.484000
235690.140000
235756.792000
235890.102000
235956.756000
236090.065000
236156.719000
236223.374000
236356.682000
236423.337000
236489.991000
236556.645000
236689.955000
236756.609000
236823.263000
236956.572000
237023.227000
237089.881000
237223.190000
237289.846000
237356.500000
237423.154000
237556.464000
237623.118000
237689.774000
237756.426000
237889.735000
237956.388000
238023.042000
238089.697000
238223.006000
238289.660000
238356.315000
238489.623000
238556.278000
238622.933000
238689.587000
238822.895000
238889.550000
238956.204000
239089.513000
239156.167000
239222.822000
239356.130000
239422.785000
239489.439000
239556.094000
239689.402000
239756.057000
239822.711000
239889.366000
240022.675000
240089.330000
240155.986000
240222.639000
240355.949000
240422.604000
240489.257000
240622.566000
240689.220000
240755.875000
240822.527000
240955.836000
241022.491000
241089.145000
241222.454000
241289.108000
241355.843000
241422.417000
241555.726000
241622.380000
241689.035000
241822.343000
241888.998000
241955.652000
242022.306000
242155.615000
242222.270000
242288.924000
242422.233000
242488.887000
242555.542000
242622.196000
242755.505000
242822.160000
242888.815000
242955.469000
243088.779000
243155.434000
243222.088000
243355.397000
243422.051000
243488.706000
243555.360000
243688.667000
243755.321000
243821.975000
243888.630000
244021.939000
244088.593000
244155.247000
244288.556000
244355.211000
244421.866000
244488.519000
244621.828000
244688.483000
244755.137000
244888.446000
244955.100000
245021.755000
245088.409000
245221.718000
245288.372000
245355.027000
245421.681000
245554.990000
245621.644000
245688.300000
245754.954000
245888.263000
245954.918000
246021.572000
246154.881000
246221.536000
246288.191000
246354.845000
246488.153000
246554.806000
246688.115000
246754.769000
246821.423000
246954.732000
247021.387000
247088.041000
247221.350000
247288.004000
247421.313000
247487.967000
247554.622000
247687.931000
247754.585000
247821.239000
247954.548000
248021.204000
248087.857000
248221.166000
248287.822000
248421.129000
248487.784000
248554.439000
248687.748000
248754.403000
248821.057000
248954.367000
249021.023000
249087.675000
249220.983000
249287.637000
249354.293000
249487.599000
249554.254000
249620.908000
249687.563000
249820.871000
249887.526000
249954.181000
250020.835000
250154.143000
250220.798000
250287.452000
250420.761000
250487.416000
250554.070000
250620.725000
250754.033000
250820.687000
250887.342000
251820.506000
251887.160000
251953.815000
252087.123000
252153.777000
252287.084000
252353.739000
252420.393000
252487.047000
252620.356000
252687.011000
252753.665000
252886.974000
252953.628000
253020.283000
253153.591000
253220.246000
253286.901000
253353.555000
253486.864000
253553.518000
253620.172000
253686.827000
253820.135000
253886.790000
253953.444000
254086.753000
254153.407000
254220.063000
254286.717000
254420.026000
254486.681000
254553.336000
254619.990000
254753.299000
254819.954000
254886.608000
254953.262000
255086.571000
255153.224000
255219.878000
255353.187000
255419.841000
255486.497000
255619.805000
255686.459000
255753.113000
255819.768000
255953.076000
256019.731000
256086.385000
256219.694000
256286.348000
256353.004000
256419.657000
256552.966000
256619.621000
256686.275000
256819.584000
256886.238000
256952.892000
257019.547000
257152.856000
257219.511000
257286.165000
257352.821000
257486.129000
257552.784000
257619.439000
257752.747000
257819.402000
257886.056000
257952.710000
258086.017000
258152.672000
258219.326000
258285.981000
258419.289000
258485.944000
258552.598000
258685.907000
258752.561000
258819.240000
258885.870000
259019.179000
259085.833000
259152.488000
259285.796000
259352.451000
259419.105000
259552.414000
259619.068000
259752.377000
259819.031000
259952.341000
260018.995000
260085.650000
260218.960000
260285.614000
260352.269000
260485.578000
260552.232000
260685.541000
260752.195000
260818.848000
260952.156000
261018.812000
261152.120000
261218.774000
261285.428000
261418.737000
261485.392000
261552.046000
261685.355000
261752.010000
261818.663000
261951.973000
262018.627000
262085.281000
262218.590000
262285.244000
262351.899000
262418.553000
262551.862000
262618.516000
262685.171000
262751.825000
262885.134000
262951.789000
263018.444000
263085.098000
263218.408000
263285.063000
263351.717000
263485.026000
263551.680000
263618.334000
263684.988000
263818.296000
263884.950000
263951.604000
264084.913000
264151.568000
264218.222000
264284.876000
264418.185000
264484.840000
264551.494000
264618.148000
264751.457000
264818.112000
264884.766000
265018.075000
265084.729000
265151.384000
265218.038000
265351.347000
265418.002000
265484.656000
265617.965000
265684.620000
265751.276000
265817.929000
265951.238000
266017.894000
266084.548000
266217.857000
266284.511000
266351.165000
266484.472000
266551.126000
266617.782000
266684.435000
266817.744000
266884.398000
266951.052000
267017.707000
267151.016000
267217.670000
267284.324000
267417.633000
267484.287000
267550.942000
267617.596000
267750.905000
267817.559000
267884.214000
268017.523000
268084.177000
268150.832000
268217.486000
268350.795000
268417.449000
268484.105000
268550.758000
268684.068000
268750.722000
268817.377000
268950.686000
269017.341000
269083.996000
269150.649000
269283.958000
269350.612000
269417.268000
269483.920000
269617.229000
269683.883000
269750.537000
269883.846000
269950.501000
270017.155000
270150.464000
270217.118000
270283.773000
270350.427000
270483.736000
270550.391000
270617.044000
270750.353000
270817.008000
270883.662000
271016.971000
271083.625000
271150.279000
271283.589000
271350.243000
271416.898000
271483.552000
271616.861000
271683.516000
271750.171000
271883.480000
271950.135000
272083.443000
272150.098000
272283.404000
272350.061000
272483.368000
272550.022000
272683.331000
272749.985000
272883.294000
273016.603000
273083.257000
273216.566000
273283.221000
273416.529000
273483.184000
273549.838000
273683.147000
273749.802000
273883.110000
273949.764000
274083.073000
274149.728000
274216.382000
274349.692000
274416.347000
274483.001000
274616.310000
274682.965000
274749.619000
274882.928000
274949.582000
275016.238000
275149.545000
275216.198000
275349.507000
275416.161000
275482.816000
275616.124000
275682.779000
275749.433000
275882.742000
275949.397000
276082.705000
276149.360000
276216.014000
276349.323000
276415.979000
276549.286000
276615.940000
276682.595000
276749.249000
276882.558000
276949.212000
277015.867000
277149.177000
277215.831000
277282.486000
277415.795000
277482.450000
277549.104000
277682.413000
277749.068000
277815.721000
277949.030000
278015.683000
278082.337000
278148.991000
278282.301000
278348.955000
278482.263000
278548.918000
278615.573000
278682.227000
278815.536000
278882.190000
278948.844000
279082.153000
279148.808000
279215.462000
279348.771000
279415.425000
279482.080000
279615.388000
279682.043000
279748.697000
279882.006000
279948.661000
280015.317000
280081.970000
280215.279000
280281.934000
280348.589000
280481.898000
280548.552000
280615.206000
280681.860000
280815.167000
280881.822000
280948.476000
281081.785000
281148.440000
281281.748000
281348.403000
281415.058000
281481.711000
281615.020000
281681.675000
281748.329000
281881.638000
281948.293000
282014.947000
282081.601000
282214.910000
282281.565000
282348.219000
282414.873000
282548.182000
282614.837000
282681.491000
282748.146000
282881.455000
282948.111000
283014.765000
283148.074000
283214.729000
283281.384000
283348.038000
283481.346000
283548.000000
283614.654000
283747.961000
283814.616000
283881.270000
283947.924000
284081.233000
284147.887000
284214.542000
284281.196000
284414.505000
284481.159000
284547.814000
284614.468000
284747.777000
284814.431000
284947.740000
285014.395000
285081.049000
285214.358000
285281.013000
285414.321000
285480.975000
285547.630000
285680.939000
285747.595000
285880.903000
285947.558000
286014.213000
286147.522000
286214.176000
286347.485000
286414.139000
286480.792000
286614.100000
286680.755000
286747.409000
286880.718000
286947.372000
287080.681000
287147.335000
287213.990000
287347.299000
287413.953000
287480.608000
287613.916000
287680.571000
287747.225000
287813.879000
287947.188000
288013.843000
288080.498000
288147.151000
288280.460000
288347.115000
288413.769000
288547.078000
288613.734000
288680.389000
288747.042000
288880.352000
288947.006000
289013.661000
289080.315000
289213.623000
289280.278000
289346.932000
289480.239000
289546.894000
289613.549000
289680.203000
289813.511000
289880.166000
289946.820000
290013.475000
290146.784000
290213.438000
290280.092000
290413.401000
290480.056000
290546.711000
290613.364000
290746.673000
290813.327000
290879.982000
291013.291000
291079.945000
291146.599000
291279.908000
291346.563000
291413.218000
291479.872000
291613.182000
291679.836000
292546.342000
292679.651000
292746.305000
292812.960000
292946.268000
293012.923000
293079.577000
293146.231000
293279.540000
293346.195000
293412.849000
293546.158000
293612.812000
293679.468000
293746.121000
293879.430000
293946.084000
294012.739000
294079.393000
294212.702000
294279.357000
294346.011000
294479.321000
294545.976000
294612.630000
294679.285000
294812.594000
294879.246000
294945.902000
295012.557000
295145.864000
295212.518000
295279.172000
295345.828000
295479.135000
295545.790000
295612.444000
295745.753000
295812.408000
295879.063000
295945.716000
296079.025000
296812.224000
296945.533000
297012.187000
297145.497000
297212.151000
297278.805000
297412.115000
297478.770000
297545.424000
297678.733000
297745.388000
297812.041000
297945.348000
298012.003000
298078.657000
298211.966000
298278.620000
298345.275000
298478.583000
298545.238000
298611.892000
298745.201000
298811.855000
298945.164000
299011.819000
299078.473000
299211.782000
299278.436000
299345.091000
299478.400000
299545.054000
299611.709000
299745.018000
299811.672000
299944.981000
