49.982000
99.966000
149.945000
199.928000
249.908000
299.890000
349.872000
399.853000
449.835000
499.817000
549.801000
599.780000
649.763000
699.743000
749.725000
799.707000
849.688000
899.670000
949.652000
999.636000
1049.615000
1099.598000
1149.578000
1199.560000
1249.542000
1299.523000
1349.506000
1399.488000
1449.470000
1499.450000
1549.433000
1599.414000
1649.395000
1699.377000
1749.358000
1799.342000
1849.322000
1899.305000
1949.285000
1999.268000
2049.249000
2099.230000
2149.212000
2199.194000
2249.177000
2299.157000
2349.141000
2399.120000
2449.102000
2499.083000
2549.066000
2599.047000
2649.028000
2699.013000
2748.992000
2798.976000
2848.956000
2898.938000
2948.918000
2998.900000
3048.882000
3098.864000
3148.847000
3198.827000
3248.810000
3298.790000
3348.773000
3398.754000
3448.735000
3498.717000
3548.699000
3598.682000
3648.662000
3698.645000
3748.625000
3798.608000
3848.589000
3898.570000
3948.552000
3998.534000
4048.518000
4098.497000
4148.480000
4198.460000
4248.442000
4298.424000
4348.405000
4398.387000
4448.369000
4498.352000
4548.332000
4598.315000
4648.295000
4698.277000
4748.259000
4798.241000
4848.222000
4898.204000
4948.188000
4998.167000
5048.151000
5098.130000
5148.112000
5198.094000
5248.075000
5298.057000
5348.039000
5398.022000
5448.002000
5497.985000
5547.966000
5597.947000
5647.929000
5697.910000
5747.892000
5797.874000
5847.858000
5897.837000
5947.820000
5997.800000
6047.782000
6097.764000
6147.745000
6197.727000
6247.709000
6297.693000
6347.672000
6397.655000
6447.635000
6497.617000
6547.599000
6597.581000
6647.564000
6697.544000
6747.528000
6847.490000
6947.454000
7047.416000
7097.397000
7197.363000
7297.326000
7397.287000
7497.250000
7547.232000
7647.198000
8346.938000
8546.867000
8896.737000
9046.682000
9296.595000
9396.553000
9496.516000
9546.499000
9646.461000
9746.425000
9846.388000
9946.351000
10046.315000
10146.278000
10246.244000
10346.207000
10446.169000
10546.131000
10646.094000
10746.058000
10846.021000
10945.984000
11045.948000
11145.912000
11245.876000
11345.839000
11395.819000
11495.782000
11595.746000
11745.691000
11795.674000
11895.636000
11995.599000
12095.562000
12145.546000
12245.509000
12345.471000
12445.434000
12495.415000
12595.380000
12695.344000
12795.306000
12895.269000
12995.232000
13045.216000
13145.178000
13245.141000
13345.104000
13445.067000
13545.030000
13595.014000
13694.976000
13794.939000
13894.902000
13994.865000
14044.848000
14144.811000
14244.773000
14344.737000
14444.700000
14544.663000
14594.646000
14694.608000
14794.572000
14894.535000
14994.498000
15094.461000
15194.424000
15244.406000
15344.369000
15444.332000
15544.296000
15644.259000
15694.241000
15794.204000
15894.167000
15994.131000
16094.094000
16144.075000
16244.039000
16344.002000
16443.965000
16493.947000
16593.910000
16693.874000
16793.837000
16893.800000
16943.782000
17043.746000
17143.709000
17243.672000
17293.655000
17393.616000
17493.580000
17593.543000
17643.527000
17743.490000
17843.451000
17893.433000
17993.396000
18093.361000
18193.327000
18293.286000
18343.268000
18443.231000
18543.196000
18643.159000
18743.121000
18793.102000
18893.065000
18993.031000
19092.994000
19142.974000
19242.937000
19342.900000
19442.865000
19542.829000
19592.808000
19692.773000
19792.735000
19892.699000
19942.680000
20042.643000
20142.606000
20242.570000
20342.535000
20392.515000
20492.478000
20592.441000
20692.405000
20742.386000
20842.349000
20942.313000
21042.276000
21142.239000
21192.221000
21292.184000
21392.147000
21442.131000
21542.094000
21642.056000
21742.019000
21841.982000
21891.966000
21991.928000
22091.891000
22191.854000
22291.817000
22391.780000
22441.762000
22541.725000
22691.670000
22741.651000
22841.614000
22941.578000
23041.541000
23141.505000
23241.470000
23341.432000
23391.412000
23491.376000
23591.339000
23691.304000
23791.269000
23891.230000
23991.192000
24091.155000
24141.139000
24291.082000
24341.064000
24441.026000
24540.990000
24640.953000
24740.916000
24840.879000
24890.861000
24990.824000
25090.787000
25190.752000
25290.714000
25340.696000
25440.659000
25540.622000
25640.585000
25690.568000
25790.532000
25890.494000
25990.457000
26040.440000
26140.404000
26240.365000
26290.347000
26390.310000
26490.275000
26590.238000
26640.218000
26740.181000
26840.146000
26940.109000
27040.073000
27090.052000
27190.016000
27339.960000
27439.924000
27539.888000
27789.795000
27889.758000
27939.742000
28039.705000
28389.576000
28489.540000
28539.520000
28639.483000
28739.446000
28839.410000
28889.390000
28989.354000
29089.317000
29189.280000
29289.243000
29389.209000
29439.188000
29539.152000
29639.115000
29739.078000
29839.044000
29939.006000
29988.986000
30088.949000
30188.912000
30288.878000
30338.857000
30438.821000
30538.784000
30638.747000
30688.728000
30788.692000
30888.655000
30938.638000
31038.600000
31138.563000
31238.526000
31338.490000
31388.473000
31488.435000
31588.398000
31688.361000
31738.345000
31838.308000
31938.270000
32038.232000
32088.214000
32188.178000
32288.143000
32388.104000
32438.085000
32538.048000
32638.012000
32737.977000
32787.956000
32887.920000
32987.883000
33037.865000
33137.828000
33237.791000
33337.754000
33387.736000
33487.699000
33587.662000
33637.643000
33737.609000
33837.571000
33937.533000
33987.515000
34087.478000
34187.444000
34287.407000
34337.386000
34437.350000
34537.313000
34587.294000
34687.257000
34787.221000
34887.184000
34987.147000
35087.110000
35187.076000
35287.038000
35337.018000
35486.963000
35536.946000
35636.911000
35736.873000
35836.835000
35936.798000
36036.761000
36136.724000
36186.708000
36286.670000
36386.632000
36486.595000
36586.558000
36686.522000
36786.485000
36886.448000
36936.429000
37036.393000
37136.356000
37236.319000
37336.282000
37436.246000
37486.227000
37586.191000
37686.153000
37736.136000
37836.098000
37936.062000
38036.025000
38086.008000
38185.971000
38285.933000
38335.914000
38435.877000
38535.844000
38635.806000
38735.767000
38835.731000
38935.693000
38985.677000
39085.641000
39185.602000
39235.583000
39335.546000
39435.512000
39535.475000
39585.454000
39685.418000
39785.381000
39835.362000
39935.326000
40035.289000
40135.252000
40185.234000
40285.197000
40385.160000
40435.143000
40535.107000
40635.069000
40735.031000
40834.994000
40884.976000
40984.941000
41084.904000
41184.866000
41234.847000
41334.810000
41434.775000
41484.755000
41584.718000
41684.682000
41784.644000
41884.609000
41934.589000
42034.553000
42134.516000
42234.479000
42284.461000
42384.424000
42484.387000
42584.350000
42634.332000
42734.295000
42834.259000
42934.221000
42984.205000
43084.167000
43184.129000
43284.092000
43384.056000
43434.039000
43534.003000
43633.964000
43683.945000
43783.908000
43883.874000
43983.837000
44033.816000
44133.779000
44233.743000
44333.707000
44383.687000
44483.651000
44583.614000
44633.596000
44733.558000
44833.522000
44933.485000
44983.468000
45083.430000
45183.393000
45283.356000
45383.320000
45433.305000
45533.265000
45633.227000
45733.190000
45883.137000
45983.100000
46083.062000
46133.043000
46233.006000
46332.971000
46432.935000
46482.914000
46582.877000
46682.841000
46732.822000
46832.785000
46932.748000
47032.711000
47132.675000
47182.656000
47282.620000
47382.583000
47482.546000
47532.528000
47632.491000
47732.454000
47832.417000
47932.380000
48032.343000
48132.306000
48182.288000
48282.253000
48382.215000
48482.178000
48532.161000
48632.123000
48732.086000
48832.049000
48932.012000
49031.975000
49081.958000
49181.920000
49281.883000
49381.846000
49481.809000
49581.772000
49681.736000
49781.699000
49831.680000
49931.644000
50031.607000
50131.570000
50231.533000
50331.498000
50381.478000
50481.441000
50581.404000
50681.367000
50781.330000
50831.312000
50931.277000
51031.238000
51081.220000
51181.183000
51281.149000
51331.129000
51431.093000
51531.055000
51581.036000
51680.999000
51780.964000
51830.943000
51930.907000
52030.870000
52130.833000
52180.815000
52280.778000
52380.741000
52480.704000
52530.687000
52630.649000
52730.612000
52780.595000
52880.559000
52980.522000
53030.502000
53130.465000
53230.428000
53280.410000
53380.372000
53480.336000
53580.299000
53630.280000
53730.244000
53830.207000
53880.190000
53980.153000
54080.116000
54180.078000
54230.059000
54330.022000
54429.988000
54529.950000
54579.930000
54679.894000
54779.858000
54879.822000
54929.801000
55029.766000
55529.582000
55629.544000
55729.507000
55829.470000
55929.435000
56029.396000
56079.379000
56179.341000
56279.304000
56379.267000
56429.251000
56529.215000
56629.175000
56679.157000
56779.123000
56879.085000
56929.064000
57029.028000
57128.991000
57228.954000
57278.936000
57378.899000
57478.862000
57528.845000
57628.808000
57728.770000
57778.751000
57878.716000
57978.680000
58078.641000
58128.622000
58228.585000
58328.549000
58378.530000
58478.493000
58578.457000
58628.438000
58728.401000
58828.364000
58878.346000
58978.311000
59078.273000
59178.235000
59228.217000
59328.180000
59428.145000
59478.125000
59578.088000
59678.051000
59728.033000
59827.996000
59927.959000
59977.942000
60077.905000
60177.867000
60277.830000
60327.811000
60427.776000
60527.740000
60627.702000
60727.664000
60827.627000
60877.610000
60977.574000
61077.536000
61177.500000
61277.462000
61377.424000
61427.406000
61527.372000
61627.333000
61727.295000
61827.258000
61927.222000
61977.206000
62077.168000
62177.131000
62277.094000
62377.056000
62477.019000
62527.003000
62626.965000
62726.928000
62826.890000
62926.853000
63026.816000
63076.800000
63176.762000
63276.725000
63376.688000
63426.669000
63526.635000
63626.597000
63676.577000
63776.540000
63876.503000
63926.485000
64026.447000
64126.410000
64226.374000
64326.337000
64376.318000
64476.282000
64576.245000
64626.226000
64726.196000
64826.153000
64926.116000
64976.099000
65076.063000
65176.026000
65275.987000
65325.968000
65425.934000
65525.897000
65575.876000
65675.839000
65775.803000
65875.765000
65925.747000
66025.710000
66125.673000
66175.657000
66275.619000
66375.581000
66475.544000
66525.527000
66625.491000
66725.453000
66825.415000
66875.396000
66975.360000
67075.324000
67125.304000
67225.267000
67325.231000
67425.194000
67475.176000
67575.139000
67675.102000
67775.065000
67825.047000
67925.009000
68024.973000
68124.936000
68174.919000
68274.882000
68374.844000
68474.807000
68524.789000
68624.754000
68724.716000
68774.696000
68874.659000
68974.622000
69024.604000
69124.567000
69224.530000
69324.493000
69374.475000
69474.438000
69574.401000
69674.364000
69724.348000
69824.311000
69924.272000
69974.253000
70074.216000
70174.182000
70274.145000
70324.124000
70424.088000
70524.050000
70574.032000
70673.995000
70773.958000
70823.941000
70923.904000
71023.866000
71123.829000
71173.812000
71273.777000
71373.738000
71423.719000
71523.683000
71623.645000
71723.609000
71823.573000
71873.553000
71973.516000
72073.479000
72123.461000
72223.423000
72323.387000
72373.370000
72473.332000
72573.295000
72673.258000
72723.241000
72823.204000
72923.167000
72973.147000
73073.110000
73173.073000
73273.038000
73373.001000
73472.963000
73522.944000
73622.907000
73722.873000
73822.835000
73922.798000
73972.778000
74072.741000
74172.708000
74272.669000
74372.633000
74472.595000
74522.575000
74622.538000
74722.501000
74822.466000
74922.429000
74972.409000
75072.372000
75172.335000
75272.299000
75372.263000
75472.227000
75522.206000
75622.169000
75722.133000
75822.098000
75872.077000
75972.040000
76072.003000
76171.966000
76221.948000
76321.911000
76421.875000
76521.837000
76571.821000
76671.784000
76771.745000
76821.726000
76921.691000
77021.656000
77121.617000
77171.597000
77271.561000
77371.524000
77471.489000
77521.468000
77621.432000
77721.394000
77771.377000
77871.339000
77971.302000
78071.265000
78121.249000
78221.210000
78321.173000
78371.154000
78471.118000
78571.081000
78621.062000
78721.025000
78820.988000
78920.952000
78970.933000
79070.896000
79170.860000
79270.822000
79320.804000
79420.768000
79520.730000
79620.693000
79670.677000
79770.639000
79870.601000
79920.583000
80020.547000
80120.511000
80220.474000
80270.454000
80370.417000
80470.380000
80520.361000
80620.325000
80720.287000
80770.270000
80870.232000
80970.195000
81070.158000
81120.142000
81220.105000
81320.067000
81370.047000
81470.011000
81569.974000
81619.955000
81719.918000
81819.881000
81869.864000
81969.826000
82069.789000
82169.752000
82269.715000
82319.699000
82419.661000
82519.623000
82619.586000
82669.569000
82769.534000
82869.495000
82919.476000
83019.439000
83119.402000
83219.367000
83269.347000
83369.309000
83469.273000
83519.254000
83619.217000
83719.180000
83819.144000
83869.127000
83969.089000
84069.051000
84119.033000
84218.996000
84318.961000
84418.924000
84468.903000
84568.867000
84668.830000
84718.811000
84818.776000
84918.737000
85018.700000
85068.683000
85168.645000
85268.608000
85318.591000
85418.555000
85518.517000
85618.479000
85668.460000
85768.424000
85868.389000
85968.352000
86068.314000
86118.294000
86218.257000
86318.221000
86418.186000
86518.149000
86618.111000
86718.073000
86768.055000
86868.017000
86967.982000
87067.946000
87167.908000
87267.870000
87367.833000
87417.817000
87517.780000
87617.743000
87717.704000
87817.667000
87917.630000
88017.593000
88117.556000
88167.539000
88267.501000
88367.464000
88467.427000
88567.390000
88617.374000
88717.336000
88817.298000
88867.279000
88967.242000
89067.208000
89167.171000
89217.150000
89317.113000
89417.076000
89517.042000
89567.021000
89666.984000
89766.947000
89816.930000
89916.892000
90016.855000
90116.818000
90166.802000
90266.767000
90366.727000
90416.707000
90516.670000
90616.635000
90716.599000
90766.578000
90866.541000
90966.504000
91016.487000
91116.449000
91216.412000
91266.396000
91366.358000
91466.320000
91566.283000
91616.264000
91716.229000
91816.192000
91866.172000
91966.135000
92066.098000
92166.061000
92216.043000
92316.006000
92415.969000
92465.950000
92565.913000
92665.876000
92765.839000
92815.823000
92915.786000
93015.748000
93065.729000
93165.692000
93265.656000
93365.620000
93415.599000
93515.564000
93615.526000
93665.507000
93765.470000
93865.433000
93965.396000
94015.379000
94115.341000
94215.304000
94315.267000
94365.250000
94465.214000
94565.176000
94615.156000
94715.119000
94815.082000
94865.064000
94965.027000
95064.990000
95164.954000
95214.935000
95314.899000
95414.861000
95464.844000
95564.807000
95664.769000
95764.732000
95814.713000
95914.676000
96014.641000
96064.620000
96164.584000
96264.547000
96314.528000
96414.491000
96514.455000
96614.418000
96664.401000
96764.363000
96864.326000
96964.288000
97064.251000
97114.235000
97214.198000
97314.160000
97414.122000
97514.085000
97564.067000
97664.032000
97763.995000
97813.974000
97913.937000
98013.901000
98113.865000
98163.845000
98263.808000
98363.771000
98463.735000
98513.716000
98613.679000
98713.642000
98813.606000
98913.568000
99013.531000
99113.494000
99213.459000
99313.423000
99363.402000
99463.365000
99563.328000
99663.292000
99763.256000
99863.220000
99963.181000
100013.162000
100113.125000
100213.088000
100313.054000
100413.017000
100512.978000
100562.959000
100662.922000
100762.885000
100862.852000
100962.813000
101062.775000
101162.737000
101212.719000
101312.682000
101412.647000
101512.610000
101562.589000
101662.552000
101762.516000
101812.497000
101912.460000
102012.423000
102112.386000
102162.368000
102262.331000
102362.294000
102462.257000
102512.241000
102612.204000
102712.165000
102812.128000
102862.109000
102962.072000
103062.037000
103112.017000
103211.980000
103311.943000
103411.906000
103461.888000
103561.851000
103661.814000
103761.777000
103811.760000
103911.722000
104011.685000
104061.668000
104161.631000
104261.594000
104361.556000
104411.537000
104511.500000
104611.463000
104661.444000
104761.407000
104861.370000
104961.333000
105011.316000
105111.278000
105211.241000
105261.225000
105361.187000
105461.150000
105561.112000
105611.094000
105711.059000
105811.021000
105861.001000
105960.964000
106060.927000
106160.890000
106210.872000
106310.846000
106410.798000
106460.780000
106560.742000
106660.705000
106760.669000
106810.652000
106910.615000
107010.577000
107060.557000
107160.521000
107260.487000
107360.448000
107410.428000
107510.391000
107610.354000
107660.336000
107760.299000
107860.262000
107960.225000
108010.209000
108110.172000
108210.133000
108260.115000
108360.077000
108460.042000
108560.006000
108609.985000
108709.948000
108809.911000
108909.874000
108959.856000
109059.819000
109159.782000
109209.764000
109309.726000
109409.690000
109509.652000
109559.636000
109659.600000
109759.561000
109809.541000
109909.505000
110009.469000
110109.433000
110159.412000
110259.375000
110359.338000
110409.320000
110509.285000
110609.246000
110659.230000
110759.193000
110859.155000
110959.117000
111009.099000
111109.063000
111209.026000
111308.989000
111358.969000
111458.932000
111558.895000
111658.860000
111758.823000
111808.802000
111908.766000
112008.729000
112108.692000
112208.656000
112258.636000
112358.599000
112458.562000
112558.526000
112658.488000
112758.453000
112808.433000
112908.396000
113008.359000
113108.322000
113208.285000
113258.267000
113358.230000
113458.193000
113558.156000
113658.119000
113758.082000
113858.047000
113908.027000
114007.990000
114107.953000
114207.916000
114257.897000
114357.861000
114457.823000
114507.807000
114607.770000
114707.731000
114807.694000
114857.675000
114957.641000
115057.604000
115107.583000
115207.546000
115307.509000
115357.491000
115457.454000
115557.417000
115657.380000
115707.363000
115807.325000
115907.287000
116007.250000
116057.233000
116157.198000
116257.160000
116357.122000
116407.103000
116507.066000
116607.030000
116657.010000
116756.974000
116856.936000
116906.918000
117006.881000
117106.844000
117156.828000
117256.791000
117356.753000
117456.715000
117506.696000
117606.659000
117706.624000
117756.605000
117856.567000
117956.530000
118056.493000
118106.475000
118206.437000
118306.401000
118406.364000
118456.347000
118556.309000
118656.271000
118756.234000
118806.216000
118906.182000
119006.144000
119056.123000
119156.086000
119256.050000
119356.014000
119405.994000
119505.958000
119605.920000
119655.902000
119755.865000
119855.828000
119955.791000
120005.772000
120105.735000
120205.698000
120255.680000
120355.643000
120455.610000
120555.571000
120605.550000
120705.513000
120805.477000
120905.439000
120955.421000
121055.384000
121155.347000
121255.310000
121305.292000
121405.255000
121505.218000
121555.201000
121655.165000
121755.127000
121855.089000
121905.070000
122005.033000
122104.998000
122154.978000
122254.942000
122354.904000
122404.886000
122504.848000
122604.811000
122704.774000
122754.758000
122854.720000
122954.682000
123004.664000
123104.627000
123204.591000
123254.571000
123354.534000
123454.497000
123504.479000
123604.442000
123704.405000
123804.368000
123854.351000
123954.314000
124054.276000
124104.257000
124204.220000
124304.184000
124404.148000
124454.127000
124554.090000
124654.054000
124754.017000
124853.981000
124903.961000
125003.924000
125103.887000
125203.850000
125303.813000
125403.778000
125503.741000
125603.704000
125653.684000
125753.647000
125853.610000
125953.574000
126053.538000
126153.501000
126203.480000
126303.444000
126403.406000
126503.369000
126553.351000
126653.314000
126753.278000
126853.241000
126953.203000
127053.166000
127103.148000
127203.111000
127303.074000
127353.056000
127453.020000
127552.981000
127602.963000
127702.928000
127802.891000
127902.853000
127952.833000
128052.796000
128152.760000
128202.741000
128302.704000
128402.667000
128502.630000
128602.593000
128652.575000
128752.538000
128852.501000
128952.464000
129052.427000
129102.408000
129202.372000
129302.335000
129352.317000
129452.281000
129552.243000
129602.223000
129702.187000
129802.150000
129902.115000
129952.094000
130052.058000
130152.020000
130202.002000
130301.965000
130401.928000
130501.891000
130601.854000
130651.836000
130751.798000
130851.761000
130901.743000
131001.709000
131101.671000
131201.633000
131251.614000
131351.576000
131451.540000
131501.521000
131601.484000
131701.447000
131751.430000
131851.392000
131951.355000
132051.318000
132101.302000
132201.266000
132301.227000
132351.207000
132451.170000
132551.133000
132601.114000
132701.077000
132801.041000
132901.004000
132950.986000
133050.949000
133150.911000
133200.893000
133300.858000
133400.820000
133450.800000
133550.763000
133650.726000
133750.689000
133800.670000
133900.634000
134000.597000
134050.578000
134150.541000
134250.504000
134300.485000
134400.451000
134500.414000
134600.376000
134650.356000
134750.319000
134850.284000
134900.264000
135000.228000
135100.190000
135150.172000
135250.135000
135350.097000
135450.060000
135500.044000
135600.008000
135699.969000
135749.950000
135849.912000
135949.876000
136049.841000
136099.820000
136199.783000
136299.746000
136399.709000
136449.691000
136549.654000
136649.617000
136699.600000
136799.562000
136899.524000
136999.487000
137049.469000
137149.433000
137249.397000
137349.359000
137449.321000
137549.284000
137649.247000
137749.210000
137849.173000
137899.155000
137999.118000
138099.080000
138199.043000
138299.007000
138398.970000
138498.933000
138548.914000
138648.877000
138748.841000
138848.803000
138948.766000
139048.729000
139098.711000
139198.674000
139298.637000
139398.600000
139498.563000
139548.546000
139648.508000
139748.471000
139848.433000
139898.417000
139998.380000
140098.342000
140198.305000
140248.286000
140348.249000
140448.213000
140548.176000
140648.140000
140748.101000
140798.082000
140898.045000
140998.010000
141097.973000
141147.953000
141247.916000
141347.879000
141447.842000
141497.823000
141597.787000
141697.749000
141747.733000
141847.695000
141947.657000
142047.620000
142097.601000
142197.567000
142297.529000
142347.509000
142447.472000
142547.435000
142647.398000
142697.379000
142797.343000
142897.305000
142947.288000
143047.250000
143147.213000
143247.176000
143297.159000
143397.122000
143497.085000
143547.065000
143647.028000
143746.991000
143796.973000
143896.936000
143996.899000
144096.861000
144146.843000
144246.808000
144346.769000
144396.751000
144496.716000
144596.678000
144696.641000
144746.622000
144846.584000
144946.548000
145046.513000
145096.492000
145196.455000
145296.418000
145346.400000
145446.362000
145546.325000
145596.309000
145696.272000
145796.235000
145896.196000
145946.177000
146046.143000
146146.106000
146196.085000
146296.048000
146396.011000
146445.992000
146545.955000
146645.919000
146745.881000
146795.865000
146895.827000
146995.790000
147095.752000
147145.733000
147245.699000
147345.662000
147395.641000
147495.605000
147595.567000
147645.549000
147745.512000
147845.474000
147945.438000
147995.420000
148095.383000
148195.345000
148295.308000
148345.291000
148445.255000
148545.218000
148595.197000
148695.160000
148795.123000
148895.087000
148945.068000
149045.031000
149144.994000
149244.957000
149294.938000
149394.901000
149494.864000
149544.848000
149644.810000
149744.773000
149844.735000
149894.721000
149994.679000
150094.645000
150194.607000
150294.569000
150344.550000
150444.513000
150544.479000
150644.441000
150744.404000
150794.383000
150894.346000
150994.311000
151094.272000
151194.237000
151244.217000
151394.162000
151444.143000
151544.106000
151644.069000
151744.035000
151843.997000
151943.959000
152043.921000
152093.902000
152193.865000
152293.830000
152393.793000
152493.756000
152593.718000
152693.681000
152743.662000
152843.626000
152943.590000
153043.553000
153093.533000
153193.496000
153293.459000
153393.423000
153443.403000
153543.366000
153643.329000
153743.292000
153793.274000
153893.236000
153993.200000
154093.163000
154143.146000
154243.108000
154343.070000
154443.033000
154493.015000
154592.981000
154692.943000
154742.922000
154842.885000
154942.848000
154992.830000
155092.793000
155192.756000
155292.719000
155342.701000
155442.663000
155542.626000
155642.589000
155742.552000
155792.536000
155892.498000
155992.460000
156092.423000
156142.404000
156242.370000
156342.333000
156442.295000
156492.275000
156592.238000
156692.201000
156792.165000
156842.145000
156942.108000
157042.071000
157092.053000
157192.016000
157291.979000
157341.960000
157441.927000
157541.888000
157591.868000
157691.831000
157791.794000
157841.775000
157941.738000
158041.701000
158141.664000
158191.647000
158291.609000
158391.572000
158441.553000
158541.519000
158641.482000
158691.461000
158791.424000
158891.387000
158941.368000
159041.331000
159141.294000
159241.257000
159291.240000
159391.203000
159491.165000
159541.146000
159641.110000
159741.075000
159791.054000
159891.017000
159990.980000
160040.962000
160140.925000
160240.887000
160290.872000
160390.834000
160490.796000
160540.776000
160640.739000
160740.702000
160840.668000
160890.647000
160990.610000
161090.573000
161140.554000
161240.518000
161340.480000
161390.462000
161490.425000
161590.388000
161640.369000
161740.333000
161840.295000
161940.261000
161990.240000
162090.203000
162190.166000
162240.148000
162340.111000
162440.073000
162490.056000
162590.020000
162689.982000
162789.944000
162889.907000
162989.871000
163089.833000
163189.796000
163289.759000
163389.722000
163439.703000
163539.666000
163639.630000
163739.593000
163839.555000
163939.518000
164039.482000
164089.463000
164189.426000
164289.389000
164389.352000
164489.315000
164539.296000
164639.259000
164739.223000
164839.186000
164939.148000
165039.111000
165139.074000
165239.037000
165289.019000
165388.982000
165488.945000
165588.908000
165688.871000
165738.852000
165838.816000
165938.778000
165988.762000
166088.724000
166188.687000
166288.649000
166338.630000
166438.595000
166538.559000
166588.538000
166688.501000
166788.464000
166888.427000
166938.408000
167038.372000
167138.334000
167188.318000
167288.280000
167388.242000
167488.205000
167538.186000
167638.152000
167738.114000
167788.094000
167888.058000
167988.020000
168038.001000
168137.964000
168237.927000
168337.890000
168387.873000
168487.836000
168587.798000
168637.779000
168737.746000
168837.707000
168887.687000
168987.650000
169087.613000
169187.576000
169237.557000
169337.520000
169437.483000
169487.467000
169587.428000
169687.391000
169737.372000
169837.335000
169937.301000
170037.263000
170087.243000
170187.206000
170287.169000
170337.150000
170437.113000
170537.076000
170587.060000
170687.022000
170786.984000
170886.947000
170936.928000
171036.894000
171136.856000
171186.836000
171286.799000
171386.762000
171436.743000
171536.706000
171636.669000
171736.632000
171786.615000
171886.578000
171986.539000
172036.521000
172136.484000
172236.449000
172336.412000
172386.391000
172486.355000
172586.317000
172636.299000
172736.263000
172836.225000
172886.209000
172986.172000
173086.133000
173136.114000
173236.077000
173336.042000
173436.005000
173485.985000
173585.948000
173685.911000
173735.892000
173835.856000
173935.818000
173985.802000
174085.764000
174185.727000
174285.689000
174335.670000
174435.636000
174535.598000
174585.578000
174685.541000
174785.503000
174835.485000
174935.448000
175035.411000
175085.394000
175185.358000
175285.318000
175385.282000
175435.263000
175535.226000
175635.189000
175735.154000
175835.116000
175885.097000
175985.059000
176085.023000
176184.986000
176284.950000
176334.930000
176434.893000
176534.856000
176634.819000
176734.782000
176784.763000
176884.726000
176984.690000
177084.652000
177184.615000
177234.597000
177334.560000
177434.523000
177534.486000
177634.449000
177684.430000
177784.393000
177884.356000
177984.319000
178034.302000
178134.265000
178234.227000
178334.190000
178434.153000
178484.135000
178584.100000
178684.062000
178734.042000
178834.004000
178933.968000
179033.931000
179083.912000
179183.875000
179283.838000
179333.820000
179433.783000
179533.746000
179583.727000
179683.694000
179783.655000
179833.634000
179933.597000
180033.560000
180133.524000
180183.505000
180283.468000
180383.431000
180433.414000
180533.377000
183032.450000
183132.413000
183232.376000
183332.339000
183382.321000
183482.284000
183582.247000
183632.230000
183732.194000
183832.156000
183882.135000
183982.098000
184082.062000
184182.025000
184232.006000
184331.969000
184431.932000
184531.895000
184581.877000
184681.839000
184781.802000
184831.785000
184931.749000
185031.711000
185131.673000
185181.655000
185281.617000
185381.583000
185481.545000
185531.525000
185631.489000
185731.451000
185781.432000
185881.395000
185981.359000
186081.321000
186131.304000
186231.267000
186331.229000
186381.210000
186481.174000
186581.139000
186631.118000
186731.081000
186831.044000
186931.007000
186980.990000
187080.952000
187180.914000
187230.898000
187330.860000
187430.822000
187480.803000
187580.770000
187680.731000
187730.711000
187830.674000
187930.637000
188030.600000
188080.581000
188180.544000
188280.507000
188330.491000
188430.453000
188530.416000
188630.378000
188730.341000
188780.324000
188880.288000
188980.250000
189080.211000
189180.174000
189280.137000
189330.119000
189430.086000
189530.047000
189630.008000
189729.971000
189779.952000
189879.915000
189979.881000
190079.843000
190179.806000
190279.767000
190329.748000
190429.711000
190529.676000
190629.640000
190729.602000
190779.582000
190879.545000
190979.508000
191079.473000
191129.452000
191229.416000
191329.378000
191379.361000
191479.324000
191579.286000
191679.249000
191729.232000
191829.196000
191929.157000
191979.138000
192079.101000
192179.064000
192279.028000
192378.992000
192428.971000
192528.934000
192628.897000
192678.879000
192778.842000
192878.805000
192978.768000
193028.750000
193128.713000
193228.675000
193328.638000
193378.620000
193478.585000
193578.547000
193678.509000
193728.490000
193828.453000
193928.416000
193978.398000
194078.360000
194178.324000
194278.286000
194328.268000
194428.231000
194528.194000
194578.177000
194678.141000
194778.102000
194878.065000
194928.046000
195028.012000
195127.974000
195177.953000
195277.917000
195377.879000
195477.843000
195527.824000
195627.787000
195727.750000
195827.713000
195877.696000
195977.658000
196077.621000
196177.583000
196227.566000
196327.532000
196427.493000
196477.473000
196577.435000
196677.398000
196727.380000
196827.342000
196927.306000
197027.269000
197077.251000
197177.214000
197277.176000
197327.158000
197427.122000
197527.086000
197577.065000
197677.028000
197776.991000
197876.954000
197926.935000
198026.899000
198126.861000
198176.845000
198276.808000
198376.769000
198426.750000
198526.713000
198626.678000
198726.641000
198776.621000
198876.584000
198976.547000
199026.528000
199126.491000
199226.454000
199276.438000
199376.400000
199476.362000
199576.325000
199626.306000
199726.271000
199826.235000
199926.197000
199976.177000
200076.140000
200176.102000
200276.067000
200326.047000
200426.010000
200525.973000
200575.955000
200725.899000
200775.881000
200875.844000
200975.806000
201075.770000
201125.752000
201225.715000
201325.677000
201425.640000
201525.603000
201625.566000
201725.529000
201775.511000
201875.473000
201975.437000
202075.400000
202175.363000
202275.325000
202375.288000
202475.251000
202525.233000
202625.196000
202725.159000
202825.122000
202925.085000
203025.048000
203125.011000
203174.992000
203274.955000
203374.918000
203474.882000
203574.844000
203674.807000
203774.772000
203824.751000
203924.714000
204024.677000
204124.640000
204174.622000
204274.585000
204374.548000
204474.511000
204524.494000
204624.457000
204724.418000
204824.381000
204874.363000
204974.329000
205074.291000
205124.270000
205224.233000
205324.197000
205424.159000
205474.141000
205574.104000
205674.067000
205774.030000
205824.011000
205923.974000
206023.937000
206123.900000
206173.884000
206273.846000
206373.809000
206473.771000
206523.752000
206623.715000
206723.680000
206823.643000
206923.605000
206973.585000
207073.549000
207173.511000
207273.476000
207323.456000
207423.419000
207523.382000
207623.345000
207673.326000
207773.289000
207873.252000
207973.215000
208023.198000
208123.161000
208223.123000
208273.104000
208373.068000
208473.033000
208572.995000
208622.975000
208722.938000
208822.901000
208922.863000
208972.845000
209072.808000
209172.771000
209272.734000
209322.715000
209422.678000
209522.642000
209622.604000
209672.588000
209772.551000
209872.512000
209972.475000
210022.456000
210122.421000
210222.385000
210322.347000
210372.327000
210472.291000
210572.253000
210622.234000
210722.197000
210822.160000
210922.123000
211022.086000
211072.067000
211172.031000
211271.994000
211321.976000
211421.940000
211521.902000
211621.864000
211671.845000
211771.808000
211871.772000
211971.736000
212071.699000
212121.678000
212221.642000
212321.605000
212371.586000
212471.549000
212571.512000
212671.475000
212721.458000
212821.420000
212921.383000
213021.346000
213071.329000
213171.292000
213271.254000
213371.216000
213421.197000
213521.161000
213621.126000
213721.089000
213771.068000
213871.031000
213970.994000
214070.957000
214170.920000
214220.901000
214320.864000
214420.827000
214520.790000
214620.753000
214720.718000
214820.681000
214920.645000
215020.607000
215120.568000
215170.549000
215270.512000
215370.477000
215470.441000
215570.403000
215670.365000
215770.328000
216520.050000
216669.996000
216769.957000
216819.939000
216919.902000
217019.865000
217069.846000
217169.809000
217269.772000
217369.735000
217419.717000
217519.679000
217619.643000
217719.606000
217769.589000
217869.552000
217969.514000
218069.476000
218119.458000
218219.422000
218319.386000
218419.348000
218469.328000
218569.291000
218669.254000
218769.217000
218819.198000
218919.161000
219019.124000
219119.087000
219169.069000
219269.032000
219368.994000
219418.978000
219518.941000
219618.903000
219668.884000
219768.846000
219868.809000
219968.774000
220018.754000
220118.717000
220218.680000
220268.662000
220368.625000
220468.587000
220518.569000
220618.534000
220718.497000
220768.476000
220918.421000
220968.402000
221068.365000
221168.330000
221218.310000
221318.273000
221418.236000
221468.217000
221568.180000
221668.143000
221718.128000
221818.090000
221918.052000
221968.032000
222067.995000
222167.958000
222267.923000
222317.902000
222417.866000
222517.828000
222567.811000
222667.773000
222767.736000
222867.699000
222917.682000
223017.645000
223117.607000
223167.588000
223267.551000
223367.514000
223467.478000
223517.458000
223617.422000
223717.384000
223767.366000
223867.329000
223967.291000
224017.273000
224117.238000
224217.201000
224317.163000
224367.143000
224467.106000
224567.070000
224617.051000
224717.014000
224816.977000
224866.959000
224966.922000
225066.884000
225166.847000
225216.831000
225316.794000
225416.757000
225466.736000
225566.699000
225666.662000
225766.625000
225816.607000
225916.570000
226016.533000
226116.496000
226166.477000
226266.440000
226366.403000
226416.386000
226516.351000
226616.312000
226666.292000
226766.255000
226866.218000
226966.183000
227066.146000
227166.108000
227266.070000
227366.033000
227416.014000
227515.978000
227615.942000
227715.905000
227815.867000
227915.829000
228015.792000
228115.755000
228165.738000
228265.702000
228365.664000
228465.627000
228565.588000
228665.551000
228765.514000
228865.477000
228915.460000
229015.423000
229115.385000
229215.348000
229315.312000
229415.274000
229515.237000
229565.219000
229665.183000
229765.145000
229815.125000
229915.090000
230015.054000
230115.016000
230164.996000
230264.959000
230364.922000
230464.887000
230564.850000
230614.829000
230714.793000
230814.755000
230914.719000
231014.681000
231064.665000
231164.625000
231264.588000
231364.551000
231414.533000
231514.496000
231614.459000
231714.422000
231764.405000
231864.367000
231964.329000
232014.311000
232114.274000
232214.240000
232314.202000
232414.164000
232464.144000
232564.107000
232664.070000
232714.052000
232814.014000
232913.978000
233013.941000
233063.923000
233163.885000
233263.848000
233313.829000
233413.794000
233513.758000
233613.719000
233813.644000
233913.608000
233963.591000
234063.554000
234163.516000
234213.496000
234313.459000
234413.422000
234513.386000
234563.366000
234663.330000
234763.292000
234813.275000
234913.237000
235013.200000
235113.163000
235163.146000
235263.109000
235363.071000
235463.033000
235513.015000
235612.978000
235712.943000
235812.906000
235862.885000
235962.850000
236062.811000
236112.793000
236212.756000
236312.719000
236412.682000
236462.665000
236562.627000
236662.589000
236762.552000
236812.535000
236912.498000
237012.462000
237112.423000
237162.404000
237262.367000
237362.330000
237412.311000
237512.274000
237612.237000
237712.200000
237762.182000
237862.145000
237962.108000
238062.071000
238112.054000
238212.019000
238311.979000
238361.959000
238461.923000
238561.886000
238661.851000
238711.830000
238811.793000
238911.756000
239011.719000
239061.700000
239161.664000
239261.626000
239311.610000
239411.572000
239511.534000
239611.496000
239711.459000
242110.571000
242210.534000
242310.497000
242410.460000
242460.442000
242560.404000
242660.367000
242760.330000
242810.314000
242910.277000
243010.239000
243110.201000
243160.182000
243260.148000
243360.110000
243410.089000
243510.052000
243610.016000
243709.978000
243759.960000
243859.923000
243959.887000
244059.849000
244109.831000
244209.793000
244309.756000
244409.719000
244459.701000
244559.664000
244659.627000
244759.590000
244809.571000
244909.535000
245009.499000
245109.462000
245159.442000
245259.404000
245359.367000
245459.331000
245509.312000
245609.275000
245709.238000
245809.201000
245859.184000
245959.147000
246059.108000
246159.071000
246209.055000
246309.018000
246408.980000
246458.960000
246558.923000
246658.886000
246758.851000
246808.831000
246908.794000
247008.757000
247058.738000
247158.701000
247258.664000
247308.645000
247408.610000
247508.573000
247608.536000
247658.516000
247758.479000
247858.442000
247908.424000
248008.386000
248108.349000
248158.332000
248258.294000
248358.256000
248408.238000
248508.203000
248608.166000
248708.129000
248758.109000
248858.072000
248958.034000
249008.016000
249107.979000
249207.942000
249307.905000
249357.888000
249457.850000
249557.812000
249607.794000
249707.759000
249807.722000
249857.701000
249957.664000
250057.627000
250157.590000
250207.572000
250307.535000
250407.497000
250457.481000
250557.443000
250657.405000
250757.368000
250807.349000
250907.315000
251007.277000
251057.257000
251157.220000
251257.183000
251357.146000
251407.127000
251507.090000
251607.053000
251707.016000
251756.998000
251856.961000
251956.923000
252006.905000
252106.870000
252206.833000
252306.795000
252356.776000
252456.739000
252556.701000
252656.667000
252756.629000
252856.591000
252906.572000
253256.442000
253356.406000
253456.368000
253556.331000
253656.294000
253756.257000
253806.238000
253906.201000
254006.164000
254106.127000
254206.091000
254306.053000
254356.035000
254455.998000
254555.960000
254655.924000
254755.887000
254855.850000
254905.831000
255005.794000
255105.757000
255205.720000
255255.702000
255355.665000
255455.627000
255555.590000
255605.574000
255705.537000
255805.499000
255905.461000
255955.442000
256055.405000
256155.371000
256205.350000
256305.313000
256405.276000
256505.239000
256555.220000
256655.184000
256755.146000
256855.109000
256905.092000
257005.054000
257105.017000
257204.980000
257254.961000
257354.927000
257454.889000
257504.868000
257604.831000
257704.794000
257804.757000
257854.739000
257954.702000
258054.665000
258104.647000
258204.609000
258304.572000
258404.535000
258454.517000
258554.480000
258654.442000
258704.424000
258804.387000
258904.350000
259004.313000
259054.294000
259154.257000
259254.220000
259304.202000
259404.165000
259504.128000
259604.091000
259704.054000
259754.037000
259853.999000
259953.961000
260053.924000
260103.905000
260203.871000
260303.834000
260353.813000
260453.776000
260553.739000
260653.702000
260703.683000
260803.646000
260903.609000
260953.593000
261053.555000
261153.517000
261253.479000
261303.461000
261403.425000
261503.389000
261603.351000
261653.331000
261753.294000
261853.257000
261953.221000
262003.202000
262103.166000
262203.128000
262303.091000
262353.072000
262453.036000
262552.998000
262602.982000
262702.945000
262802.906000
262902.868000
262952.850000
263052.813000
263152.778000
263252.741000
263302.720000
263402.683000
263502.647000
263602.609000
263652.591000
263752.554000
263852.517000
263952.480000
264002.462000
264102.424000
264202.387000
264252.369000
264352.334000
264452.297000
264552.258000
264602.239000
264702.202000
264802.165000
264902.130000
264952.110000
265052.073000
265152.035000
265251.998000
265301.980000
265401.943000
265501.906000
265601.868000
265651.852000
265751.814000
265851.777000
265951.739000
266051.702000
266151.665000
266201.649000
266301.610000
266401.573000
266501.535000
266601.498000
266651.482000
266751.445000
266851.407000
266951.370000
267051.332000
267151.295000
267201.278000
267301.241000
267401.205000
267501.166000
267601.128000
267651.109000
267751.072000
267851.037000
267951.001000
268000.980000
268100.943000
268200.906000
268250.887000
268350.850000
268450.813000
268550.776000
268600.759000
268700.722000
268800.683000
268850.665000
268950.629000
269050.593000
269150.556000
269200.535000
269300.498000
269400.461000
269450.443000
269550.405000
269650.369000
269750.332000
269850.295000
269900.278000
270000.239000
270100.202000
270200.165000
270250.148000
270350.113000
270450.073000
270500.054000
270600.017000
270699.982000
270799.945000
270849.924000
270949.887000
271049.850000
271149.813000
271199.795000
271299.757000
271399.721000
271499.684000
271599.647000
271649.629000
271749.591000
271849.554000
271949.517000
272049.480000
272099.463000
272199.424000
272299.387000
272399.350000
272499.313000
272599.276000
272649.260000
272749.222000
272849.184000
272949.147000
272999.128000
273099.093000
273199.056000
273299.018000
273398.981000
273448.961000
273548.924000
273648.890000
273748.852000
273798.831000
273898.795000
273998.758000
274098.720000
274148.702000
274248.665000
274348.628000
274448.591000
274498.574000
274598.535000
274698.499000
274798.461000
274848.445000
274948.409000
275048.371000
275098.350000
275198.313000
275298.276000
275398.239000
275498.204000
275548.183000
275648.147000
275748.110000
275848.072000
275898.054000
275998.017000
276097.980000
276147.963000
276247.925000
276347.888000
276447.850000
276497.831000
276597.795000
276697.760000
276747.739000
276847.702000
276947.665000
277047.628000
277097.609000
277197.572000
277297.535000
277347.519000
277447.482000
277547.443000
277647.406000
277747.369000
277797.351000
277897.315000
277997.278000
278097.240000
278197.202000
278297.165000
278397.128000
278497.091000
278597.054000
278697.017000
278796.980000
278896.943000
278996.908000
279096.871000
279146.850000
279246.813000
279346.776000
279446.742000
279546.704000
279646.667000
279746.630000
279796.609000
279896.572000
279996.535000
280096.498000
280196.463000
280296.427000
280396.389000
280496.351000
280596.313000
280646.295000
280746.261000
280846.222000
280896.202000
280996.165000
281096.128000
281196.091000
281296.055000
281346.036000
281445.999000
281545.961000
281645.924000
281695.906000
281795.868000
281895.832000
281995.794000
282045.778000
282145.740000
282245.702000
282345.665000
282395.646000
282495.611000
282595.574000
282695.537000
282745.517000
282845.480000
282945.442000
282995.424000
283095.387000
283195.351000
283295.313000
283395.276000
283445.258000
283545.220000
283645.183000
283745.146000
283795.130000
283895.093000
283995.055000
284045.035000
284144.998000
284244.962000
284344.926000
284394.906000
284494.869000
284594.832000
284644.813000
284744.776000
284844.739000
284944.702000
284994.686000
285094.648000
285194.610000
285244.591000
285344.554000
285444.518000
285494.498000
285594.461000
285694.424000
285744.406000
285844.368000
285944.332000
286044.294000
286144.257000
286244.220000
286344.183000
286394.165000
286494.128000
286594.091000
286644.074000
286744.037000
286843.999000
286943.961000
287043.924000
287093.906000
287193.870000
287293.834000
287393.796000
287443.776000
287543.739000
287643.702000
287693.683000
287793.646000
287893.609000
287993.572000
288043.555000
288143.517000
288243.480000
288293.461000
288393.426000
288493.389000
288593.351000
288643.332000
288743.295000
288843.257000
288893.239000
288993.202000
289093.165000
289143.148000
289243.110000
289343.072000
289393.053000
289493.016000
289592.981000
289692.944000
289742.924000
289842.887000
289942.850000
289992.831000
290092.794000
290192.757000
290242.740000
290342.703000
290442.666000
290542.627000
290592.609000
290692.574000
290792.537000
290892.500000
290992.462000
291042.443000
291142.405000
291242.368000
291342.334000
291442.296000
291492.276000
291592.238000
291692.202000
291792.165000
291892.127000
291992.093000
292042.072000
292142.035000
292241.999000
292341.961000
292441.924000
292541.888000
292591.868000
292691.831000
292791.794000
292891.757000
292941.739000
293041.702000
293141.664000
293241.627000
293341.591000
293441.554000
293491.535000
293591.498000
293691.461000
293741.444000
293841.407000
293941.369000
294041.331000
294091.313000
294191.276000
294291.241000
294391.203000
294441.183000
294541.146000
294641.109000
294691.091000
294791.054000
294891.016000
294941.000000
295040.964000
295140.924000
295240.886000
295290.868000
295390.831000
295490.796000
295540.775000
295640.739000
295740.701000
295790.683000
295890.647000
295990.609000
296040.592000
296140.555000
296240.518000
296340.480000
296390.460000
296490.424000
296590.386000
296640.368000
296740.331000
296840.294000
296890.276000
296990.240000
297090.201000
297140.183000
297240.147000
297340.111000
297440.073000
297490.053000
297590.016000
297689.979000
297739.960000
297839.924000
297939.887000
298039.850000
298089.832000
298189.795000
298289.757000
298339.738000
298439.706000
298539.667000
298589.646000
298689.609000
298789.572000
298889.534000
298939.516000
299039.479000
299139.442000
299189.425000
299289.388000
299389.350000
299489.312000
299539.294000
299639.259000
299739.222000
299789.201000
299889.164000
299989.127000
300089.090000
300139.071000
