33.327000
66.655000
99.981000
133.309000
166.636000
199.964000
233.290000
266.619000
366.600000
433.253000
533.238000
599.892000
699.872000
766.526000
866.511000
933.164000
1033.144000
1099.798000
1199.782000
1299.762000
1366.417000
1433.071000
1533.053000
1599.707000
1699.689000
1766.343000
1866.326000
1932.979000
2032.962000
2099.616000
2199.598000
2266.252000
2366.236000
2432.889000
2532.870000
2599.524000
2699.509000
2766.162000
2866.144000
2932.797000
3032.782000
3099.434000
3199.415000
3266.069000
3366.051000
3432.705000
3532.687000
3599.341000
3699.323000
3765.977000
3865.960000
3932.614000
4032.596000
4099.250000
4199.233000
4265.887000
4365.868000
4432.522000
4532.507000
4599.160000
4665.815000
4765.795000
4865.779000
4932.433000
5032.413000
5099.067000
5199.049000
5299.031000
5365.685000
5465.667000
5565.649000
5632.303000
5732.285000
5832.267000
5898.921000
5998.903000
6065.557000
6165.540000
6265.520000
6332.175000
6432.159000
6498.813000
6598.793000
6698.777000
6765.431000
6865.411000
6965.393000
7032.049000
7132.029000
7232.010000
7298.665000
7398.647000
7498.629000
7565.283000
7665.265000
7765.246000
7831.901000
7931.884000
7998.538000
8098.518000
8165.173000
8265.157000
8331.811000
8398.466000
8498.445000
8565.100000
8665.084000
8731.737000
8831.718000
8898.373000
8998.354000
9065.009000
9164.991000
9231.645000
9331.626000
9398.281000
9498.262000
9564.917000
9664.899000
9731.553000
9831.535000
9898.189000
9998.171000
10098.153000
10164.807000
10264.789000
10331.443000
10431.426000
10498.081000
10598.061000
10664.716000
10764.697000
10831.352000
10931.334000
10997.988000
11097.970000
11164.624000
11264.606000
11364.588000
11431.242000
11531.225000
11597.879000
11697.860000
11764.514000
11864.498000
11931.153000
12031.132000
12097.787000
12197.770000
12264.425000
12364.404000
12431.059000
12531.041000
12597.695000
12664.350000
12764.331000
12864.313000
12930.967000
13030.950000
13097.603000
13197.585000
13264.240000
13364.223000
13430.877000
13530.858000
13597.512000
13697.496000
13764.150000
13864.131000
13930.785000
14030.768000
14097.422000
14197.403000
14264.057000
14364.041000
14430.693000
14530.675000
14597.329000
14697.311000
14763.965000
14863.948000
14930.602000
15030.583000
15130.566000
15197.220000
15297.201000
15363.856000
15463.839000
15530.494000
15630.473000
15697.128000
15797.111000
15863.767000
15963.745000
16030.400000
16130.382000
16197.036000
16297.018000
16363.673000
16463.654000
16530.309000
16630.290000
16696.945000
16796.926000
16863.581000
16963.564000
17030.219000
17130.199000
17196.853000
17296.837000
17363.491000
17463.471000
17530.126000
17630.109000
17696.763000
17796.743000
17863.398000
17963.379000
18063.361000
18163.343000
18229.997000
18329.979000
18429.960000
18496.615000
18596.597000
18696.579000
18763.233000
18863.217000
18963.196000
19063.180000
19129.834000
19229.814000
19329.798000
19396.453000
19496.432000
19596.414000
19663.068000
19763.049000
19863.032000
19929.686000
20029.668000
20129.649000
20196.304000
20296.286000
20396.268000
20462.922000
20562.907000
20629.559000
20729.539000
20796.193000
20896.178000
20962.832000
21062.812000
21129.466000
21229.449000
21296.102000
21396.084000
21462.738000
21562.720000
21629.374000
21696.029000
21796.011000
21862.666000
21962.647000
22029.301000
22129.284000
22195.938000
22295.920000
22362.574000
22462.558000
22529.212000
22629.191000
22695.846000
22795.830000
22862.484000
22929.138000
23029.118000
23095.772000
23195.754000
23262.409000
23362.391000
23429.044000
23529.027000
23595.681000
23695.665000
23762.318000
23862.299000
23928.953000
24028.937000
24095.591000
24195.571000
24262.225000
24362.210000
24428.864000
24495.517000
24595.498000
24662.152000
24762.134000
24828.788000
24928.770000
25028.752000
25095.406000
25195.389000
25262.042000
25362.024000
25428.678000
25528.662000
25595.315000
25695.296000
25761.950000
25861.934000
25928.589000
26028.568000
26095.223000
26161.877000
26261.859000
26328.513000
26428.495000
26495.149000
26595.131000
26661.786000
26761.768000
26828.422000
26928.404000
26995.058000
27095.040000
27161.694000
27261.676000
27328.330000
27428.313000
27494.968000
27561.622000
27661.602000
27728.257000
27828.240000
27894.895000
27994.875000
28061.529000
28161.514000
28228.165000
28328.147000
28394.801000
28494.795000
28561.437000
28661.419000
28728.073000
28828.055000
28894.710000
28994.692000
29061.347000
29161.328000
29227.982000
29327.966000
29394.620000
29494.600000
29561.254000
29661.238000
29727.892000
29827.872000
29894.526000
29994.508000
30094.490000
30161.144000
30227.798000
30327.780000
30394.435000
30494.417000
30561.071000
30661.053000
30727.707000
30827.690000
30927.670000
30994.325000
31094.308000
31194.288000
31260.943000
31360.927000
31460.906000
31527.560000
31627.542000
31727.524000
31794.178000
31894.160000
31994.142000
32060.796000
32160.778000
32260.761000
32327.415000
32427.395000
32527.379000
32594.033000
32694.014000
32793.997000
32893.977000
32960.631000
33060.615000
33160.594000
33227.249000
33327.231000
33393.885000
33493.866000
33593.848000
33660.503000
33760.485000
33827.139000
33893.794000
33993.775000
34093.758000
34160.412000
34227.067000
34327.047000
34393.701000
34493.686000
34560.340000
34660.320000
34726.974000
34826.958000
34893.612000
34993.593000
35093.573000
35160.228000
35260.210000
35326.864000
35426.846000
35493.500000
35593.482000
35660.137000
35760.118000
35826.772000
35926.757000
35993.410000
36093.390000
36160.044000
36260.029000
36326.682000
36426.662000
36493.316000
36593.299000
36659.953000
36759.935000
36826.589000
36926.571000
36993.225000
37093.207000
37159.861000
37226.516000
37326.497000
37393.152000
37493.135000
37559.789000
37659.770000
37726.424000
37826.408000
37893.062000
37993.042000
38059.696000
38159.680000
38226.332000
38326.314000
38392.968000
38459.623000
38559.604000
38626.259000
38726.241000
38792.895000
38892.877000
38959.531000
39059.515000
39126.168000
39226.149000
39292.803000
39392.787000
39459.442000
39559.422000
39626.076000
39726.060000
39792.713000
39892.694000
39959.348000
40059.330000
40125.984000
40225.966000
40292.620000
40392.602000
40459.256000
40559.238000
40625.893000
40725.874000
40792.528000
40892.514000
40959.167000
41059.147000
41125.801000
41225.785000
41292.439000
41392.419000
41459.073000
41559.057000
41625.712000
41725.691000
41792.345000
41892.327000
41958.981000
42058.964000
42125.618000
42225.599000
42292.253000
42358.908000
42458.893000
42525.546000
42625.526000
42692.180000
42792.162000
42858.816000
42958.798000
43025.453000
43125.434000
43192.091000
43292.070000
43358.725000
43458.706000
43525.361000
43625.342000
43691.997000
43791.978000
43891.961000
43958.616000
44058.597000
44158.580000
44225.234000
44325.214000
44425.198000
44525.178000
44591.832000
44691.817000
44791.795000
44858.450000
44958.431000
45058.413000
45158.394000
45225.049000
45325.031000
45425.013000
45524.995000
45591.649000
45691.630000
45758.284000
45858.268000
45958.248000
46058.232000
46124.886000
46224.866000
46324.849000
46391.504000
46491.483000
46558.138000
46658.120000
46724.774000
46791.428000
46891.410000
46958.064000
47058.046000
47124.701000
47224.683000
47291.338000
47391.319000
47457.973000
47557.957000
47624.611000
47724.591000
47791.245000
47891.229000
47957.883000
48057.864000
48124.517000
48224.499000
48291.153000
48391.135000
48457.790000
48524.444000
48624.426000
48724.407000
48791.062000
48857.717000
48957.698000
49024.352000
49124.336000
49190.990000
49290.970000
49357.625000
49457.609000
49524.263000
49624.243000
49690.897000
49790.880000
49857.535000
49957.515000
50024.169000
50124.150000
50190.805000
50290.788000
50357.441000
50457.423000
50524.077000
50624.062000
50690.715000
50790.695000
50857.351000
50957.333000
51023.988000
51123.967000
51190.622000
51290.606000
51357.260000
51457.240000
51523.894000
51623.875000
51690.530000
51790.512000
51857.167000
51957.148000
52023.803000
52123.784000
52190.440000
52290.420000
52357.075000
52423.728000
52523.713000
52590.367000
52690.347000
52757.001000
52856.985000
52923.638000
53023.619000
53090.273000
53190.255000
53256.909000
53356.891000
53423.545000
53523.527000
53590.181000
53690.163000
53756.818000
53856.800000
53923.453000
53990.108000
54090.091000
54156.746000
54256.726000
54323.380000
54423.364000
54490.018000
54589.998000
54656.653000
54756.637000
54823.288000
54923.270000
54989.924000
55089.906000
55189.888000
55256.543000
55323.197000
55423.179000
55489.833000
55589.816000
55656.471000
55756.451000
55823.105000
55923.089000
56023.069000
56089.723000
56189.707000
56256.361000
56356.341000
56422.995000
56522.980000
56622.958000
56689.613000
56789.595000
56889.577000
56956.231000
57056.213000
57156.196000
57222.849000
57322.830000
57422.814000
57489.468000
57589.448000
57689.433000
57789.412000
57856.067000
57956.049000
58056.029000
58122.683000
58222.665000
58322.647000
58422.629000
58489.283000
58589.264000
58689.252000
58789.228000
58855.884000
58955.864000
59055.846000
59122.500000
59222.482000
59289.136000
59389.118000
59455.772000
59555.754000
59622.408000
59722.390000
59789.044000
59889.026000
59955.680000
60055.662000
60155.644000
60222.298000
60322.280000
60388.934000
60488.917000
60555.571000
60655.552000
60722.207000
60822.190000
60888.844000
60988.824000
61055.479000
61122.133000
61222.117000
61288.770000
61388.751000
61455.406000
61555.387000
61622.041000
61722.023000
61788.677000
61888.659000
61955.314000
62055.298000
62121.950000
62221.931000
62288.586000
62388.570000
62455.224000
62555.204000
62621.858000
62721.842000
62788.496000
62888.476000
62955.130000
63055.112000
63121.766000
63221.748000
63288.402000
63388.384000
63455.039000
63555.020000
63621.675000
63721.656000
63788.311000
63854.966000
63954.948000
64021.604000
64121.583000
64188.238000
64288.221000
64354.877000
64454.855000
64521.510000
64621.494000
64688.146000
64788.127000
64854.783000
64954.763000
65021.418000
65121.400000
65221.382000
65288.036000
65388.018000
65454.674000
65521.328000
65621.308000
65687.963000
65787.946000
65854.601000
65954.580000
66021.235000
66121.218000
66187.873000
66287.852000
66354.507000
66454.489000
66521.143000
66621.124000
66687.779000
66787.760000
66854.416000
66954.398000
67021.053000
67121.033000
67187.687000
67287.671000
67354.325000
67454.305000
67520.960000
67620.943000
67687.597000
67787.577000
67854.232000
67954.213000
68020.868000
68120.849000
68187.504000
68254.158000
68354.140000
68454.122000
68520.777000
68620.758000
68687.412000
68787.395000
68854.051000
68920.704000
69020.684000
69120.668000
69187.323000
69287.302000
69387.285000
69453.940000
69553.920000
69653.901000
69720.556000
69820.538000
69887.192000
69987.173000
70087.156000
70187.137000
70287.120000
70353.774000
70453.755000
70553.738000
70620.392000
70720.372000
70820.356000
70920.336000
70986.990000
71086.972000
71186.954000
71286.935000
71386.917000
71453.571000
71553.553000
71653.535000
71720.189000
71820.171000
71886.825000
71986.809000
72053.463000
72153.444000
72220.097000
72320.081000
72386.735000
72486.716000
72553.369000
72653.354000
72720.005000
72819.988000
72886.642000
72986.623000
73053.278000
73153.260000
73219.914000
73319.895000
73386.550000
73486.533000
73553.188000
73653.168000
73719.822000
73819.806000
73886.460000
73953.115000
74053.094000
74153.078000
74219.732000
74286.386000
74386.366000
74486.348000
74553.002000
74619.657000
74719.639000
74819.620000
74886.274000
74986.257000
75052.912000
75152.892000
75219.547000
75319.530000
75386.185000
75486.165000
75552.819000
75652.801000
75719.455000
75819.437000
75886.100000
75986.073000
76052.727000
76152.709000
76219.363000
76319.345000
76385.999000
76485.981000
76552.636000
76652.617000
76719.272000
76819.255000
76885.909000
76985.889000
77052.544000
77152.527000
77219.182000
77319.161000
77385.816000
77485.800000
77552.452000
77652.434000
77719.088000
77819.070000
77885.724000
77985.706000
78052.361000
78152.342000
78218.996000
78318.979000
78385.634000
78485.614000
78552.269000
78652.253000
78718.907000
78818.886000
78885.541000
78985.524000
79052.179000
79152.159000
79218.813000
79318.795000
79385.449000
79485.431000
79552.085000
79652.067000
79718.722000
79818.704000
79885.358000
79985.339000
80051.993000
80151.977000
80251.957000
80318.611000
80385.266000
80485.250000
80551.903000
80651.883000
80718.538000
80818.519000
80918.501000
80985.156000
81051.810000
81151.792000
81218.446000
81318.428000
81385.083000
81485.064000
81551.718000
81651.702000
81718.356000
81818.336000
81884.990000
81984.974000
82084.954000
82151.608000
82251.593000
82351.572000
82418.226000
82518.208000
82618.190000
82684.844000
82784.825000
82884.807000
82984.789000
83051.443000
83151.426000
83251.407000
83318.061000
83418.044000
83518.024000
83584.678000
83684.666000
83784.642000
83851.297000
83951.280000
84051.260000
84117.914000
84217.896000
84317.878000
84384.532000
84484.513000
84584.495000
84651.150000
84751.131000
84817.786000
84917.769000
84984.423000
85084.403000
85151.058000
85417.676000
85484.330000
85584.313000
85650.966000
85750.948000
85817.602000
85917.584000
85984.238000
86084.220000
86150.874000
86217.529000
86317.510000
86417.494000
86484.148000
86584.128000
86650.783000
86717.437000
86817.421000
86884.076000
86984.055000
87050.709000
87150.693000
87217.345000
87317.327000
87383.981000
87483.964000
87550.617000
87650.599000
87717.254000
87817.235000
87883.890000
87983.872000
88050.527000
88117.182000
88217.162000
88283.816000
88383.800000
88450.455000
88550.434000
88617.088000
88717.071000
88783.724000
88883.706000
88950.361000
89050.343000
89116.997000
89216.979000
89283.633000
89383.614000
89450.269000
89550.253000
89616.906000
89716.887000
89783.541000
89883.525000
89950.180000
90050.159000
90150.143000
90250.123000
90316.777000
90416.760000
90483.413000
90583.395000
90650.049000
90750.030000
90816.685000
90916.667000
90983.321000
91083.303000
91149.957000
91249.940000
91316.595000
91416.575000
91483.229000
91583.213000
91649.868000
91749.849000
91816.501000
91916.483000
91983.138000
92083.119000
92149.774000
92249.756000
92316.410000
92416.392000
92483.046000
92583.027000
92649.682000
92749.664000
92816.319000
92916.300000
92982.954000
93082.939000
93149.592000
93249.572000
93316.227000
93416.210000
93482.864000
93582.844000
93649.499000
93749.480000
93816.135000
93916.116000
93982.770000
94082.752000
94149.407000
94249.389000
94316.043000
94416.025000
94482.679000
94582.662000
94649.316000
94749.297000
94815.951000
94915.935000
95015.914000
95082.569000
95182.554000
95282.532000
95382.516000
95449.169000
95549.150000
95649.132000
95749.113000
95815.768000
95915.750000
95982.404000
96082.386000
96182.367000
96249.022000
96349.006000
96448.985000
96515.640000
96615.624000
96682.278000
96782.257000
96882.239000
96982.220000
97048.875000
97148.856000
97248.838000
97315.493000
97415.474000
97482.128000
97582.111000
97648.766000
97748.746000
97815.401000
97915.384000
97982.039000
98082.019000
98148.673000
98248.658000
98315.311000
98415.291000
98481.945000
98581.929000
98648.581000
98748.563000
98815.217000
98915.199000
98981.853000
99081.835000
99148.490000
99248.472000
99315.125000
99415.109000
99481.763000
99581.744000
99648.398000
99748.382000
99815.036000
99915.015000
99981.670000
100081.653000
100148.306000
100248.288000
100314.942000
100414.924000
100481.578000
100581.560000
100648.215000
100748.196000
100814.850000
100914.833000
100981.488000
101081.468000
101148.122000
101248.107000
101314.761000
101414.741000
101481.395000
101581.378000
101648.032000
101748.012000
101814.667000
101914.649000
101981.303000
102081.285000
102147.939000
102247.921000
102314.575000
102414.558000
102481.212000
102581.193000
102647.848000
102747.831000
102814.486000
102914.465000
102981.120000
103081.103000
103147.757000
103247.737000
103314.392000
103414.373000
103481.028000
103581.009000
103647.664000
103747.645000
103814.300000
103914.282000
103980.936000
104080.918000
104147.572000
104247.556000
104314.210000
104380.864000
104480.844000
104580.828000
104647.482000
104714.136000
104814.116000
104880.771000
104980.753000
105047.407000
105147.389000
105214.043000
105314.025000
105414.007000
105480.661000
105580.642000
105647.297000
105747.280000
105813.934000
105913.915000
105980.569000
106080.553000
106147.208000
106213.862000
106313.841000
106380.496000
106480.479000
106547.132000
106647.114000
106713.768000
106813.750000
106880.404000
106980.387000
107047.040000
107147.022000
107213.676000
107313.659000
107380.313000
107480.294000
107546.948000
107646.933000
107746.912000
107813.566000
107913.550000
107980.204000
108080.184000
108180.167000
108246.820000
108346.802000
108413.456000
108513.438000
108613.420000
108680.082000
108780.055000
108880.038000
108946.692000
109046.673000
109146.656000
109213.311000
109313.291000
109413.275000
109479.929000
109579.909000
109646.563000
109746.545000
109846.527000
109913.181000
110013.163000
110113.144000
110179.799000
110279.780000
110379.763000
110446.418000
110546.398000
110613.052000
110713.036000
110779.690000
110879.670000
110946.325000
111046.309000
111112.963000
111212.943000
111279.597000
111379.581000
111446.234000
111546.215000
111612.869000
111712.851000
111779.505000
111879.487000
111946.141000
112046.123000
112112.777000
112212.771000
112279.415000
112379.395000
112446.050000
112546.033000
112612.688000
112712.667000
112779.322000
112879.305000
112945.960000
113045.939000
113112.594000
113212.575000
113279.230000
113379.211000
113445.866000
113545.848000
113612.502000
113712.484000
113779.139000
113879.120000
113945.774000
114012.429000
114112.412000
114179.067000
114279.046000
114345.701000
114445.684000
114512.339000
114612.319000
114678.973000
114778.954000
114878.937000
114945.591000
115045.572000
115112.227000
115212.209000
115278.863000
115512.154000
115578.808000
115678.792000
115745.446000
115845.426000
115912.080000
116012.064000
116078.718000
116178.698000
116245.353000
116345.337000
116411.988000
116511.970000
116578.624000
116678.606000
116745.261000
116845.244000
116911.897000
117011.878000
117078.532000
117178.516000
117245.171000
117345.151000
117411.805000
117511.789000
117578.443000
117645.097000
117745.077000
117811.731000
117911.713000
118011.695000
118078.349000
118145.003000
118244.985000
118311.640000
118411.621000
118478.276000
118578.258000
118644.912000
118744.895000
118811.550000
118911.530000
118978.184000
119078.168000
119144.822000
119244.803000
119311.456000
119411.487000
119478.092000
119578.074000
119644.729000
119744.710000
119811.364000
119911.346000
119978.000000
120077.982000
120144.637000
120244.619000
120311.274000
120411.254000
120511.238000
120611.218000
120711.202000
120777.856000
120877.836000
120977.819000
121044.472000
121144.453000
121244.435000
121311.089000
121411.073000
121477.725000
121577.707000
121677.690000
121777.670000
121844.325000
121944.308000
122044.288000
122110.942000
122210.926000
122310.906000
122377.560000
122477.544000
122577.524000
122644.178000
122744.160000
122810.814000
122910.796000
123010.778000
123077.432000
123177.416000
123244.069000
123344.050000
123410.704000
123510.688000
123577.342000
123677.322000
123743.977000
123843.962000
123910.615000
124010.594000
124077.248000
124177.233000
124243.886000
124343.866000
124410.521000
124510.502000
124577.157000
124677.139000
124743.793000
124843.775000
124910.429000
125010.411000
125077.075000
125143.720000
125243.701000
125310.355000
125410.339000
125510.319000
125576.976000
125676.958000
125743.611000
125843.592000
125910.246000
126010.227000
126076.881000
126176.863000
126243.518000
126343.499000
126410.154000
126510.136000
126576.790000
126643.445000
126743.426000
126843.411000
126910.064000
126976.718000
127076.698000
127143.352000
127243.337000
127309.990000
127409.971000
127476.624000
127576.606000
127643.261000
127743.242000
127809.897000
127909.879000
127976.533000
128076.515000
128143.170000
128243.151000
128309.805000
128409.788000
128476.443000
128576.423000
128643.077000
128743.061000
128809.715000
128909.695000
128976.349000
129076.333000
129142.987000
129242.967000
129309.621000
129376.276000
129476.258000
129576.239000
129642.894000
129709.548000
129809.530000
129909.513000
129976.167000
130042.823000
130142.802000
130209.456000
130309.440000
130409.420000
130476.074000
130576.058000
130642.712000
130742.692000
130809.346000
130909.328000
130975.982000
131075.964000
131142.618000
131209.273000
131309.254000
131409.237000
131475.891000
131542.546000
131642.527000
131709.181000
131809.165000
131909.144000
131975.799000
132042.454000
132142.437000
132242.417000
132309.071000
132375.726000
132475.707000
132542.361000
132642.344000
132708.998000
132808.979000
132875.634000
132975.616000
133042.271000
133142.251000
133242.237000
133308.889000
133408.869000
133508.853000
133575.508000
133675.487000
133775.470000
133842.126000
133942.105000
134042.087000
134142.069000
134208.722000
134308.704000
134375.358000
134475.340000
134575.322000
134641.977000
134741.959000
134841.940000
134908.594000
135008.578000
135108.558000
135175.212000
135275.195000
135341.850000
135441.830000
135541.811000
135641.793000
135708.447000
135808.429000
135875.083000
135975.066000
136041.720000
136141.702000
136208.356000
136308.338000
136374.993000
136474.973000
136541.628000
136641.612000
136708.266000
136808.246000
136874.900000
136974.883000
137041.538000
137108.190000
137208.172000
137274.826000
137374.808000
137441.463000
137541.444000
137608.099000
137708.080000
137774.735000
137874.719000
137941.372000
138041.353000
138108.007000
138207.990000
138274.645000
138374.625000
138441.279000
138541.263000
138607.917000
138707.897000
138774.551000
138874.533000
138941.187000
139041.170000
139107.824000
139207.805000
139274.460000
139341.114000
139441.097000
139541.078000
139607.732000
139674.386000
139774.370000
139841.026000
139941.005000
140007.659000
140107.643000
140174.297000
140274.276000
140340.931000
140440.913000
140540.894000
140607.548000
140707.530000
140774.184000
140874.166000
140940.821000
141040.803000
141107.456000
141207.438000
141274.093000
141374.075000
141440.729000
141540.711000
141607.367000
141674.022000
141774.001000
141840.656000
141940.637000
142007.294000
142107.273000
142173.928000
142273.909000
142340.564000
142440.546000
142507.200000
142607.182000
142673.836000
142773.819000
142840.474000
142940.454000
143007.109000
143107.092000
143173.746000
143273.726000
143340.381000
143440.364000
143507.019000
143573.671000
143673.653000
143740.307000
143840.289000
143906.943000
144006.926000
144073.579000
144173.562000
144240.216000
144340.199000
144406.852000
144506.833000
144573.487000
144673.471000
144740.125000
144840.105000
144906.759000
145006.743000
145073.397000
145173.377000
145240.032000
145306.686000
145406.668000
145506.649000
145573.304000
145673.286000
145739.940000
145839.923000
145906.577000
146006.558000
146106.541000
146173.196000
146273.176000
146373.159000
146439.814000
146539.793000
146639.778000
146706.431000
146806.411000
146906.393000
146973.047000
147073.029000
147173.010000
147239.665000
147339.647000
147406.301000
147506.283000
147606.265000
147672.921000
147772.900000
147872.884000
147972.864000
148039.518000
148139.502000
148206.156000
148306.136000
148406.119000
148506.099000
148572.753000
148672.735000
148739.389000
148839.373000
148906.026000
149006.007000
149072.662000
149139.316000
149239.299000
149339.279000
149405.934000
149472.588000
149572.572000
149639.227000
149739.206000
149805.861000
149905.844000
149972.497000
150072.478000
150139.133000
150239.115000
150305.769000
150405.751000
150505.733000
150572.386000
150672.369000
150739.023000
150839.005000
150905.659000
151005.642000
151072.297000
151172.277000
151238.931000
151338.915000
151405.569000
151505.549000
151572.203000
151672.187000
151738.839000
151838.822000
151905.475000
152005.458000
152072.111000
152172.093000
152238.748000
152338.730000
152405.383000
152505.367000
152572.021000
152672.001000
152738.656000
152838.641000
152905.294000
153005.274000
153071.928000
153171.917000
153238.565000
153338.546000
153405.200000
153505.182000
153571.836000
153671.818000
153738.472000
153838.454000
153905.108000
154005.091000
154071.745000
154171.726000
154238.381000
154305.035000
154405.018000
154471.673000
154571.653000
154638.307000
154738.290000
154804.944000
154904.927000
154971.579000
155071.566000
155138.215000
155238.198000
155304.852000
155404.833000
155504.817000
155571.471000
155671.452000
155738.105000
155838.090000
155904.744000
156004.723000
156071.377000
156171.362000
156238.016000
156337.996000
156404.650000
156504.633000
156604.613000
156671.268000
156771.249000
156837.904000
156937.885000
157004.539000
157104.521000
157171.176000
157271.158000
157337.813000
157437.794000
157504.448000
157571.102000
157671.084000
157771.066000
157837.720000
157904.374000
158004.358000
158071.010000
158170.992000
158237.647000
158337.628000
158404.283000
158504.265000
158570.919000
158670.901000
158737.555000
158837.539000
158937.518000
159004.173000
159104.156000
159204.136000
159270.791000
159370.774000
159470.754000
159570.736000
159637.392000
159737.371000
159804.026000
159904.007000
160003.989000
160103.971000
160170.626000
160270.607000
160337.262000
160437.243000
160537.226000
160637.207000
160737.190000
160803.844000
160903.824000
161003.809000
161070.462000
161170.443000
161270.424000
161337.079000
161437.060000
161503.714000
161603.696000
161670.350000
161770.332000
161836.987000
161936.968000
162003.623000
162103.606000
162170.260000
162270.240000
162336.895000
162436.879000
162503.533000
162603.512000
162670.167000
162770.151000
162836.806000
162936.784000
163003.439000
163103.420000
163170.075000
163270.056000
163336.711000
163436.693000
163503.348000
163603.329000
163669.984000
163736.638000
163836.620000
163903.274000
164003.258000
164069.912000
164169.892000
164236.546000
164336.530000
164403.184000
164503.164000
164569.818000
164669.800000
164736.454000
164836.436000
164903.090000
165003.072000
165069.726000
165169.709000
165236.363000
165336.344000
165402.998000
165502.982000
165602.962000
165669.616000
165769.600000
165836.256000
165902.909000
166002.889000
166069.543000
166169.529000
166236.179000
166336.161000
166402.815000
166502.797000
166569.451000
166669.438000
166736.087000
166836.070000
166902.723000
167002.707000
167069.360000
167169.342000
167235.996000
167335.980000
167402.634000
167502.614000
167569.268000
167669.251000
167735.904000
167835.886000
167902.540000
168002.522000
168069.176000
168135.830000
168235.812000
168302.466000
168402.448000
168469.102000
168569.087000
168635.740000
168735.721000
168802.375000
168902.359000
168969.013000
169068.993000
169135.647000
169235.631000
169302.285000
169402.265000
169468.919000
169568.901000
169635.556000
169735.537000
169802.191000
169902.173000
169968.828000
170068.810000
170135.464000
170235.445000
170302.099000
170402.083000
170468.738000
170568.717000
170668.701000
170735.356000
170835.335000
170901.989000
171001.974000
171068.625000
171168.608000
171235.262000
171335.244000
171401.898000
171501.880000
171568.534000
171668.516000
171768.498000
171835.154000
171935.133000
172035.117000
172101.772000
172201.751000
172301.736000
172401.715000
172468.369000
172568.350000
172668.332000
172768.314000
172868.295000
172934.950000
173034.932000
173134.915000
173234.895000
173301.549000
173401.532000
173501.513000
173601.496000
173668.151000
173768.130000
173834.785000
173934.766000
174034.748000
174101.402000
174201.384000
174268.039000
174368.021000
174434.675000
174534.657000
174601.311000
174701.292000
174767.947000
174867.928000
174967.911000
175034.566000
175134.546000
175201.201000
175301.184000
175367.839000
175434.493000
175534.473000
175634.457000
175701.111000
175801.091000
175867.745000
175967.727000
176034.381000
176134.363000
176201.017000
176300.999000
176367.653000
176467.635000
176534.290000
176634.271000
176700.925000
176800.909000
176900.889000
176967.543000
177067.527000
177134.181000
177234.161000
177300.815000
177367.470000
177467.451000
177567.433000
177634.088000
177700.742000
177800.724000
177867.378000
177967.360000
178034.015000
178133.996000
178200.650000
178300.633000
178367.288000
178467.268000
178533.922000
178633.906000
178700.561000
178800.541000
178867.195000
178967.223000
179033.833000
179133.813000
179200.467000
179300.449000
179367.103000
179467.085000
179533.739000
179633.721000
179700.375000
179800.358000
179867.012000
179966.993000
180033.648000
180133.631000
180200.286000
180300.266000
180366.919000
180466.903000
180533.557000
180633.537000
180733.519000
180800.173000
180900.155000
180966.809000
181066.791000
181133.445000
181233.428000
181300.082000
181366.737000
181466.718000
181566.701000
181633.356000
181733.336000
181799.990000
181899.974000
181966.628000
182066.608000
182133.262000
182233.246000
182299.898000
182399.880000
182466.534000
182566.516000
182633.171000
182733.152000
182799.806000
182899.788000
182999.771000
183066.425000
183166.406000
183233.060000
183333.044000
183399.698000
183499.678000
183566.332000
183666.316000
183732.970000
183799.623000
183899.604000
183999.586000
184066.241000
184132.895000
184232.877000
184332.859000
184432.840000
184532.822000
184599.476000
184699.459000
184799.440000
184899.423000
184966.077000
185066.085000
185166.042000
185232.696000
185332.675000
185432.659000
185499.313000
185599.293000
185699.274000
185799.256000
185899.238000
185999.220000
186065.874000
186165.856000
186265.838000
186365.819000
186432.473000
186532.457000
186599.111000
186699.091000
186799.075000
186865.729000
186965.709000
187032.363000
187132.347000
187198.999000
187298.981000
187365.636000
187465.617000
187532.271000
187632.254000
187698.908000
187798.889000
187865.544000
187965.528000
188032.182000
188132.162000
188198.816000
188298.800000
188365.454000
188465.434000
188532.088000
188632.072000
188698.724000
188798.706000
188865.360000
188965.342000
189031.997000
189131.978000
189198.633000
189298.614000
189365.269000
189465.252000
189531.906000
189631.886000
189698.541000
189798.525000
189865.179000
189965.158000
190031.813000
190131.797000
190198.449000
190298.431000
190365.085000
190465.067000
190531.722000
190631.703000
190731.685000
190798.339000
190898.321000
190964.975000
191064.957000
191131.611000
191231.595000
191298.249000
191398.229000
191464.883000
191564.868000
191631.523000
191731.501000
191798.155000
191898.140000
191964.792000
192064.773000
192131.427000
192231.413000
192298.064000
192398.046000
192464.700000
192564.682000
192631.336000
192731.319000
192797.973000
192897.954000
192964.608000
193064.592000
193131.246000
193231.226000
193297.880000
193397.864000
193464.518000
193564.498000
193631.153000
193731.134000
193797.788000
193897.770000
193964.424000
194064.407000
194131.061000
194231.043000
194297.697000
194397.679000
194464.333000
194564.316000
194630.971000
194730.951000
194797.605000
194897.589000
194964.243000
195064.223000
195130.878000
195230.861000
195297.513000
195364.168000
195464.150000
195564.131000
195630.786000
195730.767000
195797.422000
195897.403000
195964.058000
196064.040000
196130.695000
196230.676000
196297.330000
196397.314000
196463.968000
196563.949000
196630.602000
196730.586000
196797.240000
196897.220000
196963.874000
197063.858000
197130.510000
197230.492000
197330.474000
197397.128000
197497.111000
197597.092000
197663.746000
197797.055000
197863.709000
197963.693000
198030.349000
198130.327000
198196.981000
198296.965000
198396.945000
198463.599000
198563.583000
198663.563000
198730.217000
198830.200000
198930.180000
198996.835000
199096.816000
199196.799000
199263.453000
199363.434000
199463.417000
199530.072000
199630.053000
199696.706000
199796.691000
199863.344000
199963.324000
200029.979000
200129.960000
200196.614000
200296.596000
200363.250000
200463.232000
200529.887000
200629.869000
200729.851000
200796.504000
200896.488000
200963.141000
201063.123000
201129.777000
201229.761000
201296.415000
201396.395000
201463.049000
201563.033000
201629.687000
201729.667000
201796.321000
201896.303000
201962.957000
202029.612000
202129.593000
202229.575000
202296.229000
202362.884000
202462.866000
202562.847000
202629.502000
202696.156000
202796.139000
202862.794000
202962.774000
203062.758000
203129.412000
203196.066000
203296.046000
203396.028000
203462.682000
203562.664000
203629.318000
203729.300000
203795.954000
203862.609000
203962.591000
204029.246000
204129.226000
204195.881000
204295.864000
204362.519000
204462.499000
204529.153000
204629.137000
204695.792000
204795.771000
204862.425000
204962.409000
205029.063000
205129.044000
205195.698000
205295.679000
205362.333000
205462.316000
205528.970000
205628.952000
205695.606000
205795.589000
205862.243000
205962.224000
206028.878000
206128.862000
206195.516000
206295.496000
206362.150000
206462.133000
206528.787000
206628.769000
206695.423000
206795.404000
206862.058000
206962.040000
207028.695000
207128.677000
207195.331000
207295.313000
207361.968000
207461.949000
207528.603000
207628.587000
207695.241000
207795.221000
207861.875000
207961.859000
208028.514000
208095.168000
208195.147000
208261.802000
208361.783000
208428.438000
208528.420000
208595.074000
208695.056000
208761.710000
208861.692000
208928.347000
209028.329000
209094.982000
209194.966000
209261.620000
209361.600000
209428.255000
209528.238000
209594.893000
209694.872000
209761.526000
209861.509000
209928.163000
210028.144000
210094.799000
210194.780000
210294.762000
210361.416000
210461.398000
210561.381000
210628.035000
212061.105000
212194.414000
212294.395000
212361.050000
212461.033000
212561.013000
212627.668000
212727.651000
212794.306000
212894.285000
212960.940000
213027.594000
213127.578000
213194.230000
213294.212000
213360.866000
213460.848000
213527.502000
213627.485000
213694.139000
213794.121000
213860.775000
213960.758000
214027.412000
214127.393000
214194.047000
214294.031000
214360.685000
214460.665000
214527.319000
214627.303000
214693.956000
214760.611000
214860.592000
214927.246000
215027.228000
215093.882000
215193.863000
215260.518000
215360.500000
215427.154000
215527.138000
215593.791000
215693.772000
215793.756000
215860.410000
215927.064000
216027.044000
216127.028000
216193.682000
216293.662000
216360.316000
216460.298000
216526.952000
216593.607000
216693.588000
216760.243000
216860.224000
216926.879000
217026.861000
217126.842000
217193.497000
217260.151000
217360.134000
217426.789000
217526.770000
217593.423000
217693.407000
217760.061000
217860.041000
217926.696000
218026.679000
218093.332000
218193.313000
218259.968000
218359.949000
218426.604000
218493.259000
218593.240000
218659.895000
218759.876000
218826.531000
218926.514000
218993.168000
219093.148000
219159.803000
219259.786000
219326.441000
219393.095000
219493.075000
219559.729000
219659.712000
219726.367000
219826.348000
219893.002000
219992.983000
220059.637000
220159.620000
220226.275000
220326.256000
220392.910000
220492.893000
220559.548000
220626.202000
220726.182000
220826.167000
220892.820000
220992.800000
221059.455000
221159.438000
221226.092000
221326.072000
221392.726000
221459.381000
221559.363000
221626.017000
221725.999000
221792.653000
221892.635000
221959.289000
222059.272000
222125.926000
222225.908000
222292.561000
222392.545000
222459.200000
222559.179000
222625.834000
222725.817000
222792.471000
222892.451000
222992.433000
223059.087000
223159.069000
223259.051000
223325.705000
223425.687000
223492.341000
223592.323000
223692.305000
223758.960000
223858.941000
223925.595000
224025.579000
224125.559000
224225.542000
224292.197000
224392.176000
224458.831000
224558.814000
224658.794000
224725.448000
224825.430000
224892.084000
224992.066000
225092.048000
225158.703000
225258.684000
225358.666000
225425.320000
225525.303000
225591.958000
225691.938000
225758.592000
225858.576000
225925.230000
226025.211000
226091.864000
226191.849000
226258.501000
226358.482000
226425.137000
226525.118000
226591.773000
226658.427000
226758.409000
226825.064000
226925.045000
226991.700000
227091.682000
227158.337000
227258.317000
227324.972000
227424.956000
227491.610000
227591.590000
227658.245000
227758.227000
227824.882000
227924.862000
227991.516000
228091.498000
228158.153000
228258.134000
228324.788000
228391.443000
228491.425000
228558.079000
228658.063000
228724.716000
228824.697000
228891.351000
228991.335000
229057.989000
229157.969000
229224.623000
229324.607000
229391.261000
229491.241000
229557.895000
229624.550000
229724.532000
229791.186000
229891.167000
229957.822000
230057.804000
230124.458000
230224.441000
230291.095000
230391.076000
230457.730000
230557.714000
230624.369000
230724.348000
230791.002000
230890.986000
230990.966000
231057.620000
231124.275000
231224.256000
231290.911000
231390.892000
231457.547000
231557.529000
231624.183000
231724.165000
231790.819000
231890.801000
231957.455000
232057.438000
232124.093000
232224.073000
232290.727000
232390.711000
232457.366000
232557.345000
232624.000000
232723.983000
232790.635000
232857.290000
232957.272000
233023.926000
233123.909000
233190.562000
233290.544000
233357.199000
233457.181000
233523.834000
233623.818000
233690.472000
233790.452000
233857.107000
233957.091000
234023.745000
234123.724000
234190.379000
234290.362000
234357.017000
234456.997000
234523.651000
234590.305000
234690.287000
234756.941000
234856.925000
234923.578000
235023.560000
235090.214000
235190.196000
235256.851000
235356.832000
235423.486000
235523.470000
235590.124000
235690.104000
235790.088000
235856.742000
235956.722000
236056.706000
236123.358000
236223.339000
236323.321000
236389.975000
236489.957000
236589.939000
236656.593000
236756.577000
236823.231000
236923.211000
237023.195000
237123.174000
237189.829000
237289.813000
237389.792000
237456.447000
237556.430000
237623.085000
237723.064000
237823.048000
237923.028000
237989.682000
238089.664000
238156.318000
238256.300000
238322.955000
238422.936000
238489.591000
238556.245000
238656.228000
238722.883000
238822.863000
238889.517000
238989.501000
239056.156000
239156.135000
239222.790000
239322.773000
239389.425000
239489.407000
239556.062000
239656.043000
239722.698000
239789.352000
239889.334000
239955.988000
240055.970000
240122.624000
240222.607000
240289.261000
240389.242000
240455.896000
240555.881000
240622.535000
240722.514000
240789.169000
240889.152000
240955.807000
241055.786000
241122.441000
241222.427000
241289.077000
241389.059000
241455.713000
241555.695000
241622.349000
241722.332000
241788.986000
241855.641000
241955.621000
242022.276000
242122.260000
242188.914000
242288.894000
242355.548000
242455.533000
242522.186000
242622.166000
242688.820000
242788.802000
242855.456000
242922.111000
243022.093000
243088.747000
243188.729000
243255.383000
243355.366000
243422.020000
243522.001000
243588.655000
243688.639000
243755.293000
243855.273000
243921.928000
244021.912000
244088.565000
244188.545000
244255.200000
244355.184000
244421.836000
244521.817000
244588.472000
244655.127000
244755.108000
244821.763000
244921.745000
244988.400000
245088.380000
245155.035000
245255.018000
245321.673000
245421.653000
245488.307000
245588.291000
245654.945000
245754.925000
245821.580000
245921.561000
246021.543000
246088.197000
246188.179000
246254.833000
246321.487000
246421.470000
246488.124000
246588.105000
246654.760000
246754.743000
246821.398000
246921.377000
246988.032000
247088.016000
247154.670000
247254.649000
247321.305000
247421.288000
247487.943000
247587.922000
247654.576000
247754.558000
247821.216000
247887.867000
247987.849000
248054.503000
248154.485000
248221.139000
248321.121000
248421.103000
248487.757000
248587.741000
248654.395000
248754.374000
248854.358000
248921.013000
249020.993000
249087.647000
249187.630000
249287.610000
249387.592000
249454.246000
249554.228000
249620.882000
249720.864000
249820.847000
249887.500000
249987.482000
250087.464000
250187.445000
250254.099000
250354.085000
250454.063000
250520.718000
250620.701000
250687.355000
250787.335000
250887.318000
250987.298000
251087.280000
251153.935000
251253.916000
251320.571000
251420.552000
251487.207000
251587.189000
251653.844000
251753.824000
251820.479000
251887.133000
251987.117000
252087.097000
252153.751000
252253.735000
252320.390000
252420.369000
252487.023000
252587.007000
252653.660000
252753.641000
252820.296000
252920.277000
252986.932000
253053.586000
253153.568000
253220.223000
253320.204000
253386.858000
253486.843000
253553.496000
253653.476000
253720.130000
253820.115000
253886.769000
253986.749000
254053.403000
254153.386000
254220.040000
254320.021000
254386.675000
254486.657000
254553.311000
254653.293000
254719.947000
254819.929000
254886.583000
254986.567000
255053.221000
255153.201000
255219.855000
255319.839000
255386.493000
255486.473000
255553.128000
255653.112000
255719.765000
255819.746000
255886.400000
255986.382000
256086.363000
256153.018000
256252.999000
256319.654000
256419.635000
256486.290000
256586.272000
256652.926000
256752.909000
256819.565000
256919.544000
256986.199000
257052.852000
257152.837000
257219.491000
257319.471000
257386.125000
257486.109000
257586.088000
257652.743000
257752.724000
257819.379000
257886.033000
257986.015000
258085.996000
258152.651000
258219.306000
258319.288000
258419.269000
258485.923000
258585.906000
258652.562000
258752.541000
258819.196000
258919.179000
258985.834000
259085.813000
259152.468000
259252.450000
259319.107000
259419.086000
259485.740000
259585.722000
259652.376000
259752.358000
259819.014000
259918.994000
259985.648000
260052.303000
260152.286000
260252.266000
260318.921000
260385.575000
260485.559000
260552.213000
260652.193000
260718.847000
260818.831000
260885.483000
260985.465000
261052.119000
261152.101000
261252.083000
261318.738000
261418.719000
261518.701000
261585.356000
261685.336000
261785.320000
261851.975000
261951.954000
262051.938000
262118.592000
262218.572000
262318.556000
262385.210000
262485.190000
262585.171000
262651.829000
262751.807000
262851.789000
262918.443000
263018.427000
263085.080000
263185.061000
263285.044000
263351.699000
263451.679000
263551.663000
263651.643000
263718.297000
263818.281000
263884.935000
263984.915000
264051.569000
264151.553000
264218.206000
264318.187000
264384.841000
264484.823000
264551.477000
264651.459000
264718.113000
264818.096000
264884.750000
264951.404000
265051.387000
265118.042000
265218.022000
265284.676000
265384.660000
265451.314000
265551.295000
265617.949000
265717.931000
265784.586000
265884.567000
265984.548000
266051.202000
266117.857000
266217.839000
266284.493000
266384.475000
266451.129000
266551.112000
266617.767000
266717.747000
266784.401000
266884.386000
266951.039000
267051.019000
267117.674000
267217.658000
267284.311000
267384.291000
267450.946000
267550.929000
267617.582000
267717.564000
267784.218000
267884.200000
267950.854000
268050.836000
268117.491000
268217.472000
268284.126000
268384.109000
268450.764000
268550.744000
268617.399000
268717.382000
268784.037000
268850.691000
268950.671000
269050.654000
269117.307000
269183.961000
269283.943000
269350.597000
269450.579000
269517.234000
269617.216000
269683.870000
269783.852000
269850.506000
269950.490000
270017.144000
270117.124000
270183.778000
270283.763000
270350.417000
270450.396000
270517.051000
270617.035000
270683.688000
270783.668000
270850.323000
270950.304000
271050.286000
271116.940000
271216.922000
271283.576000
271350.231000
271450.214000
271550.194000
271616.849000
271683.503000
271783.487000
271850.141000
271950.121000
272016.776000
272116.759000
272183.411000
272283.393000
272383.375000
272450.029000
272550.011000
272616.666000
272716.647000
272783.301000
272849.956000
272949.937000
273016.592000
273116.573000
273183.228000
273283.211000
273349.866000
273449.846000
273516.500000
273616.484000
273683.139000
273783.118000
273849.773000
273949.756000
274049.736000
274116.390000
274216.375000
274283.026000
274383.008000
274482.990000
274549.644000
274649.626000
274749.607000
274816.263000
274916.244000
275016.226000
275082.880000
275182.863000
275282.843000
275382.827000
275449.481000
275549.461000
275649.446000
275749.424000
275816.079000
275916.060000
276016.042000
276116.024000
276216.006000
276282.660000
276382.641000
276482.624000
276549.278000
276649.260000
276749.242000
276815.898000
276915.877000
276982.532000
277082.515000
277149.170000
277249.150000
277315.804000
277415.788000
277482.443000
277582.422000
277682.403000
277749.057000
277849.039000
277915.694000
278015.676000
278082.330000
278182.312000
278282.293000
278348.947000
278448.931000
278515.585000
278615.566000
278715.549000
278782.203000
278882.183000
278948.837000
279048.822000
279115.475000
279215.456000
279282.110000
279382.091000
279482.073000
279548.727000
279648.710000
279715.364000
279815.346000
279882.001000
279981.982000
280081.965000
280148.619000
280248.600000
280315.254000
280415.238000
280481.892000
280581.871000
280681.854000
280748.509000
280848.490000
280948.471000
281015.126000
281115.107000
281181.761000
281281.743000
281381.725000
281448.379000
281548.361000
281615.016000
281714.999000
281781.654000
281881.633000
281948.288000
282048.271000
282148.251000
282214.906000
282314.890000
282381.543000
282481.524000
282548.178000
282648.160000
282748.141000
282814.796000
282914.777000
282981.432000
283081.414000
283148.069000
283248.050000
283314.704000
283414.687000
283514.667000
283581.322000
283681.306000
283747.960000
283847.939000
283947.922000
284014.577000
284114.557000
284181.211000
284281.193000
284347.848000
284447.830000
284547.811000
284614.465000
284714.448000
284781.102000
284881.083000
284947.738000
285047.720000
285114.375000
285214.357000
285281.010000
285380.994000
285447.648000
285547.628000
285647.612000
285714.266000
285814.246000
285880.900000
285980.883000
286080.864000
286147.518000
286247.500000
286314.154000
286414.137000
286480.791000
286580.772000
286680.755000
286747.409000
286847.389000
286947.375000
287014.028000
287114.008000
287213.992000
287313.971000
287413.954000
287480.608000
287580.588000
287680.570000
287780.552000
287880.533000
287947.188000
288047.170000
288147.151000
288247.133000
288313.788000
288413.769000
288513.752000
288613.732000
288680.387000
288780.368000
288880.350000
288980.332000
289080.313000
289146.968000
289246.949000
289346.931000
289413.586000
289513.567000
289580.222000
289680.203000
289780.185000
289846.839000
289946.822000
290013.477000
290113.457000
290213.441000
290280.095000
290380.075000
290446.729000
290546.714000
290646.693000
290713.347000
290813.332000
290879.985000
290979.965000
292546.345000
292646.326000
292746.308000
292846.290000
292912.944000
293012.926000
293079.580000
293179.562000
293246.216000
293346.199000
293446.180000
293512.834000
293612.819000
293679.472000
293779.452000
293846.106000
293946.090000
294046.070000
294112.724000
294212.707000
294279.360000
294379.342000
294445.996000
294545.978000
294645.960000
294712.614000
294812.597000
294879.250000
294979.234000
295045.888000
295145.868000
295245.852000
295312.507000
295412.486000
295479.140000
295579.124000
295645.779000
295745.758000
295845.741000
295912.394000
296012.376000
296079.030000
296179.012000
296245.666000
296345.649000
296412.303000
296512.284000
296612.267000
296678.921000
296778.902000
296845.556000
296945.540000
297012.195000
297112.174000
297212.158000
297278.813000
297378.792000
297445.446000
297545.430000
297612.083000
297712.064000
297812.047000
297878.700000
297978.682000
298045.336000
298145.318000
298211.973000
298311.955000
298411.936000
298478.591000
298578.574000
298645.229000
298745.208000
298811.863000
298911.846000
298978.502000
299078.480000
299178.463000
299245.116000
299345.099000
299445.080000
299545.062000
299611.716000
299711.697000
299811.680000
299878.334000
299978.316000
300078.298000
300178.279000
