99.982000
199.963000
299.946000
399.926000
499.910000
599.890000
699.873000
799.853000
899.836000
999.816000
1099.800000
1199.779000
1299.761000
1399.743000
1499.725000
1599.706000
1699.688000
1799.670000
1899.651000
1999.635000
2099.615000
2199.598000
2299.578000
2399.562000
2499.542000
2599.524000
2699.505000
2799.486000
2899.468000
2999.450000
3099.431000
3199.413000
3299.395000
3399.376000
3499.359000
3599.340000
3699.323000
3799.303000
3899.287000
3999.266000
4099.250000
4199.230000
4299.213000
4399.193000
4499.177000
4599.157000
4699.138000
4799.120000
4899.101000
4999.083000
5099.064000
5199.048000
5299.028000
5399.011000
5498.991000
5598.975000
5698.954000
5798.938000
5898.918000
5998.902000
6098.881000
6198.863000
6298.845000
6398.826000
6498.808000
6598.790000
6698.772000
6798.753000
6898.736000
6998.716000
7098.700000
7198.679000
7298.663000
7398.643000
7498.627000
7598.606000
7698.588000
7798.569000
7898.551000
7998.533000
8098.514000
8198.496000
8298.478000
8398.461000
8498.441000
8598.424000
8698.404000
8798.388000
8898.368000
8998.352000
9098.331000
9198.315000
9298.295000
9398.276000
9498.258000
9598.239000
9698.221000
9798.203000
9898.185000
9998.166000
10098.149000
10198.129000
10298.113000
10398.093000
10498.076000
10598.056000
10698.040000
10798.019000
10898.001000
10997.983000
11097.964000
11197.946000
11297.927000
11397.909000
11497.891000
11597.873000
11697.854000
11797.837000
11897.817000
11997.801000
12097.781000
12197.765000
12297.744000
12397.727000
12497.707000
12597.689000
12697.671000
12797.652000
12897.634000
12997.615000
13097.597000
13197.579000
13297.561000
13397.542000
13497.525000
13597.505000
13697.489000
13797.469000
13897.452000
13997.432000
14097.415000
14197.395000
14297.377000
14397.358000
14497.340000
14597.322000
14697.304000
14797.286000
14897.267000
14997.250000
15097.230000
15197.214000
15297.193000
15397.177000
15497.157000
15597.140000
15697.120000
15797.102000
15897.083000
15997.065000
16097.047000
16197.028000
16297.010000
16396.991000
16496.974000
16596.955000
16696.938000
16796.918000
16896.902000
16996.881000
17096.864000
17196.845000
17296.826000
17396.808000
17496.789000
17596.771000
17696.753000
17796.735000
17896.716000
17996.699000
18096.679000
18196.663000
18296.643000
18396.626000
18496.606000
18596.590000
18696.569000
18796.553000
18896.533000
18996.514000
19096.496000
19196.478000
19296.459000
19396.441000
19496.423000
19596.404000
19696.388000
19796.367000
19896.352000
19996.331000
20096.315000
20196.294000
20296.277000
20396.257000
20496.239000
20596.221000
20696.202000
20796.184000
20896.165000
20996.147000
21096.129000
21196.111000
21296.092000
21396.076000
21496.055000
21596.039000
21696.018000
21796.003000
21895.982000
21995.965000
22095.946000
22195.927000
22295.908000
22395.890000
22495.872000
22595.853000
22695.836000
22795.817000
22895.800000
22995.780000
23095.763000
23195.743000
23295.727000
23395.706000
23495.690000
23595.670000
23695.651000
23795.633000
23895.615000
23995.596000
24095.578000
24195.560000
24295.542000
24395.524000
24495.504000
24595.488000
24695.468000
24795.451000
24895.431000
24995.415000
25095.394000
25195.376000
25295.358000
25395.339000
25495.322000
25595.303000
25695.286000
25795.266000
25895.249000
25995.229000
26095.213000
26195.192000
26295.176000
26395.156000
26495.139000
26595.119000
26695.100000
26795.082000
26895.064000
26995.046000
27095.027000
27195.009000
27294.991000
27394.972000
27494.953000
27594.935000
27694.917000
27794.898000
27894.880000
27994.863000
28094.844000
28194.825000
28294.807000
28394.789000
28494.770000
28594.752000
28694.733000
28794.715000
28894.697000
28994.678000
29094.661000
29194.641000
29294.625000
29394.605000
29494.589000
29594.568000
29694.551000
29794.531000
29894.513000
29994.494000
30094.476000
30194.458000
30294.439000
30394.422000
30494.402000
30594.385000
30694.366000
30794.350000
30894.329000
30994.313000
31094.292000
31194.276000
31294.256000
31394.237000
31494.219000
31594.201000
31694.182000
31794.164000
31894.146000
31994.127000
32094.110000
32194.090000
32294.074000
32394.053000
32494.037000
32594.017000
32694.000000
32793.980000
32893.962000
32993.943000
33093.925000
33193.907000
33293.888000
33393.870000
33493.852000
33593.835000
33693.815000
33793.798000
33893.778000
33993.762000
34093.741000
34193.724000
34293.704000
34393.686000
34493.668000
34593.650000
34693.631000
34793.613000
34893.595000
34993.576000
35093.558000
35193.540000
35293.523000
35393.503000
35493.486000
35593.466000
35693.450000
35793.429000
35893.411000
35993.392000
36093.374000
36193.355000
36293.337000
36393.319000
36493.300000
36593.283000
36693.264000
36793.247000
36893.227000
36993.211000
37093.191000
37193.174000
37293.153000
37393.135000
37493.117000
37593.098000
37693.080000
37793.062000
37893.044000
37993.025000
38093.007000
38192.988000
38292.971000
38392.951000
38492.935000
38592.915000
38692.898000
38792.878000
38892.859000
38992.841000
39092.823000
39192.804000
39292.786000
39392.768000
39492.749000
39592.732000
39692.712000
39792.696000
39892.676000
39992.659000
40092.639000
40192.622000
40292.602000
40392.584000
40492.566000
40592.547000
40692.529000
40792.510000
40892.492000
40992.474000
41092.457000
41192.437000
41292.420000
41392.400000
41492.384000
41592.364000
41692.347000
41792.327000
41892.310000
41992.290000
42092.272000
42192.254000
42292.235000
42392.217000
42492.198000
42592.181000
42692.162000
42792.145000
42892.124000
42992.109000
43092.088000
43192.072000
43292.051000
43392.033000
43492.014000
43591.996000
43691.977000
43791.959000
43891.941000
43991.923000
44091.904000
44191.886000
44291.867000
44391.849000
44491.832000
44591.812000
44691.796000
44791.776000
44891.758000
44991.739000
45091.720000
45191.702000
45291.683000
45391.665000
45491.647000
45591.629000
45691.610000
45791.593000
45891.573000
45991.557000
46091.536000
46191.520000
46291.500000
46391.481000
46491.463000
46591.445000
46691.426000
46791.408000
46891.389000
46991.371000
47091.353000
47191.334000
47291.317000
47391.298000
47491.281000
47591.261000
47691.245000
47791.224000
47891.207000
47991.187000
48091.169000
48191.150000
48291.132000
48391.114000
48491.096000
48591.078000
48691.059000
48791.042000
48891.022000
48991.005000
49090.985000
49190.969000
49290.949000
49390.932000
49490.912000
49590.894000
49690.875000
49790.856000
49890.838000
49990.820000
50090.802000
50190.783000
50290.766000
50390.746000
50490.730000
50590.710000
50690.693000
50790.673000
50890.656000
50990.636000
51090.618000
51190.599000
51290.581000
51390.562000
51490.544000
51590.526000
51690.507000
51790.491000
51890.471000
51990.454000
52090.434000
52190.417000
52290.397000
52390.379000
52490.360000
52590.343000
52690.324000
52790.305000
52890.287000
52990.268000
53090.251000
53190.232000
53290.215000
53390.195000
53490.179000
53590.159000
53690.141000
53790.121000
53890.105000
53990.084000
54090.066000
54190.048000
54290.029000
54390.011000
54489.992000
54589.975000
54689.956000
54789.939000
54889.919000
54989.903000
55089.882000
55189.865000
55289.845000
55389.827000
55489.809000
55589.791000
55689.772000
55789.754000
55889.736000
55989.717000
56089.700000
56189.680000
56289.664000
56389.644000
56489.628000
56589.607000
56689.590000
56789.570000
56889.551000
56989.533000
57089.515000
57189.496000
57289.478000
57389.460000
57489.441000
57589.424000
57689.404000
57789.388000
57889.368000
57989.352000
58089.331000
58189.314000
58289.294000
58389.276000
58489.257000
58589.239000
58689.221000
58789.202000
58889.186000
58989.165000
59089.148000
59189.128000
59289.113000
59389.092000
59489.076000
59589.055000
59689.039000
59789.018000
59889.001000
59988.981000
60088.963000
60188.945000
60288.926000
60388.908000
60488.890000
60588.874000
60688.853000
60788.837000
60888.816000
60988.800000
61088.779000
61188.762000
61288.742000
61388.724000
61488.706000
61588.688000
61688.669000
61788.650000
61888.633000
61988.614000
62088.597000
62188.577000
62288.561000
62388.540000
62488.524000
62588.503000
62688.487000
62788.467000
62888.448000
62988.430000
63088.411000
63188.393000
63288.375000
63388.357000
63488.338000
63588.321000
63688.301000
63788.285000
63888.264000
63988.248000
64088.228000
64188.211000
64288.191000
64388.172000
64488.154000
64588.136000
64688.117000
64788.099000
64888.081000
64988.062000
65088.046000
65188.025000
65288.009000
65387.989000
65487.972000
65587.952000
65687.935000
65787.915000
65887.897000
65987.878000
66087.860000
66187.842000
66287.823000
66387.806000
66487.786000
66587.770000
66687.750000
66787.734000
66887.713000
66987.696000
67087.676000
67187.658000
67287.639000
67387.621000
67487.602000
67587.584000
67687.566000
67787.548000
67887.530000
67987.511000
68087.494000
68187.474000
68287.458000
68387.437000
68487.421000
68587.400000
68687.382000
68787.364000
68887.345000
68987.327000
69087.308000
69187.290000
69287.272000
69387.255000
69487.235000
69587.219000
69687.198000
69787.182000
69887.161000
69987.144000
70087.125000
70187.106000
70287.088000
70387.069000
70487.051000
70587.033000
70687.015000
70786.996000
70886.979000
70986.959000
71086.943000
71186.922000
71286.906000
71386.885000
71486.869000
71586.849000
71686.831000
71786.812000
71886.793000
71986.775000
72086.757000
72186.739000
72286.720000
72386.703000
72486.683000
72586.667000
72686.646000
72786.630000
72886.609000
72986.593000
73086.573000
73186.555000
73286.536000
73386.518000
73486.499000
73586.481000
73686.463000
73786.444000
73886.428000
73986.407000
74086.392000
74186.370000
74286.354000
74386.334000
74486.315000
74586.297000
74686.279000
74786.260000
74886.242000
74986.224000
75086.205000
75186.188000
75286.168000
75386.152000
75486.131000
75586.116000
75686.095000
75786.079000
75886.058000
75986.039000
76086.021000
76186.003000
76285.984000
76385.966000
76485.948000
76585.929000
76685.911000
76785.892000
76885.874000
76985.863000
77085.840000
77185.819000
77285.802000
77385.782000
77485.764000
77585.745000
77685.727000
77785.709000
77885.690000
77985.672000
78085.654000
78185.636000
78285.616000
78385.600000
78485.580000
78585.564000
78685.543000
78785.526000
78885.506000
78985.488000
79085.469000
79185.451000
79285.432000
79385.414000
79485.396000
79585.378000
79685.361000
79785.341000
79885.324000
79985.304000
80085.287000
80185.267000
80285.248000
80385.230000
80485.212000
80585.194000
80685.175000
80785.157000
80885.138000
80985.121000
81085.101000
81185.085000
81285.065000
81385.049000
81485.028000
81585.012000
81684.991000
81784.973000
81884.954000
81984.936000
82084.918000
82184.899000
82284.881000
82384.862000
82484.845000
82584.825000
82684.809000
82784.789000
82884.772000
82984.752000
83084.734000
83184.715000
83284.697000
83384.678000
83484.660000
83584.642000
83684.623000
83784.606000
83884.586000
83984.569000
84084.550000
84184.533000
84284.513000
84384.497000
84484.476000
84584.460000
84684.439000
84784.421000
84884.403000
84984.384000
85084.366000
85184.347000
85284.330000
85384.311000
85484.294000
85584.274000
85684.258000
85784.237000
85884.221000
85984.201000
86084.184000
86184.164000
86284.145000
86384.127000
86484.108000
86584.090000
86684.072000
86784.054000
86884.035000
86984.018000
87083.998000
87183.982000
87283.961000
87383.944000
87483.924000
87583.906000
87683.888000
87783.869000
87883.851000
87983.832000
88083.814000
88183.796000
88283.778000
88383.759000
88483.742000
88583.722000
88683.706000
88783.685000
88883.669000
88983.649000
89083.630000
89183.612000
89283.593000
89383.575000
89483.557000
89583.539000
89683.520000
89783.502000
89883.483000
89983.466000
90083.446000
90183.430000
90283.410000
90383.392000
90483.372000
90583.354000
90683.336000
90783.317000
90883.300000
90983.280000
91083.263000
91183.244000
91283.227000
91383.207000
91483.192000
91583.170000
91683.154000
91783.134000
91883.117000
91983.097000
92083.078000
92183.060000
92283.041000
92383.024000
92483.005000
92582.987000
92682.968000
92782.951000
92882.931000
92982.912000
93082.894000
93182.876000
93282.857000
93382.839000
93482.821000
93582.803000
93682.784000
93782.765000
93882.748000
93982.729000
94082.712000
94182.692000
94282.675000
94382.655000
94482.639000
94582.618000
94682.602000
94782.582000
94882.563000
94982.545000
95082.527000
95182.508000
95282.489000
95382.472000
95482.453000
95582.436000
95682.416000
95782.399000
95882.379000
95982.363000
96082.342000
96182.326000
96282.306000
96382.287000
96482.269000
96582.250000
96682.232000
96782.213000
96882.196000
96982.177000
97082.160000
97182.140000
97282.124000
97382.103000
97482.087000
97582.067000
97682.048000
97782.029000
97882.011000
97981.993000
98081.975000
98181.956000
98281.937000
98381.921000
98481.901000
98581.884000
98681.864000
98781.848000
98881.827000
98981.811000
99081.791000
99181.772000
99281.754000
99381.735000
99481.717000
99581.698000
99681.681000
99781.662000
99881.645000
99981.625000
100081.609000
100181.588000
100281.572000
100381.552000
100481.535000
100581.515000
100681.496000
100781.478000
100881.459000
100981.441000
101081.423000
101181.405000
101281.386000
101381.369000
101481.349000
101581.333000
101681.312000
101781.296000
101881.275000
101981.259000
102081.239000
102181.220000
102281.202000
102381.184000
102481.166000
102581.147000
102681.130000
102781.110000
102881.093000
102981.073000
103081.057000
103181.036000
103281.018000
103380.999000
103480.981000
103580.963000
103680.944000
103780.926000
103880.907000
103980.890000
104080.871000
104180.854000
104280.834000
104380.818000
104480.797000
104580.781000
104680.760000
104780.743000
104880.723000
104980.705000
105080.687000
105180.668000
105280.650000
105380.632000
105480.614000
105580.595000
105680.578000
105780.558000
105880.542000
105980.521000
106080.505000
106180.484000
106280.466000
106380.447000
106480.429000
106580.411000
106680.392000
106780.374000
106880.355000
106980.338000
107080.319000
107180.303000
107280.282000
107380.266000
107480.245000
107580.229000
107680.209000
107780.190000
107880.172000
107980.153000
108080.136000
108180.116000
108280.099000
108380.079000
108480.063000
108580.043000
108680.027000
108780.006000
108879.990000
108979.969000
109079.953000
109179.932000
109279.914000
109379.896000
109479.877000
109579.859000
109679.840000
109779.822000
109879.804000
109979.787000
110079.767000
110179.751000
110279.730000
110379.714000
110479.693000
110579.677000
110679.656000
110779.638000
110879.620000
110979.601000
111079.584000
111179.565000
111279.547000
111379.528000
111479.511000
111579.491000
111679.475000
111779.454000
111879.438000
111979.417000
112079.401000
112179.380000
112279.362000
112379.344000
112479.325000
112579.307000
112679.289000
112779.271000
112879.252000
112979.235000
113079.215000
113179.199000
113279.178000
113379.160000
113479.141000
113579.123000
113679.105000
113779.086000
113879.068000
113979.049000
114079.032000
114179.012000
114278.996000
114378.976000
114478.959000
114578.939000
114678.923000
114778.902000
114878.884000
114978.865000
115078.847000
115178.828000
115278.810000
115378.792000
115478.773000
115578.756000
115678.736000
115778.720000
115878.700000
115978.684000
116078.663000
116178.646000
116278.626000
116378.608000
116478.589000
116578.571000
116678.552000
116778.534000
116878.516000
116978.497000
117078.481000
117178.461000
117278.444000
117378.424000
117478.408000
117578.387000
117678.369000
117778.350000
117878.332000
117978.313000
118078.295000
118178.277000
118278.258000
118378.240000
118478.221000
118578.204000
118678.185000
118778.168000
118878.148000
118978.132000
119078.111000
119178.094000
119278.074000
119378.056000
119478.038000
119578.019000
119678.001000
119777.982000
119877.965000
119977.946000
120077.929000
120177.909000
120277.893000
120377.872000
120477.855000
120577.835000
120677.817000
120777.798000
120877.780000
120977.761000
121077.743000
121177.725000
121277.706000
121377.689000
121477.669000
121577.654000
121677.632000
121777.616000
121877.596000
121977.579000
122077.559000
122177.540000
122277.522000
122377.504000
122477.485000
122577.467000
122677.449000
122777.430000
122877.413000
122977.393000
123077.378000
123177.357000
123277.340000
123377.320000
123477.302000
123577.283000
123677.264000
123777.246000
123877.228000
123977.210000
124077.191000
124177.174000
124277.154000
124377.139000
124477.118000
124577.102000
124677.081000
124777.063000
124877.044000
124977.025000
125077.007000
125176.988000
125276.970000
125376.952000
125476.934000
125576.915000
125676.898000
125776.878000
125876.860000
125976.841000
126076.823000
126176.804000
126276.788000
126376.768000
126476.749000
126576.731000
126676.713000
126776.694000
126876.676000
126976.658000
127076.639000
127176.622000
127276.603000
127376.586000
127476.565000
127576.550000
127676.529000
127776.513000
127876.492000
127976.473000
128076.455000
128176.437000
128276.419000
128376.400000
128476.383000
128576.363000
128676.346000
128776.326000
128876.310000
128976.290000
129076.273000
129176.253000
129276.234000
129376.216000
129476.198000
129576.179000
129676.161000
129776.143000
129876.124000
129976.107000
130076.087000
130176.070000
130276.050000
130376.034000
130476.013000
130575.995000
130675.977000
130775.958000
130875.940000
130975.921000
131075.903000
131175.885000
131275.867000
131375.848000
131475.831000
131575.811000
131675.795000
131775.774000
131875.758000
131975.738000
132075.719000
132175.700000
132275.682000
132375.664000
132475.645000
132575.628000
132675.608000
132775.591000
132875.572000
132975.555000
133075.535000
133175.519000
133275.498000
133375.481000
133475.461000
133575.443000
133675.424000
133775.406000
133875.388000
133975.369000
134075.352000
134175.333000
134275.315000
134375.296000
134475.279000
134575.259000
134675.243000
134775.222000
134875.204000
134975.185000
135075.167000
135175.149000
135275.130000
135375.112000
135475.094000
135575.076000
135675.056000
135775.040000
135875.020000
135975.004000
136074.983000
136174.966000
136274.946000
136374.928000
136474.909000
136574.891000
136674.872000
136774.854000
136874.836000
136974.817000
137074.800000
137174.780000
137274.764000
137374.744000
137474.727000
137574.707000
137674.690000
137774.670000
137874.652000
137974.633000
138074.615000
138174.596000
138274.578000
138374.561000
138474.541000
138574.525000
138674.504000
138774.488000
138874.468000
138974.452000
139074.431000
139174.412000
139274.394000
139374.376000
139474.358000
139574.339000
139674.321000
139774.302000
139874.285000
139974.265000
140074.250000
140174.229000
140274.214000
140374.192000
140474.174000
140574.155000
140674.136000
140774.118000
140874.100000
140974.081000
141074.063000
141174.046000
141274.026000
141374.009000
141473.989000
141573.974000
141673.952000
141773.936000
141873.916000
141973.897000
142073.879000
142173.860000
142273.842000
142373.824000
142473.805000
142573.787000
142673.770000
142773.750000
142873.734000
142973.713000
143073.698000
143173.676000
143273.660000
143373.640000
143473.621000
143573.603000
143673.585000
143773.566000
143873.548000
143973.530000
144073.511000
144173.494000
144273.474000
144373.458000
144473.437000
144573.421000
144673.400000
144773.384000
144873.364000
144973.345000
145073.327000
145173.308000
145273.290000
145373.272000
145473.254000
145573.235000
145673.218000
145773.198000
145873.182000
145973.161000
146073.144000
146173.124000
146273.106000
146373.088000
146473.069000
146573.051000
146673.033000
146773.014000
146872.995000
146972.978000
147072.959000
147172.942000
147272.922000
147372.906000
147472.885000
147572.868000
147672.848000
147772.830000
147872.811000
147972.793000
148072.775000
148172.756000
148272.739000
148372.719000
148472.702000
148572.683000
148672.666000
148772.646000
148872.630000
148972.609000
149072.592000
149172.572000
149272.554000
149372.536000
149472.517000
149572.499000
149672.480000
149772.463000
149872.443000
149972.427000
150072.407000
150172.391000
150272.370000
150372.353000
150472.333000
150572.315000
150672.296000
150772.278000
150872.259000
150972.241000
151072.223000
151172.205000
151272.187000
151372.167000
151472.151000
151572.131000
151672.114000
151772.094000
151872.078000
151972.058000
152072.039000
152172.021000
152272.002000
152371.983000
152471.965000
152571.947000
152671.928000
152771.912000
152871.891000
152971.875000
153071.854000
153171.838000
153271.818000
153371.799000
153471.781000
153571.763000
153671.744000
153771.726000
153871.708000
153971.689000
154071.671000
154171.652000
154271.636000
154371.615000
154471.599000
154571.579000
154671.561000
154771.542000
154871.523000
154971.505000
155071.487000
155171.468000
155271.450000
155371.432000
155471.413000
155571.396000
155671.376000
155771.360000
155871.339000
155971.323000
156071.303000
156171.286000
156271.266000
156371.247000
156471.229000
156571.210000
156671.193000
156771.174000
156871.157000
156971.137000
157071.121000
157171.100000
157271.084000
157371.063000
157471.047000
157571.027000
157671.008000
157770.990000
157870.971000
157970.953000
158070.935000
158170.916000
158270.898000
158370.881000
158470.861000
158570.843000
158670.824000
158770.806000
158870.787000
158970.769000
159070.750000
159170.732000
159270.714000
159370.695000
159470.677000
159570.659000
159670.641000
159770.622000
159870.605000
159970.585000
160070.569000
160170.548000
160270.531000
160370.511000
160470.493000
160570.475000
160670.456000
160770.438000
160870.419000
160970.401000
161070.382000
161170.365000
161270.346000
161370.329000
161470.309000
161570.292000
161670.272000
161770.255000
161870.235000
161970.217000
162070.198000
162170.180000
162270.161000
162370.143000
162470.126000
162570.106000
162670.089000
162770.069000
162870.053000
162970.033000
163070.016000
163169.996000
163269.978000
163369.959000
163469.941000
163569.922000
163669.904000
163769.885000
163869.867000
163969.849000
164069.830000
164169.814000
164269.793000
164369.777000
164469.756000
164569.740000
164669.720000
164769.701000
164869.683000
164969.664000
165069.646000
165169.628000
165269.610000
165369.591000
165469.574000
165569.554000
165669.538000
165769.517000
165869.501000
165969.480000
166069.464000
166169.444000
166269.425000
166369.407000
166469.389000
166569.370000
166669.352000
166769.334000
166869.315000
166969.299000
167069.278000
167169.262000
167269.241000
167369.225000
167469.205000
167569.188000
167669.168000
167769.149000
167869.131000
167969.113000
168069.095000
168169.076000
168269.058000
168369.039000
168469.022000
168569.002000
168668.986000
168768.966000
168868.949000
168968.928000
169068.910000
169168.892000
169268.873000
169368.855000
169468.836000
169568.819000
169668.799000
169768.783000
169868.763000
169968.747000
170068.726000
170168.709000
170268.689000
170368.672000
170468.652000
170568.634000
170668.615000
170768.597000
170868.579000
170968.560000
171068.543000
171168.523000
171268.507000
171368.487000
171468.471000
171568.450000
171668.432000
171768.413000
171868.395000
171968.376000
172068.358000
172168.340000
172268.321000
172368.304000
172468.284000
172568.269000
172668.247000
172768.232000
172868.211000
172968.194000
173068.174000
173168.156000
173268.137000
173368.118000
173468.100000
173568.082000
173668.064000
173768.045000
173868.028000
173968.008000
174067.992000
174167.971000
174267.955000
174367.935000
174467.918000
174567.898000
174667.879000
174767.861000
174867.843000
174967.824000
175067.806000
175167.787000
175267.769000
175367.750000
175467.732000
175567.716000
175667.695000
175767.679000
175867.658000
175967.642000
176067.622000
176167.603000
176267.585000
176367.567000
176467.548000
176567.530000
176667.512000
176767.493000
176867.476000
176967.456000
177067.440000
177167.419000
177267.402000
177367.382000
177467.364000
177567.346000
177667.327000
177767.309000
177867.290000
177967.273000
178067.254000
178167.236000
178267.217000
178367.201000
178467.180000
178567.164000
178667.143000
178767.126000
178867.106000
178967.088000
179067.070000
179167.051000
179267.033000
179367.014000
179466.997000
179566.978000
179666.960000
179766.941000
179866.924000
179966.904000
180066.888000
180166.867000
180266.849000
180366.830000
180466.812000
180566.794000
180666.775000
180766.757000
180866.738000
180966.721000
181066.702000
181166.685000
181266.665000
181366.649000
181466.628000
181566.611000
181666.591000
181766.573000
181866.554000
181966.536000
182066.517000
182166.499000
182266.481000
182366.462000
182466.445000
182566.426000
182666.409000
182766.388000
182866.372000
182966.352000
183066.335000
183166.315000
183266.297000
183366.278000
183466.260000
183566.242000
183666.223000
183766.206000
183866.186000
183966.169000
184066.150000
184166.133000
184266.112000
184366.096000
184466.076000
184566.057000
184666.039000
184766.021000
184866.002000
184965.984000
185065.966000
185165.947000
185265.930000
185365.910000
185465.894000
185565.873000
185665.857000
185765.836000
185865.820000
185965.800000
186065.781000
186165.763000
186265.744000
186365.726000
186465.708000
186565.690000
186665.671000
186765.654000
186865.634000
186965.618000
187065.597000
187165.581000
187265.560000
187365.542000
187465.524000
187565.505000
187665.487000
187765.469000
187865.450000
187965.432000
188065.415000
188165.395000
188265.378000
188365.358000
188465.342000
188565.321000
188665.304000
188765.285000
188865.266000
188965.248000
189065.229000
189165.211000
189265.193000
189365.176000
189465.155000
189565.140000
189665.119000
189765.103000
189865.082000
189965.066000
190065.045000
190165.027000
190265.009000
190364.990000
190464.972000
190564.953000
190664.935000
190764.916000
190864.899000
190964.879000
191064.863000
191164.843000
191264.824000
191364.806000
191464.788000
191564.769000
191664.751000
191764.732000
191864.714000
191964.695000
192064.677000
192164.659000
192264.640000
192364.623000
192464.603000
192564.588000
192664.567000
192764.550000
192864.530000
192964.513000
193064.493000
193164.475000
193264.456000
193364.438000
193464.420000
193564.401000
193664.383000
193764.364000
193864.347000
193964.327000
194064.311000
194164.291000
194264.274000
194364.254000
194464.235000
194564.217000
194664.199000
194764.180000
194864.162000
194964.144000
195064.125000
195164.108000
195264.088000
195364.072000
195464.051000
195564.035000
195664.014000
195763.998000
195863.978000
195963.959000
196063.941000
196163.922000
196263.904000
196363.886000
196463.868000
196563.849000
196663.832000
196763.812000
196863.796000
196963.775000
197063.759000
197163.738000
197263.722000
197363.702000
197463.683000
197563.665000
197663.646000
197763.628000
197863.610000
197963.592000
198063.573000
198163.556000
198263.536000
198363.520000
198463.499000
198563.482000
198663.462000
198763.444000
198863.426000
198963.407000
199063.389000
199163.370000
199263.353000
199363.334000
199463.316000
199563.297000
199663.281000
199763.260000
199863.244000
199963.224000
200063.205000
200163.186000
200263.168000
200363.149000
200463.131000
200563.113000
200663.094000
200763.077000
200863.057000
200963.041000
201063.021000
201163.004000
201262.984000
201362.967000
201462.947000
201562.929000
201662.910000
201762.892000
201862.873000
201962.855000
202062.837000
202162.818000
202262.801000
202362.781000
202462.765000
202562.744000
202662.728000
202762.708000
202862.689000
202962.671000
203062.652000
203162.634000
203262.615000
203362.597000
203462.579000
203562.561000
203662.542000
203762.525000
203862.505000
203962.489000
204062.469000
204162.452000
204262.431000
204362.413000
204462.395000
204562.376000
204662.358000
204762.339000
204862.322000
204962.303000
205062.286000
205162.266000
205262.250000
205362.229000
205462.213000
205562.192000
205662.174000
205762.155000
205862.137000
205962.119000
206062.100000
206162.082000
206262.064000
206362.046000
206462.027000
206562.010000
206661.990000
206761.974000
206861.953000
206961.936000
207061.916000
207161.898000
207261.879000
207361.861000
207461.843000
207561.824000
207661.806000
207761.787000
207861.769000
207961.751000
208061.732000
208161.714000
208261.698000
208361.677000
208461.660000
208561.640000
208661.622000
208761.603000
208861.585000
208961.567000
209061.548000
209161.531000
209261.512000
209361.494000
209461.474000
209561.459000
209661.438000
209761.422000
209861.401000
209961.382000
210061.364000
210161.345000
210261.327000
210361.309000
210461.291000
210561.272000
210661.254000
210761.235000
210861.219000
210961.198000
211061.183000
211161.161000
211261.144000
211361.125000
211461.106000
211561.088000
211661.069000
211761.051000
211861.033000
211961.015000
212060.996000
212160.979000
212260.959000
212360.943000
212460.922000
212560.906000
212660.885000
212760.867000
212860.849000
212960.830000
213060.812000
213160.793000
213260.775000
213360.756000
213460.739000
213560.720000
213660.703000
213760.683000
213860.667000
213960.646000
214060.629000
214160.610000
214260.591000
214360.573000
214460.554000
214560.536000
214660.517000
214760.499000
214860.480000
214960.463000
215060.444000
215160.428000
215260.407000
215360.391000
215460.370000
215560.353000
215660.333000
215760.315000
215860.296000
215960.278000
216060.260000
216160.241000
216260.224000
216360.204000
216460.188000
216560.168000
216660.151000
216760.131000
216860.115000
216960.094000
217060.076000
217160.057000
217260.039000
217360.020000
217460.002000
217559.984000
217659.965000
217759.948000
217859.928000
217959.912000
218059.892000
218159.875000
218259.855000
218359.838000
218459.818000
218559.799000
218659.781000
218759.763000
218859.744000
218959.726000
219059.709000
219159.689000
219259.672000
219359.652000
219459.636000
219559.615000
219659.599000
219759.579000
219859.560000
219959.542000
220059.524000
220159.505000
220259.487000
220359.469000
220459.450000
220559.433000
220659.413000
220759.396000
220859.376000
220959.360000
221059.339000
221159.322000
221259.302000
221359.284000
221459.266000
221559.247000
221659.229000
221759.211000
221859.194000
221959.174000
222059.158000
222159.137000
222259.121000
222559.063000
222659.045000
222759.027000
222859.008000
222958.990000
223058.971000
223158.954000
223258.935000
223358.918000
223458.898000
223558.881000
223658.861000
223758.845000
223858.824000
223958.808000
224058.787000
224158.769000
224258.750000
224358.732000
224458.715000
224558.698000
224658.678000
224758.658000
224858.641000
224958.622000
225058.606000
225158.585000
225258.568000
225358.548000
225458.531000
225558.511000
225658.493000
225758.474000
225858.456000
225958.438000
226058.419000
226158.402000
226258.383000
226358.366000
226458.345000
226558.330000
226658.309000
226758.291000
226858.272000
226958.253000
227058.235000
227158.217000
227258.198000
227358.180000
227458.162000
227558.143000
227658.126000
227758.106000
227858.090000
227958.069000
228058.053000
228158.033000
228258.016000
228357.996000
228457.977000
228557.959000
228657.941000
228757.922000
228857.904000
228957.887000
229057.867000
229157.851000
229257.830000
229357.814000
229457.793000
229557.777000
229657.757000
229757.738000
229857.720000
229957.701000
230057.683000
230157.665000
230257.647000
230357.628000
230457.610000
230557.591000
230657.575000
230757.554000
230857.538000
230957.517000
231057.500000
231157.480000
231257.462000
231357.444000
231457.425000
231557.407000
231657.388000
231757.371000
231857.352000
231957.335000
232057.315000
232157.298000
232257.278000
232357.261000
232457.241000
232557.224000
232657.204000
232757.186000
232857.168000
232957.149000
233057.131000
233157.112000
233257.095000
233357.076000
233457.059000
233557.039000
233657.023000
233757.002000
233856.985000
233956.965000
234056.947000
234156.928000
234256.910000
234356.892000
234456.873000
234556.856000
234656.836000
234756.819000
234856.800000
234956.783000
235056.763000
235156.746000
235256.726000
235356.707000
235456.689000
235556.671000
235656.652000
235756.634000
235856.616000
235956.597000
236056.579000
236156.560000
236256.544000
236356.523000
236456.508000
236556.487000
236656.470000
236756.450000
236856.431000
236956.413000
237056.395000
237156.376000
237256.358000
237356.340000
237456.321000
237556.304000
237656.284000
237756.268000
237856.247000
237956.232000
238056.211000
238156.194000
238256.174000
238356.155000
238456.137000
238556.119000
238656.101000
238756.082000
238856.065000
238956.045000
239056.029000
239156.008000
239255.992000
239355.972000
239455.955000
239555.935000
239655.916000
239755.898000
239855.879000
239955.861000
240055.843000
240155.824000
240255.806000
240355.789000
240455.769000
240555.751000
240655.732000
240755.714000
240855.707000
240955.678000
241055.659000
241155.640000
241255.622000
241355.603000
241455.585000
241555.567000
241655.549000
241755.530000
241855.513000
241955.493000
242055.477000
242155.456000
242255.439000
242355.419000
242455.401000
242555.383000
242655.364000
242755.346000
242855.327000
242955.309000
243055.290000
243155.273000
243255.254000
243355.237000
243455.217000
243555.201000
243655.180000
243755.163000
243855.143000
243955.125000
244055.107000
244155.088000
244255.069000
244355.051000
244455.034000
244555.014000
244654.997000
244754.978000
244854.961000
244954.941000
245054.925000
245154.904000
245254.885000
245354.867000
245454.849000
245554.830000
245654.812000
245754.793000
245854.775000
245954.758000
246054.738000
246154.722000
246254.702000
246354.686000
246454.665000
246554.649000
246654.628000
246754.610000
246854.591000
246954.573000
247054.554000
247154.536000
247254.518000
247354.499000
247454.482000
247554.462000
247654.446000
247754.425000
247854.409000
247954.389000
248054.372000
248154.352000
248254.333000
248354.315000
248454.297000
248554.278000
248654.260000
248754.242000
248854.223000
248954.206000
249054.186000
249154.170000
249254.149000
249354.132000
249454.113000
249554.095000
249654.076000
249754.057000
249854.039000
249954.020000
250054.002000
250153.984000
250253.966000
250353.947000
250453.930000
250553.910000
250653.894000
250753.873000
250853.855000
250953.836000
251053.819000
251153.800000
251253.781000
251353.763000
251453.744000
251553.727000
251653.708000
251753.691000
251853.671000
251953.654000
252053.634000
252153.617000
252253.597000
252353.579000
252453.561000
252553.542000
252653.523000
252753.505000
252853.487000
252953.468000
253053.451000
253153.432000
253253.415000
253353.395000
253453.378000
253553.358000
253653.341000
253753.321000
253853.303000
253953.284000
254053.266000
254153.248000
254253.229000
254353.212000
254453.192000
254553.176000
254653.155000
254753.140000
254853.119000
254953.102000
255053.082000
255153.063000
255253.045000
255353.027000
255453.008000
255552.990000
255652.972000
255752.953000
255852.936000
255952.916000
256052.900000
256152.879000
256252.863000
256352.843000
256452.826000
256552.806000
256652.787000
256752.769000
256852.750000
256952.732000
257052.714000
257152.695000
257252.677000
257352.660000
257452.640000
257552.624000
257652.603000
257752.588000
257852.566000
257952.550000
258052.530000
258152.511000
258252.493000
258352.474000
258452.456000
258552.438000
258652.420000
258752.401000
258852.384000
258952.364000
259052.348000
259152.328000
259252.311000
259352.290000
259452.272000
259552.254000
259652.235000
259752.217000
259852.198000
259952.180000
260052.162000
260152.144000
260252.125000
260352.108000
260452.088000
260552.072000
260652.051000
260752.034000
260852.014000
260951.996000
261051.978000
261151.959000
261251.941000
261351.922000
261451.905000
261551.886000
261651.869000
261751.849000
261851.832000
261951.812000
262051.795000
262151.775000
262251.757000
262351.738000
262451.720000
262551.702000
262651.683000
262751.665000
262851.646000
262951.629000
263051.610000
263151.593000
263251.573000
263351.556000
263451.536000
263551.519000
263651.499000
263751.481000
263851.462000
263951.444000
264051.426000
264151.407000
264251.389000
264351.370000
264451.353000
264551.333000
264651.317000
264751.297000
264851.280000
264951.260000
265051.243000
265151.223000
265251.205000
265351.186000
265451.168000
265551.150000
265651.131000
265751.113000
265851.094000
265951.077000
266051.057000
266151.041000
266251.021000
266351.004000
266450.984000
266550.965000
266650.947000
266750.929000
266850.910000
266950.892000
267050.874000
267150.855000
267250.838000
267350.819000
267450.802000
267550.781000
267650.766000
267750.745000
267850.728000
267950.708000
268050.689000
268150.671000
268250.652000
268350.634000
268450.616000
268550.598000
268650.579000
268750.562000
268850.542000
268950.526000
269050.505000
269150.489000
269250.468000
269350.450000
269450.432000
269550.413000
269650.395000
269750.376000
269850.359000
269950.340000
270050.322000
270150.303000
270250.287000
270350.266000
270450.250000
270550.230000
270650.213000
270750.193000
270850.174000
270950.156000
271050.137000
271150.119000
271250.100000
271350.084000
271450.063000
271550.047000
271650.027000
271750.011000
271849.990000
271949.974000
272049.953000
272149.936000
272249.916000
272349.898000
272449.880000
272549.862000
272649.843000
272749.824000
272849.807000
272949.788000
273049.771000
273149.751000
273249.732000
273349.714000
273449.695000
273549.677000
273649.659000
273749.640000
273849.622000
273949.604000
274049.585000
274149.568000
274249.548000
274349.531000
274449.511000
274549.495000
274649.475000
274749.458000
274849.438000
274949.422000
275049.401000
275149.383000
275249.365000
275349.346000
275449.327000
275549.310000
275649.291000
275749.272000
275849.256000
275949.236000
276049.219000
276149.199000
276249.182000
276349.162000
276449.143000
276549.125000
276649.106000
276749.088000
276849.070000
276949.052000
277049.033000
277149.016000
277248.996000
277348.980000
277448.959000
277548.944000
277648.923000
277748.906000
277848.886000
277948.867000
278048.849000
278148.831000
278248.813000
278348.794000
278448.776000
278548.757000
278648.740000
278748.720000
278848.704000
278948.683000
279048.667000
279148.647000
279248.631000
279348.610000
279448.591000
279548.573000
279648.555000
279748.536000
279848.518000
279948.501000
280048.481000
280148.465000
280248.444000
280348.428000
280448.407000
280548.391000
280648.371000
280748.352000
280848.334000
280948.315000
281048.297000
281148.279000
281248.261000
281348.242000
281448.224000
281548.205000
281648.189000
281748.168000
281848.152000
281948.131000
282048.114000
282148.094000
282248.076000
282348.058000
282448.039000
282548.022000
282648.002000
282747.985000
282847.966000
282947.949000
283047.929000
283147.912000
283247.892000
283347.875000
283447.855000
283547.837000
283647.818000
283747.800000
283847.782000
283947.763000
284047.746000
284147.726000
284247.710000
284347.690000
284447.673000
284547.653000
284647.637000
284747.616000
284847.599000
284947.579000
285047.561000
285147.542000
285247.524000
285347.506000
285447.487000
285547.469000
285647.450000
285747.434000
285847.414000
285947.397000
286047.377000
286147.361000
286247.340000
286347.324000
286447.303000
286547.285000
286647.266000
286747.248000
286847.230000
286947.211000
287047.194000
287147.174000
287247.159000
287347.137000
287447.122000
287547.101000
287647.084000
287747.064000
287847.045000
287947.027000
288047.009000
288146.991000
288246.972000
288346.955000
288446.935000
288546.918000
288646.898000
288746.882000
288846.862000
288946.845000
289046.825000
289146.808000
289246.788000
289346.770000
289446.751000
289546.733000
289646.714000
289746.696000
289846.677000
289946.659000
290046.641000
290146.622000
290246.606000
290346.585000
290446.569000
290546.549000
290646.530000
290746.512000
290846.494000
290946.475000
291046.457000
291146.439000
291246.420000
291346.402000
291446.383000
291546.366000
291646.346000
291746.331000
291846.310000
291946.293000
292046.273000
292146.254000
292246.236000
292346.217000
292446.199000
292546.181000
292646.163000
292746.144000
292846.127000
292946.107000
293046.091000
293146.070000
293246.054000
293346.034000
293446.017000
293545.996000
293645.978000
293745.960000
293845.941000
293945.923000
294045.904000
294145.887000
294245.868000
294345.851000
294445.831000
294545.815000
294645.794000
294745.777000
294845.757000
294945.739000
295045.721000
295145.702000
295245.684000
295345.665000
295445.648000
295545.629000
295645.611000
295745.592000
295845.575000
295945.555000
296045.539000
296145.518000
296245.501000
296345.481000
296445.463000
296545.445000
296645.426000
296745.408000
296845.390000
296945.372000
297045.353000
297145.336000
297245.316000
297345.300000
297445.279000
297545.263000
297645.242000
297745.224000
297845.206000
297945.187000
298045.169000
298145.150000
298245.132000
298345.113000
298445.096000
298545.076000
298645.060000
298745.040000
298845.023000
298945.003000
299044.985000
299144.966000
299244.948000
299344.929000
299444.911000
299544.893000
299644.874000
