49.984000
99.963000
149.946000
199.926000
249.908000
299.889000
349.871000
399.852000
449.834000
499.815000
549.797000
599.778000
649.760000
699.741000
749.723000
799.714000
849.686000
899.668000
949.649000
999.631000
1049.615000
1099.594000
1149.578000
1199.557000
1249.540000
1299.520000
1349.502000
1399.483000
1449.465000
1499.446000
1549.428000
1599.412000
1649.391000
1699.375000
1749.354000
1799.337000
1849.318000
1899.299000
1949.281000
1999.262000
2049.245000
2099.225000
2149.209000
2199.189000
2249.172000
2299.152000
2349.134000
2399.115000
2449.096000
2499.078000
2549.059000
2599.043000
2649.022000
2699.007000
2748.986000
2798.969000
2848.949000
2898.930000
2948.912000
2998.894000
3048.875000
3098.857000
3148.841000
3198.820000
3248.803000
3298.783000
3348.765000
3398.746000
3448.728000
3498.709000
3548.691000
3598.674000
3648.654000
3698.637000
3748.617000
3798.600000
3848.580000
3898.562000
3948.543000
3998.525000
4048.506000
4098.488000
4148.471000
4198.451000
4248.435000
4298.415000
4348.396000
4398.378000
4448.359000
4498.340000
4548.322000
4598.306000
4648.285000
4698.269000
4748.248000
4798.231000
4848.211000
4898.194000
4948.175000
4998.156000
5048.138000
5098.119000
5148.103000
5198.083000
5248.066000
5298.046000
5348.028000
5398.009000
5447.990000
5497.972000
5547.953000
5597.935000
5647.917000
5697.900000
5747.880000
5797.863000
5847.843000
5897.825000
5947.806000
5997.788000
6047.769000
6097.751000
6147.734000
6197.714000
6247.698000
6297.677000
6347.660000
6397.640000
6447.622000
6497.603000
6547.585000
6597.566000
6647.548000
6697.531000
6747.511000
6797.495000
6847.474000
6897.457000
6947.437000
6997.419000
7047.400000
7097.382000
7147.363000
7197.345000
7247.329000
7347.292000
7447.253000
7497.234000
7597.197000
7697.162000
7797.126000
7897.088000
7947.068000
8047.032000
8146.995000
8246.960000
8346.923000
8396.903000
8496.865000
8596.828000
8696.792000
8796.757000
8896.720000
8996.682000
9096.644000
9146.626000
9246.590000
9346.554000
9446.517000
9546.479000
9646.441000
9696.423000
9796.389000
9896.352000
9996.313000
10096.276000
11545.745000
11695.685000
11795.650000
11895.614000
11995.577000
12095.539000
12195.501000
12295.464000
12395.427000
12445.411000
12545.374000
12645.336000
12745.298000
12845.261000
12945.225000
13045.188000
13145.150000
13245.114000
13295.096000
13395.058000
13495.022000
13594.985000
13644.967000
13794.911000
13894.876000
13994.840000
14044.819000
14144.782000
14244.745000
14344.708000
14394.689000
14494.653000
14594.616000
14694.579000
14794.542000
14844.524000
14944.487000
15044.451000
15144.413000
15244.376000
15294.358000
15394.321000
15494.284000
15594.247000
15694.210000
15794.173000
15844.155000
15944.118000
16044.081000
16144.044000
16244.007000
16343.970000
16393.952000
16493.915000
16593.878000
16693.841000
16743.824000
16843.786000
16943.749000
17043.712000
17093.696000
17193.658000
17293.621000
17393.583000
17443.565000
17543.530000
17643.493000
17743.455000
17843.417000
17893.399000
17993.362000
18093.326000
18193.290000
18243.269000
18343.232000
18443.196000
18543.159000
18593.140000
18693.103000
18793.067000
18893.030000
18992.993000
19092.958000
19142.937000
19242.901000
19342.864000
19442.827000
19492.808000
19592.771000
19692.735000
19792.698000
19842.680000
19942.642000
20042.606000
20142.569000
20242.532000
20292.515000
20392.477000
20492.440000
20592.403000
20692.366000
20792.329000
20892.292000
20942.274000
21042.237000
21142.200000
21242.163000
21342.126000
21442.089000
21492.070000
21592.033000
21691.997000
21791.960000
21891.923000
21941.905000
22041.868000
22141.831000
22241.794000
22341.757000
22441.720000
22491.702000
22591.665000
22691.628000
22791.591000
22841.575000
22941.537000
23041.499000
23141.462000
23191.443000
23291.409000
23391.372000
23491.334000
23591.296000
23691.259000
23741.241000
26640.170000
26740.133000
26840.097000
26940.061000
27040.025000
27090.004000
27189.967000
27289.930000
27389.894000
27439.875000
27539.839000
27639.801000
27739.764000
27839.728000
27889.709000
27989.673000
28089.635000
28189.599000
28239.580000
28339.543000
28439.506000
28539.469000
28589.451000
28689.415000
28789.378000
28889.341000
28989.303000
29039.287000
29139.250000
29239.213000
29339.174000
29439.137000
29489.119000
29589.085000
29689.047000
29789.009000
29838.990000
29938.953000
30038.918000
30138.881000
30188.860000
30288.824000
30388.787000
30438.769000
30538.732000
30638.695000
30738.658000
30788.641000
30888.603000
30988.565000
31038.547000
31138.512000
31238.475000
31288.455000
31388.418000
31488.381000
31588.344000
31638.326000
31738.288000
31838.252000
31938.215000
31988.196000
32088.160000
32188.123000
32238.106000
32338.069000
32438.031000
32488.012000
32587.975000
32687.940000
32787.904000
32837.883000
32937.846000
33037.809000
33087.790000
33187.754000
33287.717000
33337.700000
33437.662000
33537.625000
33587.606000
33687.569000
33787.535000
33887.498000
33937.477000
34037.440000
34137.403000
34187.384000
34287.349000
34387.311000
34437.294000
34537.257000
34637.218000
34687.200000
34787.165000
34887.128000
34937.108000
35037.071000
35137.034000
35236.997000
35286.979000
35386.942000
35486.905000
35586.868000
35686.831000
35736.812000
35836.776000
35936.739000
36036.702000
36086.684000
36186.646000
36286.610000
36386.572000
36486.536000
36586.499000
36686.462000
36786.425000
36886.389000
36986.354000
37036.333000
37136.296000
37236.259000
37336.222000
37436.187000
37536.151000
37636.112000
37686.093000
37786.056000
37886.019000
37985.984000
38085.948000
38185.909000
38285.871000
38385.834000
38485.798000
38585.761000
38635.744000
38735.706000
38835.669000
38935.632000
39035.595000
39135.558000
39185.541000
39285.504000
39385.465000
39435.447000
39535.413000
39635.375000
39735.339000
39785.318000
39885.281000
39985.244000
40085.210000
40185.173000
40285.135000
40335.115000
40435.078000
40535.041000
40585.022000
40684.985000
40784.949000
40884.912000
40934.893000
41034.857000
41134.820000
41234.783000
41284.767000
41384.728000
41484.691000
41584.654000
41634.635000
41734.600000
41834.564000
41934.525000
42034.487000
42084.469000
42184.433000
42284.395000
42384.361000
42434.339000
42534.303000
42634.266000
42734.231000
42784.211000
42884.174000
42984.137000
43034.119000
43134.081000
43234.044000
43334.007000
43383.991000
43483.953000
43583.915000
43683.878000
43733.860000
43833.825000
43933.787000
44033.750000
44133.712000
44233.675000
44283.658000
44383.622000
44483.585000
44583.547000
44633.528000
44733.490000
44833.454000
44933.419000
44983.398000
45083.361000
45183.324000
45283.287000
45383.252000
45433.232000
45533.195000
45633.159000
45733.122000
45783.103000
45883.066000
45983.029000
46082.992000
46132.974000
46232.937000
46332.900000
46432.863000
46482.846000
46582.809000
46682.771000
46782.734000
46832.715000
46932.678000
47032.644000
47132.606000
47182.586000
47282.549000
47382.512000
47482.477000
47582.440000
47632.420000
47732.383000
47832.347000
47932.309000
47982.291000
48082.254000
48182.217000
48282.180000
48382.143000
48432.124000
48532.088000
48632.051000
48732.014000
48781.997000
48881.959000
48981.922000
49081.884000
49181.848000
49281.811000
49331.793000
49431.755000
49531.719000
49631.681000
49731.644000
49831.608000
49931.571000
50031.534000
50081.515000
50181.478000
50281.442000
50381.405000
50481.368000
50581.331000
50631.312000
50731.275000
50831.238000
50931.201000
51031.165000
51131.127000
51231.090000
51331.056000
51431.018000
51530.981000
51630.943000
51730.906000
51830.869000
51930.832000
51980.815000
52080.777000
52180.741000
52280.703000
52380.666000
52430.649000
52530.612000
52630.575000
52730.537000
52780.518000
52880.483000
52980.447000
53080.409000
53180.371000
53230.352000
53380.297000
53430.280000
53530.245000
53630.206000
53730.168000
53780.149000
53880.112000
53980.077000
54080.041000
54180.002000
54279.965000
54329.946000
54429.911000
54529.875000
54629.837000
54679.817000
54779.780000
54879.743000
54979.708000
55029.688000
55129.650000
55229.614000
55329.577000
55379.558000
55479.521000
55579.485000
55679.447000
55779.411000
55829.393000
55929.355000
56029.318000
56129.281000
56179.262000
56279.226000
56379.189000
56479.152000
56529.133000
56629.098000
56729.062000
56829.024000
56879.004000
56978.967000
57078.930000
57178.895000
57228.875000
57328.838000
57428.801000
57528.764000
57578.746000
57678.709000
59178.155000
59228.136000
59278.119000
59328.100000
59378.083000
59428.062000
59478.046000
59528.025000
59578.008000
59627.989000
59677.970000
59727.952000
59777.933000
59827.915000
61177.417000
61327.361000
61427.324000
61477.307000
61577.272000
61677.233000
61777.195000
61877.158000
61977.121000
62077.084000
62177.047000
62277.010000
62376.973000
62426.955000
62526.918000
62626.880000
62726.844000
62826.807000
62926.770000
63026.734000
63076.714000
63176.677000
63276.641000
63376.604000
63476.567000
63576.530000
63676.495000
63726.475000
63826.437000
63926.400000
64026.364000
64126.328000
64226.292000
64326.255000
64426.216000
64476.197000
64576.164000
64676.126000
64776.089000
64826.068000
64926.031000
65025.994000
65125.957000
65225.923000
65275.902000
65375.865000
65475.828000
65575.791000
65625.772000
65725.736000
65825.699000
65925.662000
66025.625000
66075.606000
66175.570000
66275.533000
66375.496000
66425.479000
66525.442000
66625.403000
66725.366000
66775.348000
66875.312000
66975.276000
67075.238000
67125.219000
67225.182000
67325.145000
67425.110000
67475.089000
67575.052000
67675.015000
67774.979000
67824.960000
67924.923000
68024.886000
68124.849000
68174.833000
68274.794000
68374.757000
68474.720000
68524.704000
68624.668000
68724.629000
68774.609000
68874.572000
68974.535000
69074.501000
69124.480000
69224.443000
69324.406000
69424.369000
69524.333000
69574.313000
69674.277000
69774.240000
69824.221000
69974.166000
70024.148000
70124.111000
70224.074000
70324.037000
70374.018000
70473.981000
70573.944000
70673.907000
70723.891000
70823.855000
70923.815000
71023.778000
71073.759000
71173.726000
71273.688000
71373.650000
71423.630000
71523.595000
71623.557000
71723.521000
71773.501000
71873.464000
71973.427000
72073.390000
72123.372000
72223.334000
72323.298000
72423.261000
72473.243000
72573.205000
72673.169000
72773.131000
72823.114000
72923.078000
73023.040000
73123.002000
73172.984000
73272.953000
73372.912000
73472.875000
73522.855000
73622.817000
73722.781000
73822.744000
73872.725000
73972.688000
74072.651000
74172.614000
74222.596000
74322.559000
74422.522000
74522.485000
74622.448000
74722.411000
74822.374000
74872.356000
75022.302000
75072.282000
75172.245000
75272.208000
75372.171000
75472.134000
75572.099000
75672.062000
75772.024000
75871.986000
75971.949000
76021.933000
76121.896000
76221.860000
76321.821000
76421.783000
76521.746000
76621.709000
76671.693000
76771.656000
76871.620000
76971.580000
77071.543000
77171.506000
77221.489000
77321.452000
77421.414000
77521.377000
77571.358000
77671.323000
77771.287000
77871.249000
77921.229000
78021.192000
78121.155000
78221.120000
78271.100000
78371.062000
78471.026000
78570.989000
78620.970000
78720.933000
78820.896000
78920.859000
79020.822000
79070.804000
79170.767000
79270.730000
79370.693000
79420.677000
79520.639000
79620.601000
79720.564000
79770.545000
79870.510000
80920.120000
81070.067000
81120.046000
81220.009000
81319.973000
81419.936000
81469.917000
81569.880000
81669.843000
81769.806000
81819.788000
81919.751000
82019.714000
82069.697000
82169.661000
82269.623000
82369.585000
82419.566000
82519.530000
82619.494000
82719.458000
82769.437000
82869.401000
82969.363000
83019.345000
83119.307000
83219.271000
83319.233000
83369.216000
83469.178000
83569.141000
83669.104000
83719.086000
83819.049000
83919.012000
84018.975000
84068.957000
84168.920000
84268.885000
84368.848000
84418.827000
84518.791000
84618.753000
84718.716000
84768.698000
84868.661000
84968.624000
85068.587000
85118.568000
85218.532000
85318.495000
85418.458000
85468.441000
85568.404000
85668.365000
85718.346000
85818.310000
85918.275000
86018.238000
86068.217000
86168.180000
86268.144000
86368.107000
86418.088000
86518.055000
86618.014000
86667.996000
86767.959000
86867.922000
86967.885000
87017.868000
87117.831000
87217.793000
87317.756000
87417.719000
87467.700000
87567.665000
87667.628000
87767.591000
87867.552000
87967.515000
88067.478000
88117.462000
88217.425000
88317.387000
88417.349000
88517.312000
88617.275000
88717.238000
88817.201000
88867.183000
88967.145000
89067.109000
89167.072000
89267.035000
89366.998000
89466.961000
89516.943000
89616.905000
89716.868000
89816.831000
89916.795000
89966.777000
90116.721000
90166.702000
90266.666000
90366.628000
90466.591000
90566.554000
90616.536000
90716.501000
90816.462000
90916.425000
90966.408000
91066.371000
91166.332000
91216.314000
91316.279000
91416.242000
91516.205000
91566.185000
91666.148000
91766.111000
91866.074000
91916.055000
92016.019000
92115.982000
92215.944000
92315.908000
92365.889000
92465.853000
92565.815000
92665.778000
92715.760000
92815.723000
92915.686000
93015.649000
93065.633000
93165.595000
93265.558000
93365.519000
93415.501000
93515.465000
93615.430000
93715.392000
93815.354000
93865.334000
93965.298000
94065.261000
94165.226000
94215.205000
94315.168000
94415.132000
94515.095000
94615.057000
94665.039000
94765.002000
94864.965000
94964.928000
95014.910000
95114.873000
95214.836000
95314.800000
95414.762000
95514.725000
95564.707000
95664.670000
95764.633000
95864.595000
95914.579000
96014.541000
96114.503000
96214.466000
96264.448000
96364.412000
96464.376000
96564.338000
96614.318000
96714.281000
96814.244000
96914.211000
97014.173000
97114.134000
97164.115000
97264.079000
97364.041000
97464.004000
97513.986000
97613.948000
97713.911000
97813.875000
97863.856000
97963.820000
98063.782000
98163.745000
98213.728000
98313.690000
98413.653000
98513.616000
98563.599000
98663.563000
98763.525000
98863.486000
98963.449000
99013.431000
99113.397000
99213.360000
99263.339000
99363.301000
99463.265000
99563.228000
99663.192000
99713.172000
99813.135000
99913.098000
100013.061000
100063.043000
100163.006000
100262.969000
100362.932000
100462.895000
100562.858000
100662.821000
100762.786000
100862.749000
100962.711000
101062.673000
101112.655000
101212.618000
101312.582000
101412.546000
101512.508000
101612.470000
101712.433000
101812.396000
101912.359000
101962.343000
102062.305000
102162.267000
102262.231000
102362.193000
102462.155000
102562.119000
102662.082000
102762.045000
102812.026000
102911.989000
103011.954000
103111.916000
103211.878000
103261.861000
103361.823000
103461.786000
103561.749000
103611.733000
103711.695000
103811.657000
103911.620000
103961.601000
104061.566000
104161.530000
104261.492000
104311.472000
104411.435000
104511.401000
104611.362000
104711.326000
104761.306000
104861.268000
104961.232000
105061.194000
105111.176000
107260.381000
107360.346000
107460.309000
107510.289000
107610.252000
107710.215000
107760.196000
107860.159000
107960.122000
108060.085000
108110.068000
108210.030000
108309.993000
108409.956000
108459.937000
108559.903000
108659.865000
108759.827000
108809.808000
108909.771000
109009.736000
109109.700000
109209.663000
109259.642000
109359.605000
109459.568000
109559.531000
109659.496000
109709.475000
109809.439000
109909.401000
110009.364000
110059.346000
110159.309000
110259.272000
110359.235000
110459.198000
110559.161000
110659.124000
110709.106000
110809.069000
110909.032000
111008.995000
111108.958000
111158.939000
111258.902000
111358.866000
111458.828000
111508.810000
111608.773000
111708.736000
111808.699000
111858.682000
111958.646000
112058.608000
112158.570000
112208.551000
112308.514000
112408.480000
112508.443000
112558.422000
112658.385000
112758.348000
112858.311000
112908.292000
113008.256000
113108.218000
113208.181000
113308.146000
113408.108000
113508.073000
113608.036000
113658.015000
113757.979000
113857.941000
113957.904000
114057.869000
114157.832000
114257.795000
114307.775000
114407.738000
114507.701000
114607.666000
114707.629000
114807.591000
114907.553000
114957.534000
115057.497000
115157.462000
115707.258000
115857.202000
115957.165000
116057.128000
116157.091000
116207.072000
116307.035000
116406.998000
116506.961000
116556.943000
116656.906000
116756.869000
116856.832000
116906.815000
117006.778000
117106.740000
117206.702000
117256.684000
117356.647000
117456.612000
117556.575000
117606.554000
117706.518000
117806.480000
117906.445000
117956.425000
118056.388000
118156.351000
118206.333000
118306.296000
118406.259000
118506.222000
118556.205000
118656.168000
118756.131000
118856.093000
118906.074000
119006.038000
119106.002000
119205.965000
119255.944000
119355.908000
119455.870000
119555.833000
119605.815000
119705.779000
119805.741000
119905.704000
119955.685000
120055.649000
120155.612000
120205.595000
120355.538000
120405.521000
120505.482000
120605.445000
120705.408000
120755.393000
120855.356000
120955.317000
121055.279000
121105.260000
121205.226000
121305.189000
121405.152000
121455.131000
121555.095000
121655.057000
121705.039000
121805.002000
121904.965000
122004.928000
122054.911000
122154.873000
122254.835000
122354.798000
122404.781000
122504.745000
122604.708000
122704.669000
122754.651000
122854.614000
122954.578000
123054.542000
123104.521000
123204.484000
123304.447000
123354.429000
123454.391000
123554.354000
123654.318000
123704.301000
123804.264000
123904.226000
123954.206000
124054.169000
124154.135000
124254.098000
124354.060000
124404.040000
124504.007000
124603.968000
124653.948000
124753.911000
124853.874000
124953.837000
125003.819000
125103.781000
125203.744000
125303.707000
125403.670000
125453.652000
125553.615000
125653.579000
125753.541000
125853.504000
125953.467000
126003.449000
126103.411000
126203.375000
126303.338000
126403.300000
126503.264000
126553.246000
126653.208000
126753.172000
126853.134000
126953.097000
127053.060000
127103.043000
127203.005000
127302.968000
127402.931000
127502.894000
127602.857000
127702.820000
127802.783000
127852.764000
127952.727000
128052.691000
128152.653000
128252.617000
128352.580000
128402.561000
128502.524000
128602.487000
128702.450000
128802.413000
128852.395000
128952.357000
129052.320000
129102.304000
129202.267000
129302.230000
129402.192000
129452.172000
129552.136000
129652.100000
129752.064000
129802.043000
129902.006000
130001.969000
130101.932000
130151.914000
130251.877000
130351.840000
130451.803000
130501.785000
130601.747000
130701.710000
130801.673000
130851.657000
130951.620000
131051.582000
131151.544000
131201.525000
131301.488000
131401.454000
131501.416000
131551.396000
131651.359000
131751.323000
131851.285000
131901.266000
132001.230000
132101.193000
132201.156000
132251.137000
132351.100000
132451.063000
132551.026000
132601.009000
132700.972000
132800.934000
132900.896000
132950.878000
134250.400000
134300.379000
134350.362000
134400.342000
134450.324000
134500.305000
134550.287000
134600.268000
134650.249000
134700.231000
134750.212000
134800.196000
134850.175000
134900.159000
134950.138000
135000.121000
135050.101000
135100.083000
135150.064000
135200.046000
135250.028000
135300.009000
135349.993000
135399.972000
135449.956000
135499.935000
135549.917000
135599.898000
135649.880000
135699.861000
135749.843000
135799.824000
135849.806000
135949.768000
135999.752000
136099.714000
136199.676000
136299.639000
136349.621000
136449.587000
136549.549000
136599.528000
136699.491000
136799.454000
136899.417000
136949.399000
137049.362000
137149.325000
137249.288000
137299.271000
137399.234000
137499.195000
137549.177000
137649.142000
137749.106000
137849.067000
137899.047000
137999.010000
138098.974000
138198.939000
138248.918000
138348.881000
138448.844000
138548.807000
138598.788000
138698.751000
138798.715000
138898.678000
138998.641000
139098.604000
139148.585000
139248.548000
139348.511000
139448.474000
139548.437000
139648.400000
139748.364000
139798.344000
139898.307000
139998.271000
140098.234000
140198.197000
140298.159000
140398.125000
140498.088000
140598.050000
140698.012000
140747.993000
140847.956000
140947.921000
141047.885000
141147.846000
141247.809000
141347.771000
141397.752000
141497.718000
141597.681000
141697.643000
141747.623000
141847.586000
141947.549000
142047.514000
142097.494000
142197.458000
142297.420000
142347.402000
142447.364000
142547.327000
142647.290000
142697.273000
142797.236000
142897.198000
142997.161000
143047.142000
143147.105000
143247.070000
143347.033000
143397.013000
143496.978000
143596.939000
143646.920000
143746.883000
143846.846000
143946.809000
143996.792000
144096.754000
144196.717000
144296.680000
144346.663000
144446.627000
144546.589000
144646.550000
144696.532000
144796.495000
144896.459000
144946.439000
145046.402000
145146.365000
145246.328000
145296.310000
145396.273000
145496.236000
145596.199000
145696.162000
145746.144000
145846.106000
145946.070000
146046.033000
146096.017000
146195.979000
146295.941000
146345.921000
146445.884000
146545.848000
146645.813000
146695.792000
146795.755000
146895.718000
146995.681000
147045.662000
147145.625000
147245.588000
147345.551000
147395.534000
147495.497000
147595.459000
147695.422000
147745.406000
147845.369000
147945.330000
147995.311000
148095.274000
148195.237000
148295.201000
148345.181000
148445.144000
148545.107000
148645.071000
148695.052000
148795.015000
148894.978000
148994.941000
149044.924000
149144.886000
149244.849000
149344.812000
149394.795000
149494.759000
149594.721000
149644.700000
149744.663000
149844.627000
149944.590000
150044.555000
150094.534000
150194.497000
150294.460000
150394.423000
152493.646000
152593.609000
152693.572000
152793.535000
152893.498000
152993.463000
153093.424000
153193.387000
153293.350000
153343.331000
153443.297000
153543.259000
153643.221000
153743.184000
153843.147000
153943.110000
154043.073000
154093.056000
154193.019000
154292.980000
154392.943000
154442.925000
154542.889000
154642.853000
154742.815000
154792.795000
154892.758000
154992.722000
155092.685000
155142.666000
155242.629000
155342.592000
155442.555000
155542.518000
155592.499000
155692.462000
155792.425000
155842.408000
155942.370000
156042.333000
156142.296000
156242.259000
156292.242000
156392.206000
156492.167000
156542.148000
156642.111000
156742.076000
156842.039000
156892.018000
156991.982000
157091.945000
157191.907000
157241.889000
157341.852000
157441.815000
157491.799000
157591.760000
157691.723000
157791.685000
157841.667000
157941.632000
158041.595000
158141.557000
158191.537000
158291.500000
158391.463000
158491.428000
158541.408000
158641.371000
158741.334000
158791.316000
158891.278000
158991.242000
159091.204000
159191.167000
159241.151000
159341.113000
159441.075000
159541.038000
159591.019000
159690.985000
159790.948000
159890.909000
159940.890000
160040.853000
160140.816000
160240.781000
160290.761000
160390.723000
160490.688000
160590.649000
160690.612000
160740.594000
160840.557000
160940.520000
160990.503000
161090.465000
161190.427000
161290.390000
161340.373000
161440.337000
161540.299000
161640.262000
161740.224000
161790.205000
161890.171000
161990.133000
162040.113000
162140.076000
162240.039000
162340.002000
162389.983000
162489.947000
162589.910000
162689.872000
162739.855000
162839.817000
162939.781000
163039.743000
163089.727000
163189.690000
163289.652000
163389.614000
163439.595000
163539.558000
163639.523000
163739.486000
163789.465000
163889.428000
163989.392000
164089.355000
164139.336000
164239.299000
164339.262000
164439.225000
164539.188000
164639.151000
164739.115000
164839.080000
164889.059000
164989.022000
165088.984000
165188.947000
165288.913000
165388.876000
165488.839000
165588.801000
165688.763000
165788.726000
165888.689000
165938.672000
166038.635000
166138.597000
166238.560000
166338.522000
166438.485000
166538.448000
166638.411000
166738.374000
166838.337000
166888.318000
166988.282000
167088.245000
167188.207000
167238.191000
167338.152000
167438.115000
167488.097000
167588.060000
167688.025000
167787.987000
167887.949000
167937.930000
168037.893000
168137.857000
168237.821000
168287.800000
168387.763000
168487.727000
168587.689000
168637.671000
168737.634000
168837.597000
168937.560000
168987.542000
169087.504000
169187.467000
169287.430000
169337.413000
169437.376000
169537.339000
169637.301000
169687.282000
169787.245000
169887.210000
169987.174000
170037.153000
170137.116000
170237.079000
170337.042000
170387.023000
170486.986000
170586.950000
170686.912000
170786.875000
170836.857000
170936.820000
171036.783000
171136.746000
171186.729000
171286.691000
171386.654000
171486.616000
171536.598000
171636.563000
171736.526000
171836.488000
171886.468000
171986.431000
172086.394000
172186.359000
172236.339000
172336.302000
172436.265000
172536.228000
172586.209000
172686.172000
172786.135000
172836.119000
172936.081000
173036.043000
173136.006000
173185.987000
173285.950000
173385.915000
173485.878000
173535.857000
173635.820000
173735.783000
173835.747000
173885.728000
173985.692000
174085.654000
174185.617000
174235.599000
174335.562000
174435.524000
174485.508000
174585.471000
174685.433000
174785.395000
174835.376000
174935.340000
175035.303000
175135.267000
175185.247000
175285.210000
175385.173000
175485.136000
175585.100000
175635.080000
175735.044000
175835.007000
175934.969000
175984.951000
176084.914000
176184.877000
176284.840000
176334.823000
176434.786000
176534.747000
176634.710000
176684.692000
176784.656000
176884.620000
176984.582000
177084.544000
177134.525000
177234.488000
177334.454000
177434.416000
177534.378000
177634.341000
177734.303000
177784.285000
177884.249000
177984.213000
178084.176000
178184.137000
178284.100000
178384.063000
178434.044000
178534.010000
178633.972000
178733.934000
178833.896000
178933.859000
178983.843000
179083.805000
179183.769000
179283.732000
179383.693000
179483.656000
179583.619000
179683.582000
179733.566000
179833.528000
179933.489000
180033.452000
180133.415000
180183.398000
180283.361000
180383.324000
180483.286000
180583.248000
180633.230000
180733.193000
180833.156000
180933.119000
181033.083000
181133.045000
181233.008000
181332.971000
181432.934000
181532.897000
181582.879000
181682.842000
181782.804000
181882.767000
181932.750000
182032.714000
182132.676000
182182.656000
182282.619000
182382.583000
182482.546000
182532.526000
182632.490000
182732.453000
182832.416000
182882.397000
182982.360000
183082.323000
183182.286000
183232.269000
183332.231000
183432.193000
183532.156000
183582.138000
183682.104000
183782.066000
183882.028000
183932.008000
184031.972000
184131.934000
184231.900000
184281.879000
184381.842000
184481.805000
184531.787000
184631.750000
184731.713000
184831.675000
184881.659000
184981.622000
185081.583000
185181.546000
185231.527000
185331.492000
185431.455000
185531.418000
187680.621000
187830.567000
187930.530000
188030.491000
188130.454000
188180.435000
188280.401000
188380.364000
188480.326000
188530.306000
188630.269000
188730.232000
188830.196000
188930.160000
188980.139000
189080.103000
189180.065000
189280.028000
189330.010000
189429.973000
189529.936000
189629.899000
189679.881000
189779.843000
189879.806000
189979.770000
190079.732000
190179.695000
190279.658000
190329.640000
190429.603000
190529.565000
190629.528000
190729.492000
190829.455000
190929.418000
191029.381000
191129.346000
191229.308000
191279.288000
191379.251000
191479.214000
191579.177000
191679.141000
191779.105000
191879.068000
191929.047000
192029.010000
192128.973000
192228.939000
192328.902000
192428.864000
192478.844000
192578.807000
192678.770000
192778.733000
192828.715000
192928.677000
193028.640000
193078.623000
193178.585000
193278.548000
193378.511000
193428.494000
193528.458000
193628.420000
193728.383000
193778.363000
193878.326000
193978.291000
194028.270000
194128.233000
194228.196000
194328.159000
194378.141000
194478.104000
194578.067000
194678.030000
194728.011000
194827.974000
194927.937000
194977.919000
195077.881000
195177.846000
195277.810000
195327.789000
195427.752000
195527.715000
195627.678000
195727.643000
195777.622000
195877.586000
195977.549000
196077.512000
196127.493000
196227.456000
196327.419000
196377.402000
196477.365000
196577.327000
196677.289000
196777.252000
196877.215000
196927.199000
197027.162000
197127.123000
197177.104000
197277.067000
197377.030000
197476.995000
197526.974000
197626.937000
197726.901000
197826.864000
197876.845000
197976.808000
198076.771000
198176.734000
198276.697000
198326.679000
198426.642000
198526.604000
198576.588000
198676.551000
198776.514000
198876.476000
198926.456000
199026.419000
199126.382000
199226.348000
199276.327000
199376.290000
199476.253000
199526.235000
199626.197000
199726.160000
199826.123000
199876.107000
199976.069000
200076.031000
200175.994000
200225.976000
200325.940000
200425.903000
200525.866000
200575.845000
200675.809000
200775.772000
200875.736000
200925.716000
201025.679000
201125.642000
201225.605000
201275.587000
201375.549000
201475.513000
201575.475000
201625.459000
201725.421000
201825.383000
201925.346000
201975.328000
202075.292000
202175.255000
202275.217000
202325.198000
202425.161000
202525.124000
202625.088000
202725.052000
202825.014000
202874.995000
202974.958000
203074.920000
203174.883000
203274.848000
203374.811000
203474.773000
203524.754000
203624.717000
203724.680000
203824.644000
203924.608000
204024.570000
204074.550000
204174.513000
204274.476000
204374.440000
204474.404000
204574.366000
204674.328000
204774.291000
204824.272000
204924.235000
205024.200000
205124.164000
205224.125000
205274.106000
205374.069000
205474.034000
205573.997000
205673.960000
205773.922000
205823.902000
205923.865000
206023.828000
206123.793000
206173.773000
206273.737000
206373.698000
206423.681000
206523.643000
206623.606000
206723.569000
206773.553000
206873.515000
206973.478000
207073.440000
207123.421000
207223.384000
207323.349000
207423.312000
207473.291000
207573.254000
207673.217000
207723.199000
207823.162000
207923.125000
208023.088000
208073.070000
208173.033000
208272.995000
208372.958000
208422.939000
208522.903000
208622.865000
208672.847000
208772.810000
208872.773000
208972.738000
209072.701000
209122.680000
209222.645000
209322.606000
209372.588000
209472.551000
209572.514000
209672.477000
209722.460000
209822.422000
209922.385000
210022.347000
210072.329000
210172.294000
210272.257000
210372.219000
210422.199000
210522.162000
210622.125000
210722.091000
210822.054000
210872.032000
210971.996000
211071.959000
211171.922000
211221.903000
211321.867000
211421.829000
211521.792000
211571.774000
211671.737000
211771.700000
211821.681000
211921.645000
212021.610000
212121.571000
212221.533000
212271.514000
212371.478000
212471.441000
212521.422000
212621.385000
212721.348000
212821.311000
212921.274000
212971.256000
213071.218000
213171.181000
213271.144000
213321.126000
213421.089000
213521.052000
213621.014000
213670.997000
213770.962000
213870.923000
213970.885000
214020.866000
214120.829000
214220.795000
214320.757000
214370.737000
214470.700000
214570.663000
214670.626000
214720.608000
214820.570000
214920.533000
215020.496000
215120.459000
215220.422000
215270.404000
215370.367000
215470.330000
215570.292000
215720.237000
215770.218000
215870.181000
215970.147000
216070.109000
216170.072000
216270.034000
216369.996000
216469.959000
216519.942000
216619.906000
216719.869000
216819.831000
216919.793000
217019.756000
217069.737000
217169.702000
217269.665000
217369.627000
217469.589000
217569.552000
217669.515000
217769.478000
217819.462000
217919.423000
218019.386000
218119.349000
218219.312000
218269.294000
218369.258000
218469.221000
218569.183000
218619.163000
218719.130000
218819.091000
218869.071000
218969.034000
219068.997000
219168.960000
219218.941000
219318.904000
219418.867000
219518.830000
219568.814000
219668.776000
219768.738000
219868.700000
219968.664000
220018.646000
220118.610000
220218.573000
220318.535000
220368.515000
220468.480000
220568.443000
220668.407000
223367.405000
223517.351000
223567.330000
223667.294000
223767.257000
223817.238000
223917.201000
224017.164000
224117.128000
224167.111000
224267.073000
224367.035000
224466.998000
224516.979000
224616.942000
224716.907000
224816.870000
224866.849000
224966.813000
225066.775000
225116.757000
225216.720000
225316.683000
225416.646000
225516.609000
225566.593000
225666.553000
225766.516000
225866.479000
225916.463000
226016.425000
226116.387000
226216.350000
226266.331000
226366.294000
226466.259000
226566.222000
226616.201000
226716.165000
226816.127000
226916.090000
226966.072000
227066.035000
227165.998000
227265.961000
227365.924000
227415.905000
227515.868000
227615.831000
227715.794000
227815.757000
227915.727000
227965.702000
228065.665000
228165.628000
228265.591000
228315.574000
228465.517000
228515.498000
228615.461000
228715.425000
228815.387000
228915.350000
229015.313000
229115.276000
229165.257000
229265.220000
229365.183000
229465.147000
229565.109000
229665.072000
229765.035000
229815.017000
229914.980000
230014.943000
230114.906000
230214.869000
230314.832000
230364.813000
230464.776000
230564.739000
230664.702000
230764.665000
230864.628000
230964.591000
231064.555000
231114.535000
231214.499000
231314.461000
231414.425000
231464.406000
231564.369000
231664.332000
231764.295000
231814.278000
231914.240000
232014.202000
232114.165000
232164.147000
232264.112000
232364.074000
232464.036000
232514.017000
232613.980000
232713.943000
232813.908000
232863.887000
232963.851000
233063.813000
233163.776000
233213.758000
233313.721000
233413.684000
233513.647000
233613.610000
233663.593000
233763.556000
233863.517000
233963.480000
234013.464000
234113.428000
234213.389000
234313.351000
234363.332000
234463.298000
234563.260000
234663.224000
234713.202000
234813.165000
234913.128000
235013.091000
235063.074000
235163.036000
235262.999000
235362.962000
235412.944000
235512.906000
235612.869000
235712.832000
235812.795000
235862.779000
235962.741000
236062.703000
236162.666000
236212.647000
236312.610000
236412.574000
236512.537000
236562.517000
236662.480000
236762.444000
236862.408000
236962.372000
237012.351000
237112.314000
237212.277000
237312.240000
237362.221000
237462.185000
237562.147000
237662.110000
237712.093000
237812.056000
237912.018000
238011.981000
238061.964000
238161.927000
238261.889000
238361.851000
238411.833000
238511.796000
238611.760000
238661.740000
238761.703000
238861.666000
238961.629000
239011.610000
239111.574000
239211.536000
239261.520000
239361.482000
239461.445000
239561.407000
239611.388000
239711.353000
239811.316000
239911.279000
239961.259000
240061.222000
240161.185000
240211.166000
240311.129000
240411.092000
240511.055000
240611.018000
240661.000000
240760.962000
240860.926000
240960.889000
241060.851000
241110.834000
241210.797000
241310.759000
241410.722000
241510.685000
241610.648000
241710.611000
241810.574000
241910.537000
241960.519000
242060.481000
242160.445000
242260.407000
242360.370000
242460.333000
242510.315000
242610.277000
242710.240000
242810.204000
242910.166000
242960.149000
243060.111000
243160.074000
243260.037000
243360.000000
243459.963000
243509.945000
243609.907000
243709.872000
243809.833000
243859.816000
243959.780000
244059.742000
244159.704000
244209.685000
244309.648000
244409.613000
244509.576000
244559.555000
244659.519000
244759.481000
244859.444000
244909.426000
245009.389000
245109.352000
245209.315000
245259.297000
245359.260000
245459.222000
245559.185000
245609.168000
245709.132000
247208.574000
247308.537000
247408.500000
247508.463000
247608.426000
247658.408000
247758.371000
247858.334000
247958.297000
248008.280000
248108.244000
248208.205000
248308.167000
248358.148000
248458.115000
248558.077000
248608.056000
248708.019000
248807.982000
248907.945000
249007.908000
249057.889000
249157.853000
249257.815000
249357.778000
249407.761000
249507.723000
249607.685000
249707.649000
249757.632000
249857.593000
249957.556000
250057.519000
250107.500000
250207.466000
250307.428000
250407.391000
250457.371000
250557.333000
250657.297000
250757.260000
250857.224000
250907.204000
251007.167000
251107.130000
251207.093000
251257.074000
251357.038000
251457.001000
251556.963000
251606.946000
251706.909000
251806.871000
251906.834000
251956.817000
252056.780000
252156.743000
252256.705000
252306.685000
252406.649000
252506.612000
252556.593000
252656.556000
252756.519000
252856.482000
252906.463000
253006.426000
253106.389000
253206.353000
253256.336000
253356.298000
253456.261000
253556.223000
253606.204000
253706.168000
253806.132000
253906.095000
254006.057000
254106.019000
254156.000000
254255.963000
254355.929000
254455.892000
254555.853000
254655.818000
254755.778000
254855.741000
254955.705000
255055.667000
255105.650000
255205.613000
255305.575000
255405.538000
255505.501000
255555.484000
255655.447000
255755.409000
255855.371000
255955.334000
256055.298000
256155.260000
256255.223000
256355.186000
256405.168000
256505.130000
256605.093000
256705.056000
256755.040000
256855.004000
256954.965000
257054.927000
257104.908000
257204.873000
257304.836000
257354.815000
257454.779000
257554.742000
257654.704000
257704.686000
257804.649000
257904.612000
258004.575000
258054.557000
258154.521000
258254.483000
258354.446000
258404.428000
258504.392000
258604.355000
258704.316000
258754.297000
258854.261000
258954.223000
259054.188000
259104.167000
259204.131000
259304.094000
259354.075000
259454.038000
259554.001000
259653.964000
259703.948000
259803.909000
259903.872000
260003.834000
260053.816000
260153.781000
260253.744000
260353.706000
260403.686000
260503.649000
260603.613000
260703.575000
260753.556000
260853.519000
260953.483000
261053.445000
261153.408000
261203.391000
261303.353000
261403.316000
261503.279000
261553.262000
261653.224000
261753.187000
261853.149000
261903.132000
262003.096000
262103.059000
262203.021000
262253.001000
262352.965000
262452.927000
262502.908000
262602.871000
262702.835000
262802.798000
262902.761000
262952.742000
263052.705000
263152.668000
263252.631000
263302.613000
263402.576000
263502.538000
263602.501000
263652.485000
263752.447000
263852.408000
263952.371000
264002.353000
264102.316000
264202.279000
264302.244000
264352.223000
264452.186000
264552.149000
264652.112000
264702.094000
264802.057000
264902.020000
265001.983000
265051.965000
265151.928000
265251.890000
265351.853000
265401.836000
265501.799000
265601.762000
265701.724000
265751.705000
265851.668000
265951.631000
266051.596000
266151.559000
266251.521000
266301.501000
266401.464000
266501.427000
266601.391000
266701.355000
266751.334000
266851.297000
266951.262000
267051.224000
267151.186000
267251.151000
267351.114000
267451.076000
267551.038000
267651.001000
267700.984000
267800.947000
267900.911000
268000.873000
268100.835000
268200.798000
268300.761000
268400.724000
268500.687000
268600.650000
268700.612000
268800.575000
268900.541000
268950.520000
269050.482000
269150.445000
269250.408000
269350.371000
269450.335000
269550.299000
269650.262000
269750.225000
269800.205000
269900.168000
270000.131000
270100.095000
270150.075000
270250.038000
270350.001000
270449.964000
270549.927000
270599.909000
270699.872000
270799.834000
270899.798000
270999.760000
271049.742000
271149.705000
271249.668000
271349.631000
271399.614000
271499.577000
271599.539000
271699.501000
271749.483000
271849.446000
271949.411000
272049.374000
272099.353000
272199.316000
272299.279000
272399.242000
272449.224000
272549.186000
272649.150000
272749.113000
272799.094000
272899.057000
272999.020000
273098.983000
273148.966000
273248.929000
273348.891000
273448.853000
273498.835000
273598.797000
273698.763000
273798.725000
273848.705000
273948.668000
274048.631000
274148.594000
274198.576000
274298.538000
274398.501000
274498.464000
274548.446000
274648.408000
274748.373000
274848.335000
274948.298000
275048.260000
275098.243000
275198.206000
275298.168000
275398.131000
275448.115000
275548.078000
275648.040000
275748.002000
275847.964000
275947.928000
275997.910000
276097.874000
276197.837000
276297.799000
276397.761000
276497.724000
276547.706000
276647.670000
276747.633000
276847.595000
276947.557000
276997.538000
277097.502000
277197.467000
277297.429000
277347.409000
277447.372000
277547.335000
277647.298000
277747.261000
277797.242000
277897.216000
277997.168000
278047.150000
278147.112000
278247.075000
278347.038000
278397.022000
278496.985000
278596.947000
278696.909000
278746.890000
278846.853000
278946.818000
279046.781000
279096.760000
279196.724000
279296.686000
279396.649000
279496.614000
279596.577000
279696.540000
279746.520000
279846.483000
279946.446000
280046.410000
280146.374000
280246.337000
280346.299000
280446.261000
280546.224000
280646.187000
280746.150000
280846.113000
280946.075000
281046.038000
281146.001000
281245.964000
281345.930000
281395.908000
281495.871000
281595.834000
281695.798000
281795.760000
281895.726000
281995.689000
282095.650000
282145.631000
282245.594000
282345.557000
282445.521000
282495.501000
282595.464000
282695.427000
282795.390000
282845.371000
282945.335000
283045.298000
283145.260000
283245.223000
283295.206000
283395.168000
283495.131000
283545.112000
283645.077000
283745.040000
283845.002000
283944.965000
283994.946000
284094.908000
284194.873000
284294.837000
284344.816000
284444.779000
284544.742000
284644.705000
284694.686000
284794.649000
284894.612000
284944.596000
285044.558000
285144.520000
285244.483000
285294.464000
285394.429000
285494.392000
285594.355000
285644.334000
285744.298000
285844.260000
285894.242000
285994.205000
286094.168000
286194.131000
286244.113000
286344.075000
286444.038000
286544.001000
286593.984000
286693.949000
286793.910000
286843.890000
286943.853000
287043.816000
287143.780000
287193.760000
287293.724000
287393.686000
287493.649000
287543.631000
287643.594000
287743.557000
287793.539000
287893.503000
287993.465000
288093.427000
288143.409000
288243.372000
288343.335000
288443.300000
288493.279000
288593.242000
288693.205000
288743.186000
288843.149000
288943.112000
289043.075000
289093.059000
289193.024000
289292.983000
289342.964000
289442.927000
289542.892000
289642.855000
289692.835000
289792.798000
289892.760000
289942.742000
290042.705000
290142.668000
290242.631000
290292.615000
290392.576000
290492.539000
290592.501000
290642.482000
290742.448000
290842.411000
290942.373000
290992.353000
291092.316000
291192.279000
291292.242000
291342.223000
291442.187000
291542.149000
291592.131000
291692.094000
291792.056000
291892.019000
291942.003000
292041.966000
292141.928000
292241.890000
292341.853000
292391.834000
292491.799000
292591.762000
292691.724000
292791.686000
292891.649000
292941.631000
293041.595000
293141.559000
293241.521000
293341.484000
293441.445000
293541.408000
293591.390000
293691.355000
293791.317000
293891.281000
293991.242000
294091.204000
294191.168000
294241.151000
294341.114000
294441.076000
294541.038000
294641.001000
294690.982000
294790.945000
294890.910000
294990.873000
295040.852000
295140.816000
295240.779000
295340.741000
295390.723000
295490.686000
295590.649000
295690.612000
295740.594000
295840.557000
295940.521000
296040.482000
296090.465000
296190.429000
296290.390000
296390.352000
296440.334000
296540.297000
296640.262000
296740.225000
296790.204000
296890.167000
296990.130000
297090.093000
297140.075000
297240.038000
297340.000000
297439.964000
297489.946000
297589.908000
297689.871000
297789.834000
297839.817000
297939.781000
298039.742000
298139.704000
298189.686000
298289.649000
298389.613000
298439.593000
298539.556000
298639.519000
298739.482000
298789.463000
298889.426000
298989.389000
299089.352000
299139.335000
299239.299000
299339.260000
299389.241000
299489.204000
299589.169000
299689.132000
299789.094000
299839.074000
299939.038000
