99.982000
199.963000
299.946000
399.926000
499.909000
599.890000
699.874000
799.853000
899.837000
999.816000
1099.800000
1199.780000
1299.761000
1399.743000
1499.725000
1599.707000
1699.688000
1799.670000
1899.652000
1999.634000
2099.615000
2199.598000
2299.579000
2399.562000
2499.542000
2599.526000
2699.505000
2799.489000
2899.469000
2999.453000
3099.432000
3199.414000
3299.396000
3399.377000
3499.359000
3599.340000
3699.322000
3799.304000
3899.287000
3999.267000
4099.250000
4199.231000
4299.214000
4399.194000
4499.178000
4599.158000
4699.141000
4799.121000
4899.106000
4999.084000
5099.066000
5199.048000
5299.030000
5399.011000
5498.993000
5598.975000
5698.956000
5798.940000
5898.919000
5998.903000
6098.883000
6198.867000
6298.846000
6398.830000
6498.810000
6598.793000
6698.773000
6798.755000
6898.737000
6998.718000
7098.700000
7198.682000
7298.663000
7398.645000
7498.627000
7598.608000
7698.592000
7798.572000
7898.555000
7998.535000
8098.519000
8198.499000
8298.482000
8398.462000
8498.444000
8598.425000
8698.407000
8798.389000
8898.370000
8998.352000
9098.334000
9198.317000
9298.297000
9398.280000
9498.260000
9598.244000
9798.207000
9898.187000
9998.170000
10098.151000
11097.969000
11197.949000
11297.933000
11397.913000
11497.896000
11597.876000
11897.821000
11997.802000
12097.784000
12197.766000
12297.747000
12397.730000
12497.711000
12597.694000
12697.674000
12797.657000
12897.637000
12997.621000
13097.601000
13197.585000
13297.564000
13397.548000
13497.528000
13597.509000
13697.491000
13797.472000
13897.454000
13997.436000
14097.418000
14197.399000
14297.382000
14397.362000
14497.346000
14597.326000
14697.310000
14797.289000
14897.273000
14997.253000
15097.234000
15197.216000
15297.198000
15397.186000
15497.161000
15597.143000
15697.124000
15797.106000
15897.088000
15997.070000
16097.051000
16197.034000
16297.014000
16396.998000
16496.978000
16596.962000
16696.941000
16796.924000
16896.905000
16996.886000
17096.868000
17196.850000
17296.831000
17396.813000
17496.795000
17596.776000
17696.758000
17796.739000
17896.722000
17996.703000
18096.687000
18196.666000
18296.650000
18396.629000
18496.614000
18596.593000
18696.575000
18796.556000
18896.538000
18996.520000
19096.501000
19196.483000
19296.465000
19396.447000
19496.429000
19596.412000
19696.391000
19796.375000
19896.355000
19996.338000
20096.318000
20196.302000
20296.281000
20396.263000
20496.245000
20596.226000
20696.208000
20796.190000
20896.171000
20996.153000
21096.135000
21196.116000
21296.100000
21396.080000
21496.063000
21596.043000
21696.027000
21796.007000
21895.990000
21995.970000
22095.952000
22195.933000
22295.915000
22395.896000
22495.878000
22595.860000
22695.841000
22795.824000
22895.804000
22995.788000
23095.768000
23195.752000
23295.731000
23395.715000
23495.695000
23595.678000
23695.658000
23795.640000
23895.621000
23995.603000
24095.585000
24195.566000
24295.548000
24395.530000
24495.512000
24595.493000
24695.476000
24795.456000
24895.440000
24995.420000
25095.403000
25195.383000
25295.365000
25395.346000
25495.328000
25595.310000
25695.291000
25795.273000
25895.255000
25995.237000
26095.218000
26195.201000
26295.181000
26395.165000
26495.145000
26595.129000
26695.108000
26795.091000
26895.071000
26995.053000
27095.035000
27195.016000
27294.998000
27394.980000
27494.961000
27594.943000
27694.925000
27794.906000
27894.889000
27994.870000
28094.853000
28194.833000
28294.817000
28394.796000
28494.779000
28594.760000
28694.741000
28794.723000
28894.705000
28994.686000
29094.668000
29194.650000
29294.631000
29394.614000
29494.595000
29594.578000
29694.558000
29794.542000
29894.521000
29994.505000
30094.488000
30194.467000
30294.448000
30394.430000
30494.411000
30594.393000
30694.375000
30794.356000
30894.338000
30994.320000
31094.303000
31194.282000
31294.266000
31394.246000
31494.228000
31594.209000
31694.191000
31794.181000
31894.154000
31994.136000
32094.118000
32194.099000
32294.081000
32394.063000
32494.044000
32594.026000
32694.008000
32793.990000
32893.971000
32993.955000
33093.934000
33193.918000
33293.898000
33393.880000
33493.861000
33593.843000
33693.824000
33793.806000
33893.788000
33993.769000
34093.751000
34193.732000
34293.715000
34393.696000
34493.679000
34593.659000
34693.643000
34793.623000
34893.606000
34993.586000
35093.569000
35193.549000
35293.531000
35393.512000
35493.494000
35593.476000
35693.457000
35793.439000
35893.421000
35993.404000
36093.384000
36193.367000
36293.347000
36393.331000
36493.310000
36593.294000
36693.274000
36793.255000
36893.237000
36993.219000
37093.201000
37193.182000
37293.164000
37393.145000
37493.128000
37593.109000
37693.092000
37793.072000
37893.056000
37993.035000
38093.020000
38192.999000
38292.982000
38392.962000
38492.943000
38592.925000
38692.907000
38792.889000
38892.870000
38992.852000
39092.834000
39192.816000
39292.797000
39392.780000
39492.760000
39592.744000
39692.723000
39792.707000
39892.687000
39992.668000
40092.650000
40192.632000
40292.613000
40392.595000
40492.577000
40592.558000
40692.541000
40792.522000
40892.504000
40992.485000
41092.469000
41192.448000
41292.432000
41392.412000
41492.394000
41592.375000
41692.357000
41792.338000
41892.320000
41992.302000
42092.283000
42192.265000
42292.247000
42392.229000
42492.210000
42592.194000
42692.173000
42792.157000
42892.136000
42992.120000
43092.100000
43192.083000
43292.063000
43392.045000
43492.026000
43592.008000
43691.990000
43791.971000
43891.953000
43991.934000
44091.918000
44191.898000
44291.882000
44391.861000
44491.845000
44591.824000
44691.808000
44791.788000
44891.769000
44991.751000
45091.733000
45191.714000
45291.696000
45391.679000
45491.659000
45591.642000
45691.622000
45791.606000
45891.586000
45991.570000
46091.549000
46191.532000
46291.513000
46391.494000
46491.476000
46591.457000
46691.439000
46791.421000
47091.367000
47191.347000
47291.331000
47391.310000
47491.294000
47591.274000
47691.257000
47791.237000
47891.219000
47991.200000
48091.182000
48191.171000
48291.145000
48391.127000
48491.109000
48591.091000
48691.072000
48791.055000
48891.035000
48991.019000
49090.999000
49190.982000
49290.962000
49390.946000
49490.925000
49590.909000
49690.888000
49790.870000
49890.852000
49990.834000
50090.815000
50190.797000
50290.779000
50390.760000
50490.743000
50590.723000
50690.707000
50790.687000
50890.670000
50990.650000
51090.634000
51190.613000
51290.595000
51390.577000
51490.558000
51590.540000
51690.521000
51790.504000
51890.485000
51990.467000
52090.448000
52190.431000
52290.411000
52390.395000
52490.375000
52590.360000
52690.338000
52790.319000
52890.301000
52990.283000
53090.264000
53190.246000
53290.228000
53390.209000
53490.192000
53590.173000
53690.156000
53790.136000
53890.120000
53990.099000
54090.083000
54190.062000
54290.044000
54390.026000
54490.007000
54589.989000
54689.971000
54789.953000
54889.934000
54989.917000
56889.569000
57089.533000
57189.512000
57289.496000
57389.475000
57489.457000
57589.439000
57689.420000
57789.402000
57889.383000
57989.365000
58089.347000
58189.329000
58289.310000
58389.293000
58489.274000
58589.257000
58689.236000
58789.220000
58889.200000
58989.183000
59089.163000
59189.145000
59289.127000
59389.108000
59489.090000
59589.071000
59689.053000
59789.035000
59889.017000
59988.998000
60088.981000
60188.961000
60288.945000
60388.925000
60488.907000
60588.888000
60688.869000
60788.851000
60888.833000
60988.815000
61088.796000
61188.778000
61288.759000
61388.742000
61488.723000
61588.706000
61688.686000
61788.670000
61888.649000
61988.633000
62088.613000
62188.594000
62288.576000
62388.557000
62488.540000
62588.521000
62688.503000
62788.484000
62888.467000
62988.447000
63088.431000
63188.411000
63288.395000
63388.374000
63488.358000
63588.337000
63688.319000
63788.300000
63888.282000
63988.264000
64088.245000
64188.227000
64288.208000
64388.190000
64488.172000
64588.161000
64688.135000
64788.119000
64888.098000
64988.082000
65088.062000
65188.045000
65288.025000
65388.007000
65487.988000
65587.970000
65687.952000
65787.933000
65887.915000
65987.896000
66087.879000
66187.860000
66287.843000
66387.823000
66487.807000
66587.787000
66687.769000
66787.750000
66887.733000
66987.713000
67087.695000
67187.676000
67287.658000
67387.639000
67487.621000
67587.603000
67687.584000
67787.567000
67887.548000
67987.531000
68087.511000
68187.494000
68287.475000
68387.457000
68487.437000
68587.419000
68687.401000
68787.383000
68887.364000
68987.346000
69087.328000
69187.309000
69287.292000
69387.272000
69487.256000
69587.236000
69687.219000
69787.199000
69887.182000
69987.162000
70087.144000
70187.125000
70287.107000
70387.089000
70487.070000
70587.053000
70687.033000
70787.016000
70886.997000
70986.980000
71086.960000
71186.944000
71286.923000
71386.907000
71486.886000
71586.868000
71686.850000
71786.831000
71886.813000
71986.795000
72086.777000
72186.758000
72286.740000
72386.721000
72486.705000
72586.685000
72686.668000
72786.648000
72886.632000
72986.611000
73086.595000
73186.575000
73286.556000
73386.538000
73486.520000
73586.501000
73686.483000
73786.465000
73886.446000
73986.429000
74086.409000
74186.393000
74286.372000
74386.356000
74486.336000
74586.319000
74686.299000
74786.281000
74886.262000
74986.244000
75086.226000
75186.207000
75286.189000
75386.171000
75486.153000
75586.134000
75686.117000
75786.097000
75886.081000
75986.060000
76086.043000
76186.024000
76286.005000
76385.987000
76485.968000
76585.950000
76685.932000
76785.914000
76885.895000
76985.877000
77085.858000
77185.842000
77285.822000
77385.806000
77485.785000
77585.769000
77685.748000
77785.730000
77885.712000
77985.693000
78085.676000
78185.656000
78285.639000
78385.620000
78485.603000
78585.583000
78685.566000
78785.546000
78885.530000
78985.509000
79085.493000
79185.473000
79285.454000
79385.436000
79485.417000
79585.400000
79685.381000
79785.363000
79885.344000
79985.327000
80085.307000
80185.291000
80285.271000
80385.254000
80485.234000
80585.216000
80685.197000
80785.179000
80885.160000
80985.142000
81085.124000
81185.105000
81285.087000
81385.069000
81485.051000
81585.032000
81685.015000
81784.995000
81884.979000
81984.958000
82084.942000
82184.922000
82284.905000
82384.885000
82484.867000
82584.849000
82684.830000
82784.812000
82884.793000
82984.775000
83084.756000
83184.740000
83284.720000
83384.703000
83484.683000
83584.667000
83684.646000
83784.629000
83884.609000
83984.591000
84084.573000
84184.554000
84284.536000
84384.518000
84484.500000
84584.481000
84684.464000
84784.444000
84884.428000
84984.407000
85084.391000
85184.371000
85284.354000
85384.334000
85484.318000
85584.297000
85684.279000
85784.261000
85884.242000
85984.224000
86084.205000
86184.189000
86284.169000
86384.152000
86484.132000
86584.116000
86684.095000
86784.078000
86884.058000
86984.040000
87084.022000
87184.003000
87283.985000
87383.967000
87483.948000
87583.930000
87683.912000
87783.893000
87883.876000
87983.856000
88083.840000
88183.819000
88283.803000
88383.783000
88483.766000
88583.746000
88683.728000
88783.710000
88883.691000
88983.673000
89083.654000
89183.637000
89283.618000
89383.600000
89483.581000
89583.565000
89683.544000
89783.528000
89883.507000
89983.491000
90083.471000
90183.452000
90283.434000
90383.415000
90483.397000
90583.379000
90683.361000
90783.342000
90883.325000
90983.305000
91083.290000
91183.269000
91283.253000
91383.232000
91483.215000
91583.195000
91683.177000
91783.158000
91883.140000
91983.122000
92083.103000
92183.085000
92283.067000
92383.049000
92483.030000
92583.014000
92682.993000
92782.977000
92882.956000
92982.939000
93082.920000
93182.901000
93282.883000
93382.864000
93482.846000
93582.828000
93682.810000
93782.791000
93882.774000
93982.754000
94082.738000
94182.718000
94282.701000
94382.681000
94482.664000
94582.644000
94682.626000
94782.607000
94882.589000
94982.571000
95082.552000
95182.535000
95282.516000
95382.498000
95482.479000
95582.462000
95682.442000
95782.426000
95882.405000
95982.389000
96082.369000
96182.350000
96282.332000
96382.313000
96482.295000
96582.277000
96682.258000
96782.240000
96882.222000
96982.203000
97082.185000
97182.166000
97282.148000
97382.130000
97482.113000
97582.093000
97682.074000
97782.056000
97882.038000
97982.019000
98082.001000
98181.983000
98281.964000
98381.947000
98481.927000
98581.911000
98681.891000
98781.874000
98881.854000
98981.837000
99081.817000
99181.799000
99281.781000
99381.762000
99481.744000
99581.726000
99681.707000
99781.689000
99881.671000
99981.652000
100081.635000
100481.562000
100681.525000
100781.505000
100881.487000
100981.468000
101081.451000
101181.432000
101281.413000
101381.396000
101481.376000
101581.360000
101681.340000
101781.323000
101881.303000
101981.287000
102081.266000
102181.249000
102281.230000
102381.211000
102481.193000
102581.174000
102681.156000
102781.138000
102881.120000
102981.101000
103081.084000
103181.064000
103281.048000
103381.027000
103481.011000
103580.991000
103680.974000
103780.954000
103880.935000
103980.917000
104080.899000
104180.880000
104280.862000
104380.844000
104480.825000
104580.809000
104680.789000
104780.772000
104880.752000
104980.736000
105080.715000
105180.698000
105280.678000
105380.660000
105480.642000
105580.623000
105680.605000
105780.586000
105880.568000
105980.550000
106080.532000
106180.513000
106280.496000
106380.476000
106480.460000
106580.440000
106680.423000
106780.403000
106880.384000
106980.366000
107080.348000
107180.329000
107280.311000
107380.293000
107480.274000
107580.257000
107680.237000
107780.221000
107880.201000
107980.184000
108080.164000
108180.147000
108280.127000
108380.109000
108480.090000
108580.072000
108680.054000
108780.035000
108880.017000
108979.998000
109079.981000
109179.962000
109279.945000
109379.925000
109479.909000
109579.889000
109679.870000
109779.851000
109879.833000
109979.815000
110079.796000
110179.778000
110279.759000
110379.742000
110479.723000
110579.706000
110679.686000
110779.670000
110879.649000
110979.634000
111079.613000
111179.596000
111279.576000
111379.558000
111479.539000
111579.521000
111679.503000
111779.484000
111879.466000
111979.447000
112079.430000
112179.410000
112279.395000
112379.374000
112479.358000
112579.337000
112679.320000
112779.300000
112879.282000
112979.264000
113079.245000
113179.227000
113279.208000
113379.190000
113479.172000
113579.154000
113679.135000
113779.117000
113879.098000
113979.082000
114079.061000
114179.045000
114279.025000
114379.006000
114478.988000
114578.969000
114678.951000
114778.933000
114878.915000
114978.896000
115078.879000
115178.859000
115278.843000
115378.822000
115478.806000
115578.786000
115678.769000
115778.749000
115878.731000
115978.712000
116078.694000
116178.676000
116278.657000
116378.639000
116478.620000
116578.604000
116678.584000
116778.567000
116878.547000
116978.531000
117078.510000
117178.494000
117278.473000
117378.456000
117478.437000
117578.418000
117678.400000
117778.381000
117878.363000
117978.345000
118078.327000
118178.308000
118278.291000
118378.271000
118478.255000
118578.235000
118678.219000
118778.198000
118878.179000
118978.161000
119078.143000
119178.124000
119278.106000
119378.088000
119478.069000
119578.052000
119678.032000
119778.016000
119877.996000
119977.979000
120077.959000
120177.943000
120277.922000
120377.904000
120477.886000
120577.867000
120677.849000
120777.830000
120877.812000
120977.793000
121077.776000
121177.757000
121277.740000
121377.720000
121477.704000
121577.683000
121677.667000
121777.646000
121877.628000
121977.610000
122077.592000
122177.573000
122277.555000
122377.536000
122477.518000
122577.500000
122677.481000
122777.464000
122877.445000
122977.428000
123077.408000
123177.391000
123277.371000
123377.353000
123477.334000
123577.316000
123677.298000
123777.279000
123877.261000
123977.242000
124077.225000
124177.206000
124277.189000
124377.169000
124477.153000
124577.132000
124677.116000
124777.095000
124877.077000
124977.058000
125077.040000
125177.022000
125277.003000
125376.985000
125476.967000
125576.949000
125676.930000
125776.913000
125876.893000
125976.876000
126076.857000
126176.840000
126276.820000
126376.801000
126476.783000
126576.766000
126676.746000
126776.728000
126876.709000
126976.691000
127076.674000
127176.654000
127276.638000
127376.617000
127476.601000
127576.581000
127676.564000
127776.544000
127876.527000
127976.507000
128076.489000
128176.471000
128276.452000
128376.434000
128476.415000
128576.398000
128676.379000
128776.362000
128876.342000
128976.326000
129076.305000
129176.289000
129276.268000
129376.251000
129476.232000
129576.213000
129676.195000
129776.176000
129876.158000
129976.140000
130076.122000
130176.103000
130276.086000
130376.066000
130476.050000
130576.030000
130676.013000
130775.993000
130875.974000
130975.956000
131075.938000
131175.919000
131275.901000
131375.883000
131475.864000
131575.846000
131675.827000
131775.811000
131875.791000
131975.774000
132075.754000
132175.738000
132275.717000
132375.699000
132475.682000
132575.662000
132675.643000
132775.625000
132875.607000
132975.588000
133075.571000
133175.552000
133275.535000
133375.515000
133475.498000
133575.478000
133675.462000
133775.441000
133875.423000
133975.405000
134075.386000
134175.368000
134275.350000
134375.331000
134475.313000
134575.295000
134675.276000
134775.259000
134875.239000
134975.223000
135075.203000
135175.186000
135275.166000
135375.148000
135475.129000
135575.111000
135675.092000
135775.074000
135875.055000
135975.037000
136075.019000
136175.000000
136274.983000
136374.963000
136474.947000
136574.927000
136674.911000
136774.890000
136874.872000
136974.853000
137074.835000
137174.816000
137274.798000
137374.780000
137474.761000
137574.744000
137674.725000
137774.708000
137874.688000
137974.671000
138074.651000
138174.635000
138274.614000
138374.597000
138474.577000
138574.559000
138674.541000
138774.522000
138874.504000
138974.486000
139074.469000
139174.449000
139274.432000
139374.412000
139474.396000
139574.375000
139674.359000
139774.339000
139874.320000
139974.302000
140074.283000
140174.265000
140274.247000
140374.228000
140474.210000
140574.192000
140674.173000
140774.156000
140874.136000
140974.120000
141074.100000
141174.083000
141274.063000
141374.044000
141474.026000
141574.008000
141673.989000
141773.971000
141873.953000
141973.934000
142073.917000
142173.898000
142273.881000
142373.861000
142473.845000
142573.824000
142673.807000
142773.788000
142873.769000
142973.751000
143073.732000
143173.714000
143273.696000
143373.677000
143473.659000
143573.642000
143673.622000
143773.606000
143873.585000
143973.570000
144073.548000
144173.532000
144273.512000
144373.493000
144473.475000
144573.456000
144673.438000
144773.420000
144873.402000
144973.383000
145073.366000
145173.346000
145273.330000
145373.310000
145473.294000
145573.273000
145673.256000
145773.236000
145873.217000
145973.199000
146073.181000
146173.162000
146273.144000
146373.126000
146473.107000
146573.089000
146673.070000
146773.054000
146873.034000
146973.017000
147072.997000
147172.980000
147272.960000
147372.944000
147472.923000
147572.905000
147672.887000
147772.868000
147872.850000
147972.832000
148072.814000
148172.795000
148272.778000
148372.758000
148472.742000
148572.721000
148672.705000
148772.685000
148872.666000
148972.648000
149072.630000
149172.611000
149272.593000
149372.574000
149472.556000
149572.538000
149672.519000
149772.503000
149872.482000
149972.466000
150072.446000
150172.429000
150272.409000
150372.390000
150472.372000
150572.354000
150672.335000
150772.317000
150872.299000
150972.280000
151072.263000
151172.243000
151272.227000
151372.207000
151472.191000
151572.170000
151672.154000
151772.133000
151872.115000
151972.096000
152072.079000
152172.060000
152272.041000
152372.023000
152472.004000
152571.987000
152671.968000
152771.951000
152871.931000
152971.915000
153071.894000
153171.878000
153271.857000
153371.839000
153471.821000
153571.802000
153671.784000
153771.766000
153871.747000
153971.729000
154071.711000
154171.692000
154271.675000
154371.655000
154471.639000
154571.619000
154671.601000
154771.582000
154871.563000
154971.545000
155071.527000
155171.508000
155271.490000
155371.472000
155471.453000
155571.436000
155671.416000
155771.400000
155871.380000
155971.363000
156071.343000
156171.325000
156271.306000
156371.287000
156471.269000
156571.251000
156671.232000
156771.214000
156871.196000
156971.177000
157071.160000
157171.140000
157271.124000
157371.104000
157471.088000
157571.067000
157671.050000
157771.030000
157871.012000
157970.993000
158070.975000
158170.957000
158270.938000
158370.921000
158470.901000
158570.884000
158670.865000
158770.849000
158870.828000
158970.812000
159070.791000
159170.774000
159270.755000
159370.736000
159470.718000
159570.699000
159670.681000
159770.663000
159870.645000
159970.626000
160070.610000
160170.590000
160270.574000
160370.552000
160470.536000
160570.516000
160670.499000
160770.479000
160870.460000
160970.443000
161070.424000
161170.405000
161270.387000
161370.370000
161470.350000
161570.334000
161670.313000
161770.297000
161870.277000
161970.261000
162070.240000
162170.222000
162270.203000
162370.184000
162470.166000
162570.148000
162670.129000
162770.111000
162870.093000
162970.074000
163070.058000
163170.038000
163270.021000
163370.001000
163469.985000
163569.964000
163669.946000
163769.928000
163869.909000
163969.891000
164069.872000
164169.854000
164269.835000
164369.818000
164469.798000
164569.782000
164669.762000
164769.745000
164869.725000
164969.709000
165069.688000
165169.671000
165269.652000
165369.633000
165469.615000
165569.596000
165669.578000
165769.560000
165869.542000
165969.523000
166069.506000
166169.486000
166269.470000
166369.450000
166469.434000
166569.413000
166669.396000
166769.376000
166869.358000
166969.339000
167069.321000
167169.302000
167269.284000
167369.266000
167469.247000
167569.231000
167669.210000
167769.194000
167869.174000
167969.157000
168069.137000
168169.121000
168269.100000
168369.082000
168469.063000
168569.045000
168669.027000
168769.008000
168868.990000
168968.971000
169068.955000
169168.935000
169268.919000
169368.898000
169468.881000
169568.861000
169668.843000
169768.824000
169868.806000
169968.788000
170068.769000
170168.751000
170268.732000
170368.715000
170468.696000
170568.679000
170668.659000
170768.643000
170868.622000
170968.606000
171068.585000
171168.567000
171268.549000
171368.530000
171468.512000
171568.494000
171668.475000
171768.457000
171868.439000
171968.420000
172068.403000
172168.383000
172268.367000
172368.346000
172468.330000
172568.310000
172668.291000
172768.273000
172868.254000
172968.236000
173068.218000
173168.200000
173268.181000
173368.164000
173468.144000
173568.128000
173668.107000
173768.092000
173868.071000
173968.054000
174068.034000
174168.015000
174267.997000
174367.979000
174467.960000
174567.942000
174667.925000
174767.905000
174867.888000
174967.869000
175067.852000
175167.832000
175267.816000
175367.795000
175467.778000
175567.758000
175667.740000
175767.721000
175867.703000
175967.685000
176067.667000
176167.649000
176267.630000
176367.613000
176467.593000
176567.577000
176667.556000
176767.540000
176867.519000
176967.501000
177067.482000
177167.464000
177267.446000
177367.427000
177467.409000
177567.391000
177667.373000
177767.354000
177867.337000
177967.317000
178067.302000
178167.280000
178267.264000
178367.243000
178467.227000
178567.207000
178667.188000
178767.170000
178867.152000
178967.133000
179067.115000
179167.096000
179267.078000
179367.060000
179467.041000
179567.025000
179667.004000
179766.988000
179866.968000
179966.949000
180066.931000
180166.912000
180266.894000
180366.876000
180466.857000
180566.839000
180666.821000
180766.802000
180866.785000
180966.765000
181066.749000
181166.729000
181266.713000
181366.692000
181466.674000
181566.655000
181666.637000
181766.619000
181866.600000
181966.581000
182066.563000
182166.545000
182266.526000
182366.510000
182466.490000
182566.474000
182666.453000
182766.437000
182866.416000
182966.398000
183066.379000
183166.361000
183266.343000
183366.324000
183466.306000
183566.287000
183666.270000
183766.251000
183866.234000
183966.214000
184066.198000
184166.177000
184266.161000
184366.140000
184466.122000
184566.104000
184666.085000
184766.067000
184866.048000
184966.030000
185066.012000
185165.994000
185265.975000
185365.958000
185465.938000
185565.922000
185665.901000
185765.885000
185865.865000
185965.846000
186065.828000
186165.809000
186265.791000
186365.773000
186465.755000
186565.736000
186665.718000
186765.699000
186865.683000
186965.662000
187065.647000
187165.626000
187265.608000
187365.589000
187465.570000
187565.552000
187665.533000
187765.515000
187865.498000
187965.479000
188065.460000
188165.443000
188265.423000
188365.407000
188465.386000
188565.371000
188665.350000
188765.333000
188865.313000
188965.295000
189065.276000
189165.258000
189265.239000
189365.221000
189465.204000
189565.184000
189665.167000
189765.148000
189865.131000
189965.111000
190065.095000
190465.019000
190565.001000
190664.982000
190764.964000
190864.945000
190964.928000
191064.909000
191164.892000
191264.872000
191364.855000
191464.835000
191564.820000
191664.798000
191764.781000
191864.762000
191964.743000
192064.725000
192164.706000
192264.688000
192364.669000
192464.652000
192564.633000
192664.616000
192764.596000
192864.581000
192964.560000
193064.543000
193164.523000
193264.506000
193364.486000
193464.467000
193564.449000
193664.430000
193764.413000
193864.394000
193964.376000
194064.357000
194164.341000
194264.320000
194364.304000
194464.284000
194564.267000
194664.247000
194764.228000
194864.210000
194964.192000
195064.173000
195164.155000
195264.136000
195364.118000
195464.100000
195564.081000
195664.063000
195764.044000
195864.028000
195964.008000
196063.991000
196163.971000
196263.952000
196363.934000
196463.916000
196563.897000
196663.879000
196763.861000
196863.842000
196963.825000
197063.806000
197163.789000
197263.769000
197363.753000
197463.732000
197563.716000
197663.695000
197763.677000
197863.658000
197963.640000
198063.622000
198163.603000
198263.585000
198363.566000
198463.549000
198563.530000
198663.513000
198763.493000
198863.477000
198963.456000
199063.439000
199163.420000
199263.401000
199363.383000
199463.364000
199563.346000
199663.328000
199763.310000
199863.291000
199963.274000
200063.254000
200163.237000
200263.217000
200363.201000
200463.180000
200563.164000
200663.144000
200763.126000
200863.107000
200963.089000
201063.071000
201163.052000
201263.034000
201363.015000
201462.998000
201562.978000
201662.962000
201762.941000
201862.925000
201962.905000
202062.888000
202162.868000
202262.849000
202362.831000
202462.813000
202562.794000
202662.776000
202762.758000
202862.739000
202962.722000
203062.702000
203162.686000
203262.665000
203362.649000
203462.629000
203562.612000
203662.592000
203762.574000
203862.555000
203962.537000
204062.519000
204162.500000
204262.482000
204362.463000
204462.446000
204562.427000
204662.410000
204762.390000
204862.373000
204962.353000
205062.335000
205162.316000
205262.298000
205362.279000
205462.261000
205562.243000
205662.224000
205762.207000
205862.187000
205962.171000
206062.151000
206162.134000
206262.114000
206362.097000
206462.077000
206562.059000
206662.040000
206762.022000
206862.004000
206961.985000
207061.967000
207161.948000
207261.931000
207361.912000
207461.895000
207561.875000
207661.859000
207761.838000
207861.821000
207961.801000
208061.783000
208161.764000
208261.746000
208361.728000
208461.709000
208561.692000
208661.673000
208761.655000
208861.636000
208961.620000
209061.599000
209161.583000
209261.563000
209361.544000
209461.525000
209561.507000
209661.489000
209761.470000
209861.452000
209961.434000
210061.416000
210161.397000
210261.380000
210361.360000
210461.344000
210561.324000
210661.307000
210761.287000
210861.270000
210961.250000
211061.232000
211161.213000
211261.194000
211361.176000
211461.158000
211561.140000
211661.121000
211761.103000
211861.084000
211961.066000
212061.048000
212161.029000
212261.011000
212360.993000
212460.974000
212560.956000
212660.937000
212760.919000
212860.900000
212960.882000
213060.864000
213160.845000
213260.828000
213360.808000
213460.792000
213560.772000
213660.755000
213760.736000
213860.719000
213960.698000
214060.680000
214160.661000
214260.643000
214360.624000
214460.606000
214560.589000
214660.569000
214760.553000
214860.533000
214960.516000
215060.497000
215160.479000
215260.459000
215360.441000
215460.422000
215560.404000
215660.386000
215760.367000
215860.349000
215960.330000
216060.313000
216160.294000
216260.277000
216360.257000
216460.241000
216560.220000
216660.204000
216760.184000
216860.165000
216960.147000
217060.129000
217160.110000
217260.092000
217360.073000
217460.054000
217560.037000
217660.018000
217760.001000
217859.981000
217959.965000
218059.944000
218159.927000
218259.907000
218359.889000
218459.871000
218559.852000
218659.834000
218759.815000
218859.798000
218959.779000
219059.761000
219159.742000
219259.726000
219359.705000
219459.689000
219559.669000
219659.651000
219759.632000
219859.613000
219959.595000
220059.577000
220159.558000
220259.540000
220359.522000
220459.503000
220559.486000
220659.466000
220759.450000
220859.429000
220959.413000
221059.393000
221159.376000
221259.356000
221359.337000
221459.319000
221559.301000
221659.282000
221759.264000
221859.246000
221959.227000
222059.210000
222159.190000
222259.174000
222359.154000
222459.137000
222559.117000
222659.098000
222759.080000
222859.062000
222959.043000
223059.025000
223159.007000
223258.988000
223358.970000
223458.951000
223558.934000
223658.915000
223758.898000
223858.878000
223958.861000
224058.841000
224158.822000
224258.804000
224358.786000
224458.767000
224558.749000
224658.731000
224758.712000
224858.695000
224958.676000
225058.659000
225158.639000
225258.623000
225358.602000
225458.587000
225558.566000
225658.547000
225758.529000
225858.510000
225958.492000
226058.473000
226158.456000
226258.437000
226358.419000
226458.400000
226558.384000
226658.363000
226758.347000
226858.326000
226958.309000
227058.290000
227158.271000
227258.253000
227358.234000
227458.216000
227558.197000
227658.180000
227758.161000
227858.143000
227958.124000
228058.106000
228158.087000
228258.069000
228358.050000
228458.032000
228558.014000
228657.995000
228757.977000
228857.958000
228957.940000
229057.922000
229157.904000
229257.885000
229357.868000
229457.848000
229557.832000
229657.811000
229757.795000
229857.775000
229957.757000
230057.738000
230157.720000
230257.701000
230357.683000
230457.664000
230557.646000
230657.628000
230757.609000
230857.592000
230957.572000
231057.557000
231157.535000
231257.519000
231357.499000
231457.480000
231557.462000
231657.443000
231757.425000
231857.407000
231957.388000
232057.370000
232157.352000
232257.333000
232357.316000
232457.296000
232557.281000
232657.260000
232757.244000
232857.223000
232957.205000
233057.186000
233157.168000
233257.150000
233357.131000
233457.113000
233557.094000
233657.077000
233757.058000
233857.041000
233957.021000
234057.004000
234156.985000
234256.967000
234356.947000
234456.931000
234556.910000
234656.892000
234756.874000
234856.855000
234956.837000
235056.819000
235156.802000
235256.782000
235356.765000
235456.745000
235556.729000
235656.708000
235756.691000
235856.671000
235956.653000
236056.634000
236156.616000
236256.598000
236356.579000
236456.561000
236556.543000
236656.525000
236756.506000
236856.490000
236956.469000
237056.454000
237156.432000
237256.415000
237356.396000
237456.377000
237556.359000
237656.340000
237756.322000
237856.304000
237956.286000
238056.267000
238156.250000
238256.230000
238356.214000
238456.193000
238556.177000
238656.157000
238756.140000
238856.120000
238956.102000
239056.083000
239156.065000
239256.046000
239356.028000
239456.010000
239555.991000
239655.974000
239755.954000
239855.938000
239955.917000
240055.901000
240155.881000
240255.864000
240355.844000
240455.825000
240555.807000
240655.789000
240755.771000
240855.752000
240955.734000
241055.715000
241155.698000
241255.678000
241355.662000
241455.642000
241555.625000
241655.605000
241755.587000
241855.568000
241955.550000
242055.531000
242155.513000
242255.495000
242355.476000
242455.460000
242555.439000
242655.423000
242755.403000
242855.386000
242955.366000
243055.350000
243155.329000
243255.311000
243355.292000
243455.274000
243555.256000
243655.237000
243755.220000
243855.201000
243955.183000
244055.163000
244155.147000
244255.127000
244355.110000
244455.090000
244555.072000
244655.053000
244755.035000
244855.016000
244954.998000
245054.980000
245154.961000
245254.943000
245354.924000
245454.907000
245554.888000
245654.871000
245754.851000
245854.835000
245954.814000
246054.797000
246154.777000
246254.759000
246354.741000
246454.722000
246554.704000
246654.685000
246754.668000
246854.649000
246954.632000
247054.612000
247154.596000
247254.575000
247354.559000
247454.538000
247554.521000
247654.502000
247754.483000
247854.465000
247954.446000
248054.428000
248154.410000
248254.392000
248354.373000
248454.356000
248554.336000
248654.320000
248754.299000
248854.283000
248954.262000
249054.246000
249154.226000
249254.207000
249354.189000
249454.171000
249554.153000
249654.134000
249754.116000
249854.097000
249954.080000
250054.060000
250154.044000
250254.023000
250354.007000
250453.987000
250553.970000
250653.950000
250753.932000
250853.913000
250953.895000
251053.877000
251153.858000
251253.840000
251353.821000
251453.805000
251553.785000
251653.768000
251753.748000
251853.731000
251953.711000
252053.693000
252153.674000
252253.656000
252353.637000
252453.619000
252553.601000
252653.582000
252753.565000
252853.545000
252953.529000
253053.509000
253153.493000
253253.472000
253353.454000
253453.435000
253553.417000
253653.398000
253753.380000
253853.361000
253953.343000
254053.325000
254153.306000
254253.290000
254353.269000
254453.253000
254553.233000
254653.217000
254753.196000
254853.178000
254953.159000
255053.141000
255153.122000
255253.104000
255353.086000
255453.067000
255553.050000
255653.030000
255753.013000
255852.994000
255952.977000
256052.957000
256152.941000
256252.920000
256352.902000
256452.883000
256552.865000
256652.847000
256752.828000
256852.810000
256952.791000
257052.774000
257152.755000
257252.738000
257352.718000
257452.701000
257552.681000
257652.664000
257752.644000
257852.626000
257952.607000
258052.590000
258152.571000
258252.553000
258352.535000
258452.516000
258552.498000
258652.479000
258752.463000
258852.442000
258952.426000
259052.405000
259152.388000
259252.369000
259352.350000
259452.332000
259552.313000
259652.295000
259752.277000
259852.259000
259952.240000
260052.223000
260152.203000
260252.187000
260352.166000
260452.150000
260552.130000
260652.113000
260752.093000
260852.074000
260952.056000
261052.037000
261152.019000
261252.001000
261351.982000
261451.964000
261551.947000
261651.927000
261751.911000
261851.891000
261951.874000
262051.854000
262151.836000
262251.817000
262351.798000
262451.780000
262551.762000
262651.743000
262751.725000
262851.707000
262951.688000
263051.671000
263151.651000
263251.635000
263351.615000
263451.598000
263551.578000
263651.561000
263751.541000
263851.523000
263951.504000
264051.486000
264151.467000
264251.449000
264351.431000
264451.412000
264551.396000
264651.375000
264751.359000
264851.339000
264951.322000
265051.302000
265151.286000
265251.265000
265351.247000
265451.229000
265551.210000
265651.192000
265751.173000
265851.156000
265951.137000
266051.120000
266151.100000
266251.084000
266351.063000
266451.047000
266551.027000
266651.009000
266750.990000
266850.971000
266950.953000
267050.934000
267150.916000
267250.897000
267350.880000
267450.861000
267550.844000
267650.824000
267750.808000
267850.788000
267950.770000
268050.750000
268150.732000
268250.713000
268350.695000
268450.677000
268550.659000
268650.640000
268750.622000
268850.604000
268950.585000
269050.568000
269150.548000
269250.532000
269350.511000
269450.493000
269550.475000
269650.456000
269750.438000
269850.420000
269950.401000
270050.383000
270150.365000
271250.162000
271350.144000
271450.125000
271550.107000
271650.089000
271750.070000
271850.053000
271950.033000
272050.017000
272149.996000
272249.980000
272349.960000
272449.943000
272549.923000
272649.905000
272749.886000
272849.868000
272949.850000
273049.832000
273149.813000
273249.794000
273349.777000
273449.758000
273549.741000
273649.721000
273749.704000
273849.684000
273949.667000
274049.647000
274149.629000
274249.611000
274349.592000
274449.574000
274549.555000
274649.538000
274749.519000
274849.502000
274949.482000
275049.467000
275149.445000
275249.429000
275349.408000
275449.390000
275549.372000
275649.353000
275749.335000
275849.316000
275949.298000
276049.280000
276149.263000
276249.243000
276349.226000
276449.206000
276549.190000
276649.169000
276749.152000
276849.132000
276949.114000
277049.095000
277149.077000
277249.059000
277349.041000
277449.022000
277549.004000
277648.988000
277748.967000
277848.950000
277948.930000
278048.914000
278148.893000
278248.877000
278348.856000
278448.838000
278548.820000
278648.801000
278748.783000
278848.764000
278948.746000
279048.728000
279148.710000
279248.691000
279348.674000
279448.654000
279548.638000
279648.617000
279748.601000
279848.581000
279948.562000
280048.544000
280148.525000
280248.507000
280648.435000
280748.415000
280848.399000
280948.379000
281048.362000
281148.342000
281248.325000
281348.305000
281448.286000
281548.268000
281648.250000
281748.231000
281848.213000
281948.195000
282048.177000
282148.159000
282248.139000
282348.123000
282448.103000
282548.087000
282648.066000
282748.049000
282848.029000
282948.011000
283047.992000
283147.974000
283247.956000
283347.937000
283447.920000
283547.901000
283647.883000
283747.863000
283847.847000
283947.827000
284047.810000
284147.790000
284247.772000
284347.753000
284447.735000
284547.716000
284647.698000
284747.680000
284847.661000
284947.644000
285047.625000
285147.608000
285247.588000
285347.571000
285447.551000
285547.535000
285647.514000
285747.496000
285847.477000
285947.459000
286047.441000
286147.422000
286247.404000
286347.385000
286447.368000
286547.349000
286647.332000
286747.312000
286847.296000
286947.275000
287047.258000
287147.238000
287247.220000
287347.202000
287447.183000
287547.165000
287647.146000
287747.128000
287847.110000
287947.092000
288047.073000
288147.057000
288247.036000
288347.020000
288446.999000
288546.984000
288646.962000
288746.944000
288846.926000
288946.907000
289046.889000
289146.870000
289246.853000
289346.834000
289446.817000
289546.797000
289646.781000
289746.760000
289846.744000
289946.723000
290046.707000
290146.687000
290246.668000
290346.650000
290446.631000
290546.613000
290646.595000
290746.577000
290846.558000
290946.541000
291046.521000
291146.506000
291246.484000
291346.468000
291446.448000
291546.431000
291646.411000
291746.393000
291846.374000
291946.356000
292046.338000
292146.319000
292246.302000
292346.282000
292446.266000
292546.245000
292646.229000
292746.209000
292846.193000
292946.172000
293046.155000
293146.135000
293246.117000
293346.098000
293446.080000
293546.062000
293646.043000
293746.025000
293846.006000
293945.988000
294045.979000
294145.954000
294245.933000
294345.916000
294445.896000
294545.878000
294645.859000
294745.841000
294845.822000
294945.804000
295045.786000
295145.767000
295245.750000
295345.730000
295445.714000
295545.694000
295645.677000
295745.657000
295845.639000
295945.620000
296045.602000
296145.583000
296245.565000
296345.547000
296445.528000
296545.510000
296645.492000
296745.474000
296845.455000
296945.439000
297045.418000
297145.401000
297245.381000
297345.364000
297445.344000
297545.326000
297645.307000
297745.289000
297845.271000
297945.252000
298045.235000
298145.216000
298245.198000
298345.179000
298445.162000
298545.142000
298645.126000
298745.105000
298845.087000
298945.068000
299045.051000
299145.032000
299245.013000
299344.995000
299444.977000
299544.959000
299644.940000
