199.982000
399.964000
599.946000
799.929000
999.912000
1199.894000
1399.876000
1599.861000
1799.841000
1999.823000
2199.809000
2399.788000
2599.770000
2799.755000
2999.735000
3199.718000
3399.702000
3599.682000
3799.665000
3999.647000
4199.630000
4399.612000
4599.594000
4799.577000
4999.562000
5199.542000
5399.524000
5599.509000
5799.489000
5999.471000
6199.455000
6399.436000
6599.418000
6799.403000
6999.383000
7199.366000
7399.349000
7599.330000
7799.313000
7999.295000
8199.278000
8399.261000
8599.242000
8799.225000
8999.209000
9199.189000
9399.172000
9599.156000
9799.137000
9999.119000
10199.103000
10399.083000
10599.066000
10799.050000
10999.031000
11199.013000
11398.996000
11598.978000
11798.960000
11998.943000
12198.925000
12398.909000
12598.890000
12798.872000
12998.857000
13198.837000
13398.819000
13598.804000
13798.784000
13998.766000
14198.751000
14398.731000
14598.714000
14798.698000
14998.678000
15198.661000
15398.644000
15598.625000
15798.608000
15998.590000
16198.573000
16398.555000
16598.537000
16798.520000
16998.504000
17198.485000
17398.467000
17598.451000
17798.431000
17998.414000
18198.399000
18398.378000
18598.361000
18798.345000
18998.326000
19198.308000
19398.292000
19598.273000
19798.255000
19998.238000
20198.220000
20398.202000
20598.185000
20798.167000
20998.151000
21198.132000
21398.114000
21598.098000
21798.079000
21998.061000
22198.044000
22398.026000
22598.008000
22797.992000
22997.973000
23197.955000
23397.939000
23597.920000
23797.902000
23997.886000
24197.867000
24397.849000
24597.832000
24797.814000
24997.797000
25197.779000
25397.761000
25597.745000
25797.726000
25997.708000
26197.693000
26397.673000
26597.655000
26797.640000
26997.620000
27197.602000
27397.586000
27597.567000
27797.549000
27997.533000
28197.514000
28397.496000
28597.480000
28797.461000
28997.444000
29197.426000
29397.408000
29597.391000
36596.775000
36796.755000
36996.738000
37196.721000
37396.703000
37596.685000
37796.668000
37996.649000
38196.632000
38396.615000
38596.597000
38796.581000
38996.562000
39196.544000
39396.529000
39596.509000
39796.491000
39996.475000
40196.456000
40396.438000
40596.420000
40796.403000
40996.385000
41196.369000
41396.350000
41596.332000
41796.315000
41996.297000
42196.279000
42396.262000
42596.244000
42796.227000
42996.208000
43196.191000
43396.175000
43596.156000
43796.138000
43996.122000
44196.103000
44396.085000
44596.070000
44796.050000
44996.032000
45196.016000
45395.997000
45595.979000
45795.962000
45995.944000
46195.926000
46395.909000
46595.891000
46795.873000
47395.822000
47595.803000
47795.785000
47995.770000
48195.750000
48395.732000
48595.717000
48795.697000
48995.679000
49195.664000
49395.644000
49595.626000
49795.610000
49995.591000
50195.573000
50395.557000
50595.538000
50795.520000
50995.504000
51195.485000
51395.467000
51595.450000
51795.432000
51995.415000
52195.397000
52395.379000
52595.363000
52795.344000
52995.326000
53195.311000
53395.291000
53595.273000
53795.258000
53995.238000
54195.220000
54395.204000
54595.185000
54795.167000
54995.151000
55195.132000
55395.114000
55595.097000
55795.079000
55995.061000
56195.044000
56395.026000
56595.008000
56994.973000
57194.956000
57394.938000
57594.920000
57794.904000
57994.885000
58194.867000
58394.849000
58594.832000
58794.814000
58994.798000
59194.779000
59394.761000
59594.745000
59794.726000
59994.708000
60194.692000
60394.673000
60594.655000
60794.638000
60994.619000
61194.602000
61394.584000
61594.567000
61794.551000
61994.531000
69193.896000
69393.879000
69593.860000
69793.842000
69993.826000
70193.807000
70393.789000
70593.773000
70793.754000
70993.737000
71193.719000
71393.701000
71593.685000
71793.666000
71993.648000
72193.633000
72393.613000
72593.595000
72793.580000
72993.560000
73193.543000
73393.527000
73593.507000
73793.490000
73993.474000
74193.454000
74393.436000
74593.420000
74793.401000
74993.383000
75193.367000
75393.348000
75593.330000
75793.313000
75993.295000
76193.279000
76393.260000
76593.242000
76793.224000
76993.207000
77193.189000
77393.173000
77593.154000
77793.136000
77993.120000
78193.101000
78393.083000
78593.067000
78793.048000
78993.031000
79193.014000
79392.995000
79592.977000
79792.961000
79992.942000
80192.924000
80392.907000
80592.889000
80792.871000
80992.853000
81192.836000
81392.820000
81592.800000
81792.783000
81992.768000
82192.748000
82392.730000
82592.715000
82792.694000
82992.677000
83192.661000
83392.641000
83592.624000
83792.608000
83992.588000
84192.571000
84392.554000
84592.535000
84792.518000
84992.501000
85192.483000
85392.465000
85592.448000
85792.429000
85992.411000
86192.394000
86392.376000
86592.359000
86792.341000
86992.323000
87192.308000
87392.288000
87592.271000
87792.255000
87992.235000
88192.217000
88392.201000
88592.182000
88792.164000
88992.148000
89192.129000
89392.111000
89592.095000
89792.076000
89992.058000
90192.041000
90392.023000
90592.005000
90791.988000
90991.970000
91191.952000
91391.935000
91591.917000
91791.901000
91991.882000
92191.864000
92391.848000
92591.829000
92791.811000
92991.795000
93191.776000
93391.758000
93591.742000
93791.722000
93991.705000
94191.689000
94391.669000
96991.439000
97191.422000
97391.404000
97591.387000
97791.369000
97991.351000
98191.335000
98391.316000
98591.298000
98791.283000
98991.263000
99191.245000
99391.229000
99591.210000
99791.192000
99991.176000
100191.157000
100391.139000
100591.122000
100791.104000
100991.086000
101191.069000
101391.051000
101591.033000
101791.016000
101990.997000
102190.980000
102390.962000
102590.945000
102790.928000
102990.909000
103190.892000
103390.876000
103590.856000
103790.838000
103990.823000
104190.803000
104390.785000
104590.770000
104790.750000
104990.732000
105190.717000
105390.697000
105590.679000
105790.663000
105990.644000
106190.626000
106390.609000
106590.591000
106790.573000
106990.556000
107190.538000
107390.520000
107590.502000
107790.485000
107990.469000
108190.449000
108390.431000
108590.415000
108790.396000
108990.378000
109190.363000
109390.344000
109590.325000
109790.310000
109990.290000
110190.272000
110390.257000
110590.237000
110790.219000
110990.204000
111190.184000
111390.166000
111590.150000
111790.132000
111990.113000
112190.097000
112390.077000
112590.060000
112790.042000
112990.025000
113190.007000
113389.990000
113589.971000
113789.955000
113989.936000
114189.919000
114389.903000
114589.883000
115989.759000
116189.744000
116389.724000
116589.706000
116789.690000
116989.671000
117189.653000
117389.637000
117589.618000
117789.600000
117989.583000
118189.565000
118389.547000
118589.530000
118789.512000
118989.494000
119389.459000
119589.441000
123189.124000
123389.105000
123589.087000
123789.070000
123989.052000
124189.034000
124389.017000
124588.999000
124788.981000
124988.963000
125188.946000
125388.928000
125588.910000
125788.892000
125988.875000
126188.857000
126388.839000
126588.824000
126788.804000
126988.786000
127188.771000
127388.751000
127588.733000
127788.718000
127988.698000
128188.680000
128388.665000
128588.645000
128788.627000
128988.611000
129188.592000
129388.574000
129588.558000
129788.539000
129988.521000
130188.504000
130388.486000
130588.468000
130788.450000
130988.433000
131188.415000
131388.397000
131588.379000
131788.363000
131988.344000
132188.327000
132388.311000
132588.291000
132788.273000
132988.258000
133188.238000
133388.221000
133588.205000
133788.185000
133988.167000
134188.152000
134388.132000
134588.114000
134788.098000
134988.079000
135188.061000
135388.044000
135588.025000
135788.008000
135987.991000
136187.973000
136387.955000
136587.937000
136787.919000
136987.902000
137187.884000
137387.866000
137587.849000
137787.831000
137987.813000
138187.798000
138387.778000
138587.760000
138787.745000
138987.725000
139187.707000
139387.691000
139587.672000
139787.654000
139987.638000
140187.619000
140387.601000
140587.585000
140787.566000
140987.548000
141187.531000
141387.512000
141587.495000
141787.478000
141987.459000
142187.442000
142387.425000
142587.407000
142787.389000
142987.371000
143187.353000
143387.337000
143587.317000
145387.158000
145587.141000
145787.126000
145987.105000
146187.088000
146387.072000
146587.053000
146787.034000
146987.019000
147186.999000
147386.981000
147586.965000
147786.946000
147986.928000
148186.912000
148386.893000
148586.875000
148786.857000
148986.840000
149186.822000
149386.805000
149586.787000
149786.770000
149986.752000
150186.734000
154186.380000
154386.362000
154586.345000
154786.327000
154986.309000
155186.292000
155386.274000
155586.258000
155786.238000
155986.220000
156186.205000
156386.185000
156586.167000
156786.152000
156986.132000
157186.115000
157386.099000
157586.079000
157786.061000
157986.045000
158186.026000
158386.008000
158585.992000
158785.973000
158985.955000
159185.939000
159385.920000
159585.902000
159785.885000
159985.867000
160185.849000
160385.832000
160585.814000
160785.796000
160985.778000
161185.760000
161385.743000
161585.725000
161785.707000
161985.690000
162185.672000
162385.654000
162585.638000
162785.619000
162985.601000
163185.586000
163385.566000
163585.548000
163785.533000
163985.512000
164185.495000
164385.480000
164585.460000
164785.442000
164985.426000
165185.407000
165385.389000
165585.372000
165785.354000
165985.336000
166185.319000
166385.300000
166585.282000
166785.265000
166985.247000
167185.230000
167385.212000
167585.194000
167785.176000
167985.159000
168185.141000
168385.126000
168585.105000
168785.088000
168985.072000
169185.052000
169385.035000
169585.019000
169784.999000
169984.981000
170184.966000
170384.946000
170584.928000
170784.913000
170984.893000
171184.876000
171384.859000
171584.840000
171784.822000
171984.805000
172184.787000
172384.769000
172584.752000
172784.734000
172984.716000
173184.699000
173384.681000
173584.663000
173784.645000
173984.627000
174184.610000
174384.592000
174584.580000
174784.558000
174984.539000
175184.521000
175384.505000
175584.486000
175784.468000
175984.453000
176184.433000
176384.415000
176584.400000
176784.380000
176984.362000
177184.346000
177384.326000
177584.309000
177784.293000
177984.273000
178184.256000
178384.239000
178584.220000
178784.202000
178984.185000
179184.167000
179384.149000
179584.132000
179784.114000
179984.096000
180184.079000
180384.061000
184983.654000
185183.636000
185383.618000
185583.600000
185783.583000
185983.566000
186183.548000
186383.530000
186583.512000
186783.494000
186983.478000
187183.459000
187383.441000
187583.425000
187783.406000
187983.388000
188183.373000
188383.353000
188583.335000
188783.320000
188983.299000
189183.282000
189383.266000
189583.246000
189783.229000
189983.213000
190183.193000
190383.175000
190583.159000
190783.140000
190983.122000
191183.106000
191383.087000
191583.069000
191783.052000
191983.034000
192183.016000
192382.999000
192582.981000
192782.963000
192982.945000
193182.928000
193382.912000
193582.892000
193782.875000
193982.859000
194182.839000
194382.821000
194582.806000
194782.786000
194982.768000
195182.753000
195382.733000
195582.715000
195782.699000
195982.680000
196182.662000
196382.646000
196582.627000
196782.609000
196982.593000
197182.574000
197382.556000
197582.539000
197782.520000
197982.503000
198182.486000
198382.467000
198582.450000
198782.433000
198982.414000
199182.397000
199382.379000
199582.361000
199782.345000
199982.326000
200182.308000
200382.291000
200582.273000
200782.255000
200982.240000
201182.220000
201382.202000
201582.186000
201782.167000
201982.149000
202382.113000
202582.095000
202782.080000
202982.060000
203182.043000
203382.025000
203582.007000
203781.989000
203981.973000
204181.954000
204381.936000
204581.919000
204781.901000
204981.883000
205181.866000
205381.848000
206181.777000
206381.759000
206581.741000
206781.724000
206981.706000
207181.688000
207381.673000
207581.653000
207781.635000
207981.619000
208181.600000
208381.582000
208581.566000
208781.547000
208981.529000
209181.513000
209381.493000
209581.475000
209781.460000
209981.440000
210181.423000
210381.406000
213581.121000
213781.106000
213981.086000
214181.068000
214381.052000
214581.033000
214781.015000
214981.000000
215180.980000
215380.962000
215580.947000
215780.927000
215980.909000
216180.893000
216380.873000
216580.856000
216780.839000
216980.820000
217180.803000
217380.786000
217580.767000
217780.749000
217980.732000
218180.715000
218380.697000
218580.680000
218780.661000
218980.644000
219180.627000
219380.608000
219580.590000
219780.573000
219980.555000
220180.539000
220380.519000
220580.501000
220780.485000
220980.466000
221180.448000
221380.431000
221580.413000
221780.395000
221980.380000
222180.360000
222380.342000
222580.327000
222780.307000
222980.289000
223180.273000
223380.254000
223580.236000
223780.220000
223980.200000
224180.183000
224380.166000
224580.147000
224780.130000
224980.113000
225180.094000
225380.077000
225580.059000
225780.041000
225980.023000
226180.006000
226379.988000
226579.971000
226779.952000
226979.935000
227179.919000
227379.899000
227579.882000
227779.866000
227979.846000
228179.829000
228379.813000
228579.793000
228779.775000
228979.760000
229179.740000
229379.722000
229579.707000
229779.687000
229979.670000
230179.654000
230379.634000
230579.616000
230779.600000
230979.581000
231179.563000
231379.546000
231579.527000
231779.510000
231979.493000
232179.474000
232379.456000
232579.439000
232779.421000
232979.404000
233179.386000
233379.368000
233579.352000
233779.333000
233979.315000
234179.299000
234379.279000
234579.262000
234779.246000
234979.226000
235179.209000
235379.193000
235579.173000
235779.156000
235979.140000
236179.120000
236379.102000
236579.087000
236779.067000
236979.049000
237179.033000
237379.014000
237578.996000
237778.980000
237978.961000
238178.943000
238378.926000
238578.908000
238778.890000
238978.873000
239178.854000
239378.837000
239578.819000
239778.801000
239978.785000
240178.766000
240378.748000
240578.733000
241178.680000
241378.659000
241578.642000
241778.626000
241978.606000
242178.589000
242378.573000
242578.553000
242778.536000
242978.520000
243178.500000
243378.482000
243578.466000
243778.447000
243978.429000
244178.414000
244378.394000
244578.376000
244778.359000
244978.341000
245178.323000
245378.306000
245578.287000
245778.270000
245978.253000
246178.234000
246378.217000
246578.199000
246778.181000
246978.164000
247178.146000
247378.129000
247578.112000
247778.092000
247978.075000
248178.059000
248378.039000
248578.022000
248778.006000
248977.986000
249177.969000
249377.953000
249577.933000
249777.915000
249977.900000
250177.880000
250377.862000
250577.846000
250777.827000
250977.809000
251177.794000
251377.774000
251577.756000
251777.739000
251977.720000
252177.703000
252377.686000
252577.667000
252777.650000
252977.632000
253177.615000
253377.596000
253577.579000
253777.561000
253977.544000
254177.526000
254377.508000
254577.492000
254777.473000
254977.455000
255177.441000
255377.420000
255577.402000
255777.386000
255977.366000
256177.349000
256377.333000
256577.313000
256777.295000
256977.280000
257177.260000
257377.242000
257577.224000
257777.207000
257977.189000
258177.173000
258377.154000
258577.136000
258777.119000
258977.100000
259177.083000
259377.066000
259577.047000
259777.030000
259977.012000
260176.994000
260376.976000
260576.959000
260976.924000
261176.906000
261376.888000
261576.871000
261776.852000
261976.835000
262176.819000
262376.799000
262576.781000
262776.766000
262976.747000
263176.728000
263376.713000
263576.693000
263776.675000
263976.660000
264176.640000
264376.622000
264576.606000
264776.586000
264976.569000
265176.553000
265376.533000
265576.516000
268976.215000
269176.198000
269376.179000
269576.161000
269776.146000
269976.126000
270176.108000
270376.093000
270576.073000
270776.055000
270976.040000
271176.020000
271376.002000
271575.986000
271775.966000
271975.948000
272175.933000
272375.914000
272575.896000
272775.879000
272975.860000
273175.842000
273375.826000
273575.807000
273775.789000
273975.773000
274175.754000
274375.736000
274575.719000
274775.701000
274975.685000
275175.665000
275375.648000
275575.630000
275775.619000
275975.594000
276175.579000
276375.559000
276575.541000
276775.525000
276975.506000
277175.488000
277375.473000
277575.453000
277775.435000
277975.419000
278175.400000
278375.382000
278575.366000
278775.346000
278975.329000
279175.313000
279375.293000
279575.276000
279775.259000
279975.240000
280175.223000
280375.206000
280575.187000
280775.169000
280975.152000
281175.134000
281375.116000
281575.098000
281775.081000
281975.064000
282175.045000
282375.027000
282575.010000
282774.992000
282974.974000
283174.959000
283374.939000
283574.921000
283774.906000
283974.886000
284174.868000
284374.852000
284574.833000
284774.815000
284974.799000
285174.780000
285374.762000
285574.746000
285774.726000
285974.709000
286174.692000
286374.673000
286574.655000
286774.639000
286974.620000
287174.602000
287374.585000
287574.567000
287774.549000
287974.532000
288174.514000
288374.496000
288574.478000
288774.460000
288974.444000
291174.248000
291374.233000
291574.213000
291774.195000
291974.180000
292174.160000
292374.142000
292574.126000
292774.106000
292974.088000
293174.072000
293374.053000
293574.035000
293774.018000
293974.000000
294173.982000
294373.965000
294573.947000
294773.929000
294973.912000
295173.894000
295373.876000
295573.858000
295773.840000
295973.823000
296173.805000
298973.560000
299173.539000
299373.522000
299573.505000
299773.487000
299973.468000
300173.452000
300373.434000
300573.415000
300773.398000
300973.380000
301173.362000
301373.345000
301573.327000
301773.309000
301973.291000
302173.274000
302373.256000
302573.238000
302773.220000
302973.203000
303173.185000
303373.167000
303573.151000
303773.132000
303973.114000
304173.099000
304373.079000
304573.061000
304773.046000
304973.026000
305173.008000
305372.992000
305572.972000
305772.955000
305972.939000
306172.920000
306372.902000
306572.885000
306772.866000
306972.849000
307172.832000
307372.813000
307572.795000
307772.778000
307972.760000
308172.742000
308372.725000
308572.707000
308772.689000
308972.672000
309172.654000
309372.636000
309572.618000
309772.601000
309972.584000
310172.566000
310372.547000
310572.532000
310772.512000
310972.494000
311172.479000
311372.459000
311572.441000
311772.423000
311972.406000
312172.388000
312372.372000
312572.353000
312772.335000
312972.319000
313172.300000
313372.282000
313572.266000
313772.246000
313972.229000
314172.212000
314372.193000
314572.175000
314772.159000
314972.140000
315172.122000
315372.105000
315572.087000
315772.069000
315972.051000
316172.034000
316372.016000
316571.998000
316771.981000
316971.965000
317171.945000
317371.928000
317571.912000
317771.892000
317971.874000
318171.859000
318371.839000
318571.821000
318771.806000
318971.786000
319171.768000
319371.752000
319571.732000
319771.715000
319971.699000
320171.679000
320371.662000
320571.645000
320771.626000
328770.921000
328970.901000
329170.882000
329370.865000
329570.847000
329770.829000
329970.811000
330170.794000
330370.777000
330570.758000
330770.740000
330970.724000
331170.705000
331370.688000
331570.672000
331770.652000
331970.634000
332170.619000
332370.599000
332570.581000
332770.566000
332970.546000
333170.528000
333370.512000
333570.493000
333770.475000
333970.458000
334170.440000
334370.422000
334570.405000
334770.386000
334970.369000
335170.352000
335370.333000
335570.316000
335770.298000
335970.280000
336170.264000
336370.245000
336570.227000
336770.211000
336970.192000
337170.174000
337370.158000
337570.139000
337770.121000
337970.105000
338170.086000
338370.068000
338570.052000
338770.032000
338970.015000
339169.999000
339369.979000
339569.961000
339769.946000
339969.926000
340169.908000
340369.892000
340569.873000
340769.855000
340969.839000
341169.820000
341369.802000
341569.785000
341769.767000
341969.749000
342169.733000
342369.713000
342569.696000
342769.679000
342969.660000
343169.644000
343369.625000
343569.607000
343769.591000
343969.572000
344169.554000
344369.539000
344569.519000
344769.501000
344969.486000
345169.466000
345369.448000
345569.433000
345769.412000
345969.395000
346169.380000
346369.359000
346569.342000
346769.326000
346969.306000
347169.288000
347369.272000
347569.253000
347769.235000
347969.217000
348169.200000
348369.182000
348569.165000
348769.146000
348969.129000
349169.112000
349369.093000
349569.076000
349769.058000
349969.040000
350169.024000
350369.005000
350568.987000
350768.970000
350968.952000
351168.934000
351368.918000
351568.898000
351768.881000
351968.865000
352168.845000
352368.828000
352568.813000
352768.792000
352968.774000
353168.759000
353368.739000
353568.721000
353768.705000
353968.686000
354168.668000
354368.653000
354568.633000
354768.615000
359168.225000
359368.207000
