99.982000
199.964000
299.945000
399.927000
499.909000
599.893000
699.873000
799.856000
899.836000
999.820000
1099.800000
1199.784000
1299.764000
1399.748000
1499.727000
1599.712000
1699.691000
1799.675000
1899.655000
1999.636000
2099.619000
2199.600000
2299.582000
2399.564000
2499.546000
2599.528000
2699.509000
2799.491000
2899.473000
2999.455000
3099.437000
3199.419000
3299.400000
3399.382000
3499.365000
3599.346000
3699.329000
3799.310000
3899.293000
3999.273000
4099.256000
4199.237000
4299.221000
4399.201000
4499.185000
4599.164000
4699.148000
4799.128000
4899.111000
4999.091000
5099.076000
5199.056000
5299.037000
5399.019000
5499.001000
5598.983000
5698.964000
5798.946000
5898.928000
5998.910000
6098.891000
6198.874000
6298.855000
6398.838000
6498.819000
6598.801000
6698.782000
6798.766000
6898.746000
6998.730000
7098.710000
7198.694000
7298.674000
7398.658000
7498.637000
7598.621000
7698.601000
7798.584000
7898.565000
7998.548000
8098.529000
8198.510000
8298.491000
8398.473000
8498.455000
8598.437000
8698.419000
8798.401000
8898.383000
8998.364000
9098.347000
9198.328000
9298.311000
9398.292000
9498.275000
9598.255000
9698.239000
9798.219000
9898.203000
9998.182000
10098.166000
10198.146000
10298.130000
10398.110000
10498.091000
10598.073000
10698.055000
10798.037000
10898.019000
10998.001000
11097.982000
11197.964000
11297.946000
11397.928000
11497.910000
11597.893000
11697.873000
11797.856000
11897.837000
12497.727000
12597.711000
12697.691000
12797.674000
12897.655000
12997.636000
13097.618000
13197.600000
13297.582000
13397.564000
13497.546000
13597.528000
13697.509000
13797.491000
13897.473000
13997.455000
14097.437000
14197.418000
14297.401000
14397.382000
14497.365000
14597.346000
14697.330000
14797.309000
14897.293000
14997.272000
15097.256000
15197.236000
15297.219000
15397.200000
15497.181000
15597.163000
15697.145000
15797.127000
15897.109000
15997.091000
16097.072000
16197.054000
16297.036000
16397.018000
16496.999000
16596.982000
16696.963000
16796.947000
16896.926000
20096.346000
20196.326000
20296.307000
20396.289000
20496.271000
20596.253000
20696.235000
20796.216000
20896.198000
20996.181000
21096.162000
21196.144000
21296.125000
21396.108000
21496.089000
21596.072000
21696.053000
21796.036000
21896.016000
21996.000000
22095.980000
22195.964000
22295.943000
22395.927000
22495.907000
22595.891000
22695.870000
22795.853000
22895.834000
22995.816000
23095.798000
23195.779000
23295.761000
23395.743000
23495.725000
23595.707000
23695.690000
23795.670000
23895.653000
23995.634000
24095.617000
24195.597000
24295.581000
24395.561000
24495.545000
24595.524000
24695.508000
24795.488000
24895.470000
24995.451000
25095.433000
25195.416000
25295.397000
25395.379000
25495.360000
25595.342000
25695.324000
25795.306000
25895.288000
25995.271000
26095.251000
26195.235000
26295.215000
26395.199000
26495.178000
26595.162000
26695.142000
26795.126000
26895.105000
27295.032000
27395.017000
27494.996000
27594.978000
27694.960000
27794.941000
27894.923000
27994.905000
28094.887000
28194.868000
28294.851000
28394.832000
28494.816000
28594.796000
29094.707000
29194.686000
29294.670000
29394.650000
29494.634000
29594.613000
29694.595000
29794.577000
29894.559000
29994.540000
30094.522000
30194.504000
30294.486000
30394.468000
30494.449000
30594.432000
30694.413000
30794.396000
30894.376000
30994.360000
31094.340000
31194.324000
31294.303000
31394.288000
31494.267000
31594.251000
31694.231000
31794.214000
31894.194000
33893.831000
34093.793000
34193.775000
34293.757000
34393.738000
34493.720000
34593.702000
34693.684000
34793.665000
34893.647000
34993.629000
35093.611000
35193.595000
35293.575000
35393.557000
35493.538000
35593.522000
35693.501000
35793.485000
35893.465000
35993.449000
36093.429000
36193.412000
36293.392000
36393.374000
36493.355000
36593.337000
36693.319000
36793.301000
36893.283000
36993.265000
37093.247000
37193.228000
37293.210000
37393.192000
37493.174000
37593.155000
37693.143000
37793.119000
37893.103000
37993.082000
38093.066000
38193.046000
38293.029000
38393.009000
38492.993000
38592.973000
38692.955000
38792.936000
38892.918000
38992.900000
39092.882000
39192.864000
39292.845000
39392.828000
39492.809000
39592.792000
39692.772000
39792.755000
39892.736000
39992.720000
40092.699000
40192.683000
40292.663000
40392.646000
40492.626000
40592.609000
40692.590000
40792.572000
40892.553000
40992.535000
41092.517000
41192.499000
41292.480000
41392.462000
41492.445000
41592.426000
41692.408000
41792.389000
41892.372000
42492.263000
42592.243000
42692.227000
42792.207000
42892.188000
42992.170000
43092.152000
43192.134000
43292.115000
43392.097000
43492.079000
43592.061000
43692.043000
43792.025000
43892.006000
43991.989000
44091.969000
44191.953000
44291.933000
44391.917000
44491.896000
44591.881000
44691.860000
44791.843000
44891.824000
44991.805000
45091.787000
45191.769000
45291.750000
45391.732000
45491.714000
45591.696000
45691.678000
45791.659000
45891.642000
45991.623000
46091.606000
46191.586000
46291.570000
46391.550000
46491.533000
46591.513000
46691.497000
46791.477000
46891.460000
49191.041000
49391.002000
49490.984000
49590.966000
49690.948000
49790.929000
49890.912000
49990.893000
50090.876000
50190.856000
50290.840000
50390.820000
50490.804000
50590.784000
50690.767000
50790.747000
50890.731000
50990.710000
51090.694000
51190.674000
51290.655000
51390.637000
51490.619000
51590.601000
51690.582000
51790.564000
51890.546000
51990.528000
52090.510000
52190.492000
52290.473000
52390.457000
52490.437000
52590.420000
52690.400000
52790.384000
52890.363000
52990.348000
53090.327000
53190.310000
53290.291000
53390.272000
53490.254000
53590.236000
53690.218000
53790.199000
53890.181000
53990.163000
54090.145000
54190.126000
54290.109000
54390.090000
54490.073000
54590.054000
54690.037000
54790.017000
54890.001000
54989.980000
55089.964000
55189.943000
55289.926000
55389.907000
55489.889000
55589.871000
55689.853000
55789.834000
55889.816000
55989.797000
56089.779000
56189.761000
56289.743000
56389.725000
56489.706000
56589.690000
56689.670000
56789.653000
56889.633000
56989.617000
57089.597000
57189.580000
57289.560000
57389.544000
57489.524000
57589.506000
57689.487000
57789.469000
57889.451000
57989.433000
58089.414000
58189.396000
58289.378000
58389.360000
58489.342000
58589.323000
58689.307000
58789.286000
58889.270000
58989.250000
59089.234000
59189.213000
59289.197000
59389.177000
59489.158000
59589.140000
59689.122000
59789.104000
59889.086000
59989.067000
60089.049000
60189.031000
60289.013000
60388.995000
60488.976000
60588.959000
60688.939000
60788.923000
60888.903000
60988.887000
61088.867000
61188.849000
61288.830000
61388.814000
61888.720000
67387.716000
67487.700000
67587.679000
67687.661000
67787.643000
67887.625000
67987.606000
68087.588000
68187.570000
68287.551000
68387.534000
68487.515000
68587.498000
68687.478000
68787.462000
68887.442000
68987.426000
69087.405000
69187.389000
69287.369000
69387.351000
69487.332000
69587.314000
69687.296000
69787.278000
69887.259000
69987.241000
70087.223000
70187.204000
70287.187000
70387.168000
70487.150000
70587.131000
70687.115000
70787.095000
70887.079000
70987.058000
71087.042000
71187.022000
71287.006000
71386.985000
71486.968000
71586.949000
71686.930000
71786.912000
71886.894000
71986.876000
72086.858000
72186.839000
72286.821000
72386.803000
72486.784000
72586.767000
72686.748000
72786.731000
72886.711000
72986.695000
73086.675000
73186.659000
73286.638000
73386.621000
73486.602000
73586.583000
73686.565000
73786.547000
73886.529000
73986.510000
74086.492000
74186.474000
74286.456000
74386.437000
74486.420000
74586.401000
74686.385000
74786.364000
74886.348000
74986.328000
75086.312000
75186.291000
75286.274000
75386.255000
75486.238000
75586.218000
75686.200000
75786.181000
75886.163000
75986.145000
76086.127000
76186.109000
76286.090000
76386.073000
76486.054000
76586.036000
76686.017000
76786.001000
76885.981000
76985.965000
77085.944000
77185.928000
77285.908000
77385.890000
77485.871000
77585.854000
77685.835000
77785.816000
77885.798000
77985.779000
78085.761000
78185.743000
78285.725000
78385.706000
78485.690000
78585.670000
78685.653000
78785.633000
78885.617000
78985.597000
79085.581000
79185.560000
79285.542000
79385.524000
79485.505000
79585.487000
79685.469000
79785.451000
79885.432000
79985.414000
80085.396000
80185.378000
80285.359000
80385.342000
80485.323000
80585.306000
80685.286000
80785.270000
80885.249000
80985.233000
81085.213000
81185.197000
81285.177000
81385.158000
81485.141000
81585.122000
81685.104000
81785.085000
81885.067000
81985.048000
82085.031000
82185.012000
82284.995000
82384.975000
82484.959000
82584.939000
82684.923000
82784.902000
82884.886000
82984.866000
83084.849000
83184.829000
83284.811000
83384.792000
83484.774000
83584.756000
83684.738000
83784.720000
83884.701000
83984.683000
84084.664000
84184.646000
84284.628000
84384.610000
84484.592000
84584.575000
84684.555000
84784.540000
84884.518000
84984.502000
85084.482000
85184.463000
85284.445000
85384.427000
85484.409000
85584.390000
85684.372000
85784.354000
85884.336000
85984.318000
86084.300000
86184.281000
86284.264000
86384.244000
86484.228000
86584.208000
86684.191000
86784.171000
86884.155000
86984.134000
87084.116000
87184.098000
87284.079000
87384.061000
89783.622000
89883.605000
89983.586000
90083.569000
90183.549000
90283.533000
90383.513000
90483.497000
90583.476000
90683.459000
90783.439000
90883.421000
90983.403000
91083.385000
91183.366000
91283.348000
91383.330000
91483.312000
91583.294000
91683.275000
91783.257000
91883.238000
91983.222000
92083.202000
92183.186000
92283.165000
92383.149000
92483.129000
92583.112000
92683.092000
92783.074000
92883.056000
92983.037000
93083.019000
93183.001000
93282.982000
93382.965000
93482.946000
93582.928000
93682.911000
93782.891000
93882.875000
93982.855000
94082.838000
94182.818000
94282.802000
94382.781000
94482.765000
94582.745000
94682.727000
94782.708000
94882.690000
94982.672000
95082.653000
95182.635000
95282.617000
95382.599000
95482.580000
95582.563000
95682.544000
95782.527000
95882.507000
95982.491000
96082.471000
96182.455000
96282.434000
96382.417000
96482.397000
96582.379000
96682.361000
96782.342000
96882.324000
96982.306000
97082.288000
97182.269000
97282.252000
97382.233000
97682.180000
97782.159000
97882.144000
97982.123000
98082.107000
98182.087000
98282.070000
98382.050000
98482.031000
98582.013000
98681.995000
98781.978000
98881.959000
98981.941000
99481.849000
99581.833000
99681.812000
99781.797000
99881.776000
99981.759000
100081.739000
100181.721000
100281.702000
100381.684000
100481.666000
100581.647000
100681.629000
100781.611000
100881.593000
100981.575000
101081.557000
101181.538000
101281.521000
101381.501000
101481.485000
101581.465000
101681.448000
101781.428000
101881.411000
101981.391000
102081.373000
102181.355000
102281.336000
102381.318000
103781.063000
103881.044000
103981.025000
104081.007000
104180.989000
104280.971000
104380.952000
104480.934000
104580.916000
104680.898000
104780.879000
104880.863000
104980.842000
105080.826000
105180.806000
105280.790000
105380.769000
105480.753000
105580.733000
105680.717000
105780.696000
105880.678000
105980.659000
106080.641000
106180.623000
106280.605000
106380.586000
106480.568000
106580.550000
106680.532000
106780.515000
106880.495000
106980.479000
107080.458000
107180.442000
107280.422000
107380.405000
107480.385000
107580.369000
107680.349000
107780.330000
107880.313000
107980.294000
108080.275000
108180.257000
108280.239000
108380.221000
108480.203000
108580.184000
108680.167000
108780.147000
108880.131000
108980.111000
109080.094000
109180.074000
109280.057000
109380.037000
109480.019000
109580.001000
109679.983000
109779.965000
109879.946000
109979.928000
110079.910000
110179.892000
110279.873000
110379.855000
110479.836000
110579.820000
110679.800000
110779.784000
110879.763000
110979.747000
111079.726000
111179.709000
111279.690000
111379.671000
111479.653000
111579.635000
111679.617000
111779.598000
111879.580000
111979.562000
112079.544000
112179.525000
112279.509000
112379.489000
112479.472000
112579.452000
112679.436000
112779.415000
112879.399000
112979.379000
113079.363000
113179.342000
113279.324000
113379.306000
113479.287000
113579.269000
113679.251000
113779.233000
113879.214000
113979.197000
114079.178000
114179.161000
114279.141000
114379.125000
114479.104000
114579.088000
114679.068000
114779.051000
114879.032000
114979.013000
115078.995000
115178.976000
115278.958000
115378.939000
115478.922000
115578.903000
115678.886000
115778.866000
115878.850000
115978.830000
116078.814000
116178.793000
116278.777000
116378.756000
116478.740000
116578.720000
116678.702000
116778.683000
116878.665000
116978.647000
117078.629000
117178.610000
117278.592000
117378.574000
122877.568000
122977.549000
123077.532000
123177.512000
123277.496000
123377.475000
123477.459000
123577.439000
123677.422000
123777.402000
123877.384000
123977.366000
124077.347000
124177.329000
124277.311000
124377.292000
124477.274000
124577.256000
124677.237000
124777.220000
124877.201000
124977.184000
125077.164000
125177.148000
125277.128000
125377.112000
125477.091000
125577.075000
125677.055000
125777.037000
125877.018000
125977.000000
126076.981000
126176.963000
126276.945000
126376.926000
126476.909000
126576.890000
126676.873000
126776.854000
126876.837000
126976.817000
127076.801000
127176.780000
127276.764000
127376.744000
127476.727000
127576.707000
127676.689000
127776.670000
127876.652000
127976.634000
128076.615000
128176.597000
128276.579000
128376.561000
128476.542000
128576.525000
128676.506000
128776.490000
128876.469000
128976.453000
129076.432000
129176.416000
129276.396000
129376.377000
129476.359000
129576.341000
129676.323000
129776.304000
129876.286000
129976.268000
130076.250000
130176.231000
130276.214000
130376.195000
130476.179000
130576.158000
130676.142000
130776.121000
130876.106000
130976.085000
131076.068000
131176.049000
131276.030000
131376.012000
131475.993000
131575.975000
131675.957000
131775.939000
131875.920000
131975.903000
132075.883000
132175.867000
132575.794000
132675.774000
132775.757000
132875.737000
132975.720000
133075.700000
133175.682000
133275.664000
133375.646000
133475.627000
133575.609000
133675.591000
133775.572000
133875.555000
133975.536000
134075.520000
134175.499000
134275.483000
134375.462000
134475.446000
134575.426000
134675.408000
134775.389000
134875.371000
134975.353000
135075.334000
135175.316000
135275.298000
135375.279000
135475.261000
135575.244000
135675.225000
135775.208000
135875.188000
135975.172000
136075.151000
136175.135000
136275.115000
136375.099000
136475.078000
136575.060000
136675.041000
136775.023000
136875.005000
136974.986000
137074.968000
137174.950000
137274.932000
137374.913000
137474.897000
137574.877000
137674.860000
137774.840000
137874.824000
137974.803000
142274.016000
142373.998000
142473.980000
142573.962000
142673.943000
142773.925000
142873.906000
142973.890000
143073.870000
143173.854000
143273.833000
143373.817000
143473.797000
143573.780000
143673.760000
143773.742000
143873.723000
143973.705000
144073.687000
144173.668000
144273.650000
144373.632000
144473.614000
144573.595000
144673.578000
144773.559000
144873.542000
144973.522000
145073.506000
145173.485000
145273.469000
145373.449000
145473.431000
145573.412000
145673.394000
145773.376000
145873.357000
145973.339000
146073.322000
146173.303000
146273.284000
146373.267000
146473.247000
146573.231000
146673.211000
146773.194000
146873.174000
146973.159000
147073.139000
147173.121000
147273.101000
147373.083000
147473.065000
147573.046000
147673.028000
147773.010000
147872.992000
147972.973000
148072.956000
148172.936000
148272.920000
148372.900000
148472.884000
148572.863000
148672.847000
148772.826000
148872.810000
148972.790000
149072.771000
149172.753000
149272.735000
149372.717000
149472.698000
149572.680000
149672.662000
149772.643000
149872.625000
149972.607000
150072.588000
150172.572000
150272.552000
150372.536000
150472.515000
150572.498000
150672.479000
150772.462000
150872.442000
150972.424000
151072.406000
151172.387000
151272.369000
151372.351000
151472.332000
151572.314000
151672.296000
151772.277000
151872.260000
151972.241000
152072.225000
152172.204000
152272.188000
152372.167000
152472.151000
152572.131000
152672.113000
152772.094000
152872.076000
152972.057000
153072.039000
153172.021000
153272.002000
153371.985000
153471.966000
153571.949000
153671.929000
154271.819000
154371.801000
154471.783000
154871.710000
154971.691000
155071.673000
155171.655000
155271.638000
155371.618000
155471.602000
155571.582000
155671.566000
155771.545000
155871.529000
155971.508000
156071.492000
156171.472000
156271.453000
156371.435000
156471.417000
156571.399000
156671.380000
156771.362000
156871.343000
156971.327000
157071.307000
157171.290000
157271.270000
157371.254000
157471.234000
157571.217000
157671.197000
157771.180000
157871.160000
157971.142000
160070.758000
160270.721000
160370.703000
160470.684000
160570.667000
160670.647000
160770.631000
160870.611000
160970.595000
161070.574000
161170.558000
161270.538000
161370.519000
161470.501000
161570.483000
161670.464000
161770.446000
161870.428000
161970.409000
162070.392000
162170.373000
162270.355000
162370.336000
162470.320000
162570.300000
162670.283000
162770.263000
162870.246000
162970.226000
163070.209000
163170.190000
163270.172000
163370.153000
163470.135000
163570.117000
163670.098000
163770.081000
163870.061000
163970.045000
164070.025000
164170.009000
164269.988000
164369.972000
164469.952000
164569.935000
164669.915000
164769.900000
164869.879000
164969.860000
165069.842000
165169.823000
165269.806000
165369.787000
165469.769000
165569.750000
165669.733000
165769.714000
165869.697000
165969.677000
166069.659000
166169.640000
166269.622000
166369.604000
166469.585000
166569.567000
166669.549000
166769.530000
166869.512000
166969.494000
167069.475000
167169.457000
167269.439000
167369.421000
167469.402000
167569.385000
167669.365000
167769.349000
167869.329000
167969.313000
168069.292000
168569.201000
168669.183000
168769.164000
168869.146000
168969.127000
169069.110000
169169.091000
169269.074000
169369.054000
169768.981000
169868.965000
169968.945000
170068.928000
170168.908000
170268.889000
170368.871000
170468.853000
170568.835000
170668.816000
170768.798000
170868.779000
170968.763000
171068.743000
171168.726000
171268.706000
171368.690000
171468.670000
171568.653000
171668.633000
171768.615000
171868.596000
171968.578000
172068.560000
172168.542000
172268.523000
172368.505000
172468.487000
172568.468000
172668.451000
172768.431000
172868.415000
172968.395000
173068.379000
175867.864000
175967.846000
176067.828000
176167.809000
176267.792000
176367.772000
176467.756000
176567.736000
176667.719000
176767.699000
176867.682000
176967.662000
177067.646000
177167.626000
177267.607000
177367.589000
177467.571000
177567.553000
177667.534000
177767.516000
177867.497000
177967.480000
178067.461000
178167.444000
178267.424000
178367.408000
178467.387000
178567.371000
178667.351000
178767.333000
178867.314000
178967.296000
179067.278000
179167.260000
179267.241000
179367.223000
179467.205000
179567.186000
179667.169000
179767.150000
179867.133000
179967.113000
180067.097000
180167.077000
180267.061000
180367.040000
180467.023000
180567.003000
180666.985000
180766.967000
180866.948000
180966.930000
181066.911000
181166.894000
181266.875000
181366.859000
181466.838000
181566.822000
181666.802000
181766.786000
181866.765000
181966.749000
182066.728000
182166.711000
182266.692000
182366.673000
182466.655000
182566.637000
182666.618000
182766.600000
182866.582000
182966.564000
183066.547000
184966.199000
185166.162000
185266.142000
185366.126000
185466.106000
185566.090000
185666.069000
185766.052000
185866.032000
185966.014000
186065.995000
186165.977000
186265.959000
186365.941000
186465.923000
186565.904000
186665.887000
186765.867000
186865.851000
186965.831000
187065.815000
187165.794000
187265.778000
187365.757000
187465.739000
188065.629000
193864.569000
193964.549000
194064.533000
194164.512000
194264.496000
194364.476000
194464.459000
194564.439000
194664.421000
194764.402000
194864.384000
194964.366000
195064.348000
195164.330000
195264.311000
195364.293000
195464.274000
195564.257000
195664.238000
195764.222000
195864.201000
195964.185000
196064.164000
196164.148000
196264.128000
196364.110000
196464.091000
196564.073000
196664.055000
196764.036000
196864.018000
196964.000000
197063.983000
197163.963000
197263.947000
197363.926000
197463.911000
197563.890000
197663.874000
197763.853000
197863.837000
197963.817000
198063.798000
198163.780000
198263.761000
198363.743000
198463.725000
198563.707000
198663.688000
198763.670000
198863.652000
198963.633000
199063.615000
199163.597000
199263.578000
199363.562000
199463.542000
199563.526000
199663.505000
199763.487000
199863.468000
199963.450000
200063.432000
200163.414000
200263.395000
200363.377000
200463.359000
200563.340000
200663.323000
200763.304000
200863.287000
200963.267000
201063.251000
201163.230000
201263.214000
201363.194000
201463.177000
201563.157000
201663.139000
201763.120000
201863.102000
201963.084000
202063.066000
202163.047000
202263.029000
202363.011000
202462.992000
202562.975000
202662.956000
202762.939000
202862.919000
202962.903000
203062.882000
203162.866000
203262.846000
203362.827000
203462.809000
203562.791000
203662.773000
203762.754000
203862.736000
203962.718000
204062.700000
204162.681000
204262.664000
204362.644000
204462.628000
204562.608000
204662.592000
204762.571000
204862.554000
204962.534000
205062.516000
205162.498000
205262.479000
205362.461000
205462.443000
205562.424000
205662.406000
205762.389000
205862.370000
205962.353000
206062.333000
206162.317000
206262.296000
206362.280000
206462.260000
206562.243000
206662.223000
206762.205000
206862.186000
206962.168000
207062.150000
207162.132000
207262.113000
207362.095000
207462.077000
207562.058000
207662.041000
207762.021000
207862.005000
207961.985000
208061.969000
208161.948000
208261.932000
208361.912000
208461.893000
208561.875000
208661.857000
208761.838000
208861.820000
211561.326000
211661.309000
211761.289000
211861.270000
211961.252000
212061.234000
212161.215000
212261.198000
212361.179000
212461.161000
212561.143000
212661.124000
212761.107000
212861.087000
212961.071000
213061.051000
213161.035000
213261.014000
213360.999000
213460.978000
213560.960000
213660.941000
213760.923000
213860.904000
213960.886000
214060.868000
214160.849000
214260.832000
214360.813000
214460.796000
214560.776000
214660.760000
214760.739000
214860.723000
214960.703000
215060.687000
215160.666000
215260.648000
215360.629000
215460.611000
215560.593000
215660.574000
215760.557000
215860.538000
215960.520000
216060.501000
216160.484000
216260.464000
216360.448000
216460.428000
216560.412000
216660.391000
216760.375000
216860.355000
216960.337000
217060.318000
217160.299000
217260.281000
217360.263000
217460.245000
217560.226000
217660.208000
217760.190000
217860.172000
217960.153000
218060.136000
218160.116000
218260.100000
218360.080000
218460.064000
218560.043000
218660.027000
218760.007000
218859.988000
218959.970000
219059.952000
219159.933000
219259.915000
219359.897000
219459.878000
221159.567000
221259.549000
221359.530000
221459.513000
221559.494000
221659.477000
221759.457000
221859.441000
221959.420000
222059.404000
222159.384000
222259.365000
222359.347000
222459.329000
222559.310000
222659.292000
223159.201000
223259.182000
223359.166000
223459.145000
223559.130000
223659.109000
223759.093000
223859.072000
229957.956000
230057.937000
230157.920000
230257.900000
230357.884000
230457.864000
230557.848000
230657.827000
230757.811000
230857.790000
230957.772000
231057.754000
231157.735000
231257.717000
231357.699000
231457.680000
231557.662000
231657.644000
231757.625000
231857.607000
231957.589000
232057.579000
232157.552000
232257.536000
232357.516000
232457.499000
232557.480000
232657.462000
232757.442000
232857.424000
232957.406000
233057.387000
233157.369000
233257.351000
233357.333000
233457.314000
233557.297000
233657.277000
233757.261000
233857.241000
233957.225000
234057.204000
234157.188000
234257.168000
234357.150000
234457.131000
234557.113000
234657.094000
234757.076000
234857.058000
234957.040000
235057.021000
235157.003000
235256.985000
235356.966000
235456.949000
235556.930000
235656.913000
235756.893000
235856.877000
235956.858000
236056.840000
236156.819000
236256.801000
236356.783000
236456.765000
236556.747000
236656.728000
236756.710000
236856.692000
236956.674000
237056.655000
237156.638000
237256.618000
237356.602000
237456.582000
237556.566000
237656.545000
237756.529000
237856.508000
237956.490000
238056.472000
238156.453000
238256.435000
238356.417000
238456.399000
238556.380000
238656.363000
238756.343000
238856.327000
238956.307000
239056.291000
239156.270000
239256.254000
239356.233000
239456.217000
239556.197000
239656.178000
239756.160000
239856.142000
239956.124000
240056.105000
240156.087000
240256.069000
240356.051000
240456.032000
240556.015000
240655.995000
240755.979000
240855.959000
240955.943000
241055.922000
241155.905000
244455.299000
244555.283000
244655.262000
244755.245000
244855.226000
244955.208000
245055.189000
245155.171000
245255.153000
245355.134000
245455.117000
245555.098000
245655.080000
245755.061000
245855.045000
245955.025000
246055.009000
246154.988000
246254.972000
246354.951000
246454.934000
246554.915000
246654.896000
246754.878000
246854.860000
246954.842000
247054.823000
247154.806000
247254.786000
247354.770000
247454.750000
247554.733000
247654.713000
247754.697000
247854.676000
247954.660000
248054.640000
248154.621000
248254.603000
248354.585000
248454.573000
248554.548000
248654.530000
248754.511000
248854.493000
248954.475000
249054.457000
249154.438000
249254.422000
249354.402000
249454.385000
249554.365000
249654.349000
249754.328000
249854.312000
249954.292000
250054.275000
255053.358000
255153.340000
255253.321000
255353.303000
255453.284000
255553.266000
255653.248000
255753.229000
255853.211000
255953.193000
256053.175000
256153.156000
256253.140000
256353.119000
256453.103000
256553.083000
256653.066000
256753.046000
256853.028000
256953.009000
257052.991000
257152.973000
257252.955000
257352.936000
257452.918000
257552.900000
257652.882000
257752.864000
257852.845000
257952.828000
258052.808000
258152.792000
258252.771000
258352.755000
258452.735000
258552.718000
258652.698000
258752.680000
258852.662000
258952.644000
259052.625000
259152.606000
259252.588000
259352.570000
259452.553000
259552.533000
259652.517000
259752.497000
259852.480000
259952.460000
260052.444000
260152.423000
260252.407000
260352.387000
260452.368000
260552.350000
260652.332000
260752.313000
260852.295000
260952.277000
261052.259000
261152.241000
261252.222000
261352.205000
261452.185000
261552.169000
261652.149000
261752.133000
261852.112000
261952.096000
262052.076000
262152.060000
262252.039000
262352.020000
262452.002000
262851.930000
262951.911000
263051.894000
263151.874000
263251.859000
263351.837000
263451.822000
263551.801000
263651.785000
263751.765000
263851.748000
263951.727000
264051.709000
264151.691000
264251.672000
264351.654000
264451.635000
264551.618000
264651.599000
264751.581000
264851.571000
264951.546000
265051.526000
265151.510000
278649.035000
278848.998000
278948.982000
279048.962000
279148.946000
279248.925000
279348.909000
279448.889000
279548.871000
279648.852000
279748.834000
279848.815000
279948.797000
280048.779000
280148.760000
280248.743000
280348.724000
280448.707000
280548.687000
280648.671000
280748.651000
280848.632000
280948.614000
281048.596000
281148.577000
281248.565000
281348.545000
281448.522000
281548.504000
281648.486000
281748.467000
281848.449000
281948.431000
282048.412000
282148.395000
282248.376000
282348.359000
282448.339000
282548.324000
282648.303000
282748.287000
282848.266000
282948.250000
283048.229000
283148.211000
283248.193000
283348.175000
283448.156000
283548.138000
283648.120000
283748.101000
283848.084000
283948.065000
284048.048000
284148.028000
284248.012000
284347.992000
284447.975000
284547.955000
284647.939000
284747.918000
284847.902000
284947.882000
285047.863000
285147.845000
285247.827000
285347.808000
285447.790000
285547.772000
285647.753000
285747.736000
285847.717000
285947.700000
286047.680000
286147.664000
286247.644000
286347.627000
286447.607000
288047.316000
288147.295000
288247.278000
288347.259000
288447.243000
288547.222000
288647.204000
288747.186000
288847.167000
288947.149000
289047.130000
289147.113000
289247.094000
289347.077000
289447.057000
289547.041000
289647.021000
289747.004000
289846.984000
289946.967000
290046.948000
290146.929000
290246.911000
290346.893000
290446.874000
290546.856000
290646.838000
290746.819000
290846.802000
290946.783000
291046.766000
291146.746000
291246.730000
291346.710000
291446.694000
291546.673000
291646.657000
291746.636000
291846.618000
291946.599000
292046.581000
292146.563000
292246.545000
292346.526000
292446.508000
292546.490000
292646.471000
292746.455000
292846.435000
292946.418000
293046.398000
293146.382000
293246.361000
293346.346000
293446.325000
293546.308000
293646.288000
294246.179000
294346.160000
294446.143000
294546.124000
294646.108000
294746.087000
294846.071000
294946.050000
295046.033000
295146.013000
295245.997000
295345.977000
295445.959000
295545.940000
295645.922000
295745.903000
295845.885000
295945.868000
296045.848000
296145.831000
296245.812000
296345.796000
296445.775000
296545.760000
296645.739000
296745.723000
296845.702000
296945.684000
297045.665000
297145.647000
297245.628000
297345.610000
297445.592000
297545.573000
297645.557000
297745.537000
297845.520000
297945.500000
298045.484000
298145.464000
298245.447000
298345.427000
298445.411000
298545.391000
298645.374000
298745.354000
298845.336000
298945.317000
299045.299000
299145.280000
299245.262000
299345.244000
299445.225000
299545.208000
299645.189000
299745.173000
299845.152000
299945.136000
300045.116000
300145.099000
300245.079000
300345.062000
300445.042000
300545.024000
300645.006000
300744.987000
300844.969000
300944.951000
301044.933000
301144.914000
301244.897000
301344.878000
301444.861000
301544.841000
301644.825000
301744.804000
301844.788000
301944.767000
302044.751000
302144.731000
302244.712000
302344.695000
302444.676000
302544.658000
302644.639000
302744.621000
302844.603000
302944.585000
303044.566000
303144.550000
303244.529000
303344.513000
303444.493000
303544.476000
303644.456000
303744.439000
303844.420000
304644.274000
304744.254000
304844.237000
304944.218000
305044.202000
305144.181000
305244.165000
305344.145000
305444.128000
305544.108000
305644.090000
305744.071000
305844.053000
305944.035000
306044.016000
306143.998000
306243.980000
306343.962000
306443.943000
306543.926000
306643.906000
306743.890000
306843.870000
306943.854000
307043.833000
307143.818000
307243.796000
307343.778000
307443.760000
307543.741000
307643.723000
307743.705000
307843.688000
307943.668000
308043.651000
308143.632000
308243.615000
308343.595000
308443.579000
308543.558000
308643.542000
308743.522000
317141.985000
317241.964000
317341.948000
317441.928000
317541.910000
317641.891000
317741.873000
317841.855000
317941.836000
318041.818000
318141.800000
318241.782000
318341.764000
318441.746000
318541.727000
318641.710000
318741.690000
318841.674000
318941.653000
319041.637000
319141.617000
319241.601000
319341.580000
319441.562000
319541.543000
319641.525000
319741.507000
319841.489000
319941.470000
320041.452000
320141.436000
320241.415000
320341.399000
320441.379000
320541.362000
320641.342000
320741.326000
320841.305000
320941.289000
321041.268000
321141.250000
321241.232000
321341.214000
321441.196000
321541.177000
321641.160000
321741.140000
321841.123000
321941.104000
322041.087000
322141.067000
322241.051000
322441.014000
322540.994000
322640.977000
322740.957000
322840.939000
322940.920000
323040.902000
323140.884000
323240.866000
323340.847000
323440.829000
323540.811000
323640.792000
323740.775000
323840.755000
323940.739000
324040.719000
324140.703000
324240.682000
324340.666000
324440.646000
324540.627000
324640.609000
325940.371000
326040.355000
326140.334000
326240.316000
326340.298000
326440.280000
326540.261000
326640.243000
326740.224000
326840.206000
326940.188000
327040.170000
327140.152000
327240.133000
327340.117000
327440.096000
327540.081000
327640.060000
327740.043000
327840.023000
327940.004000
328039.987000
328139.968000
328239.950000
328339.931000
328439.914000
328539.895000
328639.877000
328739.858000
328839.842000
328939.821000
329039.805000
329139.785000
329239.769000
329339.749000
329439.732000
329539.711000
329639.695000
329739.675000
329839.657000
329939.638000
330039.620000
330139.602000
330239.583000
330339.566000
330439.547000
330539.528000
330639.511000
330739.493000
330839.473000
330939.457000
331039.437000
331139.421000
331239.400000
331339.383000
331439.363000
331539.345000
331639.327000
331739.308000
331839.290000
331939.272000
332039.254000
332139.235000
332239.218000
332339.198000
337238.301000
337438.264000
337538.247000
337638.227000
337738.211000
337838.191000
337938.175000
338038.154000
338138.138000
338238.118000
338338.099000
338438.081000
338538.063000
338638.044000
338738.026000
338838.008000
338937.989000
339037.972000
339137.953000
339237.937000
339337.916000
339437.900000
339537.879000
339637.863000
339737.843000
339837.827000
339937.806000
340037.788000
340137.770000
340237.751000
340337.733000
340437.714000
340537.696000
340637.678000
340737.660000
340837.641000
340937.625000
341037.605000
341137.588000
341237.568000
341337.552000
341437.531000
341537.515000
341637.495000
341737.476000
341837.458000
341937.440000
342037.421000
342137.403000
342237.385000
342337.366000
342437.349000
342637.313000
342737.293000
342837.277000
342937.257000
343037.240000
343137.220000
343237.204000
343337.184000
343437.165000
343537.147000
343637.129000
343737.110000
343837.092000
343937.074000
344037.055000
344137.038000
344237.019000
344337.001000
344436.982000
344536.966000
344636.945000
346836.542000
346936.524000
347036.506000
347136.487000
347236.469000
347336.451000
347436.432000
347536.414000
353835.260000
354035.224000
354235.186000
354335.168000
354435.150000
354535.132000
354635.113000
354735.096000
354835.077000
354935.060000
355035.040000
355135.024000
355235.004000
355334.987000
355434.967000
355534.948000
355634.930000
355734.912000
355834.894000
355934.875000
356034.857000
356134.838000
356234.821000
356334.802000
356434.785000
356534.766000
356634.749000
356734.729000
356834.713000
356934.692000
357034.675000
357134.655000
357234.639000
357334.619000
357434.600000
357534.582000
357634.564000
357734.545000
357834.527000
357934.509000
358034.490000
358134.473000
358234.454000
358334.437000
358434.417000
358534.401000
358634.381000
358734.364000
358834.344000
358934.327000
359034.307000
359134.289000
359234.271000
359334.252000
359434.234000
359534.216000
359634.198000
359734.179000
359834.161000
359934.142000
360034.126000
360134.106000
