399.984000
799.967000
1199.951000
1599.935000
1999.919000
2399.903000
2799.888000
3199.871000
3599.854000
3999.837000
4399.821000
4799.805000
5199.788000
5599.772000
5999.756000
6399.742000
6799.726000
7199.708000
7599.691000
7999.674000
8399.658000
8799.642000
9199.626000
9599.609000
9999.593000
10399.579000
10799.562000
11199.544000
11599.528000
11999.512000
12399.496000
12799.479000
13199.463000
13599.446000
13999.431000
14399.416000
14799.399000
15199.381000
15599.365000
15999.348000
16399.332000
16799.316000
17199.300000
17599.283000
17999.267000
18399.253000
18799.235000
19199.218000
19599.202000
19999.185000
20399.169000
22399.089000
22799.072000
23199.054000
23599.038000
23999.022000
24399.006000
24798.989000
25198.973000
25598.957000
25998.942000
26398.927000
26798.909000
27198.891000
27598.879000
27998.859000
28398.842000
28798.826000
29198.810000
29598.793000
29998.777000
30398.763000
30798.745000
31198.728000
31598.711000
31998.695000
32398.679000
32798.662000
33198.646000
33598.630000
33998.615000
34398.599000
34798.582000
35198.565000
35598.548000
35998.532000
36398.516000
36798.499000
37198.483000
37598.466000
37998.452000
38398.436000
38798.419000
39198.401000
39598.384000
40398.352000
40798.336000
41198.319000
44798.172000
45198.156000
45598.139000
45998.123000
46398.106000
46798.092000
47198.074000
47598.057000
47998.041000
48398.025000
48798.008000
49197.992000
49597.976000
49997.959000
50397.944000
50797.928000
51197.911000
51597.894000
51997.877000
52397.861000
52797.844000
53197.828000
53597.812000
53997.795000
54397.781000
54797.765000
55197.748000
55597.730000
55997.713000
56397.697000
56797.681000
57197.664000
57597.648000
57997.631000
58397.615000
58797.601000
59197.584000
59597.567000
59997.550000
60397.534000
60797.517000
61197.501000
61597.484000
61997.468000
62397.451000
62797.436000
63197.421000
63597.404000
63997.387000
64397.370000
64797.353000
65197.337000
65597.320000
65997.304000
66397.287000
66797.271000
67197.257000
67997.223000
68397.205000
68797.189000
69197.172000
69597.156000
69997.140000
70397.123000
70797.107000
71197.092000
71597.076000
71997.059000
72397.042000
72797.025000
73197.008000
73596.992000
73996.976000
74396.959000
74796.943000
75196.927000
75596.912000
75996.896000
76396.879000
76796.860000
77196.844000
77596.828000
77996.811000
78396.795000
78796.779000
79196.762000
79596.746000
79996.732000
80396.715000
80796.697000
81196.681000
81596.664000
81996.648000
82396.631000
82796.615000
83196.598000
83596.582000
83996.567000
84396.549000
84796.533000
85196.516000
85596.499000
85996.483000
86396.467000
86796.450000
87196.434000
87596.418000
87996.401000
88396.386000
88796.370000
89196.353000
89596.335000
89996.319000
90396.302000
90796.286000
91196.269000
91596.253000
91996.237000
92396.220000
92796.205000
93196.189000
93596.172000
93996.155000
94396.138000
94796.121000
95196.105000
95596.089000
95996.072000
96396.056000
96796.040000
97196.025000
97596.008000
97995.991000
98395.974000
98795.957000
99195.941000
99595.924000
99995.908000
100395.892000
100795.875000
101195.858000
101595.845000
101995.828000
102395.811000
102795.794000
103195.776000
103595.760000
104795.710000
105195.694000
105595.678000
105995.663000
106395.647000
106795.630000
107195.612000
107595.595000
107995.579000
108395.563000
108795.546000
110795.465000
111195.448000
111595.431000
111995.415000
112395.398000
112795.382000
113195.366000
113595.349000
113995.333000
114395.318000
114795.302000
115195.284000
115595.267000
115995.250000
116395.234000
116795.217000
117195.201000
117595.185000
117995.168000
118395.152000
118795.137000
119195.121000
119595.104000
119995.087000
120395.070000
120795.053000
121195.037000
121595.020000
121995.004000
122394.987000
122794.971000
123194.956000
123594.940000
123994.922000
124394.905000
124794.888000
125194.872000
125594.856000
125994.839000
126394.823000
126794.806000
127194.790000
127594.775000
127994.759000
128394.742000
128794.724000
129194.708000
129594.691000
130394.659000
130794.642000
131194.625000
131594.609000
131994.594000
132394.578000
132794.561000
133194.543000
133594.527000
133994.510000
134394.494000
134794.477000
135194.461000
135594.444000
135994.428000
136394.414000
136794.397000
137194.379000
137594.362000
137994.346000
138394.329000
138794.313000
139194.296000
139594.280000
139994.263000
140394.247000
140794.232000
141194.216000
141594.197000
141994.181000
142394.165000
142794.148000
143194.132000
143594.115000
143994.099000
144394.082000
144794.066000
145194.051000
145594.035000
145994.017000
146394.000000
146793.983000
147193.967000
147593.951000
147993.934000
148393.918000
148793.901000
149193.885000
149593.870000
149993.854000
150393.836000
152793.736000
153193.720000
153593.704000
153993.689000
154393.673000
154793.655000
155193.638000
155593.622000
155993.605000
156393.589000
156793.572000
157193.556000
157593.539000
157993.523000
158393.509000
158793.492000
159193.475000
159593.458000
159993.441000
160393.424000
160793.407000
161193.391000
161593.374000
161993.358000
162393.342000
162793.327000
163193.311000
163593.294000
163993.276000
164393.259000
164793.243000
165193.226000
165593.210000
165993.193000
166393.177000
166793.160000
167193.145000
167593.130000
167993.113000
168393.095000
168793.078000
169193.061000
169593.045000
169993.029000
170393.012000
170792.996000
172392.931000
172792.914000
173192.897000
173592.880000
173992.864000
174392.847000
174792.831000
175192.815000
175592.798000
175992.783000
176392.768000
176792.751000
177192.734000
177592.716000
177992.699000
178392.683000
178792.666000
179192.650000
179592.633000
179992.617000
180392.601000
180792.586000
181192.569000
181592.552000
181992.535000
182392.518000
182792.502000
183192.485000
183592.469000
183992.452000
184392.436000
184792.419000
185192.404000
185592.388000
185992.371000
186392.353000
186792.337000
187192.320000
187592.304000
187992.287000
188392.271000
188792.254000
189192.238000
189592.223000
189992.207000
190392.191000
190792.172000
191192.156000
191592.139000
194792.009000
195191.991000
195591.975000
195991.958000
196391.942000
196791.925000
197191.909000
197591.892000
197991.875000
198391.861000
198791.843000
199191.826000
199591.811000
199991.793000
200391.777000
200791.760000
201191.744000
201591.727000
201991.711000
202391.694000
202791.678000
203191.663000
203591.647000
203991.629000
204391.612000
204791.595000
205191.579000
205591.562000
205991.546000
206391.530000
206791.513000
207191.497000
207591.482000
207991.466000
208391.448000
208791.431000
209191.414000
209591.398000
209991.381000
210391.365000
210791.348000
211191.332000
211591.316000
211991.301000
212391.284000
212791.267000
213191.250000
213591.233000
213991.216000
214391.200000
214791.183000
215191.167000
215591.150000
215991.134000
216391.120000
216791.104000
217191.087000
217591.069000
217991.052000
219590.986000
219990.969000
220390.953000
220790.936000
221190.922000
221590.905000
221990.888000
222390.870000
222790.854000
223190.837000
223590.821000
223990.805000
224390.788000
224790.772000
225190.757000
225590.741000
225990.724000
226390.706000
226790.689000
227190.673000
227590.656000
227990.640000
228390.623000
228790.607000
229190.590000
229590.574000
229990.559000
230390.543000
230790.525000
231190.508000
231590.491000
231990.475000
232390.458000
232790.442000
233190.425000
233590.409000
233990.392000
234390.378000
234790.362000
235190.345000
235590.328000
235990.310000
236390.294000
236790.277000
237190.261000
237590.244000
237990.228000
238390.211000
238790.196000
241990.064000
242390.046000
242790.030000
243190.013000
243589.999000
243989.982000
244389.965000
244789.947000
245189.931000
245589.914000
245989.898000
246389.882000
246789.865000
247189.849000
247589.832000
247989.817000
248389.801000
248789.784000
249189.766000
249589.750000
249989.733000
250389.717000
250789.700000
251189.684000
251589.667000
251989.651000
252389.636000
252789.620000
253189.604000
253589.586000
253989.569000
254389.552000
254789.535000
255189.519000
255589.502000
255989.486000
256389.470000
256789.455000
257189.439000
257589.422000
257989.404000
258389.387000
258789.371000
259189.354000
259589.338000
259989.321000
260389.305000
260789.288000
261189.272000
261589.257000
261989.241000
262389.223000
262789.206000
263189.189000
263589.173000
263989.156000
264389.140000
265989.076000
266389.060000
266789.042000
267189.025000
267589.008000
267988.991000
268388.975000
268788.959000
269188.942000
269588.926000
269988.909000
270388.894000
270788.878000
271188.861000
271588.844000
271988.827000
272388.810000
272788.794000
273188.778000
273588.761000
273988.744000
274388.728000
274788.711000
275188.695000
275588.680000
275988.662000
276388.645000
276788.629000
277188.612000
277588.596000
277988.579000
278388.563000
278788.546000
279188.530000
279588.515000
279988.499000
280388.481000
280788.464000
281188.447000
281588.431000
281988.414000
282388.398000
282788.381000
283188.365000
283588.348000
283988.333000
284388.318000
284788.300000
285188.283000
285588.266000
285988.250000
286388.233000
286788.217000
287188.200000
287588.184000
287988.167000
288388.153000
288788.136000
289188.119000
289588.102000
289988.085000
290388.068000
290788.052000
291188.035000
291588.019000
291988.002000
292387.986000
292787.969000
293187.954000
293587.939000
293987.920000
294387.903000
294787.887000
295187.870000
295587.854000
295987.837000
296387.821000
296787.804000
297187.788000
297587.772000
297987.757000
298387.740000
298787.722000
299187.705000
299587.689000
299987.672000
300387.656000
300787.639000
301187.623000
301587.606000
301987.590000
302387.575000
302787.558000
303187.541000
303587.524000
303987.507000
304387.491000
304787.474000
305187.458000
305587.441000
305987.425000
306387.408000
306787.394000
307187.377000
307587.360000
307987.342000
309187.293000
309587.276000
309987.260000
310387.243000
310787.227000
311187.212000
311587.196000
312387.163000
312787.144000
313187.128000
313587.113000
313987.095000
314387.078000
314787.062000
315187.045000
315587.029000
315987.014000
316386.998000
316786.980000
317186.963000
317586.946000
317986.930000
318386.914000
318786.897000
319186.880000
319586.864000
319986.847000
320386.833000
320786.817000
321186.799000
321586.782000
321986.765000
322386.748000
322786.732000
323186.715000
323586.699000
323986.682000
324386.666000
324786.650000
325186.635000
325586.618000
325986.601000
326386.583000
326786.567000
327186.550000
327586.534000
327986.518000
328386.501000
328786.484000
329186.468000
329586.453000
329986.438000
330386.421000
330786.403000
331186.386000
331586.369000
331986.352000
332386.336000
333186.303000
333586.287000
333986.271000
334386.256000
334786.239000
335186.221000
335586.204000
335986.187000
336386.171000
336786.154000
337186.138000
337586.121000
337986.105000
338386.091000
338786.074000
339186.058000
339586.040000
339986.022000
340386.006000
340785.989000
341185.973000
341585.957000
341985.940000
342385.924000
342785.907000
343185.891000
343585.876000
343985.859000
344385.842000
344785.824000
345185.808000
345585.791000
345985.775000
346385.758000
346785.742000
347185.726000
347585.709000
347985.695000
349585.627000
349985.611000
350385.594000
350785.577000
351185.560000
351585.544000
351985.527000
352385.513000
352785.496000
353185.479000
355185.395000
355585.379000
355985.362000
356385.346000
356785.331000
357185.315000
357585.298000
357985.281000
358385.264000
358785.247000
359185.231000
359585.214000
359985.198000
360385.181000
360785.164000
361185.148000
361585.133000
361985.117000
362385.100000
362785.082000
363185.066000
363585.049000
363985.033000
364385.016000
364785.000000
365184.983000
365584.967000
365984.952000
366384.936000
366784.918000
367184.902000
367584.884000
367984.868000
368384.851000
368784.835000
369184.818000
369584.802000
369984.785000
370384.769000
370784.754000
371184.737000
371584.720000
371984.703000
372384.687000
372784.670000
373184.653000
373584.637000
373984.620000
374384.604000
374784.587000
375184.572000
375584.556000
375984.539000
376384.521000
376784.505000
377184.488000
377584.472000
377984.455000
378384.439000
378784.422000
379184.406000
379584.391000
379984.375000
380384.358000
380784.340000
381184.323000
381584.307000
381984.290000
382384.274000
382784.257000
383184.241000
383584.224000
383984.208000
384384.193000
384784.177000
385184.159000
385584.142000
385984.126000
386384.109000
386784.092000
387184.076000
387584.059000
387984.043000
388384.026000
388784.010000
389183.995000
389583.976000
389983.961000
390383.944000
390783.927000
391183.911000
391583.894000
391983.878000
392383.861000
392783.845000
393183.828000
393583.814000
393983.797000
394383.780000
394783.762000
395983.713000
396383.696000
396783.679000
397183.663000
397583.646000
397983.631000
398383.616000
398783.598000
399183.581000
399583.564000
399983.548000
400383.531000
400783.514000
401183.498000
401583.482000
401983.465000
402383.449000
402783.434000
403183.417000
403583.400000
403983.383000
404383.366000
404783.349000
405183.333000
405583.316000
405983.300000
406383.284000
406783.267000
407183.253000
407583.237000
407983.219000
408383.201000
408783.185000
409183.168000
409583.151000
409983.135000
410383.119000
410783.102000
411183.085000
411583.069000
411983.054000
412383.038000
412783.020000
413183.003000
413582.986000
413982.970000
414382.953000
414782.937000
415182.920000
415582.904000
415982.888000
416382.873000
416782.856000
417182.839000
417582.822000
417982.805000
418382.788000
418782.772000
419182.755000
419582.739000
419982.722000
420382.706000
420782.689000
421182.675000
421582.658000
421982.640000
422382.623000
422782.607000
423182.590000
423582.574000
423982.557000
424382.541000
424782.524000
425182.508000
425582.493000
425982.477000
426382.460000
426782.443000
427182.425000
427582.409000
427982.392000
428382.376000
428782.359000
429182.343000
429582.326000
429982.311000
430382.295000
430782.278000
431182.261000
431582.244000
431982.227000
432382.211000
432782.194000
433182.177000
433582.161000
433982.144000
434382.128000
434782.113000
435182.097000
435582.080000
435982.062000
436382.045000
438781.946000
439181.932000
439581.915000
439981.898000
440381.881000
440781.864000
441181.848000
441581.831000
441981.814000
442381.798000
442781.781000
443181.765000
443581.748000
443981.733000
444381.718000
444781.700000
445181.683000
445581.666000
445981.650000
446381.633000
446781.616000
447181.600000
447581.583000
447981.567000
448381.552000
448781.536000
449181.519000
449581.502000
449981.484000
450381.468000
450781.451000
451181.435000
451581.418000
451981.402000
452381.385000
452781.369000
453181.354000
453581.338000
453981.320000
454381.303000
454781.286000
455181.270000
455581.253000
455981.237000
456381.220000
456781.204000
457181.187000
457581.173000
457981.157000
458381.139000
458781.122000
459181.105000
459581.088000
459981.072000
460381.055000
460781.039000
461181.022000
461581.006000
461980.989000
462380.975000
462780.959000
463180.941000
463580.924000
463980.907000
464380.891000
464780.874000
465180.857000
465580.841000
465980.831000
466380.807000
466780.793000
467180.777000
467580.760000
467980.742000
468380.725000
468780.708000
469180.692000
469580.675000
469980.659000
470380.643000
470780.626000
471180.609000
471580.595000
471980.579000
472380.561000
472780.543000
473180.527000
473580.510000
473980.494000
474380.477000
474780.461000
475580.428000
475980.412000
476380.397000
476780.380000
477180.363000
477580.345000
477980.329000
478380.313000
478780.296000
479180.279000
479580.263000
479980.246000
480380.230000
480780.216000
481180.199000
481580.182000
481980.165000
482380.148000
482780.131000
483180.114000
483580.098000
483980.081000
484380.065000
484780.048000
485180.032000
485580.017000
485980.000000
486379.983000
486779.966000
487179.949000
487579.933000
487979.916000
488379.900000
488779.883000
489179.867000
489579.850000
489979.835000
490379.819000
490779.802000
491179.784000
491579.768000
491979.751000
492379.735000
492779.718000
493179.702000
493579.685000
493979.668000
494379.653000
494779.638000
495179.621000
495579.603000
495979.586000
496379.569000
496779.553000
497179.536000
497579.520000
497979.504000
498379.487000
