19.941000
39.884000
59.823000
79.764000
99.706000
119.647000
139.591000
159.529000
179.473000
199.412000
219.353000
239.295000
259.236000
279.179000
299.119000
319.062000
339.001000
358.942000
378.885000
398.825000
418.769000
438.708000
458.648000
478.590000
498.532000
518.474000
538.413000
558.355000
578.296000
598.237000
618.180000
638.120000
658.064000
678.002000
697.944000
717.885000
737.826000
757.771000
777.709000
797.651000
817.591000
837.532000
857.475000
877.415000
897.358000
917.298000
937.245000
957.181000
977.122000
997.065000
1017.004000
1036.947000
1056.887000
1076.828000
1096.770000
1116.710000
1136.654000
1156.593000
1176.534000
1196.476000
1216.417000
1236.360000
1256.299000
1276.242000
1296.182000
1316.123000
1336.065000
1356.006000
1375.949000
1395.888000
1415.830000
1435.771000
1455.712000
1475.655000
1495.594000
1515.538000
1535.477000
1555.419000
1575.362000
1595.301000
1615.245000
1635.184000
1655.125000
1675.066000
1695.007000
1714.951000
1734.890000
1754.832000
1774.773000
1794.714000
1814.656000
1834.596000
1854.540000
1874.479000
1894.420000
1914.362000
1934.303000
1954.246000
1974.185000
1994.128000
2014.068000
2034.009000
2053.951000
2073.892000
2093.835000
2113.774000
2133.715000
2153.657000
2173.598000
2193.540000
2213.480000
2233.423000
2253.363000
2273.304000
2293.247000
2313.187000
2333.131000
2353.069000
2373.011000
2392.952000
2412.893000
2432.836000
2452.775000
2472.719000
2492.658000
2512.600000
2532.541000
2552.482000
2572.425000
2592.365000
2612.307000
2632.247000
2652.188000
2672.131000
2692.072000
2712.014000
2731.953000
2751.895000
2771.836000
2791.777000
2811.721000
2831.660000
2851.601000
2871.542000
2891.484000
2911.426000
2931.366000
2951.309000
2971.249000
2991.190000
3011.132000
3031.072000
3051.016000
3070.955000
3090.896000
3110.838000
3130.779000
3150.722000
3170.661000
3190.605000
3210.545000
3230.485000
3250.427000
3270.368000
3290.311000
3310.250000
3330.192000
3350.133000
3370.074000
3390.017000
3409.957000
3429.900000
3449.839000
3469.780000
3489.722000
3509.663000
3529.606000
3549.545000
3569.487000
3589.428000
3609.370000
3629.311000
3649.252000
3669.195000
3689.135000
3709.076000
3729.017000
3748.958000
3768.901000
3788.841000
3808.784000
3828.723000
3848.664000
3868.607000
3888.547000
3908.489000
3928.430000
3948.371000
3968.313000
3988.253000
4008.198000
4028.137000
4048.078000
4068.018000
4087.960000
4107.902000
4127.843000
4147.786000
4167.725000
4187.666000
4207.608000
4227.549000
4247.491000
4267.431000
4287.374000
4307.314000
4327.255000
4347.197000
4367.137000
4387.081000
4407.020000
4426.961000
4446.903000
4466.844000
4486.787000
4506.727000
4526.669000
4546.609000
4566.550000
4586.492000
4606.433000
4626.376000
4646.315000
4666.256000
4686.198000
4706.139000
4726.082000
4746.022000
4765.965000
4785.904000
4805.846000
4825.787000
4845.728000
4865.671000
4885.610000
4905.552000
4925.493000
4945.435000
4965.377000
4985.317000
5005.260000
5025.199000
5045.141000
5065.082000
5085.023000
5104.967000
5124.906000
5144.847000
5164.788000
5184.729000
5204.673000
5224.612000
5244.556000
5264.495000
5284.436000
5304.378000
5324.319000
5344.262000
5364.201000
5384.142000
5404.084000
5424.025000
5443.968000
5463.907000
5483.850000
5503.791000
5523.731000
5543.673000
5563.614000
5583.558000
5603.496000
5623.438000
5643.379000
5663.320000
5683.262000
5703.202000
5723.146000
5743.085000
5763.027000
5782.968000
5802.909000
5822.852000
5842.792000
5862.733000
5882.674000
5902.616000
5922.558000
5942.498000
5962.440000
5982.380000
6002.322000
6022.263000
6042.204000
6062.149000
6082.087000
6102.032000
6121.969000
6141.911000
6161.854000
6181.793000
6201.736000
6221.676000
6241.617000
6261.559000
6281.499000
6301.443000
6321.382000
6341.323000
6361.265000
6381.206000
6401.148000
6421.088000
6441.032000
6460.971000
6480.912000
6500.853000
6520.795000
6540.738000
6560.677000
6580.618000
6600.560000
6620.501000
6640.443000
6660.384000
6680.327000
6700.266000
6720.208000
6740.149000
6760.090000
6780.033000
6799.973000
6819.915000
6839.855000
6859.796000
6879.739000
6899.679000
6919.622000
6939.561000
6959.503000
6979.444000
6999.385000
7019.328000
7039.268000
7059.210000
7079.151000
7099.092000
7119.034000
7138.974000
7158.917000
7178.857000
7198.798000
7218.740000
7238.680000
7258.624000
7278.563000
7298.506000
7318.446000
7338.387000
7358.329000
7378.269000
7398.213000
7418.152000
7438.093000
7458.034000
7477.975000
7497.919000
7517.858000
7537.801000
7557.741000
7577.682000
7597.626000
7617.565000
7637.508000
7657.447000
7677.389000
7697.331000
7717.271000
7737.214000
7757.153000
7777.095000
7797.037000
7816.977000
7836.919000
7856.860000
7876.803000
7896.742000
7916.684000
7936.625000
7956.566000
7976.509000
7996.449000
8016.393000
8036.332000
8056.272000
8076.215000
8096.155000
8116.099000
8136.037000
8155.979000
8175.920000
8195.861000
8215.804000
8235.744000
8255.686000
8275.627000
8295.568000
8315.509000
8335.450000
8355.394000
8375.333000
8395.275000
8415.216000
8435.156000
8455.099000
8475.039000
8494.983000
8514.922000
8534.863000
8554.805000
8574.745000
8594.689000
8614.628000
8634.569000
8654.510000
8674.452000
8694.395000
8714.334000
8734.278000
8754.217000
8774.158000
8794.100000
8814.041000
8833.985000
8853.923000
8873.865000
8893.806000
8913.747000
8933.689000
8953.629000
8973.572000
8993.513000
9013.453000
9033.395000
9053.336000
9073.279000
9093.219000
9113.161000
9133.101000
9153.042000
9172.985000
9192.925000
9212.866000
9232.807000
9252.748000
9272.690000
9292.631000
9312.575000
9332.514000
9352.455000
9372.396000
9392.337000
9412.280000
9432.220000
9452.163000
9472.103000
9492.044000
9511.985000
9531.926000
9551.870000
9571.809000
9591.752000
9611.692000
9631.633000
9651.576000
9671.515000
9691.459000
9711.398000
9731.339000
9751.280000
9771.222000
9791.165000
9811.104000
9831.048000
9850.987000
9870.928000
9890.870000
9910.810000
9930.754000
9950.693000
9970.634000
9990.576000
10010.517000
10030.458000
10050.399000
10070.341000
10090.282000
10110.223000
10130.164000
10150.106000
10170.049000
10189.989000
10209.930000
10229.871000
10249.812000
10269.755000
10289.695000
10309.638000
10329.577000
10349.518000
10369.461000
10389.401000
10409.345000
10429.284000
10449.225000
10469.167000
10489.107000
10509.050000
10528.990000
10548.933000
10568.872000
10588.814000
10608.756000
10628.696000
10648.640000
10668.579000
10688.520000
10708.461000
10728.403000
10748.346000
10768.285000
10788.229000
10808.168000
10828.109000
10848.051000
10867.991000
10887.935000
10907.874000
10927.815000
10947.756000
10967.698000
10987.641000
11007.580000
11027.524000
11047.463000
11067.404000
11087.347000
11107.287000
11127.230000
11147.169000
11167.110000
11187.052000
11206.993000
11226.937000
11246.875000
11266.819000
11286.758000
11306.699000
11326.642000
11346.582000
11366.526000
11386.465000
11406.406000
11426.347000
11446.288000
11466.233000
11486.171000
11506.114000
11526.053000
11545.995000
11565.937000
11585.877000
11605.820000
11625.760000
11645.701000
11665.642000
11685.584000
11705.526000
11725.466000
11745.409000
11765.348000
11785.290000
11805.232000
11825.172000
11845.115000
11865.055000
11884.996000
11904.937000
11924.879000
11944.822000
11964.761000
11984.704000
12004.644000
12024.585000
12044.527000
12064.467000
12084.411000
12104.350000
12124.291000
12144.233000
12164.174000
12184.117000
12204.056000
12224.000000
12243.939000
12263.880000
12283.824000
12303.763000
12323.706000
12343.645000
12363.587000
12383.528000
12403.469000
12423.412000
12443.352000
12463.294000
12483.235000
12503.175000
12523.117000
12543.058000
12563.001000
12582.941000
12602.882000
12622.823000
12642.764000
12662.707000
12682.647000
12702.590000
12722.529000
12742.471000
12762.412000
12782.354000
12802.297000
12822.236000
12842.177000
12862.118000
12882.060000
12902.002000
12921.942000
12941.886000
12961.824000
12981.766000
13001.709000
13021.648000
13041.592000
13061.531000
13081.472000
13101.414000
13121.355000
13141.297000
13161.237000
13181.182000
13201.120000
13221.061000
13241.003000
13260.944000
13280.887000
13300.826000
13320.768000
13340.709000
13360.650000
13380.592000
13400.533000
13420.476000
13440.415000
13460.356000
13480.298000
13500.239000
13520.182000
13540.121000
13560.062000
13580.004000
13599.945000
13619.887000
13639.828000
13659.771000
13679.710000
13699.652000
13719.593000
13739.534000
13759.477000
13779.417000
13799.360000
13819.299000
13839.240000
13859.184000
13879.123000
13899.067000
13919.006000
13938.948000
13958.888000
13978.829000
13998.773000
14018.712000
14038.655000
14058.595000
14078.536000
14098.478000
14118.418000
14138.362000
14158.301000
14178.242000
14198.183000
14218.125000
14238.067000
14258.007000
14277.951000
14297.890000
14317.831000
14337.773000
14357.713000
14377.657000
14397.596000
14417.537000
14437.479000
14457.420000
14477.363000
14497.302000
14517.244000
14537.185000
14557.126000
14577.069000
14597.009000
14616.952000
14636.891000
14656.833000
14676.774000
14696.715000
14716.658000
14736.598000
14756.541000
14776.480000
14796.422000
14816.364000
14836.304000
14856.248000
14876.186000
14896.128000
14916.069000
14936.010000
14955.953000
14975.893000
14995.836000
15015.775000
15035.716000
15055.658000
15075.599000
15095.543000
15115.482000
15135.423000
15155.364000
15175.305000
15195.248000
15215.188000
15235.131000
15255.070000
15275.012000
15294.954000
15314.894000
15334.836000
15354.777000
15374.719000
15394.660000
15414.601000
15434.542000
15454.483000
15474.426000
15494.366000
15514.307000
15534.249000
15554.190000
15574.133000
15594.072000
15614.013000
15633.955000
15653.896000
15673.839000
15693.779000
15713.721000
15733.661000
15753.602000
15773.544000
15793.485000
15813.428000
15833.367000
15853.309000
15873.250000
15893.191000
15913.134000
15933.074000
15953.016000
15972.956000
15992.897000
16012.840000
16032.780000
16052.724000
16072.663000
16092.604000
16112.545000
16132.486000
16152.429000
16172.369000
16192.312000
16212.252000
16232.193000
16252.134000
16272.075000
16292.019000
16311.958000
16331.899000
16351.840000
16371.782000
16391.724000
16411.664000
16431.608000
16451.546000
16471.488000
16491.430000
16511.371000
16531.314000
16551.253000
16571.194000
16591.136000
16611.077000
16631.020000
16650.959000
16670.903000
16690.842000
16710.783000
16730.725000
16750.666000
16770.610000
16790.548000
16810.489000
16830.431000
16850.372000
16870.315000
16890.255000
16910.197000
16930.137000
16950.079000
16970.020000
16989.961000
17009.904000
17029.843000
17049.785000
17069.726000
17089.667000
17109.611000
17129.550000
17149.492000
17169.433000
17189.373000
17209.315000
17229.256000
17249.200000
17269.138000
17289.080000
17309.021000
17328.962000
17348.905000
17368.846000
17388.789000
17408.728000
17428.669000
17448.611000
17468.552000
17488.495000
17508.434000
17528.375000
17548.316000
17568.257000
17588.200000
17608.140000
17628.083000
17648.023000
17667.964000
17687.906000
17707.847000
17727.790000
17747.729000
17767.673000
17787.612000
17807.553000
17827.495000
17847.436000
17867.379000
17887.318000
17907.259000
17927.201000
17947.142000
17967.086000
17987.024000
18006.965000
18026.907000
18046.848000
18066.791000
18086.741000
18106.674000
18126.613000
18146.554000
18166.496000
18186.437000
18206.382000
18226.320000
18246.262000
18266.202000
18286.143000
18306.086000
18326.026000
18345.969000
18365.909000
18385.850000
18405.791000
18425.732000
18445.676000
18465.615000
18485.556000
18505.497000
18525.438000
18545.380000
18565.321000
18585.264000
18605.203000
18625.144000
18645.086000
18665.027000
18684.971000
18704.910000
18724.851000
18744.792000
18764.735000
18784.681000
18804.616000
18824.559000
18844.499000
18864.441000
18884.381000
18904.322000
18924.266000
18944.205000
18964.149000
18984.088000
19004.029000
19023.972000
19043.912000
19063.856000
19083.794000
19103.735000
19123.677000
19143.617000
19163.561000
19183.500000
19203.443000
19223.383000
19243.324000
19263.266000
19283.207000
19303.150000
19323.089000
19343.030000
19362.972000
19382.913000
19402.856000
19422.796000
19442.737000
19462.678000
19482.619000
19502.561000
19522.502000
19542.445000
19562.384000
19582.326000
19602.267000
19622.208000
19642.152000
19662.090000
19682.033000
19701.973000
19721.915000
19741.856000
19761.798000
19781.740000
19801.679000
19821.621000
19841.563000
19861.504000
19881.447000
19901.386000
19921.328000
19941.268000
19961.210000
19981.152000
20001.092000
20021.036000
20040.975000
20060.916000
20080.857000
20100.798000
20120.742000
20140.681000
20160.624000
20180.564000
20200.505000
20220.447000
20240.388000
20260.331000
20280.270000
20300.211000
20320.152000
20340.094000
20360.037000
20379.976000
20399.918000
20419.859000
20439.800000
20459.742000
20479.683000
20499.626000
20519.565000
20539.506000
20559.448000
20579.389000
20599.332000
20619.271000
20639.213000
20659.154000
20679.095000
20699.038000
20718.978000
20738.919000
20758.860000
20778.802000
20798.743000
20818.684000
20838.627000
20858.567000
20878.509000
20898.449000
20918.391000
20938.332000
20958.274000
20978.216000
20998.155000
21018.097000
21038.038000
21057.979000
21077.922000
21097.862000
21117.805000
21137.744000
21157.686000
21177.627000
21197.569000
21217.512000
21237.451000
21257.392000
21277.333000
21297.275000
21317.218000
21337.157000
21357.100000
21377.040000
21396.981000
21416.923000
21436.864000
21456.808000
21476.746000
21496.687000
21516.628000
21536.570000
21556.512000
21576.452000
21596.396000
21616.335000
21636.276000
21656.218000
21676.159000
21696.102000
21716.041000
21735.983000
21755.924000
21775.865000
21795.808000
21815.747000
21835.690000
21855.630000
21875.571000
21895.513000
21915.454000
21935.397000
21955.336000
21975.278000
21995.219000
22015.160000
22035.103000
22055.043000
22074.986000
22094.925000
22114.866000
22134.808000
22154.749000
22174.693000
22194.631000
22214.575000
22234.514000
22254.455000
22274.399000
22294.338000
22314.282000
22334.220000
22354.162000
22374.103000
22394.044000
22413.988000
22433.927000
22453.868000
22473.810000
22493.751000
22513.693000
22533.633000
22553.577000
22573.516000
22593.457000
22613.398000
22633.340000
22653.283000
22673.222000
22693.163000
22713.104000
22733.046000
22752.989000
22772.928000
22792.872000
22812.811000
22832.752000
22852.694000
22872.635000
22892.578000
22912.517000
22932.458000
22952.400000
22972.341000
22992.284000
23012.223000
23032.167000
23052.106000
23072.048000
23091.990000
23111.930000
23131.873000
23151.812000
23171.754000
23191.695000
23211.636000
23231.579000
23251.519000
23271.462000
23291.401000
23311.343000
23331.284000
23351.226000
23371.168000
23391.108000
23411.049000
23430.990000
23450.932000
23470.874000
23490.814000
23510.758000
23530.696000
23550.638000
23570.580000
23590.520000
23610.464000
23630.403000
23650.347000
23670.285000
23690.227000
23710.170000
23730.109000
23750.052000
23769.992000
23789.933000
23809.875000
23829.816000
23849.760000
23869.699000
23889.641000
23909.582000
23929.522000
23949.465000
23969.404000
23989.348000
24009.287000
24029.228000
24049.170000
24069.111000
24089.054000
24108.993000
24128.935000
24148.876000
24168.817000
24188.759000
24208.700000
24228.643000
24248.582000
24268.523000
24288.465000
24308.406000
24328.349000
24348.289000
24368.232000
24388.171000
24408.112000
24428.055000
24447.995000
24467.938000
24487.878000
24507.819000
24527.760000
24547.701000
24567.644000
24587.584000
24607.527000
24627.467000
24647.408000
24667.350000
24687.290000
24707.234000
24727.173000
24747.114000
24767.055000
24786.996000
24806.939000
24826.879000
24846.822000
24866.762000
24886.703000
24906.645000
24926.586000
24946.529000
24966.467000
24986.409000
25006.350000
25026.292000
25046.235000
25066.174000
25086.116000
25106.057000
25125.998000
25145.940000
25165.880000
25185.824000
25205.763000
25225.704000
25245.646000
25265.587000
25285.529000
25305.469000
25325.410000
25345.352000
25365.293000
25385.235000
25405.176000
25425.119000
25445.058000
25465.000000
25484.941000
25504.882000
25524.825000
25544.765000
25564.707000
25584.647000
25604.588000
25624.530000
25644.471000
25664.414000
25684.353000
25704.294000
25724.236000
25744.178000
25764.121000
25784.060000
25804.001000
25823.942000
25843.884000
25863.826000
25883.766000
25903.709000
25923.648000
25943.590000
25963.531000
25983.472000
26003.415000
26023.355000
26043.297000
26063.238000
26083.178000
26103.121000
26123.061000
26143.005000
26162.944000
26182.885000
26202.826000
26222.768000
26242.711000
26262.650000
26282.594000
26302.533000
26322.474000
26342.417000
26362.357000
26382.300000
26402.239000
26422.180000
26442.122000
26462.063000
26482.005000
26501.945000
26521.888000
26541.828000
26561.769000
26581.711000
26601.651000
26621.595000
26641.534000
26661.476000
26681.417000
26701.358000
26721.300000
26741.240000
26761.184000
26781.123000
26801.064000
26821.006000
26840.947000
26860.888000
26880.829000
26900.770000
26920.712000
26940.653000
26960.596000
26980.536000
27000.479000
27020.418000
27040.360000
27060.301000
27080.242000
27100.186000
27120.125000
27140.066000
27160.007000
27179.948000
27199.892000
27219.831000
27239.775000
27259.714000
27279.654000
27299.597000
27319.537000
27339.481000
27359.420000
27379.361000
27399.302000
27419.244000
27439.187000
27459.126000
27479.069000
27499.008000
27518.950000
27538.892000
27558.832000
27578.776000
27598.715000
27618.656000
27638.597000
27658.539000
27678.480000
27698.422000
27718.364000
27738.304000
27758.245000
27778.187000
27798.128000
27818.071000
27838.010000
27857.951000
27877.892000
27897.834000
27917.776000
27937.717000
27957.659000
27977.599000
27997.541000
28017.482000
28037.423000
28057.367000
28077.305000
28097.247000
28117.188000
28137.130000
28157.072000
28177.012000
28196.955000
28216.894000
28236.836000
28256.777000
28276.718000
28296.662000
28316.600000
28336.543000
28356.483000
28376.424000
28396.368000
28416.307000
28436.250000
28456.189000
28476.131000
28496.072000
28516.013000
28535.958000
28555.896000
28575.837000
28595.778000
28615.719000
28635.662000
28655.602000
28675.545000
28695.486000
28715.426000
28735.369000
28755.308000
28775.252000
28795.191000
28815.134000
28835.074000
28855.015000
28874.958000
28894.897000
28914.841000
28934.780000
28954.721000
28974.663000
28994.603000
29014.547000
29034.486000
29054.427000
29074.369000
29094.310000
29114.252000
29134.193000
29154.136000
29174.075000
29194.016000
29213.958000
29233.899000
29253.842000
29273.781000
29293.722000
29313.664000
29333.605000
29353.547000
29373.487000
29393.431000
29413.370000
29433.312000
29453.253000
29473.194000
29493.137000
29513.076000
29533.019000
29552.959000
29572.900000
29592.843000
29612.783000
29632.727000
29652.666000
29672.606000
29692.549000
29712.489000
29732.433000
29752.371000
29772.313000
29792.254000
29812.195000
29832.139000
29852.078000
29872.021000
29891.960000
29911.902000
29931.844000
29951.784000
29971.727000
29991.667000
30011.609000
30031.550000
30051.491000
30071.432000
30091.373000
30111.317000
30131.256000
30151.197000
30171.138000
30191.079000
30211.022000
30230.963000
30250.904000
30270.844000
30290.786000
30310.728000
30330.669000
30350.612000
30370.551000
30390.492000
30410.434000
30430.375000
30450.319000
30470.257000
30490.200000
30510.140000
30530.081000
30550.023000
30569.963000
30589.907000
30609.846000
30629.787000
30649.729000
30669.670000
30689.613000
30709.552000
30729.496000
30749.435000
30769.376000
30789.318000
30809.259000
30829.202000
30849.142000
30869.082000
30889.024000
30908.965000
30928.909000
30948.848000
30968.789000
30988.730000
31008.671000
31028.614000
31048.554000
31068.497000
31088.436000
31108.378000
31128.320000
31148.260000
31168.203000
31188.143000
31208.086000
31228.026000
31247.967000
31267.909000
31287.849000
31307.793000
31327.732000
31347.673000
31367.615000
31387.555000
31407.498000
31427.438000
31447.381000
31467.321000
31487.262000
31507.204000
31527.145000
31547.088000
31567.027000
31586.968000
31606.909000
31626.851000
31646.793000
31666.733000
31686.675000
31706.615000
31726.558000
31746.499000
31766.440000
31786.383000
31806.322000
31826.264000
31846.205000
31866.146000
31886.089000
31906.028000
31925.972000
31945.911000
31965.852000
31985.794000
32005.734000
32025.679000
32045.618000
32065.559000
32085.500000
32105.441000
32125.384000
32145.324000
32165.265000
32185.206000
32205.147000
32225.090000
32245.030000
32264.973000
32284.912000
32304.854000
32324.795000
32344.736000
32364.679000
32384.619000
32404.561000
32424.501000
32444.443000
32464.384000
32484.325000
32504.269000
32524.208000
32544.149000
32564.090000
32584.031000
32603.974000
32623.915000
32643.857000
32663.796000
32683.738000
32703.680000
32723.620000
32743.564000
32763.503000
32783.444000
32803.385000
32823.327000
32843.270000
32863.209000
32883.153000
32903.092000
32923.033000
32942.975000
32962.915000
32982.857000
33002.798000
33022.739000
33042.681000
33062.622000
33082.567000
33102.504000
33122.447000
33142.387000
33162.328000
33182.270000
33202.211000
33222.154000
33242.093000
33262.034000
33281.976000
33301.917000
33321.860000
33341.799000
33361.742000
33381.682000
33401.624000
33421.565000
33441.506000
33461.449000
33481.388000
33501.330000
33521.271000
33541.212000
33561.155000
33581.095000
33601.037000
33620.978000
33640.919000
33660.861000
33680.801000
33700.746000
33720.684000
33740.625000
33760.567000
33780.507000
33800.450000
33820.390000
33840.334000
33860.273000
33880.214000
33900.155000
33920.096000
33940.039000
33959.978000
33979.920000
33999.861000
34019.802000
34039.745000
34059.685000
34079.628000
34099.567000
34119.509000
34139.450000
34159.391000
34179.335000
34199.274000
34219.218000
34239.156000
34259.098000
34279.040000
34298.980000
34318.923000
34338.863000
34358.804000
34378.746000
34398.686000
34418.631000
34438.569000
34458.510000
34478.458000
34498.393000
34518.336000
34538.275000
34558.219000
34578.158000
34598.100000
34618.042000
34637.983000
34657.925000
34677.864000
34697.805000
34717.748000
34737.688000
34757.631000
34777.570000
34797.514000
34817.453000
34837.395000
34857.336000
34877.277000
34897.221000
34917.160000
34937.101000
34957.042000
34976.983000
34996.925000
35016.866000
35036.809000
35056.748000
35076.690000
35096.631000
35116.572000
35136.516000
35156.455000
35176.396000
35196.337000
35216.279000
35236.221000
35256.161000
35276.104000
35296.043000
35315.985000
35335.927000
35355.867000
35375.811000
35395.750000
35415.691000
35435.633000
35455.574000
35475.516000
35495.456000
35515.400000
35535.339000
35555.280000
35575.222000
35595.162000
35615.106000
35635.045000
35654.986000
35674.928000
35694.869000
35714.812000
35734.751000
35754.694000
35774.634000
35794.575000
35814.517000
35834.458000
35854.401000
35874.340000
35894.281000
35914.223000
35934.164000
35954.107000
35974.047000
35993.989000
36013.929000
36033.871000
36053.812000
36073.753000
36093.696000
36113.636000
36133.577000
36153.519000
36173.459000
36193.402000
36213.342000
36233.286000
36253.225000
36273.166000
36293.107000
36313.048000
36332.992000
36352.931000
36372.872000
36392.813000
36412.755000
36432.697000
36452.637000
36472.580000
36492.519000
36512.461000
36532.402000
36552.343000
36572.286000
36592.226000
36612.168000
36632.108000
36652.049000
36671.993000
36691.932000
36711.875000
36731.815000
36751.756000
36771.698000
36791.639000
36811.582000
36831.521000
36851.462000
36871.404000
36891.345000
36911.288000
36931.227000
36951.171000
36971.110000
36991.051000
37010.993000
37030.934000
37050.877000
37070.816000
37090.759000
37110.699000
37130.640000
37150.583000
37170.522000
37190.466000
37210.405000
37230.346000
37250.288000
37270.229000
37290.172000
37310.112000
37330.053000
37349.994000
37369.935000
37389.877000
37409.818000
37429.761000
37449.700000
37469.642000
37489.583000
37509.524000
37529.467000
37549.406000
37569.349000
37589.289000
37609.231000
37629.173000
37649.113000
37669.056000
37688.996000
37708.937000
37728.878000
37748.819000
37768.763000
37788.702000
37808.645000
37828.585000
37848.526000
37868.468000
37888.408000
37908.352000
37928.291000
37948.232000
37968.173000
37988.114000
38008.058000
38027.997000
38047.940000
38067.880000
38087.821000
38107.763000
38127.703000
38147.646000
38167.586000
38187.527000
38207.469000
38227.409000
38247.354000
38267.292000
38287.233000
38307.175000
38327.116000
38347.059000
38366.999000
38386.940000
38406.881000
38426.825000
38446.763000
38466.705000
38486.648000
38506.587000
38526.528000
38546.470000
38566.411000
38586.354000
38606.294000
38626.238000
38646.176000
38666.118000
38686.059000
38706.000000
38725.944000
38745.882000
38765.825000
38785.765000
38805.706000
38825.649000
38845.589000
38865.532000
38885.471000
38905.413000
38925.354000
38945.295000
38965.238000
38985.178000
39005.121000
39025.060000
39045.001000
39064.943000
39084.884000
39104.828000
39124.767000
39144.708000
39164.649000
39184.590000
39204.532000
39224.473000
39244.416000
39264.355000
39284.297000
39304.239000
39324.179000
39344.122000
39364.062000
39384.003000
39403.944000
39423.886000
39443.829000
39463.768000
39483.711000
39503.651000
39523.592000
39543.534000
39563.474000
39583.418000
39603.357000
39623.298000
39643.239000
39663.181000
39683.124000
39703.063000
39723.006000
39742.946000
39762.887000
39782.829000
39802.769000
39822.713000
39842.652000
39862.593000
39882.534000
39902.476000
39922.419000
39942.358000
39962.300000
39982.241000
40002.182000
40022.124000
40042.065000
40062.008000
40081.947000
40101.889000
40121.830000
40141.771000
40161.714000
40181.653000
40201.596000
40221.536000
40241.477000
40261.420000
40281.360000
40301.303000
40321.243000
40341.184000
40361.125000
40381.066000
40401.009000
40420.949000
40440.892000
40460.831000
40480.773000
40500.715000
40520.655000
40540.599000
40560.538000
40580.479000
40600.420000
40620.361000
40640.305000
40660.244000
40680.187000
40700.127000
40720.068000
40740.010000
40759.950000
40779.893000
40799.833000
40819.774000
40839.715000
40859.656000
40879.599000
40899.539000
40919.482000
40939.422000
40959.363000
40979.305000
40999.245000
41019.189000
41039.128000
41059.069000
41079.011000
41098.952000
41118.894000
41138.834000
41158.776000
41178.717000
41198.659000
41218.600000
41238.540000
41258.484000
41278.423000
41298.365000
41318.305000
41338.247000
41358.190000
41378.129000
41398.072000
41418.012000
41437.953000
41457.895000
41477.836000
41497.780000
41517.718000
41537.660000
41557.601000
41577.542000
41597.485000
41617.425000
41637.366000
41657.307000
41677.248000
41697.190000
41717.131000
41737.075000
41757.013000
41776.955000
41796.896000
41816.837000
41836.781000
41856.720000
41876.663000
41896.603000
41916.544000
41936.486000
41956.426000
41976.370000
41996.309000
42016.250000
42036.191000
42056.133000
42076.075000
42096.015000
42115.958000
42135.898000
42155.839000
42175.781000
42195.721000
42215.665000
42235.604000
42255.548000
42275.487000
42295.428000
42315.370000
42335.310000
42355.253000
42375.193000
42395.134000
42415.076000
42435.017000
42454.960000
42474.899000
42494.843000
42514.781000
42534.723000
42554.666000
42574.605000
42594.548000
42614.488000
42634.429000
42654.371000
42674.312000
42694.256000
42714.194000
42734.136000
42754.077000
42774.018000
42793.961000
42813.901000
42833.842000
42853.783000
42873.724000
42893.668000
42913.607000
42933.550000
42953.489000
42973.430000
42993.372000
43013.313000
43033.256000
43053.196000
43073.139000
43093.078000
43113.019000
43132.962000
43152.902000
43172.845000
43192.785000
43212.726000
43232.667000
43252.608000
43272.551000
43292.491000
43312.432000
43332.373000
43352.315000
43372.256000
43392.197000
43412.140000
43432.080000
43452.021000
43471.962000
43491.903000
43511.847000
43531.786000
43551.728000
43571.669000
43591.610000
43611.552000
43631.492000
43651.436000
43671.375000
43691.317000
43711.258000
43731.198000
43751.141000
43771.081000
43791.024000
43810.964000
43830.905000
43850.847000
43870.787000
43890.731000
43910.670000
43930.611000
43950.552000
43970.494000
43990.437000
44010.376000
44030.319000
44050.259000
44070.200000
44090.142000
44110.083000
44130.026000
44149.965000
44169.906000
44189.848000
44209.789000
44229.732000
44249.672000
44269.615000
44289.555000
44309.495000
44329.438000
44349.378000
44369.322000
44389.261000
44409.202000
44429.143000
44449.084000
44469.027000
44488.967000
44508.908000
44528.849000
44548.790000
44568.733000
44588.673000
44608.617000
44628.556000
44648.497000
44668.438000
44688.379000
44708.322000
44728.262000
44748.205000
44768.144000
44788.086000
44808.027000
44827.968000
44847.911000
44867.851000
44887.792000
44907.733000
44927.674000
44947.617000
44967.557000
44987.501000
45007.440000
45027.381000
45047.323000
45067.263000
45087.207000
45107.146000
45127.087000
45147.028000
45166.969000
45186.913000
45206.852000
45226.796000
45246.735000
45266.676000
45286.618000
45306.558000
45326.500000
45346.441000
45366.382000
45386.324000
45406.265000
45426.206000
45446.147000
45466.090000
45486.030000
45505.971000
45525.913000
45545.853000
45565.797000
45585.736000
45605.677000
45625.619000
45645.560000
45665.502000
45685.443000
45705.385000
45725.325000
45745.266000
45765.208000
45785.149000
45805.092000
45825.031000
45844.973000
45864.914000
45884.855000
45904.798000
45924.738000
45944.681000
45964.620000
45984.562000
46004.503000
46024.444000
46044.388000
46064.326000
46084.268000
46104.209000
46124.150000
46144.093000
46164.033000
46183.976000
46203.915000
46223.857000
46243.798000
46263.739000
46283.682000
46303.622000
46323.563000
46343.511000
46363.445000
46383.388000
46403.328000
46423.271000
46443.210000
46463.152000
46483.094000
46503.035000
46522.978000
46542.917000
46562.858000
46582.799000
46602.741000
46622.683000
46642.623000
46662.566000
46682.506000
46702.447000
46722.388000
46742.329000
46762.273000
46782.212000
46802.153000
46822.094000
46842.036000
46861.979000
46881.918000
46901.861000
46921.801000
46941.742000
46961.684000
46981.625000
47001.569000
47021.507000
47041.449000
47061.390000
47081.331000
47101.274000
47121.214000
47141.157000
47161.097000
47181.038000
47200.979000
47220.920000
47240.863000
47260.802000
47280.744000
47300.685000
47320.626000
47340.569000
47360.509000
47380.453000
47400.392000
47420.332000
47440.274000
47460.215000
47480.159000
47500.098000
47520.039000
47539.980000
47559.921000
47579.865000
47599.804000
47619.747000
47639.686000
47659.627000
47679.571000
47699.510000
47719.454000
47739.393000
47759.334000
47779.275000
47799.216000
47819.159000
47839.099000
47859.042000
47878.982000
47898.923000
47918.864000
47938.805000
47958.749000
47978.688000
47998.629000
48018.570000
48038.512000
48058.455000
48078.402000
48098.338000
48118.277000
48138.218000
48158.160000
48178.100000
48198.046000
48217.983000
48237.925000
48257.866000
48277.807000
48297.751000
48317.689000
48337.632000
48357.572000
48377.513000
48397.455000
48417.396000
48437.339000
48457.278000
48477.222000
48497.161000
48517.102000
48537.044000
48556.984000
48576.928000
48596.868000
48616.808000
48636.750000
48656.691000
48676.635000
48696.574000
48716.515000
48736.456000
48756.397000
48776.341000
48796.280000
48816.223000
48836.162000
48856.103000
48876.045000
48895.986000
48915.930000
48935.869000
48955.810000
48975.751000
48995.692000
49015.635000
49035.575000
49055.518000
49075.458000
49095.399000
49115.341000
49135.281000
49155.225000
49175.164000
49195.105000
49215.046000
49234.987000
49254.930000
49274.870000
49294.813000
49314.753000
49334.694000
49354.635000
49374.576000
49394.520000
49414.459000
49434.402000
49454.341000
49474.283000
49494.225000
49514.165000
49534.108000
49554.048000
49573.989000
49593.931000
49613.872000
49633.815000
49653.754000
49673.698000
49693.637000
49713.578000
49733.521000
49753.460000
49773.404000
49793.343000
49813.288000
49833.226000
