99.980000
199.964000
299.943000
399.927000
499.907000
599.891000
699.870000
799.852000
899.834000
999.815000
1099.797000
1199.779000
1299.761000
1399.743000
1499.724000
1599.706000
1699.688000
1799.670000
1899.652000
1999.633000
2099.616000
2199.597000
2299.581000
2399.561000
2499.544000
2599.524000
2699.508000
2799.487000
2899.471000
2999.451000
3099.435000
3199.415000
3299.396000
3399.378000
3499.360000
3599.342000
3699.324000
3799.306000
3899.287000
3999.269000
4099.251000
4199.234000
4299.214000
4399.197000
4499.178000
4599.162000
4699.141000
4799.125000
4899.105000
4999.089000
5099.069000
5199.052000
5299.032000
5399.015000
5498.996000
5598.978000
5698.959000
5798.941000
5898.923000
5998.905000
6098.887000
6198.868000
6298.850000
6398.832000
6498.814000
6598.795000
6698.779000
6798.759000
6898.742000
6998.722000
7098.706000
7198.686000
7298.670000
7398.650000
7498.633000
7598.613000
7698.597000
7798.576000
7898.558000
7998.540000
8098.522000
8198.504000
8298.485000
8398.467000
8498.449000
8598.432000
8698.413000
8798.395000
8898.376000
8998.359000
9098.340000
9198.323000
9298.303000
9398.287000
9498.267000
9598.250000
9698.230000
9798.212000
9898.194000
9998.175000
10098.157000
10198.139000
10298.121000
10398.102000
10498.085000
10598.066000
10698.048000
10798.030000
10898.013000
10997.993000
11097.976000
11197.956000
11297.941000
11397.920000
11497.904000
11597.884000
11697.868000
11797.847000
11897.831000
11997.811000
12097.795000
12197.774000
12297.756000
12397.738000
12497.719000
12597.701000
12697.683000
12797.665000
12897.647000
12997.629000
13097.610000
13197.593000
13297.574000
13397.557000
13497.537000
13597.521000
13697.501000
13797.485000
13897.464000
13997.447000
14097.428000
14197.411000
14297.391000
14397.373000
14497.355000
14597.337000
14697.318000
14797.300000
14897.282000
14997.264000
15097.246000
15197.227000
15297.210000
15397.191000
15497.175000
15597.154000
15697.138000
15797.118000
15897.102000
15997.081000
16097.066000
16197.045000
16297.028000
16397.008000
16496.990000
16596.972000
16696.954000
16796.935000
16896.917000
16996.899000
17096.881000
17196.863000
17296.844000
17396.827000
17496.808000
17596.790000
17696.771000
17796.755000
17896.735000
17996.718000
18096.698000
18196.682000
18296.662000
18396.645000
18496.626000
18596.607000
18696.589000
18796.570000
18896.552000
18996.534000
19096.516000
19196.497000
19296.479000
19396.461000
19496.444000
19596.425000
19696.407000
19796.388000
19896.371000
19996.351000
20096.336000
20196.315000
20296.299000
20396.279000
20496.263000
20596.242000
20696.224000
20796.205000
20896.187000
20996.169000
21096.151000
21196.133000
21296.114000
21396.096000
21496.078000
21596.060000
21696.041000
21796.024000
21896.005000
21995.988000
22095.968000
22195.952000
22295.932000
22395.915000
22495.895000
22595.879000
22695.859000
22795.840000
22895.822000
22995.804000
23095.786000
23195.767000
23295.749000
23395.731000
23495.713000
23595.695000
23695.677000
23795.658000
23895.641000
23995.622000
24095.605000
24195.585000
24295.569000
24395.548000
24495.532000
24595.512000
24695.496000
24795.475000
24895.457000
24995.439000
25095.421000
25195.403000
25295.384000
25395.366000
25495.348000
25595.329000
25695.311000
25795.294000
25895.275000
25995.258000
26095.238000
26195.222000
26295.202000
26395.186000
26495.165000
26595.149000
26695.129000
26795.111000
26895.092000
26995.074000
27095.056000
27195.037000
27295.019000
27395.001000
27494.983000
27594.964000
27694.947000
27794.928000
27894.911000
27994.891000
28094.875000
28194.855000
28294.839000
28394.818000
28494.802000
28594.782000
28694.766000
28794.745000
28894.727000
28994.709000
29094.691000
29194.672000
29294.654000
29394.636000
29494.618000
29594.599000
29694.581000
29794.563000
29894.545000
29994.527000
30094.508000
30194.491000
30294.471000
30394.455000
30494.435000
30594.419000
30694.398000
30794.382000
30894.362000
30994.343000
31094.326000
31194.307000
31294.289000
31394.271000
31494.252000
31594.234000
31694.216000
31794.197000
31894.180000
31994.161000
32094.144000
32194.124000
32294.108000
32394.088000
32494.072000
32594.052000
32694.035000
32794.015000
32893.998000
32993.979000
33093.962000
33193.942000
33293.923000
33393.905000
33493.887000
33593.869000
33693.850000
33793.832000
33893.814000
33993.796000
34093.778000
34193.761000
34293.741000
34393.725000
34493.704000
34593.688000
34693.668000
34793.652000
34893.631000
34993.614000
35093.595000
35193.577000
35293.558000
35393.540000
35493.522000
35593.503000
35693.486000
35793.467000
35893.449000
35993.431000
36093.414000
36193.394000
36293.377000
36393.357000
36493.341000
36593.321000
36693.305000
36793.284000
36893.268000
36993.248000
37093.229000
37193.211000
37293.193000
37393.175000
37493.157000
37593.138000
37693.120000
37793.102000
37893.083000
37993.066000
38093.047000
38193.030000
38293.010000
38392.994000
38492.974000
38592.958000
38692.937000
38792.921000
38892.901000
38992.883000
39092.864000
39192.846000
39292.828000
39392.809000
39492.791000
39592.773000
39692.755000
39792.736000
39892.719000
39992.700000
40092.683000
40192.663000
40292.647000
40392.627000
40492.611000
40592.590000
40692.574000
40792.554000
40892.536000
40992.517000
41092.499000
41192.481000
41292.463000
41392.444000
41492.426000
41592.408000
41692.389000
41792.372000
41892.353000
41992.336000
42092.316000
42192.300000
42292.280000
42392.264000
42492.243000
42592.227000
42692.207000
42792.190000
42892.170000
42992.152000
43092.134000
43192.115000
43292.097000
43392.079000
43492.061000
43592.042000
43692.025000
43792.006000
43891.989000
43991.969000
44091.952000
44191.932000
44291.916000
44391.896000
44491.880000
44591.859000
44691.843000
44791.823000
44891.805000
44991.786000
45091.768000
45191.750000
45291.732000
45391.713000
45491.695000
45591.677000
45691.659000
45791.641000
45891.622000
45991.604000
46091.585000
46191.569000
46291.549000
46391.532000
46491.512000
46591.496000
46691.476000
46791.459000
46891.439000
46991.421000
47091.403000
47191.384000
47291.366000
47391.348000
47491.330000
47591.311000
47691.293000
47791.275000
47891.258000
47991.238000
48091.221000
48191.202000
48291.185000
48391.165000
48491.149000
48591.129000
48691.113000
48791.092000
48891.076000
48991.055000
49091.037000
49191.019000
49291.001000
49390.982000
49490.964000
49590.946000
49690.928000
49790.910000
49890.891000
49990.874000
50090.855000
50190.838000
50290.818000
50390.802000
50490.781000
50590.765000
50690.745000
50790.726000
50890.708000
50990.690000
51090.672000
51190.653000
51290.635000
51390.617000
51490.599000
51590.580000
51690.563000
51790.545000
51890.527000
51990.507000
52090.491000
52190.471000
52290.455000
52390.434000
52490.418000
52590.398000
52690.381000
52790.361000
52890.343000
52990.325000
53090.307000
53190.288000
53290.270000
53390.252000
53490.233000
53590.215000
53690.197000
53790.179000
53890.160000
53990.143000
54090.124000
54190.107000
54290.087000
54390.070000
54490.051000
54590.034000
54690.014000
54789.996000
54889.977000
54989.959000
55089.941000
55189.923000
55289.904000
55389.886000
55489.868000
55589.849000
55689.832000
55789.813000
55889.796000
55989.776000
56089.760000
56189.740000
56289.724000
56389.703000
56489.687000
56589.667000
56689.648000
56789.630000
56889.612000
56989.593000
57089.576000
57189.557000
57289.539000
57389.521000
57489.502000
57589.485000
57689.466000
57789.449000
57889.429000
57989.413000
58089.393000
58189.377000
58289.356000
58389.340000
58489.319000
58589.301000
58689.283000
58789.264000
58889.246000
58989.228000
59089.210000
59189.191000
59289.174000
59389.155000
59489.137000
59589.118000
59689.102000
59789.081000
59889.066000
59989.045000
60089.030000
60189.009000
60288.992000
60388.972000
60488.954000
60588.936000
60688.917000
60788.899000
60888.881000
60988.862000
61088.844000
61188.826000
61288.807000
61388.790000
61488.771000
61588.754000
61688.734000
61788.716000
61888.698000
61988.680000
62088.661000
62188.644000
62288.625000
62388.608000
62488.588000
62588.570000
62688.552000
62788.533000
62888.515000
62988.497000
63088.479000
63188.460000
63288.443000
63388.423000
63488.407000
63588.387000
63688.371000
63788.350000
63888.334000
63988.314000
64088.298000
64188.277000
64288.260000
64388.241000
64488.223000
64588.204000
64688.186000
64788.168000
64888.149000
64988.131000
65088.113000
65188.095000
65288.076000
65388.059000
65488.040000
65588.024000
65688.003000
65787.987000
65887.967000
65987.951000
66087.930000
66187.913000
66287.893000
66387.875000
66487.857000
66587.838000
66687.820000
66787.802000
66887.784000
66987.765000
67087.748000
67187.729000
67287.712000
67387.692000
67487.676000
67587.656000
67687.640000
67787.619000
67887.603000
67987.583000
68087.566000
68187.546000
68287.528000
68387.509000
68487.491000
68587.473000
68687.455000
68787.437000
68887.418000
68987.401000
69087.381000
69187.364000
69287.345000
69387.328000
69487.308000
69587.293000
69687.272000
69787.256000
69887.235000
69987.217000
70087.199000
70187.180000
70287.162000
70387.144000
70487.126000
70587.107000
70687.089000
70787.071000
70887.053000
70987.034000
71087.017000
71186.997000
71286.981000
71386.961000
71486.945000
71586.925000
71686.908000
71786.888000
71886.871000
71986.851000
72086.836000
72186.815000
72286.797000
72386.778000
72486.760000
72586.742000
72686.723000
72786.706000
72886.687000
72986.670000
73086.650000
73186.634000
73286.614000
73386.598000
73486.577000
73586.561000
73686.540000
73786.524000
73886.504000
73986.486000
74086.468000
74186.449000
74286.431000
74386.413000
74486.394000
74586.376000
74686.358000
74786.339000
74886.322000
74986.303000
75086.287000
75186.266000
75286.251000
75386.230000
75486.213000
75586.193000
75686.176000
75786.157000
75886.138000
75986.120000
76086.102000
76186.084000
76286.065000
76386.048000
76486.029000
76586.012000
76685.992000
76785.975000
76885.955000
76985.940000
77085.919000
77185.903000
77285.882000
77385.865000
77485.846000
77585.827000
77685.809000
77785.791000
77885.772000
77985.754000
78085.736000
78185.718000
78285.699000
78385.681000
78485.663000
78585.644000
78685.628000
78785.608000
78885.592000
78985.571000
79085.555000
79185.535000
79285.518000
79385.498000
79485.484000
79585.462000
79685.443000
79785.425000
79885.407000
79985.389000
80085.370000
80185.352000
80285.333000
80385.316000
80485.297000
80585.280000
80685.260000
80785.244000
80885.224000
80985.208000
81085.188000
81185.171000
81285.151000
81385.132000
81485.114000
81585.096000
81685.078000
81785.059000
81885.041000
81985.023000
82085.005000
82184.987000
82284.969000
82384.950000
82484.933000
82584.913000
82684.897000
82784.877000
82884.860000
82984.840000
83084.823000
83184.803000
83284.785000
83384.767000
83484.748000
83584.730000
83684.712000
83784.693000
83884.675000
83984.658000
84084.639000
84184.622000
84284.602000
84384.585000
84484.566000
84584.550000
84684.529000
84784.513000
84884.492000
84984.475000
85084.456000
85184.437000
85284.419000
85384.401000
85484.383000
85584.364000
85684.346000
85784.328000
85884.310000
85984.291000
86084.274000
86184.254000
86284.238000
86384.218000
86484.202000
86584.181000
86684.165000
86784.145000
86884.127000
86984.108000
87084.090000
87184.072000
87284.054000
87384.035000
87484.017000
87583.999000
87683.980000
87783.962000
87883.944000
87983.927000
88083.907000
88183.891000
88283.870000
88383.854000
88483.834000
88583.817000
88683.797000
88783.780000
88883.761000
88983.743000
89083.724000
89183.706000
89283.688000
89383.669000
89483.651000
89583.633000
89683.615000
89783.596000
89883.580000
89983.560000
90083.544000
90183.523000
90283.507000
90383.486000
90483.470000
90583.450000
90683.431000
90783.413000
90883.395000
90983.376000
91083.358000
91183.340000
91283.322000
91383.304000
91483.285000
91583.268000
91683.249000
91783.232000
91883.212000
91983.197000
92083.176000
92183.160000
92283.139000
92383.121000
92483.103000
92583.084000
92683.066000
92783.047000
92883.029000
92983.011000
93082.993000
93182.974000
93282.957000
93382.938000
93482.921000
93582.901000
93682.885000
93782.864000
93882.848000
93982.828000
94082.812000
94182.791000
94282.774000
94382.755000
94482.736000
94582.718000
94682.700000
94782.681000
94882.663000
94982.645000
95082.627000
95182.609000
95282.590000
95382.573000
95482.553000
95582.537000
95682.517000
95782.501000
95882.480000
95982.463000
96082.444000
96182.426000
96282.407000
96382.389000
96482.371000
96582.352000
96682.334000
96782.316000
96882.298000
96982.279000
97082.261000
97182.243000
97282.226000
97382.206000
97482.190000
97582.169000
97682.153000
97782.133000
97882.116000
97982.096000
98082.079000
98182.060000
98282.041000
98382.023000
98482.005000
98581.986000
98681.968000
98781.950000
98881.931000
98981.914000
99081.895000
99181.879000
99281.858000
99381.842000
99481.822000
99581.806000
99681.785000
99781.769000
99881.749000
99981.730000
100081.712000
100181.694000
100281.676000
100381.657000
100481.639000
100581.621000
100681.603000
100781.584000
100881.567000
100981.547000
101081.531000
101181.511000
101281.495000
101381.474000
101481.458000
101581.438000
101681.421000
101781.401000
101881.383000
101981.365000
102081.346000
102181.328000
102281.310000
102381.291000
102481.273000
102581.256000
102681.237000
102781.219000
102881.200000
102981.183000
103081.163000
103181.147000
103281.127000
103381.110000
103481.090000
103581.073000
103681.053000
103781.035000
103881.017000
103980.998000
104080.980000
104180.962000
104280.944000
104380.925000
104480.909000
104580.889000
104680.872000
104780.852000
104880.836000
104980.816000
105080.800000
105180.779000
105280.763000
105380.743000
105480.724000
105580.706000
105680.688000
105780.669000
105880.651000
105980.633000
106080.614000
106180.597000
106280.578000
106380.561000
106480.541000
106580.525000
106680.505000
106780.489000
106880.468000
106980.452000
107080.432000
107180.414000
107280.395000
107380.377000
107480.358000
107580.340000
107680.322000
107780.304000
107880.285000
107980.267000
108080.249000
108180.230000
108280.214000
108380.194000
108480.178000
108580.157000
108680.142000
108780.121000
108880.104000
108980.084000
109080.066000
109180.048000
109280.029000
109380.011000
109479.992000
109579.974000
109679.956000
109779.938000
109879.919000
109979.903000
110079.883000
110179.866000
110279.846000
110379.830000
110479.809000
110579.793000
110679.773000
110779.756000
110879.736000
110979.718000
111079.700000
111179.681000
111279.674000
111379.645000
111479.627000
111579.608000
111679.590000
111779.572000
111879.554000
111979.535000
112079.518000
112179.498000
112279.482000
112379.462000
112479.446000
112579.425000
112679.408000
112779.389000
112879.370000
112979.352000
113079.334000
113179.315000
113279.297000
113379.279000
113479.261000
113579.243000
113679.224000
113779.207000
113879.188000
113979.171000
114079.151000
114179.135000
114279.114000
114379.098000
114479.078000
114579.061000
114679.041000
114779.023000
114879.005000
114978.986000
115078.968000
115178.950000
115278.931000
115378.913000
115478.895000
115578.876000
115678.859000
115778.840000
115878.824000
115978.803000
116078.787000
116178.766000
116278.750000
116378.730000
116478.712000
116578.694000
116678.675000
116778.657000
116878.639000
116978.620000
117078.602000
117178.584000
117278.565000
117378.548000
117478.529000
117578.512000
117678.492000
117778.476000
117878.456000
117978.440000
118078.419000
118178.402000
118278.382000
118378.364000
118478.346000
118578.328000
118678.309000
118778.291000
118878.273000
118978.255000
119078.237000
119178.218000
119278.201000
119378.181000
119478.165000
119578.145000
119678.128000
119778.108000
119878.092000
119978.071000
120078.055000
120178.035000
120278.017000
120377.998000
120477.980000
120577.962000
120677.943000
120777.925000
120877.907000
120977.889000
121077.870000
121177.853000
121277.834000
121377.817000
121477.797000
121577.781000
121677.761000
121777.744000
121877.724000
121977.705000
122077.688000
122177.669000
122277.651000
122377.633000
122477.614000
122577.596000
122677.578000
122777.559000
122877.541000
122977.522000
123077.506000
123177.486000
123277.470000
123377.449000
123477.433000
123577.413000
123677.396000
123777.376000
123877.358000
123977.340000
124077.321000
124177.303000
124277.285000
124377.266000
124477.248000
124577.231000
125277.102000
125377.086000
125477.065000
125577.049000
125677.030000
125777.010000
125876.992000
125976.974000
126076.956000
126176.937000
126276.920000
126376.900000
126476.884000
126576.864000
126676.847000
126776.827000
126876.811000
126976.791000
127076.775000
127176.754000
127276.736000
127376.718000
127476.699000
127576.681000
127676.669000
127776.649000
127876.626000
127976.608000
128076.590000
128176.572000
128276.553000
128376.535000
128476.516000
128576.500000
128676.480000
128776.464000
128876.444000
128976.427000
129076.406000
129176.389000
129276.370000
129376.352000
129476.333000
129576.315000
129676.297000
129776.278000
129876.260000
129976.242000
130076.225000
130176.205000
130276.189000
130376.169000
130476.152000
130576.132000
130676.116000
130776.096000
130876.079000
130976.059000
131076.043000
131176.023000
131276.004000
131375.986000
131475.968000
131575.949000
131675.931000
131775.913000
131875.894000
131975.877000
132075.858000
132175.841000
132275.821000
132375.805000
132475.784000
132575.768000
132675.748000
132775.731000
132875.714000
132975.693000
133075.675000
133175.656000
133275.638000
133375.620000
133475.602000
133575.583000
133675.565000
133775.547000
133875.530000
133975.510000
134075.494000
134175.473000
134275.457000
134375.437000
134475.421000
134575.400000
134675.382000
134775.363000
134875.345000
134975.327000
135075.309000
135175.290000
135275.273000
135375.254000
135475.235000
135575.218000
135675.199000
135775.182000
135875.162000
135975.146000
136075.126000
136175.110000
136275.089000
136375.072000
136475.053000
136575.036000
136675.016000
136774.998000
136874.980000
136974.961000
137074.943000
137174.924000
137274.907000
137374.888000
137474.870000
137574.851000
137674.834000
137774.814000
137874.798000
137974.778000
138074.762000
138174.742000
138274.725000
138374.705000
138474.686000
138574.668000
138674.650000
138774.632000
138874.613000
138974.595000
139074.577000
139174.559000
139274.540000
139374.523000
139474.504000
139574.487000
139674.467000
139774.451000
139874.430000
139974.413000
140074.394000
140174.375000
140274.357000
140374.339000
140474.321000
140574.302000
140674.284000
140774.265000
140874.248000
140974.229000
141074.212000
141174.193000
141274.176000
141374.156000
141474.140000
141574.119000
141674.103000
141774.083000
141874.066000
141974.046000
142074.028000
142174.009000
142273.991000
142373.973000
142473.954000
142573.937000
142673.918000
142773.901000
142873.881000
142973.864000
143073.845000
143173.828000
143273.808000
143373.792000
143473.772000
143573.755000
143673.735000
143773.716000
143873.698000
143973.680000
144073.662000
144173.644000
144273.625000
144373.607000
144473.589000
144573.570000
144673.553000
144773.534000
144873.517000
144973.497000
145073.481000
145173.460000
145273.444000
145373.424000
145473.408000
145573.388000
145673.369000
145773.351000
145873.332000
145973.314000
146073.296000
146173.277000
146273.259000
146373.242000
146473.223000
146573.206000
146673.186000
146773.169000
146873.149000
146973.133000
147073.113000
147173.097000
147273.076000
147373.059000
147473.040000
147573.021000
147673.004000
147772.985000
147872.966000
147972.948000
148072.930000
148172.911000
148272.894000
148372.875000
148472.858000
148572.838000
148672.822000
148772.802000
148872.786000
148972.765000
149072.748000
149172.728000
149272.710000
149372.692000
149472.674000
149572.655000
149672.637000
149772.619000
149872.600000
149972.582000
150072.564000
150172.547000
150272.527000
150372.510000
150472.491000
150572.475000
150672.454000
150772.438000
150872.418000
150972.400000
151072.381000
151172.363000
151272.344000
151372.326000
151472.308000
151572.289000
151672.271000
151772.253000
151872.235000
151972.216000
152072.199000
152172.179000
152272.163000
152372.143000
152472.127000
152572.106000
152672.090000
152772.069000
152872.053000
152972.033000
153072.015000
153171.996000
153271.978000
153371.960000
153471.942000
153571.924000
153671.905000
153771.888000
153871.869000
153971.852000
154071.832000
154171.816000
154271.795000
154371.779000
154471.759000
154571.743000
154671.722000
154771.704000
154871.686000
154971.667000
155071.649000
155171.631000
155271.612000
155371.594000
155471.577000
155571.558000
155671.540000
155771.521000
155871.505000
155971.484000
156071.468000
156171.448000
156271.432000
156371.411000
156471.394000
156571.374000
156671.356000
156771.338000
156871.319000
156971.301000
157071.283000
157171.265000
157271.246000
157371.229000
157471.210000
157571.194000
157671.173000
157771.157000
157871.137000
157971.120000
158071.100000
158171.084000
158271.063000
158371.045000
158471.027000
158571.009000
158670.990000
158770.972000
158870.953000
158970.935000
159070.918000
159170.898000
159270.883000
159370.862000
159470.846000
159570.825000
159670.809000
159770.789000
159870.773000
159970.752000
160070.734000
160170.716000
160270.697000
160370.679000
160470.661000
160570.642000
160670.624000
160770.606000
160870.588000
160970.570000
161070.551000
161170.534000
161270.514000
161370.498000
161470.478000
161570.462000
161670.441000
161770.424000
161870.404000
161970.386000
162070.368000
162170.350000
162270.331000
162370.313000
162470.295000
162570.276000
162670.258000
162770.240000
162870.222000
162970.203000
163070.187000
163170.167000
163270.150000
163370.130000
163470.114000
163570.093000
163670.077000
163770.057000
163870.039000
163970.020000
164070.002000
164169.984000
164269.965000
164369.947000
164469.929000
164569.911000
164669.892000
164769.875000
164869.856000
164969.839000
165069.819000
165169.803000
165269.782000
165369.765000
165469.746000
165569.730000
165669.709000
165769.691000
165869.673000
165969.654000
166069.636000
166169.618000
166269.599000
166369.581000
166469.563000
166569.544000
166669.528000
166769.508000
166869.491000
166969.471000
167069.455000
167169.434000
167269.417000
167369.398000
167469.380000
167569.361000
167669.343000
167769.325000
167869.307000
167969.288000
168069.270000
168169.252000
168269.233000
168369.217000
168469.197000
168569.180000
168669.160000
168769.144000
168869.124000
168969.107000
169069.087000
169169.068000
169269.050000
169369.032000
169469.014000
169568.995000
169668.977000
169768.959000
169868.941000
169968.922000
170068.905000
170168.885000
170268.870000
170368.849000
170468.833000
170568.812000
170668.796000
170768.775000
170868.760000
170968.739000
171068.723000
171168.703000
171268.684000
171368.666000
171468.648000
171568.630000
171668.611000
171768.593000
171868.574000
171968.557000
172068.538000
172168.521000
172268.501000
172368.485000
172468.464000
172568.448000
172668.428000
172768.410000
172868.392000
172968.373000
173068.355000
173168.336000
173268.318000
173368.300000
173468.282000
173568.263000
173668.246000
173768.226000
173868.210000
173968.190000
174068.174000
174168.153000
174268.138000
174368.117000
174468.100000
174568.080000
174668.062000
174768.044000
174868.025000
174968.007000
175067.989000
175167.971000
175267.952000
175367.935000
175467.915000
175567.899000
175667.879000
175767.863000
175867.842000
175967.826000
176067.806000
176167.789000
176267.769000
176367.752000
176467.733000
176567.714000
176667.696000
176767.677000
176867.659000
176967.641000
177067.623000
177167.604000
177267.587000
177367.568000
177467.551000
177567.531000
177667.515000
177767.494000
177867.479000
177967.458000
178067.440000
178167.421000
178267.403000
178367.385000
178467.366000
178567.348000
178667.330000
178767.311000
178867.293000
178967.275000
179067.257000
179167.240000
179267.220000
179367.204000
179467.184000
179567.167000
179667.147000
179767.130000
179867.110000
179967.093000
180067.074000
180167.055000
180267.037000
180367.019000
180467.000000
180566.982000
180666.964000
180766.945000
180866.928000
180966.909000
181066.892000
181166.872000
181266.856000
181366.836000
181466.820000
181566.799000
181666.783000
181766.762000
181866.744000
181966.726000
182066.708000
182166.689000
182266.671000
182366.653000
182466.634000
182566.617000
182666.598000
182766.581000
182866.561000
182966.545000
183066.525000
183166.508000
183266.488000
183366.472000
183466.451000
183566.435000
183666.415000
183766.396000
183866.379000
183966.360000
184066.342000
184166.323000
184266.305000
184366.287000
184466.269000
184566.250000
184666.233000
184766.213000
184866.197000
184966.177000
185066.160000
185166.140000
185266.124000
185366.104000
185466.085000
185566.067000
185666.049000
185766.030000
185866.012000
185965.994000
186065.976000
186165.958000
186265.939000
186365.921000
186465.903000
186565.886000
186665.866000
186765.849000
186865.829000
186965.812000
187065.793000
187165.775000
187265.756000
187365.737000
187465.719000
187565.701000
187665.683000
187765.664000
187865.646000
187965.628000
188065.610000
188165.592000
188265.575000
188365.555000
188465.538000
188565.518000
188665.502000
188765.481000
188865.463000
188965.445000
189065.426000
189165.408000
189265.390000
189365.371000
189465.353000
189565.335000
189665.316000
189765.299000
189865.280000
189965.263000
190065.243000
190165.228000
190265.207000
190365.191000
190465.170000
190565.153000
190665.134000
190765.116000
190865.097000
190965.079000
191065.061000
191165.042000
191265.024000
191365.005000
191464.988000
191564.969000
191664.951000
191764.932000
191864.916000
191964.896000
192064.880000
192164.859000
192264.844000
192364.822000
192464.805000
192564.786000
192664.767000
192764.749000
192864.731000
192964.712000
193064.694000
193164.676000
193264.658000
193364.639000
193464.621000
193564.604000
193664.584000
193764.568000
193864.548000
193964.532000
194064.511000
194164.494000
194264.475000
194364.456000
194464.438000
194564.420000
194664.401000
194764.383000
194864.365000
194964.346000
195064.329000
195164.310000
195264.292000
195364.273000
195464.256000
195564.237000
195664.220000
195764.200000
195864.184000
195964.163000
196064.147000
196164.127000
196264.109000
196364.090000
196464.072000
196564.054000
196664.035000
196764.017000
196863.999000
196963.981000
197063.962000
197163.945000
197263.926000
197363.909000
197463.889000
197563.873000
197663.852000
197763.835000
197863.816000
197963.797000
198063.779000
198163.761000
198263.742000
198363.724000
198463.706000
198563.688000
198663.670000
198763.651000
198863.633000
198963.614000
199063.598000
199163.578000
199263.562000
199363.541000
199463.525000
199563.505000
199663.487000
199763.468000
199863.449000
199963.431000
200063.414000
200163.394000
200263.376000
200363.358000
200463.340000
200563.322000
200663.303000
200763.286000
200863.267000
200963.250000
201063.230000
201163.214000
201263.193000
201363.177000
201463.157000
201563.138000
201663.120000
201763.102000
201863.084000
201963.065000
202063.047000
202163.029000
202263.011000
202362.992000
202462.975000
202562.956000
202662.939000
202762.919000
202862.903000
202962.882000
203062.866000
203162.846000
203262.828000
203362.809000
203462.791000
203562.773000
203662.754000
203762.736000
203862.717000
203962.699000
204062.681000
204162.663000
204262.644000
204362.628000
204462.608000
204562.592000
204662.571000
204762.555000
204862.534000
204962.518000
205062.498000
205162.479000
205262.462000
205362.443000
205462.425000
205562.406000
205662.388000
205762.370000
205862.352000
205962.333000
206062.316000
206162.296000
206262.280000
206362.260000
206462.244000
206562.223000
206662.207000
206762.187000
206862.169000
206962.150000
207062.132000
207162.114000
207262.095000
207362.077000
207462.059000
207562.041000
207662.022000
207762.005000
207861.986000
207961.969000
208061.949000
208161.933000
208261.912000
208361.896000
208461.875000
208561.860000
208661.839000
208761.821000
208861.802000
208961.784000
209061.766000
209161.747000
209261.729000
209361.711000
209461.692000
209561.674000
209661.656000
209761.638000
209861.621000
209961.601000
210061.585000
210161.564000
210261.548000
210361.527000
210461.511000
210561.491000
210661.473000
210761.455000
210861.436000
210961.418000
211061.400000
211161.381000
211261.363000
211361.346000
211461.326000
211561.309000
211661.290000
211761.274000
211861.253000
211961.237000
212061.217000
212161.200000
212261.180000
212361.162000
212461.143000
212561.125000
212661.107000
212761.089000
212861.070000
212961.052000
213061.034000
213161.015000
213260.998000
213360.978000
213460.962000
213560.942000
213660.926000
213760.905000
213860.889000
213960.869000
214060.852000
214160.832000
214260.814000
214360.796000
214460.777000
214560.759000
214660.741000
214860.704000
214960.686000
215060.667000
215160.651000
215260.631000
215360.615000
215460.594000
215560.578000
215660.558000
215760.541000
215860.521000
215960.503000
216060.484000
216160.467000
216260.448000
216360.429000
216460.411000
216560.393000
216660.375000
216760.356000
216860.339000
216960.319000
217060.303000
217160.283000
217260.267000
217360.247000
217460.230000
217560.210000
217660.193000
217760.173000
217860.155000
217960.137000
218060.118000
218160.100000
218260.082000
218360.064000
218460.045000
218560.028000
218660.009000
218759.991000
218859.972000
218959.956000
219059.935000
219159.919000
219259.899000
219359.881000
219459.862000
219559.844000
219659.825000
219759.807000
219859.789000
219959.771000
220059.752000
220159.734000
220259.716000
220359.697000
220459.680000
220559.661000
220659.644000
220759.624000
220859.608000
220959.588000
221059.572000
221159.551000
221259.535000
221359.514000
221459.496000
221559.478000
221659.460000
221759.441000
221859.423000
221959.405000
222059.386000
222159.369000
222259.350000
222359.332000
222459.313000
222559.297000
222659.276000
222759.260000
222859.240000
222959.223000
223059.203000
223159.185000
223259.167000
223359.149000
223459.130000
223559.112000
223659.094000
223759.075000
223859.058000
223959.038000
224059.022000
224159.002000
224258.986000
224358.965000
224458.950000
224558.929000
224658.913000
224758.892000
224858.875000
224958.855000
225058.837000
225158.819000
225258.801000
225358.782000
225458.764000
225558.746000
225658.727000
225758.709000
225858.691000
225958.672000
226058.654000
226158.636000
226258.618000
226358.601000
226458.581000
226558.563000
226658.544000
226758.526000
226858.508000
226958.489000
227058.471000
227158.452000
227258.435000
227358.416000
227458.398000
227558.379000
227658.362000
227758.343000
227858.326000
227958.306000
228058.290000
228158.270000
228258.254000
228358.233000
228458.215000
228558.197000
228658.178000
228758.160000
228858.141000
228958.123000
229058.105000
229158.087000
229258.068000
229358.051000
229458.032000
229558.016000
229657.995000
229757.979000
229857.958000
229957.942000
230057.922000
230157.904000
230257.886000
230357.867000
230457.849000
230557.830000
230657.812000
230757.794000
230857.775000
230957.757000
231057.740000
231157.721000
231257.704000
231357.684000
231457.668000
231557.648000
231657.631000
231757.611000
231857.595000
231957.574000
232057.558000
232157.537000
232257.519000
232357.501000
232457.483000
232557.464000
232657.446000
232757.428000
232857.410000
232957.392000
233057.373000
233157.356000
233257.336000
233357.320000
233457.300000
233557.283000
233657.263000
233757.245000
233857.227000
233957.208000
234057.190000
234157.171000
234257.153000
234357.135000
234457.116000
234557.098000
234657.081000
234757.062000
234857.045000
234957.025000
235057.009000
235156.989000
235256.973000
235356.952000
235456.935000
235556.915000
235656.897000
235756.878000
235856.860000
235956.842000
236056.824000
236156.805000
236256.787000
236356.769000
236456.751000
236556.733000
236656.714000
236756.697000
236856.677000
236956.661000
237056.641000
237156.625000
237256.604000
237356.586000
237456.567000
237556.549000
237656.531000
237756.513000
237856.494000
237956.476000
238056.458000
238156.439000
238256.422000
238356.403000
238456.386000
238556.366000
238656.350000
238756.329000
238856.314000
238956.293000
239056.277000
239156.256000
239256.238000
239356.220000
239456.201000
239556.183000
239656.165000
239756.147000
239856.128000
239956.111000
240056.092000
240156.076000
240256.055000
240356.039000
240456.018000
240556.003000
240655.982000
240755.966000
240855.945000
240955.927000
241055.909000
241155.890000
241255.872000
241355.854000
241455.836000
241555.817000
241655.799000
241755.780000
241855.763000
241955.744000
242055.725000
242155.707000
242255.689000
242355.670000
242455.652000
242555.634000
242655.617000
242755.597000
242855.579000
242955.561000
243055.543000
243155.524000
243255.506000
243355.487000
243455.469000
243555.452000
243655.433000
243755.415000
243855.396000
243955.379000
244055.359000
244155.343000
244255.323000
244355.307000
244455.286000
244555.270000
244655.249000
244755.231000
244855.213000
244955.195000
245055.177000
245155.158000
245255.140000
245355.122000
245455.104000
245555.085000
245655.068000
245755.048000
245855.032000
245955.012000
246054.996000
246154.975000
246254.959000
246354.938000
246454.920000
246554.902000
246654.884000
246754.866000
246854.847000
246954.828000
247054.810000
247154.793000
247254.774000
247354.757000
247454.737000
247554.721000
247654.700000
247754.685000
247854.664000
247954.648000
248054.627000
248154.609000
248254.591000
248354.573000
248454.554000
248554.536000
248654.518000
248754.499000
248854.481000
248954.463000
249054.445000
249154.426000
249254.409000
249354.389000
249454.373000
249554.353000
249654.337000
249754.316000
249854.300000
249954.279000
250054.261000
250154.243000
250254.225000
250354.206000
250454.188000
250554.170000
250654.151000
250754.134000
250854.115000
250954.098000
251054.078000
251154.062000
251254.041000
251354.025000
251454.005000
251553.988000
251653.969000
251753.950000
251853.932000
251953.913000
252053.896000
252153.877000
252253.858000
252353.840000
252453.822000
252553.804000
252653.786000
252753.767000
252853.750000
252953.730000
253053.714000
253153.694000
253253.678000
253353.658000
253453.641000
253553.620000
253653.602000
253753.584000
253853.566000
253953.547000
254053.529000
254153.511000
254253.493000
254353.475000
254453.456000
254553.439000
254653.419000
254753.403000
254853.383000
254953.367000
255053.346000
255153.329000
255253.309000
255353.291000
255453.273000
255553.254000
255653.236000
255753.218000
255853.200000
255953.181000
256053.164000
256153.145000
256253.127000
256353.108000
256453.092000
256553.072000
256653.055000
256753.035000
256853.019000
256952.999000
257052.982000
257152.961000
257252.943000
257352.925000
257452.909000
257552.889000
257652.870000
257752.853000
257852.834000
257952.817000
258052.797000
258152.780000
258252.761000
258352.744000
258452.724000
258552.705000
258652.687000
258752.669000
258852.650000
258952.632000
259052.614000
259152.595000
259252.577000
259352.559000
259452.541000
259552.522000
259652.505000
259752.486000
259852.468000
259952.449000
260052.432000
260152.412000
260252.396000
260352.376000
260452.360000
260552.340000
260652.323000
260752.303000
260852.284000
260952.266000
261052.248000
261152.230000
261252.211000
261352.193000
261452.175000
262252.028000
262352.011000
262451.992000
262551.975000
262651.955000
262751.937000
262851.918000
262951.900000
263051.882000
263151.863000
263251.845000
263351.827000
263451.809000
263551.791000
263651.773000
263751.754000
263851.737000
263951.717000
264051.702000
264151.680000
264251.663000
264351.644000
264451.625000
264551.607000
264651.589000
264751.571000
264851.552000
264951.534000
265051.516000
265151.498000
265251.479000
265351.463000
265451.442000
265551.426000
265651.406000
265751.390000
265851.369000
265951.352000
266051.333000
266151.314000
266251.296000
266351.278000
266451.259000
266551.241000
266651.223000
266751.204000
266851.187000
266951.168000
267051.151000
267151.131000
267251.116000
267351.095000
267451.079000
267551.058000
267651.042000
267751.022000
267851.005000
267950.985000
268050.967000
268150.949000
268250.930000
268350.912000
268450.893000
268550.875000
268650.857000
268750.839000
268850.820000
268950.803000
269050.784000
269150.767000
269250.747000
269350.731000
269450.710000
269550.694000
269650.674000
269750.655000
269850.637000
269950.619000
270050.601000
270150.582000
270250.564000
270350.546000
270450.528000
270550.509000
270650.492000
270750.473000
270850.456000
270950.436000
271050.420000
271150.399000
271250.383000
271350.363000
271450.346000
271550.326000
271650.308000
271750.289000
271850.271000
271950.253000
272050.234000
272150.217000
272250.198000
272350.181000
272450.161000
272650.125000
272750.109000
272850.088000
272950.072000
273050.052000
273150.035000
273250.015000
273349.996000
273449.979000
273549.960000
273649.942000
273749.923000
273849.905000
273949.887000
274049.869000
274149.850000
274249.834000
274349.813000
274449.797000
274549.777000
274649.761000
274749.740000
274849.722000
274949.704000
275049.686000
275149.667000
275249.649000
275349.630000
275449.612000
275549.594000
275649.576000
275749.558000
275849.539000
275949.521000
276049.503000
276149.485000
276249.466000
276349.450000
276449.429000
276549.413000
276649.392000
276749.376000
276849.356000
276949.337000
277049.320000
277149.301000
277249.283000
277349.265000
277449.246000
277549.228000
277649.210000
277749.192000
277849.174000
277949.155000
278049.138000
278149.118000
278249.102000
278349.082000
278449.065000
278549.045000
278649.027000
278749.008000
278848.990000
278948.972000
279048.953000
279148.935000
279248.917000
279348.898000
279448.880000
279548.863000
279648.843000
279748.826000
279848.807000
279948.790000
280048.770000
280148.754000
280248.734000
280348.717000
280448.697000
280548.681000
280648.661000
280748.642000
280848.624000
280948.606000
281048.587000
281148.569000
281248.551000
281348.532000
281448.515000
281548.496000
281648.479000
281748.459000
281848.443000
281948.422000
282048.406000
282148.386000
282248.368000
282348.349000
282448.331000
282548.313000
282648.294000
282748.277000
282848.258000
282948.239000
283048.221000
283148.204000
283248.185000
283348.168000
283448.148000
283548.132000
283648.111000
283748.095000
283848.075000
283948.058000
284048.038000
284148.020000
284248.002000
284347.983000
284447.965000
284547.947000
284647.928000
284747.910000
284847.893000
284947.874000
285047.856000
285147.837000
285247.820000
285347.800000
285447.784000
285547.764000
285647.748000
285747.727000
285847.711000
285947.690000
286047.672000
286147.654000
286247.636000
286347.617000
286447.599000
286547.581000
286647.567000
286747.545000
286847.526000
286947.509000
287047.489000
287147.473000
287247.452000
287347.437000
287447.416000
287547.399000
287647.379000
287747.363000
287847.343000
287947.324000
288047.306000
288147.288000
288247.269000
288347.251000
288447.233000
288547.215000
288647.198000
288747.178000
288847.162000
288947.141000
289047.125000
289147.105000
289247.089000
289347.068000
289447.051000
289547.032000
289647.013000
289746.995000
289846.977000
289946.959000
290046.940000
290146.922000
290246.903000
290346.887000
290446.867000
290546.850000
290646.830000
290746.814000
290846.794000
290946.778000
291046.757000
291146.741000
291246.721000
291346.702000
291446.684000
291546.666000
291646.647000
291746.629000
291846.611000
291946.592000
292046.574000
292146.556000
292246.538000
292346.519000
292446.503000
292546.483000
292646.466000
292746.446000
292846.430000
292946.409000
293046.393000
293146.373000
293246.354000
293346.336000
293446.318000
293546.299000
293646.281000
293746.263000
293846.245000
293946.227000
294046.208000
294146.191000
294246.171000
294346.155000
294446.135000
294546.119000
294646.098000
294746.082000
294846.061000
294946.043000
295046.025000
295146.007000
295245.988000
295345.970000
295445.952000
295545.933000
295645.916000
295745.897000
295845.880000
295945.860000
296045.844000
296145.823000
296245.807000
296345.787000
296445.771000
296545.751000
296645.734000
296745.714000
296845.695000
296945.677000
297045.659000
297145.641000
297245.622000
297345.604000
297445.585000
297545.568000
297645.549000
297745.532000
297845.512000
297945.496000
298045.476000
298145.460000
298245.439000
298345.423000
298445.403000
298545.384000
298645.366000
298745.348000
298845.330000
298945.311000
299045.293000
299145.274000
299245.257000
299345.238000
299445.220000
299545.201000
299645.185000
299745.165000
299845.148000
299945.128000
300045.112000
300145.092000
300245.074000
300345.055000
300445.036000
300545.018000
300645.000000
300744.982000
300844.963000
300944.945000
301044.927000
301144.909000
301244.890000
301344.874000
301444.853000
301544.837000
301644.817000
301744.801000
301844.781000
301944.764000
302044.744000
302144.725000
302244.707000
302344.689000
302444.670000
302544.652000
302644.634000
302744.615000
302844.598000
302944.579000
303044.562000
303144.543000
303244.526000
303344.506000
303444.490000
303544.469000
303644.453000
303744.432000
303844.416000
303944.396000
304044.378000
304144.359000
304244.341000
304344.323000
304444.305000
304544.286000
304644.268000
304744.251000
304844.231000
304944.215000
305044.195000
305144.179000
305244.158000
305344.142000
305444.122000
305544.105000
305644.085000
305744.066000
305844.048000
305944.030000
306044.012000
306143.993000
306243.976000
306343.957000
306443.939000
306543.920000
306643.903000
306743.884000
306843.867000
306943.847000
307043.831000
307143.810000
307243.794000
307343.774000
307443.756000
307543.737000
307643.719000
307743.700000
307843.682000
307943.664000
308043.646000
308143.627000
308243.609000
308343.592000
308443.572000
308543.555000
308643.536000
308743.519000
308843.499000
308943.483000
309043.463000
309143.446000
309243.426000
309343.408000
309443.389000
309543.371000
309643.353000
309743.335000
309843.316000
309943.298000
310043.280000
310143.261000
310243.244000
310343.225000
310443.208000
310543.188000
310643.172000
310743.152000
310843.135000
310943.115000
311043.098000
311143.078000
311243.060000
311343.042000
311443.023000
311543.005000
311642.987000
311742.968000
311842.950000
311942.932000
312042.914000
312142.897000
312242.877000
312342.860000
312442.840000
312542.825000
312642.804000
312742.787000
312842.767000
312942.752000
313042.731000
313142.712000
313242.694000
313342.676000
313442.657000
313542.639000
313642.621000
313742.602000
313842.585000
313942.566000
314042.550000
314142.529000
314242.513000
314342.493000
314442.477000
314542.456000
314642.440000
314742.419000
314842.401000
314942.383000
315042.365000
315142.346000
315242.328000
315342.310000
315442.291000
315542.274000
315642.255000
315742.238000
315842.218000
315942.202000
316042.181000
316142.165000
316242.145000
316342.128000
316442.108000
316542.093000
316642.072000
316742.053000
316842.035000
316942.017000
317041.999000
317141.980000
317241.962000
317341.944000
317441.926000
317541.907000
317641.891000
317741.871000
317841.855000
317941.834000
318041.818000
318141.797000
318241.780000
318341.761000
318441.743000
318541.724000
318641.706000
318741.687000
318841.669000
318941.651000
319041.632000
319141.615000
319241.596000
319341.579000
319441.560000
319541.543000
319641.523000
319741.507000
319841.486000
319941.470000
320041.450000
320141.433000
320241.413000
320341.395000
320441.376000
320541.358000
320641.340000
320741.321000
320841.303000
320941.285000
321041.268000
321141.248000
321241.231000
321341.212000
321441.196000
321541.175000
321641.159000
321741.139000
321841.122000
321941.102000
322041.083000
322141.066000
322241.047000
322341.029000
322441.011000
322540.993000
322640.974000
322740.957000
322840.937000
322940.921000
323040.900000
323140.884000
323240.864000
323340.849000
323440.827000
323540.811000
323640.791000
323740.774000
323840.754000
323940.736000
324040.718000
324140.699000
324240.681000
324340.662000
324440.644000
324540.626000
324640.609000
324740.589000
324840.572000
324940.553000
325040.537000
325140.516000
325240.500000
325340.480000
325440.464000
325540.443000
325640.425000
325740.406000
325840.388000
325940.370000
326040.352000
326140.333000
326240.315000
326340.297000
326440.278000
326540.262000
326640.242000
326740.225000
326840.205000
326940.189000
327040.169000
327140.152000
327240.132000
327340.116000
327440.095000
327540.077000
327640.059000
327740.040000
327840.022000
327940.004000
328039.986000
328139.967000
328239.950000
328339.930000
328439.914000
328539.894000
328639.878000
328739.857000
328839.841000
328939.821000
329039.804000
329139.784000
329239.766000
329339.747000
329439.729000
329539.711000
329639.693000
329739.674000
329839.656000
329939.638000
330039.620000
330139.602000
330239.583000
330339.566000
330439.546000
330539.530000
330639.510000
330739.494000
330839.473000
330939.456000
331039.437000
331139.418000
331239.400000
331339.382000
331439.363000
331539.345000
331639.327000
331739.308000
331839.291000
331939.272000
332039.255000
332139.235000
332239.219000
332339.198000
332439.183000
332539.162000
332639.146000
332739.125000
332839.107000
332939.089000
333039.070000
333139.052000
333239.034000
333339.015000
333438.997000
333538.979000
333638.961000
333738.943000
333838.924000
333938.907000
334038.887000
334138.872000
334238.851000
334338.835000
334438.814000
334538.797000
334638.778000
334738.759000
334838.741000
334938.723000
335038.705000
335138.686000
335238.668000
335338.650000
335438.632000
335538.613000
335638.596000
335738.576000
335838.560000
335938.540000
336038.524000
336138.503000
336238.486000
336338.466000
336438.448000
336538.430000
336638.412000
336738.393000
336838.375000
336938.357000
337038.338000
337138.320000
337238.302000
337338.285000
337438.265000
337538.248000
337638.229000
337738.213000
337838.192000
337938.176000
338038.156000
338138.139000
338238.119000
338338.100000
338438.082000
338538.064000
338638.046000
338738.027000
338838.009000
338937.991000
339037.974000
339137.954000
339237.938000
339337.918000
339437.902000
339537.881000
339637.865000
339737.844000
339837.828000
339937.808000
340037.790000
340137.771000
340237.753000
340337.734000
340437.716000
340537.698000
340637.680000
340737.662000
340837.643000
340937.625000
341037.607000
341137.589000
341237.570000
341337.554000
341437.533000
341537.517000
341637.497000
341737.480000
341837.460000
341937.442000
342037.424000
342137.405000
342237.387000
342337.368000
342437.350000
342537.332000
342637.314000
342737.295000
342837.278000
342937.259000
343037.242000
343137.222000
343237.206000
343337.186000
343437.170000
343537.149000
343637.131000
343737.112000
343837.094000
343937.076000
344037.057000
344137.039000
344237.021000
344337.003000
344436.984000
344536.967000
344636.948000
344736.931000
344836.911000
344936.895000
345036.875000
345136.859000
345236.838000
345336.821000
345436.801000
345536.783000
345636.765000
345736.746000
345836.728000
345936.710000
346036.691000
346136.674000
346236.655000
346336.636000
346436.620000
346536.600000
346636.583000
346736.563000
346836.547000
346936.527000
347036.511000
347136.490000
347236.473000
347336.454000
347436.435000
347536.417000
347636.399000
347736.380000
347836.362000
347936.344000
348036.326000
348136.308000
348236.289000
348336.272000
348436.253000
348536.236000
348636.216000
348736.200000
348836.179000
348936.163000
349036.143000
349136.124000
349236.106000
349336.088000
349436.069000
349536.051000
349636.032000
349736.014000
349835.996000
349935.978000
350035.960000
350135.941000
350335.904000
350435.889000
350535.868000
350635.852000
350735.831000
350835.814000
350935.795000
351035.777000
351135.758000
351235.740000
351335.722000
351435.703000
351535.686000
351635.667000
351735.649000
351835.630000
351935.613000
352035.594000
352135.577000
352235.557000
352335.541000
352435.520000
352535.504000
352635.484000
352735.467000
352835.447000
352935.429000
353035.411000
353135.392000
353235.374000
353335.356000
353435.338000
353535.319000
353635.301000
353735.282000
353835.265000
353935.246000
354035.230000
354135.209000
354235.193000
354335.173000
354435.156000
354535.136000
354635.118000
354735.100000
354835.081000
354935.063000
355035.045000
355135.026000
355235.008000
355334.991000
355434.971000
355534.954000
355634.935000
355734.918000
355834.898000
355934.882000
356034.862000
356134.846000
356234.825000
356334.809000
356434.788000
356534.770000
356634.752000
356734.733000
356834.715000
356934.697000
357034.679000
357134.660000
357234.642000
357334.623000
357434.607000
357534.587000
357634.571000
357734.550000
357834.534000
357934.514000
358034.498000
358134.477000
358234.459000
358334.441000
358434.422000
358534.404000
358634.386000
358734.367000
358834.349000
358934.331000
359034.313000
359134.295000
359234.276000
359334.259000
359434.240000
359534.223000
359634.203000
359734.186000
359834.166000
359934.148000
360034.130000
360134.111000
360234.093000
360334.075000
360434.056000
360534.038000
360634.020000
360734.002000
360833.984000
360933.965000
361033.948000
361133.929000
361233.912000
361333.892000
361433.876000
361533.855000
361633.838000
361733.818000
361833.803000
361933.782000
362033.764000
362133.745000
362233.727000
362333.709000
362433.691000
362533.672000
362633.654000
362733.636000
362833.617000
362933.600000
363033.581000
363133.564000
363233.544000
363333.528000
363433.508000
363533.491000
363633.471000
363733.454000
363833.434000
363933.416000
364033.398000
364133.379000
364233.361000
364333.343000
364433.325000
364533.306000
364633.289000
364733.270000
364833.253000
364933.233000
365033.217000
365133.196000
365233.180000
365333.160000
365433.143000
365533.123000
365633.105000
365733.087000
365833.068000
365933.050000
366033.032000
366133.014000
366232.995000
366332.978000
366432.959000
366532.942000
366632.922000
366732.906000
366832.885000
366932.869000
367032.849000
367132.832000
367232.812000
367332.794000
367432.776000
367532.757000
367632.739000
367732.721000
367832.702000
367932.684000
368032.666000
368132.647000
368232.630000
368332.611000
368432.594000
368532.574000
368632.558000
368732.537000
368832.521000
368932.501000
369032.485000
369132.464000
369232.446000
369332.428000
369432.410000
369532.392000
369632.373000
369732.355000
369832.337000
369932.319000
370032.300000
370132.283000
370232.263000
370332.247000
370432.227000
370532.210000
370632.190000
370732.174000
370832.154000
370932.135000
371032.117000
371132.098000
371232.081000
371332.062000
371432.044000
371532.025000
371632.008000
371731.988000
371831.973000
371931.952000
372031.936000
372131.916000
372231.900000
372331.879000
372431.863000
372531.842000
372631.826000
372731.806000
372831.788000
372931.769000
373031.751000
373131.733000
373231.714000
373331.696000
373431.678000
373531.659000
373631.641000
373731.631000
373831.604000
373931.588000
374031.568000
374131.551000
374231.531000
374331.515000
374431.495000
374531.477000
374631.458000
374731.439000
374831.422000
374931.403000
375031.385000
375131.367000
375231.348000
375331.330000
375431.313000
375531.293000
375631.277000
375731.257000
375831.241000
375931.220000
376031.205000
376131.184000
376231.167000
376331.147000
376431.129000
376531.110000
376631.092000
376731.074000
376831.056000
376931.037000
377031.019000
377131.001000
377230.982000
377330.965000
377430.946000
377530.929000
377630.909000
377730.893000
377830.872000
377930.856000
378030.836000
378130.818000
378230.799000
378330.781000
378430.763000
378530.744000
378630.726000
378730.708000
378830.690000
378930.671000
379030.654000
379130.635000
379230.618000
379330.598000
379430.582000
379530.561000
379630.545000
379730.525000
379830.509000
379930.488000
380030.470000
380130.451000
380230.433000
380330.415000
380430.397000
380530.378000
380630.362000
380730.342000
380830.323000
380930.306000
381030.287000
381130.270000
381230.251000
381330.234000
381430.214000
381530.198000
381630.177000
381730.160000
381830.141000
381930.122000
382030.104000
382130.085000
382230.067000
382330.049000
382430.031000
382530.013000
382629.995000
382729.976000
382829.959000
382929.939000
383029.923000
383129.903000
383229.886000
383329.866000
383429.850000
383529.830000
383629.813000
383729.793000
383829.775000
383929.756000
384029.738000
384129.720000
384229.701000
384329.683000
384429.665000
384529.647000
384629.628000
384729.611000
384829.592000
384929.575000
385029.555000
385129.539000
385229.518000
385329.503000
385429.482000
385629.445000
385729.427000
385829.409000
385929.390000
386029.372000
386129.353000
386229.336000
386329.317000
386429.300000
386529.281000
386629.264000
386729.244000
386829.228000
386929.208000
387029.191000
387129.171000
387229.153000
387329.134000
387429.116000
387529.098000
387629.079000
387729.061000
387829.043000
387929.025000
388029.007000
388128.989000
388228.969000
388328.953000
388428.933000
388528.917000
388628.896000
388728.880000
388828.860000
388928.844000
389028.823000
389128.806000
389228.787000
389328.768000
389428.750000
389528.731000
389628.713000
389728.695000
389828.677000
389928.658000
390028.640000
390128.630000
390228.605000
390328.585000
390428.569000
390528.549000
390628.533000
390728.512000
390828.495000
390928.475000
391028.457000
391128.439000
391228.421000
391328.402000
391428.384000
391528.366000
391628.347000
391728.330000
391828.311000
391928.293000
392028.274000
392128.258000
392228.238000
392328.222000
392428.201000
392528.185000
392628.164000
392728.146000
392828.128000
392928.109000
393028.091000
393128.073000
393228.055000
393328.036000
393428.018000
393528.000000
393627.983000
393727.963000
393827.946000
393927.926000
394027.910000
394127.890000
394227.874000
394327.853000
394427.837000
394527.817000
394627.798000
394727.780000
394827.762000
394927.743000
395027.725000
395127.707000
395227.689000
395327.671000
395427.652000
395527.635000
395627.615000
395727.599000
395827.579000
395927.563000
396027.542000
396127.526000
396227.506000
396327.489000
396427.469000
396527.451000
396627.433000
396727.414000
396827.396000
396927.377000
397027.359000
397127.341000
397227.323000
397327.304000
397427.287000
397527.268000
397627.251000
397727.231000
397827.215000
397927.194000
398027.178000
398127.158000
398227.140000
398327.121000
398427.103000
398527.085000
398627.067000
398727.049000
398827.030000
398927.012000
399026.994000
399126.976000
399226.957000
399326.940000
399426.920000
399526.904000
399626.884000
399726.868000
399826.847000
399926.830000
400026.810000
400126.792000
400226.774000
400326.755000
400426.737000
400526.719000
400626.701000
400726.682000
400826.664000
400926.646000
401026.628000
401126.609000
401226.593000
401326.572000
401426.557000
401526.536000
401626.520000
401726.499000
401826.483000
401926.463000
402026.444000
402126.426000
402226.408000
402326.389000
402426.371000
402526.353000
402626.334000
402726.317000
402826.298000
402926.281000
403026.261000
403126.245000
403226.225000
403326.209000
403426.188000
403526.172000
403626.152000
403726.133000
403826.115000
403926.097000
404026.079000
404126.060000
404226.042000
404326.024000
404426.006000
404525.987000
404625.970000
404725.950000
404825.934000
404925.914000
405025.898000
405125.877000
405225.862000
405325.840000
405425.824000
405525.804000
405625.786000
405725.767000
405825.749000
405925.731000
406025.712000
406125.694000
406225.676000
406325.658000
406425.640000
406525.625000
406625.603000
406725.586000
406825.566000
406925.550000
407025.529000
407125.513000
407225.493000
407325.475000
407425.456000
407525.438000
407625.420000
407725.401000
407825.383000
407925.365000
408025.347000
408125.328000
408225.311000
408325.292000
408425.275000
408525.255000
408625.239000
408725.218000
408825.202000
408925.182000
409025.166000
409125.145000
409225.127000
409325.109000
409425.090000
409525.072000
409625.054000
409725.036000
409825.017000
409925.000000
410024.980000
410124.963000
410224.944000
410324.928000
410424.907000
410524.891000
410624.871000
410724.854000
410824.834000
410924.818000
411024.798000
411124.779000
411224.761000
411324.743000
411424.724000
411524.706000
411624.688000
411724.669000
411824.652000
411924.633000
412024.616000
412124.596000
412224.580000
412324.560000
412424.544000
412524.523000
412624.507000
412724.486000
412824.470000
412924.450000
413024.432000
413124.413000
413224.395000
413324.377000
413424.358000
413524.341000
413624.322000
413724.305000
413824.285000
413924.268000
414024.249000
414124.232000
414224.212000
414324.196000
414424.176000
414524.158000
414624.139000
414724.120000
414824.102000
414924.084000
415024.066000
415124.047000
415224.029000
415324.011000
415423.993000
415523.974000
415623.957000
415723.937000
415823.921000
415923.901000
416023.885000
416123.864000
416223.848000
416323.828000
416423.811000
416523.791000
416623.773000
416723.754000
416823.736000
416923.718000
417023.700000
417123.682000
417223.663000
417323.646000
417423.627000
417523.610000
417623.590000
417723.574000
417823.553000
417923.537000
418023.517000
418123.500000
418223.480000
418323.462000
418423.444000
418523.425000
418623.407000
418723.389000
418823.371000
418923.352000
419023.334000
419123.315000
419223.298000
419323.279000
419423.262000
419523.242000
419623.226000
419723.206000
419823.190000
419923.169000
420023.152000
420123.132000
420223.114000
420323.096000
420423.078000
420523.060000
420623.041000
420723.023000
420823.004000
420922.987000
421022.968000
421122.952000
421222.931000
421322.916000
421422.894000
421522.879000
421622.858000
421722.841000
421822.822000
421922.803000
422022.785000
422122.766000
422222.748000
422322.730000
422422.712000
422522.693000
422622.675000
422722.656000
422822.638000
422922.620000
423022.602000
423122.583000
423222.567000
423322.547000
423422.531000
423522.511000
423622.493000
423722.474000
423822.455000
423922.437000
424022.419000
424122.401000
424222.382000
424322.364000
424422.346000
424522.328000
424622.309000
424722.292000
424822.273000
424922.256000
425022.236000
425122.220000
425222.199000
425322.183000
425422.163000
425522.145000
425622.126000
425722.108000
425822.090000
425922.071000
426022.053000
426122.035000
426222.016000
426321.998000
426421.981000
426521.962000
426621.945000
426721.925000
426821.909000
426921.889000
427021.873000
427121.852000
427221.835000
427321.815000
427421.797000
427521.778000
427621.760000
427721.742000
427821.723000
427921.705000
428021.687000
428121.669000
428221.650000
428321.633000
428421.614000
428521.597000
428621.577000
428721.561000
428821.540000
428921.524000
429021.504000
429121.487000
429221.468000
429321.449000
429421.431000
429521.412000
429621.394000
429721.376000
429821.358000
429921.339000
430021.322000
430121.303000
430221.286000
430321.266000
430421.250000
430521.230000
430621.214000
430721.193000
430821.177000
430921.156000
431021.140000
431121.120000
431221.102000
431321.083000
431421.065000
431521.047000
431621.029000
431721.010000
431820.992000
431920.975000
432020.955000
432120.938000
432220.919000
432320.902000
432420.882000
432520.866000
432620.845000
432720.829000
432820.809000
432920.790000
433020.772000
433120.754000
433220.736000
433320.717000
433420.699000
433520.681000
433620.663000
433720.644000
433820.627000
433920.607000
434020.591000
434120.571000
434220.555000
434320.534000
434420.518000
434520.498000
434620.480000
434720.461000
434820.443000
434920.424000
435020.407000
435120.388000
435220.370000
435320.352000
435420.333000
435520.315000
435620.297000
435720.279000
435820.260000
435920.243000
436020.223000
436120.207000
436220.187000
436320.171000
436420.151000
436520.134000
436620.115000
436720.095000
436820.077000
436920.059000
437020.041000
437120.022000
437220.005000
437319.985000
437419.968000
437519.949000
437619.932000
437719.912000
437819.897000
437919.876000
438019.860000
438119.839000
438219.822000
438319.803000
438419.784000
438519.766000
438619.748000
438719.729000
438819.711000
438919.692000
439019.674000
439119.656000
439219.638000
439319.619000
439419.601000
439519.585000
439619.565000
439719.548000
439819.528000
439919.512000
440019.491000
440119.475000
440219.455000
440319.436000
440419.418000
440519.400000
440619.382000
440719.363000
440819.345000
440919.327000
441019.309000
441119.290000
441219.273000
441319.253000
441419.237000
441519.217000
441619.201000
441719.180000
441819.164000
441919.144000
442019.127000
442119.107000
442219.089000
442319.070000
442419.053000
442519.034000
442619.016000
442718.998000
442818.979000
442918.961000
443018.943000
443118.925000
443218.906000
443318.890000
443418.869000
443518.853000
443618.833000
443718.815000
443818.796000
443918.778000
444018.760000
444118.741000
444218.723000
444318.704000
444418.687000
444518.668000
444618.650000
444718.632000
444818.614000
444918.595000
445018.579000
445118.558000
445218.542000
445318.522000
445418.506000
445518.486000
445618.469000
445718.449000
445818.430000
445918.412000
446018.394000
446118.375000
446218.357000
446318.339000
446418.320000
446518.303000
446618.284000
446718.267000
446818.247000
446918.231000
447018.211000
447118.195000
447218.174000
447318.157000
447418.138000
447518.121000
447618.101000
447718.083000
447818.064000
447918.046000
448018.028000
448118.009000
448217.991000
448317.973000
448417.955000
448517.936000
448617.919000
448717.900000
448817.884000
448917.863000
449017.847000
449117.826000
449217.809000
449317.790000
449417.772000
449517.753000
449617.735000
449717.717000
449817.699000
449917.680000
450017.662000
450117.644000
450217.625000
450317.608000
450417.589000
450517.572000
450617.552000
450717.537000
450817.515000
450917.499000
451017.479000
451117.461000
451217.442000
451317.424000
451417.406000
451517.388000
451617.369000
451717.351000
451817.332000
451917.314000
452017.297000
452117.278000
452217.261000
452317.241000
452417.225000
452517.204000
452617.189000
452717.168000
452817.151000
452917.132000
453017.114000
453117.095000
453217.076000
453317.058000
453417.040000
453517.022000
453617.003000
453716.986000
453816.967000
453916.950000
454016.930000
454116.914000
454216.893000
454316.878000
454416.857000
454516.841000
454616.820000
454716.804000
454816.784000
454916.765000
455016.747000
455116.729000
455216.711000
455316.692000
455416.674000
455516.655000
455616.637000
455716.619000
455816.601000
455916.582000
456016.567000
456116.546000
456216.530000
456316.509000
456416.493000
456516.473000
460515.741000
460615.723000
460715.704000
460815.686000
460915.668000
461015.650000
461115.631000
461215.613000
461315.596000
461415.577000
461515.560000
461615.540000
461715.524000
461815.503000
461915.487000
462015.467000
462115.450000
462215.430000
462315.412000
462415.393000
462515.375000
462615.357000
462715.338000
462815.320000
462915.302000
463015.284000
463115.265000
463215.248000
463315.229000
463415.212000
463515.192000
463615.176000
463715.156000
463815.139000
463915.119000
464015.103000
464115.082000
464215.064000
464315.046000
464415.028000
464515.010000
464614.991000
464714.973000
464814.955000
464914.937000
465014.918000
465114.901000
465214.882000
465314.865000
465414.845000
465514.829000
465614.808000
465714.792000
465814.772000
465914.753000
466014.735000
466114.717000
466214.698000
466314.680000
466414.662000
466514.644000
466614.625000
466714.607000
466814.590000
466914.570000
467014.555000
467114.533000
467214.518000
467314.497000
467414.481000
467514.461000
467614.444000
467714.424000
467814.406000
467914.387000
468014.369000
468114.351000
468214.332000
468314.314000
468414.296000
468514.279000
468614.260000
468714.242000
468814.223000
468914.206000
469014.186000
469114.170000
469214.149000
469314.134000
469414.113000
469514.097000
469614.076000
469714.058000
469814.040000
469914.021000
470014.004000
470113.985000
470213.967000
470313.948000
470413.931000
470513.912000
470613.895000
470713.875000
470813.859000
470913.838000
471013.823000
471113.802000
471213.785000
471313.765000
471413.749000
471513.729000
471613.710000
471713.692000
471813.674000
471913.655000
472013.637000
472113.619000
472213.601000
472313.583000
472413.564000
472513.548000
472613.527000
472713.511000
472813.491000
472913.475000
473013.454000
473113.438000
473213.418000
473313.399000
473413.381000
473513.363000
473613.344000
473713.326000
473813.308000
473913.290000
474013.272000
474113.253000
474213.235000
474313.216000
474413.200000
474513.180000
474613.164000
474713.143000
474813.127000
474913.106000
475013.090000
475113.070000
475213.052000
475313.033000
475413.015000
475512.997000
475612.978000
475712.961000
475812.942000
475912.924000
476012.905000
476112.888000
476212.869000
476312.852000
476412.832000
476512.816000
476612.796000
476712.779000
476812.759000
476912.742000
477012.722000
477112.704000
477212.686000
477312.668000
477412.649000
477512.631000
477612.613000
477712.594000
477812.577000
477912.558000
478012.541000
478112.521000
478212.505000
478312.485000
478412.469000
478512.448000
478612.431000
478712.411000
478812.393000
478912.375000
479012.357000
479112.338000
479212.320000
479312.302000
479412.283000
479512.265000
479612.247000
479712.229000
479812.210000
479912.193000
480012.174000
480112.158000
480212.137000
480312.121000
480412.100000
480512.083000
480612.064000
480712.046000
480812.027000
480912.009000
481011.991000
481111.972000
481211.954000
481311.936000
481411.918000
481511.899000
481611.882000
481711.863000
481811.846000
481911.826000
482011.810000
482111.789000
482211.773000
482311.753000
482411.736000
482511.717000
482611.698000
482711.680000
482811.661000
482911.643000
483011.625000
483111.607000
483211.588000
483311.571000
483411.552000
483511.535000
483611.515000
483711.499000
483811.479000
483911.462000
484011.442000
484111.426000
484211.405000
484311.388000
484411.369000
484511.351000
484611.332000
484711.314000
484811.295000
484911.277000
485011.259000
485111.240000
485211.223000
485311.204000
485411.188000
485511.168000
485611.152000
485711.131000
485811.115000
485911.095000
486011.079000
486111.058000
486211.039000
486311.021000
486411.003000
486510.985000
486610.966000
486710.949000
486810.930000
486910.912000
487010.893000
487110.877000
487210.857000
487310.841000
487410.820000
487510.804000
487610.783000
487710.767000
487810.747000
487910.729000
488010.710000
488110.692000
488210.674000
488310.656000
488410.637000
488510.619000
488610.600000
488710.582000
488810.564000
488910.545000
489010.529000
489110.509000
489210.492000
489310.472000
489410.456000
489510.436000
489610.420000
489710.399000
489810.382000
489910.362000
490010.344000
490110.326000
490210.308000
490310.290000
490410.271000
490510.253000
490610.234000
490710.217000
490910.181000
491010.161000
491110.145000
491210.125000
491310.109000
491410.088000
491510.071000
491610.053000
491710.033000
491810.015000
491909.997000
492009.979000
492109.960000
492209.942000
492309.924000
492409.906000
492509.887000
492609.870000
492709.852000
492809.834000
492909.814000
493009.798000
493109.777000
493209.762000
493309.741000
493409.725000
493509.704000
493609.688000
493709.668000
493809.650000
493909.631000
494009.613000
494109.594000
494209.576000
494309.558000
494409.540000
494509.523000
494609.503000
494709.486000
494809.467000
494909.450000
495009.430000
495109.413000
495209.393000
495309.377000
495409.357000
495509.338000
495609.320000
495709.302000
495809.283000
495909.265000
496009.247000
496109.229000
496209.211000
496309.192000
496409.175000
496509.155000
496609.139000
496709.119000
496809.103000
496909.082000
497009.066000
497109.046000
497209.029000
497309.009000
497408.991000
497508.973000
497608.954000
497708.936000
497808.918000
497908.899000
498008.881000
498108.863000
498208.844000
498308.827000
498408.808000
498508.791000
498608.771000
498708.755000
498808.735000
498908.718000
499008.698000
499108.680000
499208.662000
499308.643000
499408.625000
499508.607000
499608.588000
499708.570000
499808.552000
499908.533000
500008.516000
500108.497000
500208.480000
500308.460000
500408.444000
500508.424000
500608.408000
500708.387000
500808.370000
500908.350000
501008.332000
501108.314000
501208.296000
501308.277000
501408.259000
501508.241000
501608.223000
501708.204000
501808.186000
501908.169000
502008.149000
502108.133000
502208.113000
502308.097000
502408.076000
502508.060000
502608.040000
502708.022000
502808.003000
502907.987000
503007.967000
503107.948000
503207.930000
503307.911000
503407.894000
503507.875000
503607.858000
503707.838000
503807.821000
503907.802000
504007.786000
504107.765000
504207.749000
504307.729000
504407.712000
504507.692000
504607.674000
504707.655000
504807.637000
504907.619000
505007.601000
505107.582000
505207.564000
505307.546000
505407.528000
505507.510000
505607.491000
505707.474000
505807.454000
505907.438000
506007.418000
506107.401000
506207.381000
506307.365000
506407.345000
506507.328000
506607.308000
506707.290000
506807.271000
506907.253000
507007.235000
507107.217000
507207.198000
507307.180000
507407.162000
507507.143000
507607.127000
507707.107000
507807.091000
507907.070000
508007.054000
508107.034000
508207.017000
508306.997000
508406.980000
508506.960000
508606.942000
508706.924000
508806.906000
508906.887000
509006.869000
509106.851000
509206.832000
509306.815000
509406.796000
509506.779000
509606.759000
509706.743000
509806.723000
509906.707000
510006.686000
510106.669000
510206.650000
510306.631000
510406.613000
510506.595000
510606.576000
510706.558000
510806.540000
510906.522000
511006.504000
511106.485000
511206.468000
511306.449000
511406.432000
511506.412000
511606.395000
511706.375000
511806.359000
511906.339000
512006.322000
512106.302000
512206.285000
512306.266000
512406.248000
512506.229000
512606.211000
512706.192000
512806.174000
512906.156000
513006.138000
513106.120000
513206.101000
513306.084000
513406.064000
513506.048000
513606.028000
513706.011000
513805.991000
513905.974000
514005.954000
514105.936000
514205.918000
514305.900000
514405.881000
514505.863000
514605.845000
514705.826000
514805.809000
514905.790000
515005.773000
515105.753000
515205.737000
515305.717000
515405.701000
515505.680000
515605.664000
515705.643000
515805.627000
515905.607000
516005.589000
516105.570000
516205.552000
516305.534000
516405.516000
516505.497000
516605.479000
516705.461000
516805.443000
516905.425000
517005.406000
517105.389000
517205.369000
517305.353000
517405.333000
517505.317000
517605.296000
517705.279000
517805.260000
517905.241000
518005.223000
518105.205000
518205.187000
518305.168000
518405.151000
518505.131000
518605.114000
518705.095000
518805.078000
518905.058000
519005.043000
519105.022000
519205.007000
519304.985000
519404.969000
519504.949000
519604.930000
519704.912000
519804.894000
519904.876000
520004.858000
520104.839000
520204.821000
520304.804000
520404.784000
520504.767000
520604.747000
520704.731000
520804.711000
520904.693000
521004.675000
521104.656000
521204.638000
521304.619000
521404.601000
521504.583000
521604.564000
521704.546000
521804.528000
521904.510000
522004.492000
522104.473000
522204.455000
522304.436000
522404.419000
522504.400000
522604.383000
522704.363000
522804.347000
522904.326000
523004.310000
523104.290000
523204.273000
523304.253000
523404.235000
523504.217000
523604.199000
523704.180000
523804.162000
523904.144000
524004.126000
524104.108000
524204.089000
524304.072000
524404.052000
524504.036000
524604.016000
524703.999000
524803.979000
524903.963000
525003.943000
525103.925000
525203.906000
525303.888000
525403.869000
525503.851000
525603.833000
525703.814000
525803.796000
525903.778000
526003.761000
526103.742000
526403.688000
526503.668000
526603.652000
526703.632000
526803.615000
526903.595000
527003.578000
527103.558000
527203.540000
527303.522000
527403.504000
527503.485000
527603.467000
527703.449000
527803.430000
527903.413000
528003.394000
528103.377000
528203.357000
528303.341000
528403.321000
528503.305000
528603.284000
528703.268000
528803.248000
528903.229000
529003.211000
529103.193000
529203.174000
529303.156000
529403.138000
529503.120000
529603.102000
529703.083000
529803.065000
529903.046000
530003.030000
530103.010000
530202.994000
530302.973000
530402.957000
530502.937000
530602.920000
530702.900000
530802.882000
530902.864000
531002.846000
531102.827000
531202.809000
531302.790000
531402.772000
531502.755000
531602.736000
531702.718000
531802.699000
531902.683000
532002.662000
532102.646000
532202.626000
532302.610000
532402.589000
532502.573000
532602.553000
532702.535000
532802.516000
532902.498000
533002.480000
533102.461000
533202.443000
533302.425000
533402.407000
533502.388000
533602.371000
533702.351000
533802.335000
533902.315000
534002.299000
534102.278000
534202.262000
534302.242000
534402.224000
534502.205000
534602.187000
534702.169000
534802.150000
534902.132000
535002.114000
535102.096000
535202.077000
535302.060000
535402.041000
535502.024000
535602.004000
535701.988000
535801.967000
535901.952000
536001.931000
536101.915000
536201.894000
536301.877000
536401.858000
536501.839000
536601.821000
536701.803000
536801.785000
536901.766000
537001.748000
537101.730000
537201.712000
537301.693000
537401.675000
537501.656000
537601.638000
537701.620000
537801.601000
537901.583000
538001.567000
538101.547000
538201.529000
538301.510000
538401.492000
538501.474000
538601.455000
538701.437000
538801.419000
538901.401000
539001.382000
539101.364000
539201.346000
539301.328000
539401.309000
539501.293000
539601.272000
539701.256000
539801.236000
539901.219000
540001.200000
540101.181000
540201.162000
540301.144000
540401.126000
540501.108000
540601.089000
540701.071000
540801.053000
540901.035000
541001.018000
541100.998000
541200.981000
541300.961000
541400.945000
541500.925000
541600.909000
541700.888000
541800.872000
541900.852000
542000.833000
542100.815000
542200.797000
542300.778000
542400.760000
542500.742000
542600.724000
542700.706000
542800.687000
542900.670000
543000.651000
543100.634000
543200.614000
543300.598000
543400.577000
543500.561000
543600.541000
543700.523000
543800.504000
543900.486000
544000.468000
544100.449000
544200.431000
544300.413000
544400.395000
544500.377000
544600.358000
544700.340000
544800.322000
544900.303000
545000.287000
545100.266000
545200.251000
545300.230000
545400.214000
545500.193000
545600.178000
545700.156000
545800.139000
545900.120000
546000.102000
546100.084000
546200.066000
546300.047000
546400.029000
546500.011000
546599.992000
546699.975000
546799.956000
546899.939000
546999.919000
547099.903000
547199.882000
547299.866000
547399.846000
547499.830000
547599.810000
547699.791000
547799.773000
547899.754000
547999.736000
548099.718000
548199.700000
548299.681000
548399.664000
548499.645000
548599.628000
548699.608000
548799.592000
548899.571000
548999.556000
549099.535000
549199.518000
549299.498000
549399.482000
549499.462000
549599.444000
549699.425000
549799.407000
549899.388000
549999.370000
550099.352000
