33.328000
99.981000
133.309000
166.636000
199.963000
233.290000
266.617000
299.945000
333.272000
366.600000
399.927000
433.254000
466.582000
499.909000
533.236000
566.563000
599.890000
633.218000
666.545000
699.872000
733.200000
766.527000
799.854000
833.181000
866.509000
899.836000
933.163000
966.491000
999.818000
1033.146000
1066.472000
1099.800000
1133.127000
1166.454000
1199.782000
1233.109000
1266.436000
1299.763000
1333.091000
1366.418000
1399.746000
1433.073000
1466.400000
1499.727000
1533.055000
1566.382000
1599.709000
1633.036000
1666.364000
1699.691000
1733.019000
1766.345000
1799.674000
1833.000000
1866.329000
1899.654000
1932.983000
1966.309000
1999.637000
2032.964000
2066.293000
2099.618000
2132.947000
2166.273000
2199.602000
2232.928000
2266.256000
2299.582000
2332.911000
2366.237000
2399.566000
2432.891000
2466.221000
2499.546000
2532.875000
2566.200000
2599.530000
2632.855000
2666.184000
2699.509000
2732.839000
2766.164000
2799.493000
2832.819000
2866.148000
2899.473000
2932.802000
2966.128000
2999.456000
3032.783000
3066.111000
3099.437000
3132.766000
3166.091000
3199.420000
3232.746000
3266.074000
3299.401000
3332.729000
3366.056000
3399.385000
3432.710000
3466.037000
3499.364000
3532.692000
3566.019000
3599.346000
3632.674000
3666.000000
3699.328000
3732.655000
3765.982000
3799.310000
3832.637000
3865.965000
3899.292000
3932.619000
3965.946000
3999.274000
4032.601000
4065.928000
4099.256000
4132.583000
4165.910000
4199.237000
4232.565000
4265.892000
4299.219000
4332.546000
4365.874000
4399.201000
4432.529000
4465.855000
4499.183000
4532.510000
4565.838000
4599.165000
4632.493000
4665.819000
4699.147000
4732.474000
4765.803000
4799.128000
4832.456000
4865.783000
4899.111000
4932.438000
4965.766000
5032.421000
5065.747000
5099.076000
5132.401000
5165.730000
5199.056000
5232.385000
5265.710000
5299.039000
5332.365000
5365.694000
5399.019000
5432.349000
5465.674000
5499.004000
5532.328000
5565.658000
5598.983000
5632.313000
5665.638000
5698.967000
5732.292000
5765.622000
5798.947000
5832.276000
5865.601000
5898.931000
5932.256000
5965.585000
5998.910000
6032.240000
6065.565000
6098.894000
6132.220000
6165.549000
6198.874000
6232.203000
6265.529000
6298.857000
6332.183000
6365.511000
6398.838000
6432.166000
6465.493000
6498.820000
6532.147000
6565.474000
6598.802000
6632.129000
6665.456000
6698.783000
6732.111000
6765.438000
6798.765000
6832.093000
6865.420000
6898.747000
6932.074000
6965.402000
6998.729000
7032.057000
7065.383000
7098.711000
7132.038000
7165.365000
7198.693000
7232.020000
7265.347000
7298.675000
7332.002000
7365.329000
7398.657000
7431.984000
7465.311000
7498.638000
7531.966000
7565.293000
7598.620000
7631.947000
7665.275000
7698.602000
7731.930000
7765.256000
7798.585000
7831.911000
7865.239000
7898.566000
7931.894000
7965.220000
7998.548000
8031.875000
8065.203000
8098.530000
8131.858000
8165.184000
8198.513000
8231.839000
8265.167000
8298.493000
8331.822000
8365.148000
8398.477000
8431.802000
8465.131000
8498.457000
8531.786000
8565.111000
8598.440000
8631.766000
8665.095000
8698.420000
8731.750000
8765.075000
8798.405000
8831.730000
8865.059000
8898.384000
8931.713000
8965.039000
8998.368000
9031.694000
9065.022000
9098.348000
9131.677000
9165.002000
9198.331000
9231.657000
9264.985000
9298.311000
9331.640000
9364.966000
9398.295000
9431.621000
9464.949000
9498.275000
9531.602000
9564.930000
9598.257000
9631.584000
9664.911000
9698.239000
9731.566000
9764.893000
9798.221000
9831.548000
9864.876000
9898.202000
9931.530000
9964.857000
9998.185000
10031.512000
10064.839000
10098.166000
10131.494000
10164.821000
10198.148000
10231.475000
10264.803000
10298.130000
10331.457000
10364.785000
10398.112000
10431.439000
10464.766000
10498.094000
10531.421000
10564.749000
10598.075000
10631.403000
10664.730000
10698.058000
10731.385000
10764.713000
10798.039000
10831.368000
10864.694000
10898.022000
10931.349000
10964.677000
10998.003000
11031.332000
11064.658000
11097.986000
11131.312000
11164.641000
11197.967000
11231.296000
11264.621000
11297.950000
11331.276000
11364.605000
11397.930000
11431.260000
11464.586000
11497.914000
11531.239000
11564.568000
11597.894000
11631.223000
11664.549000
11697.878000
11731.203000
11764.533000
11797.858000
11831.187000
11864.512000
11897.842000
11931.167000
11964.496000
11997.821000
12031.152000
12064.476000
12097.806000
12131.131000
12164.460000
12197.785000
12231.114000
12264.440000
12297.769000
12331.094000
12364.422000
12397.749000
12431.078000
12464.403000
12497.731000
12531.058000
12564.385000
12597.712000
12631.040000
12664.367000
12697.695000
12731.021000
12764.349000
12797.676000
12831.004000
12864.331000
12897.658000
12930.985000
12964.313000
12997.640000
13030.968000
13064.295000
13097.622000
13130.949000
13164.276000
13197.603000
13230.931000
13264.258000
13297.585000
13330.913000
13364.240000
13397.568000
13430.895000
13464.222000
13497.549000
13530.876000
13564.204000
13597.532000
13630.858000
13664.186000
13697.513000
13730.841000
13764.167000
13797.495000
13830.822000
13864.151000
13897.477000
13930.805000
13964.131000
13997.459000
14030.786000
14064.115000
14097.440000
14130.770000
14164.095000
14197.424000
14230.749000
14264.079000
14297.404000
14330.733000
14364.059000
14397.388000
14430.713000
14464.043000
14497.368000
14530.697000
14564.022000
14597.352000
14630.677000
14664.007000
14697.331000
14730.661000
14763.986000
14797.316000
14830.640000
14863.971000
14897.295000
14930.625000
14963.949000
15030.605000
15063.934000
15097.259000
15130.588000
15163.913000
15197.242000
15230.568000
15263.897000
15297.222000
15330.552000
15363.877000
15397.206000
15430.532000
15463.859000
15497.186000
15530.514000
15563.840000
15597.168000
15630.496000
15663.822000
15697.150000
15730.477000
15763.804000
15797.132000
15830.459000
15863.786000
15897.113000
15930.441000
15963.768000
15997.095000
16030.423000
16063.750000
16097.077000
16130.404000
16163.732000
16197.059000
16230.386000
16263.713000
16297.041000
16330.368000
16363.695000
16397.023000
16430.350000
16463.677000
16497.004000
16530.332000
16563.659000
16596.986000
16630.314000
16663.641000
16696.968000
16730.295000
16763.623000
16796.950000
16830.278000
16863.605000
16896.934000
16930.259000
16963.586000
16996.916000
17030.243000
17063.568000
17096.897000
17130.222000
17163.551000
17196.877000
17230.206000
17263.532000
17296.861000
17330.186000
17363.516000
17396.841000
17430.171000
17463.496000
17496.825000
17530.150000
17563.479000
17596.805000
17630.134000
17663.459000
17696.788000
17730.114000
17763.443000
17796.768000
17830.098000
17863.423000
17896.752000
17930.077000
17963.406000
17996.732000
18030.062000
18063.386000
18096.716000
18130.041000
18163.369000
18196.696000
18230.025000
18263.350000
18296.677000
18330.005000
18363.334000
18396.659000
18429.987000
18463.314000
18496.641000
18529.968000
18563.296000
18596.623000
18629.950000
18663.278000
18696.605000
18729.932000
18763.259000
18796.587000
18829.914000
18863.241000
18896.569000
18929.896000
18963.223000
18996.550000
19029.879000
19063.205000
19096.532000
19129.859000
19163.187000
19196.514000
19229.841000
19263.169000
19296.496000
19329.823000
19363.150000
19396.478000
19429.805000
19463.133000
19496.460000
19529.788000
19563.114000
19596.442000
19629.769000
19663.097000
19696.423000
19729.751000
19763.078000
19796.407000
19829.733000
19863.061000
19896.387000
19929.715000
19963.041000
19996.370000
20029.697000
20063.025000
20096.351000
20129.680000
20163.005000
20196.334000
20229.660000
20262.989000
20296.314000
20329.644000
20362.969000
20396.298000
20429.624000
20462.953000
20496.278000
20529.607000
20562.932000
20596.262000
20629.587000
20662.916000
20696.242000
20729.571000
20762.896000
20796.227000
20829.551000
20862.880000
20896.205000
20929.534000
20962.860000
20996.188000
21029.515000
21062.842000
21096.169000
21129.496000
21162.824000
21196.152000
21229.478000
21262.805000
21296.133000
21329.460000
21362.787000
21396.115000
21429.442000
21462.769000
21496.097000
21529.424000
21562.751000
21596.078000
21629.405000
21662.733000
21696.060000
21729.387000
21762.715000
21796.042000
21829.369000
21862.696000
21896.024000
21929.351000
21962.678000
21996.006000
22029.333000
22062.660000
22095.987000
22129.315000
22162.642000
22195.969000
22229.298000
22262.624000
22295.951000
22329.278000
22362.606000
22395.933000
22429.261000
22462.587000
22495.916000
22529.242000
22562.570000
22595.897000
22629.225000
22662.551000
22695.879000
22729.206000
22762.534000
22795.861000
22829.189000
22862.515000
22895.844000
22929.169000
22962.498000
22995.824000
23029.154000
23062.478000
23095.808000
23129.133000
23162.462000
23195.788000
23229.117000
23262.442000
23295.772000
23329.097000
23362.427000
23395.751000
23429.081000
23462.407000
23495.735000
23529.060000
23562.390000
23595.715000
23629.045000
23662.369000
23695.699000
23729.024000
23762.353000
23795.679000
23829.008000
23862.333000
23895.661000
23928.988000
23962.316000
23995.643000
24028.972000
24062.297000
24095.624000
24128.951000
24162.282000
24195.606000
24228.934000
24262.260000
24295.588000
24328.915000
24362.243000
24395.570000
24428.897000
24462.224000
24495.551000
24528.879000
24562.206000
24595.533000
24628.861000
24662.188000
24695.515000
24728.842000
24762.170000
24795.497000
24828.826000
24862.152000
24895.479000
24928.806000
24962.133000
24995.461000
25028.789000
25062.115000
25095.443000
25128.770000
25162.097000
25195.425000
25228.752000
25262.080000
25295.406000
25328.734000
25362.061000
25395.389000
25428.716000
25462.044000
25495.370000
25528.698000
25562.024000
25595.353000
25628.679000
25662.007000
25695.334000
25728.662000
25761.988000
25795.317000
25828.643000
25861.973000
25895.297000
25928.626000
25961.952000
25995.281000
26028.607000
26061.936000
26095.261000
26128.591000
26161.916000
26195.245000
26228.570000
26261.899000
26295.224000
26328.554000
26361.879000
26395.209000
26428.534000
26461.864000
26495.188000
26528.518000
26561.843000
26595.172000
26628.497000
26661.827000
26695.152000
26728.481000
26761.806000
26795.135000
26828.461000
26861.789000
26895.116000
26928.445000
26961.770000
26995.097000
27028.425000
27061.752000
27095.079000
27128.406000
27161.734000
27195.064000
27228.389000
27261.716000
27295.043000
27328.370000
27361.698000
27395.025000
27428.352000
27461.679000
27495.007000
27528.334000
27561.661000
27594.988000
27628.316000
27661.643000
27694.971000
27728.297000
27761.625000
27794.952000
27828.280000
27861.607000
27894.934000
27928.261000
27961.588000
27994.916000
28028.244000
28061.571000
28094.899000
28128.225000
28161.553000
28194.880000
28228.208000
28261.534000
28294.863000
28328.188000
28361.517000
28394.843000
28428.171000
28461.498000
28494.826000
28528.153000
28561.481000
28594.807000
28628.135000
28661.461000
28694.790000
28728.116000
28761.445000
28794.771000
28828.101000
28861.425000
28894.754000
28928.080000
28961.409000
28994.734000
29028.064000
29061.389000
29094.718000
29128.043000
29161.373000
29194.698000
29228.028000
29261.352000
29294.682000
29328.007000
29361.336000
29394.662000
29427.991000
29461.316000
29494.646000
29527.971000
29561.300000
29594.625000
29627.954000
29661.280000
29694.610000
29727.934000
29761.263000
29794.589000
29827.918000
29861.243000
29894.571000
29927.898000
29961.225000
29994.553000
30027.883000
30061.207000
30094.534000
30127.862000
30161.189000
30194.516000
30227.844000
30261.171000
30294.498000
30327.826000
30361.153000
30394.481000
30427.807000
30461.135000
30494.462000
30527.790000
30561.116000
30594.444000
30627.771000
30661.099000
30694.426000
30727.753000
30761.080000
30794.408000
30827.735000
30861.063000
30894.389000
30927.717000
30961.043000
30994.373000
31027.699000
31061.027000
31094.353000
31127.682000
31161.007000
31194.337000
31227.662000
31260.990000
31294.316000
31327.645000
31360.971000
31394.300000
31427.626000
31460.956000
31494.280000
31527.610000
31560.935000
31594.264000
31627.589000
31660.919000
31694.244000
31727.573000
31760.898000
31794.228000
31827.553000
31860.883000
31894.208000
31927.537000
31960.862000
31994.192000
32027.518000
32060.847000
32094.171000
32127.501000
32160.826000
32194.156000
32227.481000
32260.810000
32294.135000
32327.464000
32360.790000
32394.119000
32427.444000
32460.772000
32494.099000
32527.428000
32560.753000
32594.082000
32627.408000
32660.735000
32694.062000
32727.389000
32760.717000
32794.044000
32827.372000
32860.699000
32894.026000
32927.353000
32960.680000
32994.007000
33027.335000
33060.662000
33093.989000
33127.317000
33160.644000
33193.972000
33227.299000
33260.626000
33293.953000
33327.287000
33360.608000
33393.935000
33427.262000
33460.590000
33493.917000
33527.244000
33560.571000
33593.898000
33627.226000
33660.553000
33693.881000
33727.208000
33760.535000
33793.862000
33827.190000
33860.517000
33893.845000
33927.171000
33960.499000
33993.826000
34027.154000
34060.481000
34093.809000
34127.135000
34160.465000
34193.790000
34227.118000
34260.444000
34293.773000
34327.099000
34360.427000
34393.753000
34427.083000
34460.408000
34493.737000
34527.062000
34560.392000
34593.717000
34627.046000
34660.372000
34693.701000
34727.026000
34760.356000
34793.680000
34827.010000
34860.335000
34893.664000
34926.990000
34960.319000
34993.644000
35026.974000
35060.299000
35093.628000
35126.953000
35160.282000
35193.608000
35226.938000
35260.262000
35293.591000
35326.917000
35360.246000
35393.572000
35426.901000
35460.227000
35493.554000
35526.881000
35560.208000
35593.535000
35626.863000
35660.190000
35693.517000
35726.845000
35760.172000
35793.499000
35826.826000
35860.153000
35893.481000
35926.808000
35960.135000
35993.463000
36026.791000
36060.117000
36093.444000
36126.772000
36160.099000
36193.426000
36226.754000
36260.081000
36293.408000
36326.735000
36360.063000
36393.390000
36426.717000
36460.045000
36493.372000
36526.700000
36560.026000
36593.354000
36626.681000
36660.009000
36693.335000
36726.663000
36759.990000
36793.319000
36826.645000
36859.973000
36893.299000
36926.628000
36959.954000
36993.282000
37026.609000
37059.938000
37093.263000
37126.591000
37159.917000
37193.246000
37226.572000
37259.901000
37293.226000
37326.555000
37359.881000
37393.211000
37426.536000
37459.865000
37493.190000
37526.519000
37559.845000
37593.174000
37626.499000
37659.829000
37693.154000
37726.483000
37759.808000
37793.138000
37826.463000
37859.793000
37893.118000
37926.446000
37959.772000
37993.101000
38026.427000
38059.756000
38093.081000
38126.409000
38159.735000
38193.065000
38226.390000
38259.717000
38293.045000
38326.372000
38359.700000
38393.026000
38426.354000
38459.681000
38493.009000
38526.336000
38559.663000
38592.990000
38626.318000
38659.645000
38692.972000
38726.300000
38759.627000
38792.954000
38826.282000
38859.609000
38892.936000
38926.263000
38959.590000
38992.917000
39026.245000
39059.572000
39092.899000
39126.227000
39159.554000
39192.881000
39226.209000
39259.536000
39292.863000
39326.190000
39359.518000
39392.845000
39426.173000
39459.500000
39526.154000
39559.482000
39592.809000
39626.137000
39659.463000
39692.791000
39726.118000
39759.446000
39792.772000
39826.101000
39859.427000
39892.756000
39926.081000
39959.410000
39992.736000
40026.066000
40059.390000
40092.720000
40126.045000
40159.374000
40192.700000
40226.029000
40259.354000
40292.684000
40326.009000
40359.338000
40392.663000
40425.993000
40459.318000
40492.647000
40525.972000
40559.302000
40592.627000
40625.956000
40659.281000
40692.611000
40725.936000
40759.265000
40792.590000
40825.920000
40859.245000
40892.573000
40925.899000
40959.229000
40992.554000
41025.884000
41059.209000
41092.536000
41125.863000
41159.191000
41192.518000
41225.845000
41259.172000
41292.500000
41325.827000
41359.154000
41392.481000
41425.809000
41459.136000
41492.464000
41525.791000
41559.118000
41592.445000
41625.772000
41659.100000
41692.427000
41725.754000
41759.081000
41792.409000
41825.736000
41859.064000
41892.391000
41925.718000
41959.045000
41992.373000
42025.700000
42059.027000
42092.354000
42125.682000
42159.009000
42192.339000
42225.664000
42258.992000
42292.318000
42325.646000
42358.973000
42392.301000
42425.627000
42458.955000
42492.282000
42525.611000
42558.936000
42592.265000
42625.592000
42658.920000
42692.246000
42725.574000
42758.900000
42792.229000
42825.555000
42858.884000
42892.210000
42925.538000
42958.863000
42992.193000
43025.519000
43058.848000
43092.172000
43125.502000
43158.827000
43192.157000
43225.482000
43258.811000
43292.136000
43325.466000
43358.791000
43392.120000
43425.446000
43458.775000
43492.100000
43525.430000
43558.755000
43592.083000
43625.409000
43658.738000
43692.064000
43725.392000
43758.718000
43792.047000
43825.376000
43858.700000
43892.027000
43925.355000
43958.682000
43992.009000
44025.337000
44058.663000
44091.991000
44125.318000
44158.646000
44191.973000
44225.300000
44258.627000
44291.954000
44325.282000
44358.609000
44391.936000
44425.264000
44458.591000
44491.918000
44525.246000
44558.573000
44591.900000
44625.228000
44658.555000
44691.882000
44725.209000
44758.536000
44791.864000
44825.192000
44858.519000
44891.846000
44925.173000
44958.502000
44991.828000
45025.156000
45058.482000
45091.810000
45125.137000
45158.464000
45191.791000
45225.120000
45258.446000
45291.774000
45325.100000
45358.429000
45391.755000
45425.083000
45458.409000
45491.738000
45525.065000
45558.393000
45591.718000
45625.048000
45658.373000
45691.703000
45725.028000
45758.357000
45791.682000
45825.012000
45858.337000
45891.666000
45924.991000
45958.321000
45991.646000
46024.976000
46058.300000
46091.630000
46124.955000
46158.285000
46191.609000
46224.939000
46258.264000
46291.593000
46324.918000
46358.248000
46391.573000
46424.903000
46458.228000
46491.557000
46524.882000
46558.213000
46591.537000
46624.865000
46658.191000
46691.519000
46724.846000
46758.173000
46791.500000
46824.828000
46858.155000
46891.482000
46924.810000
46958.137000
46991.464000
47024.792000
47058.119000
47091.446000
47124.773000
47158.101000
47191.428000
47224.755000
47258.083000
47291.409000
47324.737000
47358.064000
47391.392000
47424.719000
47458.046000
47491.373000
47524.701000
47558.028000
47591.355000
47624.683000
47658.010000
47691.337000
47724.665000
47757.992000
47791.320000
47824.646000
47857.975000
47891.300000
47924.629000
47957.955000
47991.284000
48024.610000
48057.938000
48091.264000
48124.593000
48157.919000
48191.248000
48224.573000
48257.902000
48291.228000
48324.558000
48357.882000
48391.212000
48424.537000
48457.866000
48491.192000
48524.522000
48557.846000
48591.176000
48624.501000
48657.830000
48691.155000
48724.486000
48757.810000
48791.140000
48824.465000
48857.794000
48891.119000
48924.448000
48957.773000
48991.103000
49024.428000
49057.757000
49091.083000
49124.412000
49157.737000
49191.068000
49224.392000
49257.720000
49291.046000
49324.374000
49357.701000
49391.028000
49424.355000
49457.683000
49491.010000
49524.338000
49557.664000
49624.319000
49657.646000
49690.974000
49724.301000
49757.635000
49790.955000
49824.283000
49857.610000
49890.937000
49924.264000
49957.591000
49990.919000
50024.246000
50057.573000
50090.901000
50124.228000
50157.555000
50190.883000
50224.211000
50257.538000
50290.864000
50324.191000
50357.520000
50390.846000
50424.174000
50457.501000
50490.828000
50524.155000
50557.483000
50590.810000
50624.138000
50657.465000
50690.793000
50724.119000
50757.447000
50790.773000
50824.103000
50857.428000
50890.756000
50924.083000
50957.411000
50990.737000
51024.067000
51057.391000
51090.720000
51124.046000
51157.375000
51190.701000
51224.030000
51257.355000
51290.685000
51324.010000
51357.340000
51390.664000
51423.994000
51457.319000
51490.649000
51523.974000
51557.303000
51590.628000
51623.958000
51657.283000
51690.612000
51723.937000
51757.267000
51790.592000
51823.921000
51857.246000
51890.575000
51923.901000
51957.230000
51990.555000
52023.885000
52057.210000
52090.539000
52123.864000
52157.192000
52190.519000
52223.849000
52257.174000
52290.501000
52323.828000
52357.155000
52390.483000
52423.810000
52457.137000
52490.464000
52523.792000
52557.119000
52590.446000
52623.774000
52657.101000
52690.428000
52723.755000
52757.083000
52790.410000
52823.737000
52857.065000
52890.392000
52923.719000
52957.046000
52990.374000
53023.701000
53057.028000
53090.356000
53123.683000
53157.010000
53190.338000
53223.665000
53256.992000
53290.319000
53323.647000
53356.974000
53390.302000
53423.628000
53456.957000
53490.283000
53523.612000
53556.938000
53590.266000
53623.592000
53656.920000
53690.246000
53723.575000
53756.901000
53790.230000
53823.556000
53856.885000
53890.210000
53923.539000
53956.865000
53990.194000
54023.520000
54056.849000
54090.174000
54123.503000
54156.828000
54190.158000
54223.483000
54256.813000
54290.137000
54323.467000
54356.792000
54390.121000
54423.447000
54456.776000
54490.101000
54523.431000
54556.756000
54590.084000
54623.410000
54656.739000
54690.065000
54723.393000
54756.719000
54790.048000
54823.374000
54856.703000
54890.028000
54923.355000
54956.683000
54990.010000
55023.338000
55056.665000
55089.992000
55123.319000
55156.647000
55189.974000
55223.301000
55256.628000
55289.956000
55323.283000
55356.611000
55389.938000
55423.265000
55456.592000
55489.919000
55523.247000
55556.574000
55589.901000
55623.229000
55656.556000
55689.883000
55723.210000
55756.537000
55789.865000
55823.192000
55856.519000
55889.847000
55923.174000
55956.502000
55989.829000
56023.158000
56056.483000
56089.811000
56123.137000
56156.466000
56189.792000
56223.120000
56256.447000
56289.775000
56323.101000
56356.430000
56389.756000
56423.085000
56456.410000
56489.739000
56523.065000
56556.394000
56589.719000
56623.049000
56656.374000
56689.703000
56723.028000
56756.358000
56789.683000
56823.013000
56856.338000
56922.992000
56956.322000
56989.647000
57022.977000
57056.301000
57089.631000
57122.956000
57156.285000
57189.610000
57222.940000
57256.265000
57289.595000
57322.919000
57356.248000
57389.574000
57422.904000
57456.228000
57489.557000
57522.883000
57556.213000
57589.538000
57622.866000
57656.192000
57689.519000
57722.847000
57756.174000
57789.501000
57822.829000
57856.156000
57889.483000
57922.810000
57956.138000
57989.465000
58022.793000
58056.120000
58089.447000
58122.774000
58156.101000
58189.429000
58222.756000
58256.083000
58289.410000
58322.738000
58356.065000
58389.392000
58422.720000
58456.047000
58489.374000
58522.701000
58556.029000
58589.356000
58622.683000
58656.011000
58689.338000
58722.665000
58755.992000
58789.320000
58822.647000
58855.975000
58889.301000
58922.631000
58955.956000
58989.284000
59022.611000
59055.938000
59089.265000
59122.593000
59155.919000
59189.248000
59222.574000
59255.903000
59289.229000
59322.558000
59355.883000
59389.212000
59422.538000
59455.867000
59489.192000
59522.522000
59555.847000
59589.176000
59622.502000
59655.831000
59689.156000
59722.485000
59755.810000
59789.140000
59822.465000
59855.795000
59889.120000
59922.449000
59955.774000
59989.104000
60022.429000
60055.757000
60089.083000
60122.412000
