33.330000
166.635000
199.963000
233.290000
266.617000
299.945000
333.272000
366.599000
399.926000
433.254000
466.581000
499.908000
533.236000
566.563000
599.890000
633.217000
666.545000
699.872000
733.199000
766.527000
799.854000
833.181000
866.510000
899.836000
933.163000
966.490000
999.817000
1033.145000
1066.473000
1099.799000
1133.127000
1166.454000
1199.782000
1233.109000
1266.437000
1299.763000
1333.091000
1366.418000
1399.746000
1433.072000
1466.401000
1499.726000
1533.055000
1566.381000
1599.710000
1633.036000
1666.364000
1699.690000
1733.019000
1766.344000
1799.674000
1832.999000
1866.329000
1899.654000
1932.983000
1966.308000
1999.638000
2032.963000
2066.292000
2099.617000
2132.947000
2166.272000
2199.602000
2232.926000
2266.256000
2299.581000
2332.910000
2366.235000
2399.563000
2432.890000
2466.219000
2499.545000
2532.873000
2566.199000
2599.529000
2632.854000
2666.182000
2699.508000
2732.837000
2766.163000
2799.490000
2832.817000
2866.145000
2899.472000
2932.799000
2966.126000
2999.454000
3032.781000
3066.108000
3099.436000
3132.763000
3166.090000
3199.417000
3232.745000
3266.072000
3299.399000
3332.726000
3366.054000
3399.381000
3432.709000
3466.036000
3532.690000
3566.018000
3599.345000
3632.673000
3665.999000
3699.327000
3732.654000
3765.982000
3799.308000
3832.636000
3865.963000
3899.292000
3932.617000
3965.946000
3999.272000
4032.600000
4065.927000
4099.256000
4132.581000
4165.910000
4199.236000
4232.564000
4265.890000
4299.219000
4332.545000
4365.874000
4399.199000
4432.529000
4465.854000
4499.183000
4532.508000
4565.838000
4599.163000
4632.492000
4665.818000
4699.147000
4732.472000
4765.802000
4799.127000
4832.456000
4865.782000
4899.111000
4932.436000
4965.765000
4999.090000
5032.420000
5065.745000
5099.074000
5132.399000
5165.728000
5199.054000
5232.383000
5265.709000
5299.037000
5332.363000
5365.692000
5399.017000
5432.346000
5465.672000
5498.999000
5532.327000
5565.654000
5598.981000
5632.308000
5665.636000
5698.963000
5732.290000
5765.617000
5798.945000
5832.272000
5865.600000
5898.926000
5932.254000
5965.581000
5998.908000
6032.236000
6065.563000
6098.890000
6132.217000
6165.545000
6198.872000
6232.199000
6265.527000
6298.854000
6332.181000
6365.509000
6398.836000
6432.163000
6465.491000
6498.817000
6532.146000
6565.472000
6598.800000
6632.126000
6665.455000
6698.781000
6732.110000
6765.435000
6798.764000
6832.090000
6898.745000
6932.075000
6965.402000
6998.729000
7032.054000
7065.383000
7098.708000
7132.037000
7165.363000
7198.692000
7232.017000
7265.347000
7298.672000
7332.001000
7365.326000
7398.656000
7431.981000
7465.311000
7498.636000
7531.965000
7565.290000
7598.619000
7631.945000
7665.274000
7698.599000
7731.928000
7765.254000
7798.582000
7831.908000
7865.238000
7898.563000
7931.892000
7965.217000
7998.545000
8031.872000
8065.201000
8098.526000
8131.854000
8165.181000
8198.508000
8231.835000
8265.163000
8298.490000
8331.817000
8365.145000
8398.472000
8431.799000
8465.127000
8498.454000
8531.781000
8565.108000
8598.436000
8631.763000
8665.090000
8698.417000
8731.744000
8765.072000
8798.399000
8831.727000
8865.054000
8898.381000
8931.708000
8965.036000
8998.363000
9031.690000
9065.017000
9098.345000
9131.672000
9165.000000
9198.326000
9231.654000
9264.981000
9298.309000
9331.635000
9364.964000
9398.290000
9431.618000
9464.945000
9498.273000
9531.599000
9564.928000
9598.254000
9631.583000
9664.908000
9698.237000
9731.563000
9764.892000
9798.217000
9831.547000
9864.874000
9898.201000
9931.526000
9964.856000
9998.181000
10031.511000
10064.836000
10098.165000
10131.490000
10164.820000
10198.145000
10264.799000
10298.128000
10331.454000
10364.783000
10398.108000
10431.436000
10464.763000
10498.092000
10531.417000
10564.746000
10598.072000
10631.399000
10664.727000
10698.054000
10731.381000
10764.708000
10798.035000
10831.363000
10864.691000
10898.017000
10931.344000
10964.672000
10997.999000
11031.327000
11064.654000
11097.981000
11131.308000
11164.635000
11197.963000
11231.290000
11264.617000
11297.944000
11331.272000
11364.599000
11397.926000
11431.254000
11464.581000
11497.908000
11531.236000
11564.563000
11597.891000
11631.217000
11664.545000
11697.872000
11731.200000
11764.526000
11797.854000
11831.181000
11864.510000
11897.835000
11931.163000
11964.490000
11997.819000
12031.144000
12064.473000
12097.799000
12131.128000
12164.453000
12197.782000
12231.108000
12264.438000
12297.763000
12331.092000
12364.417000
12397.747000
12431.072000
12464.402000
12497.726000
12531.056000
12564.381000
12597.710000
12631.036000
12664.365000
12697.690000
12731.019000
12764.344000
12797.674000
12830.999000
12864.329000
12897.653000
12930.982000
12964.308000
12997.637000
13030.963000
13064.290000
13097.617000
13130.946000
13164.272000
13197.600000
13230.926000
13264.254000
13297.581000
13330.908000
13364.235000
13397.562000
13430.890000
13464.217000
13497.544000
13530.872000
13564.199000
13630.853000
13664.182000
13697.508000
13730.835000
13764.163000
13797.490000
13830.817000
13864.145000
13897.471000
13930.799000
13964.126000
13997.453000
14030.781000
14064.108000
14097.435000
14130.762000
14164.090000
14197.417000
14230.745000
14264.072000
14297.399000
14330.726000
14364.054000
14397.381000
14430.709000
14464.035000
14497.364000
14530.690000
14564.018000
14597.344000
14630.673000
14663.999000
14697.328000
14730.653000
14763.982000
14797.308000
14830.637000
14863.963000
14897.291000
14930.617000
14963.946000
15097.256000
15130.581000
15163.910000
15197.236000
15230.565000
15263.890000
15297.219000
15330.544000
15363.874000
15397.199000
15430.528000
15463.854000
15497.183000
15530.508000
15563.837000
15597.162000
15630.491000
15663.817000
15697.145000
15730.472000
15763.799000
15797.126000
15830.453000
15863.782000
15897.108000
15930.435000
15963.762000
15997.090000
16030.417000
16063.744000
16097.071000
16130.399000
16163.726000
16197.053000
16230.380000
16263.708000
16297.035000
16330.362000
16363.690000
16397.017000
16430.344000
16463.672000
16496.999000
16530.326000
16563.653000
16596.981000
16630.308000
16663.635000
16696.963000
16730.290000
16763.617000
16796.945000
16830.271000
16863.600000
16896.926000
16930.254000
16963.580000
16996.909000
17030.235000
17130.218000
17163.544000
17196.873000
17230.199000
17263.528000
17296.853000
17330.182000
17363.508000
17396.836000
17430.163000
17463.492000
17496.817000
17530.147000
17563.471000
17596.801000
17630.126000
17663.456000
17696.781000
17730.110000
17763.435000
17796.765000
17830.090000
17863.420000
17896.744000
17930.074000
17963.399000
17996.728000
18030.053000
18063.383000
18096.708000
18130.037000
18163.362000
18196.692000
18230.017000
18263.346000
18296.671000
18330.000000
18363.326000
18396.654000
18429.981000
18463.310000
18496.635000
18529.962000
18563.289000
18596.617000
18629.944000
18663.271000
18696.599000
18729.926000
18763.253000
18796.581000
18829.908000
18863.235000
18896.562000
18929.890000
18963.217000
18996.544000
19029.871000
19063.199000
19096.526000
19129.853000
19163.181000
19196.509000
19229.835000
19263.162000
19296.489000
19329.817000
19363.144000
19396.471000
19429.799000
19463.126000
19496.454000
19529.781000
19563.109000
19596.435000
19629.763000
19663.090000
19696.418000
19729.744000
19763.073000
19796.399000
19829.727000
19863.054000
19896.382000
19929.708000
19963.037000
19996.362000
20029.692000
20063.017000
20096.347000
20129.672000
20163.001000
20196.326000
20229.656000
20262.981000
20296.310000
20329.635000
20362.965000
20396.289000
20429.620000
20496.274000
20529.599000
20562.929000
20596.253000
20629.582000
20662.908000
20696.238000
20729.562000
20762.892000
20796.217000
20829.546000
20862.872000
20896.200000
20929.526000
20962.855000
20996.181000
21029.510000
21062.835000
21096.162000
21129.490000
21162.817000
21196.144000
21229.471000
21262.799000
21296.126000
21329.453000
21362.781000
21396.108000
21429.436000
21462.763000
21496.090000
21529.418000
21562.744000
21596.072000
21629.399000
21662.726000
21696.054000
21729.381000
21762.708000
21796.035000
21829.362000
21862.690000
21896.017000
21929.345000
21962.671000
21995.999000
22029.326000
22062.654000
22095.980000
22129.309000
22162.635000
22195.963000
22229.290000
22262.617000
22295.944000
22329.271000
22362.599000
22395.926000
22429.253000
22462.581000
22495.908000
22529.235000
22562.562000
22595.890000
22629.217000
22662.544000
22695.872000
22729.199000
22762.526000
22795.853000
22829.180000
22862.510000
22895.835000
22929.164000
22962.489000
22995.819000
23029.144000
23062.473000
23095.798000
23129.128000
23162.453000
23195.782000
23229.108000
23262.437000
23295.762000
23329.091000
23362.417000
23395.746000
23429.071000
23462.400000
23495.726000
23529.055000
23562.380000
23595.708000
23629.035000
23662.363000
23695.689000
23729.017000
23762.344000
23795.671000
23895.654000
23928.980000
23962.307000
23995.635000
24028.962000
24062.289000
24095.617000
24128.944000
24162.271000
24195.598000
24228.926000
24262.253000
24295.580000
24328.908000
24362.235000
24395.562000
24428.889000
24462.217000
24495.544000
24528.871000
24562.199000
24595.526000
24628.853000
24662.180000
24695.508000
24728.835000
24762.163000
24795.489000
24828.817000
24862.144000
24895.472000
24928.798000
24962.127000
25961.946000
25995.271000
26028.601000
26061.926000
26095.253000
26128.580000
26161.909000
26195.235000
26228.564000
26261.889000
26295.216000
26328.544000
26361.871000
26395.198000
26428.525000
26461.853000
26495.180000
26528.507000
26561.835000
26595.162000
26628.489000
26661.817000
26695.145000
26728.471000
26761.798000
26795.126000
26828.453000
26861.781000
26895.107000
26928.435000
26961.762000
26995.089000
27028.417000
27061.744000
27095.071000
27128.399000
27161.725000
27195.053000
27228.380000
27261.708000
27295.035000
27328.363000
27361.689000
27395.017000
27428.344000
27461.672000
27494.998000
27528.327000
27561.653000
27594.981000
27628.307000
27661.637000
27694.962000
27728.290000
27761.616000
27794.945000
27828.271000
27861.601000
27894.926000
27928.255000
27961.580000
27994.909000
28028.234000
28061.564000
28094.889000
28128.218000
28161.544000
28228.198000
28261.528000
28294.853000
28328.182000
28361.507000
28394.837000
28428.162000
28461.492000
28494.816000
28528.146000
28561.471000
28594.800000
28628.125000
28661.455000
28694.780000
28728.109000
28761.434000
28794.762000
28828.089000
28861.419000
28894.744000
28928.071000
28961.398000
28994.725000
29028.053000
29061.380000
29094.707000
29128.034000
29161.362000
29194.689000
29228.016000
29261.344000
29294.671000
29327.998000
29361.325000
29394.653000
29427.980000
29461.307000
29494.634000
29527.962000
29561.289000
29594.616000
29627.944000
29661.271000
29694.598000
29727.925000
29761.253000
29794.580000
29827.908000
29861.236000
29894.562000
29927.889000
29961.217000
29994.544000
30027.872000
30061.198000
30094.526000
30127.853000
30161.181000
30194.507000
30227.836000
30261.162000
30294.491000
30327.816000
30361.145000
30394.471000
30427.800000
30461.126000
30494.454000
30527.780000
30561.110000
30594.435000
30627.764000
30661.089000
30694.418000
30727.744000
30761.073000
30794.398000
30827.728000
30861.053000
30894.382000
30927.707000
30961.036000
30994.362000
31027.691000
31061.017000
31094.345000
31127.671000
31161.000000
31194.325000
31227.653000
31260.980000
31294.308000
31327.635000
31360.964000
31394.289000
31427.617000
31460.944000
31494.271000
31527.598000
31594.252000
31627.580000
31660.907000
31694.235000
31727.562000
31760.889000
31794.216000
31827.543000
31860.872000
31894.198000
31927.525000
31960.852000
31994.180000
32027.507000
32060.834000
32094.161000
32127.489000
32160.816000
32194.144000
32227.471000
32260.798000
32294.125000
32327.453000
32360.780000
32394.107000
32427.434000
32460.762000
32494.089000
32527.417000
32560.743000
32594.071000
32627.398000
32660.726000
32694.052000
32727.381000
32760.707000
32794.035000
32827.361000
32860.692000
32894.016000
32927.345000
32960.671000
32993.999000
33027.325000
33060.655000
33093.980000
33127.309000
33160.635000
33193.964000
33227.289000
33260.619000
33293.943000
33327.273000
33360.598000
33393.927000
33427.252000
33460.582000
33493.907000
33527.236000
33560.562000
33593.891000
33627.216000
33660.545000
33693.871000
33727.199000
33760.525000
33793.854000
33827.180000
33860.510000
33893.834000
33927.163000
33960.489000
33993.816000
34027.143000
34060.472000
34093.798000
34127.125000
34160.452000
34193.780000
34227.107000
34260.434000
34293.761000
34327.089000
34360.416000
34393.743000
34427.070000
34460.398000
34493.725000
34527.052000
34560.379000
34593.707000
34627.034000
34660.362000
34693.689000
34727.016000
34760.343000
34793.671000
34826.998000
34860.326000
34893.652000
34993.634000
35026.962000
35060.289000
35093.617000
35126.943000
35160.272000
35193.598000
35226.926000
35260.253000
35293.581000
35326.907000
35360.235000
35393.561000
35426.890000
35460.216000
35493.544000
35526.870000
35560.199000
35593.525000
35626.854000
35660.180000
35693.509000
35726.834000
35760.163000
35793.489000
35826.818000
35860.144000
35893.473000
35926.798000
35960.127000
35993.452000
36026.783000
36060.107000
36093.436000
36126.761000
36160.091000
36193.417000
36226.744000
36260.071000
36293.399000
36326.725000
36360.055000
36393.380000
36426.708000
36460.034000
36493.363000
36526.689000
36560.016000
36593.343000
36626.672000
36659.998000
36693.326000
36726.653000
36759.979000
36793.307000
36826.634000
36859.962000
36893.289000
36926.616000
36959.943000
36993.271000
37026.598000
37059.925000
37093.252000
37126.580000
37159.907000
37193.235000
37226.561000
37259.889000
37293.216000
37326.543000
37359.870000
37393.198000
37426.525000
37459.853000
37493.180000
37526.508000
37559.834000
37593.162000
37626.488000
37659.817000
37693.143000
37726.472000
37759.798000
37793.127000
37826.452000
37859.782000
37893.107000
37926.435000
37959.761000
37993.090000
38026.416000
38059.745000
38093.070000
38126.400000
38159.725000
38193.054000
38226.379000
38259.709000
38293.034000
38393.018000
38426.343000
38459.673000
38492.997000
38526.327000
38559.652000
38592.982000
38626.307000
38659.636000
38692.961000
38726.289000
38759.616000
38792.943000
38826.270000
38859.598000
38892.925000
38926.252000
38959.579000
38992.907000
39026.234000
39059.561000
39092.889000
39126.221000
39159.543000
39192.871000
39226.202000
39259.525000
39292.852000
39326.179000
39359.506000
39392.834000
39426.161000
39459.489000
39492.815000
39526.143000
39559.470000
39592.797000
39626.125000
39659.452000
39692.779000
39726.106000
39759.434000
39792.761000
39826.088000
39859.416000
39892.743000
39926.070000
39959.398000
39992.724000
40026.052000
40059.379000
40092.707000
40126.034000
40159.362000
40192.688000
40226.016000
40259.343000
40292.671000
40325.997000
40359.326000
40392.652000
40425.980000
40459.307000
40492.635000
40525.961000
40559.290000
40592.616000
40625.944000
40659.270000
40692.599000
40725.925000
40759.254000
40792.579000
40825.908000
40859.234000
40892.563000
40925.888000
40959.218000
40992.543000
41025.872000
41059.197000
41092.527000
41125.852000
41159.181000
41192.507000
41225.836000
41259.161000
41292.490000
41325.815000
41359.145000
41392.470000
41425.799000
41459.125000
41492.454000
41525.779000
41559.108000
41592.434000
41625.762000
41659.088000
41692.418000
41792.397000
41825.724000
41859.052000
41892.379000
41925.707000
41959.034000
41992.361000
42025.689000
42059.016000
42092.343000
42125.670000
42158.997000
42192.325000
42225.652000
42258.979000
42292.306000
42325.634000
42358.961000
42392.288000
42425.616000
42458.943000
42492.270000
42525.598000
42558.925000
42592.252000
42625.579000
42658.907000
42692.234000
42725.561000
42758.888000
42792.216000
42825.543000
42858.871000
42892.197000
42925.525000
42958.852000
42992.180000
43025.506000
43058.835000
43092.161000
43125.490000
43158.816000
43192.145000
43225.470000
43258.799000
43292.124000
43325.453000
43358.779000
43392.108000
43425.434000
43458.763000
43492.088000
43525.418000
43558.743000
43592.072000
43625.397000
43658.727000
43692.052000
43725.381000
43758.706000
43792.036000
43825.361000
43858.691000
43892.015000
43925.345000
43958.670000
43991.999000
44025.325000
44058.654000
44091.979000
44125.307000
44158.633000
44191.963000
44225.288000
44258.617000
44291.942000
44325.270000
44358.597000
44391.925000
44425.252000
44458.579000
44491.906000
44525.234000
44558.561000
44591.888000
44625.215000
44658.543000
44691.870000
44725.197000
44758.524000
44791.852000
44825.179000
44858.506000
44891.833000
44925.161000
44958.488000
44991.815000
45025.143000
45058.470000
45091.797000
45191.780000
45225.106000
45258.433000
45291.761000
45325.088000
45358.420000
45391.742000
45425.070000
45458.397000
45491.725000
45525.051000
45558.380000
45591.706000
45625.034000
45658.361000
45691.689000
45725.015000
45758.344000
45791.670000
45824.998000
45858.325000
45891.653000
45924.979000
45958.308000
45991.633000
46024.962000
46058.288000
46091.618000
46124.942000
46158.272000
46191.597000
46224.926000
46258.252000
46291.581000
46324.906000
46358.235000
46391.561000
46424.890000
46458.215000
46491.544000
46524.870000
46558.199000
46591.524000
46624.854000
46658.179000
46691.507000
46724.833000
46758.161000
46791.488000
46824.816000
46858.143000
46891.472000
46924.797000
46958.127000
46991.451000
47024.779000
47058.106000
47091.433000
47124.760000
47158.088000
47191.415000
47224.742000
47258.070000
47291.397000
47324.724000
47358.051000
47391.379000
47424.706000
47458.033000
47491.361000
47524.688000
47558.015000
47591.342000
47624.669000
47657.997000
47691.324000
47724.652000
47757.979000
47791.306000
47824.633000
47857.962000
47891.288000
47924.615000
47957.942000
47991.270000
48024.597000
48057.925000
48091.251000
48124.580000
48157.906000
48191.234000
48224.561000
48257.889000
48291.215000
48324.543000
48357.870000
48391.199000
48424.524000
48457.853000
48491.179000
48591.163000
48624.488000
48657.817000
48691.142000
48724.471000
48757.797000
48791.126000
48824.451000
48857.781000
48891.106000
48924.435000
48957.760000
48991.090000
49024.415000
49057.745000
49091.069000
49124.398000
49157.724000
49191.054000
49224.378000
49257.708000
49291.033000
49324.362000
49357.687000
49391.015000
49424.342000
49457.670000
49490.997000
49524.324000
49557.651000
49590.978000
49624.306000
49657.633000
49690.960000
49724.287000
49757.615000
49790.942000
49824.269000
49857.598000
49890.924000
49924.251000
49957.578000
49990.906000
50024.233000
50057.560000
50090.887000
50124.215000
50157.542000
50190.870000
50224.197000
50257.524000
50290.851000
50324.179000
50357.506000
50390.833000
50424.161000
50457.487000
50490.815000
50524.142000
50557.470000
50590.796000
50624.124000
50657.451000
50690.779000
50724.106000
50757.434000
50790.760000
50824.088000
50857.415000
50890.743000
50924.069000
50957.398000
50990.724000
51024.053000
51057.379000
51090.707000
51124.033000
51157.362000
51190.687000
51224.017000
51257.342000
51290.671000
51323.997000
51357.326000
51390.651000
51423.981000
51457.306000
51490.635000
51523.960000
51557.290000
51590.615000
51623.944000
51657.269000
51690.599000
51723.924000
51757.253000
51790.578000
51823.907000
51857.233000
51890.562000
51957.216000
51990.544000
52023.869000
52057.197000
52090.524000
52123.851000
52157.178000
52190.506000
52223.833000
52257.160000
52290.487000
52323.815000
52357.142000
52390.469000
52423.796000
52457.124000
52490.451000
52523.779000
52557.106000
52590.433000
52623.760000
52657.088000
52690.414000
52723.742000
52757.069000
52790.397000
52823.723000
52857.052000
52890.378000
52923.707000
52957.033000
52990.361000
53023.688000
53057.016000
53090.342000
53123.670000
53156.996000
53190.325000
53223.651000
53256.980000
53290.305000
53323.634000
53356.960000
53390.289000
53423.614000
53456.943000
53490.269000
53523.598000
53556.924000
53590.253000
53623.578000
53656.908000
53690.233000
53723.563000
53756.887000
53790.217000
53823.542000
53856.872000
53890.196000
53923.526000
53956.851000
53990.181000
54023.506000
54056.835000
54090.160000
54123.490000
54156.815000
54190.145000
54223.469000
54256.798000
54290.124000
54323.452000
54356.778000
54390.106000
54423.433000
54456.762000
54490.087000
54523.417000
54556.742000
54590.069000
54623.396000
54656.724000
54690.051000
54723.378000
54756.705000
54790.033000
54823.360000
54856.687000
54890.014000
54923.342000
54956.669000
54989.996000
55023.324000
55056.651000
55089.978000
55123.306000
55156.632000
55189.960000
55223.287000
55256.614000
55323.269000
55356.596000
55389.924000
55423.251000
55456.578000
55489.905000
55523.233000
55556.568000
55589.887000
55623.214000
55656.542000
55689.870000
55723.196000
55756.524000
55789.851000
55823.179000
55856.505000
55889.833000
55923.160000
55956.488000
55989.814000
56023.143000
56056.471000
56089.797000
56123.123000
56156.452000
56189.778000
56223.107000
56256.433000
56289.762000
56323.087000
56356.416000
56389.741000
56423.071000
56456.396000
56489.726000
56523.051000
56556.380000
56589.705000
56623.035000
56656.360000
56689.689000
56723.014000
56756.343000
56789.669000
56822.997000
56856.324000
56889.653000
56922.978000
56956.306000
56989.632000
57022.961000
57056.287000
57089.616000
57122.941000
57156.269000
57189.596000
57222.923000
57256.251000
57289.578000
57322.905000
57356.232000
57389.559000
57422.887000
57456.214000
57489.541000
57522.869000
57556.196000
57589.523000
57622.850000
57656.178000
57689.505000
57722.832000
57756.159000
57789.487000
57822.814000
57856.143000
57889.469000
57922.796000
57956.123000
57989.451000
58022.778000
58056.105000
58089.432000
58122.760000
58156.087000
58189.415000
58222.741000
58256.070000
58289.396000
58322.724000
58356.051000
58389.379000
58422.705000
58456.034000
58489.359000
58522.688000
58556.014000
58589.342000
58622.668000
58689.324000
58722.652000
58755.978000
58789.307000
58822.632000
58855.962000
58889.286000
58922.616000
58955.941000
58989.271000
59022.596000
59055.926000
59089.250000
59122.580000
59155.905000
59189.235000
59222.560000
59255.889000
59289.214000
59322.543000
59355.868000
59389.196000
59422.523000
59455.853000
59489.178000
59522.506000
59555.832000
59589.161000
59622.487000
59655.816000
59689.141000
59722.468000
59755.796000
