33.325000
66.654000
99.980000
133.310000
166.634000
199.963000
233.288000
266.617000
299.943000
333.272000
366.597000
399.926000
433.252000
466.581000
499.906000
533.235000
566.560000
599.888000
633.215000
666.542000
699.870000
733.197000
766.524000
799.851000
833.179000
866.506000
899.833000
933.160000
966.487000
999.814000
1033.142000
1066.469000
1099.797000
1166.451000
1266.434000
1333.087000
1433.069000
1533.051000
1599.705000
1699.689000
1766.343000
1866.324000
1932.977000
2032.961000
2099.616000
2199.595000
2299.578000
2366.232000
2466.213000
2532.868000
2632.849000
2732.831000
2799.485000
2899.467000
2966.121000
3066.103000
3166.085000
3232.739000
3332.722000
3399.377000
3499.357000
3566.011000
3665.995000
3765.975000
3832.629000
3932.613000
3999.267000
4099.247000
4165.901000
4265.884000
4332.537000
4432.519000
4499.174000
4599.155000
4665.810000
4765.792000
4865.774000
4932.427000
5032.411000
5099.065000
5199.046000
5265.700000
5365.685000
5432.338000
5532.318000
5598.972000
5698.956000
5798.936000
5865.590000
5965.572000
6032.227000
6132.208000
6198.863000
6298.845000
6365.499000
6465.481000
6532.136000
6632.116000
6698.771000
6798.754000
6898.734000
6965.389000
7065.372000
7132.027000
7232.006000
7298.661000
7398.644000
7465.299000
7565.279000
7631.933000
7731.915000
7831.897000
7898.551000
7998.533000
8098.515000
8165.169000
8265.151000
8331.805000
8431.787000
8531.769000
8631.752000
8731.732000
8798.386000
8898.370000
8998.349000
9098.334000
9198.313000
9298.295000
9364.949000
9464.931000
9564.912000
9631.567000
9731.549000
9864.858000
9931.512000
10031.494000
10131.477000
10231.457000
10331.441000
10398.095000
10498.075000
10598.059000
10664.713000
10764.692000
10864.676000
10964.656000
11031.310000
11131.292000
11197.946000
11297.929000
11364.583000
11464.564000
11564.546000
11631.201000
11731.182000
11797.836000
11897.821000
11964.474000
12064.454000
12164.438000
12231.092000
12331.072000
12397.726000
12497.708000
12597.690000
12664.344000
12764.326000
12830.986000
12930.968000
12997.616000
13097.598000
13197.580000
13264.235000
13364.217000
13430.870000
13530.853000
13630.834000
13697.489000
13797.472000
13864.127000
13964.106000
14030.761000
14130.743000
14230.724000
14297.379000
14397.360000
14464.014000
14563.997000
14630.650000
14730.632000
14830.614000
14897.269000
14997.250000
15097.233000
15163.887000
15263.867000
15330.522000
15430.506000
15530.485000
15597.140000
15697.124000
15763.777000
15863.758000
15930.412000
16030.397000
16097.048000
16197.030000
16297.012000
16363.667000
16463.651000
16530.303000
16630.284000
16696.939000
16796.922000
16863.575000
16963.556000
17030.211000
17130.194000
17230.174000
17296.828000
17396.812000
17463.466000
17563.446000
17630.100000
17730.082000
17796.736000
17896.718000
17963.372000
18063.354000
18130.008000
18229.991000
18296.646000
18396.626000
18496.609000
18563.264000
18663.244000
18729.899000
18829.882000
18896.537000
18996.516000
19063.170000
19163.155000
19229.807000
19329.789000
19396.443000
19496.425000
19563.079000
19663.060000
19729.715000
19829.697000
19929.680000
19996.334000
20096.315000
20162.969000
20262.952000
20362.932000
20429.587000
20529.571000
20596.225000
20696.205000
20762.859000
20862.844000
20929.495000
21029.477000
21096.132000
21196.113000
21296.095000
21362.749000
21462.731000
21562.713000
21662.695000
21762.676000
21829.332000
21929.312000
22029.296000
22095.950000
22195.930000
22295.913000
22362.568000
22462.547000
22562.529000
22629.183000
22729.165000
22829.146000
22895.801000
22995.782000
23095.764000
23162.419000
23262.401000
23329.056000
23429.036000
23529.020000
23629.000000
23695.654000
23795.638000
23895.618000
23962.272000
24062.256000
24128.908000
24228.891000
24295.544000
24395.526000
24462.180000
24562.162000
24628.816000
24728.798000
25295.363000
25395.342000
25461.996000
25561.980000
25628.634000
25728.614000
25828.596000
25895.250000
25995.232000
26061.887000
26161.868000
26228.523000
26328.505000
26395.160000
26495.141000
26561.795000
26661.778000
26728.433000
26828.413000
26895.067000
26995.050000
27095.030000
27161.685000
27261.668000
27328.321000
27428.303000
27494.958000
27594.939000
27661.593000
27761.575000
27828.229000
27928.212000
27994.865000
28094.850000
28161.503000
28261.483000
28361.467000
28428.121000
28528.102000
28594.755000
28694.739000
28794.718000
28861.373000
28961.355000
29028.009000
29127.991000
29194.645000
29294.627000
29394.608000
29461.263000
29561.244000
29627.899000
29727.881000
29827.862000
29927.846000
29994.500000
30094.480000
30161.134000
30261.118000
30361.098000
30427.752000
30527.736000
30627.715000
30694.370000
30794.352000
30861.006000
30960.988000
31027.643000
31127.623000
31227.606000
31294.261000
31394.241000
31494.225000
31560.879000
31660.859000
31727.513000
31827.498000
31894.152000
31994.132000
32060.786000
32160.767000
32227.421000
32327.404000
32394.058000
32494.040000
32560.694000
32660.676000
32727.330000
32827.311000
32893.966000
32993.949000
33093.930000
33160.584000
33260.568000
33327.222000
33427.201000
33493.856000
33593.839000
33660.492000
33760.474000
33827.128000
33927.110000
34027.092000
34093.747000
34193.728000
34293.710000
34360.365000
34460.345000
34560.328000
34626.983000
34726.963000
35093.565000
35160.219000
35260.198000
35360.180000
35426.834000
35526.816000
35626.797000
35726.779000
35793.433000
35893.416000
35993.398000
36060.053000
36160.034000
36226.687000
36326.671000
36426.651000
36526.635000
36593.289000
36693.270000
36793.251000
36859.905000
36959.887000
37026.542000
37126.523000
37193.177000
37293.159000
37359.813000
37459.794000
37526.449000
37626.431000
37726.412000
37793.066000
37893.051000
37959.705000
38059.685000
38126.339000
38226.323000
38292.976000
38392.956000
38492.940000
38559.592000
38659.576000
38726.229000
38826.210000
38892.865000
38992.847000
39059.501000
39159.482000
39259.465000
39326.120000
39426.100000
39492.755000
39592.738000
39659.393000
39759.373000
39826.026000
39926.011000
39992.664000
40092.644000
40192.626000
40259.280000
40359.264000
40425.916000
40525.898000
40592.553000
40692.535000
40792.516000
40859.171000
40959.155000
41025.808000
41125.788000
41192.443000
41292.427000
41392.406000
41459.060000
41559.043000
41625.696000
41725.678000
41792.332000
41892.315000
41958.968000
42058.950000
42125.604000
42225.586000
42325.568000
42392.223000
42492.204000
42558.858000
42658.842000
42725.496000
42825.476000
42892.131000
42992.114000
43058.767000
43158.748000
43258.730000
43325.384000
43425.366000
43492.021000
43592.002000
43658.656000
43758.639000
43825.294000
43925.274000
43991.928000
44091.912000
44158.567000
44258.546000
44358.532000
44425.184000
44525.165000
44591.818000
44691.802000
44791.782000
44891.763000
44958.417000
45058.399000
45125.054000
45225.035000
45291.690000
45391.672000
45458.326000
45558.307000
45658.289000
45724.946000
45824.925000
45891.579000
45991.563000
46058.218000
46158.197000
46224.852000
46324.836000
46391.488000
46491.470000
46558.124000
46658.106000
46758.087000
46824.742000
46924.723000
46991.378000
47091.361000
47158.015000
47257.995000
47324.650000
47424.633000
47524.613000
47624.597000
47691.252000
47791.231000
47891.213000
47957.867000
48057.848000
48157.830000
48224.485000
48324.466000
48424.448000
48491.102000
48591.085000
48691.067000
48757.720000
48857.704000
48957.683000
49057.667000
49124.321000
49224.301000
49324.284000
49390.938000
49490.919000
49590.901000
49690.883000
49757.537000
49857.518000
49957.500000
50057.481000
50124.136000
50224.119000
50290.774000
50390.754000
50457.408000
50557.392000
50624.046000
50724.025000
50790.680000
50890.664000
50990.643000
51057.297000
51157.279000
51223.933000
51323.915000
51390.570000
51490.552000
51557.206000
51657.188000
51723.843000
51823.824000
51890.478000
51990.461000
52057.116000
52157.096000
52257.079000
52323.733000
52423.713000
52490.368000
52590.349000
52657.004000
52756.986000
52823.640000
52923.621000
52990.276000
53090.258000
53190.239000
53256.894000
53356.877000
53423.531000
53523.512000
53590.166000
53690.151000
53756.803000
53856.784000
53956.767000
54023.422000
54123.401000
54190.056000
54290.037000
54390.019000
54456.673000
54556.655000
54623.309000
54723.292000
54789.946000
54889.927000
54989.911000
55056.565000
55156.545000
55256.528000
55323.183000
55423.163000
55489.817000
55589.799000
55656.453000
55756.435000
55856.416000
55923.070000
56023.052000
56089.707000
56189.689000
56289.671000
56356.326000
56456.306000
56522.961000
56622.944000
56722.924000
56789.578000
56889.562000
56956.216000
57056.196000
57156.177000
57222.832000
57322.814000
57422.795000
57489.449000
57589.431000
57656.086000
57756.067000
57822.721000
57922.704000
58022.685000
58089.340000
58189.323000
58289.303000
58355.958000
58455.941000
58522.595000
58622.575000
58689.230000
58789.211000
58889.193000
58955.847000
59055.828000
59122.483000
59222.465000
59322.446000
59389.101000
59489.084000
59555.738000
59655.718000
59755.703000
59822.357000
59922.336000
60022.320000
60122.300000
