49.981000
99.962000
199.925000
249.907000
349.873000
399.851000
499.814000
599.777000
649.759000
749.722000
849.684000
899.667000
999.630000
1049.610000
1149.573000
1249.536000
1299.518000
1399.480000
1449.461000
1549.426000
1599.405000
1699.368000
1749.352000
1849.315000
1949.276000
1999.257000
2099.220000
2149.201000
2249.164000
2299.149000
2399.110000
2449.091000
2549.053000
2599.034000
2698.997000
2798.960000
2848.943000
2948.906000
2998.885000
3098.849000
3148.831000
3248.793000
3298.775000
3398.737000
3498.701000
3548.682000
3648.644000
3698.628000
3798.590000
3848.570000
3948.533000
3998.514000
4098.477000
4198.440000
4248.424000
4348.386000
4398.365000
4498.328000
4548.311000
4648.273000
4698.254000
4798.218000
4848.199000
4948.161000
5048.124000
5098.107000
5198.069000
5248.050000
5348.012000
5397.994000
5497.957000
5547.942000
5647.956000
5747.866000
5797.846000
5897.808000
5947.790000
6047.753000
6097.734000
6197.699000
6247.678000
6347.641000
6447.604000
6497.586000
6597.548000
6647.530000
6747.492000
6797.474000
6897.437000
6947.418000
7047.388000
7147.344000
7197.326000
7297.288000
7347.270000
7447.232000
7497.216000
7597.178000
7697.140000
7747.122000
7847.084000
7897.065000
7997.028000
8047.012000
8146.975000
8196.953000
8296.917000
8396.879000
8446.862000
8546.824000
8646.786000
8696.768000
8796.734000
8896.695000
8946.675000
9046.638000
9146.601000
9196.582000
9296.545000
9346.529000
9446.491000
9546.455000
9596.433000
9696.396000
9796.360000
9846.340000
9946.303000
9996.287000
10096.249000
10196.212000
10296.175000
10346.155000
10446.118000
10546.081000
10596.062000
10696.025000
10795.988000
10845.971000
10945.933000
10995.913000
11095.876000
11145.858000
11245.820000
11295.802000
11395.767000
11495.730000
11545.709000
11645.671000
11695.654000
11795.616000
11845.597000
11945.560000
11995.541000
12095.505000
12195.467000
12245.450000
12345.412000
12395.393000
12495.356000
12545.337000
12645.300000
12695.283000
12795.247000
12845.225000
12945.189000
13045.151000
13095.133000
13195.095000
13245.077000
13345.041000
13395.021000
13494.984000
13544.967000
13644.930000
13744.891000
13794.873000
13894.835000
13944.817000
14044.780000
14094.763000
14194.726000
14244.705000
14344.668000
14444.631000
14494.612000
14594.575000
14644.556000
14744.522000
14794.501000
14894.463000
14944.447000
15044.409000
15144.370000
15194.352000
15294.317000
15344.296000
15444.259000
15494.242000
15594.207000
15644.185000
15744.149000
15844.110000
15894.092000
15994.055000
16044.039000
16144.001000
16193.980000
16293.943000
16393.906000
16443.887000
16543.850000
16593.831000
16693.795000
16743.776000
16843.739000
16893.722000
16993.685000
17093.646000
17143.627000
17243.590000
17293.572000
17393.534000
17443.518000
17543.480000
17593.460000
17693.423000
17743.404000
17843.367000
17943.330000
17993.311000
18093.276000
18143.255000
18243.219000
18293.201000
18393.164000
18493.125000
18543.107000
18643.069000
18693.051000
18793.014000
18842.998000
18942.960000
18992.939000
19092.902000
19192.865000
19242.846000
19342.809000
19392.792000
19492.756000
19542.735000
19642.698000
19692.680000
19792.643000
19892.605000
19942.586000
20042.551000
20092.530000
20192.493000
20242.476000
20342.438000
20442.400000
20492.382000
20592.344000
20642.326000
20742.289000
20792.271000
20892.233000
20992.197000
21042.178000
21142.140000
21192.121000
21292.084000
21392.047000
21492.010000
21541.993000
21641.955000
21741.917000
21791.899000
21891.861000
21991.824000
22041.805000
22141.768000
22191.752000
22291.714000
22391.676000
22491.638000
22541.620000
22641.582000
22691.563000
22791.527000
22891.489000
22941.473000
23041.435000
23141.396000
23191.378000
23291.341000
23391.304000
23441.285000
23541.248000
23591.231000
23691.194000
23791.155000
23841.136000
23941.099000
23991.080000
24091.043000
24141.027000
24240.989000
24290.969000
24390.932000
24440.913000
24540.876000
24590.858000
24690.820000
24790.785000
24840.764000
24940.727000
24990.710000
25090.672000
25140.653000
25240.616000
25290.598000
25390.560000
25490.522000
25540.506000
25640.469000
25690.448000
25790.411000
25890.374000
25940.355000
26040.319000
26090.301000
26190.265000
26290.227000
26390.189000
26440.169000
26540.132000
26640.095000
26690.076000
26790.039000
26890.002000
26939.985000
27039.947000
27139.909000
27239.872000
27289.854000
27389.816000
27489.781000
27589.744000
27639.723000
27739.686000
27839.649000
27889.630000
27989.593000
28089.556000
28189.518000
28239.502000
28339.465000
28439.426000
28489.407000
28589.370000
28689.332000
28789.297000
28839.277000
28939.240000
29039.203000
29089.185000
29189.147000
29289.110000
29339.091000
29439.055000
29539.019000
29638.981000
29688.961000
29788.924000
29888.886000
29988.850000
30038.831000
30138.794000
30238.756000
30288.740000
30388.702000
30488.664000
30538.645000
30638.607000
30688.589000
30788.552000
30838.535000
30938.498000
30988.477000
31088.440000
31138.423000
31238.386000
31338.347000
31388.328000
31488.292000
31538.273000
31638.235000
31688.219000
31788.181000
31838.161000
31938.124000
32038.087000
32088.068000
32188.031000
32238.015000
32337.977000
32387.956000
32487.919000
32537.902000
32637.865000
32737.827000
32787.810000
32887.772000
32937.752000
33037.715000
33087.698000
33187.660000
33287.622000
33337.603000
33437.566000
33487.547000
33587.510000
33637.495000
33737.457000
33837.419000
33887.399000
33987.363000
34087.324000
34137.306000
34237.269000
34337.231000
34387.213000
34487.176000
34587.138000
34637.120000
34737.082000
34837.048000
34887.027000
34987.016000
35086.952000
35136.935000
35236.897000
35286.879000
35386.841000
35486.804000
35536.785000
35636.748000
35736.711000
35786.694000
35886.656000
35986.618000
36036.599000
36136.562000
36236.527000
36286.506000
36386.469000
36486.432000
36536.414000
36636.376000
36686.357000
36786.320000
36836.302000
36936.265000
37036.227000
37086.210000
37186.172000
37236.153000
37336.115000
37386.097000
37486.060000
37536.044000
37636.007000
37735.970000
37785.949000
37885.911000
37935.893000
38035.855000
38085.837000
38185.799000
38235.781000
38335.744000
38435.706000
38485.689000
38585.651000
38635.632000
38735.596000
38835.558000
38885.539000
38985.502000
39035.486000
39135.448000
39185.427000
39285.390000
39385.353000
39435.335000
39535.298000
39585.279000
39685.244000
39735.223000
39835.186000
39885.168000
39985.132000
40085.093000
40135.074000
40235.037000
40285.019000
40384.981000
40434.965000
40534.928000
40634.889000
40684.869000
40784.832000
40834.814000
40934.777000
40984.760000
41084.723000
41184.685000
41234.665000
41334.629000
41384.610000
41484.573000
41584.535000
41634.516000
41734.481000
41784.461000
41884.423000
41934.406000
42034.369000
42084.349000
42184.312000
42284.275000
42334.256000
42434.219000
42484.202000
42584.164000
42634.144000
42734.107000
42834.070000
42884.051000
42984.014000
43033.997000
43133.961000
43183.940000
43333.885000
43433.847000
43483.828000
43583.791000
43633.773000
43733.735000
43783.719000
43883.681000
43983.643000
44033.624000
44133.586000
44183.568000
44283.531000
44383.494000
44433.477000
44533.439000
44583.419000
44683.382000
44733.364000
44833.326000
44933.289000
45033.252000
45133.214000
45183.198000
45283.160000
45383.122000
45433.103000
45533.066000
45633.028000
45683.010000
45782.973000
45832.956000
45932.920000
46032.882000
46082.861000
46182.824000
46232.806000
46332.768000
46432.731000
46482.714000
46582.677000
46682.639000
46732.619000
46832.582000
46932.545000
47032.508000
47082.489000
47182.452000
47282.415000
47332.398000
47432.360000
47482.341000
47582.303000
47682.266000
47732.247000
47832.210000
47932.173000
48032.136000
48082.118000
48182.080000
48282.043000
48332.024000
48431.987000
48531.955000
48581.931000
48681.894000
48781.857000
48831.839000
48931.801000
49031.764000
49081.745000
49181.709000
49231.689000
49331.653000
49381.636000
49481.598000
49581.559000
49631.540000
49731.503000
49781.485000
49881.448000
49931.431000
50031.394000
50081.373000
50181.336000
50281.299000
50331.280000
50431.243000
50481.224000
50581.189000
50631.168000
50731.131000
50781.114000
50881.076000
50981.038000
51031.020000
51130.982000
51180.964000
51280.927000
51330.911000
51430.873000
51530.835000
51580.815000
51680.778000
51730.759000
51830.723000
51930.685000
51980.668000
52080.631000
52180.593000
52230.573000
52330.537000
52430.499000
52480.480000
52580.443000
52680.406000
52780.369000
52830.352000
52930.314000
53030.276000
53080.257000
53180.220000
53280.184000
53480.110000
53580.072000
53680.034000
53730.015000
53829.978000
53929.943000
54029.906000
54079.885000
54179.848000
54279.811000
54329.793000
54429.755000
54529.718000
54629.681000
54679.663000
54779.627000
54879.589000
54929.569000
55029.532000
55129.495000
55179.476000
55279.439000
55379.401000
55479.364000
55529.348000
55629.309000
55729.271000
55829.235000
55929.197000
56029.160000
56079.143000
56179.106000
56229.085000
56329.048000
56429.011000
56528.974000
56578.955000
56678.918000
56778.881000
56828.865000
56928.827000
56978.806000
57078.769000
57178.732000
57228.713000
57328.676000
57378.659000
57478.622000
57578.585000
57628.564000
57728.527000
57778.509000
57878.472000
57928.453000
58028.418000
58128.380000
58178.360000
58278.322000
58328.305000
58428.267000
58478.248000
58578.211000
58678.174000
58728.155000
58828.118000
58878.102000
58978.064000
59078.026000
59128.006000
59227.969000
59277.951000
59377.913000
59477.876000
59577.839000
59627.822000
59727.785000
59827.747000
59877.727000
