33.326000
66.655000
99.980000
133.309000
166.635000
199.964000
233.289000
266.618000
299.944000
333.273000
366.599000
399.928000
433.253000
466.582000
499.907000
533.237000
566.562000
599.891000
633.216000
666.546000
699.871000
733.199000
766.525000
799.854000
833.180000
866.510000
899.834000
933.161000
966.488000
999.816000
1033.143000
1066.470000
1099.797000
1166.452000
1233.106000
1333.088000
1399.742000
1499.724000
1566.379000
1666.361000
1733.015000
1832.997000
1932.978000
1999.633000
2099.616000
2166.271000
2266.251000
2332.905000
2432.891000
2499.544000
2599.523000
2666.178000
2766.161000
2866.142000
2932.796000
3032.777000
3099.432000
3199.414000
3299.395000
3366.050000
3466.032000
3532.687000
3632.668000
3699.322000
3799.305000
3899.285000
3965.940000
4065.924000
4132.578000
4232.558000
4332.542000
4399.195000
4499.176000
4565.830000
4665.812000
4765.793000
4832.448000
4932.430000
6798.755000
6932.064000
7032.046000
7098.700000
7198.683000
7265.337000
7365.319000
7465.302000
7531.956000
7631.936000
7698.590000
7798.574000
7865.230000
7965.208000
8065.193000
8131.846000
8231.827000
8298.480000
8398.462000
8498.444000
8565.099000
8665.080000
8731.735000
8831.716000
8898.371000
8998.353000
9065.007000
9164.990000
9231.644000
9331.625000
9398.279000
9498.263000
9598.243000
9664.897000
9764.881000
9831.535000
9931.515000
9998.169000
10098.153000
10198.133000
10264.787000
10364.769000
10431.423000
10531.406000
10598.060000
10698.042000
10798.024000
10898.005000
10964.659000
11064.642000
11164.623000
11264.608000
11364.587000
11431.241000
11531.225000
11631.204000
11731.188000
11797.842000
11897.822000
11997.805000
12097.785000
12164.440000
12264.422000
12364.403000
12464.385000
12564.367000
12631.021000
12731.003000
12830.986000
12930.966000
12997.620000
13097.602000
13197.584000
13297.566000
13364.220000
13464.202000
13530.856000
13630.839000
13697.494000
13797.474000
13864.129000
13964.110000
14064.092000
14130.746000
14230.728000
14297.383000
14397.364000
14464.019000
14564.001000
14630.655000
14730.638000
14797.293000
14897.273000
14963.927000
15063.911000
15163.890000
15230.545000
15330.529000
15397.184000
15497.163000
15563.817000
15663.802000
15730.453000
15830.435000
15897.090000
15997.073000
16063.726000
16163.708000
16263.689000
16330.344000
16430.326000
16496.981000
16596.962000
16663.616000
16763.600000
16863.580000
16930.233000
17030.217000
17096.871000
17196.852000
17263.506000
17363.489000
17430.142000
17530.124000
17596.778000
17696.760000
17763.414000
17863.396000
17930.050000
18030.033000
18130.015000
18196.670000
18296.652000
18363.305000
18463.288000
18529.943000
18629.923000
18696.577000
18796.561000
18863.215000
18963.195000
19029.849000
19129.831000
19196.486000
19296.467000
19363.122000
19463.103000
19529.758000
19629.739000
19696.394000
19796.375000
19863.031000
19963.012000
20062.993000
20129.647000
20229.631000
20296.286000
20396.265000
20496.249000
20562.903000
20662.883000
20729.537000
20829.522000
20896.173000
20996.156000
21062.810000
21162.791000
21229.446000
21329.428000
21396.082000
21496.064000
21562.718000
21662.701000
21762.682000
21829.336000
21929.320000
21995.974000
22095.954000
22162.608000
22262.592000
22329.246000
22429.226000
22495.880000
22595.865000
22662.517000
22762.498000
22829.153000
22929.135000
22995.789000
23095.771000
23162.426000
23262.407000
23362.390000
23429.044000
23529.025000
23595.679000
23695.663000
23795.642000
23895.626000
23962.280000
24062.260000
24162.243000
24228.896000
24328.878000
24428.860000
24495.514000
24595.496000
24695.478000
24762.132000
24862.114000
24962.095000
25062.079000
25128.733000
25228.713000
25328.697000
25428.676000
25495.331000
25595.314000
25695.294000
25795.277000
25861.933000
25961.912000
26061.894000
26128.548000
26228.530000
26295.184000
26395.166000
26461.820000
26561.802000
26628.457000
26728.438000
26828.422000
26895.076000
26995.056000
27061.710000
27161.695000
27228.350000
27328.328000
27394.983000
27494.966000
27561.619000
27661.601000
27728.255000
27828.236000
27894.891000
27994.873000
28061.528000
28161.509000
28261.492000
28328.146000
28428.126000
28528.110000
28594.765000
28694.745000
28761.399000
28861.383000
28961.362000
29028.017000
29128.000000
29194.655000
29294.634000
29361.289000
29461.270000
29561.252000
29627.906000
29727.888000
29794.542000
29894.524000
29994.506000
30094.489000
30161.143000
30261.124000
30327.778000
30427.762000
30494.416000
30594.396000
30694.380000
30761.034000
30861.014000
30960.995000
31027.650000
31127.632000
31194.286000
31294.268000
31360.923000
31460.904000
31560.886000
31627.540000
31727.522000
31794.177000
31894.158000
31994.141000
32060.796000
32160.776000
32227.430000
32327.413000
32394.068000
32494.047000
32594.029000
32694.011000
32760.665000
32860.648000
32927.301000
33027.284000
33093.938000
33193.920000
33293.902000
33360.557000
33460.537000
33527.192000
33627.176000
33693.830000
33793.809000
33860.464000
33960.447000
34060.427000
34127.081000
34227.063000
34293.718000
34393.699000
34460.354000
34560.335000
34660.317000
34726.972000
34826.953000
34893.607000
34993.591000
35093.571000
35160.225000
35260.210000
35326.864000
35426.843000
35526.827000
35593.481000
35693.462000
35760.115000
35860.100000
35926.751000
36026.733000
36126.715000
36193.370000
36293.352000
36393.333000
36459.987000
36559.969000
36659.951000
36726.605000
36826.588000
36926.568000
37026.552000
37093.206000
37193.186000
37293.170000
37393.149000
37459.804000
37559.785000
37659.767000
37759.748000
37859.731000
37959.712000
38026.367000
38126.348000
38226.330000
38292.984000
38392.968000
38492.947000
38592.931000
38692.911000
38792.895000
38859.550000
38959.528000
39026.184000
39126.164000
39192.819000
39292.801000
39392.782000
39459.437000
39559.419000
39626.073000
39726.054000
39826.037000
39892.691000
39992.672000
40092.657000
40159.311000
40259.291000
40392.599000
40492.583000
40559.237000
40659.217000
40759.198000
40825.853000
40925.835000
40992.489000
41092.470000
41192.452000
41259.107000
41359.088000
41425.742000
41525.725000
41592.380000
41692.361000
41792.344000
41859.000000
41958.978000
42025.633000
42125.616000
42192.271000
42292.250000
42392.232000
42458.887000
42558.868000
42625.522000
42725.505000
42792.159000
42892.140000
42992.122000
43058.777000
43158.759000
43225.414000
43325.394000
43392.049000
43492.054000
43558.687000
43658.667000
43725.321000
43825.304000
43925.284000
43991.939000
44091.920000
44158.575000
44258.558000
44325.211000
44425.193000
44491.847000
44591.829000
44691.810000
44758.465000
44858.450000
44925.102000
45025.083000
45225.046000
45325.030000
45425.009000
45491.663000
45591.647000
45658.302000
45758.281000
45824.936000
45924.918000
45991.572000
46091.553000
46158.208000
46258.190000
46358.175000
46424.826000
46524.807000
46591.461000
46691.446000
46758.100000
46858.081000
46924.734000
47024.718000
47091.372000
47191.352000
47291.333000
47357.991000
47457.970000
47524.624000
47624.606000
47691.261000
47791.242000
47891.223000
47957.878000
48057.861000
48124.515000
48224.495000
48291.150000
48391.133000
48457.788000
48557.768000
48657.752000
48724.405000
48824.385000
48924.367000
48991.021000
49091.003000
49157.657000
49257.639000
49357.621000
49457.603000
49524.257000
49624.240000
49724.220000
49790.875000
49890.858000
49990.839000
50090.823000
50157.476000
50257.456000
50357.439000
50457.419000
50524.074000
50624.055000
50724.037000
50824.018000
50890.673000
50990.655000
51090.636000
51190.619000
51257.273000
51357.254000
51457.237000
51557.217000
51623.872000
51723.856000
51790.510000
51890.490000
51957.144000
52057.128000
52123.780000
52223.762000
52290.416000
52390.398000
52490.379000
52557.034000
52657.016000
52723.670000
52823.652000
52890.307000
52990.287000
53056.943000
53156.925000
53223.581000
53323.560000
53390.214000
53490.198000
53556.852000
53656.832000
53723.486000
53823.470000
53890.122000
53990.104000
54056.759000
54156.740000
54223.394000
54323.377000
54390.031000
54490.012000
54589.995000
54656.651000
54756.630000
54823.284000
54923.269000
54989.922000
55089.902000
55156.556000
55256.540000
55323.193000
55423.174000
55523.156000
55589.810000
55689.792000
55756.446000
55856.429000
55923.082000
56023.065000
56089.720000
56189.701000
56256.355000
56356.340000
56422.993000
56522.973000
56589.627000
56689.611000
56756.265000
56856.245000
56956.226000
57022.881000
57122.863000
57189.517000
57289.498000
57356.153000
57456.135000
57522.791000
57622.771000
57689.426000
57789.409000
57856.063000
57989.372000
58056.026000
58156.006000
58222.660000
58322.644000
58389.298000
58489.280000
58555.933000
58655.914000
58722.569000
58822.550000
58922.532000
58989.187000
59089.169000
59155.823000
59255.805000
59322.459000
59422.442000
59489.097000
59589.076000
59689.061000
59755.715000
59855.695000
59955.677000
60022.332000
60122.312000
60188.967000
