199.982000
399.965000
599.946000
799.929000
999.911000
1199.893000
1399.875000
1599.858000
1799.839000
1999.821000
2199.805000
2399.786000
2599.768000
2799.751000
2999.732000
3199.715000
3399.697000
3599.679000
3799.661000
3999.644000
4199.626000
4399.608000
4599.590000
4799.572000
4999.554000
5199.537000
5399.518000
5599.500000
5799.483000
5999.465000
6199.447000
6399.430000
6599.411000
6799.394000
6999.376000
7199.358000
7399.340000
7599.323000
7799.304000
7999.287000
8199.269000
8399.251000
8599.233000
8799.216000
8999.197000
9199.180000
9399.162000
9599.144000
9799.126000
9999.109000
10199.090000
10399.072000
10599.055000
10799.037000
10999.019000
11199.001000
11398.983000
11598.965000
11798.948000
11998.930000
12198.912000
12398.895000
12598.876000
12798.858000
12998.841000
13198.823000
13398.805000
13598.788000
13798.769000
13998.751000
14198.735000
14398.715000
14598.699000
14798.680000
14998.662000
15198.644000
15398.626000
15598.608000
15798.590000
15998.574000
16198.555000
16398.537000
16598.520000
16798.501000
16998.483000
17198.466000
17398.448000
17598.430000
17798.413000
17998.394000
18198.376000
18398.359000
18598.340000
18798.323000
18998.305000
19198.287000
19398.269000
19598.252000
19798.233000
19998.216000
20198.199000
20398.180000
20598.162000
20798.145000
20998.126000
21198.109000
21398.091000
21598.073000
21798.055000
21998.038000
22198.019000
22398.001000
22597.984000
22797.966000
22997.948000
23197.931000
23397.912000
23597.894000
23797.877000
23997.858000
24197.841000
24397.824000
24597.805000
24797.787000
24997.770000
25197.751000
25397.733000
25597.716000
25797.698000
25997.680000
26197.663000
26397.644000
26597.626000
26797.609000
26997.590000
27197.573000
27397.556000
27597.537000
27797.519000
27997.502000
28197.483000
28397.465000
28597.449000
28797.430000
28997.412000
29197.395000
29397.376000
29597.359000
29797.342000
29997.323000
30197.305000
30397.289000
30597.269000
30797.251000
30997.235000
31197.216000
31397.198000
31597.182000
31797.162000
31997.144000
32197.128000
32397.108000
32597.090000
32797.074000
32997.055000
33197.037000
33397.022000
33597.001000
33796.983000
33996.967000
34196.947000
34396.930000
34596.913000
34796.894000
34996.876000
35196.860000
35396.840000
35596.822000
35796.806000
35996.787000
36196.769000
36396.753000
36596.733000
36796.715000
36996.699000
37196.680000
37396.662000
37596.646000
37796.626000
37996.608000
38196.592000
38396.572000
38596.554000
38796.539000
38996.519000
39196.501000
39396.485000
39596.465000
39796.447000
39996.431000
40196.412000
40396.394000
40596.378000
40796.358000
40996.340000
41196.324000
41396.304000
41596.286000
41796.270000
41996.251000
42196.233000
42396.217000
42596.197000
42796.179000
42996.163000
43196.144000
43396.126000
43596.110000
43796.090000
43996.072000
44196.056000
44396.036000
44596.018000
44796.003000
44995.982000
45195.965000
45395.949000
45595.929000
45795.911000
45995.895000
46195.876000
46395.857000
46595.842000
46795.822000
46995.804000
47195.788000
47395.768000
47595.750000
47795.734000
47995.715000
48195.697000
48395.681000
48595.661000
48795.643000
48995.627000
49195.608000
49395.589000
49595.573000
49795.554000
49995.536000
50195.520000
50395.500000
50595.482000
50795.466000
50995.446000
51195.429000
51395.411000
51595.393000
51795.375000
51995.359000
52195.339000
52395.321000
52595.305000
52795.285000
52995.268000
53195.252000
53395.232000
53595.214000
53795.198000
53995.179000
54195.160000
54395.142000
54595.124000
54795.107000
54995.091000
55195.071000
55395.053000
55595.035000
55795.017000
55994.999000
56194.982000
56394.964000
56594.946000
56794.928000
56994.910000
57194.892000
57394.875000
57594.857000
57794.838000
57994.820000
58194.803000
58394.785000
58594.767000
58794.750000
58994.731000
