39.980000
79.960000
119.942000
159.923000
199.904000
239.888000
279.870000
319.849000
359.830000
399.811000
439.793000
479.774000
519.757000
559.739000
599.719000
639.700000
679.681000
719.662000
759.643000
799.627000
839.608000
879.588000
919.569000
959.550000
999.531000
1039.513000
1079.496000
1119.476000
1159.457000
1199.438000
1239.420000
1279.401000
1319.384000
1359.366000
1399.346000
1439.326000
1479.308000
1519.289000
1559.271000
1599.254000
1639.235000
1679.214000
1719.196000
1759.177000
1799.158000
1839.140000
1879.124000
1919.103000
1959.084000
1999.065000
2039.046000
2079.028000
2119.009000
2158.993000
2198.972000
2238.953000
2278.935000
2318.916000
2358.897000
2398.880000
2438.862000
2478.841000
2558.804000
2638.767000
2718.730000
2838.674000
2918.638000
2998.599000
3078.562000
3158.524000
3238.489000
3318.450000
3398.412000
3478.377000
3558.338000
3638.300000
3718.263000
3798.226000
3878.188000
3958.151000
4038.116000
4118.076000
4238.020000
4317.985000
4397.946000
4477.908000
4557.873000
4677.815000
4757.778000
4837.742000
4917.703000
5037.648000
5117.611000
5197.573000
5317.517000
5397.480000
5477.442000
5557.405000
5677.350000
5757.311000
5837.274000
5917.238000
5997.199000
6117.144000
6197.107000
6277.069000
6357.031000
6476.976000
6556.938000
6636.904000
6716.865000
6796.826000
6876.789000
6956.754000
7076.696000
7156.658000
7236.621000
7316.584000
7396.546000
7476.512000
7556.472000
7636.435000
7716.397000
7796.361000
7876.323000
7956.285000
8036.250000
8156.192000
8236.155000
8316.119000
8396.080000
8476.043000
8556.008000
8635.968000
8715.931000
8795.893000
8875.857000
8955.819000
9035.782000
9155.726000
9235.688000
9315.651000
9395.615000
9475.576000
9555.539000
9635.505000
9715.464000
9795.427000
9875.391000
9955.361000
10035.316000
10115.277000
10235.221000
10315.185000
10395.147000
10475.111000
10555.072000
10635.035000
10715.000000
10794.960000
10874.923000
10994.869000
11074.830000
11154.792000
11234.758000
11314.718000
11394.680000
11474.646000
11554.606000
11634.569000
11714.531000
11794.496000
11874.457000
11954.419000
12034.384000
12114.344000
12234.289000
12314.253000
12394.214000
12474.177000
12554.141000
12634.102000
12714.065000
12794.027000
12873.991000
12953.952000
13033.915000
13113.880000
13193.840000
13273.803000
13353.766000
13473.710000
13553.672000
13633.637000
13713.598000
13793.561000
13873.523000
13953.487000
14033.449000
14113.412000
14193.377000
14273.337000
14353.299000
14433.264000
14513.225000
14593.187000
14673.150000
14753.114000
14873.057000
14953.019000
15032.983000
15112.945000
15192.907000
15272.872000
15352.833000
15432.795000
15512.760000
15592.720000
15712.665000
15792.629000
15872.590000
15952.553000
16032.518000
16112.480000
16192.440000
16272.403000
16352.368000
16432.329000
16512.292000
16592.255000
16672.216000
16752.179000
16872.125000
16952.086000
17032.049000
17112.011000
17231.956000
17311.918000
17391.882000
17471.843000
17551.806000
17671.752000
17751.713000
17831.675000
17911.638000
18031.582000
18111.545000
18191.510000
18271.470000
18391.414000
18471.379000
18551.339000
18631.302000
18751.248000
18831.210000
18911.171000
18991.134000
19111.078000
19191.041000
19271.004000
19350.966000
19470.910000
19550.875000
19630.835000
19710.798000
19790.761000
19870.725000
19950.686000
20030.649000
20150.593000
20230.555000
20310.518000
20390.482000
20470.443000
20550.406000
20670.351000
20750.313000
20830.275000
20910.241000
20990.200000
21070.163000
21150.127000
21230.089000
21350.033000
21429.998000
21509.958000
21589.920000
21669.883000
21749.848000
21829.809000
21909.771000
21989.736000
22069.696000
22149.659000
22269.605000
22349.566000
22429.528000
22509.493000
22589.454000
22669.416000
22749.379000
22829.343000
22909.304000
22989.268000
23069.232000
23149.192000
23229.156000
23349.101000
23429.062000
23509.024000
23588.989000
23668.950000
23748.913000
23828.878000
23908.839000
23988.800000
24068.763000
24148.727000
24228.688000
24348.632000
24428.597000
24508.558000
24588.520000
24668.485000
24748.445000
24828.408000
24908.371000
24988.334000
25068.296000
25148.259000
25268.203000
25348.166000
25428.133000
25508.092000
25588.053000
25668.016000
25747.981000
25827.942000
25947.885000
26027.850000
26107.811000
26187.774000
26267.739000
26347.699000
26427.662000
26507.624000
26587.588000
26667.549000
26747.512000
26827.478000
26907.437000
26987.400000
27067.364000
27187.307000
27267.269000
27347.234000
27427.195000
27507.157000
27587.120000
27667.085000
27747.045000
27827.008000
27906.972000
27986.933000
28066.896000
28146.860000
28226.822000
28346.765000
28426.729000
28506.691000
28586.653000
28666.616000
28746.580000
28826.542000
28906.504000
28986.468000
29066.429000
29146.391000
29226.357000
29306.317000
29386.279000
29466.242000
29586.186000
29666.149000
29746.112000
29826.075000
29906.037000
29985.999000
30105.944000
30185.906000
30305.850000
30385.813000
30465.776000
30545.738000
30665.682000
30745.645000
30825.608000
30905.571000
31025.514000
31105.477000
31185.440000
31265.402000
31385.348000
31465.309000
31545.272000
31625.235000
31745.178000
31825.141000
31905.103000
31985.067000
32105.010000
32184.973000
32264.935000
32344.898000
32424.861000
32504.825000
32624.767000
32704.730000
32784.694000
32864.655000
32944.619000
33024.585000
33104.543000
33184.506000
33264.469000
33344.432000
33424.397000
33504.356000
33584.320000
33704.263000
33784.229000
33864.191000
33944.151000
34024.115000
34104.078000
34184.039000
34264.002000
34343.966000
34423.927000
34543.871000
34623.836000
34703.796000
34783.758000
34863.721000
34943.685000
35063.628000
35143.592000
35223.555000
35703.331000
35783.292000
35863.255000
35943.217000
36023.182000
36103.143000
36183.105000
36263.070000
36343.030000
36422.993000
36502.957000
36582.918000
36662.881000
36742.844000
36862.788000
36942.750000
37022.713000
37102.677000
37182.638000
37262.601000
37342.566000
37422.526000
37502.489000
37582.453000
37662.414000
37742.377000
37822.340000
37942.284000
38022.246000
38102.209000
38182.172000
38262.134000
38342.098000
38422.062000
38502.023000
38581.984000
38661.949000
38741.910000
38821.873000
38901.835000
38981.799000
39061.761000
39141.723000
39261.668000
39341.630000
39421.593000
39501.558000
39581.518000
39661.481000
39741.446000
39821.406000
39901.368000
39981.331000
40061.295000
40141.256000
40221.219000
40341.164000
40421.126000
40501.088000
40581.051000
40661.014000
40740.976000
40820.942000
40900.902000
40980.864000
41060.827000
41140.791000
41220.753000
41300.715000
41380.679000
41460.640000
41580.584000
41660.549000
41740.509000
41820.472000
41900.436000
41980.398000
42060.360000
42140.323000
42220.286000
42300.248000
42380.210000
42460.175000
42580.117000
42660.080000
42740.044000
42859.986000
42939.949000
43019.913000
43099.874000
43219.819000
43299.781000
43379.743000
43499.687000
43579.652000
43659.613000
43739.575000
43859.520000
43939.482000
44019.445000
44099.410000
44179.370000
44299.314000
44379.279000
44459.239000
44579.183000
44659.147000
44739.108000
44819.072000
44939.016000
45018.979000
45098.940000
45178.905000
45258.866000
45378.810000
45458.773000
45538.735000
45618.698000
45698.663000
45818.604000
45898.567000
45978.532000
46058.492000
46138.455000
46218.420000
46298.380000
46378.343000
46458.305000
46538.270000
46618.231000
46698.193000
46778.158000
46898.100000
46978.063000
47058.027000
47137.988000
47217.951000
47297.916000
47377.877000
47457.839000
47537.801000
47617.765000
47697.726000
47777.689000
47857.654000
47937.614000
48057.558000
48137.521000
48217.484000
48297.446000
48377.411000
48457.372000
48537.335000
48617.300000
48697.261000
48777.222000
48857.185000
48937.150000
49017.110000
49097.073000
49177.035000
49256.999000
49376.942000
49456.906000
49536.868000
49616.830000
49696.792000
49776.757000
49856.718000
49936.681000
50016.646000
50096.606000
50176.568000
50256.531000
50376.475000
50456.438000
50536.403000
50616.365000
50696.326000
50776.288000
50856.251000
50936.213000
51016.176000
51096.141000
51176.102000
51256.064000
51336.027000
51455.971000
51535.934000
51615.898000
51695.859000
51775.822000
51855.784000
51935.748000
52015.710000
52095.672000
52175.637000
52255.597000
52335.560000
52415.524000
52495.486000
52615.429000
52695.392000
52775.355000
52855.317000
52935.280000
53015.244000
53095.205000
53175.168000
53255.132000
53335.093000
53415.056000
53495.021000
53574.981000
53654.943000
53734.906000
53814.871000
53894.831000
54014.775000
54094.741000
54174.701000
54254.663000
54334.628000
54414.589000
54494.552000
54574.514000
54654.477000
54734.439000
54814.402000
54894.367000
54974.327000
55094.272000
55174.235000
55254.196000
55334.159000
55414.124000
55494.084000
55614.028000
55693.993000
55773.954000
55853.916000
55933.880000
56013.842000
56133.785000
56213.752000
56293.711000
56373.673000
56493.619000
56573.580000
56653.542000
56733.505000
56853.449000
56933.412000
57013.376000
57093.337000
57173.300000
57293.246000
57373.206000
57453.169000
57533.132000
57653.076000
57733.038000
57813.001000
57892.965000
58012.908000
58092.870000
58172.833000
58252.795000
58332.758000
58412.721000
58492.683000
58652.611000
58772.553000
58852.515000
58932.480000
59012.440000
59092.403000
59172.366000
59252.329000
59372.272000
59452.237000
59532.198000
59612.161000
59692.123000
59772.087000
59852.048000
59932.011000
60011.976000
