33.329000
166.638000
199.963000
233.292000
266.618000
299.947000
333.272000
366.601000
399.926000
433.256000
466.581000
499.911000
533.235000
566.565000
599.890000
633.219000
666.544000
699.873000
733.199000
766.526000
799.853000
833.181000
866.508000
899.835000
933.162000
966.490000
999.817000
1033.144000
1066.471000
1099.798000
1133.126000
1166.453000
1199.780000
1233.107000
1266.435000
1299.762000
1333.089000
1366.416000
1399.743000
1433.071000
1466.399000
1499.726000
1533.053000
1566.380000
1599.707000
1633.035000
1666.363000
1699.689000
1733.017000
1766.343000
1799.672000
1832.997000
1866.327000
1899.652000
1932.981000
1966.307000
1999.636000
2032.962000
2066.291000
2099.615000
2132.946000
2166.270000
2199.599000
2232.924000
2266.254000
2299.579000
2332.908000
2366.233000
2399.563000
2432.888000
2466.218000
2499.543000
2532.871000
2566.197000
2599.526000
2632.852000
2666.179000
2699.506000
2732.833000
2766.160000
2799.488000
2832.815000
2866.145000
2899.469000
2932.796000
2966.124000
2999.451000
3032.778000
3066.106000
3099.433000
3132.760000
3166.087000
3199.414000
3232.741000
3266.069000
3299.397000
3332.724000
3366.051000
3399.378000
3432.705000
3466.032000
3499.361000
3532.687000
3566.015000
3599.341000
3632.670000
3665.996000
3699.324000
3732.650000
3765.979000
3799.305000
3832.634000
3865.960000
3899.288000
3932.614000
3965.944000
3999.268000
4032.597000
4065.923000
4099.252000
4132.577000
4165.906000
4199.232000
4232.561000
4265.887000
4299.215000
4332.541000
4365.870000
4399.195000
4432.524000
4465.851000
4499.179000
4532.504000
4565.831000
4599.159000
4632.488000
4665.813000
4699.140000
4732.467000
4765.794000
4799.122000
4832.449000
4865.777000
4899.103000
4932.431000
4965.758000
4999.085000
5032.412000
5065.740000
5099.067000
5132.395000
5165.721000
5199.049000
5232.376000
5265.704000
5299.030000
5365.685000
5399.013000
5432.339000
5465.668000
5498.994000
5532.322000
5565.648000
5598.977000
5632.303000
5665.633000
5698.957000
5732.286000
5765.612000
5798.941000
5832.266000
5865.596000
5898.921000
5932.250000
5965.575000
5998.905000
6065.560000
6098.884000
6132.213000
6165.539000
6198.868000
6232.193000
6265.523000
6298.847000
6332.176000
6365.502000
6398.830000
6432.156000
6465.486000
6498.811000
6532.139000
6565.466000
6598.793000
6632.120000
6665.447000
6698.775000
6732.102000
6765.429000
6798.756000
6832.084000
6865.411000
6898.739000
6932.065000
6965.393000
6998.719000
7032.048000
7065.374000
7098.702000
7132.029000
7165.356000
7198.683000
7232.012000
7265.338000
7298.666000
7331.992000
7365.322000
7398.647000
7431.975000
7465.301000
7498.630000
7531.956000
7565.285000
7598.610000
7631.939000
7665.265000
7698.594000
7731.919000
7765.249000
7798.573000
7831.903000
7865.228000
7898.557000
7931.882000
7965.212000
7998.537000
8031.867000
8065.192000
8098.521000
8131.846000
8165.175000
8198.501000
8231.829000
8265.155000
8298.483000
8331.809000
8365.139000
8398.465000
8431.791000
8465.119000
8498.445000
8531.773000
8565.100000
8598.427000
8631.754000
8665.082000
8698.409000
8731.736000
8765.063000
8798.391000
8831.718000
8865.046000
8898.372000
8931.700000
8965.027000
8998.354000
9031.681000
9065.010000
9098.336000
9131.664000
9164.990000
9198.318000
9231.645000
9264.973000
9298.299000
9331.627000
9364.954000
9398.280000
9431.608000
9464.935000
9498.262000
9531.590000
9564.917000
9598.244000
9631.571000
9664.899000
9698.226000
9731.553000
9764.880000
9798.208000
9831.542000
9864.863000
9898.189000
9931.519000
9964.844000
9998.173000
10031.498000
10064.827000
10098.152000
10131.481000
10164.807000
10198.137000
10231.462000
10264.790000
10298.116000
10331.443000
10364.771000
10398.098000
10431.425000
10464.753000
10498.080000
10531.407000
10564.734000
10598.061000
10631.389000
10664.716000
10698.043000
10731.370000
10764.697000
10798.025000
10831.352000
10864.680000
10898.007000
10931.334000
10964.661000
10997.988000
11031.316000
11097.970000
11131.297000
11164.625000
11197.952000
11231.280000
11264.607000
11297.935000
11331.260000
11364.590000
11397.915000
11431.244000
11464.570000
11497.899000
11531.224000
11564.553000
11597.879000
11631.208000
11664.533000
11697.862000
11731.188000
11764.517000
11797.842000
11831.171000
11864.497000
11897.826000
11931.151000
11964.480000
11997.805000
12031.134000
12064.461000
12097.789000
12131.114000
12164.441000
12197.769000
12231.096000
12264.424000
12297.750000
12331.078000
12364.405000
12397.732000
12431.059000
12464.387000
12497.714000
12531.041000
12564.369000
12597.696000
12631.023000
12664.350000
12697.678000
12731.005000
12764.332000
12797.659000
12830.986000
12864.315000
12897.641000
12930.969000
12964.295000
12997.623000
13030.950000
13064.279000
13097.604000
13130.932000
13164.259000
13197.587000
13230.913000
13264.243000
13297.568000
13330.897000
13364.222000
13397.551000
13430.876000
13464.206000
13497.531000
13530.861000
13564.186000
13597.515000
13630.840000
13664.170000
13697.495000
13730.824000
13764.149000
13797.478000
13830.803000
13864.133000
13897.458000
13930.787000
13964.112000
13997.440000
14030.767000
14064.095000
14097.421000
14130.748000
14164.076000
14197.403000
14230.730000
14264.058000
14297.385000
14330.712000
14364.039000
14397.366000
14430.694000
14464.021000
14497.348000
14530.675000
14564.003000
14597.330000
14630.657000
14663.985000
14697.312000
14730.639000
14763.966000
14797.293000
14830.622000
14863.948000
14897.276000
14930.602000
14963.931000
14997.257000
15030.585000
15063.912000
15097.240000
15130.566000
15163.895000
15197.220000
15230.549000
15263.875000
15297.204000
15330.529000
15363.859000
15397.184000
15430.513000
15463.838000
15497.167000
15530.493000
15563.822000
15597.147000
15630.477000
15663.802000
15697.131000
15730.456000
15763.785000
15797.110000
15830.439000
15863.766000
15897.094000
15930.419000
15963.747000
15997.074000
16030.401000
16063.729000
16097.056000
16130.383000
16163.710000
16197.037000
16230.365000
16263.692000
16297.019000
16330.346000
16363.674000
16397.001000
16430.328000
16463.655000
16496.982000
16530.310000
16563.637000
16596.964000
16630.291000
16663.620000
16696.946000
16730.274000
16763.600000
16796.929000
16830.255000
16863.584000
16896.909000
16930.238000
16963.564000
16996.893000
17030.218000
17063.548000
17096.873000
17130.202000
17163.527000
17196.857000
17230.182000
17263.511000
17296.836000
17330.166000
17363.491000
17396.820000
17430.145000
17463.475000
17496.800000
17530.129000
17563.454000
17596.784000
17630.109000
17663.438000
17696.763000
17730.093000
17763.417000
17796.745000
17830.072000
17863.400000
17896.727000
17930.054000
17963.381000
17996.708000
18030.036000
18063.363000
18096.690000
18130.017000
18163.344000
18196.672000
18229.999000
18263.326000
18296.653000
18329.981000
18363.308000
18396.635000
18429.963000
18463.290000
18496.617000
18529.944000
18563.272000
18596.598000
18629.927000
18663.253000
18696.582000
18729.908000
18763.236000
18796.562000
18829.890000
18863.216000
18896.545000
18929.871000
18963.200000
18996.525000
19029.855000
19063.180000
19096.509000
19129.835000
19163.163000
19196.489000
19229.819000
19263.144000
19296.473000
19329.798000
19363.127000
19396.452000
19429.781000
19463.107000
19496.436000
19529.761000
19563.090000
19596.416000
19629.745000
19663.070000
19696.397000
19729.725000
19763.052000
19796.379000
19829.706000
19863.035000
19896.361000
19929.688000
19963.015000
19996.343000
20029.670000
20062.997000
20096.324000
20129.652000
20162.979000
20196.306000
20229.633000
20262.961000
20296.288000
20329.616000
20362.942000
20396.270000
20429.597000
20462.925000
20496.251000
20529.579000
20562.906000
20596.233000
20629.561000
20662.888000
20696.215000
20729.545000
20762.869000
20796.198000
20829.523000
20862.854000
20896.178000
20929.508000
20962.833000
20996.162000
21029.487000
21062.829000
21096.141000
21129.471000
21162.796000
21196.125000
21229.450000
21262.780000
21296.105000
21329.434000
21362.759000
21396.089000
21429.414000
21462.743000
21496.069000
21529.398000
21562.723000
21596.050000
21629.377000
21662.705000
21696.032000
21729.359000
21762.686000
21796.014000
21829.341000
21862.670000
21895.995000
21929.322000
21962.655000
21995.977000
22029.304000
22062.632000
22095.959000
22129.286000
22162.613000
22195.940000
22229.268000
22262.595000
22295.922000
22329.249000
22362.577000
22395.904000
22429.232000
22462.558000
22495.887000
22529.213000
22562.542000
22595.867000
22629.196000
22662.522000
22695.851000
22729.176000
22762.505000
22795.831000
22829.160000
22862.486000
22895.816000
22929.140000
22962.469000
22995.794000
24028.939000
24062.267000
24095.593000
24128.921000
24162.247000
24195.576000
24228.903000
24262.230000
24295.557000
24328.885000
24362.211000
24395.541000
24428.866000
24462.194000
24495.520000
24528.849000
24562.175000
24595.504000
24628.829000
24662.158000
24695.483000
24728.814000
24762.138000
24795.468000
24828.792000
24862.123000
24895.447000
24928.776000
24962.101000
24995.431000
25028.756000
25062.087000
25095.410000
25128.740000
25162.065000
25195.395000
25228.721000
25262.048000
25295.374000
25328.702000
25362.028000
25395.358000
25428.683000
25462.010000
25495.337000
25528.664000
25561.992000
25595.319000
25628.646000
25661.973000
25695.301000
25728.628000
25761.955000
25795.282000
25828.610000
25861.938000
25895.264000
25928.591000
25961.919000
25995.246000
26028.573000
26061.900000
26095.227000
26128.555000
26161.882000
26195.209000
26228.539000
26261.864000
26295.191000
26328.519000
26361.846000
26395.172000
26428.501000
26461.828000
26495.155000
26528.481000
26561.810000
26595.136000
26628.465000
26661.790000
26695.120000
26728.445000
26761.774000
26795.099000
26828.429000
26861.754000
26895.083000
26928.408000
26961.738000
26995.063000
27028.392000
27061.718000
27095.046000
27128.372000
27161.701000
27195.026000
27228.354000
27261.681000
27295.010000
27328.335000
27361.662000
27394.991000
27428.317000
27461.644000
27494.971000
27528.299000
27561.626000
27594.953000
27628.280000
27661.608000
27694.935000
27728.262000
27761.589000
27794.917000
27828.244000
27861.572000
27894.898000
27928.225000
27961.553000
27994.880000
28028.207000
28061.536000
28094.862000
28128.190000
28161.516000
28194.845000
28228.171000
28261.500000
28294.825000
28328.154000
28361.480000
28394.809000
28428.134000
28461.463000
28494.788000
28528.118000
28561.443000
28594.772000
28628.097000
28661.427000
28694.752000
28728.082000
28761.406000
28794.736000
28828.061000
28861.392000
28894.716000
28928.045000
28961.370000
28994.699000
29028.025000
29061.354000
29094.679000
32127.459000
32160.786000
32194.114000
32227.440000
32260.769000
32294.094000
32327.423000
32360.749000
32394.078000
32427.403000
32460.732000
32494.057000
32527.387000
32560.712000
32594.041000
32627.366000
32660.696000
32694.021000
32727.350000
32760.675000
32794.005000
32827.330000
32860.660000
32893.985000
32927.313000
32960.639000
32993.966000
33027.293000
33060.623000
33093.948000
33127.275000
33160.602000
33193.930000
33227.257000
33260.584000
33293.911000
33327.238000
33360.566000
33393.893000
33427.220000
33460.547000
33493.875000
33527.202000
33560.529000
33593.856000
33627.184000
33660.511000
33693.838000
33727.165000
33760.493000
33793.820000
33827.148000
33860.474000
33893.803000
33927.129000
33960.457000
33993.783000
34027.111000
34060.438000
34093.766000
34127.092000
34160.421000
34193.747000
34227.076000
34260.401000
34293.730000
34327.056000
34360.385000
34393.710000
34427.039000
34460.365000
34493.694000
34527.019000
34560.349000
34593.673000
34627.003000
34660.328000
34693.657000
34726.983000
34760.311000
34793.637000
34826.965000
34860.292000
34893.620000
34926.946000
34960.273000
34993.601000
35026.928000
35060.255000
35093.582000
35126.909000
35160.237000
35193.564000
35226.891000
35260.219000
35293.546000
35326.873000
35360.200000
35393.527000
35426.854000
35460.182000
35493.509000
35526.836000
35560.163000
35593.491000
35626.818000
35660.146000
35693.472000
35726.801000
35760.127000
35793.455000
35826.781000
35860.111000
35893.436000
35926.764000
35960.091000
35993.419000
36026.745000
36060.075000
36093.399000
36126.728000
36160.054000
36193.383000
36226.709000
36260.038000
36293.363000
36326.692000
36360.018000
36393.347000
36426.672000
36460.001000
36493.326000
36526.656000
36559.981000
36593.310000
36626.635000
36659.965000
36693.290000
36726.619000
36759.944000
36793.273000
36826.599000
36859.929000
36893.253000
36926.581000
36959.908000
36993.235000
37026.562000
37059.890000
37126.544000
37159.871000
37193.198000
37226.526000
37259.853000
37293.180000
37326.507000
37359.835000
37393.162000
37426.489000
37459.816000
37493.143000
37526.471000
37559.798000
37593.125000
37626.453000
37659.780000
37693.108000
37726.434000
37759.763000
37793.089000
37826.417000
37859.744000
37893.071000
37926.398000
37959.726000
37993.052000
38026.381000
38059.707000
38093.036000
38126.361000
38159.691000
38193.016000
38226.345000
38259.670000
38292.999000
38326.325000
38359.654000
38392.979000
38426.308000
38459.634000
38492.963000
38526.288000
38559.617000
38592.943000
38626.272000
38659.597000
38692.926000
38726.251000
38759.581000
38792.906000
38826.235000
38859.561000
38892.888000
38926.215000
38959.542000
38992.869000
39026.197000
39059.524000
39092.851000
39126.178000
39159.506000
39192.833000
39226.160000
39259.487000
39292.814000
39326.142000
39359.469000
39392.796000
39426.124000
39459.452000
39492.778000
39526.107000
39559.432000
39592.761000
39626.087000
39659.416000
39692.741000
39726.070000
39759.396000
39792.724000
39826.051000
39859.380000
39892.705000
39926.035000
39959.359000
39992.689000
40026.014000
40059.344000
40092.669000
40125.998000
40159.323000
40192.652000
40225.977000
40259.308000
40292.632000
40325.962000
40359.287000
40392.616000
40425.941000
40459.271000
40492.596000
40525.925000
40559.250000
40592.579000
40625.904000
40659.233000
40692.559000
40725.886000
40759.213000
40792.541000
40825.868000
40859.198000
40892.522000
40925.850000
40959.177000
40992.504000
41025.831000
41059.158000
41092.486000
41125.813000
41159.140000
41192.468000
41225.795000
41259.122000
41292.449000
41325.777000
41359.104000
41392.431000
41425.759000
41459.086000
41492.414000
41525.740000
41559.068000
41592.394000
41659.049000
41692.377000
41725.703000
41759.031000
41792.358000
41825.686000
41859.013000
41892.341000
41925.667000
41958.996000
41992.321000
42025.650000
42058.976000
42092.305000
42158.961000
42192.285000
42225.612000
42258.939000
42292.266000
42325.594000
42358.921000
42392.248000
42425.575000
42458.903000
42492.230000
42525.557000
42558.885000
42592.211000
42625.539000
42658.867000
42692.193000
42725.521000
42758.848000
42792.175000
42825.502000
42858.830000
42892.157000
42925.484000
42958.811000
42992.138000
43058.793000
43092.120000
43125.447000
43158.774000
43192.102000
43258.756000
43292.083000
43325.411000
43358.738000
43392.065000
43458.720000
43492.047000
43525.375000
43558.701000
43592.030000
43658.684000
43692.010000
43725.339000
43758.665000
43791.994000
43858.649000
43891.974000
43925.303000
43958.628000
43991.958000
44058.612000
44091.937000
44125.267000
44158.592000
44191.921000
44258.576000
44291.901000
44325.230000
44358.555000
44391.884000
44458.540000
44491.864000
44525.193000
44558.519000
44591.848000
44658.503000
44691.828000
44725.155000
44758.482000
44791.809000
44858.467000
44891.791000
44925.118000
44958.446000
44991.773000
45058.428000
45091.755000
45125.082000
45158.409000
45191.736000
45258.392000
45291.718000
45325.045000
45358.373000
45391.700000
45458.355000
45491.682000
45525.009000
45558.337000
45591.663000
45658.318000
45691.646000
45724.972000
45758.301000
45791.627000
45858.282000
45891.610000
45924.935000
45958.265000
45991.590000
46058.245000
46091.574000
46124.899000
46158.228000
46191.554000
46291.537000
46324.862000
46358.193000
46391.517000
46424.845000
46524.826000
46558.153000
46591.480000
46624.808000
46658.135000
46724.789000
46758.116000
46791.444000
46824.771000
46858.099000
46924.753000
46958.080000
46991.407000
47024.734000
47058.063000
47158.044000
47191.371000
47224.698000
47258.026000
47291.352000
47358.007000
47391.335000
47424.661000
47457.990000
47491.316000
47557.970000
47591.299000
47624.625000
47657.954000
47691.279000
47757.934000
47791.263000
47824.588000
47857.918000
47891.243000
47957.897000
47991.227000
48024.552000
48057.881000
48091.206000
48157.862000
48191.189000
48224.515000
48257.845000
48291.170000
48324.498000
48357.824000
48391.154000
48424.479000
48457.808000
48524.460000
48557.787000
48591.115000
48624.442000
48657.770000
48724.424000
48757.751000
48791.078000
48824.405000
48857.733000
48924.387000
48957.714000
48991.042000
49024.369000
49057.696000
49124.351000
49157.678000
49191.005000
49224.333000
49257.660000
49324.314000
49357.642000
49390.969000
49424.297000
49457.624000
49524.278000
49557.606000
49590.932000
49624.261000
49657.586000
49724.241000
49757.570000
49790.895000
49824.225000
49857.551000
49924.204000
49957.534000
49990.859000
50024.188000
50057.514000
50124.168000
50157.497000
50190.866000
50224.151000
50257.477000
50324.131000
50357.460000
50390.786000
51123.985000
51157.312000
51223.967000
51257.295000
51290.621000
51323.950000
51357.276000
51423.930000
51457.259000
51490.585000
51523.914000
51557.239000
51623.894000
51657.223000
51690.548000
51723.878000
51757.203000
51823.857000
51857.188000
51890.512000
51923.841000
51957.166000
52023.822000
52057.151000
52090.475000
52157.129000
52190.459000
52290.438000
52323.766000
52357.093000
52390.420000
52423.748000
52490.402000
52523.729000
52557.056000
52590.384000
52623.711000
52657.038000
52690.366000
52723.693000
52757.020000
52790.347000
52823.674000
52857.003000
52890.329000
52923.656000
52956.983000
52990.311000
53023.638000
53056.965000
53090.293000
53123.620000
53156.947000
53190.274000
53223.602000
53256.929000
53290.257000
53323.583000
53356.912000
53390.237000
53423.566000
53456.893000
53490.221000
53523.546000
53556.875000
53590.201000
53623.530000
53656.856000
53690.184000
53723.510000
53756.839000
53790.164000
53823.494000
53856.820000
53890.148000
53923.473000
53956.803000
53990.128000
54023.457000
54056.782000
54090.111000
54123.437000
54156.766000
54190.091000
54223.418000
54256.746000
54290.073000
54323.400000
54356.727000
54390.055000
54423.382000
54456.710000
54523.364000
54556.691000
54590.018000
54623.345000
54656.673000
54690.000000
54723.327000
54756.654000
54789.982000
54823.309000
54856.637000
54889.963000
54923.291000
54956.618000
54989.946000
55023.273000
55056.600000
55089.927000
55123.255000
55156.581000
55223.236000
55256.565000
55289.890000
55323.219000
55356.545000
55423.199000
55456.528000
55489.854000
55523.183000
55556.508000
55589.837000
55623.163000
55656.492000
55689.817000
55723.147000
55823.126000
55856.456000
55889.781000
55923.110000
55956.436000
56023.090000
56056.419000
56089.744000
56123.073000
56156.399000
56223.053000
56256.380000
56289.708000
56323.035000
56356.363000
56423.017000
56456.344000
56489.671000
56522.998000
56556.326000
56656.308000
56689.635000
56722.962000
56756.289000
56789.616000
56822.944000
56856.271000
56889.599000
56922.925000
56956.253000
56989.580000
57022.909000
57056.235000
57089.563000
58822.578000
58922.560000
58955.887000
58989.214000
59022.542000
59055.876000
59089.196000
59122.524000
59155.850000
59189.179000
59222.505000
59255.834000
59289.159000
59322.488000
59355.814000
59389.143000
59422.468000
59455.798000
59489.123000
59522.452000
59555.779000
59589.107000
59622.432000
59655.762000
59689.086000
59722.415000
59789.070000
59822.395000
59855.726000
59889.050000
59922.378000
59955.704000
59989.033000
60022.358000
60055.688000
60089.013000
60122.342000
60155.668000
60188.995000
60222.322000
