33.324000
133.306000
166.633000
199.961000
233.288000
266.615000
299.942000
333.269000
366.597000
399.924000
433.251000
466.579000
499.906000
533.233000
566.560000
599.888000
633.215000
666.542000
699.870000
733.197000
766.524000
833.179000
866.506000
899.834000
933.160000
966.488000
999.815000
1033.143000
1066.469000
1099.797000
1133.124000
1166.452000
1199.779000
1233.107000
1266.433000
1299.762000
1333.087000
1366.416000
1399.742000
1433.071000
1466.397000
1533.051000
1566.381000
1599.706000
1633.035000
1666.360000
1699.690000
1733.015000
1766.344000
1799.670000
1832.999000
1866.324000
1899.653000
1932.978000
1966.308000
1999.633000
2032.962000
2066.288000
2099.616000
2132.942000
2166.271000
2232.925000
2266.252000
2299.579000
2332.906000
2366.235000
2399.560000
2432.887000
2466.215000
2499.542000
2532.869000
2566.197000
2599.524000
2632.854000
2666.179000
2699.506000
2732.833000
2766.160000
2799.488000
2832.815000
2866.142000
2966.124000
2999.451000
3032.778000
3066.106000
3099.433000
3132.760000
3166.088000
3199.416000
3232.742000
3266.069000
3299.397000
3332.724000
3366.051000
3399.379000
3432.706000
3466.033000
3499.360000
3532.688000
3566.015000
3599.343000
3665.997000
3699.324000
3732.652000
3765.978000
3799.307000
3832.633000
3865.961000
3899.287000
3932.616000
3965.942000
3999.271000
4032.597000
4065.926000
4099.251000
4132.580000
4165.906000
4199.236000
4232.560000
4265.890000
4299.215000
4365.869000
4399.199000
4432.524000
4465.853000
4499.178000
4532.508000
4565.833000
4599.163000
4632.487000
4665.817000
4699.142000
4732.471000
4765.797000
4799.126000
4832.451000
4865.780000
4899.106000
4932.435000
4965.760000
4999.089000
5065.744000
5099.070000
5132.397000
5165.724000
5199.054000
5232.378000
5265.706000
5299.033000
5332.360000
5365.688000
5399.015000
5432.342000
5465.670000
5498.997000
5532.324000
5565.651000
5598.979000
5632.306000
5665.633000
5698.960000
5765.615000
5798.943000
5832.269000
5865.597000
5898.924000
5932.251000
5965.578000
5998.906000
6032.233000
6065.560000
6098.888000
6132.215000
6165.542000
6198.870000
6232.197000
6265.524000
6298.852000
6332.178000
6365.507000
6398.833000
6465.488000
6498.816000
6532.142000
6565.470000
6598.797000
6632.125000
6665.451000
6698.780000
6732.106000
6765.435000
6798.761000
6832.089000
6865.415000
6898.745000
6932.070000
6965.398000
6998.725000
7032.053000
7065.378000
7098.708000
7198.688000
7232.017000
7265.342000
7298.671000
7331.997000
7365.326000
7398.651000
7431.981000
7465.306000
7498.635000
7531.960000
7565.289000
7598.615000
7631.944000
7665.269000
7698.597000
7731.924000
7765.251000
7798.579000
7831.906000
7898.560000
7931.888000
7965.215000
7998.543000
8031.869000
8065.197000
8098.524000
8131.852000
8165.179000
8198.506000
8231.833000
8265.160000
8298.487000
8331.815000
8365.142000
8398.470000
8431.797000
8465.124000
8498.451000
8531.779000
8598.434000
8631.760000
8665.089000
8698.415000
8731.743000
8765.069000
8798.398000
8831.724000
8865.052000
8898.378000
8931.707000
8965.033000
8998.363000
9031.688000
9065.016000
9098.342000
9131.671000
9164.996000
9198.326000
9231.651000
9298.305000
9331.636000
9364.961000
9398.290000
9431.615000
9464.944000
9498.269000
9531.599000
9564.924000
9598.254000
9631.579000
9664.908000
9698.233000
9731.563000
9764.888000
9798.218000
9831.542000
9864.872000
9898.197000
9931.526000
9998.181000
10031.517000
10064.835000
10098.160000
10131.489000
10164.815000
10198.144000
10231.469000
10264.798000
10298.124000
10331.453000
10364.779000
10398.108000
10431.433000
10464.760000
10498.087000
10531.417000
10564.742000
10598.070000
10631.397000
10698.051000
10731.379000
10764.706000
10798.033000
10831.360000
10864.688000
10898.015000
10931.342000
10964.669000
10997.997000
11031.324000
11064.651000
11097.979000
11131.306000
11164.633000
11197.960000
11231.287000
11264.615000
11297.942000
11331.269000
11431.251000
11464.578000
11497.907000
11531.233000
11564.561000
11597.888000
11631.216000
11664.542000
11697.871000
11731.197000
11764.525000
11797.851000
11831.180000
11864.506000
11897.834000
11931.160000
11964.489000
11997.815000
12031.144000
12064.469000
12131.124000
12164.453000
12197.779000
12231.107000
12264.433000
12297.763000
12331.087000
12364.417000
12397.742000
12431.072000
12464.396000
12497.726000
12531.051000
12564.381000
12597.706000
12631.034000
12664.360000
12697.690000
12731.015000
12764.343000
12864.324000
12897.652000
12930.978000
12964.306000
12997.633000
13030.960000
13064.287000
13097.615000
13130.942000
13164.269000
13197.598000
13230.924000
13264.251000
13297.578000
13330.905000
13364.233000
13397.560000
13430.887000
13464.214000
13497.542000
13597.524000
13630.851000
13664.178000
13697.505000
13730.833000
13764.160000
13797.487000
13830.815000
13864.142000
13897.469000
13930.797000
13964.124000
13997.453000
14030.778000
14064.107000
14097.432000
14130.761000
14164.087000
14197.416000
14230.742000
14330.725000
14364.051000
14397.380000
14430.706000
14464.034000
14497.360000
14530.689000
14564.015000
14597.344000
14630.669000
14663.998000
14697.324000
14730.653000
14763.978000
14797.307000
14830.633000
14863.962000
14897.287000
14930.617000
14963.942000
15063.926000
15097.251000
15130.580000
15163.905000
15197.235000
15230.560000
15263.889000
15297.215000
15330.544000
15363.869000
15397.198000
15430.524000
15463.853000
15497.178000
15530.507000
15563.833000
15597.163000
15630.487000
15663.815000
15697.142000
15797.124000
15830.451000
15863.778000
15897.105000
15930.433000
15963.760000
15997.087000
16030.414000
16063.742000
16097.069000
16130.396000
16163.723000
16197.052000
16230.378000
16263.705000
16297.033000
16330.360000
16363.688000
16397.015000
16430.342000
16530.323000
16563.651000
16596.978000
16630.306000
16663.633000
16696.961000
16730.287000
16763.615000
16796.942000
16830.270000
16863.596000
16896.925000
16930.251000
16963.579000
16996.906000
17030.234000
17063.560000
17096.889000
17130.214000
17163.543000
17230.198000
17263.524000
17296.853000
17330.178000
17363.507000
17396.833000
17430.162000
17463.487000
17496.817000
17530.142000
17563.471000
17596.796000
17630.126000
17663.451000
17696.780000
17730.105000
17763.434000
17796.760000
17830.089000
17863.414000
17930.069000
17963.397000
17996.724000
18030.052000
18063.378000
18096.706000
18130.032000
18163.360000
18196.687000
18230.014000
18263.342000
18296.669000
18329.996000
18363.324000
18396.651000
18429.978000
18463.305000
18496.632000
18529.960000
18563.287000
18629.942000
18663.269000
18696.596000
18729.923000
18763.251000
18796.578000
18829.905000
18863.233000
18896.560000
18929.887000
18963.214000
18996.542000
19029.869000
19063.196000
19096.523000
19129.851000
19163.178000
19196.507000
19229.833000
19263.161000
19329.815000
19363.142000
19396.470000
19429.796000
19463.124000
19496.451000
19529.779000
19563.105000
19596.434000
19629.760000
19663.088000
19696.414000
19729.743000
19763.069000
19796.398000
19829.723000
19863.053000
19896.378000
19929.707000
19963.032000
20029.687000
20063.016000
20096.342000
20129.671000
20162.996000
20196.326000
20229.650000
20262.980000
20296.305000
20329.635000
20362.960000
20396.289000
20429.614000
20462.943000
20496.269000
20529.597000
20562.923000
20596.253000
20629.578000
20662.907000
20729.560000
20762.887000
20796.214000
20829.541000
20862.869000
20896.196000
20929.523000
20962.850000
20996.178000
21029.505000
21062.832000
21096.159000
21129.487000
21162.814000
21196.142000
21229.468000
21262.796000
21296.123000
21329.450000
21362.778000
21429.432000
21462.761000
21496.087000
21529.414000
21562.741000
21596.069000
21629.396000
21662.723000
21696.051000
21729.378000
21762.705000
21796.032000
21829.360000
21862.687000
21896.015000
21929.341000
21962.670000
21995.996000
22029.324000
22062.651000
22129.305000
22162.634000
22195.960000
22229.288000
22262.614000
22295.943000
22329.269000
22362.598000
22395.923000
22429.252000
22462.578000
22495.907000
22529.232000
22562.562000
22595.887000
22629.216000
22662.541000
22695.871000
22729.196000
22762.525000
22829.180000
22862.505000
22895.834000
22929.159000
22962.488000
22995.814000
23029.143000
23062.469000
23095.797000
23129.123000
23162.452000
23195.778000
23229.105000
23262.432000
23295.761000
23329.086000
23362.414000
23395.741000
23429.069000
23462.396000
23529.050000
23562.378000
23595.705000
23629.032000
23662.359000
23695.687000
23729.014000
23762.341000
23795.669000
23828.996000
23862.323000
23895.650000
23928.977000
23962.305000
23995.632000
24028.959000
24062.287000
24095.614000
24128.941000
24162.269000
24228.923000
24262.252000
24295.578000
24328.906000
24362.232000
24395.561000
24428.886000
24462.215000
24495.541000
24528.871000
24562.196000
24595.525000
24628.850000
24662.180000
24695.505000
24728.833000
24762.159000
24795.488000
24828.814000
24862.143000
24962.123000
24995.454000
25028.778000
25062.107000
25095.432000
25128.762000
25162.087000
25195.417000
25228.741000
25262.071000
25295.396000
25328.725000
25362.050000
25395.380000
25428.705000
25462.034000
25495.359000
25528.689000
25562.014000
25595.343000
25695.324000
25728.652000
25761.978000
25795.307000
25828.632000
25861.962000
25895.287000
25928.614000
25961.941000
25995.268000
26028.596000
26061.923000
26095.250000
26128.577000
26161.905000
26195.232000
26228.560000
26261.886000
26295.214000
26328.541000
26428.524000
26461.850000
26495.178000
26528.505000
26561.832000
26595.159000
26628.486000
26661.814000
26695.141000
26728.468000
26761.796000
26795.123000
26828.450000
26861.777000
26895.105000
26928.432000
26961.760000
26995.087000
27028.414000
27061.741000
27161.723000
27195.050000
27228.377000
27261.705000
27295.032000
27328.359000
27361.687000
27395.014000
27428.341000
27461.668000
27494.995000
27528.323000
27561.650000
27594.977000
27628.306000
27661.632000
27694.961000
27728.286000
27761.616000
27794.941000
27894.925000
27928.250000
27961.579000
27994.905000
28028.234000
28061.559000
28094.888000
28128.214000
28161.542000
28194.869000
28228.196000
28261.523000
28294.851000
28328.177000
28361.507000
28394.832000
28428.159000
28461.486000
28494.813000
28528.141000
28628.123000
28661.450000
28694.777000
28728.104000
28761.432000
28794.759000
28828.086000
28861.413000
28894.741000
28928.068000
28961.395000
28994.722000
29028.050000
29061.377000
29094.704000
29128.032000
29161.359000
29194.686000
29228.013000
29261.341000
29361.323000
29394.650000
29427.977000
29461.305000
29494.631000
29527.960000
29561.286000
29594.614000
29627.941000
29661.269000
29694.596000
29727.923000
29761.250000
29794.579000
29827.904000
29861.233000
29894.559000
29927.888000
29961.213000
29994.542000
30061.197000
30094.523000
30127.852000
30161.177000
30194.507000
30227.831000
30261.161000
30294.486000
30327.815000
30361.140000
30394.470000
30427.795000
30461.124000
30494.450000
30527.780000
30561.104000
30594.434000
30627.759000
30661.088000
30694.413000
30761.068000
30794.398000
30827.722000
30861.051000
30894.377000
30927.704000
30961.031000
30994.359000
31027.686000
31061.013000
31094.341000
31127.668000
31160.995000
31194.323000
31227.649000
31260.977000
31294.304000
31327.631000
31360.959000
31394.286000
31460.940000
31494.268000
31527.595000
31560.923000
31594.250000
31627.577000
31660.904000
31694.231000
31727.558000
31760.886000
31794.213000
31827.540000
31860.868000
31894.195000
31927.522000
31960.850000
31994.177000
32027.505000
32060.831000
32094.159000
32160.814000
32194.141000
32227.468000
32260.795000
32294.123000
32327.449000
32360.778000
32394.104000
32427.433000
32460.759000
32494.087000
32527.413000
32560.742000
32594.068000
32627.397000
32660.722000
32694.052000
32727.377000
32760.706000
32794.031000
32860.686000
32894.015000
32927.340000
32960.670000
32993.995000
33027.324000
33060.649000
33093.978000
33127.304000
33160.633000
33193.959000
33227.288000
33260.613000
33293.941000
33327.267000
33360.597000
33393.922000
33427.250000
33460.576000
33493.904000
33560.558000
33593.886000
33627.213000
33660.540000
33693.867000
33727.195000
33760.522000
33793.849000
33827.177000
33860.504000
33893.831000
33927.158000
33960.486000
33993.813000
34027.140000
34060.467000
34093.795000
34127.122000
34160.449000
34193.777000
34260.431000
34293.758000
34327.086000
34360.413000
34393.741000
34427.068000
34460.395000
34493.722000
34527.050000
34560.377000
34593.705000
34627.031000
34660.359000
34693.686000
34727.013000
34760.340000
34793.668000
34826.994000
34860.324000
34893.649000
34960.304000
34993.633000
35026.958000
35060.287000
35093.613000
35126.942000
35160.267000
35193.597000
35226.922000
35260.251000
35293.576000
35326.906000
35360.231000
35393.560000
35426.885000
35460.215000
35493.540000
35526.869000
35560.194000
35593.524000
35660.178000
35693.504000
35726.833000
35760.158000
35793.487000
35826.812000
35860.141000
35893.467000
35926.794000
35960.122000
35993.451000
36026.776000
36060.103000
36093.431000
36126.758000
36160.085000
36193.413000
36226.740000
36260.067000
36293.394000
36360.049000
36393.376000
36426.703000
36460.031000
36493.358000
36526.685000
36560.013000
36593.340000
36626.667000
36659.994000
36693.322000
36726.649000
36759.976000
36793.304000
36826.631000
36859.958000
36893.285000
36926.612000
36959.940000
36993.267000
37093.249000
37126.576000
37159.904000
37193.231000
37226.559000
37259.885000
37293.213000
37326.540000
37359.868000
37393.194000
37426.523000
37459.849000
37493.178000
37526.503000
37559.832000
37593.158000
37626.487000
37659.812000
37693.142000
37726.467000
37826.451000
37859.776000
37893.105000
37926.430000
37959.760000
37993.085000
38026.415000
38059.740000
38093.069000
38126.394000
38159.724000
38193.049000
38226.378000
38259.703000
38293.032000
38326.358000
38359.687000
38393.013000
38426.340000
38459.667000
38592.976000
38626.303000
38659.630000
38692.958000
38726.285000
38759.612000
38792.940000
38826.267000
38859.594000
38892.921000
38926.249000
38959.576000
38992.903000
39026.231000
39059.557000
39092.885000
39126.212000
39159.540000
39192.867000
39226.194000
39292.848000
39326.177000
39359.503000
39392.831000
39426.158000
39459.485000
39492.812000
39526.140000
39559.466000
39592.795000
39626.121000
39659.449000
39692.776000
39726.104000
39759.430000
39792.759000
39826.085000
39859.413000
39892.739000
39926.069000
40059.377000
40092.703000
40126.032000
40159.357000
40192.688000
40226.012000
40259.341000
40292.667000
40325.996000
40359.321000
40392.651000
40425.976000
40459.305000
40492.630000
40525.960000
40559.285000
40592.614000
40625.939000
40659.268000
40692.594000
40825.903000
40859.232000
40892.557000
40925.886000
40959.212000
40992.541000
41025.867000
41059.194000
41092.521000
41125.848000
41159.176000
41192.507000
41225.830000
41259.157000
41292.485000
41325.812000
41359.140000
41392.466000
41425.794000
41459.121000
41525.776000
41559.103000
41592.430000
41625.758000
41659.084000
41692.412000
41725.739000
41759.066000
41792.394000
41825.721000
41859.049000
41892.376000
41925.703000
41959.031000
41992.357000
42025.686000
42059.012000
42092.340000
42125.669000
42158.995000
42225.649000
42258.975000
42292.304000
42325.630000
42358.960000
42392.284000
42425.613000
42458.939000
42492.268000
42525.594000
42558.923000
42592.248000
42625.577000
42658.902000
42692.232000
42725.557000
42758.887000
42792.212000
42825.541000
42858.867000
42925.520000
42958.851000
42992.176000
43025.505000
43058.830000
43092.159000
43125.484000
43158.814000
43192.139000
43225.468000
43258.793000
43292.123000
43325.448000
43358.777000
43392.103000
43425.431000
43458.757000
43492.084000
43525.412000
43558.739000
43625.393000
43658.721000
43692.048000
43725.375000
43758.702000
43792.030000
43825.357000
43858.684000
43892.019000
43925.339000
43958.666000
43992.000000
44025.320000
44058.648000
44091.975000
44125.302000
44158.629000
44191.957000
44225.284000
44258.611000
44325.266000
44358.594000
44391.921000
44425.248000
44458.575000
44491.902000
44525.230000
44558.557000
44591.885000
44625.211000
44658.539000
44691.866000
44725.194000
44758.521000
44791.849000
44825.175000
44858.503000
44891.830000
44925.158000
44958.484000
45025.139000
45058.470000
45091.793000
45125.122000
45158.448000
45191.778000
45225.102000
45258.432000
45291.757000
45325.086000
45358.411000
45391.741000
45425.066000
45458.395000
45491.720000
45525.050000
45558.375000
45591.704000
45625.029000
45658.358000
45725.013000
45758.339000
45791.668000
45824.993000
45858.322000
45891.648000
45924.977000
45958.302000
45991.630000
46024.957000
46058.284000
46091.611000
46124.938000
46158.266000
46191.596000
46224.920000
46258.247000
46291.575000
46324.902000
46358.229000
46424.884000
46458.211000
46491.538000
46524.866000
46558.193000
46591.520000
46624.847000
46658.175000
46691.502000
46724.829000
46758.156000
46791.484000
46824.811000
46858.138000
46891.466000
46924.793000
46958.120000
46991.447000
47024.775000
47058.102000
47124.756000
47158.085000
47191.411000
47224.739000
47258.065000
47291.394000
47324.720000
47358.048000
47391.375000
47424.703000
47458.029000
47491.358000
47524.684000
47558.012000
47591.338000
47624.667000
47657.993000
47691.322000
47724.647000
47757.977000
47824.631000
47857.957000
47891.286000
47924.611000
47957.940000
47991.265000
48024.595000
48057.920000
48091.249000
48124.574000
48157.904000
48191.230000
48224.558000
48257.883000
48291.213000
48324.538000
48357.866000
48391.193000
48424.520000
48457.847000
48524.502000
48557.831000
48591.156000
48624.483000
48657.811000
48691.138000
48724.465000
48757.792000
48791.120000
48824.447000
48857.774000
48891.101000
48924.429000
48957.756000
48991.083000
49024.411000
49057.738000
49091.065000
49124.392000
49157.720000
49224.374000
49257.701000
49291.029000
49324.356000
49357.683000
49391.011000
49424.338000
49457.665000
49490.992000
49524.320000
49557.647000
49590.975000
49624.301000
49657.629000
49690.956000
49724.284000
49757.610000
49790.939000
49824.265000
49857.593000
50790.759000
50824.083000
50857.412000
50890.738000
50924.065000
50957.392000
50990.722000
51024.047000
51057.374000
51090.701000
51124.028000
51157.356000
51190.687000
51224.010000
51257.338000
51290.665000
51323.992000
51357.319000
51390.647000
51423.974000
51490.628000
51523.956000
51557.283000
51590.610000
51623.937000
51657.265000
51690.592000
51723.919000
51757.247000
51790.574000
51823.901000
51857.228000
51890.556000
51923.883000
51957.210000
51990.538000
52023.865000
52057.192000
52090.520000
52123.846000
52190.502000
52223.829000
52257.156000
52290.484000
52323.810000
52357.138000
52390.465000
52423.794000
52457.119000
52490.449000
52523.774000
52557.103000
52590.430000
52623.758000
52657.083000
52690.412000
52723.737000
52757.067000
52790.392000
52823.721000
52890.376000
52923.701000
52957.030000
52990.356000
53023.685000
53057.010000
53090.339000
53123.665000
53156.994000
53190.320000
53223.648000
53256.973000
53290.302000
53323.628000
53356.957000
53390.283000
53423.612000
53456.937000
53490.267000
53523.592000
53590.247000
53623.576000
53656.901000
53690.231000
53723.555000
53756.882000
53790.210000
53823.537000
53856.864000
53890.192000
53923.519000
53956.846000
53990.174000
54023.501000
54056.828000
54090.155000
54123.482000
54156.810000
54190.138000
54223.464000
54290.119000
54323.446000
54356.774000
54390.101000
54423.428000
54456.756000
54490.083000
54523.411000
54556.737000
54590.066000
54623.391000
54656.720000
54690.046000
54723.374000
54756.701000
54790.029000
54823.355000
54856.684000
54890.010000
54923.338000
55023.319000
55056.648000
55089.973000
55123.302000
55156.628000
55189.958000
55223.282000
55256.612000
55289.937000
55323.266000
55356.592000
55389.921000
55423.246000
55456.575000
55489.900000
55523.231000
55556.555000
55589.885000
55623.209000
55656.539000
55723.193000
55756.519000
55789.848000
55823.173000
55856.502000
55889.828000
55923.155000
55956.482000
55989.809000
56023.137000
56056.464000
56089.791000
56123.119000
56156.446000
56189.773000
56223.100000
56256.428000
56289.755000
56323.082000
56356.410000
56423.064000
56456.391000
56489.718000
56523.046000
56556.373000
56589.700000
56623.027000
56656.355000
56689.682000
56723.009000
56756.337000
56789.664000
56822.991000
56856.319000
56889.646000
56922.973000
56956.301000
56989.628000
57022.955000
57056.282000
57122.936000
57156.266000
57189.592000
57222.920000
57256.246000
57289.574000
57322.900000
57356.229000
57389.555000
57422.884000
57456.209000
57489.538000
57522.864000
57556.193000
57589.519000
57622.848000
57656.173000
57689.503000
57722.827000
57756.157000
57822.812000
57856.137000
57889.466000
57922.791000
57956.121000
57989.446000
58022.775000
58056.100000
58089.430000
58122.755000
58156.084000
58189.410000
58222.738000
58256.064000
58289.393000
58322.718000
58356.048000
58389.373000
58422.702000
58456.027000
58522.682000
58556.009000
58589.337000
58622.664000
58655.991000
58689.318000
58722.646000
58755.973000
58789.300000
58822.627000
58855.955000
58889.282000
58922.610000
58955.936000
58989.264000
59022.591000
59055.918000
59089.245000
59122.573000
59155.900000
59255.882000
59289.209000
59322.537000
59355.864000
59389.191000
59422.518000
59455.846000
59489.173000
59522.501000
59555.827000
59589.156000
59622.482000
59655.811000
59689.136000
59722.465000
59755.791000
59789.119000
59822.445000
59855.773000
59889.100000
59989.082000
60022.409000
60055.736000
60089.063000
60122.391000
60155.718000
60189.045000
60222.373000
60255.700000
60289.027000
60322.360000
60355.682000
60389.013000
60422.336000
60455.665000
