39.981000
79.962000
119.943000
159.925000
199.908000
239.889000
279.869000
319.851000
359.832000
399.813000
439.795000
479.778000
519.758000
559.738000
599.720000
639.701000
679.683000
719.665000
759.647000
799.627000
839.608000
879.589000
919.571000
959.552000
999.535000
1039.516000
1079.496000
1119.477000
1159.459000
1199.440000
1239.424000
1279.405000
1319.385000
1359.366000
1399.347000
1439.328000
1479.309000
1519.293000
1599.254000
1679.216000
1759.179000
1839.144000
1959.086000
2039.049000
2119.012000
2198.974000
2278.937000
2358.902000
2438.863000
2518.825000
2598.790000
2678.750000
2758.713000
2878.659000
2958.620000
3038.583000
3118.547000
3198.508000
3278.471000
3358.433000
3438.396000
3518.358000
3598.321000
3678.286000
3798.228000
3878.191000
3958.156000
4038.117000
4118.079000
4198.043000
4278.004000
4357.967000
4437.930000
4517.893000
4597.855000
4717.801000
4797.762000
4877.724000
4957.687000
5037.651000
5117.612000
5197.575000
5317.520000
5397.482000
5477.445000
5557.410000
5637.371000
5717.333000
5797.298000
5877.258000
5957.221000
6037.186000
6117.147000
6237.091000
6317.055000
6397.016000
6476.979000
6556.941000
6636.906000
6716.867000
6796.829000
6876.794000
6956.755000
7036.718000
7116.682000
7236.624000
7316.587000
7396.552000
7476.513000
7556.475000
7636.440000
7716.401000
7796.363000
7876.326000
7996.270000
8076.233000
8156.195000
8236.159000
8316.120000
8396.083000
8516.028000
8595.990000
8675.953000
8755.917000
8875.866000
8955.822000
9035.786000
9115.747000
9195.710000
9315.655000
9395.617000
9475.579000
9595.524000
9675.486000
9755.449000
9835.413000
9955.356000
10035.321000
10155.262000
10235.225000
10315.190000
10395.151000
10475.113000
10595.060000
10675.020000
10754.983000
10834.945000
10914.909000
10994.871000
11074.833000
11154.798000
11274.740000
11354.703000
11434.667000
11514.628000
11594.591000
11674.556000
11754.516000
11834.479000
11914.443000
11994.405000
12074.367000
12154.330000
12274.274000
12354.236000
12434.202000
12514.163000
12594.124000
12674.087000
12754.052000
12834.013000
12913.975000
13033.921000
13113.882000
13193.845000
13273.810000
13353.771000
13433.733000
13513.697000
13593.658000
13673.620000
13753.583000
13873.528000
13953.490000
14033.453000
14113.417000
14193.379000
14273.341000
14353.306000
14433.267000
14513.229000
14593.194000
14713.135000
14793.098000
14873.063000
14953.024000
15032.987000
15152.932000
15192.912000
15312.856000
15392.820000
15472.782000
15552.744000
15632.707000
15712.670000
15792.632000
15872.594000
15992.539000
16072.501000
16152.464000
16232.427000
16312.389000
16392.352000
16472.317000
16552.277000
16632.240000
16712.203000
16832.147000
16912.109000
16992.073000
17072.035000
17151.998000
17231.991000
17311.924000
17391.885000
17471.848000
17551.813000
17631.774000
17711.736000
17791.699000
17911.643000
17991.606000
18071.571000
18151.531000
18231.494000
18311.456000
18391.420000
18471.382000
18551.344000
18631.310000
18711.270000
18831.214000
18911.178000
18991.140000
19071.102000
19151.064000
19231.028000
19310.990000
19390.953000
19470.916000
19550.878000
19670.823000
19750.785000
19830.747000
19910.710000
19990.674000
20070.635000
20150.598000
20230.563000
20310.523000
20430.467000
20510.432000
20590.393000
20670.356000
20750.319000
20830.281000
20910.243000
20990.206000
21110.150000
21190.113000
21270.077000
21350.039000
21469.982000
21549.947000
21629.908000
21709.870000
21789.833000
21909.777000
21989.740000
22069.702000
22149.666000
22269.609000
22349.573000
22429.534000
22509.497000
22629.443000
22709.404000
22789.366000
22869.329000
22949.292000
23069.236000
23149.200000
23229.162000
23309.123000
23429.069000
23509.031000
23588.993000
23668.956000
23748.919000
23868.862000
23948.825000
24028.789000
24108.750000
24188.713000
24268.678000
24348.639000
24428.602000
24508.566000
24628.508000
24708.471000
24788.435000
24868.396000
24948.359000
25028.323000
25108.284000
25228.228000
25308.192000
25388.153000
25468.117000
25548.079000
25628.043000
25708.004000
25787.966000
25867.932000
25947.892000
26067.836000
26147.801000
26227.762000
26307.724000
26387.689000
26467.649000
26547.612000
26627.577000
26707.537000
26827.481000
26907.444000
26987.407000
27067.369000
27147.332000
27227.297000
27307.257000
27387.220000
27467.185000
27547.145000
27627.108000
27747.054000
27827.015000
27906.977000
27986.942000
28066.903000
28146.865000
28226.828000
28306.792000
28386.753000
28466.716000
28586.661000
28666.622000
28746.585000
28826.550000
28906.511000
28986.474000
29066.437000
29146.398000
29226.361000
29306.324000
29386.287000
29506.231000
29586.193000
29666.157000
29746.120000
29826.082000
29906.046000
29986.006000
30065.969000
30185.915000
30265.876000
30345.839000
30425.804000
30505.764000
30585.727000
30665.692000
30745.652000
30825.615000
30945.561000
31025.522000
31105.484000
31185.447000
31265.411000
31345.372000
31425.335000
31505.299000
31585.260000
31665.223000
31745.185000
31865.130000
31945.092000
32025.057000
32105.017000
32184.980000
32264.943000
32344.906000
32424.868000
32504.831000
32624.775000
32704.737000
32784.700000
32864.664000
32944.626000
33024.588000
33104.553000
33184.513000
33264.476000
33344.439000
33424.402000
33504.364000
33584.326000
33704.271000
33784.233000
33864.196000
33944.160000
34024.122000
34144.065000
34224.029000
34303.990000
34383.953000
34463.916000
34583.860000
34663.823000
34743.787000
34823.748000
34943.692000
35023.658000
35143.599000
35223.564000
35303.525000
35383.487000
35463.449000
35583.394000
35663.356000
35743.319000
35823.283000
35943.226000
36023.188000
36103.153000
36183.113000
36263.076000
36383.020000
36462.983000
36542.946000
36622.911000
36702.870000
36782.833000
36862.798000
36942.758000
37022.722000
37102.684000
37182.647000
37302.591000
37382.555000
37462.516000
37542.479000
37622.441000
37702.406000
37782.366000
37862.329000
37942.294000
38022.255000
38102.217000
38182.180000
38302.124000
38382.086000
38462.051000
38542.012000
38621.975000
38701.937000
38781.901000
38861.862000
38941.825000
39021.790000
39101.750000
39181.713000
39261.675000
39381.620000
39461.582000
39541.547000
39621.508000
39701.471000
39781.435000
39861.396000
39941.358000
40021.322000
40141.266000
40221.228000
40301.191000
40381.155000
40461.116000
40541.078000
40621.044000
40701.004000
40780.966000
40860.929000
40940.892000
41020.855000
41140.798000
41220.763000
41300.724000
41380.686000
41460.652000
41540.611000
41620.574000
41700.539000
41780.499000
41860.462000
41940.425000
42060.369000
42140.332000
42220.296000
42300.258000
42380.219000
42460.182000
42540.146000
42620.108000
42700.070000
42780.035000
42859.995000
42979.940000
43059.904000
43139.865000
43219.828000
43299.794000
43379.753000
43459.715000
43539.678000
43619.643000
43699.603000
43779.566000
43899.511000
43979.473000
44059.435000
44139.400000
44219.361000
44299.324000
44379.287000
44459.249000
44539.211000
44619.174000
44699.138000
44779.099000
44899.043000
44979.007000
45058.969000
45138.931000
45218.896000
45298.856000
45378.819000
45458.783000
45538.744000
45658.689000
45738.653000
45818.614000
45898.577000
45978.541000
46058.503000
46138.464000
46218.427000
46298.392000
46378.352000
46458.315000
46578.260000
46658.222000
46738.185000
46818.150000
46938.091000
47018.054000
47098.018000
47177.979000
47297.923000
47377.887000
47457.848000
47537.811000
47617.776000
47737.718000
47817.681000
47897.645000
47977.606000
48097.550000
48177.515000
48257.475000
48337.438000
48457.383000
48537.344000
48617.307000
48697.271000
48777.233000
48897.176000
48977.141000
49057.101000
49137.064000
49217.028000
49296.990000
49416.933000
49496.897000
49576.859000
49656.821000
49736.784000
49816.749000
49896.709000
49976.672000
50056.637000
50176.578000
50256.541000
50336.506000
50416.467000
50496.429000
50576.394000
50656.354000
50736.317000
50816.280000
50896.244000
51016.186000
51096.149000
51176.112000
51256.074000
51336.037000
51416.002000
51495.962000
51575.925000
51655.889000
51735.850000
51815.813000
51895.775000
51975.739000
52095.682000
52175.645000
52255.609000
52335.571000
52415.533000
52495.496000
52575.458000
52655.421000
52735.385000
52815.347000
52895.309000
52975.271000
53055.235000
53135.197000
53255.141000
53335.104000
53415.066000
53495.029000
53574.994000
53654.954000
53734.917000
53814.881000
53894.842000
53974.804000
54054.767000
54134.731000
54254.674000
54334.638000
54414.600000
54494.562000
54574.524000
54654.490000
54734.450000
54814.413000
54894.377000
54974.338000
55054.301000
55174.247000
55254.207000
55334.170000
55414.134000
55494.095000
55574.057000
55654.020000
55733.985000
55813.946000
55933.890000
56013.854000
56093.815000
56173.778000
56253.743000
56333.703000
56413.666000
56493.628000
56573.591000
56653.553000
56733.516000
56813.481000
56933.423000
57013.386000
57093.350000
57173.311000
57253.274000
57333.236000
57413.199000
57493.161000
57573.126000
57653.087000
57733.049000
57852.995000
57932.956000
58012.919000
58092.881000
58172.845000
58252.807000
58372.753000
58452.716000
58532.676000
58612.639000
58732.583000
58812.545000
58892.512000
58972.472000
59052.433000
59132.395000
59212.361000
59332.302000
59412.265000
59492.230000
59612.172000
59692.134000
59812.079000
59892.041000
59972.003000
60051.966000
60171.910000
