33.327000
66.654000
99.982000
133.309000
166.636000
199.964000
233.291000
266.618000
299.945000
333.272000
366.600000
399.927000
433.254000
466.582000
499.909000
533.236000
566.563000
599.890000
633.217000
666.544000
699.872000
733.199000
766.526000
799.853000
833.181000
866.509000
899.835000
933.163000
966.490000
999.818000
1033.144000
1066.472000
1099.799000
1133.127000
1166.453000
1199.782000
1233.108000
1266.436000
1299.762000
1333.091000
1366.417000
1399.745000
1433.071000
1466.400000
1499.725000
1533.055000
1566.380000
1599.709000
1633.034000
1666.364000
1699.689000
1733.019000
1766.343000
1799.673000
1832.998000
1866.327000
1899.652000
1932.982000
1966.307000
1999.635000
2032.961000
2066.291000
2099.616000
2132.944000
2166.270000
2199.597000
2232.925000
2266.252000
2299.579000
2332.906000
2366.233000
2399.561000
2432.888000
2466.215000
2499.542000
2532.870000
2566.197000
2599.524000
2632.851000
2666.179000
2699.507000
2732.833000
2766.160000
2799.488000
2832.815000
2866.142000
2899.470000
2932.796000
2966.124000
2999.451000
3032.780000
3066.105000
3099.434000
3132.760000
3166.088000
3199.414000
3232.743000
3266.069000
3299.398000
3332.723000
3366.053000
3399.378000
3432.707000
3466.032000
3499.361000
3532.687000
3566.016000
3599.341000
3632.670000
3665.995000
3699.326000
3732.650000
3765.979000
3799.304000
3832.634000
3865.959000
3899.286000
3932.614000
3965.940000
3999.268000
4032.595000
4065.922000
4099.249000
4132.577000
4165.904000
4199.232000
4232.558000
4265.886000
4299.213000
4332.540000
4365.867000
4399.194000
4432.522000
4465.849000
4499.176000
4532.504000
4565.831000
4599.158000
4632.485000
4665.813000
4699.140000
4732.468000
4765.794000
4799.123000
4832.448000
4865.778000
4899.103000
4932.432000
4965.758000
4999.086000
5032.412000
5065.741000
5099.066000
5132.396000
5165.721000
5199.051000
5232.375000
5265.705000
5299.030000
5332.359000
5365.685000
5399.013000
5432.339000
5465.668000
5498.993000
5532.322000
5565.648000
5598.977000
5632.302000
5665.629000
5698.957000
5732.284000
5765.611000
5798.938000
5832.265000
5865.593000
5898.920000
5932.247000
5965.574000
5998.902000
6032.229000
6065.556000
6098.883000
6132.211000
6165.538000
6198.865000
6232.192000
6265.519000
6298.847000
6332.174000
6365.502000
6398.828000
6432.156000
6465.483000
6498.811000
6532.138000
6565.466000
6598.792000
6632.120000
6665.446000
6698.776000
6732.101000
6765.430000
6798.755000
6832.084000
6865.410000
6898.739000
6932.064000
6965.393000
6998.718000
7032.049000
7065.373000
7098.702000
7132.027000
7165.356000
7198.682000
7232.011000
7265.336000
7298.664000
7331.991000
7365.320000
7398.645000
7431.975000
7465.300000
7498.627000
7531.955000
7565.281000
7598.609000
7631.936000
7665.263000
7698.590000
7731.917000
7765.245000
7798.572000
7831.899000
7865.227000
7898.554000
7931.881000
7965.208000
7998.535000
8031.863000
8065.191000
8098.517000
8131.845000
8165.171000
8198.501000
8231.826000
8265.154000
8298.480000
8331.809000
8365.136000
8398.463000
8431.789000
8465.118000
8498.444000
8531.773000
8565.098000
8598.427000
8631.752000
8665.082000
8698.407000
8731.737000
8765.061000
8798.391000
8831.716000
8865.046000
8898.370000
8931.700000
8965.025000
8998.352000
9031.680000
9065.006000
9098.334000
9131.661000
9164.988000
9198.315000
9231.643000
9264.970000
9298.297000
9331.624000
9364.952000
9398.278000
9431.606000
9464.933000
9498.260000
9531.588000
9564.915000
9598.242000
9631.569000
9664.896000
9698.224000
9731.551000
9764.879000
9798.205000
9831.533000
9864.860000
9898.188000
9931.514000
9964.842000
9998.169000
10031.498000
10064.823000
10098.152000
10131.478000
10164.807000
10198.132000
10231.461000
10264.787000
10298.116000
10331.441000
10364.771000
10398.095000
10431.425000
10464.750000
10498.079000
10531.405000
10564.734000
10598.059000
10631.388000
10664.713000
10698.043000
10731.368000
10764.697000
10798.022000
10831.349000
10864.677000
10898.004000
10931.331000
10964.658000
10997.986000
11031.313000
11064.640000
11097.967000
11131.294000
11164.622000
11197.950000
11231.276000
11264.603000
11297.930000
11331.258000
11364.586000
11397.912000
11431.239000
11464.567000
11497.894000
11531.223000
11564.548000
11597.876000
11631.203000
11664.531000
11697.857000
11731.186000
11764.512000
11797.840000
11831.166000
11864.495000
11897.821000
11931.150000
11964.475000
11997.804000
12031.130000
12064.459000
12097.784000
12131.114000
12164.438000
12197.768000
12231.093000
12264.422000
12297.747000
12331.077000
12364.402000
12397.731000
12431.056000
12464.384000
12497.710000
12531.040000
12564.365000
12597.692000
12631.019000
12664.347000
12697.674000
12731.001000
12764.329000
12797.655000
12830.983000
12864.310000
12897.637000
12930.964000
12964.292000
12997.619000
13030.947000
13064.273000
13097.601000
13130.928000
13164.255000
13197.583000
13230.910000
13264.237000
13297.565000
13330.891000
13364.221000
13397.546000
13430.874000
13464.200000
13497.529000
13530.855000
13564.183000
13597.509000
13630.839000
13664.163000
13697.494000
13730.818000
13764.147000
13797.472000
13830.802000
13864.127000
13897.456000
13930.781000
13964.110000
13997.436000
14030.765000
14064.090000
14097.419000
14130.745000
14164.072000
14197.400000
14230.726000
14264.053000
14297.381000
14330.708000
14364.036000
14397.362000
14430.690000
14464.017000
14497.344000
14530.672000
14563.998000
14597.326000
14630.653000
14663.980000
14697.307000
14730.635000
14763.962000
14797.290000
14830.616000
14863.945000
14897.271000
14930.599000
14963.925000
14997.253000
15030.581000
15063.909000
15097.234000
15130.563000
15163.888000
15197.219000
15230.543000
15263.872000
15297.197000
15330.528000
15363.853000
15397.182000
15430.506000
15463.836000
15830.433000
15863.763000
15897.087000
15930.415000
15963.742000
15997.069000
16030.397000
16063.724000
16363.668000
16396.996000
16430.323000
16463.650000
16496.977000
16530.305000
16563.632000
16596.959000
16630.286000
16663.614000
16696.941000
16730.268000
16763.595000
16796.922000
16830.250000
16863.577000
16896.904000
16930.231000
16963.560000
16996.885000
17030.215000
17063.540000
17096.870000
17130.194000
17163.524000
17196.850000
17230.178000
17263.503000
17296.832000
17330.158000
17363.488000
17396.812000
17430.141000
17463.467000
17496.794000
17530.122000
17563.448000
17596.776000
17630.103000
17663.430000
17696.758000
17730.085000
17763.412000
17796.739000
17830.066000
17863.394000
17896.721000
17930.049000
17963.375000
17996.702000
18030.030000
18063.357000
18096.684000
18130.012000
18163.338000
18196.667000
18229.993000
18263.321000
18296.647000
18329.976000
18363.302000
18396.630000
18429.956000
18463.285000
18496.611000
18529.941000
18563.265000
18596.594000
18629.920000
18663.249000
18696.574000
18729.903000
18763.229000
18796.558000
18829.883000
18863.213000
18896.537000
18929.867000
18963.192000
18996.521000
19029.847000
19063.175000
19096.501000
19129.829000
19163.155000
19196.484000
19229.809000
19263.137000
19296.464000
19329.791000
19363.119000
19396.446000
19429.773000
19463.100000
19496.427000
19529.755000
19563.082000
19596.409000
19629.736000
19663.063000
19696.391000
19729.718000
19763.045000
19796.372000
19829.700000
19863.027000
19896.355000
19929.681000
19963.009000
19996.336000
20029.665000
20062.990000
20096.319000
20129.645000
20162.973000
20196.300000
20229.628000
20262.953000
20296.283000
20329.608000
20362.937000
20396.262000
20429.592000
20462.917000
20496.246000
20529.572000
20562.900000
20596.226000
20629.555000
20662.880000
20696.209000
20729.535000
20762.863000
20796.189000
20829.518000
20862.844000
20896.171000
20929.498000
20962.825000
20996.152000
21029.480000
21062.807000
21096.134000
21129.461000
21162.788000
21196.116000
21229.443000
21262.770000
21296.097000
21329.425000
21362.752000
21396.079000
21429.406000
21462.734000
21496.061000
21529.389000
21562.715000
21596.043000
21629.369000
21662.698000
21696.024000
21729.353000
21762.678000
21796.007000
21829.333000
21862.662000
21895.987000
21929.317000
21962.642000
21995.971000
22029.296000
22062.626000
22095.950000
22129.280000
22162.605000
22195.935000
22229.260000
22262.588000
22295.914000
22329.243000
22362.569000
22395.897000
22429.223000
22462.552000
22495.877000
22529.207000
22562.532000
22595.859000
22629.186000
22662.513000
22695.841000
22729.168000
22762.495000
22795.822000
22829.149000
22862.477000
22895.804000
22929.131000
22962.458000
22995.785000
23029.113000
23062.440000
23095.768000
23129.095000
23162.422000
23195.750000
23229.077000
23262.403000
23295.732000
23329.058000
23362.387000
23395.712000
23429.041000
23462.367000
23495.696000
23529.022000
23562.350000
23595.675000
23629.005000
23662.330000
23695.660000
23728.985000
23762.314000
23795.639000
23828.968000
23862.293000
23895.623000
23928.948000
23962.276000
23995.602000
24028.932000
24062.257000
24095.584000
24128.911000
24162.238000
24195.566000
24228.892000
24262.220000
24295.547000
24328.874000
24362.202000
24395.529000
24428.856000
24462.183000
24495.510000
24528.838000
24562.165000
24595.492000
24628.819000
24662.146000
24695.474000
24728.802000
24762.128000
24795.456000
24828.782000
24862.112000
24895.437000
24928.766000
24962.092000
24995.420000
25028.746000
25062.075000
25095.400000
25128.730000
25162.055000
25195.384000
25228.709000
25262.039000
25295.364000
25328.694000
25362.018000
25395.347000
25428.672000
25462.002000
25495.327000
25528.657000
25561.981000
25595.310000
25628.636000
25661.964000
25695.291000
25728.618000
25761.945000
25795.272000
25828.599000
25861.927000
25895.254000
25928.581000
25961.908000
25995.235000
26028.564000
26061.890000
26095.217000
26128.544000
26161.871000
26195.199000
26228.526000
26261.853000
26295.180000
26328.507000
26361.836000
26395.162000
26428.490000
26461.816000
26495.144000
26528.471000
26561.799000
26595.125000
26628.454000
26661.780000
26695.110000
26728.434000
26761.763000
26795.088000
26828.418000
26861.743000
26895.072000
26928.398000
26961.727000
26995.052000
27028.381000
27061.706000
27095.035000
27128.361000
27161.690000
27195.016000
27228.344000
27261.669000
27294.999000
27328.324000
27361.654000
27394.979000
27428.306000
27461.633000
27494.960000
27528.288000
27561.614000
27594.942000
27628.269000
27661.596000
27694.924000
27728.251000
27761.578000
27794.905000
27828.233000
27861.559000
27894.887000
27928.214000
27961.541000
27994.869000
28028.196000
28061.523000
28094.850000
28128.178000
28161.504000
28194.834000
28228.159000
28261.488000
28294.813000
28328.142000
28361.468000
28394.797000
28428.122000
28461.452000
28494.777000
28528.107000
28561.431000
28594.761000
28628.085000
28661.415000
28694.741000
28728.069000
28761.394000
28794.723000
28828.049000
28861.378000
28894.703000
28928.031000
28961.358000
28994.685000
29028.013000
29061.339000
29094.667000
29127.994000
29161.321000
29194.648000
29227.975000
29261.303000
29294.630000
29327.957000
29361.284000
29394.611000
29427.939000
29461.266000
29494.594000
29527.921000
29561.248000
29594.575000
29627.903000
29661.229000
29694.558000
29727.884000
29761.212000
29794.538000
29827.866000
29861.193000
29894.521000
29927.847000
29961.176000
29994.501000
30027.831000
30061.156000
30094.485000
30127.810000
30161.140000
30194.465000
30227.794000
30261.119000
30294.448000
30327.774000
30361.104000
30394.428000
30427.757000
30461.083000
30494.410000
30527.738000
30561.066000
30594.392000
30627.719000
30661.046000
30694.376000
30727.701000
30761.027000
30794.355000
30827.682000
30861.010000
30894.336000
30927.664000
30960.991000
30994.318000
31027.646000
31060.973000
31094.300000
31127.628000
31160.954000
31194.282000
31227.609000
31260.937000
31294.263000
31327.592000
31360.917000
31394.246000
31427.572000
31460.900000
31494.226000
31527.557000
31560.881000
31594.210000
31627.535000
31660.865000
31694.190000
31727.519000
31760.844000
31794.174000
31827.498000
31860.828000
31894.153000
31927.482000
31960.807000
31994.136000
32027.462000
32060.791000
32094.116000
32127.444000
32160.771000
32194.100000
32227.425000
32260.752000
32294.079000
32327.407000
32360.734000
32394.061000
32427.388000
32460.716000
32494.043000
32527.371000
32560.697000
32594.024000
32627.352000
32660.679000
32694.007000
32727.333000
32760.661000
32793.988000
32827.315000
32860.642000
32893.969000
32927.296000
32960.624000
32993.951000
33027.279000
33060.605000
33093.933000
33127.260000
33160.587000
33193.914000
33227.242000
33260.569000
33293.896000
33327.223000
33360.553000
33393.877000
33427.207000
33460.533000
33493.862000
33527.187000
33560.515000
33593.841000
33627.169000
33660.495000
33693.824000
33727.150000
33760.477000
33793.804000
33827.132000
33860.459000
33893.786000
33927.113000
33960.440000
33993.768000
34027.095000
34060.422000
34093.749000
34127.076000
34160.404000
34193.732000
34227.058000
34260.385000
34293.712000
34327.040000
34360.367000
34393.694000
34427.021000
34460.349000
34493.676000
34527.005000
34560.330000
34593.659000
34626.985000
34660.313000
34693.640000
34726.969000
34760.294000
34793.622000
34826.948000
34860.277000
34893.602000
34926.931000
34960.257000
34993.586000
35026.911000
35060.240000
35093.566000
35126.895000
35160.220000
35193.550000
35226.875000
35260.204000
35293.529000
35326.859000
35360.184000
35393.511000
35426.838000
35460.165000
35493.492000
35526.820000
35560.147000
35593.474000
35626.801000
35660.128000
35693.456000
35726.783000
35760.110000
35793.437000
35826.765000
35860.092000
35893.419000
35926.746000
35960.074000
35993.400000
36026.729000
36060.055000
36093.383000
36126.710000
36160.038000
36193.364000
36226.692000
36260.018000
36293.347000
36326.673000
36360.002000
36393.327000
36426.656000
36459.982000
36493.311000
36526.636000
36559.966000
36593.290000
36626.620000
36659.945000
36693.274000
36726.599000
36759.929000
36793.254000
36826.583000
36859.909000
36893.236000
36926.563000
36959.891000
36993.217000
37026.544000
37059.871000
37093.199000
37126.526000
37159.853000
37193.180000
37226.508000
37259.835000
37293.162000
37326.489000
37359.817000
37393.144000
37426.471000
37459.798000
37493.125000
37526.454000
37559.780000
37593.107000
37626.434000
37659.762000
37693.089000
37726.417000
37759.743000
37793.072000
37826.397000
37859.727000
37893.052000
37926.381000
37959.706000
37993.036000
38026.361000
38059.690000
38093.015000
38126.344000
38159.670000
38192.999000
38226.324000
38259.654000
38292.978000
38326.308000
38359.634000
38392.962000
38426.287000
38459.615000
38492.942000
38526.271000
38559.596000
38592.923000
38626.251000
38659.578000
38692.906000
38726.232000
38759.560000
38792.887000
38826.214000
38859.541000
38892.868000
38926.196000
38959.523000
38992.850000
39026.177000
39059.504000
39092.832000
39126.159000
39159.487000
39192.814000
39226.141000
39259.468000
39292.796000
39326.122000
39359.451000
39392.776000
39426.105000
39459.431000
39492.760000
39526.094000
39559.414000
39592.740000
39626.069000
39659.394000
39692.724000
39726.050000
39759.378000
39792.703000
39826.032000
39859.358000
39892.687000
39926.012000
39959.341000
39992.667000
40025.996000
40059.321000
40092.650000
40125.975000
40159.302000
40192.630000
40225.957000
40259.284000
40292.611000
40325.939000
40359.266000
40392.593000
40425.920000
40459.247000
40492.575000
40525.903000
40559.229000
40592.556000
40625.884000
40659.211000
40692.539000
40725.866000
40759.192000
40792.520000
40825.847000
40859.175000
40892.501000
40925.830000
40959.156000
40992.484000
41025.810000
41059.139000
41092.465000
41125.794000
41159.119000
41192.448000
41225.773000
41259.103000
41292.428000
41325.757000
41359.082000
41392.412000
41425.737000
41459.066000
41492.391000
41525.722000
41559.045000
41592.373000
41625.700000
41659.029000
41692.355000
41725.684000
41759.009000
41792.336000
41825.663000
41858.990000
41892.318000
41925.645000
41958.972000
41992.299000
42025.627000
42058.954000
42092.281000
42125.608000
42158.935000
42192.263000
42225.590000
42258.917000
42292.244000
42325.572000
42358.899000
42392.226000
42425.554000
42458.880000
42492.209000
42525.535000
42558.864000
42592.189000
42625.518000
42658.844000
42692.173000
42725.498000
42758.827000
42792.152000
42825.482000
42858.807000
42892.137000
42925.462000
42958.791000
42992.116000
43025.446000
43058.770000
43092.099000
43125.425000
43158.754000
43192.079000
43225.408000
43258.734000
43292.061000
43325.388000
43358.715000
43392.042000
43425.370000
43458.697000
43492.024000
43525.352000
43558.679000
43592.006000
43625.333000
43658.660000
43691.987000
43725.315000
43758.642000
43791.969000
43825.296000
43858.625000
43891.950000
43925.278000
43958.605000
43991.933000
44025.260000
44058.588000
44091.914000
44125.243000
44158.568000
44191.898000
44225.223000
44258.552000
44291.877000
44325.206000
44358.532000
44391.861000
44425.186000
44458.515000
44491.841000
44525.171000
44558.495000
44591.824000
44625.149000
44658.478000
44691.804000
44725.134000
44758.458000
44791.786000
44825.113000
44858.442000
44891.767000
44925.094000
44958.422000
44991.749000
45025.076000
45058.403000
45091.730000
45125.058000
45158.385000
45191.713000
45225.039000
45258.367000
45291.694000
45325.021000
45358.349000
45391.675000
45425.003000
45458.330000
45491.657000
45524.985000
45558.312000
45591.639000
45624.967000
45658.293000
45691.622000
45724.948000
45758.276000
45791.602000
45824.931000
45858.257000
45891.585000
45924.911000
45958.240000
45991.565000
46024.895000
46058.220000
46091.549000
46124.874000
46158.204000
46191.529000
46224.858000
46258.189000
46291.512000
46324.837000
46358.167000
46391.492000
46424.821000
46458.146000
46491.475000
46524.802000
46558.128000
46591.456000
46624.782000
46658.110000
46691.440000
46724.765000
46758.091000
46791.418000
46824.746000
46858.073000
46891.400000
46924.728000
46958.054000
46991.382000
47024.710000
47058.037000
47091.363000
47124.692000
47158.018000
47191.347000
47224.672000
47258.001000
47291.327000
47324.656000
47357.981000
47391.310000
47424.636000
47457.965000
47491.290000
47524.621000
47557.944000
47591.274000
47624.599000
47657.928000
47691.253000
47724.583000
47757.908000
47791.237000
47824.562000
47857.892000
47891.217000
47924.546000
47957.871000
47991.200000
48024.526000
48057.852000
48091.180000
48124.507000
48157.835000
48191.162000
48224.489000
48257.816000
48291.143000
48324.470000
48357.798000
48391.125000
48424.452000
48457.779000
48491.107000
48524.434000
48557.761000
48591.089000
48624.416000
48657.742000
48691.070000
48724.397000
48757.725000
48791.051000
48824.380000
48857.706000
48891.034000
48924.360000
48957.689000
48991.015000
49024.345000
49057.669000
49090.998000
49124.324000
49157.651000
49190.978000
49224.305000
49257.632000
49290.960000
49324.287000
49357.614000
49390.941000
49424.269000
49457.596000
49490.923000
49524.251000
49557.577000
49590.904000
49624.232000
49657.559000
49690.887000
49724.213000
49757.540000
49790.868000
49824.195000
49857.522000
49890.849000
49924.176000
49957.504000
49990.831000
50024.158000
50057.486000
50090.813000
50124.140000
50157.467000
50190.795000
50224.122000
50257.449000
50290.776000
50324.104000
50357.431000
50390.758000
50424.085000
50457.414000
50490.739000
50524.069000
50557.394000
50590.722000
50624.048000
50657.377000
50690.703000
50724.032000
50757.357000
50790.686000
50824.011000
50857.341000
50890.666000
50923.996000
50957.320000
50990.649000
51023.975000
51057.303000
51090.629000
51123.958000
51157.283000
51190.612000
51223.938000
51257.265000
51290.592000
51323.920000
51357.247000
51390.574000
51423.901000
51457.228000
51490.556000
51523.883000
51557.210000
51590.537000
51623.864000
51657.192000
51690.520000
51723.846000
51757.174000
51790.500000
51823.828000
51857.155000
51890.483000
51923.809000
51957.137000
51990.464000
52023.792000
52057.118000
52090.447000
52123.773000
52157.102000
52190.427000
52223.756000
52257.081000
52290.411000
52323.736000
52357.066000
52390.391000
52423.720000
52457.045000
52490.374000
52523.700000
52557.029000
52590.358000
52623.682000
52657.008000
52690.337000
52723.663000
52756.990000
52790.317000
52823.644000
52856.972000
52890.299000
52923.626000
52956.953000
52990.280000
53023.608000
53056.935000
53090.262000
53123.589000
53156.916000
53190.244000
53223.571000
53256.898000
53290.225000
53323.553000
53356.880000
53390.208000
53423.534000
53456.862000
53490.189000
53523.518000
53556.843000
53590.172000
53623.497000
53656.826000
53690.153000
53723.481000
53756.807000
53790.136000
53823.461000
53856.790000
53890.115000
53923.444000
53956.769000
53990.099000
54023.424000
54056.753000
54090.078000
54123.408000
54156.733000
54190.062000
54223.387000
54256.715000
54290.042000
54323.370000
54356.696000
54390.023000
54423.351000
54456.678000
54490.005000
54523.336000
54556.659000
54589.986000
54623.314000
54656.641000
54689.968000
54723.295000
54756.623000
54789.950000
54823.277000
54856.604000
54889.932000
54923.259000
54956.586000
54989.913000
55023.241000
55056.568000
55089.896000
55123.222000
55156.550000
55189.876000
55223.206000
55256.531000
55289.860000
55323.185000
55356.515000
55389.839000
55423.169000
55456.494000
55489.824000
55523.149000
55556.478000
55589.803000
55623.132000
55656.457000
55689.788000
55723.112000
55756.441000
55789.766000
55823.094000
55856.421000
55889.749000
55923.075000
55956.402000
55989.729000
56023.057000
56056.384000
56089.711000
56123.039000
56156.366000
56189.693000
56223.020000
56256.347000
56289.674000
56323.002000
56356.329000
56389.656000
56422.983000
56456.311000
56489.637000
56522.966000
56556.292000
56589.620000
56622.946000
56656.275000
56689.601000
56722.929000
56756.255000
56789.584000
56822.910000
56856.239000
56889.564000
56922.894000
56956.219000
56989.548000
57022.873000
57056.203000
57089.527000
57122.857000
57156.185000
57189.511000
57222.836000
57256.165000
57289.491000
57322.820000
57356.145000
57389.474000
57422.800000
57456.129000
57489.454000
57522.784000
57556.109000
57589.436000
57622.763000
57656.090000
57689.418000
57722.745000
57756.072000
57789.399000
57822.726000
57856.053000
57889.380000
57922.708000
57956.035000
57989.362000
58022.691000
58056.017000
58089.345000
58122.671000
58155.999000
58189.326000
58222.654000
58255.980000
58289.308000
58322.634000
58355.964000
58389.288000
58422.618000
58455.943000
58489.273000
58522.598000
58555.927000
58589.252000
58622.582000
58655.907000
58689.236000
58722.561000
58755.890000
58789.215000
58822.544000
58855.870000
58889.199000
58922.524000
58955.853000
58989.178000
59022.506000
59055.833000
59089.160000
59122.488000
59155.815000
59189.142000
59222.469000
59255.796000
59289.123000
59322.451000
59355.778000
59389.105000
59422.432000
59455.759000
59489.087000
59522.416000
59555.741000
59589.069000
59622.396000
59655.724000
59689.050000
59722.379000
59755.704000
59789.033000
59822.359000
59855.687000
59889.013000
59922.343000
59955.668000
59988.997000
60022.322000
60055.652000
60088.977000
60122.306000
60155.631000
60188.961000
60222.285000
