33.330000
66.655000
99.985000
133.309000
166.638000
199.964000
233.293000
266.618000
299.946000
333.272000
366.602000
399.927000
433.255000
466.581000
499.908000
533.236000
566.563000
599.890000
633.217000
666.544000
699.872000
733.199000
766.526000
799.853000
833.180000
866.508000
899.835000
933.162000
966.489000
999.817000
1033.144000
1066.471000
1099.798000
1133.126000
1166.453000
1199.781000
1233.107000
1266.435000
1299.762000
1333.091000
1366.416000
1399.744000
1433.071000
1466.400000
1499.725000
1533.055000
1566.380000
1599.709000
1633.034000
1666.363000
1699.689000
1733.019000
1766.343000
1799.672000
1832.998000
1866.327000
1899.652000
1932.981000
1966.306000
1999.636000
2032.962000
2066.290000
2099.615000
2132.943000
2166.270000
2199.599000
2232.924000
2266.251000
2299.578000
2332.906000
2366.234000
2399.561000
2432.888000
2466.215000
2499.542000
2532.870000
2566.196000
2599.524000
2632.851000
2666.178000
2699.506000
2732.833000
2766.160000
2799.487000
2832.814000
2866.141000
2899.469000
2932.796000
2966.124000
2999.451000
3032.779000
3066.105000
3099.433000
3132.760000
3166.088000
3199.414000
3232.742000
3266.068000
3299.398000
3332.723000
3366.052000
3399.377000
3432.706000
3466.032000
3499.361000
3532.687000
3566.016000
3599.341000
3632.670000
3665.995000
3699.325000
3732.650000
3765.978000
3799.304000
3832.632000
3865.959000
3899.287000
3932.613000
3965.941000
3999.267000
4032.597000
4065.922000
4099.249000
4132.576000
4165.903000
4199.231000
4232.558000
4265.885000
4299.212000
4332.540000
4365.867000
4399.194000
4432.521000
4465.849000
4499.176000
4532.504000
4565.830000
4599.158000
4632.485000
4665.812000
4699.140000
4732.467000
4765.794000
4799.121000
4832.448000
4865.777000
4899.103000
4932.431000
4965.757000
4999.085000
5032.412000
5099.066000
5132.395000
5165.720000
5199.050000
5265.704000
5299.029000
5332.359000
5365.684000
5432.338000
5465.667000
5532.322000
5565.647000
5598.975000
5632.301000
5698.956000
5732.283000
5765.610000
5798.938000
5865.592000
5898.919000
5965.574000
5998.901000
6032.228000
6065.555000
6132.210000
6165.537000
6198.864000
6232.193000
6298.847000
6332.173000
6398.827000
6432.156000
6465.482000
6498.811000
6565.466000
6598.791000
6632.120000
6665.445000
6732.100000
6765.429000
6832.084000
6865.409000
6898.738000
6932.063000
6998.719000
7032.048000
7065.372000
7098.702000
7165.355000
7198.681000
7265.336000
7298.664000
7365.319000
7398.644000
7431.971000
7465.299000
7531.954000
7565.281000
7598.608000
7631.935000
7698.590000
7731.917000
7798.572000
7831.898000
7865.226000
7898.553000
7965.207000
7998.535000
8065.190000
8098.516000
8131.845000
8165.171000
8231.825000
8265.153000
8331.808000
8365.134000
8398.462000
8431.788000
8498.443000
8531.773000
8565.097000
8598.427000
8665.079000
8698.406000
8765.061000
8798.388000
8831.715000
8865.042000
8931.697000
8965.024000
9031.679000
9065.006000
9098.333000
9131.660000
9198.315000
9231.642000
9298.296000
9331.624000
9364.951000
9398.278000
9464.932000
9498.260000
9564.915000
9598.241000
9631.568000
9664.896000
9731.551000
9764.878000
9831.533000
9864.859000
9898.187000
9931.514000
9998.168000
10031.496000
10098.151000
10131.477000
10198.132000
10231.460000
10264.785000
10298.115000
10364.770000
10398.095000
10431.424000
10464.749000
10531.405000
10564.732000
10631.387000
10664.712000
10698.041000
10731.367000
10798.021000
10831.348000
10898.003000
10931.330000
10964.658000
10997.985000
11064.639000
11097.966000
11131.294000
11164.621000
11231.275000
11264.602000
11331.257000
11364.584000
11397.912000
11431.238000
11497.894000
11531.222000
11564.547000
11597.876000
11664.530000
11697.857000
11764.511000
11797.840000
11831.165000
11864.495000
11931.149000
11964.474000
12031.130000
12064.458000
12131.112000
12164.437000
12197.767000
12231.092000
12297.747000
12331.075000
12397.730000
12431.055000
12497.710000
12531.039000
12597.691000
12631.018000
12664.346000
12697.674000
12764.327000
12797.655000
12864.310000
12897.636000
12964.291000
12997.618000
13030.945000
13064.272000
13130.927000
13164.255000
13230.910000
13264.236000
13330.891000
13364.219000
13430.873000
13464.199000
13497.528000
13530.854000
13597.508000
13630.838000
13697.492000
13730.817000
13797.472000
13830.800000
13897.455000
13930.780000
13964.110000
13997.435000
14064.089000
14097.418000
14164.071000
14197.398000
14264.052000
14297.380000
14364.034000
14397.361000
14464.016000
14497.343000
14563.997000
14597.325000
14663.979000
14697.307000
14730.634000
14763.961000
14830.615000
14863.943000
14930.598000
14963.924000
15030.579000
15063.907000
15130.562000
15163.887000
15197.217000
15230.542000
15297.197000
15330.526000
15363.851000
15397.180000
15463.835000
15497.160000
15563.814000
15597.143000
15630.469000
15663.797000
15730.452000
15763.777000
15830.432000
15863.762000
15897.086000
15930.414000
15997.068000
16030.396000
16097.050000
16130.377000
16163.704000
16197.032000
16263.686000
16297.013000
16330.341000
16363.668000
16430.322000
16463.649000
16530.304000
16563.632000
16596.958000
16630.286000
16696.941000
16730.268000
16796.921000
16830.250000
16863.577000
16896.905000
16963.562000
16996.885000
17030.214000
17063.539000
17130.194000
17163.523000
17230.178000
17263.503000
17296.831000
17330.157000
17396.811000
17430.138000
17496.793000
17530.121000
17563.447000
17596.775000
17663.430000
17696.757000
17730.084000
17763.411000
17830.065000
17863.393000
17930.047000
17963.374000
17996.701000
18030.029000
18096.683000
18130.011000
18196.666000
18229.992000
18263.320000
18296.646000
18363.301000
18396.629000
18429.955000
18463.284000
18529.940000
18563.264000
18629.920000
18663.248000
18696.573000
18729.903000
18796.557000
18829.882000
18896.536000
18929.865000
18963.191000
18996.519000
19063.173000
19096.500000
19129.828000
19163.154000
19229.808000
19263.136000
19329.790000
19363.118000
19396.444000
19429.772000
19496.427000
19529.754000
19563.081000
19596.408000
19663.062000
19696.390000
19763.045000
19796.371000
19829.699000
19863.026000
19929.681000
19963.009000
20329.607000
20362.938000
20429.591000
20462.916000
20529.570000
20562.899000
20596.225000
20629.554000
20696.210000
20729.534000
20762.860000
20796.188000
20862.842000
20896.170000
20962.824000
20996.151000
21029.479000
21062.806000
21129.461000
21162.787000
21196.115000
21229.442000
21296.096000
21329.424000
21362.751000
21396.079000
21462.733000
21496.059000
21562.714000
21596.042000
21629.368000
21662.697000
21729.353000
21762.677000
21796.006000
21829.332000
21895.986000
21929.316000
21995.970000
22029.296000
22062.624000
22095.950000
22162.605000
22195.933000
22229.258000
22262.587000
22329.242000
22362.567000
22429.222000
22462.549000
22495.876000
22529.207000
22595.858000
22629.185000
22662.512000
22695.840000
22762.494000
22795.821000
22829.149000
22862.477000
22929.130000
22962.458000
23029.113000
23062.439000
23095.767000
23129.094000
23195.748000
23229.076000
23262.402000
23295.731000
23362.386000
23395.711000
23429.041000
23462.366000
23529.020000
23562.350000
23629.005000
23662.329000
23695.659000
23728.984000
23795.639000
23828.967000
23862.293000
23895.622000
23962.276000
23995.601000
24062.256000
24095.583000
24128.910000
24162.237000
24228.892000
24262.219000
24295.546000
24328.874000
24395.528000
24428.855000
24495.510000
24528.838000
24562.164000
24595.491000
24662.146000
24695.473000
24762.127000
24795.455000
24828.782000
24862.111000
24928.764000
24962.091000
25028.745000
25062.072000
25128.726000
25162.054000
25228.708000
25262.035000
25328.690000
25362.018000
25428.672000
25461.999000
25528.658000
25561.981000
25595.308000
25628.635000
25695.289000
25728.617000
25795.271000
25828.598000
25895.253000
25928.580000
25961.907000
25995.234000
26061.889000
26095.216000
26161.871000
26195.198000
26261.852000
26295.180000
26328.507000
26361.834000
26428.489000
26461.815000
26528.471000
26561.798000
26628.453000
26661.779000
26728.434000
26761.762000
26795.087000
26828.417000
26895.071000
26928.397000
26995.051000
27028.380000
27095.035000
27128.360000
27195.014000
27228.343000
27294.997000
27328.323000
27361.650000
27394.978000
27461.632000
27494.959000
27528.287000
27561.614000
27628.268000
27661.595000
27694.923000
27728.250000
27794.904000
27828.232000
27894.886000
27928.214000
27961.540000
27994.868000
28061.523000
28094.849000
28128.178000
28161.504000
28228.159000
28261.487000
28328.142000
28361.467000
28394.796000
28428.121000
28494.776000
28528.106000
28594.760000
28628.085000
28661.414000
28694.740000
28761.394000
28794.723000
28828.048000
28861.377000
28928.032000
28961.357000
28994.684000
29028.012000
29094.666000
29127.993000
29194.648000
29227.975000
29261.302000
29294.629000
29361.284000
29394.611000
29461.265000
29494.593000
29527.921000
29561.247000
29627.902000
29661.228000
29694.556000
29727.883000
29794.537000
29827.866000
29894.521000
29927.846000
29961.175000
29994.501000
30827.681000
30861.009000
30927.663000
30960.990000
31027.645000
31060.972000
31127.627000
31160.953000
31194.281000
31227.608000
31294.262000
31327.590000
31360.917000
31394.246000
31460.899000
31494.226000
31560.880000
31594.211000
31627.534000
31660.864000
31727.518000
31760.843000
31794.172000
31827.499000
31894.152000
31927.482000
31994.137000
32027.461000
32060.790000
32094.115000
32160.770000
32194.099000
32260.754000
32294.079000
32327.406000
32360.733000
32427.388000
32460.715000
32494.042000
32527.370000
32594.024000
32627.351000
32694.006000
32727.333000
32760.660000
32793.987000
32860.642000
32893.969000
32927.296000
32960.624000
33027.279000
33060.605000
33127.259000
33160.588000
33193.914000
33227.243000
33293.898000
33327.223000
33360.552000
33393.877000
33460.531000
33493.861000
33560.516000
33593.840000
33627.169000
33660.495000
33727.149000
33760.478000
33827.131000
33860.458000
33893.785000
33927.113000
33993.767000
34027.094000
34093.749000
34127.076000
34160.403000
34193.731000
34260.386000
34293.712000
34360.367000
34393.694000
34427.021000
34460.349000
34527.004000
34560.330000
34593.657000
34626.984000
34693.640000
34726.968000
34793.623000
34826.947000
34860.277000
34893.602000
34960.256000
34993.585000
35060.240000
35093.565000
35160.220000
35193.549000
35226.874000
35260.203000
35326.859000
35360.183000
35393.512000
35426.838000
35493.492000
35526.822000
35593.474000
35626.801000
35660.128000
35693.455000
35760.111000
35793.437000
35826.764000
35860.092000
35926.746000
35960.073000
36026.728000
36060.054000
36093.382000
36126.709000
36193.364000
36226.691000
36260.018000
36293.347000
36360.001000
36393.327000
36459.981000
36493.310000
36526.636000
36559.965000
36626.619000
36659.945000
36726.599000
36759.928000
36793.253000
36826.583000
36893.238000
36926.563000
36993.217000
37026.546000
37059.871000
37093.198000
37159.853000
37193.180000
37259.834000
37293.162000
37326.489000
37359.816000
37426.471000
37459.798000
38592.924000
38626.251000
38759.560000
38792.886000
38826.214000
38859.541000
38926.196000
38959.523000
39026.178000
39059.504000
39126.159000
39159.486000
39226.141000
39259.468000
39326.161000
39359.450000
39426.105000
39459.431000
39526.086000
39559.414000
39592.740000
39626.069000
39692.723000
39726.049000
39792.703000
39826.033000
39892.687000
39926.012000
39959.341000
39992.667000
40059.321000
40092.651000
40159.304000
40192.630000
40259.285000
40292.613000
40325.939000
40359.266000
40425.920000
40459.248000
40492.575000
40525.903000
40592.556000
40625.884000
40692.539000
40725.866000
40759.192000
40792.521000
40859.175000
40892.502000
40959.156000
40992.484000
41025.810000
41059.138000
41125.793000
41159.119000
41225.774000
41259.102000
41325.757000
41359.083000
41425.737000
41459.064000
41525.719000
41559.046000
41625.700000
41659.027000
41692.355000
41725.682000
41792.336000
41825.664000
41892.318000
41925.647000
41958.972000
41992.301000
42058.954000
42092.281000
42158.936000
42192.263000
42258.917000
42292.245000
42358.899000
42392.226000
42425.553000
42458.881000
42525.536000
42558.863000
42625.517000
42658.844000
42725.499000
42758.826000
42792.153000
42825.481000
42892.136000
42925.462000
42992.116000
43025.445000
43058.770000
43092.100000
43158.754000
43192.080000
43258.734000
43292.063000
43358.718000
43392.043000
43458.697000
43492.026000
43558.681000
43592.006000
43625.333000
43658.661000
43725.315000
43758.642000
43825.297000
43858.624000
43925.278000
43958.605000
43991.933000
44025.260000
44091.914000
44125.242000
44191.897000
44225.223000
44258.551000
44291.878000
44358.532000
44391.860000
44458.515000
44491.841000
44525.170000
44558.495000
44625.150000
44658.479000
44725.134000
44758.458000
44791.788000
44825.113000
44891.767000
44925.097000
44991.752000
45025.077000
45091.732000
45125.060000
45158.385000
45191.713000
45258.367000
45291.694000
45358.349000
45391.676000
45458.330000
45491.657000
45524.985000
45558.312000
45624.966000
45658.294000
45724.949000
45758.275000
45791.602000
45824.931000
45891.585000
45924.911000
45991.566000
46024.895000
46091.549000
46124.875000
46158.203000
46191.529000
46258.184000
46291.513000
46358.168000
46391.492000
46424.822000
46458.147000
46524.802000
46558.130000
46591.455000
46624.785000
46691.439000
46724.765000
46791.419000
46824.746000
46858.074000
46891.401000
46958.055000
46991.382000
47058.037000
47091.364000
47124.691000
47158.018000
47224.673000
47258.000000
47324.655000
47357.982000
47391.309000
47424.636000
47491.290000
47524.620000
47591.273000
47624.599000
47691.254000
47724.583000
47757.908000
47791.237000
47857.892000
47891.217000
47957.881000
47991.201000
48024.527000
48057.855000
48124.510000
48157.835000
48224.489000
48257.818000
48291.144000
48324.473000
48391.125000
48424.453000
48491.107000
48524.437000
48557.761000
48591.089000
48657.743000
48691.071000
48757.725000
48791.052000
48824.379000
48857.707000
48924.361000
48957.688000
49024.344000
49057.670000
49090.998000
49124.325000
49190.979000
49224.307000
49290.962000
49324.288000
49357.617000
49390.942000
49457.596000
49490.926000
49557.581000
49590.905000
49657.560000
49690.889000
49724.214000
49757.543000
49824.197000
49857.523000
49924.178000
49957.507000
49990.832000
50024.159000
50090.813000
50124.141000
50190.796000
50224.122000
50257.449000
50290.777000
50357.431000
50390.758000
50457.413000
50490.740000
50590.722000
50624.049000
50690.705000
50724.032000
50790.686000
50824.012000
50890.667000
50923.995000
50957.321000
50990.651000
51090.630000
51123.960000
51190.615000
51223.939000
51257.268000
51290.594000
51357.248000
51390.577000
51457.231000
51490.557000
51557.211000
51590.540000
51657.192000
51690.520000
51757.174000
51790.502000
51857.156000
51890.483000
51923.811000
51957.138000
52023.793000
52057.119000
52123.774000
52157.101000
52223.756000
52257.083000
52323.738000
52357.065000
52390.391000
52423.720000
52490.374000
52523.701000
52590.355000
52623.684000
52690.339000
52723.664000
52790.318000
52823.648000
52856.973000
52890.302000
52956.955000
52990.282000
53056.936000
53090.265000
53123.591000
53156.919000
53223.572000
53256.899000
53323.554000
53356.881000
53390.208000
53423.535000
53490.190000
53523.517000
53556.844000
53590.172000
53656.826000
53690.153000
53723.480000
53756.807000
53823.462000
53856.790000
53923.444000
53956.771000
53990.099000
54023.425000
54090.080000
54123.408000
54156.734000
54190.063000
54256.719000
54290.043000
54323.372000
54356.697000
54423.352000
54456.681000
54523.336000
54556.661000
54589.989000
54623.315000
54689.970000
54723.299000
54756.624000
54789.951000
54856.606000
54889.933000
54923.260000
54956.587000
55023.243000
55056.569000
55123.225000
55156.551000
55189.878000
55223.205000
55289.860000
55323.187000
55389.841000
55423.169000
55456.495000
55489.824000
55556.478000
55589.805000
55623.133000
55656.459000
55723.114000
55756.442000
55789.768000
55823.097000
55889.752000
55923.077000
55956.406000
55989.732000
56056.385000
56089.715000
56123.040000
56156.370000
56223.023000
56256.349000
56289.677000
56323.004000
56389.657000
56422.985000
56489.639000
56522.967000
56556.294000
56589.621000
56656.276000
56689.603000
56722.930000
56756.257000
56822.912000
56856.239000
56889.566000
56922.894000
56989.548000
57022.875000
57056.203000
57089.529000
57156.183000
57189.513000
57256.168000
57289.492000
57322.821000
57356.147000
57422.801000
57456.130000
57489.456000
57522.785000
57589.440000
57622.765000
57656.094000
57689.419000
57756.074000
57789.403000
57822.728000
57856.055000
57922.709000
57956.037000
57989.364000
58022.691000
58089.345000
58122.673000
58156.000000
58189.327000
58255.982000
58289.309000
58322.636000
58355.964000
58422.618000
58455.945000
58522.600000
58555.927000
58589.254000
58622.582000
58689.237000
58722.563000
58755.890000
58789.217000
58855.872000
58889.200000
58955.855000
58989.181000
59022.510000
59055.835000
59122.490000
59155.818000
59189.144000
59222.473000
59289.128000
59322.453000
59389.107000
59422.436000
59455.762000
59489.090000
59555.744000
59589.070000
59622.398000
59655.725000
59722.380000
59755.707000
59822.361000
59855.689000
59889.016000
