66.653000
133.308000
199.962000
266.616000
333.271000
399.926000
466.580000
533.234000
599.889000
666.543000
733.198000
799.852000
866.507000
933.161000
999.816000
1066.470000
1133.124000
1199.779000
1266.433000
1333.088000
1399.743000
1466.397000
1533.051000
1599.706000
1666.360000
1733.015000
1799.669000
1866.324000
1932.978000
1999.633000
2066.287000
2132.941000
2199.596000
2266.250000
2332.905000
2399.559000
2466.214000
2532.869000
2599.524000
2666.178000
2732.833000
2799.487000
2866.142000
2932.797000
2999.451000
3066.106000
3132.760000
3199.415000
3266.070000
3332.724000
3399.379000
3466.032000
3532.686000
3599.341000
3665.994000
3732.649000
3799.303000
3865.958000
3932.612000
3999.267000
4065.921000
4132.576000
4199.230000
4265.884000
4332.539000
4399.194000
4465.848000
4532.502000
4599.157000
4665.811000
4732.466000
4799.120000
4865.775000
4932.429000
4999.083000
5065.738000
5132.393000
5199.047000
5265.701000
5332.356000
5399.011000
5465.665000
5532.319000
5598.974000
5665.628000
5732.283000
5798.937000
5865.592000
5932.247000
5998.901000
6065.556000
6132.210000
6198.865000
6265.519000
6332.175000
6398.829000
6465.484000
6532.138000
6598.793000
6665.448000
6732.102000
6798.756000
6865.411000
6932.065000
6998.719000
7065.374000
7132.028000
7198.681000
7265.335000
7331.989000
7398.644000
7465.299000
7531.953000
7598.607000
7665.262000
7731.917000
7798.571000
7865.225000
7931.880000
7998.534000
8065.189000
8131.843000
8198.498000
8265.152000
8331.806000
8398.461000
8465.115000
8531.770000
8598.424000
8665.079000
8731.733000
8798.388000
8865.042000
8931.697000
8998.351000
9065.006000
9131.660000
9198.314000
9264.969000
9331.626000
9398.278000
9464.932000
9531.587000
9598.241000
9664.896000
9731.551000
9798.205000
9864.860000
9931.515000
9998.169000
10064.824000
10131.479000
10198.133000
10264.788000
10331.442000
10398.097000
10464.751000
10531.405000
10598.059000
10664.712000
10731.367000
10798.021000
10864.676000
10931.330000
10997.984000
11064.639000
11131.293000
11197.948000
11264.602000
11331.257000
11397.911000
11464.566000
11531.220000
11597.875000
11664.529000
11731.184000
11797.838000
11864.492000
11931.147000
11997.801000
12064.456000
12131.110000
12197.765000
12264.419000
12331.073000
12397.729000
12464.382000
12531.037000
12597.691000
12664.346000
12731.000000
12797.655000
12864.309000
12930.964000
12997.619000
13064.273000
13130.928000
13197.582000
13264.237000
13330.892000
13397.547000
13464.201000
13530.855000
13597.510000
13664.165000
13730.819000
13797.473000
13864.127000
13930.782000
13997.435000
14064.089000
14130.744000
14197.398000
14264.052000
14330.707000
14397.361000
14464.016000
14530.670000
14597.325000
14663.979000
14730.634000
14797.288000
14863.942000
14930.597000
14997.251000
15063.906000
15130.561000
15197.215000
15263.869000
15330.524000
15397.178000
15463.833000
15530.487000
15597.141000
15663.796000
15730.450000
15797.104000
15863.759000
15930.413000
15997.068000
16063.723000
16130.377000
16197.031000
16263.686000
16330.341000
16396.995000
16463.651000
16530.305000
16596.959000
16663.614000
16730.269000
16796.923000
16863.578000
16930.233000
16996.887000
17063.541000
17130.196000
17196.849000
17263.504000
17330.157000
17396.811000
17463.466000
17530.120000
17596.775000
17663.429000
17730.083000
17796.738000
17863.393000
17930.047000
17996.701000
18063.356000
18130.010000
18196.665000
18263.319000
18329.973000
18396.628000
18463.283000
18529.937000
18596.591000
18663.246000
18729.900000
18796.554000
18863.209000
18929.863000
18996.518000
19063.172000
19129.827000
19196.481000
19263.135000
19329.790000
19396.444000
19463.099000
19529.753000
19596.408000
19663.063000
19729.718000
19796.372000
19863.027000
19929.682000
19996.336000
20062.991000
20129.645000
20196.300000
20262.954000
20329.608000
20396.263000
20462.917000
20529.570000
20596.225000
20662.879000
20729.533000
20796.187000
20862.842000
20929.496000
20996.151000
21062.805000
21129.460000
21196.114000
21262.768000
21329.423000
21396.078000
21462.732000
21529.386000
21596.041000
21662.695000
21729.350000
21796.004000
21862.659000
21929.314000
21995.967000
22062.622000
22129.276000
22195.931000
22262.585000
22329.240000
22395.894000
22462.549000
22529.203000
22595.858000
22662.512000
22729.167000
22795.822000
22862.477000
22929.131000
22995.785000
23062.441000
23129.095000
23195.750000
23262.405000
23329.059000
23395.713000
23462.367000
23529.021000
23595.675000
23662.330000
23728.983000
23795.637000
23862.291000
23928.946000
23995.600000
24062.255000
24128.909000
24195.564000
24262.218000
24328.873000
24395.527000
24462.181000
24528.836000
24595.490000
24662.145000
24728.799000
24795.454000
24862.108000
24928.762000
24995.417000
25062.071000
25128.726000
25195.380000
25262.035000
25328.689000
25395.343000
25461.998000
25528.652000
25595.307000
25661.961000
25728.619000
25795.270000
25861.925000
25928.579000
25995.234000
26061.889000
26128.543000
26195.198000
26261.852000
26328.507000
26395.162000
26461.817000
26528.471000
26595.125000
26661.780000
26728.434000
26795.087000
26861.743000
26928.395000
26995.050000
27061.704000
27128.359000
27195.013000
27261.668000
27328.322000
27394.977000
27461.631000
27528.285000
27594.940000
27661.594000
27728.248000
27794.903000
27861.557000
27928.212000
27994.866000
28061.521000
28128.175000
28194.829000
28261.484000
28328.138000
28394.793000
28461.447000
28528.102000
28594.756000
28661.410000
28728.065000
28794.719000
28861.374000
28928.028000
28994.683000
29061.337000
29127.992000
29194.647000
29261.301000
29327.956000
29394.611000
29461.265000
29527.920000
29594.574000
29661.229000
29727.884000
29794.538000
29861.192000
29927.846000
29994.501000
30061.155000
30127.808000
30194.462000
30261.117000
30327.771000
30394.426000
30461.080000
30527.735000
30594.389000
30661.043000
30727.698000
30794.352000
30861.007000
30927.661000
30994.315000
31060.970000
31127.624000
31194.279000
31260.933000
31327.588000
31394.242000
31460.896000
31527.552000
31594.205000
31660.860000
31727.514000
31794.168000
31860.823000
31927.477000
31994.132000
32060.786000
32127.441000
32194.096000
32260.750000
32327.405000
32394.059000
32460.714000
32527.369000
32594.023000
32660.678000
32727.333000
32793.987000
32860.641000
32927.296000
32993.950000
33060.604000
33127.259000
33193.911000
33260.566000
33327.220000
33393.875000
33460.529000
33527.183000
33593.838000
33660.493000
33727.147000
33793.801000
33860.456000
33927.110000
33993.764000
34060.419000
34127.073000
34193.728000
34260.382000
34327.037000
34393.691000
34460.345000
34527.000000
34593.655000
34660.309000
34726.963000
34793.617000
34860.272000
34926.926000
34993.581000
35060.235000
35126.890000
35193.544000
35260.199000
35326.853000
35393.508000
35460.163000
35526.817000
35593.472000
35660.127000
35726.781000
35793.436000
35860.091000
35926.745000
35993.399000
36060.054000
36126.707000
36193.362000
36260.015000
36326.669000
36393.324000
36459.978000
36526.633000
36593.287000
36659.941000
36726.596000
36793.250000
36859.905000
36926.559000
36993.214000
37059.868000
37126.522000
37193.177000
37259.831000
37326.486000
37393.140000
37459.794000
37526.449000
37593.104000
37659.758000
37726.412000
37793.067000
37859.721000
37926.375000
37993.030000
38059.685000
38126.338000
38192.993000
38259.647000
38326.302000
38392.957000
38459.612000
38526.266000
38592.921000
38659.576000
38726.231000
38792.885000
38859.540000
38926.194000
38992.849000
39059.503000
39126.158000
39192.812000
39259.464000
39326.118000
39392.773000
39459.427000
39526.082000
39592.736000
39659.390000
39726.045000
39792.699000
39859.353000
39926.008000
39992.662000
40059.317000
40125.971000
40192.626000
40259.280000
40325.934000
40392.589000
40459.243000
40525.898000
40592.552000
40659.207000
40725.861000
40792.515000
40859.170000
40925.825000
40992.479000
41059.133000
41125.787000
41192.442000
41259.096000
41325.751000
41392.405000
41459.060000
41525.715000
41592.368000
41659.023000
41725.679000
41792.334000
41858.988000
41925.643000
41992.297000
42058.951000
42125.605000
42192.259000
42258.914000
42325.567000
42392.221000
42458.876000
42525.530000
42592.185000
42658.839000
42725.493000
42792.149000
42858.802000
42925.457000
42992.111000
43058.766000
43125.420000
43192.074000
43258.729000
43325.383000
43392.038000
43458.692000
43525.346000
43592.001000
43658.656000
43725.310000
43791.964000
43858.619000
43925.273000
43991.928000
44058.582000
44125.236000
44191.891000
44258.545000
44325.200000
44391.854000
44458.509000
44525.164000
44591.819000
44658.473000
44725.128000
44791.782000
44858.437000
44925.092000
44991.746000
45058.400000
45125.054000
45191.709000
45258.364000
45325.016000
45391.670000
45458.324000
45524.979000
45591.633000
45658.288000
45724.943000
45791.597000
45858.251000
45924.905000
45991.560000
46058.214000
46124.869000
46191.523000
46258.178000
46324.832000
46391.487000
46458.141000
46524.795000
46591.450000
46658.104000
46724.759000
46791.413000
46858.067000
46924.722000
46991.376000
47058.031000
47124.685000
47191.339000
47257.994000
47324.648000
47391.303000
47457.958000
47524.612000
47591.267000
47657.921000
47724.577000
47791.231000
47857.886000
47924.540000
47991.194000
48057.849000
48124.503000
48191.157000
48257.811000
48324.464000
48391.121000
48457.773000
48524.428000
48591.082000
48657.736000
48724.392000
48791.045000
48857.700000
48924.354000
48991.008000
49057.663000
49124.318000
49190.972000
49257.626000
49324.281000
49390.935000
49457.590000
49524.244000
49590.898000
49657.553000
49724.207000
49790.862000
49857.516000
49924.170000
49990.825000
50057.479000
50124.134000
50190.788000
50257.442000
50324.097000
50390.752000
50457.406000
50524.061000
50590.715000
50657.370000
50724.025000
50790.680000
50857.334000
50923.989000
50990.643000
51057.297000
51123.951000
51190.606000
51257.261000
51323.913000
51390.567000
51457.222000
51523.876000
51590.531000
51657.185000
51723.840000
51790.494000
51857.148000
51923.803000
51990.457000
52057.112000
52123.766000
52190.420000
52257.075000
52323.729000
52390.384000
52457.038000
52523.693000
52590.347000
52657.001000
52723.656000
52790.310000
52856.964000
52923.619000
52990.273000
53056.928000
53123.582000
53190.237000
53256.891000
53323.546000
53390.201000
53456.855000
53523.509000
53590.164000
53656.819000
53723.474000
53790.128000
53856.783000
53923.437000
53990.092000
54056.746000
54123.400000
54190.054000
54256.709000
54323.362000
54390.016000
54456.670000
54523.325000
54589.979000
54656.634000
54723.288000
54789.942000
54856.597000
54923.251000
54989.906000
55056.560000
55123.214000
55189.869000
55256.523000
55323.178000
55389.832000
55456.487000
55523.141000
55589.795000
55656.450000
55723.104000
55789.759000
55856.413000
55923.068000
55989.722000
56056.376000
56123.031000
56189.685000
56256.340000
56322.995000
56389.650000
56456.304000
56522.959000
56589.613000
56656.268000
56722.923000
56789.577000
56856.232000
56922.886000
56989.540000
57056.194000
57122.848000
57189.502000
57256.156000
57322.810000
57389.465000
57456.119000
57522.773000
57589.428000
57656.082000
57722.737000
57789.391000
57856.045000
57922.700000
57989.354000
58056.009000
58122.663000
58189.317000
58255.972000
58322.626000
58389.281000
58455.935000
58522.589000
58589.244000
58655.898000
58722.553000
58789.207000
58855.862000
58922.516000
58989.170000
59055.825000
59122.479000
59189.133000
59255.788000
59322.443000
59389.098000
59455.753000
59522.407000
59589.062000
59655.716000
59722.371000
59789.025000
59855.680000
59922.334000
