33.326000
133.308000
166.635000
199.963000
233.290000
266.617000
299.944000
333.271000
366.599000
399.927000
433.254000
466.581000
499.908000
533.235000
566.563000
599.890000
633.218000
666.545000
699.872000
733.199000
766.527000
799.853000
833.182000
866.508000
899.836000
933.163000
966.491000
999.817000
1033.146000
1066.472000
1099.801000
1133.126000
1166.455000
1199.781000
1233.110000
1266.435000
1299.765000
1333.090000
1366.419000
1399.745000
1433.074000
1499.729000
1533.054000
1566.383000
1599.708000
1633.038000
1666.363000
1699.692000
1733.017000
1766.347000
1799.672000
1833.001000
1866.327000
1899.655000
1932.981000
1966.311000
1999.636000
2032.964000
2066.290000
2099.619000
2132.945000
2166.274000
2199.599000
2232.926000
2266.254000
2299.581000
2332.908000
2366.236000
2399.563000
2432.890000
2466.218000
2499.545000
2532.872000
2566.199000
2599.527000
2632.854000
2666.181000
2699.508000
2732.836000
2766.163000
2799.490000
2866.145000
2899.472000
2932.800000
2966.127000
2999.454000
3032.781000
3066.109000
3099.436000
3132.763000
3166.090000
3199.418000
3232.745000
3266.073000
3299.399000
3332.727000
3366.054000
3399.382000
3432.709000
3466.037000
3499.363000
3532.691000
3566.018000
3599.346000
3632.672000
3666.001000
3699.327000
3732.655000
3765.981000
3799.310000
3832.636000
3865.966000
3899.291000
3932.619000
3965.945000
3999.274000
4032.600000
4065.929000
4099.254000
4132.583000
4165.909000
4232.563000
4265.893000
4299.218000
4332.547000
4365.872000
4399.202000
4432.527000
4465.857000
4499.181000
4532.511000
4565.836000
4599.166000
4632.491000
4665.820000
4699.145000
4732.475000
4765.800000
4799.129000
4832.454000
4865.784000
4899.109000
4932.438000
4965.763000
4999.091000
5032.418000
5065.746000
5099.073000
5132.400000
5165.727000
5199.054000
5232.382000
5265.709000
5299.036000
5332.364000
5365.691000
5399.018000
5432.345000
5465.673000
5499.000000
5532.328000
5598.982000
5632.309000
5665.636000
5698.963000
5732.291000
5765.618000
5798.945000
5832.273000
5865.600000
5898.927000
5932.255000
5965.582000
5998.909000
6032.237000
6065.564000
6098.891000
6132.218000
6165.546000
6198.873000
6232.200000
6265.527000
6298.855000
6332.182000
6365.510000
6398.836000
6432.165000
6465.491000
6498.819000
6532.146000
6565.474000
6598.800000
6632.129000
6665.455000
6698.783000
6732.109000
6765.438000
6798.764000
6832.093000
6865.419000
6898.747000
6965.402000
6998.727000
7032.057000
7065.382000
7098.712000
7132.037000
7165.366000
7198.691000
7232.020000
7265.346000
7298.675000
7332.000000
7365.330000
7398.655000
7431.984000
7465.310000
7498.638000
7531.964000
7565.293000
7598.618000
7631.947000
7665.273000
7698.602000
7731.928000
7765.257000
7798.582000
7831.912000
7865.241000
7898.566000
7931.891000
7965.220000
7998.546000
8031.873000
8065.200000
8098.528000
8131.855000
8165.182000
8198.510000
8231.837000
8265.164000
8331.819000
8365.146000
8398.473000
8431.800000
8465.128000
8498.455000
8531.782000
8565.110000
8598.437000
8631.765000
8665.092000
8698.419000
8731.746000
8765.073000
8798.401000
8831.728000
8865.056000
8898.383000
8931.709000
8965.037000
8998.364000
9031.691000
9065.020000
9098.346000
9131.674000
9165.001000
9198.329000
9231.655000
9264.984000
9298.310000
9331.638000
9364.964000
9398.293000
9431.619000
9464.948000
9498.273000
9531.602000
9564.928000
9598.257000
9631.582000
9731.566000
9764.892000
9798.221000
9831.546000
9864.876000
9898.201000
9931.530000
9964.855000
9998.184000
10031.510000
10064.840000
10098.164000
10131.494000
10164.819000
10198.149000
10231.474000
10264.804000
10298.128000
10331.457000
10364.783000
10398.112000
10431.437000
10464.767000
10498.092000
10531.422000
10564.746000
10598.075000
10631.401000
10664.730000
10698.056000
10731.384000
10764.710000
10798.039000
10831.365000
10864.694000
10898.019000
10931.346000
10964.673000
10998.001000
11031.328000
11131.310000
11164.637000
11197.965000
11231.292000
11264.619000
11297.946000
11331.274000
11364.601000
11397.928000
11431.256000
11464.583000
11497.910000
11531.237000
11564.564000
11597.892000
11631.219000
11664.546000
11697.874000
11731.201000
11764.528000
11797.855000
11831.183000
11864.512000
11897.838000
11931.165000
11964.493000
11997.819000
12031.147000
12064.474000
12097.802000
12131.128000
12164.456000
12197.783000
12231.112000
12264.438000
12297.766000
12331.092000
12364.421000
12397.746000
12431.075000
12497.730000
12531.056000
12564.386000
12597.710000
12631.039000
12664.365000
12697.694000
12731.020000
12764.349000
12797.674000
12831.003000
12864.329000
12897.658000
12930.983000
12964.313000
12997.638000
13030.967000
13064.292000
13097.621000
13130.947000
13164.276000
13197.601000
13230.931000
13264.256000
13297.585000
13330.911000
13364.240000
13397.565000
13430.894000
13464.220000
13497.548000
13530.874000
13564.203000
13597.529000
13630.856000
13664.183000
13697.510000
13730.838000
13764.165000
13797.492000
13930.801000
13964.129000
13997.456000
14030.784000
14064.111000
14097.438000
14130.765000
14164.092000
14197.420000
14230.747000
14264.075000
14297.401000
14330.729000
14364.056000
14397.384000
14430.710000
14464.038000
14497.365000
14530.693000
14564.020000
14597.347000
14630.674000
14664.002000
14697.329000
14730.657000
14763.983000
14797.312000
14830.638000
14863.968000
14897.292000
14930.621000
14963.947000
14997.275000
15030.602000
15063.930000
15097.256000
15130.585000
15163.911000
15197.240000
15230.565000
15297.220000
15330.549000
15363.874000
15397.204000
15430.529000
15463.858000
15497.183000
15530.513000
15563.838000
15597.168000
15630.492000
15663.823000
15697.147000
15730.477000
15763.802000
15797.132000
15830.456000
15863.786000
15897.111000
15930.440000
15963.765000
15997.095000
16030.420000
16063.750000
16097.074000
16130.403000
16163.729000
16197.058000
16230.383000
16263.713000
16297.038000
16330.365000
16363.693000
16397.020000
16430.347000
16463.675000
16497.002000
16530.329000
16563.657000
16596.984000
16663.638000
16696.966000
16730.293000
16763.620000
16796.947000
16830.275000
16863.602000
16896.929000
16930.256000
16963.583000
16996.911000
17030.238000
17063.565000
17096.893000
17130.220000
17163.547000
17196.874000
17230.202000
17263.529000
17296.856000
17330.184000
17363.511000
17396.838000
17430.165000
17463.493000
17496.821000
17530.148000
17563.478000
17596.802000
17630.130000
17663.456000
17696.785000
17730.111000
17763.439000
17796.765000
17830.093000
17863.420000
17896.748000
17930.075000
17963.403000
18063.384000
18096.712000
18130.038000
18163.367000
18196.693000
18230.022000
18263.348000
18296.677000
18330.002000
18363.332000
18396.656000
18429.986000
18463.311000
18496.641000
18529.966000
18563.295000
18596.620000
18629.949000
18663.275000
18696.605000
18729.929000
18763.258000
18796.584000
18829.913000
18863.239000
18896.567000
18929.893000
18963.222000
18996.548000
19029.876000
19063.202000
19096.531000
19129.857000
19163.185000
19196.512000
19229.838000
19263.166000
19296.493000
19329.820000
19363.147000
19429.802000
19463.130000
19496.457000
19529.784000
19563.111000
19596.438000
19629.766000
19663.093000
19696.420000
19729.748000
19763.075000
19796.402000
19829.729000
19863.058000
19896.384000
19929.711000
19963.038000
19996.366000
20029.693000
20063.020000
20096.347000
20129.675000
20163.002000
20196.330000
20229.657000
20262.984000
20296.311000
20329.639000
20362.966000
20396.294000
20429.621000
20462.948000
20496.275000
20529.603000
20562.930000
20596.258000
20629.584000
20662.913000
20696.239000
20729.567000
20796.222000
20829.548000
20862.878000
20896.202000
20929.531000
20962.857000
20996.186000
21029.511000
21062.840000
21096.166000
21129.496000
21162.820000
21196.150000
21229.475000
21262.805000
21296.129000
21329.459000
21362.784000
21396.114000
21429.439000
21462.768000
21496.093000
21529.423000
21562.748000
21596.077000
21629.402000
21662.732000
21696.057000
21729.386000
21762.711000
21796.040000
21829.366000
21862.696000
21896.021000
21929.349000
21962.675000
21996.002000
22029.330000
22062.657000
22095.984000
22229.293000
22262.621000
22295.948000
22329.275000
22362.602000
22395.930000
22429.257000
22462.584000
22495.912000
22529.239000
22562.566000
22595.893000
22629.221000
22662.548000
22695.875000
22729.202000
22762.530000
22795.857000
22829.184000
22862.512000
22895.839000
22929.166000
22962.494000
22995.821000
23029.148000
23062.475000
23095.803000
23129.130000
23162.457000
23195.784000
23229.112000
23262.439000
23295.767000
23329.093000
23362.422000
23395.748000
23429.076000
23462.403000
23495.731000
23529.057000
23629.041000
23662.366000
23695.695000
23729.021000
23762.350000
23795.675000
23829.004000
23862.331000
23895.659000
23928.984000
23962.314000
23995.639000
24028.968000
24062.294000
24095.623000
24128.948000
24162.278000
24195.603000
24228.932000
24262.257000
24295.586000
24328.912000
24362.241000
24395.566000
24428.897000
24462.221000
24495.549000
24528.875000
24562.203000
24595.530000
24628.859000
24662.184000
24695.513000
24728.839000
24762.169000
24795.493000
24828.821000
24862.149000
24895.475000
24928.802000
25028.785000
25062.112000
25095.439000
25128.766000
25162.100000
25195.421000
25228.748000
25262.075000
25295.403000
25328.730000
25362.057000
25395.384000
25428.712000
25462.039000
25495.366000
25528.694000
25562.021000
25595.348000
25628.675000
25662.003000
25695.330000
25728.657000
25761.984000
25795.312000
25828.639000
25861.968000
25895.294000
25928.622000
25961.949000
25995.276000
26028.603000
26061.931000
26095.257000
26128.586000
26161.912000
26195.241000
26228.566000
26261.895000
26295.221000
26328.549000
26428.530000
26461.860000
26495.185000
26528.514000
26561.839000
26595.169000
26628.494000
26661.824000
26695.148000
26728.477000
26761.803000
26795.132000
26828.457000
26861.787000
26895.112000
26928.441000
26961.766000
26995.096000
27028.421000
27061.751000
27095.076000
27128.405000
27161.730000
27195.059000
27228.385000
27261.714000
27295.039000
27328.368000
27361.694000
27395.023000
27428.348000
27461.678000
27495.003000
27528.330000
27561.657000
27594.985000
27628.312000
27661.639000
27694.967000
27728.294000
27828.276000
27861.603000
27894.930000
27928.257000
27961.585000
27994.912000
28028.240000
28061.567000
28094.894000
28128.221000
28161.548000
28194.876000
28228.203000
28261.530000
28294.857000
28328.185000
28361.513000
28394.839000
28428.166000
28461.494000
28494.821000
28528.149000
28561.476000
28594.803000
28628.131000
28661.458000
28694.785000
28728.112000
28761.440000
28794.767000
28828.095000
28861.422000
28894.750000
28928.076000
28961.405000
28994.730000
29028.059000
29061.385000
29094.714000
29128.039000
29228.023000
29261.349000
29294.678000
29328.003000
29361.332000
29394.658000
29427.987000
29461.312000
29494.642000
29527.966000
29561.296000
29594.621000
29627.951000
29661.276000
29694.605000
29727.930000
29761.259000
29794.585000
29827.914000
29861.240000
29894.569000
29927.894000
29961.223000
29994.549000
30027.877000
30061.203000
30094.532000
30127.857000
30161.185000
30194.512000
30227.839000
30261.167000
30294.494000
30327.822000
30361.148000
30394.476000
30427.803000
30461.130000
30494.458000
30527.785000
30627.767000
30661.094000
30694.421000
30727.749000
30761.076000
30794.403000
30827.730000
30861.058000
30894.385000
30927.712000
30961.039000
30994.367000
31027.694000
31061.022000
31094.348000
31127.676000
31161.003000
31194.331000
31227.658000
31260.986000
31294.312000
31327.640000
31360.967000
31394.296000
31427.621000
31460.950000
31494.276000
31527.606000
31560.930000
31594.259000
31627.585000
31660.914000
31694.240000
31727.570000
31760.894000
31794.224000
31827.549000
31860.879000
31894.203000
31927.532000
32027.513000
32060.842000
32094.167000
32127.497000
32160.822000
32194.152000
32227.476000
32260.806000
32294.130000
32327.460000
32360.785000
32394.115000
32427.440000
32460.769000
32494.094000
32527.424000
32560.749000
32594.078000
32627.403000
32660.733000
32694.058000
32727.385000
32760.712000
32794.040000
32827.367000
32860.695000
32894.021000
32927.349000
32960.677000
32994.003000
33027.331000
33060.658000
33093.985000
33127.312000
33160.640000
33193.967000
33227.295000
33260.621000
33293.949000
33327.276000
33393.930000
33427.258000
33460.585000
33493.912000
33527.240000
33560.567000
33593.894000
33627.221000
33660.549000
33693.876000
33727.203000
33760.531000
33793.858000
33827.185000
33860.513000
33893.840000
33927.167000
33960.494000
33993.821000
34027.149000
34060.476000
34093.804000
34127.130000
34160.459000
34193.785000
34227.113000
34260.440000
34293.768000
34327.094000
34360.422000
34393.749000
34427.077000
34460.403000
34493.732000
34527.058000
34560.387000
34593.712000
34627.041000
34660.367000
34693.696000
34793.676000
34827.006000
34860.332000
34893.660000
34926.985000
34960.314000
34993.640000
35026.969000
35060.294000
35093.624000
35126.949000
35160.278000
35193.603000
35226.932000
35293.587000
35326.912000
35360.242000
35393.567000
35426.895000
35460.222000
35493.549000
35526.876000
35560.203000
35593.530000
35626.858000
35660.185000
35693.512000
35726.840000
35760.167000
35793.494000
35826.821000
35860.149000
35893.476000
35926.803000
35960.130000
35993.458000
36026.786000
36060.113000
36093.440000
36126.767000
36193.422000
36226.749000
36260.076000
36293.403000
36326.731000
36360.058000
36393.385000
36426.712000
36460.040000
36493.367000
36526.694000
36560.021000
36593.349000
36626.676000
36660.003000
36693.331000
36726.658000
36759.985000
36793.313000
36826.640000
36859.969000
36893.294000
36926.623000
36959.949000
36993.277000
37026.603000
37059.932000
37093.258000
37126.586000
37159.912000
37193.242000
37226.567000
37259.896000
37293.221000
37326.551000
37359.876000
37393.205000
37426.531000
37459.860000
37493.185000
37626.494000
37659.824000
37693.149000
37726.478000
37759.803000
37793.133000
37826.458000
37859.788000
37893.112000
37926.442000
37959.767000
37993.096000
38026.422000
38059.751000
38093.076000
38126.405000
38159.731000
38193.059000
38226.385000
38259.714000
38293.040000
38326.367000
38359.694000
38393.022000
38426.349000
38459.676000
38493.003000
38526.331000
38559.658000
38592.985000
38626.312000
38659.640000
38692.967000
38726.294000
38759.622000
38792.949000
38826.276000
38859.604000
38892.931000
38926.258000
38992.912000
39026.240000
39059.567000
39092.894000
39126.222000
39159.549000
39192.876000
39226.203000
39259.531000
39292.858000
39326.185000
39359.513000
39392.840000
39426.168000
39459.494000
39492.823000
39526.149000
39559.477000
39592.803000
39626.131000
39659.458000
39692.787000
39726.112000
39759.441000
39792.767000
39826.096000
39859.422000
39892.750000
39926.076000
39959.405000
39992.731000
40026.060000
40059.385000
40092.714000
40126.040000
40159.369000
40192.695000
40226.024000
40259.349000
40292.678000
40359.333000
40392.658000
40425.987000
40459.313000
40492.642000
40525.967000
40559.296000
40592.621000
40625.951000
40659.276000
40692.606000
40725.931000
40759.259000
40792.585000
40825.914000
40859.240000
40892.567000
40925.894000
40959.224000
40992.549000
41025.876000
41059.204000
41092.531000
41125.858000
41159.185000
41192.513000
41225.842000
41259.167000
41292.494000
41325.822000
41359.149000
41392.476000
41425.804000
41459.131000
41492.458000
41525.785000
41559.112000
41592.440000
41625.767000
41659.095000
41725.749000
41759.076000
41792.404000
41825.731000
41859.059000
41892.385000
41925.713000
41959.040000
41992.367000
42025.694000
42059.022000
42092.349000
42125.677000
42159.003000
42192.331000
42225.658000
42258.987000
42292.312000
42325.641000
42358.967000
42392.295000
42425.622000
42458.951000
42492.276000
42525.606000
42558.931000
42592.259000
42625.585000
42658.914000
42692.240000
42725.569000
42758.894000
42792.224000
42825.549000
42858.879000
42892.203000
42925.533000
42958.858000
42992.187000
43025.512000
43125.497000
43158.822000
43192.151000
43225.476000
43258.806000
43292.131000
43325.461000
43358.785000
43392.114000
43425.440000
43458.769000
43492.095000
43525.423000
43558.749000
43592.078000
43625.403000
43658.732000
43692.058000
43725.385000
43758.712000
43792.040000
43825.367000
43858.697000
43892.022000
43925.349000
43958.676000
43992.003000
44025.331000
44058.658000
44091.985000
44125.313000
44158.640000
44191.967000
44225.294000
44258.622000
44291.949000
44325.276000
44358.603000
44391.931000
44425.258000
44525.241000
44558.567000
44591.894000
44625.222000
44658.549000
44691.877000
44725.204000
44758.531000
44791.858000
44825.186000
44858.513000
44891.841000
44925.167000
44958.495000
44991.822000
45025.150000
45058.476000
45091.805000
45125.131000
45158.460000
45191.785000
45225.114000
45258.440000
45291.769000
45325.095000
45358.424000
45391.749000
45425.078000
45458.404000
45491.733000
45525.058000
45558.389000
45591.712000
45625.042000
45658.367000
45691.697000
45725.022000
45858.331000
45891.661000
45924.985000
46024.969000
46058.295000
46091.623000
46124.949000
46158.277000
46191.603000
46224.933000
46258.258000
46291.587000
46324.913000
46358.241000
46391.567000
46424.897000
46458.222000
46491.549000
46524.877000
46558.203000
46591.531000
46624.858000
46658.186000
46691.513000
46724.840000
46758.167000
46791.495000
46824.822000
46858.150000
46891.476000
46924.804000
46958.131000
46991.458000
47024.785000
47058.113000
47091.440000
47124.767000
47158.095000
47191.422000
47224.749000
47258.077000
47291.403000
47324.731000
47424.713000
47458.041000
47491.367000
47524.696000
47558.022000
47591.350000
47624.676000
47658.005000
47691.331000
47724.659000
47757.985000
47791.315000
47824.640000
47857.970000
47891.294000
47924.624000
47957.949000
47991.278000
48024.604000
48057.933000
48091.258000
48124.588000
48157.913000
48191.243000
48224.567000
48257.897000
48291.222000
48324.551000
48357.877000
48391.206000
48424.531000
48457.862000
48491.186000
48524.515000
48557.840000
48591.169000
48624.495000
48657.824000
48691.149000
48724.478000
48824.458000
48857.788000
48891.113000
48924.442000
48957.767000
48991.096000
49024.422000
49057.749000
49091.076000
49124.403000
49157.731000
49191.058000
49224.386000
49257.713000
49291.041000
49324.367000
49357.695000
49391.022000
49424.349000
49457.676000
49491.003000
49524.331000
49557.658000
49590.992000
49624.313000
49657.640000
49690.967000
49724.294000
49757.622000
49790.949000
50657.459000
50690.788000
50724.113000
50757.442000
50790.767000
50824.097000
50857.422000
50890.751000
50924.076000
50957.406000
51057.386000
51090.715000
51124.040000
51157.369000
51190.694000
51224.024000
51257.349000
51290.679000
51324.004000
51357.333000
51390.658000
51423.986000
51457.313000
51490.643000
51523.969000
51557.296000
51590.622000
51623.950000
51657.276000
51690.604000
51723.931000
51757.258000
51790.585000
51823.913000
51857.240000
51890.567000
51923.894000
51957.222000
51990.549000
52023.876000
52057.204000
52090.531000
52123.858000
52157.185000
52190.513000
52223.840000
52257.167000
52290.494000
52323.822000
52357.150000
52457.137000
52490.458000
52523.785000
52557.113000
52590.440000
52623.767000
52657.095000
52690.422000
52723.749000
52757.076000
52790.404000
52823.731000
52857.060000
52890.385000
52923.714000
52957.040000
52990.368000
53023.694000
53057.024000
53090.349000
53123.677000
53157.004000
53190.332000
53223.658000
53256.987000
53290.313000
53323.642000
53356.967000
53390.296000
53423.622000
53456.951000
53490.276000
53523.606000
53556.931000
53590.260000
53623.585000
53656.915000
53690.240000
53723.570000
53756.894000
53856.879000
53890.203000
53923.533000
53956.858000
53990.187000
54023.513000
54056.842000
54090.167000
54123.496000
54156.822000
54190.151000
54223.476000
54256.805000
54290.131000
54323.458000
54356.785000
54390.113000
54423.440000
54456.767000
54490.095000
54523.422000
54556.749000
54590.076000
54623.403000
54656.731000
54690.059000
54723.385000
54756.713000
54790.040000
54823.367000
54856.695000
54890.022000
54923.349000
54956.676000
54990.004000
55023.331000
55056.658000
55089.985000
55123.313000
55156.640000
55223.295000
55256.622000
55289.949000
55323.276000
55356.605000
55389.931000
55423.259000
55456.585000
55489.913000
55523.240000
55556.568000
55589.894000
55623.223000
55656.549000
55689.877000
55723.204000
55756.532000
55789.858000
55823.187000
55856.513000
55889.841000
55923.167000
55956.496000
55989.822000
56023.151000
56056.476000
56089.806000
56123.131000
56156.460000
56189.785000
56223.115000
56256.440000
56289.769000
56323.094000
56356.424000
56389.749000
56423.078000
56456.404000
56489.733000
56523.058000
56589.712000
56623.041000
56656.367000
56689.697000
56723.022000
56756.350000
56789.676000
56823.004000
56856.331000
56889.660000
56922.985000
56956.313000
56989.640000
57022.967000
57056.295000
57089.622000
57122.949000
57156.276000
57189.603000
57222.931000
57256.258000
57289.585000
57322.913000
57356.241000
57389.567000
57422.895000
57456.222000
57489.549000
57522.877000
57556.204000
57589.531000
57622.858000
57656.185000
57689.513000
57722.840000
57756.167000
57789.494000
57822.822000
57856.150000
57889.476000
57956.130000
57989.459000
58022.786000
58056.114000
58089.440000
58122.768000
58156.094000
58189.422000
58222.749000
58256.078000
58289.403000
58322.732000
58356.058000
58389.387000
58422.713000
58456.042000
58489.367000
58522.696000
58556.022000
58589.351000
58622.676000
58656.006000
58689.331000
58722.660000
58755.985000
58789.315000
58822.640000
58855.970000
58889.294000
58922.624000
58955.949000
58989.278000
59022.604000
59055.934000
59089.258000
59122.588000
59155.913000
59189.242000
59222.567000
59255.897000
59322.551000
59355.877000
59389.205000
59422.531000
59455.859000
59489.185000
59522.514000
59555.840000
59589.167000
59622.494000
59655.822000
59689.149000
59722.476000
59755.804000
59789.131000
59822.459000
59855.786000
59889.113000
59922.440000
59955.767000
59989.095000
60022.422000
60055.749000
60089.076000
60122.404000
60155.731000
60189.058000
60222.385000
60255.713000
60289.040000
60322.367000
