49.981000
99.962000
149.945000
199.925000
249.909000
299.888000
349.872000
399.851000
449.833000
499.813000
549.796000
599.776000
649.758000
699.739000
749.721000
799.702000
849.683000
899.667000
949.646000
999.630000
1049.609000
1099.592000
1149.572000
1199.554000
1249.534000
1299.516000
1349.498000
1399.479000
1449.460000
1499.442000
1549.425000
1599.404000
1649.388000
1699.367000
1749.351000
1799.330000
1849.313000
1899.293000
1949.275000
1999.256000
2049.237000
2099.218000
2149.200000
2199.181000
2249.163000
2299.146000
2349.125000
2399.109000
2449.088000
2499.071000
2549.051000
2599.033000
2649.014000
2698.995000
2748.977000
2798.958000
2848.939000
2898.921000
2948.903000
2998.883000
3048.867000
3098.846000
3148.830000
3198.809000
3248.791000
3298.772000
3348.753000
3398.735000
3448.716000
3498.697000
3548.679000
3598.660000
3648.641000
3698.625000
3748.604000
3798.588000
3848.567000
3898.550000
3948.530000
3998.512000
4048.493000
4098.474000
4148.456000
4198.437000
4248.418000
4298.400000
4348.383000
4398.362000
4448.346000
4498.325000
4548.308000
4598.288000
4648.271000
4698.251000
4748.233000
4798.214000
4848.195000
4898.177000
4948.158000
4998.141000
5048.121000
5098.105000
5148.084000
5198.067000
5248.046000
5298.029000
5348.009000
5397.991000
5447.972000
5497.953000
5547.935000
5597.916000
5647.897000
5697.879000
5747.862000
5797.842000
5847.825000
5897.804000
5947.787000
5997.767000
6047.749000
6097.730000
6147.711000
6197.693000
6247.674000
6297.656000
6347.637000
6397.620000
6447.600000
6497.583000
6547.563000
6597.546000
6647.525000
6697.508000
6747.488000
6797.470000
6847.451000
6897.432000
6947.414000
6997.395000
7047.378000
7097.358000
7147.341000
7197.321000
7247.304000
7297.283000
7347.266000
7397.246000
7447.228000
7497.209000
7547.191000
7647.154000
7747.116000
7797.099000
7897.063000
7947.041000
8047.005000
8146.967000
8196.949000
8296.911000
8396.874000
8496.837000
8546.820000
8646.784000
8746.745000
8796.725000
8896.688000
8996.651000
9046.633000
9146.595000
9246.558000
9296.542000
9396.506000
9496.466000
9596.428000
9646.409000
9746.371000
9846.334000
9946.297000
9996.278000
10096.241000
10196.204000
10246.185000
10346.148000
10446.111000
10496.092000
10596.057000
10696.020000
10745.999000
10845.962000
10945.925000
10995.906000
11095.869000
11195.832000
11245.813000
11345.779000
11445.741000
11495.720000
11595.683000
11695.646000
11745.627000
11845.590000
11945.552000
11995.535000
12095.499000
12195.461000
12295.423000
12345.404000
12445.366000
12495.348000
12595.310000
12695.273000
12745.257000
12845.219000
12945.182000
12995.162000
13095.125000
13195.087000
13245.069000
13345.031000
13444.994000
13544.957000
13594.940000
13694.902000
13794.865000
13844.845000
13944.809000
14044.774000
14094.752000
14194.716000
14294.678000
14344.661000
14444.623000
14544.585000
14594.566000
14694.529000
14794.495000
14894.457000
14944.436000
15044.399000
15144.361000
15194.343000
15294.307000
15394.268000
15444.249000
15544.215000
15644.177000
15694.156000
15794.119000
15894.082000
15994.045000
16094.008000
16143.989000
16243.952000
16343.915000
16443.877000
16543.840000
16643.803000
16693.784000
16793.747000
16893.710000
16993.673000
17093.635000
17143.618000
17243.580000
17343.543000
17443.505000
17543.468000
17593.449000
17693.414000
17793.377000
17893.339000
17993.301000
18043.282000
18143.244000
18243.207000
18343.171000
18393.151000
18493.114000
18593.077000
18643.059000
18743.021000
18842.984000
18892.965000
18992.931000
19092.892000
19142.872000
19242.878000
19342.797000
19392.779000
19492.743000
19592.704000
19642.686000
19742.652000
19842.614000
19942.576000
19992.555000
20092.518000
20192.481000
20242.463000
20342.425000
20442.388000
20492.371000
20592.334000
20692.297000
20742.276000
20842.239000
20942.202000
20992.183000
21092.146000
21192.108000
21242.091000
21342.055000
21442.017000
21491.997000
21591.960000
21691.922000
21741.904000
21841.867000
21941.830000
22041.792000
22091.776000
22191.738000
22291.700000
22341.680000
22441.644000
22541.606000
22591.587000
22691.550000
22791.513000
22891.476000
22941.458000
23041.421000
23141.383000
23191.364000
23291.329000
23391.291000
23441.271000
23541.234000
23641.196000
23691.178000
23791.141000
23891.103000
23941.084000
24041.047000
24141.010000
24240.975000
24290.954000
24390.917000
24490.880000
24540.861000
24640.824000
24740.787000
24790.770000
24890.733000
24990.695000
25040.675000
25140.638000
25240.600000
25340.563000
25390.545000
25490.507000
25590.470000
25640.454000
25740.415000
25840.378000
25890.358000
25990.321000
26090.284000
26140.265000
26240.228000
26340.191000
26390.174000
26490.136000
26590.098000
26640.079000
26740.042000
26840.006000
26939.969000
26989.949000
27089.911000
27189.874000
27239.856000
27339.819000
27439.781000
27489.762000
27589.727000
27689.690000
27739.669000
27839.632000
27939.595000
27989.577000
28089.539000
28189.502000
28239.483000
28339.448000
28439.411000
28539.373000
28589.353000
28689.315000
28789.278000
28889.241000
28989.204000
29039.186000
29139.148000
29239.111000
29339.074000
29439.036000
29489.018000
29588.980000
29688.944000
29788.906000
29888.869000
29988.831000
30038.814000
30138.776000
30238.738000
30338.701000
30438.664000
30488.647000
30588.610000
30688.573000
30788.534000
30888.496000
30938.478000
31038.441000
31138.404000
31238.368000
31288.348000
31388.310000
31488.273000
31538.255000
31638.217000
31738.180000
31788.161000
31888.126000
31988.089000
32038.068000
32138.031000
32237.994000
32287.975000
32387.938000
32487.900000
32537.884000
32637.846000
32737.809000
32787.789000
32887.751000
32987.714000
33037.696000
33137.658000
33237.621000
33337.584000
33387.567000
33487.530000
33587.492000
33637.472000
33737.435000
33837.398000
33887.379000
33987.342000
34087.305000
34137.288000
34237.251000
34337.212000
34387.193000
34487.156000
34587.118000
34637.100000
34737.062000
34837.025000
34936.988000
35036.951000
35136.913000
35186.895000
35286.859000
35386.820000
35436.803000
35536.768000
35636.730000
35686.708000
35786.672000
35886.634000
35936.616000
36036.579000
36136.541000
36186.524000
36286.488000
36386.450000
36436.429000
36536.392000
36636.355000
36686.336000
36786.300000
36886.262000
36936.245000
37036.209000
37086.188000
37186.150000
37286.113000
37336.094000
37436.057000
37536.020000
37586.001000
37685.964000
37785.926000
37835.908000
37935.871000
38035.834000
38085.815000
38185.778000
38285.740000
38385.703000
38435.687000
38535.649000
38635.611000
38685.591000
38785.554000
38885.517000
38935.498000
39035.461000
39135.424000
39185.407000
39285.389000
39385.331000
39435.312000
39535.275000
39635.238000
39685.219000
39785.182000
39885.144000
39985.107000
40035.090000
40135.052000
40235.014000
40284.996000
40384.958000
40484.923000
40534.903000
40634.865000
40734.828000
40784.810000
40884.773000
40984.735000
41034.717000
41134.681000
41234.643000
41334.607000
41384.586000
41484.548000
41584.511000
41684.474000
41734.455000
41834.418000
41934.381000
42034.344000
42084.327000
42184.289000
42284.251000
42384.214000
42484.176000
42534.158000
42634.123000
42734.085000
42834.047000
42934.009000
43033.971000
43083.953000
43183.915000
43283.880000
43383.843000
43433.822000
43533.785000
43633.748000
43733.710000
43833.673000
43883.654000
43983.618000
44083.580000
44133.564000
44233.527000
44333.488000
44433.450000
44483.431000
44583.394000
44683.357000
44733.338000
44833.301000
44933.263000
45033.226000
45083.209000
45183.171000
45283.133000
45333.115000
45433.079000
45533.043000
45583.021000
45682.984000
45782.947000
45832.929000
45932.892000
46032.854000
46082.835000
46182.801000
46282.763000
46332.743000
46432.705000
46532.668000
46632.630000
46682.612000
46782.575000
46882.537000
46932.520000
47032.484000
47132.446000
47232.408000
47282.388000
47382.351000
47482.314000
47532.296000
47632.258000
47732.221000
47832.184000
47932.146000
48032.109000
48132.072000
48182.053000
48282.016000
48381.979000
48481.941000
48531.925000
48631.887000
48731.849000
48831.811000
48881.792000
48981.755000
49081.719000
49181.683000
49281.645000
49331.625000
49431.587000
49531.551000
49631.513000
49681.494000
49781.457000
49881.420000
49931.404000
50031.366000
50131.328000
50231.290000
50331.252000
50381.233000
50481.198000
50581.161000
50631.141000
50731.103000
50831.066000
50881.048000
50981.010000
51080.973000
51180.936000
51230.919000
51330.882000
51430.842000
51530.805000
51630.769000
51680.750000
51780.712000
51880.675000
51980.639000
52080.602000
52180.565000
52230.545000
52330.507000
52430.470000
52530.433000
52580.414000
52680.377000
52780.340000
52880.302000
52980.265000
53030.247000
53130.210000
53230.173000
53330.135000
53380.117000
53480.081000
53580.044000
53680.005000
53729.986000
53829.949000
53929.911000
54029.874000
54079.856000
54179.818000
54279.781000
54379.744000
54479.706000
54579.669000
54679.632000
54729.613000
54829.576000
54929.540000
55029.503000
55129.464000
55229.427000
55329.390000
55429.353000
55479.334000
55579.297000
55679.261000
55779.222000
55879.185000
55979.148000
56079.111000
56129.092000
56229.055000
56329.017000
56428.980000
56528.943000
56628.906000
56678.887000
56778.851000
56878.813000
56928.794000
57028.759000
57128.721000
57228.684000
57278.664000
57378.626000
57478.589000
57578.552000
57628.533000
57728.496000
57828.459000
57878.442000
57978.404000
58078.366000
58178.328000
58228.310000
58328.274000
58428.237000
58528.200000
58578.179000
58678.142000
58778.105000
58828.086000
58928.049000
59028.012000
59127.974000
59177.958000
59277.921000
59377.883000
59477.845000
59527.825000
59627.789000
59727.751000
59777.732000
59877.695000
