33.326000
66.653000
99.979000
133.307000
166.634000
199.961000
233.288000
266.616000
299.943000
333.270000
366.597000
399.924000
433.252000
466.579000
499.906000
533.234000
566.561000
599.888000
633.215000
666.542000
699.870000
733.197000
766.525000
799.851000
833.179000
866.506000
899.834000
933.160000
966.488000
999.815000
1033.144000
1066.470000
1099.798000
1133.125000
1233.107000
1333.087000
1399.741000
1499.726000
1566.380000
1666.360000
1733.014000
1832.998000
1932.977000
1999.632000
2099.614000
2166.268000
2266.250000
2366.232000
2466.214000
2566.195000
2632.850000
2732.832000
2832.814000
2932.798000
3032.777000
3132.760000
3199.415000
3299.394000
3399.379000
3499.357000
3566.012000
3665.996000
3765.976000
3865.960000
3932.612000
4032.594000
4132.575000
4232.557000
4332.539000
4399.193000
4499.175000
4599.156000
4699.139000
4765.793000
4865.774000
4965.758000
5032.413000
5132.393000
5199.047000
5299.031000
5399.010000
5465.664000
5565.648000
5632.303000
5732.283000
5798.937000
5898.919000
5965.573000
6065.555000
6132.209000
6232.191000
6332.173000
6398.827000
6498.809000
6565.463000
6665.446000
6765.427000
6832.082000
6932.065000
7032.046000
7098.699000
7198.683000
7265.337000
7365.317000
7431.972000
7531.956000
7631.935000
7698.590000
7798.572000
7898.553000
7965.207000
8065.189000
8165.171000
8231.826000
8331.810000
8431.790000
8498.445000
8598.425000
8665.079000
8765.063000
8831.717000
8931.697000
9031.682000
9098.335000
9198.315000
9264.969000
9364.951000
9464.933000
9531.587000
9631.569000
9698.223000
9798.205000
9898.187000
9964.841000
10064.823000
10131.478000
10231.459000
10331.443000
10398.097000
10498.077000
10598.061000
10664.716000
10764.695000
10864.678000
10931.333000
11031.313000
11131.294000
11231.277000
11297.930000
11397.912000
11497.894000
11564.548000
11664.530000
11764.512000
11831.167000
11931.148000
11997.802000
12097.786000
12197.767000
12297.751000
12397.729000
12497.714000
12597.693000
12664.347000
12764.330000
12897.637000
12997.619000
13097.601000
13197.583000
13264.237000
13364.219000
13464.201000
13564.182000
13664.166000
13764.145000
13830.800000
13930.784000
14030.764000
14097.418000
14197.402000
14297.381000
14364.036000
14464.020000
14563.999000
14630.653000
14730.679000
14830.617000
14897.271000
14997.253000
15097.237000
15197.217000
15263.871000
15363.853000
15463.834000
15563.817000
15663.797000
15763.781000
15863.761000
15963.745000
16063.724000
16163.708000
16230.363000
16363.672000
16463.651000
16563.632000
16630.287000
16730.268000
16830.251000
16930.232000
17030.215000
17130.196000
17230.177000
17330.160000
17430.141000
17530.125000
17630.104000
17696.758000
17796.742000
17896.722000
17996.705000
18063.360000
18163.339000
18229.994000
18329.976000
18429.957000
18496.612000
18596.593000
18696.575000
18763.230000
18863.212000
18963.195000
19029.851000
19129.829000
19229.813000
19296.467000
19396.448000
19463.101000
19563.084000
19663.065000
19729.719000
19829.704000
19896.355000
19996.337000
20096.319000
20162.973000
20262.955000
20362.937000
20429.591000
20529.573000
20596.228000
20696.209000
20796.192000
20862.848000
20962.827000
21029.481000
21129.465000
21229.444000
21296.099000
21396.082000
21496.062000
21562.716000
21662.698000
21729.352000
21829.334000
21929.316000
21995.970000
22095.953000
22162.607000
22262.589000
22329.243000
22429.226000
22529.206000
22595.860000
22695.845000
22762.499000
22862.479000
22962.462000
23062.442000
23129.096000
23229.081000
23295.732000
23395.714000
23495.696000
23562.350000
23662.333000
23728.986000
23828.968000
23928.950000
23995.604000
24095.586000
24162.240000
24262.223000
24328.878000
24428.858000
24528.842000
24595.497000
24695.476000
24762.130000
24862.114000
24962.093000
25028.749000
25128.730000
25195.384000
25295.366000
25362.021000
25462.002000
25561.984000
25628.639000
25728.620000
25795.274000
25895.257000
25995.237000
26061.892000
26161.876000
26261.855000
26328.510000
26428.494000
26528.473000
26595.127000
26695.110000
26795.091000
26895.073000
26995.054000
27061.708000
27161.691000
27261.672000
27328.327000
27428.309000
27494.962000
27594.946000
27694.926000
27761.580000
27894.889000
27994.873000
28061.527000
28161.507000
28261.489000
28361.472000
28461.452000
28561.434000
28661.415000
28761.397000
28861.379000
28928.033000
29028.016000
29127.997000
29194.651000
29294.635000
29394.614000
29494.598000
29627.908000
29727.889000
29827.871000
29927.850000
30027.836000
30127.813000
30227.795000
30327.777000
30394.431000
30527.741000
30594.395000
30694.376000
30761.030000
30861.013000
30960.994000
31027.649000
31127.630000
31227.612000
31294.266000
31394.248000
31494.230000
31560.883000
31660.866000
31727.520000
31827.501000
31927.483000
31994.137000
32094.119000
32160.774000
32260.755000
32327.410000
32427.393000
32527.373000
32594.028000
32694.012000
32760.666000
32893.975000
32960.629000
33060.610000
33127.263000
33227.247000
33327.227000
33393.881000
33493.862000
33560.517000
33660.499000
33727.153000
33827.135000
33893.789000
33993.771000
34093.753000
34160.407000
34260.391000
34327.045000
34427.025000
34493.679000
34593.663000
34660.318000
34760.297000
34860.281000
34926.933000
35026.916000
35093.569000
35193.551000
35293.532000
35360.187000
35460.170000
35526.824000
35626.806000
35693.460000
35793.441000
35893.424000
35960.079000
36060.059000
36126.713000
36226.698000
36326.676000
36393.331000
36493.315000
36559.968000
36659.949000
36726.603000
36826.585000
36893.239000
36993.221000
37093.203000
37159.857000
37259.839000
37326.494000
37426.475000
37493.129000
37593.112000
37659.767000
37759.747000
37859.731000
37959.710000
38026.365000
38126.348000
38193.003000
38292.983000
38359.637000
38459.618000
38559.600000
38626.255000
38726.236000
38792.891000
38892.873000
38959.528000
39059.510000
39159.492000
39226.146000
39326.126000
39392.781000
39492.765000
39559.419000
39659.398000
39759.382000
39826.037000
39926.016000
39992.670000
40092.652000
40192.634000
40259.288000
40359.271000
40425.925000
40525.907000
40592.561000
40725.871000
40792.525000
40892.505000
40992.489000
41092.471000
41192.453000
41259.107000
41359.087000
41459.068000
41559.050000
41659.032000
41725.686000
41825.668000
41925.649000
42025.632000
42092.286000
42192.267000
42292.250000
42392.230000
42458.885000
42558.868000
42658.848000
42725.502000
42825.486000
42958.795000
43058.777000
43158.756000
43225.411000
43325.392000
43425.375000
43492.029000
43592.010000
43658.666000
43758.646000
43825.301000
43925.284000
44025.265000
44091.919000
44191.903000
44291.882000
44358.537000
44458.521000
44525.175000
44625.154000
44725.136000
44825.118000
44891.772000
44991.754000
45058.408000
45158.390000
45258.371000
45325.026000
45425.009000
45491.663000
45591.644000
45658.298000
45758.282000
45824.936000
45924.916000
45991.570000
46091.554000
46191.534000
46258.189000
46358.171000
46458.151000
46558.133000
46658.115000
46724.769000
46824.751000
46924.733000
46991.387000
47091.368000
47191.351000
47258.005000
47357.986000
47457.968000
47524.622000
47624.604000
47724.586000
47824.567000
47891.222000
47991.204000
48091.185000
48191.167000
48257.821000
48357.803000
48457.784000
48524.439000
48624.422000
48691.076000
48791.056000
48891.040000
48957.694000
49057.676000
49124.329000
49224.312000
49324.292000
49390.946000
49490.930000
49557.585000
49657.564000
49757.546000
49824.200000
49924.182000
49990.836000
50090.818000
50190.800000
50257.455000
50357.437000
50424.090000
50524.074000
50590.728000
50690.708000
50790.692000
50857.347000
50957.326000
51023.982000
51123.964000
51190.618000
51290.598000
51390.580000
51457.234000
51557.216000
51657.197000
51723.852000
51823.835000
51923.815000
51990.470000
52090.453000
52157.107000
52257.087000
52357.071000
52423.725000
52523.705000
52623.689000
52690.343000
52790.323000
52856.978000
52956.963000
53056.940000
53156.922000
53256.904000
53323.558000
53423.540000
53523.523000
53590.177000
53690.158000
53790.141000
53890.121000
53956.775000
54056.759000
54156.738000
54256.722000
54356.711000
54456.684000
54523.338000
54623.320000
54723.301000
54823.283000
54923.265000
55023.247000
55123.228000
55189.883000
55289.865000
55389.846000
55489.830000
55589.809000
55656.463000
55756.447000
55856.427000
55956.410000
56056.391000
56156.372000
56223.026000
56323.008000
56389.662000
56489.644000
56589.626000
56656.280000
56756.261000
56856.245000
56956.225000
57022.880000
57122.863000
57189.518000
57289.497000
57389.481000
57456.135000
57556.115000
57656.097000
57722.751000
57822.733000
57889.387000
57989.368000
58089.350000
58189.332000
58255.986000
58355.969000
58455.950000
58522.604000
58622.588000
58722.567000
58789.222000
58889.206000
58955.860000
59055.840000
59122.494000
59222.478000
59322.457000
59389.111000
59489.093000
59589.075000
59655.729000
59755.711000
59822.366000
59922.348000
60022.330000
60088.983000
