49.981000
99.963000
149.944000
199.926000
249.907000
299.890000
349.869000
399.853000
449.832000
499.815000
549.795000
599.777000
649.758000
699.739000
749.720000
799.702000
849.683000
899.665000
949.648000
999.627000
1049.611000
1099.590000
1149.574000
1199.553000
1249.535000
1299.515000
1349.497000
1399.478000
1449.459000
1499.441000
1549.422000
1599.404000
1649.385000
1699.369000
1749.348000
1799.331000
1849.310000
1899.293000
1949.273000
1999.256000
2049.236000
2099.217000
2149.199000
2199.180000
2249.161000
2299.143000
2349.124000
2399.106000
2449.089000
2499.068000
2549.052000
2599.031000
2649.014000
2698.994000
2748.976000
2798.957000
2848.938000
2898.919000
2948.901000
2998.882000
3048.863000
3098.845000
3148.826000
3198.810000
3248.789000
3298.772000
3348.752000
3398.734000
3448.714000
3498.696000
3548.677000
3598.659000
3648.640000
3698.621000
3748.602000
3798.584000
3848.567000
3898.547000
3948.530000
3998.509000
4048.493000
4098.472000
4148.455000
4198.435000
4248.416000
4298.398000
4348.379000
4398.360000
4448.342000
4498.323000
4548.305000
4598.288000
4648.267000
4698.251000
4748.230000
4798.214000
4848.193000
4898.175000
4948.156000
4998.137000
5048.118000
5098.099000
5148.081000
5198.062000
5248.044000
5298.025000
5348.008000
5397.988000
5447.971000
5497.951000
5547.934000
5597.913000
5647.895000
5697.876000
5747.857000
5797.839000
5847.820000
5897.801000
5947.783000
5997.764000
6047.746000
6097.729000
6147.708000
6197.692000
6247.671000
6297.654000
6347.634000
6397.616000
6447.596000
6497.578000
6547.559000
6597.541000
6647.522000
6697.503000
6747.486000
6797.466000
6847.449000
6897.428000
6947.412000
6997.391000
7047.374000
7097.354000
7147.336000
7197.317000
7247.298000
7297.280000
7347.261000
7397.242000
7447.224000
7497.207000
7547.186000
7597.170000
7647.149000
7697.133000
7747.112000
7797.094000
7847.074000
7897.057000
7947.038000
7997.019000
8047.000000
8096.981000
8146.963000
8196.944000
8246.927000
8296.907000
8346.890000
8396.869000
8446.853000
8496.832000
8546.815000
8596.795000
8646.777000
8696.758000
8746.739000
8796.720000
8846.702000
8896.683000
8946.664000
8996.648000
9046.627000
9096.611000
9146.590000
9196.575000
9246.553000
9296.536000
9346.515000
9396.498000
9446.478000
9496.460000
9546.441000
9596.422000
9646.403000
9696.385000
9746.368000
9796.348000
9846.331000
9896.310000
9946.294000
9996.273000
10046.256000
10096.236000
10146.218000
10196.199000
10246.180000
10296.161000
10346.143000
10396.124000
10446.105000
10496.088000
10546.068000
10596.051000
10646.031000
10696.014000
10745.994000
10795.976000
10845.956000
10895.938000
10945.919000
10995.900000
11045.882000
11095.863000
11145.845000
11195.826000
11245.812000
11295.789000
11345.772000
11395.751000
11445.734000
11495.714000
11545.696000
11595.677000
11645.658000
11695.640000
11745.621000
11795.602000
11845.583000
11895.565000
11945.546000
11995.529000
12045.509000
12095.492000
12145.472000
12195.455000
12245.434000
12295.417000
12345.397000
12395.379000
12445.360000
12495.341000
12545.323000
12595.304000
12645.285000
12695.267000
12745.250000
12795.229000
12845.213000
12895.192000
12945.176000
12995.155000
13045.137000
13095.117000
13145.099000
13195.080000
13245.062000
13295.043000
13345.024000
13395.006000
13444.987000
13494.970000
13544.950000
13594.933000
13644.913000
13694.896000
13744.875000
13794.857000
13844.838000
13894.819000
13944.801000
13994.782000
14044.763000
14094.745000
14144.726000
14194.707000
14244.690000
14294.670000
14344.654000
14394.633000
14444.616000
14494.596000
14544.578000
14594.558000
14644.540000
14694.521000
14744.502000
14794.484000
14844.465000
14894.446000
14944.428000
14994.411000
15044.391000
15094.374000
15144.353000
15194.337000
15244.316000
15294.299000
15344.279000
15394.260000
15444.242000
15494.223000
15544.204000
15594.185000
15644.167000
15694.148000
15744.132000
15794.111000
15844.095000
15894.074000
15944.057000
15994.036000
16044.019000
16093.999000
16143.980000
16193.962000
16243.943000
16293.925000
16343.906000
16393.889000
16443.868000
16493.852000
16543.831000
16593.815000
16643.794000
16693.777000
16743.757000
16793.739000
16843.719000
16893.701000
16943.682000
16993.663000
17043.645000
17093.627000
17143.607000
17193.589000
17243.572000
17293.552000
17343.535000
17393.514000
17443.497000
17493.477000
17543.459000
17593.440000
17643.421000
17693.402000
17743.384000
17793.365000
17843.347000
17893.330000
17943.309000
17993.293000
18043.272000
18093.255000
18143.235000
18193.218000
18243.197000
18293.180000
18343.160000
18393.141000
18443.123000
18493.104000
18543.085000
18593.067000
18643.048000
18693.030000
18743.012000
18792.993000
18842.976000
18892.955000
18942.938000
18992.918000
19042.900000
19092.881000
19142.862000
19192.844000
19242.825000
19292.806000
19342.787000
19392.769000
19442.750000
19492.734000
19542.713000
19592.696000
19642.676000
19692.658000
19742.638000
19792.620000
19842.601000
19892.583000
19942.564000
19992.545000
20042.527000
20092.508000
20142.492000
20192.470000
20242.454000
20292.433000
20342.417000
20392.396000
20442.379000
20492.358000
20542.340000
20592.321000
20642.302000
20692.284000
20742.266000
20792.247000
20842.228000
20892.211000
20942.191000
20992.174000
21042.154000
21092.137000
21142.116000
21192.099000
21242.079000
21292.061000
21342.042000
21392.023000
21442.004000
21491.986000
21541.967000
21591.948000
21641.930000
21691.911000
21741.894000
21791.874000
21841.858000
21891.836000
21941.819000
21991.799000
22041.781000
22091.762000
22141.743000
22191.725000
22241.706000
22291.687000
22341.669000
22391.651000
22441.631000
22491.616000
22541.594000
22591.578000
22641.557000
22691.540000
22741.520000
22791.502000
22841.482000
22891.464000
22941.445000
22991.426000
23041.408000
23091.389000
23141.372000
23191.352000
23241.335000
23291.315000
23341.298000
23391.277000
23441.261000
23491.240000
23541.223000
23591.203000
23641.184000
23691.165000
23741.147000
23791.128000
23841.110000
23891.091000
23941.072000
23991.056000
24041.035000
24091.019000
24140.998000
24190.982000
24240.960000
24290.942000
24340.923000
24390.905000
24440.886000
24490.867000
24540.849000
24590.830000
24640.813000
24690.792000
24740.774000
24790.755000
24840.736000
24890.718000
24940.699000
24990.680000
25040.662000
25090.643000
25140.624000
25190.606000
25240.587000
25290.570000
25340.550000
25390.531000
25440.513000
25490.496000
25540.475000
25590.459000
25640.438000
25690.422000
25740.401000
25790.383000
25840.363000
25890.345000
25940.326000
25990.308000
26040.289000
26090.270000
26140.252000
26190.233000
26240.217000
26290.196000
26340.179000
26390.158000
26440.141000
26490.121000
26540.104000
26590.084000
26640.065000
26690.047000
26740.028000
26790.009000
26839.991000
26889.974000
26939.953000
26989.937000
27039.916000
27089.900000
27139.879000
27189.862000
27239.842000
27289.824000
27339.804000
27389.786000
27439.767000
27489.748000
27539.730000
27589.711000
27639.692000
27689.674000
27739.657000
27789.636000
27839.620000
27889.599000
27939.582000
27989.562000
28039.544000
28089.524000
28139.506000
28189.487000
28239.468000
28289.450000
28339.432000
28389.413000
28439.394000
28489.377000
28539.357000
28589.340000
28639.320000
28689.303000
28739.282000
28789.264000
28839.245000
28889.226000
28939.207000
28989.189000
29039.170000
29089.151000
29139.133000
29189.114000
29239.097000
29289.077000
29339.061000
29389.040000
29439.023000
29489.003000
29538.986000
29588.965000
29638.947000
29688.928000
29738.909000
29788.891000
29838.872000
29888.853000
29938.835000
29988.818000
30038.797000
30088.781000
30138.760000
30188.743000
30238.723000
30288.705000
30338.685000
30388.667000
30438.648000
30488.630000
30538.611000
30588.592000
30638.573000
30688.555000
30738.538000
30788.518000
30838.501000
30888.480000
30938.463000
30988.443000
31038.425000
31088.406000
31138.388000
31188.369000
31238.350000
31288.331000
31338.312000
31388.294000
31438.275000
31488.258000
31538.238000
31588.222000
31638.200000
31688.184000
31738.163000
31788.146000
31838.126000
31888.108000
31938.089000
31988.070000
32038.052000
32088.033000
32138.014000
32187.995000
32237.978000
32287.958000
32337.942000
32387.921000
32437.904000
32487.883000
32537.867000
32587.846000
32637.828000
32687.809000
32737.790000
32787.772000
32837.753000
32887.735000
32937.716000
32987.698000
33037.679000
33087.662000
33137.641000
33187.625000
33237.604000
33287.586000
33337.567000
33387.549000
33437.529000
33487.512000
33537.492000
33587.473000
33637.455000
33687.436000
33737.419000
33787.399000
33837.382000
33887.362000
33937.345000
33987.324000
34037.307000
34087.287000
34137.269000
34187.249000
34237.231000
34287.212000
34337.194000
34387.175000
34437.156000
34487.140000
34537.119000
34587.103000
34637.082000
34687.065000
34737.044000
34787.027000
34837.007000
34886.989000
34936.970000
34986.951000
35036.933000
35086.914000
35136.895000
35186.877000
35236.860000
35286.839000
35336.823000
35386.802000
35436.786000
35486.765000
35536.747000
35586.727000
35636.709000
35686.690000
35736.671000
35786.653000
35836.634000
35886.616000
35936.597000
35986.580000
36036.560000
36086.544000
36136.522000
36186.506000
36236.485000
36286.468000
36336.448000
36386.430000
36436.410000
36486.392000
36536.373000
36586.355000
36636.336000
36686.317000
36736.298000
36786.280000
36836.264000
36886.243000
36936.226000
36986.205000
37036.188000
37086.168000
37136.151000
37186.131000
37236.113000
37286.093000
37336.075000
37386.056000
37436.038000
37486.019000
37536.000000
37585.984000
37635.963000
37685.947000
37735.926000
37785.909000
37835.888000
37885.871000
37935.851000
37985.833000
38035.814000
38085.795000
38135.776000
38185.758000
38235.739000
38285.720000
38335.704000
38385.684000
38435.667000
38485.646000
38535.627000
38585.608000
38635.590000
38685.571000
38735.553000
38785.534000
38835.515000
38885.503000
38935.478000
38985.459000
39035.441000
39085.424000
39135.403000
39185.387000
39235.366000
39285.350000
39335.329000
39385.311000
39435.291000
39485.274000
39535.254000
39585.236000
39635.217000
39685.198000
39735.180000
39785.161000
39835.144000
39885.124000
39935.107000
39985.086000
40035.070000
40085.049000
40135.031000
40185.012000
40234.993000
40284.975000
40334.956000
40384.937000
40434.919000
40484.900000
40534.881000
40584.865000
40634.844000
40684.827000
40734.807000
40784.790000
40834.769000
40884.752000
40934.732000
40984.714000
41034.695000
41084.676000
41134.657000
41184.639000
41234.620000
41284.602000
41334.585000
41384.564000
41434.548000
41484.527000
41534.510000
41584.490000
41634.472000
41684.452000
41734.434000
41784.415000
41834.396000
41884.378000
41934.359000
41984.341000
42034.322000
42084.305000
42134.284000
42184.268000
42234.247000
42284.231000
42334.210000
42384.193000
42434.173000
42484.154000
42534.135000
42584.117000
42634.098000
42684.080000
42734.061000
42784.042000
42834.025000
42884.005000
42933.988000
42983.967000
43033.951000
43083.930000
43133.913000
43183.893000
43233.875000
43283.856000
43333.837000
43383.818000
43433.799000
43483.781000
43533.762000
43583.745000
43633.725000
43683.708000
43733.688000
43783.672000
43833.651000
43883.633000
43933.613000
43983.595000
44033.576000
44083.557000
44133.539000
44183.520000
44233.501000
44283.482000
44333.466000
44383.445000
44433.429000
44483.408000
44533.392000
44583.371000
44633.354000
44683.333000
44733.316000
44783.296000
44833.277000
44883.259000
44933.240000
44983.222000
45033.203000
45083.186000
45133.166000
45183.149000
45233.128000
45283.112000
45333.091000
45383.074000
45433.054000
45483.036000
45533.017000
45582.998000
45632.979000
45682.960000
45732.942000
45782.923000
45832.904000
45882.886000
45932.870000
45982.849000
46032.832000
46082.812000
46132.794000
46182.774000
46232.756000
46282.737000
46332.718000
46382.699000
46432.680000
46482.662000
46532.643000
46582.625000
46632.606000
46682.589000
46732.569000
46782.552000
46832.531000
46882.515000
46932.494000
46982.476000
47032.457000
47082.438000
47132.420000
47182.401000
47232.382000
47282.364000
47332.345000
47382.326000
47432.310000
47482.289000
47532.272000
47582.252000
47632.235000
47682.214000
47732.197000
47782.177000
47832.159000
47882.140000
47932.121000
47982.103000
48032.084000
48082.065000
48132.047000
48182.029000
48232.009000
48281.993000
48331.972000
48381.955000
48431.935000
48481.917000
48531.898000
48581.879000
48631.860000
48681.842000
48731.823000
48781.804000
48831.786000
48881.767000
48931.749000
48981.729000
49031.713000
49081.692000
49131.675000
49181.655000
49231.638000
49281.618000
49331.600000
49381.580000
49431.562000
49481.543000
49531.524000
49581.506000
49631.487000
49681.469000
49731.450000
49781.433000
49831.412000
49881.396000
49931.375000
49981.358000
50031.338000
50081.320000
50131.301000
50181.283000
50231.263000
50281.245000
50331.226000
50381.208000
50431.191000
50481.171000
50531.153000
50581.133000
50631.117000
50681.096000
50731.079000
50781.058000
50831.041000
50881.021000
50931.003000
50980.984000
51030.965000
51080.946000
51130.928000
51180.914000
51230.890000
51280.874000
51330.853000
51380.837000
51430.815000
51480.800000
51530.778000
51580.761000
51630.741000
51680.723000
51730.704000
51780.686000
51830.666000
51880.648000
51930.632000
51980.611000
52030.594000
52080.573000
52130.557000
52180.536000
52230.519000
52280.499000
52330.480000
52380.461000
52430.443000
52480.424000
52530.405000
52580.387000
52630.368000
52680.349000
52730.331000
52780.313000
52830.293000
52880.277000
52930.256000
52980.239000
53030.219000
53080.202000
53130.181000
53180.163000
53230.145000
53280.126000
53330.107000
53380.088000
53430.070000
53480.052000
53530.035000
53580.014000
53629.997000
53679.977000
53729.960000
53779.939000
53829.921000
53879.902000
53929.884000
53979.865000
54029.846000
54079.828000
54129.809000
54179.790000
54229.771000
54279.754000
54329.734000
54379.718000
54429.697000
54479.680000
54529.659000
54579.642000
54629.622000
54679.604000
54729.585000
54779.566000
54829.548000
54879.529000
54929.510000
54979.492000
55029.475000
55079.454000
55129.438000
55179.417000
55229.400000
55279.380000
55329.362000
55379.342000
55429.324000
55479.305000
55529.286000
55579.268000
55629.249000
55679.230000
55729.212000
55779.194000
55829.174000
55879.158000
55929.138000
55979.121000
56029.100000
56079.082000
56129.062000
56179.044000
56229.025000
56279.007000
56328.988000
56378.969000
56428.951000
56478.932000
56528.915000
56578.895000
56628.878000
56678.857000
56728.841000
56778.820000
56828.803000
56878.783000
56928.765000
56978.745000
57028.727000
57078.708000
57128.689000
57178.671000
57228.652000
57278.634000
57328.615000
57378.599000
57428.577000
57478.561000
57528.540000
57578.523000
57628.503000
57678.485000
57728.466000
57778.447000
57828.428000
57878.410000
57928.391000
57978.373000
58028.355000
58078.335000
58128.319000
58178.298000
58228.281000
58278.261000
58328.243000
58378.223000
58428.205000
58478.186000
58528.167000
58578.149000
58628.130000
58678.111000
58728.093000
58778.074000
58828.056000
58878.038000
58928.018000
58978.002000
59027.981000
59077.964000
59127.944000
59177.926000
59227.906000
59277.888000
59327.869000
59377.850000
59427.832000
59477.813000
59527.794000
59577.776000
59627.759000
59677.739000
59727.722000
59777.701000
59827.684000
59877.664000
59927.647000
59977.626000
60027.608000
60077.589000
60127.570000
60177.552000
60227.533000
60277.515000
