49.983000
99.963000
149.945000
199.926000
249.907000
299.888000
349.870000
399.851000
449.833000
499.815000
549.796000
599.779000
649.758000
699.741000
749.721000
799.704000
849.684000
899.665000
949.647000
999.628000
1049.610000
1099.591000
1149.574000
1199.554000
1249.537000
1299.517000
1349.500000
1399.479000
1449.462000
1499.442000
1549.424000
1599.405000
1649.386000
1699.368000
1749.349000
1799.331000
1849.312000
1899.295000
1949.275000
1999.258000
2049.238000
2099.220000
2149.200000
2199.182000
2249.163000
2299.145000
2349.126000
2399.107000
2449.089000
2499.070000
2549.054000
2599.033000
2649.017000
2698.996000
2748.979000
2798.959000
2848.941000
2898.921000
2948.903000
2998.884000
3048.866000
3098.847000
3148.828000
3198.811000
3248.791000
3298.775000
3348.754000
3398.738000
3448.717000
3498.700000
3548.680000
3598.663000
3648.643000
3698.624000
3748.605000
3798.587000
3848.568000
3898.549000
3948.532000
3998.512000
4048.496000
4098.475000
4148.458000
4198.438000
4248.420000
4298.400000
4348.382000
4398.363000
4448.345000
4498.326000
4548.308000
4598.289000
4648.270000
4698.254000
4748.233000
4798.217000
4848.196000
4898.178000
4948.159000
4998.140000
5048.122000
5098.103000
5148.084000
5198.066000
5248.047000
5298.028000
5348.010000
5397.991000
5447.973000
5497.954000
5547.936000
5597.917000
5647.899000
5697.880000
5747.861000
5797.842000
5847.824000
5897.805000
5947.786000
5997.770000
6047.749000
6097.733000
6147.712000
6197.695000
6247.675000
6297.657000
6347.638000
6397.619000
6447.600000
6497.582000
6547.563000
6597.545000
6647.528000
6697.507000
6747.491000
6797.470000
6847.454000
6897.433000
6947.415000
6997.396000
7047.377000
7097.359000
7147.340000
7197.321000
7247.303000
7297.284000
7347.265000
7397.249000
7447.228000
7497.212000
7547.191000
7597.174000
7647.154000
7697.136000
7747.117000
7797.098000
7847.079000
7897.061000
7947.042000
7997.024000
8047.009000
8096.986000
8146.970000
8196.949000
8246.933000
8296.912000
8346.895000
8396.875000
8446.856000
8496.838000
8546.819000
8596.800000
8646.782000
8696.763000
8746.745000
8796.727000
8846.707000
8896.691000
8946.670000
8996.653000
9046.633000
9096.615000
9146.596000
9196.577000
9246.558000
9296.540000
9346.521000
9396.503000
9446.486000
9496.465000
9546.449000
9596.428000
9646.411000
9696.391000
9746.374000
9796.354000
9846.335000
9896.316000
9946.298000
9996.279000
10046.261000
10096.242000
10146.223000
10196.207000
10246.186000
10296.169000
10346.149000
10396.132000
10446.112000
10496.094000
10546.075000
10596.056000
10646.037000
10696.019000
10746.000000
10795.981000
10845.964000
10895.944000
10945.928000
10995.907000
11045.890000
11095.870000
11145.852000
11195.833000
11245.814000
11295.795000
11345.777000
11395.758000
11445.739000
11495.721000
11545.702000
11595.686000
11645.665000
11695.648000
11745.628000
11795.611000
11845.591000
11895.573000
11945.553000
11995.535000
12045.516000
12095.498000
12145.479000
12195.461000
12245.444000
12295.423000
12345.407000
12395.386000
12445.369000
12495.349000
12545.332000
12595.312000
12645.293000
12695.274000
12745.255000
12795.237000
12845.219000
12895.200000
12945.181000
12995.165000
13045.144000
13095.127000
13145.107000
13195.090000
13245.069000
13295.052000
13345.032000
13395.014000
13444.995000
13494.977000
13544.958000
13594.939000
13644.922000
13694.902000
13744.886000
13794.865000
13844.848000
13894.828000
13944.810000
13994.791000
14044.772000
14094.753000
14144.734000
14194.716000
14244.698000
14294.679000
14344.660000
14394.643000
14444.623000
14494.606000
14544.586000
14594.569000
14644.548000
14694.531000
14744.511000
14794.493000
14844.474000
14894.455000
14944.437000
14994.418000
15044.401000
15094.381000
15144.364000
15194.344000
15244.327000
15294.306000
15344.289000
15394.269000
15444.251000
15494.232000
15544.213000
15594.195000
15644.176000
15694.157000
15744.139000
15794.122000
15844.102000
15894.085000
15944.064000
15994.047000
16044.027000
16094.009000
16143.990000
16193.971000
16243.953000
16293.934000
16343.915000
16393.897000
16443.880000
16493.860000
16543.843000
16593.822000
16643.806000
16693.785000
16743.768000
16793.748000
16843.731000
16893.711000
16943.693000
16993.674000
17043.655000
17093.636000
17143.618000
17193.601000
17243.580000
17293.564000
17343.543000
17393.527000
17443.506000
17493.488000
17543.469000
17593.451000
17643.431000
17693.413000
17743.394000
17793.376000
17843.359000
17893.339000
17943.322000
17993.301000
18043.285000
18093.264000
18143.247000
18193.227000
18243.209000
18293.190000
18343.171000
18393.152000
18443.134000
18493.115000
18543.096000
18593.079000
18643.059000
18693.043000
18743.022000
18793.005000
18842.985000
18892.967000
18942.947000
18992.929000
19042.910000
19092.892000
19142.873000
19192.855000
19242.836000
19292.817000
19342.798000
19392.780000
19442.763000
19492.743000
19542.725000
19592.706000
19642.688000
19692.668000
19742.650000
19792.631000
19842.612000
19892.594000
19942.575000
19992.558000
20042.538000
20092.522000
20142.501000
20192.486000
20242.463000
20292.446000
20342.426000
20392.408000
20442.389000
20492.370000
20542.352000
20592.333000
20642.314000
20692.296000
20742.279000
20792.259000
20842.242000
20892.221000
20942.204000
20992.184000
21042.166000
21092.147000
21142.128000
21192.110000
21242.091000
21292.072000
21342.054000
21392.037000
21442.017000
21492.000000
21541.979000
21591.963000
21641.942000
21691.925000
21741.905000
21791.887000
21841.868000
21891.849000
21941.830000
21991.812000
22041.793000
22091.775000
22141.758000
22191.737000
22241.721000
22291.700000
22341.683000
22391.663000
22441.645000
22491.625000
22541.607000
22591.588000
22641.570000
22691.551000
22741.533000
22791.515000
22841.495000
22891.478000
22941.458000
22991.441000
23041.421000
23091.404000
23141.384000
23191.366000
23241.346000
23291.328000
23341.309000
23391.290000
23441.272000
23491.253000
23541.235000
23591.216000
23641.200000
23691.179000
23741.162000
23791.142000
23841.124000
23891.104000
23941.086000
23991.067000
24041.049000
24091.030000
24141.011000
24190.993000
24240.974000
24290.958000
24340.937000
24390.920000
24440.900000
24490.883000
24540.862000
24590.845000
24640.825000
24690.807000
24740.788000
24790.769000
24840.750000
24890.732000
24940.713000
24990.695000
25040.678000
25090.657000
25140.641000
25190.620000
25240.603000
25290.583000
25340.565000
25390.546000
25440.527000
25490.508000
25540.490000
25590.471000
25640.453000
25690.435000
25740.415000
25790.399000
25840.378000
25890.361000
25940.341000
25990.323000
26040.304000
26090.285000
26140.266000
26190.248000
26240.229000
26290.210000
26340.192000
26390.174000
26440.156000
26490.136000
26540.120000
26590.099000
26640.082000
26690.061000
26740.044000
26790.024000
26840.006000
26889.987000
26939.968000
26989.950000
27039.931000
27089.913000
27139.894000
27189.878000
27239.857000
27289.840000
27339.819000
27389.802000
27439.782000
27489.764000
27539.745000
27589.727000
27639.708000
27689.689000
27739.670000
27789.652000
27839.635000
27889.615000
27939.598000
27989.577000
28039.561000
28089.540000
28139.522000
28189.503000
28239.484000
28289.466000
28339.447000
28389.429000
28439.410000
28489.391000
28539.373000
30138.777000
30188.760000
30238.740000
30288.722000
30338.702000
30388.684000
30438.665000
30488.647000
30538.628000
30588.609000
30638.597000
30688.572000
30738.556000
30788.535000
30838.519000
30888.497000
30938.480000
30988.460000
31038.443000
31088.423000
31138.405000
31188.386000
31238.367000
31288.348000
31338.330000
31388.313000
31438.293000
31488.277000
31538.256000
31588.239000
31638.218000
31688.201000
31738.181000
31788.163000
31838.144000
31888.126000
31938.106000
31988.088000
32038.069000
32088.050000
32138.034000
32188.013000
32237.997000
32287.976000
32337.960000
32387.939000
32437.922000
32487.901000
32537.883000
32587.864000
32637.846000
32687.827000
32737.808000
32787.790000
32837.771000
32887.753000
32937.734000
32987.715000
33037.697000
33087.678000
33137.659000
33187.641000
33237.622000
33287.603000
33337.585000
33387.566000
33437.548000
33487.529000
33537.512000
33587.492000
33637.475000
33687.455000
33737.438000
33787.417000
33837.400000
33887.380000
33937.362000
33987.343000
34037.324000
34087.306000
34137.287000
34187.268000
34237.250000
34287.233000
34337.212000
34387.196000
34437.175000
34487.158000
34537.138000
34587.120000
34637.101000
34687.082000
34737.064000
34787.045000
34837.026000
34887.008000
34936.989000
34986.970000
35036.954000
35086.933000
35136.916000
35186.896000
35236.879000
35286.859000
35336.841000
35386.822000
35436.803000
35486.784000
35536.766000
35586.747000
35636.728000
35686.711000
35736.691000
35786.675000
35836.654000
35886.637000
35936.617000
35986.600000
36036.579000
36086.562000
36136.542000
36186.523000
36236.505000
36286.486000
36336.468000
36386.449000
36436.433000
36486.412000
36536.396000
36586.375000
36636.358000
36686.337000
36736.320000
36786.300000
36836.282000
36886.263000
36936.244000
36986.226000
37036.207000
37086.190000
37136.170000
37186.153000
37236.132000
37286.116000
37336.095000
37386.078000
37436.058000
37486.040000
37536.021000
37586.002000
37635.983000
37685.965000
37735.946000
37785.928000
37835.910000
37885.890000
37935.874000
37985.853000
38035.837000
38085.816000
38135.798000
38185.779000
38235.760000
38285.741000
38335.723000
38385.704000
38435.685000
38485.667000
38535.648000
38585.632000
38635.611000
38685.595000
38735.574000
38785.557000
38835.537000
38885.519000
38935.500000
38985.481000
39035.462000
39085.443000
39135.425000
39185.406000
39235.388000
39285.369000
39335.353000
39385.332000
39435.315000
39485.295000
39535.277000
39585.257000
39635.239000
39685.220000
39735.201000
39785.183000
39835.164000
39885.145000
39935.127000
39985.110000
40035.090000
40085.073000
40135.053000
40185.036000
40235.015000
40284.998000
40334.978000
40384.960000
40434.941000
40484.922000
40534.903000
40584.885000
40634.866000
40684.848000
40734.832000
40784.811000
40834.794000
40884.773000
40934.756000
40984.736000
41034.718000
41084.699000
41134.680000
41184.661000
41234.642000
41284.624000
41334.605000
41384.587000
41434.568000
41484.552000
41534.531000
41584.514000
41634.494000
41684.476000
41734.457000
41784.439000
41834.419000
41884.401000
41934.382000
41984.363000
42034.345000
42084.326000
42134.309000
42184.289000
42234.272000
42284.252000
42334.235000
42384.214000
42434.197000
42484.177000
42534.159000
42584.140000
42634.121000
42684.103000
42734.084000
42784.065000
42834.047000
42884.030000
42934.009000
42983.993000
43033.972000
43083.955000
43133.935000
43183.917000
43233.898000
43283.879000
43333.860000
43383.842000
43433.823000
43483.805000
43533.788000
43583.767000
43633.751000
43683.730000
43733.713000
43783.693000
43833.676000
43883.656000
43933.638000
43983.618000
44033.600000
44083.581000
44133.562000
44183.544000
44233.525000
44283.508000
44333.488000
44383.472000
44433.451000
44483.435000
44533.413000
44583.396000
44633.376000
44683.359000
44733.339000
44783.321000
44833.302000
44883.283000
44933.265000
44983.246000
45033.229000
45083.209000
45133.192000
45183.171000
45233.155000
45283.134000
45333.117000
45383.097000
45433.079000
45483.060000
45533.041000
45583.022000
45633.004000
45682.985000
45732.967000
45782.950000
45832.929000
45882.913000
45932.892000
45982.876000
46032.855000
46082.838000
46132.818000
46182.800000
46232.780000
46282.762000
46332.743000
46382.724000
46432.706000
46482.687000
46532.671000
46582.650000
46632.631000
46682.613000
46732.594000
46782.575000
46832.557000
46882.538000
46932.520000
46982.501000
47032.487000
47082.464000
47132.445000
47182.428000
47232.408000
47282.391000
47332.370000
47382.354000
47432.333000
47482.316000
47532.296000
47582.278000
47632.259000
47682.240000
47732.221000
47782.203000
47832.184000
47882.166000
47932.149000
47982.128000
48032.112000
48082.091000
48132.074000
48182.054000
48232.036000
48282.017000
48331.998000
48381.979000
48431.961000
48481.942000
48531.923000
48581.905000
48631.886000
48681.870000
48731.849000
48781.833000
48831.812000
48881.795000
48931.774000
48981.757000
49031.737000
49081.719000
49131.700000
49181.681000
49231.663000
49281.644000
49331.628000
49381.607000
49431.590000
49481.570000
49531.553000
49581.532000
49631.515000
49681.495000
49731.477000
49781.458000
49831.439000
49881.421000
49931.402000
49981.383000
50031.365000
50081.348000
50131.327000
50181.311000
50231.290000
50281.274000
50331.253000
50381.235000
50431.216000
50481.197000
50531.178000
50581.160000
50631.141000
50681.123000
50731.104000
50781.085000
50831.069000
50881.048000
50931.032000
50981.011000
51030.994000
51080.974000
51130.956000
51180.936000
51230.918000
51280.900000
51330.880000
51380.862000
51430.843000
51480.826000
51530.806000
51580.789000
51630.769000
51680.752000
51730.731000
51780.714000
51830.694000
51880.676000
51930.657000
51980.638000
52030.620000
52080.601000
52130.582000
52180.564000
52230.546000
52280.526000
52330.510000
52380.489000
52430.473000
52480.452000
52530.434000
52580.415000
52630.397000
52680.378000
52730.359000
52780.340000
52830.322000
52880.303000
52930.285000
52980.268000
53030.247000
53080.231000
53130.210000
53180.193000
53230.173000
53280.155000
53330.135000
53380.117000
53430.098000
53480.079000
53530.061000
53580.042000
53630.024000
53680.005000
53729.988000
53779.968000
53829.952000
53879.930000
53929.913000
53979.893000
54029.875000
54079.856000
54129.837000
54179.819000
54229.800000
54279.781000
54329.763000
54379.745000
54429.726000
54479.709000
54529.688000
54579.672000
54629.652000
54679.634000
54729.614000
54779.596000
54829.577000
54879.558000
54929.539000
54979.521000
55029.502000
55079.483000
55129.466000
55179.446000
55229.430000
55279.409000
55329.392000
55379.372000
55429.354000
55479.335000
55529.316000
55579.297000
55629.279000
55679.260000
55729.241000
55779.223000
55829.204000
55879.188000
55929.167000
55979.150000
56029.129000
56079.113000
56129.092000
56179.074000
56229.055000
56279.037000
56329.018000
56378.999000
56428.980000
56478.962000
56528.944000
56578.925000
56628.909000
56678.887000
56728.871000
56778.850000
56828.833000
56878.813000
56928.795000
56978.776000
57028.757000
57078.738000
57128.720000
57178.701000
57228.682000
57278.666000
57328.645000
57378.629000
57428.608000
57478.591000
57528.571000
57578.553000
57628.534000
57678.515000
57728.496000
57778.478000
57828.459000
57878.441000
57928.422000
57978.403000
58028.385000
58078.366000
58128.349000
58178.329000
58228.312000
58278.291000
58328.274000
58378.254000
58428.236000
58478.217000
58528.199000
58578.180000
58628.161000
58678.142000
58728.124000
58778.107000
58828.087000
58878.070000
58928.049000
58978.033000
59028.012000
59077.994000
59127.975000
59177.957000
59227.938000
59277.919000
59327.900000
59377.881000
59427.863000
59477.844000
59527.828000
59577.807000
59627.791000
59677.770000
59727.753000
59777.733000
59827.715000
59877.695000
59927.677000
59977.658000
60027.640000
60077.621000
60127.602000
60177.585000
