99.981000
199.963000
299.945000
399.926000
499.908000
599.891000
699.871000
799.854000
899.835000
999.818000
1099.798000
1199.782000
1299.762000
1399.746000
1499.725000
1599.709000
1699.688000
1799.672000
1899.652000
1999.633000
2099.615000
2199.597000
2299.579000
2399.560000
2499.542000
2599.524000
2699.507000
2799.487000
2899.471000
2999.451000
3099.434000
3199.414000
3299.398000
3399.377000
3499.361000
3599.341000
3699.322000
3799.304000
3899.286000
3999.267000
4099.249000
4199.231000
4299.212000
4399.195000
4499.176000
4599.159000
4699.139000
4799.123000
4899.102000
4999.087000
5099.066000
5199.049000
5299.029000
5399.011000
5498.993000
5598.974000
5698.956000
5798.938000
5898.919000
5998.901000
6098.884000
6198.864000
6298.847000
6398.828000
6498.811000
6598.791000
6698.775000
6798.754000
6898.738000
6998.718000
7098.700000
7198.681000
7298.663000
7398.645000
7498.626000
7598.609000
7698.589000
7798.572000
7898.553000
7998.537000
8098.516000
8198.501000
8298.480000
8398.464000
8498.443000
8598.427000
8698.406000
8798.390000
8898.370000
8998.352000
9098.334000
9198.315000
9298.297000
9398.278000
9498.260000
9598.242000
9698.224000
9798.205000
9898.186000
9998.168000
10098.150000
10198.132000
10298.113000
10398.095000
10498.077000
10598.058000
10698.040000
10798.021000
10898.003000
10997.985000
11097.967000
11197.949000
11297.930000
11397.913000
11497.894000
11597.877000
11697.857000
11797.841000
11897.820000
11997.802000
12097.783000
12197.765000
12297.746000
12397.728000
12497.710000
12597.691000
12697.674000
12797.655000
12897.637000
12997.618000
13097.601000
13197.582000
13297.565000
13397.545000
13497.528000
13597.508000
13697.492000
13797.471000
13897.453000
13997.435000
14097.416000
14197.398000
14297.380000
14397.362000
14497.343000
14597.326000
14697.307000
14797.290000
14897.270000
14997.253000
15097.233000
15197.217000
15297.196000
15397.180000
15497.160000
15597.141000
15697.123000
15797.105000
15897.086000
15997.068000
16097.051000
16197.031000
16297.014000
16396.994000
16496.978000
16596.958000
16696.942000
16796.921000
16896.905000
16996.884000
17096.866000
17196.848000
17296.829000
17396.811000
17496.793000
17596.775000
17696.756000
17796.739000
17896.719000
17996.703000
18096.683000
18196.667000
18296.646000
18396.630000
18496.610000
18596.593000
18696.573000
18796.554000
18896.536000
18996.518000
19096.500000
19196.481000
19296.463000
19396.444000
19496.427000
19596.408000
19696.391000
19796.371000
19896.355000
19996.334000
20096.317000
20196.298000
20296.279000
20396.261000
20496.242000
20596.224000
20696.206000
20796.188000
20896.169000
20996.151000
21096.132000
21196.116000
21296.095000
21396.080000
21496.059000
21596.043000
21696.022000
21796.006000
21895.985000
21995.967000
22095.949000
22195.930000
22295.912000
22395.894000
22495.876000
22595.857000
22695.840000
22795.820000
22895.804000
22995.784000
23095.767000
23195.747000
23295.730000
23395.710000
23495.692000
23595.674000
23695.655000
23795.637000
23895.618000
23995.601000
24095.582000
24195.565000
24295.545000
24395.529000
24495.508000
24595.492000
24695.472000
24795.456000
24895.435000
24995.418000
25095.398000
25195.380000
25295.362000
25395.343000
25495.325000
25595.306000
25695.290000
25795.270000
25895.253000
25995.233000
26095.217000
26195.196000
26295.178000
26395.160000
26495.141000
26595.123000
26695.104000
26795.086000
26895.068000
26995.050000
27095.031000
27195.013000
27294.994000
27394.977000
27494.958000
27594.941000
27694.921000
27794.905000
27894.884000
27994.868000
28094.848000
28194.829000
28294.811000
28394.792000
28494.774000
28594.756000
28694.737000
28794.719000
28894.702000
28994.682000
29094.666000
29194.645000
29294.629000
29394.609000
29494.593000
29594.572000
29694.554000
29794.535000
29894.517000
29994.499000
30094.480000
30194.462000
30294.443000
30394.426000
30494.407000
30594.390000
30694.370000
30794.354000
30894.333000
30994.318000
31094.297000
31194.280000
31294.260000
31394.242000
31494.223000
31594.205000
31694.186000
31794.168000
31894.150000
31994.131000
32094.114000
32194.095000
32294.078000
32394.058000
32494.042000
32594.021000
32694.004000
32793.985000
32893.966000
32993.948000
33093.930000
33193.911000
33293.893000
33393.874000
33493.856000
33593.838000
33693.819000
33793.802000
33893.783000
33993.766000
34093.746000
34193.729000
34293.709000
34393.691000
34493.672000
34593.654000
34693.636000
34793.617000
34893.599000
34993.580000
35093.563000
35193.544000
35293.527000
35393.507000
35493.491000
35593.470000
35693.454000
35793.433000
35893.417000
35993.397000
36093.379000
36193.360000
36293.342000
36393.323000
36493.305000
36593.287000
36693.268000
36793.251000
36893.231000
36993.215000
37093.195000
37193.178000
37293.158000
37393.142000
37493.121000
37593.103000
37693.085000
37793.066000
37893.048000
37993.029000
38093.012000
38192.993000
38292.975000
38392.956000
38492.940000
38592.919000
38692.903000
38792.882000
38892.866000
38992.846000
39092.827000
39192.809000
39292.791000
39392.772000
39492.754000
39592.736000
39692.717000
39792.700000
39892.680000
39992.664000
40092.644000
40192.628000
40292.607000
40392.589000
40492.570000
40592.554000
40692.534000
40792.515000
40892.497000
40992.478000
41092.461000
41192.442000
41292.425000
41392.405000
41492.389000
41592.368000
41692.352000
41792.332000
41892.315000
41992.295000
42092.276000
42192.258000
42292.240000
42392.221000
42492.203000
42592.184000
42692.166000
42792.147000
42892.129000
42992.111000
43092.092000
43192.074000
43292.056000
43392.038000
43492.019000
43592.001000
43691.982000
43791.964000
43891.945000
43991.927000
44091.909000
44191.890000
44291.873000
44391.853000
44491.837000
44591.817000
44691.801000
44791.780000
44891.763000
44991.743000
45091.725000
45191.707000
45291.688000
45391.670000
45491.651000
45591.633000
45691.615000
45791.597000
45891.578000
45991.562000
46091.541000
46191.525000
46291.504000
46391.487000
46491.468000
46591.449000
46691.431000
46791.412000
46891.394000
46991.376000
47091.358000
47191.339000
47291.322000
47391.302000
47491.286000
47591.266000
47691.250000
47791.229000
47891.212000
47991.192000
48091.173000
48191.155000
48291.137000
48391.118000
48491.100000
48591.082000
48691.063000
48791.046000
48891.027000
48991.010000
49090.990000
49190.973000
49290.953000
49390.936000
49490.916000
49590.898000
49690.880000
49790.861000
49890.843000
49990.824000
50090.806000
50190.788000
50290.770000
50390.751000
50490.735000
50590.714000
50690.698000
50790.677000
50890.660000
50990.640000
51090.622000
51190.604000
51290.585000
51390.567000
51490.549000
51590.531000
51690.512000
51790.495000
51890.475000
51990.459000
52090.438000
52190.422000
52290.401000
52390.384000
52490.365000
52590.346000
52690.328000
52790.310000
52890.291000
52990.273000
53090.255000
53190.236000
53290.220000
53390.199000
53490.183000
53590.163000
53690.146000
53790.126000
53890.109000
53990.089000
54090.071000
54190.052000
54290.034000
54390.015000
54489.997000
54589.979000
54689.960000
54789.943000
54889.924000
54989.907000
55089.887000
55189.870000
55289.850000
55389.832000
55489.813000
55589.795000
55689.776000
55789.758000
55889.740000
55989.721000
56089.704000
56189.684000
56289.668000
56389.648000
56489.632000
56589.611000
56689.595000
56789.575000
56889.556000
56989.538000
57089.519000
57189.501000
57289.482000
57389.464000
57489.446000
57589.429000
57689.409000
57789.392000
57889.372000
57989.356000
58089.335000
58189.320000
58289.299000
58389.282000
58489.262000
58589.243000
58689.225000
58789.206000
58889.188000
58989.170000
59089.151000
59189.133000
59289.115000
59389.096000
59489.078000
59589.059000
59689.043000
59789.023000
59889.004000
59988.986000
60088.967000
60188.949000
60288.931000
