199.981000
399.963000
599.947000
799.928000
999.911000
1199.893000
1399.875000
1599.859000
1799.840000
1999.822000
2199.806000
2399.787000
2599.769000
2799.754000
2999.733000
3199.716000
3399.698000
3599.681000
3799.663000
3999.647000
4199.628000
4399.610000
4599.593000
4799.574000
4999.557000
5199.540000
5399.522000
5599.504000
5799.486000
5999.468000
6199.451000
6399.433000
6599.415000
6799.399000
6999.380000
7199.362000
7399.346000
7599.327000
7799.309000
7999.293000
8199.274000
8399.256000
8599.241000
8799.220000
8999.203000
9199.188000
9399.167000
9599.150000
9799.134000
9999.114000
10199.097000
10399.080000
10599.061000
10799.044000
10999.027000
11199.008000
11398.991000
11798.955000
11998.937000
12198.920000
12398.902000
12598.886000
12798.867000
12998.849000
13198.833000
13398.814000
13598.796000
13798.780000
13998.761000
14198.743000
14398.727000
14598.707000
14798.690000
14998.674000
15198.654000
15398.637000
15598.621000
15798.601000
15998.584000
16198.567000
16398.548000
16598.530000
16798.514000
16998.495000
17198.477000
17398.461000
17598.442000
17798.424000
17998.407000
18198.389000
18398.371000
18598.354000
18798.336000
18998.318000
19198.301000
19398.282000
19598.267000
19798.247000
19998.229000
20198.213000
20398.195000
20598.176000
20798.161000
20998.141000
21198.123000
21398.105000
21598.088000
21798.070000
21998.055000
22198.034000
22398.017000
22598.001000
22797.981000
22997.964000
23197.947000
23397.928000
23597.911000
23797.894000
23997.875000
24197.858000
24397.840000
24597.822000
24797.804000
24997.787000
25197.769000
25397.751000
25597.734000
25797.716000
25997.700000
26197.680000
26397.662000
26597.647000
26797.627000
26997.609000
27197.594000
27397.574000
27597.556000
27797.541000
27997.521000
28197.503000
28397.487000
28597.468000
28797.450000
28997.434000
29197.415000
29397.397000
29597.381000
29797.361000
29997.344000
30197.327000
30397.308000
30597.290000
30797.273000
30997.255000
31197.237000
31397.220000
31597.202000
31797.184000
31997.167000
32197.149000
32397.131000
32597.114000
32797.096000
32997.079000
33197.060000
33397.042000
33597.026000
33797.007000
33996.990000
34196.975000
34396.954000
34596.936000
34796.921000
34996.900000
35196.883000
35396.868000
35596.847000
35796.830000
35996.814000
36196.794000
36396.777000
36596.761000
36796.741000
36996.723000
37196.707000
37396.688000
37596.670000
44196.087000
44396.068000
44596.050000
44796.034000
44996.015000
45195.997000
45395.980000
45595.962000
45795.944000
45995.927000
46195.909000
46395.891000
46595.873000
46795.855000
46995.839000
47195.820000
47395.802000
47595.787000
47795.767000
47995.749000
48195.735000
48395.714000
48595.696000
48795.681000
48995.661000
49195.643000
49395.628000
49595.607000
49795.590000
49995.574000
50195.554000
50395.537000
50595.520000
50795.501000
50995.483000
51195.467000
51395.448000
51595.430000
51795.413000
51995.395000
52195.377000
52395.360000
52595.342000
52795.324000
52995.306000
53195.289000
53395.272000
53595.253000
53795.236000
53995.220000
54195.200000
54395.182000
54595.167000
54795.147000
54995.129000
55195.114000
55395.094000
55595.076000
55795.061000
55995.041000
56195.023000
56395.008000
56594.988000
56794.970000
56994.954000
57194.934000
57394.917000
57594.899000
57794.881000
57994.863000
58194.847000
58394.828000
58594.810000
58794.793000
58994.775000
59194.757000
59394.740000
59594.722000
59794.704000
59994.686000
60194.669000
60394.651000
60594.633000
60794.615000
60994.599000
61194.580000
61394.562000
61594.547000
61794.527000
61994.509000
62194.494000
62394.474000
62594.456000
62794.440000
62994.421000
63194.403000
63394.387000
63594.368000
63794.350000
63994.334000
64194.314000
64394.296000
68593.926000
68793.907000
68993.889000
69193.873000
69393.853000
69593.836000
69793.820000
69993.800000
70193.783000
70393.767000
70593.747000
70793.729000
70993.714000
71193.694000
71393.676000
71593.660000
71793.641000
71993.623000
72193.607000
72393.588000
72593.570000
72793.553000
72993.535000
73193.517000
73393.501000
73593.481000
73793.464000
73993.447000
74193.428000
74393.412000
74593.393000
74793.375000
74993.358000
75193.340000
75393.322000
75593.304000
75793.286000
75993.269000
76193.253000
76393.234000
76593.216000
76793.200000
76993.180000
77193.163000
77393.147000
77593.127000
77793.109000
77993.093000
78193.074000
78393.056000
78593.040000
78793.021000
78993.003000
79192.986000
79392.968000
79592.950000
79792.933000
79992.914000
80192.897000
80392.880000
80592.861000
80792.844000
80992.826000
81192.808000
81392.790000
81592.773000
81792.755000
81992.738000
82192.720000
82392.702000
82592.686000
82792.666000
82992.648000
83192.633000
83392.613000
83592.595000
83792.580000
83992.560000
84192.542000
84392.526000
84592.507000
84792.490000
84992.473000
85192.454000
85392.436000
85592.420000
85792.400000
85992.383000
86192.366000
86392.347000
86592.329000
86792.313000
86992.294000
87192.276000
87392.259000
87592.241000
87792.223000
87992.206000
88192.188000
88392.170000
88592.152000
88792.134000
88992.119000
89192.099000
89392.081000
89592.066000
89792.046000
89992.028000
93191.746000
93391.727000
93591.709000
93791.691000
93991.684000
94191.656000
94391.640000
94591.620000
94791.603000
94991.586000
95191.567000
95391.549000
95591.533000
95791.514000
95991.496000
96191.479000
96391.461000
96591.443000
96791.425000
96991.408000
97191.391000
97391.372000
97591.355000
97791.338000
97991.319000
98191.302000
98391.286000
98591.266000
98791.248000
98991.233000
99191.213000
99391.195000
99591.179000
99791.160000
99991.142000
100191.126000
100391.106000
100591.089000
100791.073000
100991.053000
101191.036000
101391.019000
101591.000000
101790.982000
101990.965000
102190.947000
102390.929000
102590.912000
102790.894000
102990.876000
103190.859000
103390.841000
103590.823000
103790.805000
103990.787000
104190.771000
104390.752000
104590.735000
104790.718000
104990.699000
105190.682000
105390.665000
105590.646000
105790.628000
105990.613000
106190.592000
106390.575000
106590.559000
106790.539000
106990.521000
107190.506000
107390.486000
107590.468000
107790.452000
107990.433000
108190.415000
108390.399000
108590.380000
108790.362000
108990.346000
109190.327000
109390.309000
109590.292000
109790.273000
109990.256000
110790.187000
110990.167000
111190.149000
111390.132000
111590.114000
111790.096000
111990.078000
112190.061000
112390.045000
112590.025000
112790.007000
112989.991000
113189.972000
113389.954000
113589.938000
113789.919000
113989.901000
114189.885000
114389.866000
114589.848000
114789.832000
114989.812000
115189.795000
115389.779000
115589.759000
115789.741000
119189.440000
119389.426000
119589.404000
119789.387000
119989.371000
120189.352000
120389.334000
120589.318000
120789.298000
120989.280000
121189.265000
121389.245000
121589.228000
121789.212000
121989.192000
122189.174000
122389.158000
122589.139000
122789.121000
122989.106000
123189.086000
123389.068000
123589.052000
123789.032000
123989.015000
124188.998000
124388.979000
124588.961000
124788.945000
124988.926000
125188.908000
125388.891000
125588.873000
125788.855000
125988.838000
126188.820000
126388.802000
126588.784000
126788.767000
126988.749000
127188.731000
127388.713000
127588.697000
127788.678000
127988.660000
128188.644000
128388.625000
128588.607000
128788.591000
128988.572000
129188.554000
129388.538000
129588.518000
129788.501000
129988.483000
130188.465000
130388.447000
130588.432000
130788.412000
130988.394000
131188.378000
131388.359000
131588.341000
131788.324000
131988.305000
132188.288000
132388.271000
132588.252000
132788.234000
132988.218000
133188.199000
133388.181000
133588.164000
133788.146000
133988.128000
134188.111000
134388.093000
134588.075000
134788.057000
134988.040000
135188.023000
135388.004000
135587.986000
135787.970000
135987.951000
136187.933000
136387.918000
136587.898000
137187.845000
137387.827000
137587.811000
137787.791000
137987.774000
138187.758000
138387.738000
138587.721000
138787.705000
138987.685000
139187.667000
139387.651000
139587.632000
139787.614000
139987.598000
140187.579000
140387.561000
140587.544000
140787.525000
140987.508000
141187.491000
141387.472000
141587.454000
141787.437000
141987.419000
142187.401000
142387.383000
142587.366000
142787.348000
142987.330000
143187.313000
143387.296000
143587.277000
143787.259000
143987.244000
144187.224000
144387.207000
144587.190000
144787.171000
144987.153000
145187.138000
145387.117000
145587.100000
145787.084000
145987.064000
146187.047000
146387.031000
146587.011000
146786.993000
146986.978000
147186.958000
147386.940000
147586.924000
147786.905000
147986.887000
148186.869000
148386.851000
148586.834000
148786.817000
148986.798000
149186.780000
149386.763000
149586.745000
149786.727000
149986.710000
150186.692000
150386.674000
150586.656000
150786.639000
150986.621000
151186.603000
151386.585000
151586.568000
151786.550000
151986.532000
152186.517000
152386.497000
152586.479000
152786.463000
152986.443000
153186.426000
153386.410000
153586.390000
153786.372000
153986.357000
154186.337000
154386.319000
154586.304000
154786.284000
154986.266000
155186.251000
155386.230000
155586.213000
155786.196000
155986.177000
156186.160000
156386.143000
156586.124000
156786.106000
156986.090000
157186.071000
157386.053000
157586.036000
157786.018000
157986.000000
158185.983000
158385.965000
158585.947000
158785.929000
158985.911000
159185.893000
159385.876000
159585.858000
159785.841000
159985.823000
160185.805000
160385.789000
160585.769000
160785.752000
160985.736000
161185.716000
161385.698000
161585.683000
161785.663000
161985.645000
162185.630000
162385.610000
162585.592000
162785.576000
162985.557000
163185.539000
163385.524000
163585.504000
163785.485000
163985.470000
164185.450000
164385.432000
164585.416000
164785.397000
164985.379000
165185.363000
165385.344000
165585.326000
165785.309000
165985.290000
166185.273000
166385.255000
166585.237000
166985.202000
167185.184000
167385.166000
167585.148000
167785.131000
167985.115000
168185.095000
168385.077000
168585.060000
168785.042000
168985.024000
169185.008000
169384.989000
169584.971000
169784.955000
169984.935000
170184.918000
170384.902000
170584.882000
170784.864000
170984.849000
171184.829000
171384.811000
171584.796000
171784.776000
171984.758000
172184.742000
172384.723000
172584.705000
172784.689000
172984.670000
173184.652000
173384.635000
173584.616000
173784.598000
173984.582000
174184.563000
174384.545000
174584.528000
174784.510000
174984.492000
175184.476000
175384.457000
175584.439000
175784.421000
175984.403000
176184.388000
176384.368000
176584.350000
176784.334000
176984.315000
177184.297000
177384.281000
177584.261000
177784.244000
177984.227000
178184.208000
178384.190000
178584.175000
178784.155000
178984.137000
179184.122000
179384.102000
179584.084000
179784.068000
179984.049000
180184.031000
180384.015000
180583.995000
180783.977000
180983.962000
181183.942000
181383.924000
181583.908000
181783.889000
181983.871000
182183.855000
182383.836000
182583.818000
182783.801000
182983.783000
183183.765000
183383.748000
183583.729000
183783.711000
183983.694000
184183.676000
184383.658000
184583.641000
184783.623000
184983.605000
185183.587000
185383.569000
185583.554000
185783.534000
185983.516000
186183.501000
186383.481000
186583.463000
186783.447000
186983.428000
187183.410000
187383.394000
187583.374000
187783.356000
187983.341000
188183.321000
188383.303000
188583.288000
188783.268000
188983.250000
189183.234000
189383.215000
189583.197000
189783.181000
189983.162000
190183.144000
190383.127000
190583.108000
190783.091000
190983.074000
191183.055000
191383.037000
191583.020000
191783.002000
191982.984000
192182.967000
192382.948000
192582.931000
192782.914000
192982.895000
193182.877000
193382.860000
193582.842000
193782.824000
193982.806000
194182.789000
194382.772000
194582.753000
194782.736000
194982.720000
195182.700000
195382.682000
195582.667000
195782.647000
195982.629000
196182.614000
196382.593000
196582.576000
196782.560000
196982.540000
197182.523000
197382.507000
197582.487000
197782.469000
197982.454000
198182.434000
198382.416000
198582.400000
198782.380000
198982.363000
199182.347000
199382.327000
199582.310000
199782.293000
199982.274000
200182.257000
200382.240000
200582.221000
200782.203000
200982.187000
202582.044000
202782.026000
202982.008000
203181.992000
203381.973000
203581.955000
203781.937000
203981.919000
204181.901000
204381.886000
204581.866000
204781.848000
204981.832000
205181.813000
205381.795000
205581.779000
205781.760000
205981.742000
206181.727000
206381.706000
206581.689000
206781.673000
206981.653000
207181.635000
207381.619000
208381.529000
208581.512000
208781.493000
208981.476000
209181.459000
209381.440000
209581.422000
209781.405000
209981.387000
210181.369000
210381.352000
210581.334000
210781.316000
210981.298000
211181.280000
211381.264000
211581.245000
211781.227000
211981.211000
212181.192000
212381.174000
212581.158000
212781.139000
212981.121000
213181.105000
213381.085000
213581.068000
213781.052000
213981.032000
214181.014000
214380.999000
214580.979000
214780.961000
214980.946000
215180.926000
215380.908000
215580.892000
215780.872000
215980.855000
216180.839000
216380.819000
216580.801000
216780.785000
216980.766000
217180.748000
217380.732000
217580.713000
217780.695000
217980.678000
218180.660000
218380.642000
218580.625000
218780.607000
218980.589000
219180.572000
219380.553000
219580.535000
219780.518000
219980.500000
220180.482000
220380.464000
220580.446000
220780.429000
220980.411000
221180.394000
221380.378000
221580.358000
221780.340000
221980.324000
222180.305000
222380.287000
222580.271000
222780.251000
222980.234000
223180.218000
223380.198000
223580.180000
223780.165000
223980.145000
224180.128000
224380.112000
224580.092000
224780.074000
224980.058000
225180.038000
225380.021000
225580.004000
225779.985000
226179.952000
226379.932000
226579.914000
226779.897000
226979.879000
227179.861000
227379.844000
227579.825000
227779.808000
231379.491000
231579.471000
231779.453000
231979.438000
232179.418000
232379.400000
232579.384000
232779.364000
232979.346000
233179.331000
233379.311000
233579.293000
233779.277000
233979.258000
234179.240000
234379.224000
234579.205000
234779.187000
234979.170000
235179.152000
235379.134000
235579.117000
235779.098000
235979.081000
236179.064000
236379.045000
236579.027000
236779.010000
236978.992000
237178.975000
237378.957000
237578.939000
237778.922000
237978.903000
238178.886000
238378.868000
238578.850000
238778.832000
238978.817000
239178.797000
239378.779000
239578.764000
239778.744000
239978.726000
240178.711000
240378.691000
240578.673000
240778.657000
240978.637000
241178.620000
241378.604000
241578.584000
241778.567000
241978.550000
242178.531000
242378.513000
242578.497000
242778.477000
242978.460000
243178.443000
243378.424000
243578.406000
243778.390000
243978.371000
244178.353000
244378.336000
244578.318000
244778.300000
244978.283000
245178.265000
245378.247000
245578.229000
245778.211000
245978.195000
246178.176000
246378.158000
246578.142000
246778.123000
246978.105000
247178.090000
247378.070000
247578.052000
247778.036000
247978.016000
248177.999000
248377.983000
248577.963000
248777.946000
248977.930000
249177.910000
249377.892000
249577.877000
249777.857000
249977.839000
250177.823000
250577.786000
250777.770000
250977.750000
251177.733000
251377.716000
251577.697000
251777.679000
251977.663000
252177.644000
252377.626000
252577.609000
252777.591000
252977.573000
255577.343000
255777.325000
255977.309000
256177.289000
256377.271000
256577.254000
256777.236000
256977.218000
257177.203000
257377.183000
257577.165000
257777.150000
257977.129000
258177.112000
258377.096000
258577.076000
258777.058000
258977.042000
259177.023000
259377.005000
259576.989000
259776.970000
259976.952000
260176.935000
260376.917000
260576.899000
260776.882000
260976.864000
261176.846000
261376.829000
261576.810000
261776.794000
261976.775000
262176.757000
262376.741000
262576.722000
262776.704000
262976.688000
263176.669000
263376.651000
263576.635000
263776.615000
263976.597000
264176.582000
264376.563000
264576.544000
264776.529000
264976.509000
265176.491000
265376.475000
265576.456000
265776.438000
265976.422000
266176.403000
266376.385000
266576.369000
266776.349000
266976.331000
267176.315000
267376.296000
267576.278000
267776.262000
267976.243000
268176.225000
268376.209000
268576.190000
268776.172000
268976.155000
269176.136000
269376.119000
269576.101000
269776.083000
269976.065000
270176.048000
270376.030000
270576.013000
270775.994000
270975.977000
271175.961000
271375.942000
271575.924000
271775.907000
271975.888000
272175.871000
272375.855000
272575.835000
272775.817000
272975.802000
273175.782000
273375.764000
273575.749000
273775.729000
279175.250000
279375.234000
279575.214000
279775.196000
279975.181000
280175.161000
280375.143000
280575.128000
280775.108000
280975.090000
281175.075000
281375.055000
281575.037000
281775.021000
281975.002000
282174.984000
282374.968000
282574.949000
282774.931000
282974.914000
283174.895000
283374.878000
283574.861000
283774.842000
283974.824000
284174.808000
284374.789000
284574.771000
284774.754000
284974.736000
285174.718000
285374.700000
285574.683000
285774.667000
285974.647000
286174.630000
286374.613000
286574.594000
286774.576000
286974.560000
287174.541000
287374.523000
287574.508000
287774.488000
287974.470000
288174.454000
288374.434000
288574.417000
288774.402000
288974.381000
289174.364000
289374.348000
289574.328000
289774.311000
289974.295000
290174.275000
290374.257000
290574.242000
290774.222000
290974.204000
291174.188000
291374.169000
291574.151000
291774.134000
291974.115000
292174.098000
292374.080000
292574.062000
292774.045000
292974.027000
293174.009000
293373.993000
293573.974000
293773.956000
293973.939000
294173.921000
294373.903000
294573.886000
294773.867000
294973.850000
295173.834000
295373.814000
295573.796000
295773.781000
295973.761000
296173.743000
296373.727000
296573.708000
296773.690000
296973.674000
297173.655000
297373.637000
297573.621000
297773.601000
297973.583000
298173.567000
298373.548000
298573.531000
298773.514000
298973.495000
299173.477000
299373.460000
299573.442000
299773.424000
300573.353000
301173.300000
301373.282000
301573.266000
301773.247000
301973.229000
302173.213000
302373.194000
302573.176000
302773.160000
302973.140000
303173.123000
303373.107000
303573.087000
303773.069000
303973.054000
304173.034000
304373.016000
304573.001000
304772.981000
304972.963000
305172.947000
305372.928000
305572.910000
305772.893000
305972.874000
306172.857000
306372.840000
306572.821000
306772.803000
306972.787000
307172.768000
307372.750000
307572.734000
307772.715000
307972.697000
308172.680000
308372.661000
308572.644000
308772.627000
308972.608000
309172.592000
309372.574000
309572.555000
309772.539000
309972.520000
310172.502000
310372.486000
310572.466000
310772.449000
310972.435000
311172.414000
311372.395000
311572.380000
311772.360000
311972.343000
312172.327000
312372.307000
312572.289000
312772.273000
312972.254000
313172.236000
313372.220000
313572.201000
313772.183000
313972.166000
314172.147000
314372.130000
314572.113000
314772.094000
314972.076000
315172.060000
315372.041000
315572.023000
315772.006000
315971.988000
316171.970000
316371.953000
316571.934000
316771.917000
316971.899000
317171.882000
317371.865000
317571.846000
317771.828000
317971.812000
318171.793000
318371.775000
318571.759000
318771.739000
318971.722000
319171.706000
319371.686000
319571.669000
319771.653000
319971.633000
320171.615000
320371.600000
320571.580000
320771.562000
320971.546000
321171.527000
321371.510000
321571.493000
325771.119000
325971.101000
326171.086000
326371.066000
326571.048000
326771.033000
326971.013000
327170.995000
327370.980000
327570.959000
327770.942000
327970.927000
328170.906000
328370.889000
328570.871000
328770.853000
328970.835000
329170.819000
329370.800000
329570.782000
329770.766000
329970.747000
330170.729000
330370.712000
330570.694000
330770.676000
330970.659000
331170.641000
331370.623000
331570.605000
331770.587000
331970.570000
332170.552000
332370.534000
332570.519000
332770.499000
332970.481000
333170.465000
333370.446000
333570.428000
333770.412000
333970.393000
334170.375000
334370.359000
334570.339000
334770.322000
334970.306000
335170.287000
335370.268000
335570.252000
335770.233000
335970.215000
336170.199000
336370.180000
336570.162000
336770.145000
336970.127000
337170.109000
337370.092000
337570.074000
337770.056000
337970.039000
338170.020000
338370.003000
338569.985000
338769.967000
338969.949000
339169.932000
339369.914000
339569.897000
339769.879000
339969.861000
340169.845000
340369.825000
340569.808000
340769.792000
340969.772000
341169.754000
341369.739000
341569.719000
341769.701000
341969.686000
342169.666000
342369.648000
342569.632000
342769.613000
342969.595000
343169.579000
343369.559000
343569.542000
343769.526000
343969.506000
344169.489000
344369.472000
344569.453000
344769.436000
344969.419000
345169.400000
345369.382000
345569.366000
345769.347000
345969.329000
346169.312000
346369.294000
346569.277000
346769.258000
346969.240000
347169.223000
347369.205000
347569.187000
347769.172000
347969.152000
348369.119000
348569.099000
348769.081000
348969.066000
349169.046000
349369.028000
349569.012000
349768.993000
349968.975000
350168.959000
350368.939000
350568.921000
350768.905000
354568.567000
354768.551000
354968.531000
355168.514000
355368.499000
355568.478000
355768.461000
355968.445000
356168.425000
356368.407000
356568.392000
356768.372000
356968.354000
357168.339000
357368.319000
357568.301000
357768.285000
357968.266000
358168.248000
358368.232000
358568.213000
358768.195000
358968.178000
359168.159000
359368.142000
359568.125000
359768.106000
359968.089000
360168.071000
360368.053000
360568.035000
360768.018000
360968.000000
361167.984000
361367.965000
361567.947000
361767.931000
361967.912000
362167.894000
362367.878000
362567.858000
362767.840000
362967.825000
363167.805000
363367.788000
363567.772000
363767.752000
363967.734000
364167.719000
364367.699000
364567.681000
364767.664000
364967.646000
365167.628000
365367.611000
365567.592000
365767.575000
365967.558000
366167.539000
366367.522000
366567.505000
366767.486000
366967.468000
367167.451000
367367.433000
367567.417000
367767.397000
367967.380000
368167.363000
368367.344000
368567.327000
368767.311000
368967.291000
369167.274000
369367.258000
369767.220000
369967.205000
370167.185000
370367.167000
370567.152000
370767.132000
370967.114000
371167.098000
371367.079000
371567.061000
371767.045000
371967.025000
372167.008000
372366.991000
372566.972000
372766.954000
372966.938000
373166.919000
373366.901000
373566.885000
373766.866000
373966.848000
374166.831000
374366.813000
374566.795000
374766.778000
374966.760000
375166.742000
375366.724000
375566.706000
375766.689000
378566.441000
378766.425000
378966.405000
379166.387000
379366.371000
379566.352000
379766.334000
379966.318000
380166.299000
380366.281000
380566.264000
380766.246000
380966.228000
381166.211000
381366.193000
381566.175000
381766.158000
381966.139000
382166.124000
382366.104000
382566.086000
382766.069000
382966.051000
383166.033000
383366.016000
383565.998000
383765.980000
383965.964000
384165.945000
384365.927000
384565.911000
384765.891000
384965.874000
385165.858000
385365.838000
385565.820000
385765.805000
385965.785000
386165.768000
386365.751000
386565.732000
386765.714000
386965.698000
387165.679000
387365.661000
387565.644000
387765.626000
387965.608000
388165.591000
388365.572000
388565.555000
388765.537000
388965.519000
389165.502000
389365.484000
389565.466000
389765.450000
389965.430000
390165.413000
390365.397000
390565.377000
390765.360000
390965.344000
391165.324000
391365.307000
391565.292000
391765.271000
391965.253000
392165.238000
392365.218000
392565.200000
392765.185000
392965.165000
393165.147000
393365.131000
393565.111000
393765.094000
393965.078000
394165.059000
394365.041000
394565.027000
394765.005000
394964.988000
395164.971000
395364.952000
395564.935000
395764.917000
395964.899000
396164.881000
396364.864000
396564.846000
396964.811000
397164.793000
397364.776000
397564.757000
397764.740000
397964.723000
398164.705000
398364.686000
398564.671000
398764.651000
398964.633000
399164.618000
399364.598000
399564.580000
399764.565000
399964.545000
400164.527000
400364.511000
400564.492000
400764.474000
400964.456000
401164.438000
401364.420000
401564.404000
401764.385000
401964.368000
402164.351000
402364.332000
402564.314000
402764.297000
402964.279000
403164.261000
403364.244000
403564.225000
403764.208000
403964.190000
404164.173000
404364.156000
404564.137000
404764.119000
404964.104000
405164.084000
405364.066000
405564.050000
405764.031000
405964.013000
406163.997000
406363.977000
406563.960000
406763.944000
406963.924000
407163.906000
407363.891000
407563.871000
407763.853000
407963.837000
408163.818000
408363.800000
408563.784000
408763.765000
408963.747000
409163.730000
409363.712000
409563.694000
409763.677000
409963.658000
410163.641000
410363.624000
410563.605000
410763.588000
410963.570000
411163.552000
411363.534000
411563.517000
411763.499000
411963.482000
412163.463000
412363.446000
412563.430000
412763.410000
412963.393000
413163.377000
413363.357000
413563.339000
413763.324000
413963.304000
414163.287000
414363.271000
414563.251000
414763.233000
414963.218000
415163.198000
415363.180000
415563.164000
415763.144000
415963.127000
416163.111000
416363.091000
416563.073000
416763.057000
416963.038000
417163.020000
417363.004000
417562.985000
417762.967000
417962.951000
418162.932000
418362.914000
418562.896000
418762.878000
418962.862000
419162.843000
419362.825000
419562.807000
419762.790000
419962.772000
420162.756000
420362.737000
420562.719000
420762.703000
420962.683000
421162.666000
421362.650000
421562.630000
422362.559000
422562.544000
422762.524000
422962.506000
423162.490000
423362.471000
423562.453000
423762.437000
423962.418000
424162.400000
424362.383000
424562.364000
424762.347000
424962.330000
425162.311000
425362.293000
425562.276000
425762.258000
425962.240000
426162.223000
426362.205000
426562.189000
426762.169000
426962.152000
427162.136000
427362.116000
427562.099000
427762.083000
427962.063000
428162.045000
428362.030000
428562.010000
428761.992000
428961.977000
429161.957000
429361.939000
429561.923000
429761.903000
429961.886000
430161.870000
430361.850000
430561.833000
430761.817000
430961.797000
431161.780000
431361.763000
431561.744000
431761.726000
431961.709000
432161.691000
432361.673000
432561.656000
432761.638000
432961.620000
433161.603000
433361.584000
433561.567000
433761.549000
433961.532000
434161.514000
434361.496000
434561.478000
434761.463000
434961.443000
435161.425000
435361.409000
435561.389000
435761.372000
435961.356000
436161.337000
436361.319000
436561.303000
436761.283000
436961.265000
437161.248000
437361.230000
437561.220000
437761.196000
437961.177000
438161.159000
438361.143000
438561.123000
438761.106000
438961.089000
444360.610000
444560.592000
444760.576000
444960.557000
445160.539000
445360.523000
445560.503000
445760.486000
445960.469000
446160.451000
446360.433000
446560.416000
446760.397000
446960.379000
447160.363000
447360.344000
447560.326000
447760.309000
447960.291000
448160.276000
448360.255000
448560.238000
448760.222000
448960.202000
449160.185000
449360.168000
449560.149000
449760.131000
449960.116000
450160.096000
450360.078000
450560.063000
450760.043000
450960.025000
451160.010000
451359.990000
451559.972000
451759.956000
451959.937000
452159.919000
452359.903000
452559.884000
452759.866000
452959.850000
453159.831000
453359.813000
453559.796000
453759.777000
453959.760000
454159.743000
454359.724000
454559.706000
454759.689000
454959.671000
455159.653000
455359.635000
455559.629000
455759.601000
455959.582000
456159.565000
456359.549000
456559.529000
456759.511000
456959.496000
457159.476000
457359.458000
457559.443000
457759.423000
457959.405000
458159.390000
458359.370000
458559.352000
458759.337000
458959.317000
459159.299000
459359.283000
459559.263000
459759.246000
459959.229000
460159.210000
460359.192000
460559.175000
460759.157000
460959.139000
461159.122000
461359.104000
461559.086000
461759.069000
461959.051000
462159.033000
462359.015000
462558.997000
462758.980000
462958.962000
463158.945000
463358.928000
463558.909000
463758.891000
463958.876000
464158.856000
464358.838000
464558.823000
464758.803000
464958.785000
465158.769000
465358.749000
465558.732000
465758.716000
465958.696000
466158.679000
466358.663000
466558.643000
466758.625000
466958.609000
467158.590000
467358.572000
467558.556000
467758.537000
467958.519000
468158.502000
468358.484000
468558.466000
468758.449000
468958.431000
469158.413000
469358.395000
469558.377000
469758.359000
469958.342000
470158.324000
470358.308000
470558.289000
470758.271000
470958.256000
471158.236000
471358.218000
471558.202000
471758.183000
471958.165000
472158.150000
472358.129000
472558.111000
472758.096000
472958.076000
473158.058000
473358.041000
473558.023000
473758.005000
473957.989000
474157.970000
474357.952000
474557.935000
474757.917000
474957.899000
475157.882000
475357.863000
475557.846000
475757.829000
475957.810000
476157.793000
476357.775000
476557.757000
476757.739000
476957.722000
477157.704000
477357.687000
477557.668000
477757.651000
477957.635000
478157.616000
478357.598000
478557.582000
478757.562000
478957.545000
479157.530000
479357.509000
479557.491000
479757.475000
479957.456000
480157.438000
480357.422000
480557.402000
480757.385000
480957.369000
481157.349000
481357.332000
481557.315000
481757.296000
481957.279000
482157.262000
483157.172000
483357.155000
483557.137000
483757.119000
483957.102000
484157.084000
484357.068000
484557.048000
484757.030000
484957.015000
485156.995000
485356.977000
485556.962000
485756.942000
485956.924000
486156.909000
486956.836000
487156.818000
487356.802000
487556.782000
487756.765000
487956.749000
488156.729000
488356.712000
488556.696000
488756.676000
488956.658000
489156.642000
489356.623000
489556.605000
489756.589000
489956.570000
490156.552000
491556.428000
491756.410000
491956.394000
492156.375000
492356.357000
492556.342000
492756.322000
492956.304000
493156.289000
493356.269000
493556.251000
493756.235000
493956.216000
494156.198000
494356.182000
494556.162000
494756.145000
494956.128000
495156.109000
495356.091000
495556.075000
495756.056000
495956.038000
496156.022000
496356.003000
496555.985000
496755.968000
496955.950000
497155.932000
497355.915000
497555.896000
497755.879000
497955.861000
498155.843000
498355.825000
498555.808000
498755.790000
498955.773000
499155.755000
499355.737000
499555.722000
499755.701000
499955.684000
500155.669000
500355.648000
500555.631000
500755.615000
500955.595000
501155.578000
501355.562000
501555.542000
501755.525000
501955.509000
502155.489000
502355.471000
502555.455000
502755.436000
502955.418000
503155.402000
503355.383000
503555.365000
503755.348000
503955.330000
504155.312000
504355.295000
504555.276000
504755.259000
504955.241000
505155.223000
505355.205000
506155.135000
506355.117000
506555.101000
506755.082000
506955.064000
507155.048000
507355.028000
507555.010000
507754.995000
507954.975000
508154.957000
508354.942000
508554.923000
508754.904000
508954.888000
509154.869000
509354.851000
514354.408000
514554.390000
514754.375000
514954.355000
515154.338000
515354.322000
515554.302000
515754.284000
515954.268000
516154.249000
516354.231000
516554.215000
516754.196000
516954.178000
517154.161000
517354.143000
517554.125000
517754.108000
517954.089000
518154.072000
518354.054000
518554.036000
518754.020000
518954.001000
519153.983000
519353.967000
519553.948000
519753.930000
519953.914000
520153.895000
520353.877000
520553.862000
520753.841000
520953.824000
521153.809000
521353.788000
521553.771000
521753.755000
521953.735000
522153.718000
522353.702000
522553.682000
522753.664000
522953.648000
523153.629000
523353.611000
523553.595000
523753.576000
523953.558000
524153.541000
524353.523000
524553.505000
524753.489000
524953.469000
525153.452000
525353.435000
525553.416000
525753.399000
525953.381000
526153.363000
526353.347000
526553.328000
526753.310000
526953.295000
527153.275000
527353.257000
527553.239000
527753.222000
527953.204000
528153.189000
528353.169000
528553.151000
528753.135000
528953.115000
529153.098000
529353.082000
529553.062000
529753.044000
529953.028000
530153.009000
530352.991000
530552.974000
530752.956000
530952.938000
531152.922000
531352.903000
531552.885000
531752.868000
531952.850000
532152.833000
532352.814000
532552.796000
532752.780000
532952.761000
533152.743000
533352.727000
533552.708000
533752.690000
533952.674000
534152.655000
534352.637000
534552.622000
534752.601000
534952.584000
535152.568000
535352.548000
535552.531000
535752.515000
535952.495000
536152.478000
536752.424000
537352.371000
537952.318000
538152.301000
538352.283000
538552.265000
538752.248000
538952.230000
539152.212000
539352.194000
539552.176000
539752.161000
539952.141000
540152.123000
540352.108000
540552.088000
540952.054000
541152.035000
541352.017000
541552.002000
541751.982000
541951.964000
542151.948000
542351.929000
542551.911000
542751.895000
542951.876000
543151.858000
543351.842000
543551.822000
543751.804000
543951.788000
544151.769000
544351.751000
544551.735000
544751.716000
544951.698000
545151.681000
545351.663000
545551.645000
545751.627000
545951.609000
546151.592000
546351.574000
546551.557000
546751.540000
546951.521000
547151.503000
547351.488000
547551.468000
547751.450000
547951.434000
548151.415000
548351.397000
548551.382000
548751.362000
548951.344000
549151.328000
549351.308000
549551.291000
549751.275000
549951.255000
550151.237000
550351.221000
550551.202000
550751.184000
550951.168000
551151.149000
551351.131000
551551.114000
551751.096000
551951.078000
552151.061000
552351.043000
552551.025000
552751.007000
552950.989000
553150.973000
553350.954000
553550.936000
553750.920000
553950.901000
554150.883000
554350.867000
554550.848000
554750.830000
554950.815000
555150.795000
555350.777000
555550.761000
555750.742000
555950.724000
556150.708000
556350.688000
556550.671000
556750.655000
556950.635000
557150.618000
557350.602000
557550.582000
557750.564000
557950.548000
558150.529000
558350.511000
558550.494000
558750.476000
559150.441000
559350.423000
559550.405000
559750.387000
559950.369000
560150.353000
560350.334000
560550.316000
563950.015000
564150.005000
564349.981000
564549.962000
564749.944000
564949.927000
565149.909000
565349.891000
565549.874000
565749.856000
565949.838000
566149.821000
566349.803000
566549.785000
566749.767000
566949.750000
567149.734000
567349.714000
567549.696000
567749.680000
567949.661000
568149.644000
568349.628000
568549.608000
568749.590000
568949.575000
569149.555000
569349.537000
569549.521000
569749.502000
569949.484000
570149.468000
570349.449000
570549.431000
570749.414000
570949.395000
571149.378000
571349.361000
571549.342000
571749.324000
571949.308000
572149.289000
572349.271000
572549.254000
572749.236000
572949.218000
573149.201000
573349.183000
573549.165000
573749.147000
573949.130000
574149.114000
574349.094000
574549.077000
574749.060000
574949.041000
575149.024000
575349.008000
575548.988000
575748.970000
575948.955000
576148.935000
576348.917000
576548.902000
576748.882000
576948.864000
577148.848000
577348.829000
577548.811000
577748.794000
577948.776000
578148.758000
578348.741000
578548.722000
578748.705000
578948.688000
579148.670000
579348.652000
579548.635000
579748.616000
579948.598000
580148.581000
580348.563000
580548.546000
580748.528000
580948.510000
581148.494000
581348.474000
581548.457000
581748.439000
581948.421000
582148.404000
582348.388000
582548.368000
582748.350000
582948.335000
583148.315000
583348.298000
583548.281000
583748.262000
583948.244000
584148.228000
584348.209000
584548.191000
584748.174000
584948.156000
585148.138000
585348.121000
585548.102000
585748.085000
589347.768000
589547.748000
589747.731000
589947.715000
590147.695000
590347.677000
590547.661000
590747.642000
590947.624000
591147.608000
591347.589000
591547.571000
591747.554000
591947.536000
592147.518000
592347.501000
592547.483000
592747.465000
592947.448000
593147.430000
593347.412000
593547.394000
593747.377000
593947.360000
594147.341000
594347.323000
594547.308000
594747.288000
594947.270000
595147.255000
595347.235000
595547.217000
595747.202000
595947.182000
596147.164000
596347.148000
596547.129000
596747.111000
596947.095000
597147.076000
597347.058000
597547.042000
597747.023000
597947.005000
598146.988000
598346.969000
598546.952000
598746.935000
598946.916000
599146.901000
599346.881000
599546.863000
599746.846000
599946.827000
600146.810000
600346.792000
600546.774000
600746.757000
600946.739000
601146.721000
601346.704000
601546.688000
601746.668000
601946.650000
602146.635000
602346.615000
602546.597000
602746.582000
602946.562000
603146.544000
603346.528000
603546.509000
603746.491000
603946.475000
604146.456000
604346.438000
604546.421000
604746.403000
604946.385000
605146.368000
605346.350000
605546.332000
605946.296000
606146.279000
606346.261000
606546.243000
606746.226000
606946.208000
607146.190000
607346.174000
607546.155000
607746.137000
607946.121000
608146.102000
608346.084000
608546.068000
608746.048000
608946.031000
609146.015000
609345.995000
609545.978000
609745.962000
609945.942000
610145.925000
610345.908000
610545.889000
610745.871000
614145.570000
614345.555000
614545.535000
614745.517000
614945.502000
615145.482000
615345.464000
615545.449000
615745.429000
615945.411000
616145.396000
616345.376000
616545.358000
616745.342000
616945.323000
617145.305000
617345.288000
617545.269000
617745.252000
617945.234000
618145.216000
618345.199000
618545.181000
618745.163000
618945.145000
619145.128000
619345.110000
619545.094000
619745.075000
619945.057000
620145.042000
620345.021000
620545.004000
620744.989000
620944.968000
621144.951000
621344.935000
621544.915000
621744.897000
621944.882000
622144.862000
622344.844000
622544.829000
622744.809000
622944.791000
623144.775000
623344.756000
623544.738000
623744.722000
623944.703000
624144.685000
624344.668000
624544.650000
624744.632000
624944.615000
625144.597000
625344.579000
625544.561000
625744.543000
625944.526000
626144.508000
626344.490000
626544.474000
626744.455000
626944.437000
627144.422000
627344.402000
627544.384000
627744.369000
627944.349000
628144.331000
628344.315000
628544.296000
628744.278000
628944.262000
629144.243000
629344.225000
629544.208000
629744.189000
629944.171000
630144.156000
630344.136000
630544.118000
630744.102000
630944.083000
631144.065000
631344.048000
631544.030000
631744.012000
631943.995000
632143.977000
632343.960000
632543.941000
632743.924000
632943.908000
633143.889000
633343.870000
633543.855000
633743.836000
633943.817000
634143.802000
634343.782000
634543.764000
634743.750000
634943.729000
635143.711000
635343.696000
635543.676000
635743.658000
635943.642000
636143.623000
636343.605000
642743.039000
642943.022000
643143.003000
643342.985000
643542.968000
643742.950000
643942.932000
644142.915000
644342.897000
644542.879000
644742.862000
644942.844000
645142.828000
645342.808000
645542.791000
645742.775000
645942.755000
646142.738000
646342.722000
646542.702000
646742.685000
646942.669000
647142.649000
647342.632000
647542.616000
647742.596000
647942.578000
648142.562000
648342.543000
648542.525000
648742.509000
648942.490000
649142.472000
649342.455000
649542.437000
649742.419000
649942.402000
650142.384000
650342.366000
650542.349000
650742.331000
650942.314000
651142.296000
651342.278000
651542.262000
651742.243000
651942.225000
652142.209000
652342.189000
652542.172000
652742.156000
652942.136000
653142.118000
653342.103000
653542.083000
653742.065000
653942.049000
654142.030000
654342.012000
654541.995000
654741.977000
654941.959000
655141.942000
655341.924000
655541.906000
655741.889000
655941.871000
656141.853000
656341.835000
656541.818000
656741.802000
656941.782000
657141.764000
657341.747000
657541.729000
657741.711000
657941.696000
658141.676000
658341.658000
658541.643000
658741.623000
658941.605000
659141.590000
659341.570000
659541.552000
659741.537000
659941.517000
660141.499000
660341.483000
660541.464000
660741.446000
660941.429000
