33.327000
66.655000
99.982000
133.309000
166.637000
199.964000
233.291000
266.619000
299.946000
333.273000
366.600000
399.928000
433.255000
466.583000
499.909000
533.238000
566.564000
599.892000
633.218000
666.547000
699.874000
733.202000
766.527000
799.856000
833.182000
866.511000
899.836000
933.165000
966.491000
999.820000
1033.145000
1066.475000
1099.800000
1133.129000
1166.454000
1199.785000
1233.109000
1266.439000
1299.763000
1333.093000
1366.418000
1399.747000
1433.072000
1466.402000
1499.727000
1533.057000
1566.381000
1599.710000
1633.036000
1666.366000
1699.692000
1733.018000
1766.345000
1799.672000
1832.999000
1866.327000
1899.654000
1932.981000
1966.308000
1999.636000
2032.963000
2066.290000
2099.618000
2132.945000
2166.272000
2199.600000
2232.927000
2266.254000
2299.581000
2332.908000
2366.236000
2399.563000
2432.890000
2466.217000
2499.545000
2532.872000
2566.200000
2599.526000
2632.854000
2666.181000
2699.511000
2732.835000
2766.163000
2799.490000
2832.818000
2866.144000
2899.474000
2932.799000
2966.127000
2999.453000
3032.782000
3066.108000
3099.438000
3132.762000
3166.092000
3199.417000
3232.746000
3266.071000
3299.401000
3332.726000
3366.056000
3399.381000
3432.710000
3466.035000
3499.365000
3532.690000
3566.019000
3599.344000
3632.673000
3665.999000
3699.329000
3732.653000
3765.983000
3799.308000
3832.637000
3865.962000
3899.292000
3932.617000
3965.945000
3999.271000
4032.598000
4065.926000
4099.253000
4132.580000
4165.907000
4199.235000
4232.562000
4265.889000
4299.217000
4332.544000
4365.871000
4399.198000
4432.526000
4465.853000
4499.180000
4532.507000
4565.835000
4599.162000
4632.489000
4665.816000
4699.145000
4732.471000
4765.798000
4799.126000
4832.453000
4865.780000
4899.107000
4932.435000
4965.762000
4999.091000
5032.416000
5065.745000
5099.071000
5132.400000
5165.725000
5199.055000
5232.380000
5265.710000
5299.034000
5332.364000
5365.689000
5399.018000
5432.344000
5465.674000
5498.998000
5532.328000
5565.652000
5598.982000
5632.307000
5665.637000
5698.961000
5732.292000
5765.616000
5798.947000
5832.271000
5865.600000
5898.925000
5932.254000
5965.579000
5998.909000
6032.234000
6065.563000
6098.889000
6132.217000
6165.543000
6198.872000
6232.197000
6265.525000
6298.852000
6332.179000
6365.507000
6398.834000
6432.161000
6465.488000
6498.816000
6532.143000
6565.470000
6598.797000
6632.125000
6665.452000
6698.781000
6732.106000
6765.434000
6798.761000
6832.089000
6865.416000
6898.744000
6932.070000
6965.398000
6998.724000
7032.052000
7065.379000
7098.708000
7132.033000
7165.362000
7198.688000
7232.017000
7265.343000
7298.671000
7331.997000
7365.325000
7398.651000
7431.980000
7465.306000
7498.636000
7531.961000
7565.289000
7598.615000
7631.944000
7665.270000
7698.600000
7731.924000
7765.251000
7798.578000
7831.906000
7865.233000
7898.560000
7931.888000
7965.215000
7998.542000
8031.869000
8065.197000
8098.524000
8131.851000
8165.178000
8198.506000
8231.833000
8265.162000
8298.490000
8331.815000
8365.144000
8398.469000
8431.797000
8465.124000
8498.452000
8531.778000
8565.105000
8598.433000
8631.760000
8665.087000
8698.418000
8731.745000
8765.069000
8798.396000
8831.724000
8865.051000
8898.378000
8931.705000
8965.033000
8998.360000
9031.687000
9065.014000
9098.342000
9131.669000
9164.996000
9198.324000
9231.651000
9264.978000
9298.305000
9331.633000
9364.960000
9398.288000
9431.614000
9464.942000
9498.269000
9531.597000
9564.923000
9598.251000
9631.578000
9664.906000
9698.234000
9731.561000
9764.887000
9798.216000
9831.541000
9864.870000
9898.196000
9931.525000
9964.850000
9998.180000
10031.505000
10064.835000
10098.159000
10131.489000
10164.814000
10198.144000
10231.469000
10264.798000
10298.123000
