33.329000
133.308000
233.290000
299.944000
366.599000
433.254000
533.235000
599.889000
666.544000
733.198000
833.180000
899.835000
966.489000
1033.145000
1099.799000
1199.781000
1266.436000
1333.091000
1399.745000
1499.725000
1566.380000
1633.034000
1699.689000
1766.343000
1866.327000
1932.981000
1999.636000
2066.290000
2166.270000
2232.925000
2299.580000
2366.235000
2466.215000
2532.870000
2599.524000
2666.179000
2732.833000
2832.815000
2899.470000
2966.124000
3032.779000
3132.760000
3199.415000
3266.070000
3332.724000
3432.708000
3499.363000
3566.016000
3632.671000
3732.651000
3799.306000
3865.960000
3932.614000
3999.269000
4099.252000
4165.907000
4232.559000
4299.217000
4365.871000
4465.850000
4532.506000
4599.159000
4665.814000
4765.795000
4832.471000
4899.105000
4965.759000
5032.414000
5132.396000
5199.051000
5265.706000
5332.360000
5432.340000
5498.995000
5565.649000
5632.304000
5732.288000
5798.942000
5865.597000
5965.576000
6032.231000
6132.214000
6198.869000
6265.521000
6365.504000
6432.158000
6532.140000
6598.794000
6698.776000
6765.430000
6832.084000
6932.066000
6998.721000
7098.703000
7165.358000
7232.012000
7331.993000
7398.647000
7465.302000
7565.286000
7631.941000
7731.920000
7798.574000
7865.229000
7965.213000
8031.868000
8131.847000
8198.502000
8298.486000
8365.138000
8465.120000
8531.775000
8598.428000
8665.084000
8765.065000
8831.719000
8898.374000
8998.357000
9065.011000
9131.666000
9198.321000
9298.301000
9364.955000
9431.609000
9531.595000
9598.248000
9664.904000
9764.882000
9831.536000
9931.520000
9998.174000
10064.829000
10164.809000
10231.464000
10331.445000
10398.099000
10498.081000
10564.736000
10631.391000
10731.372000
10798.026000
10864.682000
10964.663000
11031.317000
11097.972000
11197.954000
11264.608000
11331.269000
11431.246000
11497.901000
11597.880000
11664.535000
11731.189000
11797.843000
11897.828000
11964.481000
12031.137000
12131.116000
12197.771000
12264.425000
12364.407000
12431.061000
12497.716000
12597.697000
12664.352000
12731.006000
12830.988000
12897.643000
12964.297000
13797.481000
13897.460000
13964.114000
14064.096000
14130.750000
14197.405000
14297.387000
14364.041000
14430.695000
14530.678000
14597.331000
14663.986000
14763.969000
14830.623000
14897.278000
14997.259000
15063.913000
15130.568000
15230.551000
15297.206000
15363.861000
15463.840000
15530.494000
15597.149000
15697.134000
15763.786000
15863.767000
15930.421000
15997.076000
16097.058000
16163.712000
16230.367000
16330.348000
16397.002000
16463.658000
16563.639000
16630.293000
16696.953000
16796.930000
16863.586000
16930.239000
16996.895000
17096.875000
17163.529000
17230.183000
17296.839000
17396.822000
17463.476000
17530.130000
17596.785000
17696.765000
17763.419000
17830.074000
17896.729000
17996.710000
18063.364000
18130.019000
18230.001000
18296.655000
18363.310000
18429.964000
18529.946000
18629.928000
18696.584000
18796.564000
18863.219000
18929.872000
19029.857000
19096.512000
19196.491000
19263.145000
19329.800000
19429.785000
19496.438000
19596.417000
19663.072000
19763.053000
19829.708000
19896.363000
19996.344000
20062.999000
20162.981000
20229.635000
20296.290000
20396.271000
20462.927000
20562.907000
20629.562000
20696.217000
20796.201000
20862.855000
20962.834000
21029.489000
21096.143000
21196.127000
21262.781000
21329.435000
21429.415000
21496.071000
21596.052000
21662.708000
21729.360000
